<?xml version="1.0" encoding="UTF-8"?>
<testsuite name="com.fabiocompany.supermercadosdeltaplus.test.SupermercadosDeltaPlusTest" time="3.906" tests="1" errors="1" skipped="0" failures="0">
  <properties>
    <property name="java.runtime.name" value="OpenJDK Runtime Environment"/>
    <property name="sun.boot.library.path" value="/usr/lib/jvm/java-8-openjdk-amd64/jre/lib/amd64"/>
    <property name="java.vm.version" value="25.131-b11"/>
    <property name="java.vm.vendor" value="Oracle Corporation"/>
    <property name="maven.multiModuleProjectDirectory" value="/home/fabio/Documentos/facu/ingweb3/repoingweb3personal/supermercadosdeltaplus"/>
    <property name="java.vendor.url" value="http://java.oracle.com/"/>
    <property name="path.separator" value=":"/>
    <property name="guice.disable.misplaced.annotation.check" value="true"/>
    <property name="java.vm.name" value="OpenJDK 64-Bit Server VM"/>
    <property name="file.encoding.pkg" value="sun.io"/>
    <property name="user.country" value="AR"/>
    <property name="sun.java.launcher" value="SUN_STANDARD"/>
    <property name="sun.os.patch.level" value="unknown"/>
    <property name="java.vm.specification.name" value="Java Virtual Machine Specification"/>
    <property name="user.dir" value="/home/fabio/Documentos/facu/ingweb3/repoingweb3personal/supermercadosdeltaplus"/>
    <property name="java.runtime.version" value="1.8.0_131-8u131-b11-2ubuntu1.16.04.3-b11"/>
    <property name="java.awt.graphicsenv" value="sun.awt.X11GraphicsEnvironment"/>
    <property name="java.endorsed.dirs" value="/usr/lib/jvm/java-8-openjdk-amd64/jre/lib/endorsed"/>
    <property name="os.arch" value="amd64"/>
    <property name="java.io.tmpdir" value="/tmp"/>
    <property name="line.separator" value="&#10;"/>
    <property name="java.vm.specification.vendor" value="Oracle Corporation"/>
    <property name="os.name" value="Linux"/>
    <property name="classworlds.conf" value="/usr/share/maven/bin/m2.conf"/>
    <property name="sun.jnu.encoding" value="UTF-8"/>
    <property name="java.library.path" value="/usr/java/packages/lib/amd64:/usr/lib/x86_64-linux-gnu/jni:/lib/x86_64-linux-gnu:/usr/lib/x86_64-linux-gnu:/usr/lib/jni:/lib:/usr/lib"/>
    <property name="java.specification.name" value="Java Platform API Specification"/>
    <property name="java.class.version" value="52.0"/>
    <property name="sun.management.compiler" value="HotSpot 64-Bit Tiered Compilers"/>
    <property name="os.version" value="4.4.0-96-generic"/>
    <property name="user.home" value="/home/fabio"/>
    <property name="user.timezone" value="America/Argentina/Cordoba"/>
    <property name="java.awt.printerjob" value="sun.print.PSPrinterJob"/>
    <property name="file.encoding" value="UTF-8"/>
    <property name="java.specification.version" value="1.8"/>
    <property name="user.name" value="fabio"/>
    <property name="java.class.path" value="/usr/share/maven/boot/plexus-classworlds-2.x.jar"/>
    <property name="org.slf4j.simpleLogger.defaultLogLevel" value="debug"/>
    <property name="java.vm.specification.version" value="1.8"/>
    <property name="sun.arch.data.model" value="64"/>
    <property name="java.home" value="/usr/lib/jvm/java-8-openjdk-amd64/jre"/>
    <property name="sun.java.command" value="org.codehaus.plexus.classworlds.launcher.Launcher clean package -Dbuild=jar -X"/>
    <property name="java.specification.vendor" value="Oracle Corporation"/>
    <property name="user.language" value="es"/>
    <property name="build" value="jar"/>
    <property name="awt.toolkit" value="sun.awt.X11.XToolkit"/>
    <property name="java.vm.info" value="mixed mode"/>
    <property name="java.version" value="1.8.0_131"/>
    <property name="java.ext.dirs" value="/usr/lib/jvm/java-8-openjdk-amd64/jre/lib/ext:/usr/java/packages/lib/ext"/>
    <property name="securerandom.source" value="file:/dev/./urandom"/>
    <property name="sun.boot.class.path" value="/usr/lib/jvm/java-8-openjdk-amd64/jre/lib/resources.jar:/usr/lib/jvm/java-8-openjdk-amd64/jre/lib/rt.jar:/usr/lib/jvm/java-8-openjdk-amd64/jre/lib/sunrsasign.jar:/usr/lib/jvm/java-8-openjdk-amd64/jre/lib/jsse.jar:/usr/lib/jvm/java-8-openjdk-amd64/jre/lib/jce.jar:/usr/lib/jvm/java-8-openjdk-amd64/jre/lib/charsets.jar:/usr/lib/jvm/java-8-openjdk-amd64/jre/lib/jfr.jar:/usr/lib/jvm/java-8-openjdk-amd64/jre/classes"/>
    <property name="java.vendor" value="Oracle Corporation"/>
    <property name="maven.home" value="/usr/share/maven"/>
    <property name="file.separator" value="/"/>
    <property name="java.vendor.url.bug" value="http://bugreport.sun.com/bugreport/"/>
    <property name="sun.cpu.endian" value="little"/>
    <property name="sun.io.unicode.encoding" value="UnicodeLittle"/>
    <property name="sun.desktop" value="gnome"/>
    <property name="sun.cpu.isalist" value=""/>
  </properties>
  <testcase name="guardarUsuario" classname="com.fabiocompany.supermercadosdeltaplus.test.SupermercadosDeltaPlusTest" time="3.906">
    <error message="object references an unsaved transient instance - save the transient instance before flushing: com.fabiocompany.supermercadosdeltaplus.model.Tipodepago" type="com.fabiocompany.supermercadosdeltaplus.service.exception.ServiceException">com.fabiocompany.supermercadosdeltaplus.service.exception.ServiceException: object references an unsaved transient instance - save the transient instance before flushing: com.fabiocompany.supermercadosdeltaplus.model.Tipodepago
	at org.hibernate.engine.internal.ForeignKeys.getEntityIdentifierIfNotUnsaved(ForeignKeys.java:294)
	at org.hibernate.type.EntityType.getIdentifier(EntityType.java:537)
	at org.hibernate.type.ManyToOneType.isDirty(ManyToOneType.java:311)
	at org.hibernate.type.ManyToOneType.isDirty(ManyToOneType.java:321)
	at org.hibernate.type.TypeHelper.findDirty(TypeHelper.java:310)
	at org.hibernate.persister.entity.AbstractEntityPersister.findDirty(AbstractEntityPersister.java:4243)
	at org.hibernate.event.internal.DefaultFlushEntityEventListener.dirtyCheck(DefaultFlushEntityEventListener.java:546)
	at org.hibernate.event.internal.DefaultFlushEntityEventListener.isUpdateNecessary(DefaultFlushEntityEventListener.java:232)
	at org.hibernate.event.internal.DefaultFlushEntityEventListener.onFlushEntity(DefaultFlushEntityEventListener.java:159)
	at org.hibernate.event.internal.AbstractFlushingEventListener.flushEntities(AbstractFlushingEventListener.java:231)
	at org.hibernate.event.internal.AbstractFlushingEventListener.flushEverythingToExecutions(AbstractFlushingEventListener.java:102)
	at org.hibernate.event.internal.DefaultFlushEventListener.onFlush(DefaultFlushEventListener.java:55)
	at org.hibernate.internal.SessionImpl.flush(SessionImpl.java:1258)
	at org.hibernate.internal.SessionImpl.managedFlush(SessionImpl.java:425)
	at org.hibernate.engine.transaction.internal.jdbc.JdbcTransaction.beforeTransactionCommit(JdbcTransaction.java:101)
	at org.hibernate.engine.transaction.spi.AbstractTransactionImpl.commit(AbstractTransactionImpl.java:177)
	at com.fabiocompany.supermercadosdeltaplus.persistence.dao.hibernate.GenericDAO.saveOrUpdate(GenericDAO.java:159)
	at com.fabiocompany.supermercadosdeltaplus.service.impl.GenericService.saveOrUpdate(GenericService.java:74)
	at com.fabiocompany.supermercadosdeltaplus.test.SupermercadosDeltaPlusTest.guardarUsuario(SupermercadosDeltaPlusTest.java:136)
</error>
    <system-out><![CDATA[16:53:28.848 [main] DEBUG org.jboss.logging - Logging Provider: org.jboss.logging.Slf4jLoggerProvider
16:53:28.889 [main] DEBUG org.hibernate.type.BasicTypeRegistry - Adding type registration boolean -> org.hibernate.type.BooleanType@a67c67e
16:53:28.890 [main] DEBUG org.hibernate.type.BasicTypeRegistry - Adding type registration boolean -> org.hibernate.type.BooleanType@a67c67e
16:53:28.890 [main] DEBUG org.hibernate.type.BasicTypeRegistry - Adding type registration java.lang.Boolean -> org.hibernate.type.BooleanType@a67c67e
16:53:28.893 [main] DEBUG org.hibernate.type.BasicTypeRegistry - Adding type registration numeric_boolean -> org.hibernate.type.NumericBooleanType@5ce81285
16:53:28.895 [main] DEBUG org.hibernate.type.BasicTypeRegistry - Adding type registration true_false -> org.hibernate.type.TrueFalseType@20398b7c
16:53:28.896 [main] DEBUG org.hibernate.type.BasicTypeRegistry - Adding type registration yes_no -> org.hibernate.type.YesNoType@3632be31
16:53:28.898 [main] DEBUG org.hibernate.type.BasicTypeRegistry - Adding type registration byte -> org.hibernate.type.ByteType@370736d9
16:53:28.898 [main] DEBUG org.hibernate.type.BasicTypeRegistry - Adding type registration byte -> org.hibernate.type.ByteType@370736d9
16:53:28.898 [main] DEBUG org.hibernate.type.BasicTypeRegistry - Adding type registration java.lang.Byte -> org.hibernate.type.ByteType@370736d9
16:53:28.900 [main] DEBUG org.hibernate.type.BasicTypeRegistry - Adding type registration character -> org.hibernate.type.CharacterType@18eed359
16:53:28.900 [main] DEBUG org.hibernate.type.BasicTypeRegistry - Adding type registration char -> org.hibernate.type.CharacterType@18eed359
16:53:28.900 [main] DEBUG org.hibernate.type.BasicTypeRegistry - Adding type registration java.lang.Character -> org.hibernate.type.CharacterType@18eed359
16:53:28.903 [main] DEBUG org.hibernate.type.BasicTypeRegistry - Adding type registration short -> org.hibernate.type.ShortType@eec5a4a
16:53:28.903 [main] DEBUG org.hibernate.type.BasicTypeRegistry - Adding type registration short -> org.hibernate.type.ShortType@eec5a4a
16:53:28.904 [main] DEBUG org.hibernate.type.BasicTypeRegistry - Adding type registration java.lang.Short -> org.hibernate.type.ShortType@eec5a4a
16:53:28.906 [main] DEBUG org.hibernate.type.BasicTypeRegistry - Adding type registration integer -> org.hibernate.type.IntegerType@731a74c
16:53:28.906 [main] DEBUG org.hibernate.type.BasicTypeRegistry - Adding type registration int -> org.hibernate.type.IntegerType@731a74c
16:53:28.906 [main] DEBUG org.hibernate.type.BasicTypeRegistry - Adding type registration java.lang.Integer -> org.hibernate.type.IntegerType@731a74c
16:53:28.908 [main] DEBUG org.hibernate.type.BasicTypeRegistry - Adding type registration long -> org.hibernate.type.LongType@67b92f0a
16:53:28.908 [main] DEBUG org.hibernate.type.BasicTypeRegistry - Adding type registration long -> org.hibernate.type.LongType@67b92f0a
16:53:28.908 [main] DEBUG org.hibernate.type.BasicTypeRegistry - Adding type registration java.lang.Long -> org.hibernate.type.LongType@67b92f0a
16:53:28.911 [main] DEBUG org.hibernate.type.BasicTypeRegistry - Adding type registration float -> org.hibernate.type.FloatType@5bc79255
16:53:28.911 [main] DEBUG org.hibernate.type.BasicTypeRegistry - Adding type registration float -> org.hibernate.type.FloatType@5bc79255
16:53:28.911 [main] DEBUG org.hibernate.type.BasicTypeRegistry - Adding type registration java.lang.Float -> org.hibernate.type.FloatType@5bc79255
16:53:28.915 [main] DEBUG org.hibernate.type.BasicTypeRegistry - Adding type registration double -> org.hibernate.type.DoubleType@3701eaf6
16:53:28.915 [main] DEBUG org.hibernate.type.BasicTypeRegistry - Adding type registration double -> org.hibernate.type.DoubleType@3701eaf6
16:53:28.915 [main] DEBUG org.hibernate.type.BasicTypeRegistry - Adding type registration java.lang.Double -> org.hibernate.type.DoubleType@3701eaf6
16:53:28.918 [main] DEBUG org.hibernate.type.BasicTypeRegistry - Adding type registration big_decimal -> org.hibernate.type.BigDecimalType@6e6c3152
16:53:28.918 [main] DEBUG org.hibernate.type.BasicTypeRegistry - Adding type registration java.math.BigDecimal -> org.hibernate.type.BigDecimalType@6e6c3152
16:53:28.920 [main] DEBUG org.hibernate.type.BasicTypeRegistry - Adding type registration big_integer -> org.hibernate.type.BigIntegerType@cd2dae5
16:53:28.920 [main] DEBUG org.hibernate.type.BasicTypeRegistry - Adding type registration java.math.BigInteger -> org.hibernate.type.BigIntegerType@cd2dae5
16:53:28.921 [main] DEBUG org.hibernate.type.BasicTypeRegistry - Adding type registration string -> org.hibernate.type.StringType@57855c9a
16:53:28.921 [main] DEBUG org.hibernate.type.BasicTypeRegistry - Adding type registration java.lang.String -> org.hibernate.type.StringType@57855c9a
16:53:28.922 [main] DEBUG org.hibernate.type.BasicTypeRegistry - Adding type registration nstring -> org.hibernate.type.StringNVarcharType@6737fd8f
16:53:28.923 [main] DEBUG org.hibernate.type.BasicTypeRegistry - Adding type registration ncharacter -> org.hibernate.type.CharacterNCharType@7494e528
16:53:28.924 [main] DEBUG org.hibernate.type.BasicTypeRegistry - Adding type registration url -> org.hibernate.type.UrlType@5e853265
16:53:28.924 [main] DEBUG org.hibernate.type.BasicTypeRegistry - Adding type registration java.net.URL -> org.hibernate.type.UrlType@5e853265
16:53:28.926 [main] DEBUG org.hibernate.type.BasicTypeRegistry - Adding type registration date -> org.hibernate.type.DateType@694e1548
16:53:28.927 [main] DEBUG org.hibernate.type.BasicTypeRegistry - Adding type registration java.sql.Date -> org.hibernate.type.DateType@694e1548
16:53:28.928 [main] DEBUG org.hibernate.type.BasicTypeRegistry - Adding type registration time -> org.hibernate.type.TimeType@7f13d6e
16:53:28.929 [main] DEBUG org.hibernate.type.BasicTypeRegistry - Adding type registration java.sql.Time -> org.hibernate.type.TimeType@7f13d6e
16:53:28.931 [main] DEBUG org.hibernate.type.BasicTypeRegistry - Adding type registration timestamp -> org.hibernate.type.TimestampType@10bbd20a
16:53:28.931 [main] DEBUG org.hibernate.type.BasicTypeRegistry - Adding type registration java.sql.Timestamp -> org.hibernate.type.TimestampType@10bbd20a
16:53:28.931 [main] DEBUG org.hibernate.type.BasicTypeRegistry - Adding type registration java.util.Date -> org.hibernate.type.TimestampType@10bbd20a
16:53:28.933 [main] DEBUG org.hibernate.type.BasicTypeRegistry - Adding type registration dbtimestamp -> org.hibernate.type.DbTimestampType@184f6be2
16:53:28.935 [main] DEBUG org.hibernate.type.BasicTypeRegistry - Adding type registration calendar -> org.hibernate.type.CalendarType@27a5f880
16:53:28.935 [main] DEBUG org.hibernate.type.BasicTypeRegistry - Adding type registration java.util.Calendar -> org.hibernate.type.CalendarType@27a5f880
16:53:28.936 [main] DEBUG org.hibernate.type.BasicTypeRegistry - Adding type registration java.util.GregorianCalendar -> org.hibernate.type.CalendarType@27a5f880
16:53:28.937 [main] DEBUG org.hibernate.type.BasicTypeRegistry - Adding type registration calendar_date -> org.hibernate.type.CalendarDateType@167fdd33
16:53:28.939 [main] DEBUG org.hibernate.type.BasicTypeRegistry - Adding type registration locale -> org.hibernate.type.LocaleType@74650e52
16:53:28.939 [main] DEBUG org.hibernate.type.BasicTypeRegistry - Adding type registration java.util.Locale -> org.hibernate.type.LocaleType@74650e52
16:53:28.941 [main] DEBUG org.hibernate.type.BasicTypeRegistry - Adding type registration currency -> org.hibernate.type.CurrencyType@3712b94
16:53:28.941 [main] DEBUG org.hibernate.type.BasicTypeRegistry - Adding type registration java.util.Currency -> org.hibernate.type.CurrencyType@3712b94
16:53:28.943 [main] DEBUG org.hibernate.type.BasicTypeRegistry - Adding type registration timezone -> org.hibernate.type.TimeZoneType@646d64ab
16:53:28.943 [main] DEBUG org.hibernate.type.BasicTypeRegistry - Adding type registration java.util.TimeZone -> org.hibernate.type.TimeZoneType@646d64ab
16:53:28.944 [main] DEBUG org.hibernate.type.BasicTypeRegistry - Adding type registration class -> org.hibernate.type.ClassType@76f2b07d
16:53:28.945 [main] DEBUG org.hibernate.type.BasicTypeRegistry - Adding type registration java.lang.Class -> org.hibernate.type.ClassType@76f2b07d
16:53:28.948 [main] DEBUG org.hibernate.type.BasicTypeRegistry - Adding type registration uuid-binary -> org.hibernate.type.UUIDBinaryType@11438d26
16:53:28.948 [main] DEBUG org.hibernate.type.BasicTypeRegistry - Adding type registration java.util.UUID -> org.hibernate.type.UUIDBinaryType@11438d26
16:53:28.950 [main] DEBUG org.hibernate.type.BasicTypeRegistry - Adding type registration uuid-char -> org.hibernate.type.UUIDCharType@5faeada1
16:53:28.952 [main] DEBUG org.hibernate.type.BasicTypeRegistry - Adding type registration pg-uuid -> org.hibernate.type.PostgresUUIDType@30a3107a
16:53:28.953 [main] DEBUG org.hibernate.type.BasicTypeRegistry - Adding type registration binary -> org.hibernate.type.BinaryType@17d677df
16:53:28.954 [main] DEBUG org.hibernate.type.BasicTypeRegistry - Adding type registration byte[] -> org.hibernate.type.BinaryType@17d677df
16:53:28.954 [main] DEBUG org.hibernate.type.BasicTypeRegistry - Adding type registration [B -> org.hibernate.type.BinaryType@17d677df
16:53:28.956 [main] DEBUG org.hibernate.type.BasicTypeRegistry - Adding type registration wrapper-binary -> org.hibernate.type.WrapperBinaryType@4b553d26
16:53:28.956 [main] DEBUG org.hibernate.type.BasicTypeRegistry - Adding type registration Byte[] -> org.hibernate.type.WrapperBinaryType@4b553d26
16:53:28.957 [main] DEBUG org.hibernate.type.BasicTypeRegistry - Adding type registration [Ljava.lang.Byte; -> org.hibernate.type.WrapperBinaryType@4b553d26
16:53:28.958 [main] DEBUG org.hibernate.type.BasicTypeRegistry - Adding type registration image -> org.hibernate.type.ImageType@7d70d1b1
16:53:28.961 [main] DEBUG org.hibernate.type.BasicTypeRegistry - Adding type registration characters -> org.hibernate.type.CharArrayType@7e2d773b
16:53:28.961 [main] DEBUG org.hibernate.type.BasicTypeRegistry - Adding type registration char[] -> org.hibernate.type.CharArrayType@7e2d773b
16:53:28.961 [main] DEBUG org.hibernate.type.BasicTypeRegistry - Adding type registration [C -> org.hibernate.type.CharArrayType@7e2d773b
16:53:28.964 [main] DEBUG org.hibernate.type.BasicTypeRegistry - Adding type registration wrapper-characters -> org.hibernate.type.CharacterArrayType@1a8a8f7c
16:53:28.964 [main] DEBUG org.hibernate.type.BasicTypeRegistry - Adding type registration [Ljava.lang.Character; -> org.hibernate.type.CharacterArrayType@1a8a8f7c
16:53:28.964 [main] DEBUG org.hibernate.type.BasicTypeRegistry - Adding type registration Character[] -> org.hibernate.type.CharacterArrayType@1a8a8f7c
16:53:28.966 [main] DEBUG org.hibernate.type.BasicTypeRegistry - Adding type registration text -> org.hibernate.type.TextType@3234e239
16:53:28.967 [main] DEBUG org.hibernate.type.BasicTypeRegistry - Adding type registration ntext -> org.hibernate.type.NTextType@37d31475
16:53:28.972 [main] DEBUG org.hibernate.type.BasicTypeRegistry - Adding type registration blob -> org.hibernate.type.BlobType@cb51256
16:53:28.972 [main] DEBUG org.hibernate.type.BasicTypeRegistry - Adding type registration java.sql.Blob -> org.hibernate.type.BlobType@cb51256
16:53:28.973 [main] DEBUG org.hibernate.type.BasicTypeRegistry - Adding type registration materialized_blob -> org.hibernate.type.MaterializedBlobType@25af5db5
16:53:28.978 [main] DEBUG org.hibernate.type.BasicTypeRegistry - Adding type registration clob -> org.hibernate.type.ClobType@ed9d034
16:53:28.978 [main] DEBUG org.hibernate.type.BasicTypeRegistry - Adding type registration java.sql.Clob -> org.hibernate.type.ClobType@ed9d034
16:53:28.983 [main] DEBUG org.hibernate.type.BasicTypeRegistry - Adding type registration nclob -> org.hibernate.type.NClobType@2db7a79b
16:53:28.983 [main] DEBUG org.hibernate.type.BasicTypeRegistry - Adding type registration java.sql.NClob -> org.hibernate.type.NClobType@2db7a79b
16:53:28.984 [main] DEBUG org.hibernate.type.BasicTypeRegistry - Adding type registration materialized_clob -> org.hibernate.type.MaterializedClobType@42eca56e
16:53:28.985 [main] DEBUG org.hibernate.type.BasicTypeRegistry - Adding type registration materialized_nclob -> org.hibernate.type.MaterializedNClobType@192d3247
16:53:28.986 [main] DEBUG org.hibernate.type.BasicTypeRegistry - Adding type registration serializable -> org.hibernate.type.SerializableType@553a3d88
16:53:28.989 [main] DEBUG org.hibernate.type.BasicTypeRegistry - Adding type registration object -> org.hibernate.type.ObjectType@51c8530f
16:53:28.989 [main] DEBUG org.hibernate.type.BasicTypeRegistry - Adding type registration java.lang.Object -> org.hibernate.type.ObjectType@51c8530f
16:53:28.990 [main] DEBUG org.hibernate.type.BasicTypeRegistry - Adding type registration imm_date -> org.hibernate.type.AdaptedImmutableType@c81cdd1
16:53:28.990 [main] DEBUG org.hibernate.type.BasicTypeRegistry - Adding type registration imm_time -> org.hibernate.type.AdaptedImmutableType@1fc2b765
16:53:28.990 [main] DEBUG org.hibernate.type.BasicTypeRegistry - Adding type registration imm_timestamp -> org.hibernate.type.AdaptedImmutableType@75881071
16:53:28.990 [main] DEBUG org.hibernate.type.BasicTypeRegistry - Adding type registration imm_dbtimestamp -> org.hibernate.type.AdaptedImmutableType@2a70a3d8
16:53:28.991 [main] DEBUG org.hibernate.type.BasicTypeRegistry - Adding type registration imm_calendar -> org.hibernate.type.AdaptedImmutableType@289d1c02
16:53:28.991 [main] DEBUG org.hibernate.type.BasicTypeRegistry - Adding type registration imm_calendar_date -> org.hibernate.type.AdaptedImmutableType@22eeefeb
16:53:28.991 [main] DEBUG org.hibernate.type.BasicTypeRegistry - Adding type registration imm_binary -> org.hibernate.type.AdaptedImmutableType@17d0685f
16:53:28.992 [main] DEBUG org.hibernate.type.BasicTypeRegistry - Adding type registration imm_serializable -> org.hibernate.type.AdaptedImmutableType@3891771e
16:53:29.015 [main] INFO  o.h.annotations.common.Version - HCANN000001: Hibernate Commons Annotations {4.0.4.Final}
16:53:29.025 [main] INFO  org.hibernate.Version - HHH000412: Hibernate Core {4.3.11.Final}
16:53:29.029 [main] INFO  org.hibernate.cfg.Environment - HHH000206: hibernate.properties not found
16:53:29.032 [main] INFO  org.hibernate.cfg.Environment - HHH000021: Bytecode provider name : javassist
16:53:29.048 [main] DEBUG o.h.i.f.i.DefaultIdentifierGeneratorFactory - Registering IdentifierGenerator strategy [uuid2] -> [org.hibernate.id.UUIDGenerator]
16:53:29.050 [main] DEBUG o.h.i.f.i.DefaultIdentifierGeneratorFactory - Registering IdentifierGenerator strategy [guid] -> [org.hibernate.id.GUIDGenerator]
16:53:29.051 [main] DEBUG o.h.i.f.i.DefaultIdentifierGeneratorFactory - Registering IdentifierGenerator strategy [uuid] -> [org.hibernate.id.UUIDHexGenerator]
16:53:29.052 [main] DEBUG o.h.i.f.i.DefaultIdentifierGeneratorFactory - Registering IdentifierGenerator strategy [uuid.hex] -> [org.hibernate.id.UUIDHexGenerator]
16:53:29.054 [main] DEBUG o.h.i.f.i.DefaultIdentifierGeneratorFactory - Registering IdentifierGenerator strategy [hilo] -> [org.hibernate.id.TableHiLoGenerator]
16:53:29.055 [main] DEBUG o.h.i.f.i.DefaultIdentifierGeneratorFactory - Registering IdentifierGenerator strategy [assigned] -> [org.hibernate.id.Assigned]
16:53:29.057 [main] DEBUG o.h.i.f.i.DefaultIdentifierGeneratorFactory - Registering IdentifierGenerator strategy [identity] -> [org.hibernate.id.IdentityGenerator]
16:53:29.058 [main] DEBUG o.h.i.f.i.DefaultIdentifierGeneratorFactory - Registering IdentifierGenerator strategy [select] -> [org.hibernate.id.SelectGenerator]
16:53:29.059 [main] DEBUG o.h.i.f.i.DefaultIdentifierGeneratorFactory - Registering IdentifierGenerator strategy [sequence] -> [org.hibernate.id.SequenceGenerator]
16:53:29.060 [main] DEBUG o.h.i.f.i.DefaultIdentifierGeneratorFactory - Registering IdentifierGenerator strategy [seqhilo] -> [org.hibernate.id.SequenceHiLoGenerator]
16:53:29.061 [main] DEBUG o.h.i.f.i.DefaultIdentifierGeneratorFactory - Registering IdentifierGenerator strategy [increment] -> [org.hibernate.id.IncrementGenerator]
16:53:29.061 [main] DEBUG o.h.i.f.i.DefaultIdentifierGeneratorFactory - Registering IdentifierGenerator strategy [foreign] -> [org.hibernate.id.ForeignGenerator]
16:53:29.062 [main] DEBUG o.h.i.f.i.DefaultIdentifierGeneratorFactory - Registering IdentifierGenerator strategy [sequence-identity] -> [org.hibernate.id.SequenceIdentityGenerator]
16:53:29.063 [main] DEBUG o.h.i.f.i.DefaultIdentifierGeneratorFactory - Registering IdentifierGenerator strategy [enhanced-sequence] -> [org.hibernate.id.enhanced.SequenceStyleGenerator]
16:53:29.064 [main] DEBUG o.h.i.f.i.DefaultIdentifierGeneratorFactory - Registering IdentifierGenerator strategy [enhanced-table] -> [org.hibernate.id.enhanced.TableGenerator]
16:53:29.069 [main] INFO  org.hibernate.cfg.Configuration - HHH000043: Configuring from resource: /hibernate.cfg.xml
16:53:29.069 [main] INFO  org.hibernate.cfg.Configuration - HHH000040: Configuration resource: /hibernate.cfg.xml
16:53:29.119 [main] DEBUG o.h.i.util.xml.DTDEntityResolver - Trying to resolve system-id [http://hibernate.sourceforge.net/hibernate-configuration-3.0.dtd]
16:53:29.119 [main] WARN  o.h.i.util.xml.DTDEntityResolver - HHH000223: Recognized obsolete hibernate namespace http://hibernate.sourceforge.net/. Use namespace http://www.hibernate.org/dtd/ instead. Refer to Hibernate 3.6 Migration Guide!
16:53:29.119 [main] DEBUG o.h.i.util.xml.DTDEntityResolver - Attempting to resolve on classpath under org/hibernate/
16:53:29.120 [main] DEBUG o.h.i.util.xml.DTDEntityResolver - Located [http://hibernate.sourceforge.net/hibernate-configuration-3.0.dtd] in classpath
16:53:29.145 [main] DEBUG org.hibernate.cfg.Configuration - hibernate.dialect=org.hibernate.dialect.MySQLDialect
16:53:29.145 [main] DEBUG org.hibernate.cfg.Configuration - hibernate.connection.driver_class=com.mysql.jdbc.Driver
16:53:29.145 [main] DEBUG org.hibernate.cfg.Configuration - hibernate.connection.url=jdbc:mysql://localhost:3306/supermercadosdeltaplus
16:53:29.146 [main] DEBUG org.hibernate.cfg.Configuration - hibernate.connection.username=root
16:53:29.146 [main] DEBUG org.hibernate.cfg.Configuration - hibernate.connection.password=root
16:53:29.146 [main] DEBUG org.hibernate.cfg.Configuration - hibernate.current_session_context_class=thread
16:53:29.146 [main] DEBUG org.hibernate.cfg.Configuration - hibernate.c3p0.timeout=3600
16:53:29.146 [main] DEBUG org.hibernate.cfg.Configuration - hibernate.c3p0.maxIdleTime=3600
16:53:29.147 [main] DEBUG org.hibernate.cfg.Configuration - hibernate.c3p0.acquire_increment=3
16:53:29.147 [main] DEBUG org.hibernate.cfg.Configuration - hibernate.c3p0.idle_test_period=10
16:53:29.147 [main] DEBUG org.hibernate.cfg.Configuration - hibernate.c3p0.min_size=5
16:53:29.147 [main] DEBUG org.hibernate.cfg.Configuration - hibernate.c3p0.max_size=75
16:53:29.147 [main] DEBUG org.hibernate.cfg.Configuration - hibernate.c3p0.max_statements=10
16:53:29.148 [main] DEBUG org.hibernate.cfg.Configuration - hibernate.c3p0.preferredTestQuery=select 1
16:53:29.148 [main] DEBUG org.hibernate.cfg.Configuration - hibernate.c3p0.testConnectionOnCheckout=true
16:53:29.148 [main] DEBUG org.hibernate.cfg.Configuration - show_sql=true
16:53:29.148 [main] DEBUG org.hibernate.cfg.Configuration - format_sql=true
16:53:29.149 [main] DEBUG org.hibernate.cfg.Configuration - hbm2ddl.auto=update
16:53:29.149 [main] DEBUG org.hibernate.cfg.Configuration - Session-factory config [null] named class [com.fabiocompany.supermercadosdeltaplus.model.Cabeceraticket] for mapping
16:53:29.161 [main] DEBUG org.hibernate.cfg.Configuration - Session-factory config [null] named class [com.fabiocompany.supermercadosdeltaplus.model.Detalleoferta] for mapping
16:53:29.162 [main] DEBUG org.hibernate.cfg.Configuration - Session-factory config [null] named class [com.fabiocompany.supermercadosdeltaplus.model.Detalleticket] for mapping
16:53:29.163 [main] DEBUG org.hibernate.cfg.Configuration - Session-factory config [null] named class [com.fabiocompany.supermercadosdeltaplus.model.Personausuario] for mapping
16:53:29.163 [main] DEBUG org.hibernate.cfg.Configuration - Session-factory config [null] named class [com.fabiocompany.supermercadosdeltaplus.model.Producto] for mapping
16:53:29.164 [main] DEBUG org.hibernate.cfg.Configuration - Session-factory config [null] named class [com.fabiocompany.supermercadosdeltaplus.model.Tarjeta] for mapping
16:53:29.164 [main] DEBUG org.hibernate.cfg.Configuration - Session-factory config [null] named class [com.fabiocompany.supermercadosdeltaplus.model.Tipodepago] for mapping
16:53:29.165 [main] DEBUG org.hibernate.cfg.Configuration - Session-factory config [null] named class [com.fabiocompany.supermercadosdeltaplus.model.Usuario] for mapping
16:53:29.166 [main] INFO  org.hibernate.cfg.Configuration - HHH000041: Configured SessionFactory: null
16:53:29.166 [main] DEBUG org.hibernate.cfg.Configuration - Properties: {show_sql=true, java.vendor=Oracle Corporation, localRepository=/home/fabio/.m2/repository, sun.java.launcher=SUN_STANDARD, hibernate.connection.url=jdbc:mysql://localhost:3306/supermercadosdeltaplus, sun.management.compiler=HotSpot 64-Bit Tiered Compilers, hbm2ddl.auto=update, os.name=Linux, sun.boot.class.path=/usr/lib/jvm/java-8-openjdk-amd64/jre/lib/resources.jar:/usr/lib/jvm/java-8-openjdk-amd64/jre/lib/rt.jar:/usr/lib/jvm/java-8-openjdk-amd64/jre/lib/sunrsasign.jar:/usr/lib/jvm/java-8-openjdk-amd64/jre/lib/jsse.jar:/usr/lib/jvm/java-8-openjdk-amd64/jre/lib/jce.jar:/usr/lib/jvm/java-8-openjdk-amd64/jre/lib/charsets.jar:/usr/lib/jvm/java-8-openjdk-amd64/jre/lib/jfr.jar:/usr/lib/jvm/java-8-openjdk-amd64/jre/classes, hibernate.current_session_context_class=thread, sun.desktop=gnome, hibernate.c3p0.max_size=75, java.vm.specification.vendor=Oracle Corporation, java.runtime.version=1.8.0_131-8u131-b11-2ubuntu1.16.04.3-b11, hibernate.c3p0.min_size=5, user.name=fabio, hibernate.c3p0.timeout=3600, user.language=es, build=jar, sun.boot.library.path=/usr/lib/jvm/java-8-openjdk-amd64/jre/lib/amd64, hibernate.c3p0.preferredTestQuery=select 1, java.version=1.8.0_131, user.timezone=America/Argentina/Cordoba, sun.arch.data.model=64, java.endorsed.dirs=/usr/lib/jvm/java-8-openjdk-amd64/jre/lib/endorsed, sun.cpu.isalist=, sun.jnu.encoding=UTF-8, file.encoding.pkg=sun.io, file.separator=/, java.specification.name=Java Platform API Specification, hibernate.format_sql=true, java.class.version=52.0, user.country=AR, java.home=/usr/lib/jvm/java-8-openjdk-amd64/jre, java.vm.info=mixed mode, os.version=4.4.0-96-generic, surefire.real.class.path=/home/fabio/Documentos/facu/ingweb3/repoingweb3personal/supermercadosdeltaplusModulo/target/surefire/surefirebooter4002182255390091397.jar, path.separator=:, java.vm.version=25.131-b11, hibernate.connection.password=root, java.awt.printerjob=sun.print.PSPrinterJob, sun.io.unicode.encoding=UnicodeLittle, awt.toolkit=sun.awt.X11.XToolkit, hibernate.connection.username=root, user.home=/home/fabio, java.specification.vendor=Oracle Corporation, hibernate.hbm2ddl.auto=update, java.library.path=/usr/java/packages/lib/amd64:/usr/lib/x86_64-linux-gnu/jni:/lib/x86_64-linux-gnu:/usr/lib/x86_64-linux-gnu:/usr/lib/jni:/lib:/usr/lib, java.vendor.url=http://java.oracle.com/, hibernate.c3p0.maxIdleTime=3600, hibernate.connection.driver_class=com.mysql.jdbc.Driver, java.vm.vendor=Oracle Corporation, hibernate.dialect=org.hibernate.dialect.MySQLDialect, java.runtime.name=OpenJDK Runtime Environment, sun.java.command=/home/fabio/Documentos/facu/ingweb3/repoingweb3personal/supermercadosdeltaplusModulo/target/surefire/surefirebooter4002182255390091397.jar /home/fabio/Documentos/facu/ingweb3/repoingweb3personal/supermercadosdeltaplusModulo/target/surefire/surefire5165423537100081995tmp /home/fabio/Documentos/facu/ingweb3/repoingweb3personal/supermercadosdeltaplusModulo/target/surefire/surefire_08762621422027277100tmp, java.class.path=/home/fabio/Documentos/facu/ingweb3/repoingweb3personal/supermercadosdeltaplusModulo/target/test-classes:/home/fabio/Documentos/facu/ingweb3/repoingweb3personal/supermercadosdeltaplusModulo/target/classes:/home/fabio/.m2/repository/org/hibernate/hibernate-entitymanager/4.3.1.Final/hibernate-entitymanager-4.3.1.Final.jar:/home/fabio/.m2/repository/org/jboss/logging/jboss-logging/3.3.1.Final/jboss-logging-3.3.1.Final.jar:/home/fabio/.m2/repository/org/jboss/logging/jboss-logging-annotations/1.2.0.Beta1/jboss-logging-annotations-1.2.0.Beta1.jar:/home/fabio/.m2/repository/dom4j/dom4j/1.6.1/dom4j-1.6.1.jar:/home/fabio/.m2/repository/org/hibernate/common/hibernate-commons-annotations/4.0.4.Final/hibernate-commons-annotations-4.0.4.Final.jar:/home/fabio/.m2/repository/org/jboss/spec/javax/transaction/jboss-transaction-api_1.2_spec/1.0.0.Final/jboss-transaction-api_1.2_spec-1.0.0.Final.jar:/home/fabio/.m2/repository/org/javassist/javassist/3.21.0-GA/javassist-3.21.0-GA.jar:/home/fabio/.m2/repository/junit/junit/4.12/junit-4.12.jar:/home/fabio/.m2/repository/org/hamcrest/hamcrest-core/1.3/hamcrest-core-1.3.jar:/home/fabio/.m2/repository/org/hibernate/javax/persistence/hibernate-jpa-2.1-api/1.0.0.Final/hibernate-jpa-2.1-api-1.0.0.Final.jar:/home/fabio/.m2/repository/javax/javaee-web-api/7.0/javaee-web-api-7.0.jar:/home/fabio/.m2/repository/org/springframework/boot/spring-boot-starter-web/1.5.6.RELEASE/spring-boot-starter-web-1.5.6.RELEASE.jar:/home/fabio/.m2/repository/org/springframework/boot/spring-boot-starter/1.5.6.RELEASE/spring-boot-starter-1.5.6.RELEASE.jar:/home/fabio/.m2/repository/org/springframework/boot/spring-boot/1.5.6.RELEASE/spring-boot-1.5.6.RELEASE.jar:/home/fabio/.m2/repository/org/springframework/boot/spring-boot-autoconfigure/1.5.6.RELEASE/spring-boot-autoconfigure-1.5.6.RELEASE.jar:/home/fabio/.m2/repository/org/springframework/boot/spring-boot-starter-logging/1.5.6.RELEASE/spring-boot-starter-logging-1.5.6.RELEASE.jar:/home/fabio/.m2/repository/org/slf4j/jul-to-slf4j/1.7.25/jul-to-slf4j-1.7.25.jar:/home/fabio/.m2/repository/org/slf4j/log4j-over-slf4j/1.7.25/log4j-over-slf4j-1.7.25.jar:/home/fabio/.m2/repository/org/yaml/snakeyaml/1.17/snakeyaml-1.17.jar:/home/fabio/.m2/repository/org/springframework/boot/spring-boot-starter-tomcat/1.5.6.RELEASE/spring-boot-starter-tomcat-1.5.6.RELEASE.jar:/home/fabio/.m2/repository/org/apache/tomcat/embed/tomcat-embed-core/8.5.16/tomcat-embed-core-8.5.16.jar:/home/fabio/.m2/repository/org/apache/tomcat/embed/tomcat-embed-el/8.5.16/tomcat-embed-el-8.5.16.jar:/home/fabio/.m2/repository/org/apache/tomcat/embed/tomcat-embed-websocket/8.5.16/tomcat-embed-websocket-8.5.16.jar:/home/fabio/.m2/repository/com/fasterxml/jackson/core/jackson-databind/2.8.9/jackson-databind-2.8.9.jar:/home/fabio/.m2/repository/com/fasterxml/jackson/core/jackson-annotations/2.8.0/jackson-annotations-2.8.0.jar:/home/fabio/.m2/repository/com/fasterxml/jackson/core/jackson-core/2.8.9/jackson-core-2.8.9.jar:/home/fabio/.m2/repository/org/springframework/boot/spring-boot-starter-actuator/1.5.6.RELEASE/spring-boot-starter-actuator-1.5.6.RELEASE.jar:/home/fabio/.m2/repository/org/springframework/boot/spring-boot-actuator/1.5.6.RELEASE/spring-boot-actuator-1.5.6.RELEASE.jar:/home/fabio/.m2/repository/org/aspectj/aspectjweaver/1.8.10/aspectjweaver-1.8.10.jar:/home/fabio/.m2/repository/org/springframework/spring-core/4.3.10.RELEASE/spring-core-4.3.10.RELEASE.jar:/home/fabio/.m2/repository/org/springframework/spring-context/4.3.10.RELEASE/spring-context-4.3.10.RELEASE.jar:/home/fabio/.m2/repository/org/springframework/spring-beans/4.3.10.RELEASE/spring-beans-4.3.10.RELEASE.jar:/home/fabio/.m2/repository/org/springframework/spring-expression/4.3.10.RELEASE/spring-expression-4.3.10.RELEASE.jar:/home/fabio/.m2/repository/org/springframework/spring-aspects/4.3.10.RELEASE/spring-aspects-4.3.10.RELEASE.jar:/home/fabio/.m2/repository/org/springframework/spring-webmvc/4.3.10.RELEASE/spring-webmvc-4.3.10.RELEASE.jar:/home/fabio/.m2/repository/org/springframework/spring-web/4.3.10.RELEASE/spring-web-4.3.10.RELEASE.jar:/home/fabio/.m2/repository/org/springframework/spring-oxm/4.3.10.RELEASE/spring-oxm-4.3.10.RELEASE.jar:/home/fabio/.m2/repository/org/springframework/spring-tx/4.3.10.RELEASE/spring-tx-4.3.10.RELEASE.jar:/home/fabio/.m2/repository/org/springframework/spring-aop/4.3.10.RELEASE/spring-aop-4.3.10.RELEASE.jar:/home/fabio/.m2/repository/org/springframework/spring-orm/4.3.10.RELEASE/spring-orm-4.3.10.RELEASE.jar:/home/fabio/.m2/repository/org/springframework/spring-jdbc/4.3.10.RELEASE/spring-jdbc-4.3.10.RELEASE.jar:/home/fabio/.m2/repository/org/springframework/boot/spring-boot-starter-security/1.5.6.RELEASE/spring-boot-starter-security-1.5.6.RELEASE.jar:/home/fabio/.m2/repository/org/springframework/security/spring-security-config/4.2.3.RELEASE/spring-security-config-4.2.3.RELEASE.jar:/home/fabio/.m2/repository/org/springframework/security/spring-security-core/4.2.3.RELEASE/spring-security-core-4.2.3.RELEASE.jar:/home/fabio/.m2/repository/org/springframework/security/spring-security-web/4.2.3.RELEASE/spring-security-web-4.2.3.RELEASE.jar:/home/fabio/.m2/repository/org/slf4j/slf4j-api/1.7.25/slf4j-api-1.7.25.jar:/home/fabio/.m2/repository/ch/qos/logback/logback-classic/1.1.3/logback-classic-1.1.3.jar:/home/fabio/.m2/repository/ch/qos/logback/logback-core/1.1.3/logback-core-1.1.3.jar:/home/fabio/.m2/repository/org/slf4j/jcl-over-slf4j/1.7.25/jcl-over-slf4j-1.7.25.jar:/home/fabio/.m2/repository/commons-dbutils/commons-dbutils/1.6/commons-dbutils-1.6.jar:/home/fabio/.m2/repository/org/hibernate/hibernate-core/4.3.11.Final/hibernate-core-4.3.11.Final.jar:/home/fabio/.m2/repository/antlr/antlr/2.7.7/antlr-2.7.7.jar:/home/fabio/.m2/repository/org/jboss/jandex/1.1.0.Final/jandex-1.1.0.Final.jar:/home/fabio/.m2/repository/org/hibernate/hibernate-c3p0/4.3.11.Final/hibernate-c3p0-4.3.11.Final.jar:/home/fabio/.m2/repository/com/mchange/c3p0/0.9.2.1/c3p0-0.9.2.1.jar:/home/fabio/.m2/repository/com/mchange/mchange-commons-java/0.2.3.4/mchange-commons-java-0.2.3.4.jar:/home/fabio/.m2/repository/org/hibernate/hibernate-validator/5.3.5.Final/hibernate-validator-5.3.5.Final.jar:/home/fabio/.m2/repository/com/fasterxml/classmate/1.3.3/classmate-1.3.3.jar:/home/fabio/.m2/repository/javax/validation/validation-api/1.1.0.Final/validation-api-1.1.0.Final.jar:/home/fabio/.m2/repository/org/jooq/jooq/3.9.4/jooq-3.9.4.jar:/home/fabio/.m2/repository/mysql/mysql-connector-java/5.1.43/mysql-connector-java-5.1.43.jar:, hibernate.bytecode.use_reflection_optimizer=false, java.vm.specification.name=Java Virtual Machine Specification, hibernate.c3p0.testConnectionOnCheckout=true, java.vm.specification.version=1.8, sun.cpu.endian=little, sun.os.patch.level=unknown, surefire.test.class.path=/home/fabio/Documentos/facu/ingweb3/repoingweb3personal/supermercadosdeltaplusModulo/target/test-classes:/home/fabio/Documentos/facu/ingweb3/repoingweb3personal/supermercadosdeltaplusModulo/target/classes:/home/fabio/.m2/repository/org/hibernate/hibernate-entitymanager/4.3.1.Final/hibernate-entitymanager-4.3.1.Final.jar:/home/fabio/.m2/repository/org/jboss/logging/jboss-logging/3.3.1.Final/jboss-logging-3.3.1.Final.jar:/home/fabio/.m2/repository/org/jboss/logging/jboss-logging-annotations/1.2.0.Beta1/jboss-logging-annotations-1.2.0.Beta1.jar:/home/fabio/.m2/repository/dom4j/dom4j/1.6.1/dom4j-1.6.1.jar:/home/fabio/.m2/repository/org/hibernate/common/hibernate-commons-annotations/4.0.4.Final/hibernate-commons-annotations-4.0.4.Final.jar:/home/fabio/.m2/repository/org/jboss/spec/javax/transaction/jboss-transaction-api_1.2_spec/1.0.0.Final/jboss-transaction-api_1.2_spec-1.0.0.Final.jar:/home/fabio/.m2/repository/org/javassist/javassist/3.21.0-GA/javassist-3.21.0-GA.jar:/home/fabio/.m2/repository/junit/junit/4.12/junit-4.12.jar:/home/fabio/.m2/repository/org/hamcrest/hamcrest-core/1.3/hamcrest-core-1.3.jar:/home/fabio/.m2/repository/org/hibernate/javax/persistence/hibernate-jpa-2.1-api/1.0.0.Final/hibernate-jpa-2.1-api-1.0.0.Final.jar:/home/fabio/.m2/repository/javax/javaee-web-api/7.0/javaee-web-api-7.0.jar:/home/fabio/.m2/repository/org/springframework/boot/spring-boot-starter-web/1.5.6.RELEASE/spring-boot-starter-web-1.5.6.RELEASE.jar:/home/fabio/.m2/repository/org/springframework/boot/spring-boot-starter/1.5.6.RELEASE/spring-boot-starter-1.5.6.RELEASE.jar:/home/fabio/.m2/repository/org/springframework/boot/spring-boot/1.5.6.RELEASE/spring-boot-1.5.6.RELEASE.jar:/home/fabio/.m2/repository/org/springframework/boot/spring-boot-autoconfigure/1.5.6.RELEASE/spring-boot-autoconfigure-1.5.6.RELEASE.jar:/home/fabio/.m2/repository/org/springframework/boot/spring-boot-starter-logging/1.5.6.RELEASE/spring-boot-starter-logging-1.5.6.RELEASE.jar:/home/fabio/.m2/repository/org/slf4j/jul-to-slf4j/1.7.25/jul-to-slf4j-1.7.25.jar:/home/fabio/.m2/repository/org/slf4j/log4j-over-slf4j/1.7.25/log4j-over-slf4j-1.7.25.jar:/home/fabio/.m2/repository/org/yaml/snakeyaml/1.17/snakeyaml-1.17.jar:/home/fabio/.m2/repository/org/springframework/boot/spring-boot-starter-tomcat/1.5.6.RELEASE/spring-boot-starter-tomcat-1.5.6.RELEASE.jar:/home/fabio/.m2/repository/org/apache/tomcat/embed/tomcat-embed-core/8.5.16/tomcat-embed-core-8.5.16.jar:/home/fabio/.m2/repository/org/apache/tomcat/embed/tomcat-embed-el/8.5.16/tomcat-embed-el-8.5.16.jar:/home/fabio/.m2/repository/org/apache/tomcat/embed/tomcat-embed-websocket/8.5.16/tomcat-embed-websocket-8.5.16.jar:/home/fabio/.m2/repository/com/fasterxml/jackson/core/jackson-databind/2.8.9/jackson-databind-2.8.9.jar:/home/fabio/.m2/repository/com/fasterxml/jackson/core/jackson-annotations/2.8.0/jackson-annotations-2.8.0.jar:/home/fabio/.m2/repository/com/fasterxml/jackson/core/jackson-core/2.8.9/jackson-core-2.8.9.jar:/home/fabio/.m2/repository/org/springframework/boot/spring-boot-starter-actuator/1.5.6.RELEASE/spring-boot-starter-actuator-1.5.6.RELEASE.jar:/home/fabio/.m2/repository/org/springframework/boot/spring-boot-actuator/1.5.6.RELEASE/spring-boot-actuator-1.5.6.RELEASE.jar:/home/fabio/.m2/repository/org/aspectj/aspectjweaver/1.8.10/aspectjweaver-1.8.10.jar:/home/fabio/.m2/repository/org/springframework/spring-core/4.3.10.RELEASE/spring-core-4.3.10.RELEASE.jar:/home/fabio/.m2/repository/org/springframework/spring-context/4.3.10.RELEASE/spring-context-4.3.10.RELEASE.jar:/home/fabio/.m2/repository/org/springframework/spring-beans/4.3.10.RELEASE/spring-beans-4.3.10.RELEASE.jar:/home/fabio/.m2/repository/org/springframework/spring-expression/4.3.10.RELEASE/spring-expression-4.3.10.RELEASE.jar:/home/fabio/.m2/repository/org/springframework/spring-aspects/4.3.10.RELEASE/spring-aspects-4.3.10.RELEASE.jar:/home/fabio/.m2/repository/org/springframework/spring-webmvc/4.3.10.RELEASE/spring-webmvc-4.3.10.RELEASE.jar:/home/fabio/.m2/repository/org/springframework/spring-web/4.3.10.RELEASE/spring-web-4.3.10.RELEASE.jar:/home/fabio/.m2/repository/org/springframework/spring-oxm/4.3.10.RELEASE/spring-oxm-4.3.10.RELEASE.jar:/home/fabio/.m2/repository/org/springframework/spring-tx/4.3.10.RELEASE/spring-tx-4.3.10.RELEASE.jar:/home/fabio/.m2/repository/org/springframework/spring-aop/4.3.10.RELEASE/spring-aop-4.3.10.RELEASE.jar:/home/fabio/.m2/repository/org/springframework/spring-orm/4.3.10.RELEASE/spring-orm-4.3.10.RELEASE.jar:/home/fabio/.m2/repository/org/springframework/spring-jdbc/4.3.10.RELEASE/spring-jdbc-4.3.10.RELEASE.jar:/home/fabio/.m2/repository/org/springframework/boot/spring-boot-starter-security/1.5.6.RELEASE/spring-boot-starter-security-1.5.6.RELEASE.jar:/home/fabio/.m2/repository/org/springframework/security/spring-security-config/4.2.3.RELEASE/spring-security-config-4.2.3.RELEASE.jar:/home/fabio/.m2/repository/org/springframework/security/spring-security-core/4.2.3.RELEASE/spring-security-core-4.2.3.RELEASE.jar:/home/fabio/.m2/repository/org/springframework/security/spring-security-web/4.2.3.RELEASE/spring-security-web-4.2.3.RELEASE.jar:/home/fabio/.m2/repository/org/slf4j/slf4j-api/1.7.25/slf4j-api-1.7.25.jar:/home/fabio/.m2/repository/ch/qos/logback/logback-classic/1.1.3/logback-classic-1.1.3.jar:/home/fabio/.m2/repository/ch/qos/logback/logback-core/1.1.3/logback-core-1.1.3.jar:/home/fabio/.m2/repository/org/slf4j/jcl-over-slf4j/1.7.25/jcl-over-slf4j-1.7.25.jar:/home/fabio/.m2/repository/commons-dbutils/commons-dbutils/1.6/commons-dbutils-1.6.jar:/home/fabio/.m2/repository/org/hibernate/hibernate-core/4.3.11.Final/hibernate-core-4.3.11.Final.jar:/home/fabio/.m2/repository/antlr/antlr/2.7.7/antlr-2.7.7.jar:/home/fabio/.m2/repository/org/jboss/jandex/1.1.0.Final/jandex-1.1.0.Final.jar:/home/fabio/.m2/repository/org/hibernate/hibernate-c3p0/4.3.11.Final/hibernate-c3p0-4.3.11.Final.jar:/home/fabio/.m2/repository/com/mchange/c3p0/0.9.2.1/c3p0-0.9.2.1.jar:/home/fabio/.m2/repository/com/mchange/mchange-commons-java/0.2.3.4/mchange-commons-java-0.2.3.4.jar:/home/fabio/.m2/repository/org/hibernate/hibernate-validator/5.3.5.Final/hibernate-validator-5.3.5.Final.jar:/home/fabio/.m2/repository/com/fasterxml/classmate/1.3.3/classmate-1.3.3.jar:/home/fabio/.m2/repository/javax/validation/validation-api/1.1.0.Final/validation-api-1.1.0.Final.jar:/home/fabio/.m2/repository/org/jooq/jooq/3.9.4/jooq-3.9.4.jar:/home/fabio/.m2/repository/mysql/mysql-connector-java/5.1.43/mysql-connector-java-5.1.43.jar:, java.io.tmpdir=/tmp, java.vendor.url.bug=http://bugreport.sun.com/bugreport/, os.arch=amd64, java.awt.graphicsenv=sun.awt.X11GraphicsEnvironment, java.ext.dirs=/usr/lib/jvm/java-8-openjdk-amd64/jre/lib/ext:/usr/java/packages/lib/ext, user.dir=/home/fabio/Documentos/facu/ingweb3/repoingweb3personal/supermercadosdeltaplusModulo, hibernate.c3p0.idle_test_period=10, line.separator=
, java.vm.name=OpenJDK 64-Bit Server VM, basedir=/home/fabio/Documentos/facu/ingweb3/repoingweb3personal/supermercadosdeltaplusModulo, hibernate.c3p0.acquire_increment=3, file.encoding=UTF-8, format_sql=true, java.specification.version=1.8, hibernate.show_sql=true, hibernate.c3p0.max_statements=10}
16:53:29.185 [main] DEBUG o.h.i.internal.IntegratorServiceImpl - Adding Integrator [org.hibernate.cfg.beanvalidation.BeanValidationIntegrator].
16:53:29.190 [main] DEBUG o.h.i.internal.IntegratorServiceImpl - Adding Integrator [org.hibernate.secure.spi.JaccIntegrator].
16:53:29.194 [main] DEBUG o.h.i.internal.IntegratorServiceImpl - Adding Integrator [org.hibernate.cache.internal.CollectionCacheInvalidator].
16:53:29.216 [main] DEBUG o.h.b.r.s.i.StrategySelectorImpl - Registering named strategy selector [org.hibernate.dialect.Dialect] : [MySQL5] -> [org.hibernate.dialect.MySQL5Dialect] (replacing [org.hibernate.dialect.MySQL5Dialect])
16:53:29.216 [main] DEBUG o.h.b.r.s.i.StrategySelectorImpl - Registering named strategy selector [org.hibernate.dialect.Dialect] : [MySQL5InnoDB] -> [org.hibernate.dialect.MySQL5InnoDBDialect] (replacing [org.hibernate.dialect.MySQL5InnoDBDialect])
16:53:29.293 [main] DEBUG o.h.service.spi.ServiceBinding - Overriding existing service binding [org.hibernate.secure.spi.JaccService]
16:53:29.293 [main] DEBUG org.hibernate.cfg.Configuration - Preparing to build session factory with filters : {}
16:53:29.312 [main] INFO  o.h.c.i.C3P0ConnectionProvider - HHH010002: C3P0 using driver: com.mysql.jdbc.Driver at URL: jdbc:mysql://localhost:3306/supermercadosdeltaplus
16:53:29.312 [main] INFO  o.h.c.i.C3P0ConnectionProvider - HHH000046: Connection properties: {user=root, password=****}
16:53:29.312 [main] INFO  o.h.c.i.C3P0ConnectionProvider - HHH000006: Autocommit mode: false
16:53:29.322 [main] WARN  o.h.c.i.C3P0ConnectionProvider - HHH010001: Both hibernate-style property 'hibernate.c3p0.timeout' and c3p0-style property 'hibernate.c3p0.maxIdleTime' have been set in Hibernate properties.  Hibernate-style property 'hibernate.c3p0.timeout' will be used and c3p0-style property 'hibernate.c3p0.maxIdleTime' will be ignored!
16:53:29.344 [main] INFO  com.mchange.v2.log.MLog - MLog clients using log4j logging.
16:53:29.495 [main] INFO  com.mchange.v2.c3p0.C3P0Registry - Initializing c3p0-0.9.2.1 [built 20-March-2013 10:47:27 +0000; debug? true; trace: 10]
16:53:29.522 [main] DEBUG c.m.v.c.m.DynamicPooledDataSourceManagerMBean - MBean: com.mchange.v2.c3p0:type=PooledDataSource,identityToken=z8kfsx9q1mx42su1v0syda|69453e37,name=z8kfsx9q1mx42su1v0syda|69453e37 registered.
16:53:29.554 [main] DEBUG c.m.v.c.m.DynamicPooledDataSourceManagerMBean - MBean: com.mchange.v2.c3p0:type=PooledDataSource,identityToken=z8kfsx9q1mx42su1v0syda|69453e37,name=z8kfsx9q1mx42su1v0syda|69453e37 unregistered, in order to be reregistered after update.
16:53:29.555 [main] DEBUG c.m.v.c.m.DynamicPooledDataSourceManagerMBean - MBean: com.mchange.v2.c3p0:type=PooledDataSource,identityToken=z8kfsx9q1mx42su1v0syda|69453e37,name=z8kfsx9q1mx42su1v0syda|69453e37 registered.
16:53:29.617 [main] INFO  c.m.v.c.i.AbstractPoolBackedDataSource - Initializing c3p0 pool... com.mchange.v2.c3p0.PoolBackedDataSource@4d2653b1 [ connectionPoolDataSource -> com.mchange.v2.c3p0.WrapperConnectionPoolDataSource@9c1877fb [ acquireIncrement -> 3, acquireRetryAttempts -> 30, acquireRetryDelay -> 1000, autoCommitOnClose -> false, automaticTestTable -> null, breakAfterAcquireFailure -> false, checkoutTimeout -> 0, connectionCustomizerClassName -> null, connectionTesterClassName -> com.mchange.v2.c3p0.impl.DefaultConnectionTester, debugUnreturnedConnectionStackTraces -> false, factoryClassLocation -> null, forceIgnoreUnresolvedTransactions -> false, identityToken -> z8kfsx9q1mx42su1v0syda|8297b3a, idleConnectionTestPeriod -> 10, initialPoolSize -> 5, maxAdministrativeTaskTime -> 0, maxConnectionAge -> 0, maxIdleTime -> 3600, maxIdleTimeExcessConnections -> 0, maxPoolSize -> 75, maxStatements -> 10, maxStatementsPerConnection -> 0, minPoolSize -> 5, nestedDataSource -> com.mchange.v2.c3p0.DriverManagerDataSource@639cb4ed [ description -> null, driverClass -> null, factoryClassLocation -> null, identityToken -> z8kfsx9q1mx42su1v0syda|7b98f307, jdbcUrl -> jdbc:mysql://localhost:3306/supermercadosdeltaplus, properties -> {user=******, password=******} ], preferredTestQuery -> select 1, propertyCycle -> 0, statementCacheNumDeferredCloseThreads -> 0, testConnectionOnCheckin -> false, testConnectionOnCheckout -> true, unreturnedConnectionTimeout -> 0, usesTraditionalReflectiveProxies -> false; userOverrides: {} ], dataSourceName -> null, factoryClassLocation -> null, identityToken -> z8kfsx9q1mx42su1v0syda|69453e37, numHelperThreads -> 3 ]
16:53:29.650 [main] DEBUG c.m.v.resourcepool.BasicResourcePool - incremented pending_acquires: 1
16:53:29.650 [main] DEBUG c.m.v.resourcepool.BasicResourcePool - Starting acquisition series. Incremented pending_acquires [1],  attempts_remaining: 30
16:53:29.650 [main] DEBUG c.m.v.a.ThreadPoolAsynchronousRunner - com.mchange.v2.async.ThreadPoolAsynchronousRunner@568ff82: Adding task to queue -- com.mchange.v2.resourcepool.BasicResourcePool$ScatteredAcquireTask@50caa560
16:53:29.650 [main] DEBUG c.m.v.resourcepool.BasicResourcePool - incremented pending_acquires: 2
16:53:29.651 [main] DEBUG c.m.v.resourcepool.BasicResourcePool - Starting acquisition series. Incremented pending_acquires [2],  attempts_remaining: 30
16:53:29.651 [main] DEBUG c.m.v.a.ThreadPoolAsynchronousRunner - com.mchange.v2.async.ThreadPoolAsynchronousRunner@568ff82: Adding task to queue -- com.mchange.v2.resourcepool.BasicResourcePool$ScatteredAcquireTask@2a266d09
16:53:29.651 [main] DEBUG c.m.v.resourcepool.BasicResourcePool - incremented pending_acquires: 3
16:53:29.651 [main] DEBUG c.m.v.resourcepool.BasicResourcePool - Starting acquisition series. Incremented pending_acquires [3],  attempts_remaining: 30
16:53:29.651 [main] DEBUG c.m.v.a.ThreadPoolAsynchronousRunner - com.mchange.v2.async.ThreadPoolAsynchronousRunner@568ff82: Adding task to queue -- com.mchange.v2.resourcepool.BasicResourcePool$ScatteredAcquireTask@5ab9e72c
16:53:29.651 [main] DEBUG c.m.v.resourcepool.BasicResourcePool - incremented pending_acquires: 4
16:53:29.651 [main] DEBUG c.m.v.resourcepool.BasicResourcePool - Starting acquisition series. Incremented pending_acquires [4],  attempts_remaining: 30
16:53:29.651 [main] DEBUG c.m.v.a.ThreadPoolAsynchronousRunner - com.mchange.v2.async.ThreadPoolAsynchronousRunner@568ff82: Adding task to queue -- com.mchange.v2.resourcepool.BasicResourcePool$ScatteredAcquireTask@186f8716
16:53:29.651 [main] DEBUG c.m.v.resourcepool.BasicResourcePool - incremented pending_acquires: 5
16:53:29.652 [main] DEBUG c.m.v.resourcepool.BasicResourcePool - Starting acquisition series. Incremented pending_acquires [5],  attempts_remaining: 30
16:53:29.652 [main] DEBUG c.m.v.a.ThreadPoolAsynchronousRunner - com.mchange.v2.async.ThreadPoolAsynchronousRunner@568ff82: Adding task to queue -- com.mchange.v2.resourcepool.BasicResourcePool$ScatteredAcquireTask@1d8bd0de
16:53:29.656 [main] DEBUG c.m.v.resourcepool.BasicResourcePool - com.mchange.v2.resourcepool.BasicResourcePool@45ca843 config: [start -> 5; min -> 5; max -> 75; inc -> 3; num_acq_attempts -> 30; acq_attempt_delay -> 1000; check_idle_resources_delay -> 10000; mox_resource_age -> 0; max_idle_time -> 3600000; excess_max_idle_time -> 0; destroy_unreturned_resc_time -> 0; expiration_enforcement_delay -> 900000; break_on_acquisition_failure -> false; debug_store_checkout_exceptions -> false]
16:53:29.657 [main] DEBUG c.m.v.c.i.C3P0PooledConnectionPoolManager - Created new pool for auth, username (masked): 'ro******'.
16:53:29.657 [main] DEBUG c.m.v.resourcepool.BasicResourcePool - acquire test -- pool size: 0; target_pool_size: 5; desired target? 1
16:53:29.658 [main] DEBUG c.m.v.resourcepool.BasicResourcePool - awaitAvailable(): [unknown]
16:53:29.658 [main] DEBUG c.m.v.resourcepool.BasicResourcePool - trace com.mchange.v2.resourcepool.BasicResourcePool@45ca843 [managed: 0, unused: 0, excluded: 0]
16:53:30.507 [C3P0PooledConnectionPoolManager[identityToken->z8kfsx9q1mx42su1v0syda|69453e37]-HelperThread-#2] DEBUG c.m.v.c3p0.stmt.GooGooStatementCache - checkinAll(): com.mchange.v2.c3p0.stmt.GlobalMaxOnlyStatementCache stats -- total size: 0; checked out: 0; num connections: 0; num keys: 0
16:53:30.508 [C3P0PooledConnectionPoolManager[identityToken->z8kfsx9q1mx42su1v0syda|69453e37]-HelperThread-#0] DEBUG c.m.v.c3p0.stmt.GooGooStatementCache - checkinAll(): com.mchange.v2.c3p0.stmt.GlobalMaxOnlyStatementCache stats -- total size: 0; checked out: 0; num connections: 0; num keys: 0
16:53:30.508 [C3P0PooledConnectionPoolManager[identityToken->z8kfsx9q1mx42su1v0syda|69453e37]-HelperThread-#1] DEBUG c.m.v.c3p0.stmt.GooGooStatementCache - checkinAll(): com.mchange.v2.c3p0.stmt.GlobalMaxOnlyStatementCache stats -- total size: 0; checked out: 0; num connections: 0; num keys: 0
16:53:30.508 [C3P0PooledConnectionPoolManager[identityToken->z8kfsx9q1mx42su1v0syda|69453e37]-HelperThread-#1] DEBUG c.m.v.c.i.C3P0PooledConnectionPool - com.mchange.v2.c3p0.impl.C3P0PooledConnectionPool$1PooledConnectionResourcePoolManager@573de7df.acquireResource() returning. 
16:53:30.508 [C3P0PooledConnectionPoolManager[identityToken->z8kfsx9q1mx42su1v0syda|69453e37]-HelperThread-#2] DEBUG c.m.v.c.i.C3P0PooledConnectionPool - com.mchange.v2.c3p0.impl.C3P0PooledConnectionPool$1PooledConnectionResourcePoolManager@573de7df.acquireResource() returning. 
16:53:30.509 [C3P0PooledConnectionPoolManager[identityToken->z8kfsx9q1mx42su1v0syda|69453e37]-HelperThread-#0] DEBUG c.m.v.c.i.C3P0PooledConnectionPool - com.mchange.v2.c3p0.impl.C3P0PooledConnectionPool$1PooledConnectionResourcePoolManager@573de7df.acquireResource() returning. 
16:53:30.509 [C3P0PooledConnectionPoolManager[identityToken->z8kfsx9q1mx42su1v0syda|69453e37]-HelperThread-#1] DEBUG c.m.v.resourcepool.BasicResourcePool - trace com.mchange.v2.resourcepool.BasicResourcePool@45ca843 [managed: 1, unused: 1, excluded: 0]
16:53:30.510 [C3P0PooledConnectionPoolManager[identityToken->z8kfsx9q1mx42su1v0syda|69453e37]-HelperThread-#1] DEBUG c.m.v.resourcepool.BasicResourcePool - decremented pending_acquires: 4
16:53:30.510 [C3P0PooledConnectionPoolManager[identityToken->z8kfsx9q1mx42su1v0syda|69453e37]-HelperThread-#1] DEBUG c.m.v.resourcepool.BasicResourcePool - Acquisition series terminated successfully. Decremented pending_acquires [4],  attempts_remaining: 30
16:53:30.512 [C3P0PooledConnectionPoolManager[identityToken->z8kfsx9q1mx42su1v0syda|69453e37]-HelperThread-#0] DEBUG c.m.v.resourcepool.BasicResourcePool - trace com.mchange.v2.resourcepool.BasicResourcePool@45ca843 [managed: 2, unused: 2, excluded: 0] (e.g. com.mchange.v2.c3p0.impl.NewPooledConnection@3f68ac68)
16:53:30.512 [C3P0PooledConnectionPoolManager[identityToken->z8kfsx9q1mx42su1v0syda|69453e37]-HelperThread-#0] DEBUG c.m.v.resourcepool.BasicResourcePool - decremented pending_acquires: 3
16:53:30.512 [main] DEBUG c.m.v.c.i.C3P0PooledConnectionPool - Testing PooledConnection [com.mchange.v2.c3p0.impl.NewPooledConnection@6323cb31] on CHECKOUT.
16:53:30.513 [C3P0PooledConnectionPoolManager[identityToken->z8kfsx9q1mx42su1v0syda|69453e37]-HelperThread-#2] DEBUG c.m.v.resourcepool.BasicResourcePool - trace com.mchange.v2.resourcepool.BasicResourcePool@45ca843 [managed: 3, unused: 2, excluded: 0] (e.g. com.mchange.v2.c3p0.impl.NewPooledConnection@3f68ac68)
16:53:30.513 [C3P0PooledConnectionPoolManager[identityToken->z8kfsx9q1mx42su1v0syda|69453e37]-HelperThread-#2] DEBUG c.m.v.resourcepool.BasicResourcePool - decremented pending_acquires: 2
16:53:30.513 [C3P0PooledConnectionPoolManager[identityToken->z8kfsx9q1mx42su1v0syda|69453e37]-HelperThread-#2] DEBUG c.m.v.resourcepool.BasicResourcePool - Acquisition series terminated successfully. Decremented pending_acquires [2],  attempts_remaining: 30
16:53:30.543 [C3P0PooledConnectionPoolManager[identityToken->z8kfsx9q1mx42su1v0syda|69453e37]-HelperThread-#0] DEBUG c.m.v.resourcepool.BasicResourcePool - Acquisition series terminated successfully. Decremented pending_acquires [2],  attempts_remaining: 30
16:53:30.560 [main] DEBUG c.m.v.c3p0.stmt.GooGooStatementCache - checkinAll(): com.mchange.v2.c3p0.stmt.GlobalMaxOnlyStatementCache stats -- total size: 0; checked out: 0; num connections: 0; num keys: 0
16:53:30.561 [main] DEBUG c.m.v.c.i.C3P0PooledConnectionPool - Test of PooledConnection [com.mchange.v2.c3p0.impl.NewPooledConnection@6323cb31] on CHECKOUT has SUCCEEDED.
16:53:30.561 [main] DEBUG c.m.v.resourcepool.BasicResourcePool - trace com.mchange.v2.resourcepool.BasicResourcePool@45ca843 [managed: 3, unused: 2, excluded: 0] (e.g. com.mchange.v2.c3p0.impl.NewPooledConnection@3f68ac68)
16:53:30.577 [main] DEBUG o.h.e.jdbc.internal.JdbcServicesImpl - Database ->
       name : MySQL
    version : 5.7.19
      major : 5
      minor : 7
16:53:30.578 [main] DEBUG o.h.e.jdbc.internal.JdbcServicesImpl - Driver ->
       name : MySQL Connector Java
    version : mysql-connector-java-5.1.43 ( Revision: 1d14b699eff3e6112aaedb1cbe5a151ab81f98f1 )
      major : 5
      minor : 1
16:53:30.579 [main] DEBUG o.h.e.jdbc.internal.JdbcServicesImpl - JDBC version : 4.0
16:53:30.582 [main] DEBUG o.h.e.j.c.i.StandardRefCursorSupport - Unexpected error trying to gauge level of JDBC REF_CURSOR support : null
16:53:30.671 [main] INFO  org.hibernate.dialect.Dialect - HHH000400: Using dialect: org.hibernate.dialect.MySQLDialect
16:53:30.690 [main] INFO  o.h.e.j.internal.LobCreatorBuilder - HHH000424: Disabling contextual LOB creation as createClob() method threw error : java.lang.reflect.InvocationTargetException
16:53:30.690 [main] DEBUG c.m.v.c3p0.stmt.GooGooStatementCache - checkinAll(): com.mchange.v2.c3p0.stmt.GlobalMaxOnlyStatementCache stats -- total size: 0; checked out: 0; num connections: 0; num keys: 0
16:53:30.693 [main] DEBUG c.m.v.a.ThreadPoolAsynchronousRunner - com.mchange.v2.async.ThreadPoolAsynchronousRunner@568ff82: Adding task to queue -- com.mchange.v2.resourcepool.BasicResourcePool$1RefurbishCheckinResourceTask@1a4013
16:53:30.693 [main] DEBUG c.m.v.resourcepool.BasicResourcePool - trace com.mchange.v2.resourcepool.BasicResourcePool@45ca843 [managed: 3, unused: 2, excluded: 0] (e.g. com.mchange.v2.c3p0.impl.NewPooledConnection@3f68ac68)
16:53:30.693 [C3P0PooledConnectionPoolManager[identityToken->z8kfsx9q1mx42su1v0syda|69453e37]-HelperThread-#0] DEBUG c.m.v.c3p0.stmt.GooGooStatementCache - checkinAll(): com.mchange.v2.c3p0.stmt.GlobalMaxOnlyStatementCache stats -- total size: 0; checked out: 0; num connections: 0; num keys: 0
16:53:30.718 [C3P0PooledConnectionPoolManager[identityToken->z8kfsx9q1mx42su1v0syda|69453e37]-HelperThread-#2] DEBUG c.m.v.c3p0.stmt.GooGooStatementCache - checkinAll(): com.mchange.v2.c3p0.stmt.GlobalMaxOnlyStatementCache stats -- total size: 0; checked out: 0; num connections: 0; num keys: 0
16:53:30.718 [C3P0PooledConnectionPoolManager[identityToken->z8kfsx9q1mx42su1v0syda|69453e37]-HelperThread-#2] DEBUG c.m.v.c.i.C3P0PooledConnectionPool - com.mchange.v2.c3p0.impl.C3P0PooledConnectionPool$1PooledConnectionResourcePoolManager@573de7df.acquireResource() returning. 
16:53:30.718 [C3P0PooledConnectionPoolManager[identityToken->z8kfsx9q1mx42su1v0syda|69453e37]-HelperThread-#2] DEBUG c.m.v.resourcepool.BasicResourcePool - trace com.mchange.v2.resourcepool.BasicResourcePool@45ca843 [managed: 4, unused: 4, excluded: 0] (e.g. com.mchange.v2.c3p0.impl.NewPooledConnection@3f68ac68)
16:53:30.718 [C3P0PooledConnectionPoolManager[identityToken->z8kfsx9q1mx42su1v0syda|69453e37]-HelperThread-#2] DEBUG c.m.v.resourcepool.BasicResourcePool - decremented pending_acquires: 1
16:53:30.718 [C3P0PooledConnectionPoolManager[identityToken->z8kfsx9q1mx42su1v0syda|69453e37]-HelperThread-#2] DEBUG c.m.v.resourcepool.BasicResourcePool - Acquisition series terminated successfully. Decremented pending_acquires [1],  attempts_remaining: 30
16:53:30.722 [C3P0PooledConnectionPoolManager[identityToken->z8kfsx9q1mx42su1v0syda|69453e37]-HelperThread-#1] DEBUG c.m.v.c3p0.stmt.GooGooStatementCache - checkinAll(): com.mchange.v2.c3p0.stmt.GlobalMaxOnlyStatementCache stats -- total size: 0; checked out: 0; num connections: 0; num keys: 0
16:53:30.723 [C3P0PooledConnectionPoolManager[identityToken->z8kfsx9q1mx42su1v0syda|69453e37]-HelperThread-#1] DEBUG c.m.v.c.i.C3P0PooledConnectionPool - com.mchange.v2.c3p0.impl.C3P0PooledConnectionPool$1PooledConnectionResourcePoolManager@573de7df.acquireResource() returning. 
16:53:30.723 [C3P0PooledConnectionPoolManager[identityToken->z8kfsx9q1mx42su1v0syda|69453e37]-HelperThread-#1] DEBUG c.m.v.resourcepool.BasicResourcePool - trace com.mchange.v2.resourcepool.BasicResourcePool@45ca843 [managed: 5, unused: 5, excluded: 0] (e.g. com.mchange.v2.c3p0.impl.NewPooledConnection@3f68ac68)
16:53:30.723 [C3P0PooledConnectionPoolManager[identityToken->z8kfsx9q1mx42su1v0syda|69453e37]-HelperThread-#1] DEBUG c.m.v.resourcepool.BasicResourcePool - decremented pending_acquires: 0
16:53:30.723 [C3P0PooledConnectionPoolManager[identityToken->z8kfsx9q1mx42su1v0syda|69453e37]-HelperThread-#1] DEBUG c.m.v.resourcepool.BasicResourcePool - Acquisition series terminated successfully. Decremented pending_acquires [0],  attempts_remaining: 30
16:53:30.749 [main] DEBUG org.hibernate.cfg.Configuration - Processing hbm.xml files
16:53:30.749 [main] DEBUG org.hibernate.cfg.Configuration - Process annotated classes
16:53:30.754 [main] DEBUG org.hibernate.cfg.AnnotationBinder - Binding entity from annotated class: com.fabiocompany.supermercadosdeltaplus.model.Cabeceraticket
16:53:30.781 [main] DEBUG org.hibernate.cfg.Ejb3Column - Binding column: Ejb3DiscriminatorColumn{logicalColumnName'DTYPE', discriminatorTypeName='string'}
16:53:30.783 [main] DEBUG org.hibernate.cfg.AnnotationBinder - No value specified for 'javax.persistence.sharedCache.mode'; using UNSPECIFIED
16:53:30.792 [main] DEBUG o.h.cfg.annotations.EntityBinder - Import with entity name Cabeceraticket
16:53:30.797 [main] DEBUG o.h.cfg.annotations.EntityBinder - Bind entity com.fabiocompany.supermercadosdeltaplus.model.Cabeceraticket on table cabeceraticket
16:53:30.852 [main] DEBUG org.hibernate.cfg.Ejb3Column - Binding column: Ejb3Column{table=org.hibernate.mapping.Table(cabeceraticket), mappingColumn=idticket, insertable=true, updatable=true, unique=false}
16:53:30.859 [main] DEBUG o.h.cfg.annotations.PropertyBinder - MetadataSourceProcessor property idticket with lazy=false
16:53:30.863 [main] DEBUG o.h.cfg.AbstractPropertyHolder - Attempting to locate auto-apply AttributeConverter for property [com.fabiocompany.supermercadosdeltaplus.model.Cabeceraticket:idticket]
16:53:30.865 [main] DEBUG o.h.c.annotations.SimpleValueBinder - building SimpleValue for idticket
16:53:30.869 [main] DEBUG o.h.cfg.annotations.PropertyBinder - Building property idticket
16:53:30.877 [main] DEBUG org.hibernate.cfg.Ejb3Column - Binding column: Ejb3JoinColumn{logicalColumnName='idticket', referencedColumn='', mappedBy=''}
16:53:30.878 [main] DEBUG org.hibernate.cfg.Ejb3Column - Binding column: Ejb3Column{table=org.hibernate.mapping.Table(cabeceraticket), mappingColumn=detalletickets, insertable=true, updatable=true, unique=false}
16:53:30.880 [main] DEBUG org.hibernate.cfg.Ejb3Column - Binding column: Ejb3Column{table=org.hibernate.mapping.Table(cabeceraticket), mappingColumn=idx, insertable=true, updatable=true, unique=false}
16:53:30.891 [main] DEBUG org.hibernate.cfg.Ejb3Column - Binding column: Ejb3Column{table=org.hibernate.mapping.Table(cabeceraticket), mappingColumn=element, insertable=true, updatable=true, unique=false}
16:53:30.892 [main] DEBUG org.hibernate.cfg.Ejb3Column - Binding column: Ejb3Column{table=org.hibernate.mapping.Table(cabeceraticket), mappingColumn=detalletickets_KEY, insertable=true, updatable=true, unique=false}
16:53:30.892 [main] DEBUG org.hibernate.cfg.Ejb3Column - Binding column: Ejb3JoinColumn{logicalColumnName='detalletickets_KEY', referencedColumn='null', mappedBy='null'}
16:53:30.894 [main] DEBUG org.hibernate.cfg.Ejb3Column - Binding column: Ejb3JoinColumn{logicalColumnName='null', referencedColumn='null', mappedBy=''}
16:53:30.894 [main] DEBUG org.hibernate.cfg.Ejb3Column - Binding column: Ejb3JoinColumn{logicalColumnName='null', referencedColumn='null', mappedBy=''}
16:53:30.895 [main] DEBUG o.h.cfg.annotations.CollectionBinder - Collection role: com.fabiocompany.supermercadosdeltaplus.model.Cabeceraticket.detalletickets
16:53:30.898 [main] DEBUG o.h.cfg.annotations.PropertyBinder - Building property detalletickets
16:53:30.899 [main] DEBUG org.hibernate.cfg.Ejb3Column - Binding column: Ejb3Column{table=org.hibernate.mapping.Table(cabeceraticket), mappingColumn=fecha, insertable=true, updatable=true, unique=false}
16:53:30.899 [main] DEBUG o.h.cfg.annotations.PropertyBinder - MetadataSourceProcessor property fecha with lazy=false
16:53:30.899 [main] DEBUG o.h.cfg.AbstractPropertyHolder - Attempting to locate auto-apply AttributeConverter for property [com.fabiocompany.supermercadosdeltaplus.model.Cabeceraticket:fecha]
16:53:30.899 [main] DEBUG o.h.c.annotations.SimpleValueBinder - building SimpleValue for fecha
16:53:30.900 [main] DEBUG o.h.cfg.annotations.PropertyBinder - Building property fecha
16:53:30.900 [main] DEBUG org.hibernate.cfg.Ejb3Column - Binding column: Ejb3JoinColumn{logicalColumnName='idusuario', referencedColumn='', mappedBy=''}
16:53:30.900 [main] DEBUG org.hibernate.cfg.Ejb3Column - Binding column: Ejb3Column{table=org.hibernate.mapping.Table(cabeceraticket), mappingColumn=usuario, insertable=true, updatable=true, unique=false}
16:53:30.902 [main] DEBUG o.h.cfg.annotations.PropertyBinder - Building property usuario
16:53:30.905 [main] DEBUG org.hibernate.cfg.AnnotationBinder - Binding entity from annotated class: com.fabiocompany.supermercadosdeltaplus.model.Detalleoferta
16:53:30.906 [main] DEBUG org.hibernate.cfg.Ejb3Column - Binding column: Ejb3DiscriminatorColumn{logicalColumnName'DTYPE', discriminatorTypeName='string'}
16:53:30.906 [main] DEBUG org.hibernate.cfg.AnnotationBinder - No value specified for 'javax.persistence.sharedCache.mode'; using UNSPECIFIED
16:53:30.906 [main] DEBUG o.h.cfg.annotations.EntityBinder - Import with entity name Detalleoferta
16:53:30.906 [main] DEBUG o.h.cfg.annotations.EntityBinder - Bind entity com.fabiocompany.supermercadosdeltaplus.model.Detalleoferta on table detalleoferta
16:53:30.911 [main] DEBUG org.hibernate.cfg.Ejb3Column - Binding column: Ejb3Column{table=org.hibernate.mapping.Table(detalleoferta), mappingColumn=iddetalleoferta, insertable=true, updatable=true, unique=false}
16:53:30.911 [main] DEBUG o.h.cfg.annotations.PropertyBinder - MetadataSourceProcessor property iddetalleoferta with lazy=false
16:53:30.912 [main] DEBUG o.h.cfg.AbstractPropertyHolder - Attempting to locate auto-apply AttributeConverter for property [com.fabiocompany.supermercadosdeltaplus.model.Detalleoferta:iddetalleoferta]
16:53:30.912 [main] DEBUG o.h.c.annotations.SimpleValueBinder - building SimpleValue for iddetalleoferta
16:53:30.912 [main] DEBUG o.h.cfg.annotations.PropertyBinder - Building property iddetalleoferta
16:53:30.912 [main] DEBUG org.hibernate.cfg.Ejb3Column - Binding column: Ejb3Column{table=org.hibernate.mapping.Table(detalleoferta), mappingColumn=descripciondepromocion, insertable=true, updatable=true, unique=false}
16:53:30.913 [main] DEBUG o.h.cfg.annotations.PropertyBinder - MetadataSourceProcessor property descripciondepromocion with lazy=false
16:53:30.913 [main] DEBUG o.h.cfg.AbstractPropertyHolder - Attempting to locate auto-apply AttributeConverter for property [com.fabiocompany.supermercadosdeltaplus.model.Detalleoferta:descripciondepromocion]
16:53:30.913 [main] DEBUG o.h.c.annotations.SimpleValueBinder - building SimpleValue for descripciondepromocion
16:53:30.913 [main] DEBUG o.h.cfg.annotations.PropertyBinder - Building property descripciondepromocion
16:53:30.914 [main] DEBUG org.hibernate.cfg.Ejb3Column - Binding column: Ejb3Column{table=org.hibernate.mapping.Table(detalleoferta), mappingColumn=null, insertable=true, updatable=true, unique=false}
16:53:30.914 [main] DEBUG org.hibernate.cfg.Ejb3Column - Binding column: Ejb3Column{table=org.hibernate.mapping.Table(detalleoferta), mappingColumn=element, insertable=true, updatable=true, unique=false}
16:53:30.914 [main] DEBUG org.hibernate.cfg.Ejb3Column - Binding column: Ejb3Column{table=org.hibernate.mapping.Table(detalleoferta), mappingColumn=detalletickets_KEY, insertable=true, updatable=true, unique=false}
16:53:30.914 [main] DEBUG org.hibernate.cfg.Ejb3Column - Binding column: Ejb3JoinColumn{logicalColumnName='detalletickets_KEY', referencedColumn='null', mappedBy='null'}
16:53:30.915 [main] DEBUG org.hibernate.cfg.Ejb3Column - Binding column: Ejb3JoinColumn{logicalColumnName='null', referencedColumn='null', mappedBy='detalleofertas'}
16:53:30.915 [main] DEBUG org.hibernate.cfg.Ejb3Column - Binding column: Ejb3JoinColumn{logicalColumnName='null', referencedColumn='null', mappedBy='detalleofertas'}
16:53:30.915 [main] DEBUG o.h.cfg.annotations.CollectionBinder - Collection role: com.fabiocompany.supermercadosdeltaplus.model.Detalleoferta.detalletickets
16:53:30.915 [main] DEBUG o.h.cfg.annotations.PropertyBinder - Building property detalletickets
16:53:30.916 [main] DEBUG org.hibernate.cfg.Ejb3Column - Binding column: Ejb3Column{table=org.hibernate.mapping.Table(detalleoferta), mappingColumn=montodedescuento, insertable=true, updatable=true, unique=false}
16:53:30.916 [main] DEBUG o.h.cfg.annotations.PropertyBinder - MetadataSourceProcessor property montodedescuento with lazy=false
16:53:30.917 [main] DEBUG o.h.cfg.AbstractPropertyHolder - Attempting to locate auto-apply AttributeConverter for property [com.fabiocompany.supermercadosdeltaplus.model.Detalleoferta:montodedescuento]
16:53:30.917 [main] DEBUG o.h.c.annotations.SimpleValueBinder - building SimpleValue for montodedescuento
16:53:30.917 [main] DEBUG o.h.cfg.annotations.PropertyBinder - Building property montodedescuento
16:53:30.917 [main] DEBUG org.hibernate.cfg.AnnotationBinder - Binding entity from annotated class: com.fabiocompany.supermercadosdeltaplus.model.Detalleticket
16:53:30.917 [main] DEBUG org.hibernate.cfg.Ejb3Column - Binding column: Ejb3DiscriminatorColumn{logicalColumnName'DTYPE', discriminatorTypeName='string'}
16:53:30.918 [main] DEBUG org.hibernate.cfg.AnnotationBinder - No value specified for 'javax.persistence.sharedCache.mode'; using UNSPECIFIED
16:53:30.918 [main] DEBUG o.h.cfg.annotations.EntityBinder - Import with entity name Detalleticket
16:53:30.918 [main] DEBUG o.h.cfg.annotations.EntityBinder - Bind entity com.fabiocompany.supermercadosdeltaplus.model.Detalleticket on table detalleticket
16:53:30.926 [main] DEBUG org.hibernate.cfg.Ejb3Column - Binding column: Ejb3Column{table=org.hibernate.mapping.Table(detalleticket), mappingColumn=iddetalleticket, insertable=true, updatable=true, unique=false}
16:53:30.927 [main] DEBUG o.h.cfg.annotations.PropertyBinder - MetadataSourceProcessor property iddetalleticket with lazy=false
16:53:30.927 [main] DEBUG o.h.cfg.AbstractPropertyHolder - Attempting to locate auto-apply AttributeConverter for property [com.fabiocompany.supermercadosdeltaplus.model.Detalleticket:iddetalleticket]
16:53:30.927 [main] DEBUG o.h.c.annotations.SimpleValueBinder - building SimpleValue for iddetalleticket
16:53:30.927 [main] DEBUG o.h.cfg.annotations.PropertyBinder - Building property iddetalleticket
16:53:30.928 [main] DEBUG org.hibernate.cfg.Ejb3Column - Binding column: Ejb3JoinColumn{logicalColumnName='idticket', referencedColumn='', mappedBy=''}
16:53:30.928 [main] DEBUG org.hibernate.cfg.Ejb3Column - Binding column: Ejb3Column{table=org.hibernate.mapping.Table(detalleticket), mappingColumn=cabeceraticket, insertable=true, updatable=true, unique=false}
16:53:30.928 [main] DEBUG o.h.cfg.annotations.PropertyBinder - Building property cabeceraticket
16:53:30.928 [main] DEBUG org.hibernate.cfg.Ejb3Column - Binding column: Ejb3Column{table=org.hibernate.mapping.Table(detalleticket), mappingColumn=cantidad, insertable=true, updatable=true, unique=false}
16:53:30.928 [main] DEBUG o.h.cfg.annotations.PropertyBinder - MetadataSourceProcessor property cantidad with lazy=false
16:53:30.929 [main] DEBUG o.h.cfg.AbstractPropertyHolder - Attempting to locate auto-apply AttributeConverter for property [com.fabiocompany.supermercadosdeltaplus.model.Detalleticket:cantidad]
16:53:30.929 [main] DEBUG o.h.c.annotations.SimpleValueBinder - building SimpleValue for cantidad
16:53:30.929 [main] DEBUG o.h.cfg.annotations.PropertyBinder - Building property cantidad
16:53:30.929 [main] DEBUG org.hibernate.cfg.Ejb3Column - Binding column: Ejb3Column{table=org.hibernate.mapping.Table(detalleticket), mappingColumn=cantidadporproducto, insertable=true, updatable=true, unique=false}
16:53:30.929 [main] DEBUG o.h.cfg.annotations.PropertyBinder - MetadataSourceProcessor property cantidadporproducto with lazy=false
16:53:30.929 [main] DEBUG o.h.cfg.AbstractPropertyHolder - Attempting to locate auto-apply AttributeConverter for property [com.fabiocompany.supermercadosdeltaplus.model.Detalleticket:cantidadporproducto]
16:53:30.930 [main] DEBUG o.h.c.annotations.SimpleValueBinder - building SimpleValue for cantidadporproducto
16:53:30.930 [main] DEBUG o.h.cfg.annotations.PropertyBinder - Building property cantidadporproducto
16:53:30.930 [main] DEBUG org.hibernate.cfg.Ejb3Column - Binding column: Ejb3Column{table=org.hibernate.mapping.Table(detalleticket), mappingColumn=null, insertable=true, updatable=true, unique=false}
16:53:30.930 [main] DEBUG org.hibernate.cfg.Ejb3Column - Binding column: Ejb3Column{table=org.hibernate.mapping.Table(detalleticket), mappingColumn=element, insertable=true, updatable=true, unique=false}
16:53:30.931 [main] DEBUG org.hibernate.cfg.Ejb3Column - Binding column: Ejb3Column{table=org.hibernate.mapping.Table(detalleticket), mappingColumn=detalleofertas_KEY, insertable=true, updatable=true, unique=false}
16:53:30.931 [main] DEBUG org.hibernate.cfg.Ejb3Column - Binding column: Ejb3JoinColumn{logicalColumnName='detalleofertas_KEY', referencedColumn='null', mappedBy='null'}
16:53:30.931 [main] DEBUG org.hibernate.cfg.Ejb3Column - Binding column: Ejb3JoinColumn{logicalColumnName='iddetalleticket', referencedColumn='', mappedBy=''}
16:53:30.931 [main] DEBUG org.hibernate.cfg.Ejb3Column - Binding column: Ejb3JoinColumn{logicalColumnName='iddetalleoferta', referencedColumn='', mappedBy=''}
16:53:30.931 [main] DEBUG o.h.cfg.annotations.CollectionBinder - Collection role: com.fabiocompany.supermercadosdeltaplus.model.Detalleticket.detalleofertas
16:53:30.932 [main] DEBUG o.h.cfg.annotations.PropertyBinder - Building property detalleofertas
16:53:30.932 [main] DEBUG org.hibernate.cfg.Ejb3Column - Binding column: Ejb3Column{table=org.hibernate.mapping.Table(detalleticket), mappingColumn=montodepago, insertable=true, updatable=true, unique=false}
16:53:30.932 [main] DEBUG o.h.cfg.annotations.PropertyBinder - MetadataSourceProcessor property montodepago with lazy=false
16:53:30.933 [main] DEBUG o.h.cfg.AbstractPropertyHolder - Attempting to locate auto-apply AttributeConverter for property [com.fabiocompany.supermercadosdeltaplus.model.Detalleticket:montodepago]
16:53:30.933 [main] DEBUG o.h.c.annotations.SimpleValueBinder - building SimpleValue for montodepago
16:53:30.933 [main] DEBUG o.h.cfg.annotations.PropertyBinder - Building property montodepago
16:53:30.933 [main] DEBUG org.hibernate.cfg.Ejb3Column - Binding column: Ejb3Column{table=org.hibernate.mapping.Table(detalleticket), mappingColumn=null, insertable=true, updatable=true, unique=false}
16:53:30.934 [main] DEBUG org.hibernate.cfg.Ejb3Column - Binding column: Ejb3Column{table=org.hibernate.mapping.Table(detalleticket), mappingColumn=element, insertable=true, updatable=true, unique=false}
16:53:30.934 [main] DEBUG org.hibernate.cfg.Ejb3Column - Binding column: Ejb3Column{table=org.hibernate.mapping.Table(detalleticket), mappingColumn=productos_KEY, insertable=true, updatable=true, unique=false}
16:53:30.934 [main] DEBUG org.hibernate.cfg.Ejb3Column - Binding column: Ejb3JoinColumn{logicalColumnName='productos_KEY', referencedColumn='null', mappedBy='null'}
16:53:30.934 [main] DEBUG org.hibernate.cfg.Ejb3Column - Binding column: Ejb3JoinColumn{logicalColumnName='iddetalleticket', referencedColumn='', mappedBy=''}
16:53:30.934 [main] DEBUG org.hibernate.cfg.Ejb3Column - Binding column: Ejb3JoinColumn{logicalColumnName='idproducto', referencedColumn='', mappedBy=''}
16:53:30.934 [main] DEBUG o.h.cfg.annotations.CollectionBinder - Collection role: com.fabiocompany.supermercadosdeltaplus.model.Detalleticket.productos
16:53:30.934 [main] DEBUG o.h.cfg.annotations.PropertyBinder - Building property productos
16:53:30.935 [main] DEBUG org.hibernate.cfg.Ejb3Column - Binding column: Ejb3Column{table=org.hibernate.mapping.Table(detalleticket), mappingColumn=subtotal, insertable=true, updatable=true, unique=false}
16:53:30.935 [main] DEBUG o.h.cfg.annotations.PropertyBinder - MetadataSourceProcessor property subtotal with lazy=false
16:53:30.935 [main] DEBUG o.h.cfg.AbstractPropertyHolder - Attempting to locate auto-apply AttributeConverter for property [com.fabiocompany.supermercadosdeltaplus.model.Detalleticket:subtotal]
16:53:30.935 [main] DEBUG o.h.c.annotations.SimpleValueBinder - building SimpleValue for subtotal
16:53:30.935 [main] DEBUG o.h.cfg.annotations.PropertyBinder - Building property subtotal
16:53:30.935 [main] DEBUG org.hibernate.cfg.Ejb3Column - Binding column: Ejb3JoinColumn{logicalColumnName='idtipodepago', referencedColumn='', mappedBy=''}
16:53:30.936 [main] DEBUG org.hibernate.cfg.Ejb3Column - Binding column: Ejb3Column{table=org.hibernate.mapping.Table(detalleticket), mappingColumn=tipodepago, insertable=true, updatable=true, unique=false}
16:53:30.936 [main] DEBUG o.h.cfg.annotations.PropertyBinder - Building property tipodepago
16:53:30.936 [main] DEBUG org.hibernate.cfg.Ejb3Column - Binding column: Ejb3Column{table=org.hibernate.mapping.Table(detalleticket), mappingColumn=total, insertable=true, updatable=true, unique=false}
16:53:30.936 [main] DEBUG o.h.cfg.annotations.PropertyBinder - MetadataSourceProcessor property total with lazy=false
16:53:30.936 [main] DEBUG o.h.cfg.AbstractPropertyHolder - Attempting to locate auto-apply AttributeConverter for property [com.fabiocompany.supermercadosdeltaplus.model.Detalleticket:total]
16:53:30.937 [main] DEBUG o.h.c.annotations.SimpleValueBinder - building SimpleValue for total
16:53:30.937 [main] DEBUG o.h.cfg.annotations.PropertyBinder - Building property total
16:53:30.937 [main] DEBUG org.hibernate.cfg.AnnotationBinder - Binding entity from annotated class: com.fabiocompany.supermercadosdeltaplus.model.Personausuario
16:53:30.937 [main] DEBUG org.hibernate.cfg.Ejb3Column - Binding column: Ejb3DiscriminatorColumn{logicalColumnName'DTYPE', discriminatorTypeName='string'}
16:53:30.937 [main] DEBUG org.hibernate.cfg.AnnotationBinder - No value specified for 'javax.persistence.sharedCache.mode'; using UNSPECIFIED
16:53:30.937 [main] DEBUG o.h.cfg.annotations.EntityBinder - Import with entity name Personausuario
16:53:30.937 [main] DEBUG o.h.cfg.annotations.EntityBinder - Bind entity com.fabiocompany.supermercadosdeltaplus.model.Personausuario on table personausuario
16:53:30.940 [main] DEBUG org.hibernate.cfg.Ejb3Column - Binding column: Ejb3Column{table=org.hibernate.mapping.Table(personausuario), mappingColumn=idpersonausuario, insertable=true, updatable=true, unique=false}
16:53:30.941 [main] DEBUG o.h.cfg.annotations.PropertyBinder - MetadataSourceProcessor property idpersonausuario with lazy=false
16:53:30.941 [main] DEBUG o.h.cfg.AbstractPropertyHolder - Attempting to locate auto-apply AttributeConverter for property [com.fabiocompany.supermercadosdeltaplus.model.Personausuario:idpersonausuario]
16:53:30.941 [main] DEBUG o.h.c.annotations.SimpleValueBinder - building SimpleValue for idpersonausuario
16:53:30.941 [main] DEBUG o.h.cfg.annotations.PropertyBinder - Building property idpersonausuario
16:53:30.941 [main] DEBUG org.hibernate.cfg.Ejb3Column - Binding column: Ejb3Column{table=org.hibernate.mapping.Table(personausuario), mappingColumn=correo, insertable=true, updatable=true, unique=false}
16:53:30.941 [main] DEBUG o.h.cfg.annotations.PropertyBinder - MetadataSourceProcessor property correo with lazy=false
16:53:30.941 [main] DEBUG o.h.cfg.AbstractPropertyHolder - Attempting to locate auto-apply AttributeConverter for property [com.fabiocompany.supermercadosdeltaplus.model.Personausuario:correo]
16:53:30.942 [main] DEBUG o.h.c.annotations.SimpleValueBinder - building SimpleValue for correo
16:53:30.942 [main] DEBUG o.h.cfg.annotations.PropertyBinder - Building property correo
16:53:30.942 [main] DEBUG org.hibernate.cfg.Ejb3Column - Binding column: Ejb3Column{table=org.hibernate.mapping.Table(personausuario), mappingColumn=dnipersonausuario, insertable=true, updatable=true, unique=false}
16:53:30.942 [main] DEBUG o.h.cfg.annotations.PropertyBinder - MetadataSourceProcessor property dnipersonausuario with lazy=false
16:53:30.942 [main] DEBUG o.h.cfg.AbstractPropertyHolder - Attempting to locate auto-apply AttributeConverter for property [com.fabiocompany.supermercadosdeltaplus.model.Personausuario:dnipersonausuario]
16:53:30.942 [main] DEBUG o.h.c.annotations.SimpleValueBinder - building SimpleValue for dnipersonausuario
16:53:30.942 [main] DEBUG o.h.cfg.annotations.PropertyBinder - Building property dnipersonausuario
16:53:30.942 [main] DEBUG org.hibernate.cfg.Ejb3Column - Binding column: Ejb3Column{table=org.hibernate.mapping.Table(personausuario), mappingColumn=nombrepersonausuario, insertable=true, updatable=true, unique=false}
16:53:30.942 [main] DEBUG o.h.cfg.annotations.PropertyBinder - MetadataSourceProcessor property nombrepersonausuario with lazy=false
16:53:30.942 [main] DEBUG o.h.cfg.AbstractPropertyHolder - Attempting to locate auto-apply AttributeConverter for property [com.fabiocompany.supermercadosdeltaplus.model.Personausuario:nombrepersonausuario]
16:53:30.943 [main] DEBUG o.h.c.annotations.SimpleValueBinder - building SimpleValue for nombrepersonausuario
16:53:30.943 [main] DEBUG o.h.cfg.annotations.PropertyBinder - Building property nombrepersonausuario
16:53:30.943 [main] DEBUG org.hibernate.cfg.Ejb3Column - Binding column: Ejb3Column{table=org.hibernate.mapping.Table(personausuario), mappingColumn=numerodetelefono, insertable=true, updatable=true, unique=false}
16:53:30.943 [main] DEBUG o.h.cfg.annotations.PropertyBinder - MetadataSourceProcessor property numerodetelefono with lazy=false
16:53:30.943 [main] DEBUG o.h.cfg.AbstractPropertyHolder - Attempting to locate auto-apply AttributeConverter for property [com.fabiocompany.supermercadosdeltaplus.model.Personausuario:numerodetelefono]
16:53:30.944 [main] DEBUG o.h.c.annotations.SimpleValueBinder - building SimpleValue for numerodetelefono
16:53:30.944 [main] DEBUG o.h.cfg.annotations.PropertyBinder - Building property numerodetelefono
16:53:30.944 [main] DEBUG org.hibernate.cfg.AnnotationBinder - Binding entity from annotated class: com.fabiocompany.supermercadosdeltaplus.model.Producto
16:53:30.944 [main] DEBUG org.hibernate.cfg.Ejb3Column - Binding column: Ejb3DiscriminatorColumn{logicalColumnName'DTYPE', discriminatorTypeName='string'}
16:53:30.944 [main] DEBUG org.hibernate.cfg.AnnotationBinder - No value specified for 'javax.persistence.sharedCache.mode'; using UNSPECIFIED
16:53:30.944 [main] DEBUG o.h.cfg.annotations.EntityBinder - Import with entity name Producto
16:53:30.945 [main] DEBUG o.h.cfg.annotations.EntityBinder - Bind entity com.fabiocompany.supermercadosdeltaplus.model.Producto on table producto
16:53:30.947 [main] DEBUG org.hibernate.cfg.Ejb3Column - Binding column: Ejb3Column{table=org.hibernate.mapping.Table(producto), mappingColumn=idproducto, insertable=true, updatable=true, unique=false}
16:53:30.947 [main] DEBUG o.h.cfg.annotations.PropertyBinder - MetadataSourceProcessor property idproducto with lazy=false
16:53:30.947 [main] DEBUG o.h.cfg.AbstractPropertyHolder - Attempting to locate auto-apply AttributeConverter for property [com.fabiocompany.supermercadosdeltaplus.model.Producto:idproducto]
16:53:30.948 [main] DEBUG o.h.c.annotations.SimpleValueBinder - building SimpleValue for idproducto
16:53:30.948 [main] DEBUG o.h.cfg.annotations.PropertyBinder - Building property idproducto
16:53:30.948 [main] DEBUG org.hibernate.cfg.Ejb3Column - Binding column: Ejb3Column{table=org.hibernate.mapping.Table(producto), mappingColumn=descripcion, insertable=true, updatable=true, unique=false}
16:53:30.948 [main] DEBUG o.h.cfg.annotations.PropertyBinder - MetadataSourceProcessor property descripcion with lazy=false
16:53:30.948 [main] DEBUG o.h.cfg.AbstractPropertyHolder - Attempting to locate auto-apply AttributeConverter for property [com.fabiocompany.supermercadosdeltaplus.model.Producto:descripcion]
16:53:30.949 [main] DEBUG o.h.c.annotations.SimpleValueBinder - building SimpleValue for descripcion
16:53:30.949 [main] DEBUG o.h.cfg.annotations.PropertyBinder - Building property descripcion
16:53:30.949 [main] DEBUG org.hibernate.cfg.Ejb3Column - Binding column: Ejb3Column{table=org.hibernate.mapping.Table(producto), mappingColumn=null, insertable=true, updatable=true, unique=false}
16:53:30.950 [main] DEBUG org.hibernate.cfg.Ejb3Column - Binding column: Ejb3Column{table=org.hibernate.mapping.Table(producto), mappingColumn=element, insertable=true, updatable=true, unique=false}
16:53:30.950 [main] DEBUG org.hibernate.cfg.Ejb3Column - Binding column: Ejb3Column{table=org.hibernate.mapping.Table(producto), mappingColumn=detalletickets_KEY, insertable=true, updatable=true, unique=false}
16:53:30.950 [main] DEBUG org.hibernate.cfg.Ejb3Column - Binding column: Ejb3JoinColumn{logicalColumnName='detalletickets_KEY', referencedColumn='null', mappedBy='null'}
16:53:30.950 [main] DEBUG org.hibernate.cfg.Ejb3Column - Binding column: Ejb3JoinColumn{logicalColumnName='null', referencedColumn='null', mappedBy='productos'}
16:53:30.950 [main] DEBUG org.hibernate.cfg.Ejb3Column - Binding column: Ejb3JoinColumn{logicalColumnName='null', referencedColumn='null', mappedBy='productos'}
16:53:30.950 [main] DEBUG o.h.cfg.annotations.CollectionBinder - Collection role: com.fabiocompany.supermercadosdeltaplus.model.Producto.detalletickets
16:53:30.950 [main] DEBUG o.h.cfg.annotations.PropertyBinder - Building property detalletickets
16:53:30.951 [main] DEBUG org.hibernate.cfg.Ejb3Column - Binding column: Ejb3Column{table=org.hibernate.mapping.Table(producto), mappingColumn=precio, insertable=true, updatable=true, unique=false}
16:53:30.951 [main] DEBUG o.h.cfg.annotations.PropertyBinder - MetadataSourceProcessor property precio with lazy=false
16:53:30.951 [main] DEBUG o.h.cfg.AbstractPropertyHolder - Attempting to locate auto-apply AttributeConverter for property [com.fabiocompany.supermercadosdeltaplus.model.Producto:precio]
16:53:30.951 [main] DEBUG o.h.c.annotations.SimpleValueBinder - building SimpleValue for precio
16:53:30.951 [main] DEBUG o.h.cfg.annotations.PropertyBinder - Building property precio
16:53:30.951 [main] DEBUG org.hibernate.cfg.AnnotationBinder - Binding entity from annotated class: com.fabiocompany.supermercadosdeltaplus.model.Tarjeta
16:53:30.952 [main] DEBUG org.hibernate.cfg.Ejb3Column - Binding column: Ejb3DiscriminatorColumn{logicalColumnName'DTYPE', discriminatorTypeName='string'}
16:53:30.952 [main] DEBUG org.hibernate.cfg.AnnotationBinder - No value specified for 'javax.persistence.sharedCache.mode'; using UNSPECIFIED
16:53:30.952 [main] DEBUG o.h.cfg.annotations.EntityBinder - Import with entity name Tarjeta
16:53:30.952 [main] DEBUG o.h.cfg.annotations.EntityBinder - Bind entity com.fabiocompany.supermercadosdeltaplus.model.Tarjeta on table tarjeta
16:53:30.954 [main] DEBUG org.hibernate.cfg.Ejb3Column - Binding column: Ejb3Column{table=org.hibernate.mapping.Table(tarjeta), mappingColumn=idtarjeta, insertable=true, updatable=true, unique=false}
16:53:30.955 [main] DEBUG o.h.cfg.annotations.PropertyBinder - MetadataSourceProcessor property idtarjeta with lazy=false
16:53:30.955 [main] DEBUG o.h.cfg.AbstractPropertyHolder - Attempting to locate auto-apply AttributeConverter for property [com.fabiocompany.supermercadosdeltaplus.model.Tarjeta:idtarjeta]
16:53:30.955 [main] DEBUG o.h.c.annotations.SimpleValueBinder - building SimpleValue for idtarjeta
16:53:30.955 [main] DEBUG o.h.cfg.annotations.PropertyBinder - Building property idtarjeta
16:53:30.955 [main] DEBUG org.hibernate.cfg.Ejb3Column - Binding column: Ejb3Column{table=org.hibernate.mapping.Table(tarjeta), mappingColumn=nombretarjeta, insertable=true, updatable=true, unique=false}
16:53:30.955 [main] DEBUG o.h.cfg.annotations.PropertyBinder - MetadataSourceProcessor property nombretarjeta with lazy=false
16:53:30.956 [main] DEBUG o.h.cfg.AbstractPropertyHolder - Attempting to locate auto-apply AttributeConverter for property [com.fabiocompany.supermercadosdeltaplus.model.Tarjeta:nombretarjeta]
16:53:30.956 [main] DEBUG o.h.c.annotations.SimpleValueBinder - building SimpleValue for nombretarjeta
16:53:30.956 [main] DEBUG o.h.cfg.annotations.PropertyBinder - Building property nombretarjeta
16:53:30.963 [main] DEBUG org.hibernate.cfg.Ejb3Column - Binding column: Ejb3Column{table=org.hibernate.mapping.Table(tarjeta), mappingColumn=numtarjeta, insertable=true, updatable=true, unique=false}
16:53:30.963 [main] DEBUG o.h.cfg.annotations.PropertyBinder - MetadataSourceProcessor property numtarjeta with lazy=false
16:53:30.963 [main] DEBUG o.h.cfg.AbstractPropertyHolder - Attempting to locate auto-apply AttributeConverter for property [com.fabiocompany.supermercadosdeltaplus.model.Tarjeta:numtarjeta]
16:53:30.963 [main] DEBUG o.h.c.annotations.SimpleValueBinder - building SimpleValue for numtarjeta
16:53:30.964 [main] DEBUG o.h.cfg.annotations.PropertyBinder - Building property numtarjeta
16:53:30.964 [main] DEBUG org.hibernate.cfg.Ejb3Column - Binding column: Ejb3JoinColumn{logicalColumnName='idtipodepago', referencedColumn='', mappedBy=''}
16:53:30.964 [main] DEBUG org.hibernate.cfg.Ejb3Column - Binding column: Ejb3Column{table=org.hibernate.mapping.Table(tarjeta), mappingColumn=tipodepago, insertable=true, updatable=true, unique=false}
16:53:30.964 [main] DEBUG o.h.cfg.annotations.PropertyBinder - Building property tipodepago
16:53:30.964 [main] DEBUG org.hibernate.cfg.AnnotationBinder - Binding entity from annotated class: com.fabiocompany.supermercadosdeltaplus.model.Tipodepago
16:53:30.964 [main] DEBUG org.hibernate.cfg.Ejb3Column - Binding column: Ejb3DiscriminatorColumn{logicalColumnName'DTYPE', discriminatorTypeName='string'}
16:53:30.964 [main] DEBUG org.hibernate.cfg.AnnotationBinder - No value specified for 'javax.persistence.sharedCache.mode'; using UNSPECIFIED
16:53:30.965 [main] DEBUG o.h.cfg.annotations.EntityBinder - Import with entity name Tipodepago
16:53:30.965 [main] DEBUG o.h.cfg.annotations.EntityBinder - Bind entity com.fabiocompany.supermercadosdeltaplus.model.Tipodepago on table tipodepago
16:53:30.967 [main] DEBUG org.hibernate.cfg.Ejb3Column - Binding column: Ejb3Column{table=org.hibernate.mapping.Table(tipodepago), mappingColumn=idtipodepago, insertable=true, updatable=true, unique=false}
16:53:30.967 [main] DEBUG o.h.cfg.annotations.PropertyBinder - MetadataSourceProcessor property idtipodepago with lazy=false
16:53:30.967 [main] DEBUG o.h.cfg.AbstractPropertyHolder - Attempting to locate auto-apply AttributeConverter for property [com.fabiocompany.supermercadosdeltaplus.model.Tipodepago:idtipodepago]
16:53:30.967 [main] DEBUG o.h.c.annotations.SimpleValueBinder - building SimpleValue for idtipodepago
16:53:30.967 [main] DEBUG o.h.cfg.annotations.PropertyBinder - Building property idtipodepago
16:53:30.968 [main] DEBUG org.hibernate.cfg.Ejb3Column - Binding column: Ejb3Column{table=org.hibernate.mapping.Table(tipodepago), mappingColumn=descripciontipodepago, insertable=true, updatable=true, unique=false}
16:53:30.968 [main] DEBUG o.h.cfg.annotations.PropertyBinder - MetadataSourceProcessor property descripciontipodepago with lazy=false
16:53:30.968 [main] DEBUG o.h.cfg.AbstractPropertyHolder - Attempting to locate auto-apply AttributeConverter for property [com.fabiocompany.supermercadosdeltaplus.model.Tipodepago:descripciontipodepago]
16:53:30.968 [main] DEBUG o.h.c.annotations.SimpleValueBinder - building SimpleValue for descripciontipodepago
16:53:30.968 [main] DEBUG o.h.cfg.annotations.PropertyBinder - Building property descripciontipodepago
16:53:30.968 [main] DEBUG org.hibernate.cfg.Ejb3Column - Binding column: Ejb3JoinColumn{logicalColumnName='idtipodepago', referencedColumn='', mappedBy=''}
16:53:30.968 [main] DEBUG org.hibernate.cfg.Ejb3Column - Binding column: Ejb3Column{table=org.hibernate.mapping.Table(tipodepago), mappingColumn=detalletickets, insertable=true, updatable=true, unique=false}
16:53:30.969 [main] DEBUG org.hibernate.cfg.Ejb3Column - Binding column: Ejb3Column{table=org.hibernate.mapping.Table(tipodepago), mappingColumn=idx, insertable=true, updatable=true, unique=false}
16:53:30.969 [main] DEBUG org.hibernate.cfg.Ejb3Column - Binding column: Ejb3Column{table=org.hibernate.mapping.Table(tipodepago), mappingColumn=element, insertable=true, updatable=true, unique=false}
16:53:30.969 [main] DEBUG org.hibernate.cfg.Ejb3Column - Binding column: Ejb3Column{table=org.hibernate.mapping.Table(tipodepago), mappingColumn=detalletickets_KEY, insertable=true, updatable=true, unique=false}
16:53:30.969 [main] DEBUG org.hibernate.cfg.Ejb3Column - Binding column: Ejb3JoinColumn{logicalColumnName='detalletickets_KEY', referencedColumn='null', mappedBy='null'}
16:53:30.969 [main] DEBUG org.hibernate.cfg.Ejb3Column - Binding column: Ejb3JoinColumn{logicalColumnName='null', referencedColumn='null', mappedBy=''}
16:53:30.970 [main] DEBUG org.hibernate.cfg.Ejb3Column - Binding column: Ejb3JoinColumn{logicalColumnName='null', referencedColumn='null', mappedBy=''}
16:53:30.970 [main] DEBUG o.h.cfg.annotations.CollectionBinder - Collection role: com.fabiocompany.supermercadosdeltaplus.model.Tipodepago.detalletickets
16:53:30.970 [main] DEBUG o.h.cfg.annotations.PropertyBinder - Building property detalletickets
16:53:30.970 [main] DEBUG org.hibernate.cfg.Ejb3Column - Binding column: Ejb3JoinColumn{logicalColumnName='idtipodepago', referencedColumn='', mappedBy=''}
16:53:30.970 [main] DEBUG org.hibernate.cfg.Ejb3Column - Binding column: Ejb3Column{table=org.hibernate.mapping.Table(tipodepago), mappingColumn=tarjetas, insertable=true, updatable=true, unique=false}
16:53:30.970 [main] DEBUG org.hibernate.cfg.Ejb3Column - Binding column: Ejb3Column{table=org.hibernate.mapping.Table(tipodepago), mappingColumn=idx, insertable=true, updatable=true, unique=false}
16:53:30.971 [main] DEBUG org.hibernate.cfg.Ejb3Column - Binding column: Ejb3Column{table=org.hibernate.mapping.Table(tipodepago), mappingColumn=element, insertable=true, updatable=true, unique=false}
16:53:30.972 [main] DEBUG org.hibernate.cfg.Ejb3Column - Binding column: Ejb3Column{table=org.hibernate.mapping.Table(tipodepago), mappingColumn=tarjetas_KEY, insertable=true, updatable=true, unique=false}
16:53:30.973 [main] DEBUG org.hibernate.cfg.Ejb3Column - Binding column: Ejb3JoinColumn{logicalColumnName='tarjetas_KEY', referencedColumn='null', mappedBy='null'}
16:53:30.973 [main] DEBUG org.hibernate.cfg.Ejb3Column - Binding column: Ejb3JoinColumn{logicalColumnName='null', referencedColumn='null', mappedBy=''}
16:53:30.973 [main] DEBUG org.hibernate.cfg.Ejb3Column - Binding column: Ejb3JoinColumn{logicalColumnName='null', referencedColumn='null', mappedBy=''}
16:53:30.974 [main] DEBUG o.h.cfg.annotations.CollectionBinder - Collection role: com.fabiocompany.supermercadosdeltaplus.model.Tipodepago.tarjetas
16:53:30.974 [main] DEBUG o.h.cfg.annotations.PropertyBinder - Building property tarjetas
16:53:30.975 [main] DEBUG org.hibernate.cfg.AnnotationBinder - Binding entity from annotated class: com.fabiocompany.supermercadosdeltaplus.model.Usuario
16:53:30.975 [main] DEBUG org.hibernate.cfg.Ejb3Column - Binding column: Ejb3DiscriminatorColumn{logicalColumnName'DTYPE', discriminatorTypeName='string'}
16:53:30.975 [main] DEBUG org.hibernate.cfg.AnnotationBinder - No value specified for 'javax.persistence.sharedCache.mode'; using UNSPECIFIED
16:53:30.975 [main] DEBUG o.h.cfg.annotations.EntityBinder - Import with entity name Usuario
16:53:30.976 [main] DEBUG o.h.cfg.annotations.EntityBinder - Bind entity com.fabiocompany.supermercadosdeltaplus.model.Usuario on table usuario
16:53:30.983 [main] DEBUG org.hibernate.cfg.Ejb3Column - Binding column: Ejb3Column{table=org.hibernate.mapping.Table(usuario), mappingColumn=idusuario, insertable=true, updatable=true, unique=false}
16:53:30.983 [main] DEBUG o.h.cfg.annotations.PropertyBinder - MetadataSourceProcessor property idusuario with lazy=false
16:53:30.983 [main] DEBUG o.h.cfg.AbstractPropertyHolder - Attempting to locate auto-apply AttributeConverter for property [com.fabiocompany.supermercadosdeltaplus.model.Usuario:idusuario]
16:53:30.983 [main] DEBUG o.h.c.annotations.SimpleValueBinder - building SimpleValue for idusuario
16:53:30.984 [main] DEBUG o.h.cfg.annotations.PropertyBinder - Building property idusuario
16:53:30.984 [main] DEBUG org.hibernate.cfg.Ejb3Column - Binding column: Ejb3JoinColumn{logicalColumnName='idusuario', referencedColumn='', mappedBy=''}
16:53:30.984 [main] DEBUG org.hibernate.cfg.Ejb3Column - Binding column: Ejb3Column{table=org.hibernate.mapping.Table(usuario), mappingColumn=cabeceratickets, insertable=true, updatable=true, unique=false}
16:53:30.984 [main] DEBUG org.hibernate.cfg.Ejb3Column - Binding column: Ejb3Column{table=org.hibernate.mapping.Table(usuario), mappingColumn=idx, insertable=true, updatable=true, unique=false}
16:53:30.985 [main] DEBUG org.hibernate.cfg.Ejb3Column - Binding column: Ejb3Column{table=org.hibernate.mapping.Table(usuario), mappingColumn=element, insertable=true, updatable=true, unique=false}
16:53:30.985 [main] DEBUG org.hibernate.cfg.Ejb3Column - Binding column: Ejb3Column{table=org.hibernate.mapping.Table(usuario), mappingColumn=cabeceratickets_KEY, insertable=true, updatable=true, unique=false}
16:53:30.985 [main] DEBUG org.hibernate.cfg.Ejb3Column - Binding column: Ejb3JoinColumn{logicalColumnName='cabeceratickets_KEY', referencedColumn='null', mappedBy='null'}
16:53:30.985 [main] DEBUG org.hibernate.cfg.Ejb3Column - Binding column: Ejb3JoinColumn{logicalColumnName='null', referencedColumn='null', mappedBy=''}
16:53:30.985 [main] DEBUG org.hibernate.cfg.Ejb3Column - Binding column: Ejb3JoinColumn{logicalColumnName='null', referencedColumn='null', mappedBy=''}
16:53:30.986 [main] DEBUG o.h.cfg.annotations.CollectionBinder - Collection role: com.fabiocompany.supermercadosdeltaplus.model.Usuario.cabeceratickets
16:53:30.987 [main] DEBUG o.h.cfg.annotations.PropertyBinder - Building property cabeceratickets
16:53:30.987 [main] DEBUG org.hibernate.cfg.Ejb3Column - Binding column: Ejb3Column{table=org.hibernate.mapping.Table(usuario), mappingColumn=contraseniausuario, insertable=true, updatable=true, unique=false}
16:53:30.987 [main] DEBUG o.h.cfg.annotations.PropertyBinder - MetadataSourceProcessor property contraseniausuario with lazy=false
16:53:30.987 [main] DEBUG o.h.cfg.AbstractPropertyHolder - Attempting to locate auto-apply AttributeConverter for property [com.fabiocompany.supermercadosdeltaplus.model.Usuario:contraseniausuario]
16:53:30.988 [main] DEBUG o.h.c.annotations.SimpleValueBinder - building SimpleValue for contraseniausuario
16:53:30.988 [main] DEBUG o.h.cfg.annotations.PropertyBinder - Building property contraseniausuario
16:53:30.989 [main] DEBUG org.hibernate.cfg.Ejb3Column - Binding column: Ejb3Column{table=org.hibernate.mapping.Table(usuario), mappingColumn=nombreusuario, insertable=true, updatable=true, unique=false}
16:53:30.990 [main] DEBUG o.h.cfg.annotations.PropertyBinder - MetadataSourceProcessor property nombreusuario with lazy=false
16:53:30.991 [main] DEBUG o.h.cfg.AbstractPropertyHolder - Attempting to locate auto-apply AttributeConverter for property [com.fabiocompany.supermercadosdeltaplus.model.Usuario:nombreusuario]
16:53:30.991 [main] DEBUG o.h.c.annotations.SimpleValueBinder - building SimpleValue for nombreusuario
16:53:30.992 [main] DEBUG o.h.cfg.annotations.PropertyBinder - Building property nombreusuario
16:53:30.992 [main] DEBUG org.hibernate.cfg.Ejb3Column - Binding column: Ejb3JoinColumn{logicalColumnName='null', referencedColumn='null', mappedBy=''}
16:53:30.992 [main] DEBUG org.hibernate.cfg.Ejb3Column - Binding column: Ejb3Column{table=org.hibernate.mapping.Table(usuario), mappingColumn=personausuario, insertable=true, updatable=true, unique=false}
16:53:30.995 [main] DEBUG org.hibernate.cfg.Ejb3Column - Binding column: Ejb3Column{table=org.hibernate.mapping.Table(usuario), mappingColumn=tipodeusuario, insertable=true, updatable=true, unique=false}
16:53:30.996 [main] DEBUG o.h.cfg.annotations.PropertyBinder - MetadataSourceProcessor property tipodeusuario with lazy=false
16:53:30.996 [main] DEBUG o.h.cfg.AbstractPropertyHolder - Attempting to locate auto-apply AttributeConverter for property [com.fabiocompany.supermercadosdeltaplus.model.Usuario:tipodeusuario]
16:53:30.996 [main] DEBUG o.h.c.annotations.SimpleValueBinder - building SimpleValue for tipodeusuario
16:53:30.996 [main] DEBUG o.h.cfg.annotations.PropertyBinder - Building property tipodeusuario
16:53:30.997 [main] DEBUG o.h.c.annotations.SimpleValueBinder - Starting fillSimpleValue for idticket
16:53:30.998 [main] DEBUG o.h.c.annotations.SimpleValueBinder - Starting fillSimpleValue for fecha
16:53:30.998 [main] DEBUG o.h.c.annotations.SimpleValueBinder - Starting fillSimpleValue for iddetalleoferta
16:53:30.998 [main] DEBUG o.h.c.annotations.SimpleValueBinder - Starting fillSimpleValue for descripciondepromocion
16:53:30.998 [main] DEBUG o.h.c.annotations.SimpleValueBinder - Starting fillSimpleValue for montodedescuento
16:53:30.998 [main] DEBUG o.h.c.annotations.SimpleValueBinder - Starting fillSimpleValue for iddetalleticket
16:53:30.998 [main] DEBUG o.h.c.annotations.SimpleValueBinder - Starting fillSimpleValue for cantidad
16:53:30.998 [main] DEBUG o.h.c.annotations.SimpleValueBinder - Starting fillSimpleValue for cantidadporproducto
16:53:30.999 [main] DEBUG o.h.c.annotations.SimpleValueBinder - Starting fillSimpleValue for montodepago
16:53:30.999 [main] DEBUG o.h.c.annotations.SimpleValueBinder - Starting fillSimpleValue for subtotal
16:53:30.999 [main] DEBUG o.h.c.annotations.SimpleValueBinder - Starting fillSimpleValue for total
16:53:30.999 [main] DEBUG o.h.c.annotations.SimpleValueBinder - Starting fillSimpleValue for idpersonausuario
16:53:30.999 [main] DEBUG o.h.c.annotations.SimpleValueBinder - Starting fillSimpleValue for correo
16:53:30.999 [main] DEBUG o.h.c.annotations.SimpleValueBinder - Starting fillSimpleValue for dnipersonausuario
16:53:30.999 [main] DEBUG o.h.c.annotations.SimpleValueBinder - Starting fillSimpleValue for nombrepersonausuario
16:53:30.999 [main] DEBUG o.h.c.annotations.SimpleValueBinder - Starting fillSimpleValue for numerodetelefono
16:53:30.999 [main] DEBUG o.h.c.annotations.SimpleValueBinder - Starting fillSimpleValue for idproducto
16:53:31.000 [main] DEBUG o.h.c.annotations.SimpleValueBinder - Starting fillSimpleValue for descripcion
16:53:31.000 [main] DEBUG o.h.c.annotations.SimpleValueBinder - Starting fillSimpleValue for precio
16:53:31.000 [main] DEBUG o.h.c.annotations.SimpleValueBinder - Starting fillSimpleValue for idtarjeta
16:53:31.000 [main] DEBUG o.h.c.annotations.SimpleValueBinder - Starting fillSimpleValue for nombretarjeta
16:53:31.000 [main] DEBUG o.h.c.annotations.SimpleValueBinder - Starting fillSimpleValue for numtarjeta
16:53:31.000 [main] DEBUG o.h.c.annotations.SimpleValueBinder - Starting fillSimpleValue for idtipodepago
16:53:31.000 [main] DEBUG o.h.c.annotations.SimpleValueBinder - Starting fillSimpleValue for descripciontipodepago
16:53:31.001 [main] DEBUG o.h.c.annotations.SimpleValueBinder - Starting fillSimpleValue for idusuario
16:53:31.001 [main] DEBUG o.h.c.annotations.SimpleValueBinder - Starting fillSimpleValue for contraseniausuario
16:53:31.001 [main] DEBUG o.h.c.annotations.SimpleValueBinder - Starting fillSimpleValue for nombreusuario
16:53:31.001 [main] DEBUG o.h.c.annotations.SimpleValueBinder - Starting fillSimpleValue for tipodeusuario
16:53:31.002 [main] DEBUG org.hibernate.cfg.Configuration - Processing fk mappings (*ToOne and JoinedSubclass)
16:53:31.012 [main] DEBUG org.hibernate.cfg.Configuration - Processing extends queue
16:53:31.012 [main] DEBUG org.hibernate.cfg.Configuration - Processing extends queue
16:53:31.012 [main] DEBUG org.hibernate.cfg.Configuration - Processing collection mappings
16:53:31.014 [main] DEBUG o.h.cfg.annotations.PropertyBinder - Building property personausuario
16:53:31.014 [main] DEBUG o.hibernate.cfg.CollectionSecondPass - Second pass for collection: com.fabiocompany.supermercadosdeltaplus.model.Usuario.cabeceratickets
16:53:31.014 [main] DEBUG o.h.cfg.annotations.CollectionBinder - Binding a OneToMany: com.fabiocompany.supermercadosdeltaplus.model.Usuario.cabeceratickets through a foreign key
16:53:31.015 [main] DEBUG o.h.cfg.annotations.CollectionBinder - Mapping collection: com.fabiocompany.supermercadosdeltaplus.model.Usuario.cabeceratickets -> cabeceraticket
16:53:31.018 [main] DEBUG o.hibernate.cfg.CollectionSecondPass - Mapped collection key: idusuario, one-to-many: com.fabiocompany.supermercadosdeltaplus.model.Cabeceraticket
16:53:31.018 [main] DEBUG o.hibernate.cfg.CollectionSecondPass - Second pass for collection: com.fabiocompany.supermercadosdeltaplus.model.Tipodepago.tarjetas
16:53:31.018 [main] DEBUG o.h.cfg.annotations.CollectionBinder - Binding a OneToMany: com.fabiocompany.supermercadosdeltaplus.model.Tipodepago.tarjetas through a foreign key
16:53:31.018 [main] DEBUG o.h.cfg.annotations.CollectionBinder - Mapping collection: com.fabiocompany.supermercadosdeltaplus.model.Tipodepago.tarjetas -> tarjeta
16:53:31.018 [main] DEBUG o.hibernate.cfg.CollectionSecondPass - Mapped collection key: idtipodepago, one-to-many: com.fabiocompany.supermercadosdeltaplus.model.Tarjeta
16:53:31.018 [main] DEBUG o.hibernate.cfg.CollectionSecondPass - Second pass for collection: com.fabiocompany.supermercadosdeltaplus.model.Tipodepago.detalletickets
16:53:31.018 [main] DEBUG o.h.cfg.annotations.CollectionBinder - Binding a OneToMany: com.fabiocompany.supermercadosdeltaplus.model.Tipodepago.detalletickets through a foreign key
16:53:31.018 [main] DEBUG o.h.cfg.annotations.CollectionBinder - Mapping collection: com.fabiocompany.supermercadosdeltaplus.model.Tipodepago.detalletickets -> detalleticket
16:53:31.019 [main] DEBUG o.hibernate.cfg.CollectionSecondPass - Mapped collection key: idtipodepago, one-to-many: com.fabiocompany.supermercadosdeltaplus.model.Detalleticket
16:53:31.019 [main] DEBUG o.hibernate.cfg.CollectionSecondPass - Second pass for collection: com.fabiocompany.supermercadosdeltaplus.model.Detalleticket.productos
16:53:31.019 [main] DEBUG o.h.cfg.annotations.CollectionBinder - Binding as ManyToMany: com.fabiocompany.supermercadosdeltaplus.model.Detalleticket.productos
16:53:31.023 [main] DEBUG o.hibernate.cfg.CollectionSecondPass - Mapped collection key: iddetalleticket, element: idproducto
16:53:31.023 [main] DEBUG o.hibernate.cfg.CollectionSecondPass - Second pass for collection: com.fabiocompany.supermercadosdeltaplus.model.Detalleticket.detalleofertas
16:53:31.023 [main] DEBUG o.h.cfg.annotations.CollectionBinder - Binding as ManyToMany: com.fabiocompany.supermercadosdeltaplus.model.Detalleticket.detalleofertas
16:53:31.025 [main] DEBUG o.hibernate.cfg.CollectionSecondPass - Mapped collection key: iddetalleticket, element: iddetalleoferta
16:53:31.025 [main] DEBUG o.hibernate.cfg.CollectionSecondPass - Second pass for collection: com.fabiocompany.supermercadosdeltaplus.model.Cabeceraticket.detalletickets
16:53:31.025 [main] DEBUG o.h.cfg.annotations.CollectionBinder - Binding a OneToMany: com.fabiocompany.supermercadosdeltaplus.model.Cabeceraticket.detalletickets through a foreign key
16:53:31.025 [main] DEBUG o.h.cfg.annotations.CollectionBinder - Mapping collection: com.fabiocompany.supermercadosdeltaplus.model.Cabeceraticket.detalletickets -> detalleticket
16:53:31.025 [main] DEBUG o.hibernate.cfg.CollectionSecondPass - Mapped collection key: idticket, one-to-many: com.fabiocompany.supermercadosdeltaplus.model.Detalleticket
16:53:31.025 [main] DEBUG o.hibernate.cfg.CollectionSecondPass - Second pass for collection: com.fabiocompany.supermercadosdeltaplus.model.Detalleoferta.detalletickets
16:53:31.027 [main] DEBUG o.h.cfg.annotations.CollectionBinder - Binding as ManyToMany: com.fabiocompany.supermercadosdeltaplus.model.Detalleoferta.detalletickets
16:53:31.027 [main] DEBUG o.h.cfg.annotations.TableBinder - Retrieving property com.fabiocompany.supermercadosdeltaplus.model.Detalleticket.detalleofertas
16:53:31.027 [main] DEBUG o.hibernate.cfg.CollectionSecondPass - Mapped collection key: iddetalleoferta, element: iddetalleticket
16:53:31.027 [main] DEBUG o.hibernate.cfg.CollectionSecondPass - Second pass for collection: com.fabiocompany.supermercadosdeltaplus.model.Producto.detalletickets
16:53:31.027 [main] DEBUG o.h.cfg.annotations.CollectionBinder - Binding as ManyToMany: com.fabiocompany.supermercadosdeltaplus.model.Producto.detalletickets
16:53:31.027 [main] DEBUG o.h.cfg.annotations.TableBinder - Retrieving property com.fabiocompany.supermercadosdeltaplus.model.Detalleticket.productos
16:53:31.028 [main] DEBUG o.hibernate.cfg.CollectionSecondPass - Mapped collection key: idproducto, element: iddetalleticket
16:53:31.028 [main] DEBUG org.hibernate.cfg.Configuration - Processing native query and ResultSetMapping mappings
16:53:31.028 [main] DEBUG org.hibernate.cfg.Configuration - Processing association property references
16:53:31.028 [main] DEBUG org.hibernate.cfg.Configuration - Creating tables' unique integer identifiers
16:53:31.028 [main] DEBUG org.hibernate.cfg.Configuration - Processing foreign key constraints
16:53:31.028 [main] DEBUG org.hibernate.cfg.Configuration - Resolving reference to class: com.fabiocompany.supermercadosdeltaplus.model.Usuario
16:53:31.028 [main] DEBUG org.hibernate.cfg.Configuration - Resolving reference to class: com.fabiocompany.supermercadosdeltaplus.model.Cabeceraticket
16:53:31.028 [main] DEBUG org.hibernate.cfg.Configuration - Resolving reference to class: com.fabiocompany.supermercadosdeltaplus.model.Tipodepago
16:53:31.028 [main] DEBUG org.hibernate.cfg.Configuration - Resolving reference to class: com.fabiocompany.supermercadosdeltaplus.model.Tipodepago
16:53:31.029 [main] DEBUG org.hibernate.cfg.Configuration - Resolving reference to class: com.fabiocompany.supermercadosdeltaplus.model.Detalleoferta
16:53:31.029 [main] DEBUG org.hibernate.cfg.Configuration - Resolving reference to class: com.fabiocompany.supermercadosdeltaplus.model.Detalleticket
16:53:31.029 [main] DEBUG org.hibernate.cfg.Configuration - Resolving reference to class: com.fabiocompany.supermercadosdeltaplus.model.Producto
16:53:31.029 [main] DEBUG org.hibernate.cfg.Configuration - Resolving reference to class: com.fabiocompany.supermercadosdeltaplus.model.Detalleticket
16:53:31.034 [main] DEBUG o.h.e.t.j.p.i.JtaPlatformInitiator - No JtaPlatform was specified, checking resolver
16:53:31.035 [main] DEBUG o.h.e.t.j.p.i.JtaPlatformResolverInitiator - No JtaPlatformResolver was specified, using default [org.hibernate.engine.transaction.jta.platform.internal.StandardJtaPlatformResolver]
16:53:31.039 [main] DEBUG o.h.e.t.j.p.i.StandardJtaPlatformResolver - Could not resolve JtaPlatform, using default [org.hibernate.engine.transaction.jta.platform.internal.NoJtaPlatform]
16:53:31.043 [main] DEBUG org.hibernate.cfg.SettingsFactory - Automatic flush during beforeCompletion(): disabled
16:53:31.043 [main] DEBUG org.hibernate.cfg.SettingsFactory - Automatic session close at end of transaction: disabled
16:53:31.043 [main] DEBUG org.hibernate.cfg.SettingsFactory - JDBC batch size: 15
16:53:31.043 [main] DEBUG org.hibernate.cfg.SettingsFactory - JDBC batch updates for versioned data: disabled
16:53:31.043 [main] DEBUG org.hibernate.cfg.SettingsFactory - Scrollable result sets: enabled
16:53:31.044 [main] DEBUG org.hibernate.cfg.SettingsFactory - Wrap result sets: disabled
16:53:31.044 [main] DEBUG org.hibernate.cfg.SettingsFactory - JDBC3 getGeneratedKeys(): enabled
16:53:31.044 [main] DEBUG org.hibernate.cfg.SettingsFactory - multi-tenancy strategy : NONE
16:53:31.044 [main] DEBUG org.hibernate.cfg.SettingsFactory - Connection release mode: auto
16:53:31.044 [main] INFO  o.h.e.t.i.TransactionFactoryInitiator - HHH000399: Using default transaction strategy (direct JDBC transactions)
16:53:31.049 [main] DEBUG org.hibernate.cfg.SettingsFactory - Using BatchFetchStyle : LEGACY
16:53:31.049 [main] DEBUG org.hibernate.cfg.SettingsFactory - Maximum outer join fetch depth: 2
16:53:31.049 [main] DEBUG org.hibernate.cfg.SettingsFactory - Default batch fetch size: 1
16:53:31.049 [main] DEBUG org.hibernate.cfg.SettingsFactory - Generate SQL with comments: disabled
16:53:31.050 [main] DEBUG org.hibernate.cfg.SettingsFactory - Order SQL updates by primary key: disabled
16:53:31.050 [main] DEBUG org.hibernate.cfg.SettingsFactory - Order SQL inserts for batching: disabled
16:53:31.050 [main] DEBUG org.hibernate.cfg.SettingsFactory - Default null ordering: none
16:53:31.051 [main] DEBUG org.hibernate.cfg.SettingsFactory - Query translator: org.hibernate.hql.internal.ast.ASTQueryTranslatorFactory
16:53:31.053 [main] INFO  o.h.h.i.a.ASTQueryTranslatorFactory - HHH000397: Using ASTQueryTranslatorFactory
16:53:31.054 [main] DEBUG org.hibernate.cfg.SettingsFactory - Query language substitutions: {}
16:53:31.054 [main] DEBUG org.hibernate.cfg.SettingsFactory - JPA-QL strict compliance: disabled
16:53:31.054 [main] DEBUG org.hibernate.cfg.SettingsFactory - Second-level cache: enabled
16:53:31.054 [main] DEBUG org.hibernate.cfg.SettingsFactory - Query cache: disabled
16:53:31.056 [main] DEBUG o.h.c.i.RegionFactoryInitiator - Cache region factory : org.hibernate.cache.internal.NoCachingRegionFactory
16:53:31.060 [main] DEBUG org.hibernate.cfg.SettingsFactory - Optimize cache for minimal puts: disabled
16:53:31.061 [main] DEBUG org.hibernate.cfg.SettingsFactory - Structured second-level cache entries: disabled
16:53:31.061 [main] DEBUG org.hibernate.cfg.SettingsFactory - Second-level cache direct-reference entries: disabled
16:53:31.061 [main] DEBUG org.hibernate.cfg.SettingsFactory - Automatic eviction of collection cache: disabled
16:53:31.061 [main] DEBUG org.hibernate.cfg.SettingsFactory - Statistics: disabled
16:53:31.061 [main] DEBUG org.hibernate.cfg.SettingsFactory - Deleted entity synthetic identifier rollback: disabled
16:53:31.061 [main] DEBUG org.hibernate.cfg.SettingsFactory - Default entity-mode: pojo
16:53:31.061 [main] DEBUG org.hibernate.cfg.SettingsFactory - Named query checking : enabled
16:53:31.061 [main] DEBUG org.hibernate.cfg.SettingsFactory - Check Nullability in Core (should be disabled when Bean Validation is on): enabled
16:53:31.061 [main] DEBUG org.hibernate.cfg.SettingsFactory - Allow initialization of lazy state outside session : : disabled
16:53:31.062 [main] DEBUG org.hibernate.cfg.SettingsFactory - JTA Track by Thread: enabled
16:53:31.132 [main] DEBUG o.h.internal.SessionFactoryImpl - Building session factory
16:53:31.149 [main] DEBUG o.h.internal.SessionFactoryImpl - Session factory constructed with filter configurations : {}
16:53:31.150 [main] DEBUG o.h.internal.SessionFactoryImpl - Instantiating session factory with properties: {java.vendor=Oracle Corporation, show_sql=true, localRepository=/home/fabio/.m2/repository, sun.java.launcher=SUN_STANDARD, hibernate.connection.url=jdbc:mysql://localhost:3306/supermercadosdeltaplus, sun.management.compiler=HotSpot 64-Bit Tiered Compilers, os.name=Linux, hbm2ddl.auto=update, sun.boot.class.path=/usr/lib/jvm/java-8-openjdk-amd64/jre/lib/resources.jar:/usr/lib/jvm/java-8-openjdk-amd64/jre/lib/rt.jar:/usr/lib/jvm/java-8-openjdk-amd64/jre/lib/sunrsasign.jar:/usr/lib/jvm/java-8-openjdk-amd64/jre/lib/jsse.jar:/usr/lib/jvm/java-8-openjdk-amd64/jre/lib/jce.jar:/usr/lib/jvm/java-8-openjdk-amd64/jre/lib/charsets.jar:/usr/lib/jvm/java-8-openjdk-amd64/jre/lib/jfr.jar:/usr/lib/jvm/java-8-openjdk-amd64/jre/classes, hibernate.current_session_context_class=thread, sun.desktop=gnome, hibernate.c3p0.max_size=75, java.vm.specification.vendor=Oracle Corporation, java.runtime.version=1.8.0_131-8u131-b11-2ubuntu1.16.04.3-b11, hibernate.c3p0.min_size=5, user.name=fabio, hibernate.c3p0.timeout=3600, user.language=es, build=jar, sun.boot.library.path=/usr/lib/jvm/java-8-openjdk-amd64/jre/lib/amd64, hibernate.c3p0.preferredTestQuery=select 1, java.version=1.8.0_131, user.timezone=America/Argentina/Cordoba, sun.arch.data.model=64, java.endorsed.dirs=/usr/lib/jvm/java-8-openjdk-amd64/jre/lib/endorsed, sun.cpu.isalist=, sun.jnu.encoding=UTF-8, file.encoding.pkg=sun.io, file.separator=/, java.specification.name=Java Platform API Specification, hibernate.format_sql=true, java.class.version=52.0, user.country=AR, java.home=/usr/lib/jvm/java-8-openjdk-amd64/jre, java.vm.info=mixed mode, os.version=4.4.0-96-generic, surefire.real.class.path=/home/fabio/Documentos/facu/ingweb3/repoingweb3personal/supermercadosdeltaplusModulo/target/surefire/surefirebooter4002182255390091397.jar, path.separator=:, java.vm.version=25.131-b11, hibernate.connection.password=root, java.awt.printerjob=sun.print.PSPrinterJob, sun.io.unicode.encoding=UnicodeLittle, awt.toolkit=sun.awt.X11.XToolkit, hibernate.connection.username=root, user.home=/home/fabio, java.specification.vendor=Oracle Corporation, hibernate.hbm2ddl.auto=update, java.library.path=/usr/java/packages/lib/amd64:/usr/lib/x86_64-linux-gnu/jni:/lib/x86_64-linux-gnu:/usr/lib/x86_64-linux-gnu:/usr/lib/jni:/lib:/usr/lib, java.vendor.url=http://java.oracle.com/, hibernate.c3p0.maxIdleTime=3600, hibernate.connection.driver_class=com.mysql.jdbc.Driver, java.vm.vendor=Oracle Corporation, hibernate.dialect=org.hibernate.dialect.MySQLDialect, java.runtime.name=OpenJDK Runtime Environment, sun.java.command=/home/fabio/Documentos/facu/ingweb3/repoingweb3personal/supermercadosdeltaplusModulo/target/surefire/surefirebooter4002182255390091397.jar /home/fabio/Documentos/facu/ingweb3/repoingweb3personal/supermercadosdeltaplusModulo/target/surefire/surefire5165423537100081995tmp /home/fabio/Documentos/facu/ingweb3/repoingweb3personal/supermercadosdeltaplusModulo/target/surefire/surefire_08762621422027277100tmp, java.class.path=/home/fabio/Documentos/facu/ingweb3/repoingweb3personal/supermercadosdeltaplusModulo/target/test-classes:/home/fabio/Documentos/facu/ingweb3/repoingweb3personal/supermercadosdeltaplusModulo/target/classes:/home/fabio/.m2/repository/org/hibernate/hibernate-entitymanager/4.3.1.Final/hibernate-entitymanager-4.3.1.Final.jar:/home/fabio/.m2/repository/org/jboss/logging/jboss-logging/3.3.1.Final/jboss-logging-3.3.1.Final.jar:/home/fabio/.m2/repository/org/jboss/logging/jboss-logging-annotations/1.2.0.Beta1/jboss-logging-annotations-1.2.0.Beta1.jar:/home/fabio/.m2/repository/dom4j/dom4j/1.6.1/dom4j-1.6.1.jar:/home/fabio/.m2/repository/org/hibernate/common/hibernate-commons-annotations/4.0.4.Final/hibernate-commons-annotations-4.0.4.Final.jar:/home/fabio/.m2/repository/org/jboss/spec/javax/transaction/jboss-transaction-api_1.2_spec/1.0.0.Final/jboss-transaction-api_1.2_spec-1.0.0.Final.jar:/home/fabio/.m2/repository/org/javassist/javassist/3.21.0-GA/javassist-3.21.0-GA.jar:/home/fabio/.m2/repository/junit/junit/4.12/junit-4.12.jar:/home/fabio/.m2/repository/org/hamcrest/hamcrest-core/1.3/hamcrest-core-1.3.jar:/home/fabio/.m2/repository/org/hibernate/javax/persistence/hibernate-jpa-2.1-api/1.0.0.Final/hibernate-jpa-2.1-api-1.0.0.Final.jar:/home/fabio/.m2/repository/javax/javaee-web-api/7.0/javaee-web-api-7.0.jar:/home/fabio/.m2/repository/org/springframework/boot/spring-boot-starter-web/1.5.6.RELEASE/spring-boot-starter-web-1.5.6.RELEASE.jar:/home/fabio/.m2/repository/org/springframework/boot/spring-boot-starter/1.5.6.RELEASE/spring-boot-starter-1.5.6.RELEASE.jar:/home/fabio/.m2/repository/org/springframework/boot/spring-boot/1.5.6.RELEASE/spring-boot-1.5.6.RELEASE.jar:/home/fabio/.m2/repository/org/springframework/boot/spring-boot-autoconfigure/1.5.6.RELEASE/spring-boot-autoconfigure-1.5.6.RELEASE.jar:/home/fabio/.m2/repository/org/springframework/boot/spring-boot-starter-logging/1.5.6.RELEASE/spring-boot-starter-logging-1.5.6.RELEASE.jar:/home/fabio/.m2/repository/org/slf4j/jul-to-slf4j/1.7.25/jul-to-slf4j-1.7.25.jar:/home/fabio/.m2/repository/org/slf4j/log4j-over-slf4j/1.7.25/log4j-over-slf4j-1.7.25.jar:/home/fabio/.m2/repository/org/yaml/snakeyaml/1.17/snakeyaml-1.17.jar:/home/fabio/.m2/repository/org/springframework/boot/spring-boot-starter-tomcat/1.5.6.RELEASE/spring-boot-starter-tomcat-1.5.6.RELEASE.jar:/home/fabio/.m2/repository/org/apache/tomcat/embed/tomcat-embed-core/8.5.16/tomcat-embed-core-8.5.16.jar:/home/fabio/.m2/repository/org/apache/tomcat/embed/tomcat-embed-el/8.5.16/tomcat-embed-el-8.5.16.jar:/home/fabio/.m2/repository/org/apache/tomcat/embed/tomcat-embed-websocket/8.5.16/tomcat-embed-websocket-8.5.16.jar:/home/fabio/.m2/repository/com/fasterxml/jackson/core/jackson-databind/2.8.9/jackson-databind-2.8.9.jar:/home/fabio/.m2/repository/com/fasterxml/jackson/core/jackson-annotations/2.8.0/jackson-annotations-2.8.0.jar:/home/fabio/.m2/repository/com/fasterxml/jackson/core/jackson-core/2.8.9/jackson-core-2.8.9.jar:/home/fabio/.m2/repository/org/springframework/boot/spring-boot-starter-actuator/1.5.6.RELEASE/spring-boot-starter-actuator-1.5.6.RELEASE.jar:/home/fabio/.m2/repository/org/springframework/boot/spring-boot-actuator/1.5.6.RELEASE/spring-boot-actuator-1.5.6.RELEASE.jar:/home/fabio/.m2/repository/org/aspectj/aspectjweaver/1.8.10/aspectjweaver-1.8.10.jar:/home/fabio/.m2/repository/org/springframework/spring-core/4.3.10.RELEASE/spring-core-4.3.10.RELEASE.jar:/home/fabio/.m2/repository/org/springframework/spring-context/4.3.10.RELEASE/spring-context-4.3.10.RELEASE.jar:/home/fabio/.m2/repository/org/springframework/spring-beans/4.3.10.RELEASE/spring-beans-4.3.10.RELEASE.jar:/home/fabio/.m2/repository/org/springframework/spring-expression/4.3.10.RELEASE/spring-expression-4.3.10.RELEASE.jar:/home/fabio/.m2/repository/org/springframework/spring-aspects/4.3.10.RELEASE/spring-aspects-4.3.10.RELEASE.jar:/home/fabio/.m2/repository/org/springframework/spring-webmvc/4.3.10.RELEASE/spring-webmvc-4.3.10.RELEASE.jar:/home/fabio/.m2/repository/org/springframework/spring-web/4.3.10.RELEASE/spring-web-4.3.10.RELEASE.jar:/home/fabio/.m2/repository/org/springframework/spring-oxm/4.3.10.RELEASE/spring-oxm-4.3.10.RELEASE.jar:/home/fabio/.m2/repository/org/springframework/spring-tx/4.3.10.RELEASE/spring-tx-4.3.10.RELEASE.jar:/home/fabio/.m2/repository/org/springframework/spring-aop/4.3.10.RELEASE/spring-aop-4.3.10.RELEASE.jar:/home/fabio/.m2/repository/org/springframework/spring-orm/4.3.10.RELEASE/spring-orm-4.3.10.RELEASE.jar:/home/fabio/.m2/repository/org/springframework/spring-jdbc/4.3.10.RELEASE/spring-jdbc-4.3.10.RELEASE.jar:/home/fabio/.m2/repository/org/springframework/boot/spring-boot-starter-security/1.5.6.RELEASE/spring-boot-starter-security-1.5.6.RELEASE.jar:/home/fabio/.m2/repository/org/springframework/security/spring-security-config/4.2.3.RELEASE/spring-security-config-4.2.3.RELEASE.jar:/home/fabio/.m2/repository/org/springframework/security/spring-security-core/4.2.3.RELEASE/spring-security-core-4.2.3.RELEASE.jar:/home/fabio/.m2/repository/org/springframework/security/spring-security-web/4.2.3.RELEASE/spring-security-web-4.2.3.RELEASE.jar:/home/fabio/.m2/repository/org/slf4j/slf4j-api/1.7.25/slf4j-api-1.7.25.jar:/home/fabio/.m2/repository/ch/qos/logback/logback-classic/1.1.3/logback-classic-1.1.3.jar:/home/fabio/.m2/repository/ch/qos/logback/logback-core/1.1.3/logback-core-1.1.3.jar:/home/fabio/.m2/repository/org/slf4j/jcl-over-slf4j/1.7.25/jcl-over-slf4j-1.7.25.jar:/home/fabio/.m2/repository/commons-dbutils/commons-dbutils/1.6/commons-dbutils-1.6.jar:/home/fabio/.m2/repository/org/hibernate/hibernate-core/4.3.11.Final/hibernate-core-4.3.11.Final.jar:/home/fabio/.m2/repository/antlr/antlr/2.7.7/antlr-2.7.7.jar:/home/fabio/.m2/repository/org/jboss/jandex/1.1.0.Final/jandex-1.1.0.Final.jar:/home/fabio/.m2/repository/org/hibernate/hibernate-c3p0/4.3.11.Final/hibernate-c3p0-4.3.11.Final.jar:/home/fabio/.m2/repository/com/mchange/c3p0/0.9.2.1/c3p0-0.9.2.1.jar:/home/fabio/.m2/repository/com/mchange/mchange-commons-java/0.2.3.4/mchange-commons-java-0.2.3.4.jar:/home/fabio/.m2/repository/org/hibernate/hibernate-validator/5.3.5.Final/hibernate-validator-5.3.5.Final.jar:/home/fabio/.m2/repository/com/fasterxml/classmate/1.3.3/classmate-1.3.3.jar:/home/fabio/.m2/repository/javax/validation/validation-api/1.1.0.Final/validation-api-1.1.0.Final.jar:/home/fabio/.m2/repository/org/jooq/jooq/3.9.4/jooq-3.9.4.jar:/home/fabio/.m2/repository/mysql/mysql-connector-java/5.1.43/mysql-connector-java-5.1.43.jar:, hibernate.bytecode.use_reflection_optimizer=false, java.vm.specification.name=Java Virtual Machine Specification, hibernate.c3p0.testConnectionOnCheckout=true, java.vm.specification.version=1.8, sun.cpu.endian=little, sun.os.patch.level=unknown, surefire.test.class.path=/home/fabio/Documentos/facu/ingweb3/repoingweb3personal/supermercadosdeltaplusModulo/target/test-classes:/home/fabio/Documentos/facu/ingweb3/repoingweb3personal/supermercadosdeltaplusModulo/target/classes:/home/fabio/.m2/repository/org/hibernate/hibernate-entitymanager/4.3.1.Final/hibernate-entitymanager-4.3.1.Final.jar:/home/fabio/.m2/repository/org/jboss/logging/jboss-logging/3.3.1.Final/jboss-logging-3.3.1.Final.jar:/home/fabio/.m2/repository/org/jboss/logging/jboss-logging-annotations/1.2.0.Beta1/jboss-logging-annotations-1.2.0.Beta1.jar:/home/fabio/.m2/repository/dom4j/dom4j/1.6.1/dom4j-1.6.1.jar:/home/fabio/.m2/repository/org/hibernate/common/hibernate-commons-annotations/4.0.4.Final/hibernate-commons-annotations-4.0.4.Final.jar:/home/fabio/.m2/repository/org/jboss/spec/javax/transaction/jboss-transaction-api_1.2_spec/1.0.0.Final/jboss-transaction-api_1.2_spec-1.0.0.Final.jar:/home/fabio/.m2/repository/org/javassist/javassist/3.21.0-GA/javassist-3.21.0-GA.jar:/home/fabio/.m2/repository/junit/junit/4.12/junit-4.12.jar:/home/fabio/.m2/repository/org/hamcrest/hamcrest-core/1.3/hamcrest-core-1.3.jar:/home/fabio/.m2/repository/org/hibernate/javax/persistence/hibernate-jpa-2.1-api/1.0.0.Final/hibernate-jpa-2.1-api-1.0.0.Final.jar:/home/fabio/.m2/repository/javax/javaee-web-api/7.0/javaee-web-api-7.0.jar:/home/fabio/.m2/repository/org/springframework/boot/spring-boot-starter-web/1.5.6.RELEASE/spring-boot-starter-web-1.5.6.RELEASE.jar:/home/fabio/.m2/repository/org/springframework/boot/spring-boot-starter/1.5.6.RELEASE/spring-boot-starter-1.5.6.RELEASE.jar:/home/fabio/.m2/repository/org/springframework/boot/spring-boot/1.5.6.RELEASE/spring-boot-1.5.6.RELEASE.jar:/home/fabio/.m2/repository/org/springframework/boot/spring-boot-autoconfigure/1.5.6.RELEASE/spring-boot-autoconfigure-1.5.6.RELEASE.jar:/home/fabio/.m2/repository/org/springframework/boot/spring-boot-starter-logging/1.5.6.RELEASE/spring-boot-starter-logging-1.5.6.RELEASE.jar:/home/fabio/.m2/repository/org/slf4j/jul-to-slf4j/1.7.25/jul-to-slf4j-1.7.25.jar:/home/fabio/.m2/repository/org/slf4j/log4j-over-slf4j/1.7.25/log4j-over-slf4j-1.7.25.jar:/home/fabio/.m2/repository/org/yaml/snakeyaml/1.17/snakeyaml-1.17.jar:/home/fabio/.m2/repository/org/springframework/boot/spring-boot-starter-tomcat/1.5.6.RELEASE/spring-boot-starter-tomcat-1.5.6.RELEASE.jar:/home/fabio/.m2/repository/org/apache/tomcat/embed/tomcat-embed-core/8.5.16/tomcat-embed-core-8.5.16.jar:/home/fabio/.m2/repository/org/apache/tomcat/embed/tomcat-embed-el/8.5.16/tomcat-embed-el-8.5.16.jar:/home/fabio/.m2/repository/org/apache/tomcat/embed/tomcat-embed-websocket/8.5.16/tomcat-embed-websocket-8.5.16.jar:/home/fabio/.m2/repository/com/fasterxml/jackson/core/jackson-databind/2.8.9/jackson-databind-2.8.9.jar:/home/fabio/.m2/repository/com/fasterxml/jackson/core/jackson-annotations/2.8.0/jackson-annotations-2.8.0.jar:/home/fabio/.m2/repository/com/fasterxml/jackson/core/jackson-core/2.8.9/jackson-core-2.8.9.jar:/home/fabio/.m2/repository/org/springframework/boot/spring-boot-starter-actuator/1.5.6.RELEASE/spring-boot-starter-actuator-1.5.6.RELEASE.jar:/home/fabio/.m2/repository/org/springframework/boot/spring-boot-actuator/1.5.6.RELEASE/spring-boot-actuator-1.5.6.RELEASE.jar:/home/fabio/.m2/repository/org/aspectj/aspectjweaver/1.8.10/aspectjweaver-1.8.10.jar:/home/fabio/.m2/repository/org/springframework/spring-core/4.3.10.RELEASE/spring-core-4.3.10.RELEASE.jar:/home/fabio/.m2/repository/org/springframework/spring-context/4.3.10.RELEASE/spring-context-4.3.10.RELEASE.jar:/home/fabio/.m2/repository/org/springframework/spring-beans/4.3.10.RELEASE/spring-beans-4.3.10.RELEASE.jar:/home/fabio/.m2/repository/org/springframework/spring-expression/4.3.10.RELEASE/spring-expression-4.3.10.RELEASE.jar:/home/fabio/.m2/repository/org/springframework/spring-aspects/4.3.10.RELEASE/spring-aspects-4.3.10.RELEASE.jar:/home/fabio/.m2/repository/org/springframework/spring-webmvc/4.3.10.RELEASE/spring-webmvc-4.3.10.RELEASE.jar:/home/fabio/.m2/repository/org/springframework/spring-web/4.3.10.RELEASE/spring-web-4.3.10.RELEASE.jar:/home/fabio/.m2/repository/org/springframework/spring-oxm/4.3.10.RELEASE/spring-oxm-4.3.10.RELEASE.jar:/home/fabio/.m2/repository/org/springframework/spring-tx/4.3.10.RELEASE/spring-tx-4.3.10.RELEASE.jar:/home/fabio/.m2/repository/org/springframework/spring-aop/4.3.10.RELEASE/spring-aop-4.3.10.RELEASE.jar:/home/fabio/.m2/repository/org/springframework/spring-orm/4.3.10.RELEASE/spring-orm-4.3.10.RELEASE.jar:/home/fabio/.m2/repository/org/springframework/spring-jdbc/4.3.10.RELEASE/spring-jdbc-4.3.10.RELEASE.jar:/home/fabio/.m2/repository/org/springframework/boot/spring-boot-starter-security/1.5.6.RELEASE/spring-boot-starter-security-1.5.6.RELEASE.jar:/home/fabio/.m2/repository/org/springframework/security/spring-security-config/4.2.3.RELEASE/spring-security-config-4.2.3.RELEASE.jar:/home/fabio/.m2/repository/org/springframework/security/spring-security-core/4.2.3.RELEASE/spring-security-core-4.2.3.RELEASE.jar:/home/fabio/.m2/repository/org/springframework/security/spring-security-web/4.2.3.RELEASE/spring-security-web-4.2.3.RELEASE.jar:/home/fabio/.m2/repository/org/slf4j/slf4j-api/1.7.25/slf4j-api-1.7.25.jar:/home/fabio/.m2/repository/ch/qos/logback/logback-classic/1.1.3/logback-classic-1.1.3.jar:/home/fabio/.m2/repository/ch/qos/logback/logback-core/1.1.3/logback-core-1.1.3.jar:/home/fabio/.m2/repository/org/slf4j/jcl-over-slf4j/1.7.25/jcl-over-slf4j-1.7.25.jar:/home/fabio/.m2/repository/commons-dbutils/commons-dbutils/1.6/commons-dbutils-1.6.jar:/home/fabio/.m2/repository/org/hibernate/hibernate-core/4.3.11.Final/hibernate-core-4.3.11.Final.jar:/home/fabio/.m2/repository/antlr/antlr/2.7.7/antlr-2.7.7.jar:/home/fabio/.m2/repository/org/jboss/jandex/1.1.0.Final/jandex-1.1.0.Final.jar:/home/fabio/.m2/repository/org/hibernate/hibernate-c3p0/4.3.11.Final/hibernate-c3p0-4.3.11.Final.jar:/home/fabio/.m2/repository/com/mchange/c3p0/0.9.2.1/c3p0-0.9.2.1.jar:/home/fabio/.m2/repository/com/mchange/mchange-commons-java/0.2.3.4/mchange-commons-java-0.2.3.4.jar:/home/fabio/.m2/repository/org/hibernate/hibernate-validator/5.3.5.Final/hibernate-validator-5.3.5.Final.jar:/home/fabio/.m2/repository/com/fasterxml/classmate/1.3.3/classmate-1.3.3.jar:/home/fabio/.m2/repository/javax/validation/validation-api/1.1.0.Final/validation-api-1.1.0.Final.jar:/home/fabio/.m2/repository/org/jooq/jooq/3.9.4/jooq-3.9.4.jar:/home/fabio/.m2/repository/mysql/mysql-connector-java/5.1.43/mysql-connector-java-5.1.43.jar:, java.io.tmpdir=/tmp, java.vendor.url.bug=http://bugreport.sun.com/bugreport/, os.arch=amd64, java.awt.graphicsenv=sun.awt.X11GraphicsEnvironment, java.ext.dirs=/usr/lib/jvm/java-8-openjdk-amd64/jre/lib/ext:/usr/java/packages/lib/ext, user.dir=/home/fabio/Documentos/facu/ingweb3/repoingweb3personal/supermercadosdeltaplusModulo, hibernate.c3p0.idle_test_period=10, line.separator=
, java.vm.name=OpenJDK 64-Bit Server VM, basedir=/home/fabio/Documentos/facu/ingweb3/repoingweb3personal/supermercadosdeltaplusModulo, hibernate.c3p0.acquire_increment=3, file.encoding=UTF-8, format_sql=true, java.specification.version=1.8, hibernate.c3p0.max_statements=10, hibernate.show_sql=true}
16:53:31.182 [main] INFO  o.h.validator.internal.util.Version - HV000001: Hibernate Validator 5.3.5.Final
16:53:31.205 [main] DEBUG o.h.v.i.e.r.DefaultTraversableResolver - Found javax.persistence.Persistence on classpath containing 'getPersistenceUtil'. Assuming JPA 2 environment. Trying to instantiate JPA aware TraversableResolver
16:53:31.207 [main] DEBUG o.h.v.i.e.r.DefaultTraversableResolver - Instantiated JPA aware TraversableResolver of type org.hibernate.validator.internal.engine.resolver.JPATraversableResolver.
16:53:31.212 [main] DEBUG o.h.v.i.xml.ValidationXmlParser - Trying to load META-INF/validation.xml for XML based Validator configuration.
16:53:31.214 [main] DEBUG o.h.v.i.xml.ResourceLoaderHelper - Trying to load META-INF/validation.xml via TCCL
16:53:31.215 [main] DEBUG o.h.v.i.xml.ResourceLoaderHelper - Trying to load META-INF/validation.xml via Hibernate Validator's class loader
16:53:31.215 [main] DEBUG o.h.v.i.xml.ValidationXmlParser - No META-INF/validation.xml found. Using annotation based configuration only.
16:53:31.227 [main] DEBUG o.h.c.b.TypeSafeActivator - Unable to acquire Bean Validation ValidatorFactory, skipping activation
16:53:31.227 [main] DEBUG o.h.secure.spi.JaccIntegrator - Skipping JACC integration as it was not enabled
16:53:31.228 [main] DEBUG o.h.i.f.i.DefaultIdentifierGeneratorFactory - Setting dialect [org.hibernate.dialect.MySQLDialect]
16:53:31.229 [main] DEBUG o.h.i.f.i.DefaultIdentifierGeneratorFactory - Setting dialect [org.hibernate.dialect.MySQLDialect]
16:53:31.229 [main] DEBUG o.h.i.f.i.DefaultIdentifierGeneratorFactory - Setting dialect [org.hibernate.dialect.MySQLDialect]
16:53:31.229 [main] DEBUG o.h.i.f.i.DefaultIdentifierGeneratorFactory - Setting dialect [org.hibernate.dialect.MySQLDialect]
16:53:31.229 [main] DEBUG o.h.i.f.i.DefaultIdentifierGeneratorFactory - Setting dialect [org.hibernate.dialect.MySQLDialect]
16:53:31.229 [main] DEBUG o.h.i.f.i.DefaultIdentifierGeneratorFactory - Setting dialect [org.hibernate.dialect.MySQLDialect]
16:53:31.229 [main] DEBUG o.h.i.f.i.DefaultIdentifierGeneratorFactory - Setting dialect [org.hibernate.dialect.MySQLDialect]
16:53:31.229 [main] DEBUG o.h.i.f.i.DefaultIdentifierGeneratorFactory - Setting dialect [org.hibernate.dialect.MySQLDialect]
16:53:31.450 [main] DEBUG o.h.p.c.AbstractCollectionPersister - Static SQL for collection: com.fabiocompany.supermercadosdeltaplus.model.Tipodepago.tarjetas
16:53:31.450 [main] DEBUG o.h.p.c.AbstractCollectionPersister -  Row insert: update tarjeta set idtipodepago=? where idtarjeta=?
16:53:31.450 [main] DEBUG o.h.p.c.AbstractCollectionPersister -  Row update: update tarjeta set  where idtarjeta=?
16:53:31.450 [main] DEBUG o.h.p.c.AbstractCollectionPersister -  Row delete: update tarjeta set idtipodepago=null where idtipodepago=? and idtarjeta=?
16:53:31.450 [main] DEBUG o.h.p.c.AbstractCollectionPersister -  One-shot delete: update tarjeta set idtipodepago=null where idtipodepago=?
16:53:31.455 [main] DEBUG o.h.p.c.AbstractCollectionPersister - Static SQL for collection: com.fabiocompany.supermercadosdeltaplus.model.Detalleticket.detalleofertas
16:53:31.455 [main] DEBUG o.h.p.c.AbstractCollectionPersister -  Row insert: insert into ticketsyofertas (iddetalleticket, iddetalleoferta) values (?, ?)
16:53:31.455 [main] DEBUG o.h.p.c.AbstractCollectionPersister -  Row update: update ticketsyofertas set iddetalleoferta=? where iddetalleticket=? and iddetalleoferta=?
16:53:31.455 [main] DEBUG o.h.p.c.AbstractCollectionPersister -  Row delete: delete from ticketsyofertas where iddetalleticket=? and iddetalleoferta=?
16:53:31.455 [main] DEBUG o.h.p.c.AbstractCollectionPersister -  One-shot delete: delete from ticketsyofertas where iddetalleticket=?
16:53:31.456 [main] DEBUG o.h.p.c.AbstractCollectionPersister - Static SQL for collection: com.fabiocompany.supermercadosdeltaplus.model.Producto.detalletickets
16:53:31.456 [main] DEBUG o.h.p.c.AbstractCollectionPersister -  Row insert: insert into ticketsyproductos (idproducto, iddetalleticket) values (?, ?)
16:53:31.456 [main] DEBUG o.h.p.c.AbstractCollectionPersister -  Row update: update ticketsyproductos set iddetalleticket=? where idproducto=? and iddetalleticket=?
16:53:31.456 [main] DEBUG o.h.p.c.AbstractCollectionPersister -  Row delete: delete from ticketsyproductos where idproducto=? and iddetalleticket=?
16:53:31.456 [main] DEBUG o.h.p.c.AbstractCollectionPersister -  One-shot delete: delete from ticketsyproductos where idproducto=?
16:53:31.456 [main] DEBUG o.h.p.c.AbstractCollectionPersister - Static SQL for collection: com.fabiocompany.supermercadosdeltaplus.model.Tipodepago.detalletickets
16:53:31.456 [main] DEBUG o.h.p.c.AbstractCollectionPersister -  Row insert: update detalleticket set idtipodepago=? where iddetalleticket=?
16:53:31.456 [main] DEBUG o.h.p.c.AbstractCollectionPersister -  Row update: update detalleticket set  where iddetalleticket=?
16:53:31.456 [main] DEBUG o.h.p.c.AbstractCollectionPersister -  Row delete: update detalleticket set idtipodepago=null where idtipodepago=? and iddetalleticket=?
16:53:31.456 [main] DEBUG o.h.p.c.AbstractCollectionPersister -  One-shot delete: update detalleticket set idtipodepago=null where idtipodepago=?
16:53:31.457 [main] DEBUG o.h.p.c.AbstractCollectionPersister - Static SQL for collection: com.fabiocompany.supermercadosdeltaplus.model.Detalleticket.productos
16:53:31.457 [main] DEBUG o.h.p.c.AbstractCollectionPersister -  Row insert: insert into ticketsyproductos (iddetalleticket, idproducto) values (?, ?)
16:53:31.457 [main] DEBUG o.h.p.c.AbstractCollectionPersister -  Row update: update ticketsyproductos set idproducto=? where iddetalleticket=? and idproducto=?
16:53:31.457 [main] DEBUG o.h.p.c.AbstractCollectionPersister -  Row delete: delete from ticketsyproductos where iddetalleticket=? and idproducto=?
16:53:31.457 [main] DEBUG o.h.p.c.AbstractCollectionPersister -  One-shot delete: delete from ticketsyproductos where iddetalleticket=?
16:53:31.457 [main] DEBUG o.h.p.c.AbstractCollectionPersister - Static SQL for collection: com.fabiocompany.supermercadosdeltaplus.model.Usuario.cabeceratickets
16:53:31.457 [main] DEBUG o.h.p.c.AbstractCollectionPersister -  Row insert: update cabeceraticket set idusuario=? where idticket=?
16:53:31.458 [main] DEBUG o.h.p.c.AbstractCollectionPersister -  Row update: update cabeceraticket set  where idticket=?
16:53:31.458 [main] DEBUG o.h.p.c.AbstractCollectionPersister -  Row delete: update cabeceraticket set idusuario=null where idusuario=? and idticket=?
16:53:31.458 [main] DEBUG o.h.p.c.AbstractCollectionPersister -  One-shot delete: update cabeceraticket set idusuario=null where idusuario=?
16:53:31.458 [main] DEBUG o.h.p.c.AbstractCollectionPersister - Static SQL for collection: com.fabiocompany.supermercadosdeltaplus.model.Cabeceraticket.detalletickets
16:53:31.458 [main] DEBUG o.h.p.c.AbstractCollectionPersister -  Row insert: update detalleticket set idticket=? where iddetalleticket=?
16:53:31.458 [main] DEBUG o.h.p.c.AbstractCollectionPersister -  Row update: update detalleticket set  where iddetalleticket=?
16:53:31.458 [main] DEBUG o.h.p.c.AbstractCollectionPersister -  Row delete: update detalleticket set idticket=null where idticket=? and iddetalleticket=?
16:53:31.458 [main] DEBUG o.h.p.c.AbstractCollectionPersister -  One-shot delete: update detalleticket set idticket=null where idticket=?
16:53:31.459 [main] DEBUG o.h.p.c.AbstractCollectionPersister - Static SQL for collection: com.fabiocompany.supermercadosdeltaplus.model.Detalleoferta.detalletickets
16:53:31.459 [main] DEBUG o.h.p.c.AbstractCollectionPersister -  Row insert: insert into ticketsyofertas (iddetalleoferta, iddetalleticket) values (?, ?)
16:53:31.459 [main] DEBUG o.h.p.c.AbstractCollectionPersister -  Row update: update ticketsyofertas set iddetalleticket=? where iddetalleoferta=? and iddetalleticket=?
16:53:31.459 [main] DEBUG o.h.p.c.AbstractCollectionPersister -  Row delete: delete from ticketsyofertas where iddetalleoferta=? and iddetalleticket=?
16:53:31.459 [main] DEBUG o.h.p.c.AbstractCollectionPersister -  One-shot delete: delete from ticketsyofertas where iddetalleoferta=?
16:53:31.466 [main] DEBUG o.h.p.entity.AbstractEntityPersister - Static SQL for entity: com.fabiocompany.supermercadosdeltaplus.model.Cabeceraticket
16:53:31.466 [main] DEBUG o.h.p.entity.AbstractEntityPersister -  Version select: select idticket from cabeceraticket where idticket =?
16:53:31.466 [main] DEBUG o.h.p.entity.AbstractEntityPersister -  Snapshot select: select cabecerati_.idticket, cabecerati_.fecha as fecha2_0_, cabecerati_.idusuario as idusuari3_0_ from cabeceraticket cabecerati_ where cabecerati_.idticket=?
16:53:31.466 [main] DEBUG o.h.p.entity.AbstractEntityPersister -  Insert 0: insert into cabeceraticket (fecha, idusuario, idticket) values (?, ?, ?)
16:53:31.466 [main] DEBUG o.h.p.entity.AbstractEntityPersister -  Update 0: update cabeceraticket set fecha=?, idusuario=? where idticket=?
16:53:31.466 [main] DEBUG o.h.p.entity.AbstractEntityPersister -  Delete 0: delete from cabeceraticket where idticket=?
16:53:31.466 [main] DEBUG o.h.p.entity.AbstractEntityPersister -  Identity insert: insert into cabeceraticket (fecha, idusuario) values (?, ?)
16:53:31.496 [main] DEBUG o.h.l.p.b.i.spaces.QuerySpacesImpl - Adding QuerySpace : uid = <gen:0> -> org.hibernate.loader.plan.build.internal.spaces.EntityQuerySpaceImpl@1f6c9cd8]
16:53:31.497 [main] DEBUG o.h.p.w.spi.MetamodelGraphWalker - Visiting attribute path : detalletickets
16:53:31.499 [main] DEBUG o.h.p.w.spi.MetamodelGraphWalker - Visiting attribute path : fecha
16:53:31.500 [main] DEBUG o.h.p.w.spi.MetamodelGraphWalker - Visiting attribute path : usuario
16:53:31.502 [main] DEBUG o.h.l.p.b.i.spaces.QuerySpacesImpl - Adding QuerySpace : uid = <gen:1> -> org.hibernate.loader.plan.build.internal.spaces.EntityQuerySpaceImpl@5a9d6f02]
16:53:31.504 [main] DEBUG o.h.p.w.spi.MetamodelGraphWalker - Visiting attribute path : usuario.cabeceratickets
16:53:31.504 [main] DEBUG o.h.p.w.spi.MetamodelGraphWalker - Property path deemed to be circular : usuario.cabeceratickets
16:53:31.504 [main] DEBUG o.h.p.w.spi.MetamodelGraphWalker - Visiting attribute path : usuario.contraseniausuario
16:53:31.504 [main] DEBUG o.h.p.w.spi.MetamodelGraphWalker - Visiting attribute path : usuario.nombreusuario
16:53:31.504 [main] DEBUG o.h.p.w.spi.MetamodelGraphWalker - Visiting attribute path : usuario.tipodeusuario
16:53:31.504 [main] DEBUG o.h.p.w.spi.MetamodelGraphWalker - Visiting attribute path : usuario.personausuario
16:53:31.504 [main] DEBUG o.h.l.p.b.i.spaces.QuerySpacesImpl - Adding QuerySpace : uid = <gen:2> -> org.hibernate.loader.plan.build.internal.spaces.EntityQuerySpaceImpl@626c44e7]
16:53:31.504 [main] DEBUG o.h.p.w.spi.MetamodelGraphWalker - Visiting attribute path : usuario.personausuario.correo
16:53:31.504 [main] DEBUG o.h.p.w.spi.MetamodelGraphWalker - Visiting attribute path : usuario.personausuario.dnipersonausuario
16:53:31.504 [main] DEBUG o.h.p.w.spi.MetamodelGraphWalker - Visiting attribute path : usuario.personausuario.nombrepersonausuario
16:53:31.504 [main] DEBUG o.h.p.w.spi.MetamodelGraphWalker - Visiting attribute path : usuario.personausuario.numerodetelefono
16:53:31.505 [main] DEBUG o.h.l.p.b.i.FetchStyleLoadPlanBuildingAssociationVisitationStrategy - Building LoadPlan...
16:53:31.521 [main] DEBUG o.h.l.p.e.i.LoadQueryJoinAndFetchProcessor - processing queryspace <gen:0>
16:53:31.527 [main] DEBUG o.h.l.p.b.spi.LoadPlanTreePrinter - LoadPlan(entity=com.fabiocompany.supermercadosdeltaplus.model.Cabeceraticket)
    - Returns
       - EntityReturnImpl(entity=com.fabiocompany.supermercadosdeltaplus.model.Cabeceraticket, querySpaceUid=<gen:0>, path=com.fabiocompany.supermercadosdeltaplus.model.Cabeceraticket)
          - EntityAttributeFetchImpl(entity=com.fabiocompany.supermercadosdeltaplus.model.Usuario, querySpaceUid=<gen:1>, path=com.fabiocompany.supermercadosdeltaplus.model.Cabeceraticket.usuario)
             - EntityAttributeFetchImpl(entity=com.fabiocompany.supermercadosdeltaplus.model.Personausuario, querySpaceUid=<gen:2>, path=com.fabiocompany.supermercadosdeltaplus.model.Cabeceraticket.usuario.personausuario)
    - QuerySpaces
       - EntityQuerySpaceImpl(uid=<gen:0>, entity=com.fabiocompany.supermercadosdeltaplus.model.Cabeceraticket)
          - SQL table alias mapping - cabecerati0_
          - alias suffix - 0_
          - suffixed key columns - {idticket1_0_0_}
          - JOIN (JoinDefinedByMetadata(usuario)) : <gen:0> -> <gen:1>
             - EntityQuerySpaceImpl(uid=<gen:1>, entity=com.fabiocompany.supermercadosdeltaplus.model.Usuario)
                - SQL table alias mapping - usuario1_
                - alias suffix - 1_
                - suffixed key columns - {idusuari1_9_1_}
                - JOIN (JoinDefinedByMetadata(personausuario)) : <gen:1> -> <gen:2>
                   - EntityQuerySpaceImpl(uid=<gen:2>, entity=com.fabiocompany.supermercadosdeltaplus.model.Personausuario)
                      - SQL table alias mapping - personausu2_
                      - alias suffix - 2_
                      - suffixed key columns - {idperson1_3_2_}

16:53:31.529 [main] DEBUG o.h.loader.entity.plan.EntityLoader - Static select for entity com.fabiocompany.supermercadosdeltaplus.model.Cabeceraticket [NONE]: select cabecerati0_.idticket as idticket1_0_0_, cabecerati0_.fecha as fecha2_0_0_, cabecerati0_.idusuario as idusuari3_0_0_, usuario1_.idusuario as idusuari1_9_1_, usuario1_.contraseniausuario as contrase2_9_1_, usuario1_.nombreusuario as nombreus3_9_1_, usuario1_.tipodeusuario as tipodeus4_9_1_, personausu2_.idpersonausuario as idperson1_3_2_, personausu2_.correo as correo2_3_2_, personausu2_.dnipersonausuario as dniperso3_3_2_, personausu2_.nombrepersonausuario as nombrepe4_3_2_, personausu2_.numerodetelefono as numerode5_3_2_ from cabeceraticket cabecerati0_ left outer join usuario usuario1_ on cabecerati0_.idusuario=usuario1_.idusuario left outer join personausuario personausu2_ on usuario1_.idusuario=personausu2_.idpersonausuario where cabecerati0_.idticket=?
16:53:31.529 [main] DEBUG o.h.l.p.b.i.spaces.QuerySpacesImpl - Adding QuerySpace : uid = <gen:0> -> org.hibernate.loader.plan.build.internal.spaces.EntityQuerySpaceImpl@34f7234e]
16:53:31.529 [main] DEBUG o.h.p.w.spi.MetamodelGraphWalker - Visiting attribute path : detalletickets
16:53:31.529 [main] DEBUG o.h.p.w.spi.MetamodelGraphWalker - Visiting attribute path : fecha
16:53:31.529 [main] DEBUG o.h.p.w.spi.MetamodelGraphWalker - Visiting attribute path : usuario
16:53:31.529 [main] DEBUG o.h.l.p.b.i.spaces.QuerySpacesImpl - Adding QuerySpace : uid = <gen:1> -> org.hibernate.loader.plan.build.internal.spaces.EntityQuerySpaceImpl@23bff419]
16:53:31.530 [main] DEBUG o.h.p.w.spi.MetamodelGraphWalker - Visiting attribute path : usuario.cabeceratickets
16:53:31.530 [main] DEBUG o.h.p.w.spi.MetamodelGraphWalker - Property path deemed to be circular : usuario.cabeceratickets
16:53:31.530 [main] DEBUG o.h.p.w.spi.MetamodelGraphWalker - Visiting attribute path : usuario.contraseniausuario
16:53:31.530 [main] DEBUG o.h.p.w.spi.MetamodelGraphWalker - Visiting attribute path : usuario.nombreusuario
16:53:31.530 [main] DEBUG o.h.p.w.spi.MetamodelGraphWalker - Visiting attribute path : usuario.tipodeusuario
16:53:31.530 [main] DEBUG o.h.p.w.spi.MetamodelGraphWalker - Visiting attribute path : usuario.personausuario
16:53:31.530 [main] DEBUG o.h.l.p.b.i.spaces.QuerySpacesImpl - Adding QuerySpace : uid = <gen:2> -> org.hibernate.loader.plan.build.internal.spaces.EntityQuerySpaceImpl@44e3a2b2]
16:53:31.530 [main] DEBUG o.h.p.w.spi.MetamodelGraphWalker - Visiting attribute path : usuario.personausuario.correo
16:53:31.530 [main] DEBUG o.h.p.w.spi.MetamodelGraphWalker - Visiting attribute path : usuario.personausuario.dnipersonausuario
16:53:31.530 [main] DEBUG o.h.p.w.spi.MetamodelGraphWalker - Visiting attribute path : usuario.personausuario.nombrepersonausuario
16:53:31.530 [main] DEBUG o.h.p.w.spi.MetamodelGraphWalker - Visiting attribute path : usuario.personausuario.numerodetelefono
16:53:31.530 [main] DEBUG o.h.l.p.b.i.FetchStyleLoadPlanBuildingAssociationVisitationStrategy - Building LoadPlan...
16:53:31.530 [main] DEBUG o.h.l.p.e.i.LoadQueryJoinAndFetchProcessor - processing queryspace <gen:0>
16:53:31.531 [main] DEBUG o.h.l.p.b.spi.LoadPlanTreePrinter - LoadPlan(entity=com.fabiocompany.supermercadosdeltaplus.model.Cabeceraticket)
    - Returns
       - EntityReturnImpl(entity=com.fabiocompany.supermercadosdeltaplus.model.Cabeceraticket, querySpaceUid=<gen:0>, path=com.fabiocompany.supermercadosdeltaplus.model.Cabeceraticket)
          - EntityAttributeFetchImpl(entity=com.fabiocompany.supermercadosdeltaplus.model.Usuario, querySpaceUid=<gen:1>, path=com.fabiocompany.supermercadosdeltaplus.model.Cabeceraticket.usuario)
             - EntityAttributeFetchImpl(entity=com.fabiocompany.supermercadosdeltaplus.model.Personausuario, querySpaceUid=<gen:2>, path=com.fabiocompany.supermercadosdeltaplus.model.Cabeceraticket.usuario.personausuario)
    - QuerySpaces
       - EntityQuerySpaceImpl(uid=<gen:0>, entity=com.fabiocompany.supermercadosdeltaplus.model.Cabeceraticket)
          - SQL table alias mapping - cabecerati0_
          - alias suffix - 0_
          - suffixed key columns - {idticket1_0_0_}
          - JOIN (JoinDefinedByMetadata(usuario)) : <gen:0> -> <gen:1>
             - EntityQuerySpaceImpl(uid=<gen:1>, entity=com.fabiocompany.supermercadosdeltaplus.model.Usuario)
                - SQL table alias mapping - usuario1_
                - alias suffix - 1_
                - suffixed key columns - {idusuari1_9_1_}
                - JOIN (JoinDefinedByMetadata(personausuario)) : <gen:1> -> <gen:2>
                   - EntityQuerySpaceImpl(uid=<gen:2>, entity=com.fabiocompany.supermercadosdeltaplus.model.Personausuario)
                      - SQL table alias mapping - personausu2_
                      - alias suffix - 2_
                      - suffixed key columns - {idperson1_3_2_}

16:53:31.531 [main] DEBUG o.h.loader.entity.plan.EntityLoader - Static select for entity com.fabiocompany.supermercadosdeltaplus.model.Cabeceraticket [READ]: select cabecerati0_.idticket as idticket1_0_0_, cabecerati0_.fecha as fecha2_0_0_, cabecerati0_.idusuario as idusuari3_0_0_, usuario1_.idusuario as idusuari1_9_1_, usuario1_.contraseniausuario as contrase2_9_1_, usuario1_.nombreusuario as nombreus3_9_1_, usuario1_.tipodeusuario as tipodeus4_9_1_, personausu2_.idpersonausuario as idperson1_3_2_, personausu2_.correo as correo2_3_2_, personausu2_.dnipersonausuario as dniperso3_3_2_, personausu2_.nombrepersonausuario as nombrepe4_3_2_, personausu2_.numerodetelefono as numerode5_3_2_ from cabeceraticket cabecerati0_ left outer join usuario usuario1_ on cabecerati0_.idusuario=usuario1_.idusuario left outer join personausuario personausu2_ on usuario1_.idusuario=personausu2_.idpersonausuario where cabecerati0_.idticket=?
16:53:31.532 [main] DEBUG o.h.l.p.b.i.spaces.QuerySpacesImpl - Adding QuerySpace : uid = <gen:0> -> org.hibernate.loader.plan.build.internal.spaces.EntityQuerySpaceImpl@4c550889]
16:53:31.532 [main] DEBUG o.h.p.w.spi.MetamodelGraphWalker - Visiting attribute path : detalletickets
16:53:31.532 [main] DEBUG o.h.p.w.spi.MetamodelGraphWalker - Visiting attribute path : fecha
16:53:31.532 [main] DEBUG o.h.p.w.spi.MetamodelGraphWalker - Visiting attribute path : usuario
16:53:31.532 [main] DEBUG o.h.l.p.b.i.spaces.QuerySpacesImpl - Adding QuerySpace : uid = <gen:1> -> org.hibernate.loader.plan.build.internal.spaces.EntityQuerySpaceImpl@44040454]
16:53:31.532 [main] DEBUG o.h.l.p.b.i.FetchStyleLoadPlanBuildingAssociationVisitationStrategy - Building LoadPlan...
16:53:31.532 [main] DEBUG o.h.l.p.e.i.LoadQueryJoinAndFetchProcessor - processing queryspace <gen:0>
16:53:31.532 [main] DEBUG o.h.l.p.b.spi.LoadPlanTreePrinter - LoadPlan(entity=com.fabiocompany.supermercadosdeltaplus.model.Cabeceraticket)
    - Returns
       - EntityReturnImpl(entity=com.fabiocompany.supermercadosdeltaplus.model.Cabeceraticket, querySpaceUid=<gen:0>, path=com.fabiocompany.supermercadosdeltaplus.model.Cabeceraticket)
          - EntityAttributeFetchImpl(entity=com.fabiocompany.supermercadosdeltaplus.model.Usuario, querySpaceUid=<gen:1>, path=com.fabiocompany.supermercadosdeltaplus.model.Cabeceraticket.usuario)
    - QuerySpaces
       - EntityQuerySpaceImpl(uid=<gen:0>, entity=com.fabiocompany.supermercadosdeltaplus.model.Cabeceraticket)
          - SQL table alias mapping - cabecerati0_
          - alias suffix - 0_
          - suffixed key columns - {idticket1_0_0_}

16:53:31.532 [main] DEBUG o.h.loader.entity.plan.EntityLoader - Static select for entity com.fabiocompany.supermercadosdeltaplus.model.Cabeceraticket [UPGRADE]: select cabecerati0_.idticket as idticket1_0_0_, cabecerati0_.fecha as fecha2_0_0_, cabecerati0_.idusuario as idusuari3_0_0_ from cabeceraticket cabecerati0_ where cabecerati0_.idticket=? for update
16:53:31.532 [main] DEBUG o.h.l.p.b.i.spaces.QuerySpacesImpl - Adding QuerySpace : uid = <gen:0> -> org.hibernate.loader.plan.build.internal.spaces.EntityQuerySpaceImpl@65fe9e33]
16:53:31.533 [main] DEBUG o.h.p.w.spi.MetamodelGraphWalker - Visiting attribute path : detalletickets
16:53:31.533 [main] DEBUG o.h.p.w.spi.MetamodelGraphWalker - Visiting attribute path : fecha
16:53:31.533 [main] DEBUG o.h.p.w.spi.MetamodelGraphWalker - Visiting attribute path : usuario
16:53:31.533 [main] DEBUG o.h.l.p.b.i.spaces.QuerySpacesImpl - Adding QuerySpace : uid = <gen:1> -> org.hibernate.loader.plan.build.internal.spaces.EntityQuerySpaceImpl@42f8285e]
16:53:31.533 [main] DEBUG o.h.l.p.b.i.FetchStyleLoadPlanBuildingAssociationVisitationStrategy - Building LoadPlan...
16:53:31.533 [main] DEBUG o.h.l.p.e.i.LoadQueryJoinAndFetchProcessor - processing queryspace <gen:0>
16:53:31.533 [main] DEBUG o.h.l.p.b.spi.LoadPlanTreePrinter - LoadPlan(entity=com.fabiocompany.supermercadosdeltaplus.model.Cabeceraticket)
    - Returns
       - EntityReturnImpl(entity=com.fabiocompany.supermercadosdeltaplus.model.Cabeceraticket, querySpaceUid=<gen:0>, path=com.fabiocompany.supermercadosdeltaplus.model.Cabeceraticket)
          - EntityAttributeFetchImpl(entity=com.fabiocompany.supermercadosdeltaplus.model.Usuario, querySpaceUid=<gen:1>, path=com.fabiocompany.supermercadosdeltaplus.model.Cabeceraticket.usuario)
    - QuerySpaces
       - EntityQuerySpaceImpl(uid=<gen:0>, entity=com.fabiocompany.supermercadosdeltaplus.model.Cabeceraticket)
          - SQL table alias mapping - cabecerati0_
          - alias suffix - 0_
          - suffixed key columns - {idticket1_0_0_}

16:53:31.533 [main] DEBUG o.h.loader.entity.plan.EntityLoader - Static select for entity com.fabiocompany.supermercadosdeltaplus.model.Cabeceraticket [UPGRADE_NOWAIT]: select cabecerati0_.idticket as idticket1_0_0_, cabecerati0_.fecha as fecha2_0_0_, cabecerati0_.idusuario as idusuari3_0_0_ from cabeceraticket cabecerati0_ where cabecerati0_.idticket=? for update
16:53:31.533 [main] DEBUG o.h.l.p.b.i.spaces.QuerySpacesImpl - Adding QuerySpace : uid = <gen:0> -> org.hibernate.loader.plan.build.internal.spaces.EntityQuerySpaceImpl@26bab2f1]
16:53:31.533 [main] DEBUG o.h.p.w.spi.MetamodelGraphWalker - Visiting attribute path : detalletickets
16:53:31.534 [main] DEBUG o.h.p.w.spi.MetamodelGraphWalker - Visiting attribute path : fecha
16:53:31.534 [main] DEBUG o.h.p.w.spi.MetamodelGraphWalker - Visiting attribute path : usuario
16:53:31.534 [main] DEBUG o.h.l.p.b.i.spaces.QuerySpacesImpl - Adding QuerySpace : uid = <gen:1> -> org.hibernate.loader.plan.build.internal.spaces.EntityQuerySpaceImpl@68ead359]
16:53:31.534 [main] DEBUG o.h.l.p.b.i.FetchStyleLoadPlanBuildingAssociationVisitationStrategy - Building LoadPlan...
16:53:31.534 [main] DEBUG o.h.l.p.e.i.LoadQueryJoinAndFetchProcessor - processing queryspace <gen:0>
16:53:31.534 [main] DEBUG o.h.l.p.b.spi.LoadPlanTreePrinter - LoadPlan(entity=com.fabiocompany.supermercadosdeltaplus.model.Cabeceraticket)
    - Returns
       - EntityReturnImpl(entity=com.fabiocompany.supermercadosdeltaplus.model.Cabeceraticket, querySpaceUid=<gen:0>, path=com.fabiocompany.supermercadosdeltaplus.model.Cabeceraticket)
          - EntityAttributeFetchImpl(entity=com.fabiocompany.supermercadosdeltaplus.model.Usuario, querySpaceUid=<gen:1>, path=com.fabiocompany.supermercadosdeltaplus.model.Cabeceraticket.usuario)
    - QuerySpaces
       - EntityQuerySpaceImpl(uid=<gen:0>, entity=com.fabiocompany.supermercadosdeltaplus.model.Cabeceraticket)
          - SQL table alias mapping - cabecerati0_
          - alias suffix - 0_
          - suffixed key columns - {idticket1_0_0_}

16:53:31.534 [main] DEBUG o.h.loader.entity.plan.EntityLoader - Static select for entity com.fabiocompany.supermercadosdeltaplus.model.Cabeceraticket [UPGRADE_SKIPLOCKED]: select cabecerati0_.idticket as idticket1_0_0_, cabecerati0_.fecha as fecha2_0_0_, cabecerati0_.idusuario as idusuari3_0_0_ from cabeceraticket cabecerati0_ where cabecerati0_.idticket=? for update
16:53:31.534 [main] DEBUG o.h.l.p.b.i.spaces.QuerySpacesImpl - Adding QuerySpace : uid = <gen:0> -> org.hibernate.loader.plan.build.internal.spaces.EntityQuerySpaceImpl@6b53bcc2]
16:53:31.534 [main] DEBUG o.h.p.w.spi.MetamodelGraphWalker - Visiting attribute path : detalletickets
16:53:31.534 [main] DEBUG o.h.p.w.spi.MetamodelGraphWalker - Visiting attribute path : fecha
16:53:31.535 [main] DEBUG o.h.p.w.spi.MetamodelGraphWalker - Visiting attribute path : usuario
16:53:31.535 [main] DEBUG o.h.l.p.b.i.spaces.QuerySpacesImpl - Adding QuerySpace : uid = <gen:1> -> org.hibernate.loader.plan.build.internal.spaces.EntityQuerySpaceImpl@a43ce46]
16:53:31.535 [main] DEBUG o.h.l.p.b.i.FetchStyleLoadPlanBuildingAssociationVisitationStrategy - Building LoadPlan...
16:53:31.535 [main] DEBUG o.h.l.p.e.i.LoadQueryJoinAndFetchProcessor - processing queryspace <gen:0>
16:53:31.535 [main] DEBUG o.h.l.p.b.spi.LoadPlanTreePrinter - LoadPlan(entity=com.fabiocompany.supermercadosdeltaplus.model.Cabeceraticket)
    - Returns
       - EntityReturnImpl(entity=com.fabiocompany.supermercadosdeltaplus.model.Cabeceraticket, querySpaceUid=<gen:0>, path=com.fabiocompany.supermercadosdeltaplus.model.Cabeceraticket)
          - EntityAttributeFetchImpl(entity=com.fabiocompany.supermercadosdeltaplus.model.Usuario, querySpaceUid=<gen:1>, path=com.fabiocompany.supermercadosdeltaplus.model.Cabeceraticket.usuario)
    - QuerySpaces
       - EntityQuerySpaceImpl(uid=<gen:0>, entity=com.fabiocompany.supermercadosdeltaplus.model.Cabeceraticket)
          - SQL table alias mapping - cabecerati0_
          - alias suffix - 0_
          - suffixed key columns - {idticket1_0_0_}

16:53:31.535 [main] DEBUG o.h.loader.entity.plan.EntityLoader - Static select for entity com.fabiocompany.supermercadosdeltaplus.model.Cabeceraticket [FORCE]: select cabecerati0_.idticket as idticket1_0_0_, cabecerati0_.fecha as fecha2_0_0_, cabecerati0_.idusuario as idusuari3_0_0_ from cabeceraticket cabecerati0_ where cabecerati0_.idticket=? for update
16:53:31.535 [main] DEBUG o.h.l.p.b.i.spaces.QuerySpacesImpl - Adding QuerySpace : uid = <gen:0> -> org.hibernate.loader.plan.build.internal.spaces.EntityQuerySpaceImpl@340da44c]
16:53:31.535 [main] DEBUG o.h.p.w.spi.MetamodelGraphWalker - Visiting attribute path : detalletickets
16:53:31.536 [main] DEBUG o.h.p.w.spi.MetamodelGraphWalker - Visiting attribute path : fecha
16:53:31.536 [main] DEBUG o.h.p.w.spi.MetamodelGraphWalker - Visiting attribute path : usuario
16:53:31.536 [main] DEBUG o.h.l.p.b.i.spaces.QuerySpacesImpl - Adding QuerySpace : uid = <gen:1> -> org.hibernate.loader.plan.build.internal.spaces.EntityQuerySpaceImpl@37052337]
16:53:31.536 [main] DEBUG o.h.l.p.b.i.FetchStyleLoadPlanBuildingAssociationVisitationStrategy - Building LoadPlan...
16:53:31.536 [main] DEBUG o.h.l.p.e.i.LoadQueryJoinAndFetchProcessor - processing queryspace <gen:0>
16:53:31.537 [main] DEBUG o.h.l.p.b.spi.LoadPlanTreePrinter - LoadPlan(entity=com.fabiocompany.supermercadosdeltaplus.model.Cabeceraticket)
    - Returns
       - EntityReturnImpl(entity=com.fabiocompany.supermercadosdeltaplus.model.Cabeceraticket, querySpaceUid=<gen:0>, path=com.fabiocompany.supermercadosdeltaplus.model.Cabeceraticket)
          - EntityAttributeFetchImpl(entity=com.fabiocompany.supermercadosdeltaplus.model.Usuario, querySpaceUid=<gen:1>, path=com.fabiocompany.supermercadosdeltaplus.model.Cabeceraticket.usuario)
    - QuerySpaces
       - EntityQuerySpaceImpl(uid=<gen:0>, entity=com.fabiocompany.supermercadosdeltaplus.model.Cabeceraticket)
          - SQL table alias mapping - cabecerati0_
          - alias suffix - 0_
          - suffixed key columns - {idticket1_0_0_}

16:53:31.537 [main] DEBUG o.h.loader.entity.plan.EntityLoader - Static select for entity com.fabiocompany.supermercadosdeltaplus.model.Cabeceraticket [PESSIMISTIC_READ]: select cabecerati0_.idticket as idticket1_0_0_, cabecerati0_.fecha as fecha2_0_0_, cabecerati0_.idusuario as idusuari3_0_0_ from cabeceraticket cabecerati0_ where cabecerati0_.idticket=? lock in share mode
16:53:31.537 [main] DEBUG o.h.l.p.b.i.spaces.QuerySpacesImpl - Adding QuerySpace : uid = <gen:0> -> org.hibernate.loader.plan.build.internal.spaces.EntityQuerySpaceImpl@2320fa6f]
16:53:31.537 [main] DEBUG o.h.p.w.spi.MetamodelGraphWalker - Visiting attribute path : detalletickets
16:53:31.537 [main] DEBUG o.h.p.w.spi.MetamodelGraphWalker - Visiting attribute path : fecha
16:53:31.537 [main] DEBUG o.h.p.w.spi.MetamodelGraphWalker - Visiting attribute path : usuario
16:53:31.537 [main] DEBUG o.h.l.p.b.i.spaces.QuerySpacesImpl - Adding QuerySpace : uid = <gen:1> -> org.hibernate.loader.plan.build.internal.spaces.EntityQuerySpaceImpl@4d722ac9]
16:53:31.537 [main] DEBUG o.h.l.p.b.i.FetchStyleLoadPlanBuildingAssociationVisitationStrategy - Building LoadPlan...
16:53:31.538 [main] DEBUG o.h.l.p.e.i.LoadQueryJoinAndFetchProcessor - processing queryspace <gen:0>
16:53:31.538 [main] DEBUG o.h.l.p.b.spi.LoadPlanTreePrinter - LoadPlan(entity=com.fabiocompany.supermercadosdeltaplus.model.Cabeceraticket)
    - Returns
       - EntityReturnImpl(entity=com.fabiocompany.supermercadosdeltaplus.model.Cabeceraticket, querySpaceUid=<gen:0>, path=com.fabiocompany.supermercadosdeltaplus.model.Cabeceraticket)
          - EntityAttributeFetchImpl(entity=com.fabiocompany.supermercadosdeltaplus.model.Usuario, querySpaceUid=<gen:1>, path=com.fabiocompany.supermercadosdeltaplus.model.Cabeceraticket.usuario)
    - QuerySpaces
       - EntityQuerySpaceImpl(uid=<gen:0>, entity=com.fabiocompany.supermercadosdeltaplus.model.Cabeceraticket)
          - SQL table alias mapping - cabecerati0_
          - alias suffix - 0_
          - suffixed key columns - {idticket1_0_0_}

16:53:31.538 [main] DEBUG o.h.loader.entity.plan.EntityLoader - Static select for entity com.fabiocompany.supermercadosdeltaplus.model.Cabeceraticket [PESSIMISTIC_WRITE]: select cabecerati0_.idticket as idticket1_0_0_, cabecerati0_.fecha as fecha2_0_0_, cabecerati0_.idusuario as idusuari3_0_0_ from cabeceraticket cabecerati0_ where cabecerati0_.idticket=? for update
16:53:31.538 [main] DEBUG o.h.l.p.b.i.spaces.QuerySpacesImpl - Adding QuerySpace : uid = <gen:0> -> org.hibernate.loader.plan.build.internal.spaces.EntityQuerySpaceImpl@53f0a4cb]
16:53:31.538 [main] DEBUG o.h.p.w.spi.MetamodelGraphWalker - Visiting attribute path : detalletickets
16:53:31.539 [main] DEBUG o.h.p.w.spi.MetamodelGraphWalker - Visiting attribute path : fecha
16:53:31.539 [main] DEBUG o.h.p.w.spi.MetamodelGraphWalker - Visiting attribute path : usuario
16:53:31.539 [main] DEBUG o.h.l.p.b.i.spaces.QuerySpacesImpl - Adding QuerySpace : uid = <gen:1> -> org.hibernate.loader.plan.build.internal.spaces.EntityQuerySpaceImpl@3d97a632]
16:53:31.539 [main] DEBUG o.h.l.p.b.i.FetchStyleLoadPlanBuildingAssociationVisitationStrategy - Building LoadPlan...
16:53:31.539 [main] DEBUG o.h.l.p.e.i.LoadQueryJoinAndFetchProcessor - processing queryspace <gen:0>
16:53:31.540 [main] DEBUG o.h.l.p.b.spi.LoadPlanTreePrinter - LoadPlan(entity=com.fabiocompany.supermercadosdeltaplus.model.Cabeceraticket)
    - Returns
       - EntityReturnImpl(entity=com.fabiocompany.supermercadosdeltaplus.model.Cabeceraticket, querySpaceUid=<gen:0>, path=com.fabiocompany.supermercadosdeltaplus.model.Cabeceraticket)
          - EntityAttributeFetchImpl(entity=com.fabiocompany.supermercadosdeltaplus.model.Usuario, querySpaceUid=<gen:1>, path=com.fabiocompany.supermercadosdeltaplus.model.Cabeceraticket.usuario)
    - QuerySpaces
       - EntityQuerySpaceImpl(uid=<gen:0>, entity=com.fabiocompany.supermercadosdeltaplus.model.Cabeceraticket)
          - SQL table alias mapping - cabecerati0_
          - alias suffix - 0_
          - suffixed key columns - {idticket1_0_0_}

16:53:31.540 [main] DEBUG o.h.loader.entity.plan.EntityLoader - Static select for entity com.fabiocompany.supermercadosdeltaplus.model.Cabeceraticket [PESSIMISTIC_FORCE_INCREMENT]: select cabecerati0_.idticket as idticket1_0_0_, cabecerati0_.fecha as fecha2_0_0_, cabecerati0_.idusuario as idusuari3_0_0_ from cabeceraticket cabecerati0_ where cabecerati0_.idticket=? for update
16:53:31.540 [main] DEBUG o.h.l.p.b.i.spaces.QuerySpacesImpl - Adding QuerySpace : uid = <gen:0> -> org.hibernate.loader.plan.build.internal.spaces.EntityQuerySpaceImpl@616fe72b]
16:53:31.540 [main] DEBUG o.h.p.w.spi.MetamodelGraphWalker - Visiting attribute path : detalletickets
16:53:31.540 [main] DEBUG o.h.p.w.spi.MetamodelGraphWalker - Visiting attribute path : fecha
16:53:31.540 [main] DEBUG o.h.p.w.spi.MetamodelGraphWalker - Visiting attribute path : usuario
16:53:31.540 [main] DEBUG o.h.l.p.b.i.spaces.QuerySpacesImpl - Adding QuerySpace : uid = <gen:1> -> org.hibernate.loader.plan.build.internal.spaces.EntityQuerySpaceImpl@7e7b159b]
16:53:31.541 [main] DEBUG o.h.l.p.b.i.FetchStyleLoadPlanBuildingAssociationVisitationStrategy - Building LoadPlan...
16:53:31.541 [main] DEBUG o.h.l.p.e.i.LoadQueryJoinAndFetchProcessor - processing queryspace <gen:0>
16:53:31.541 [main] DEBUG o.h.l.p.b.spi.LoadPlanTreePrinter - LoadPlan(entity=com.fabiocompany.supermercadosdeltaplus.model.Cabeceraticket)
    - Returns
       - EntityReturnImpl(entity=com.fabiocompany.supermercadosdeltaplus.model.Cabeceraticket, querySpaceUid=<gen:0>, path=com.fabiocompany.supermercadosdeltaplus.model.Cabeceraticket)
          - EntityAttributeFetchImpl(entity=com.fabiocompany.supermercadosdeltaplus.model.Usuario, querySpaceUid=<gen:1>, path=com.fabiocompany.supermercadosdeltaplus.model.Cabeceraticket.usuario)
    - QuerySpaces
       - EntityQuerySpaceImpl(uid=<gen:0>, entity=com.fabiocompany.supermercadosdeltaplus.model.Cabeceraticket)
          - SQL table alias mapping - cabecerati0_
          - alias suffix - 0_
          - suffixed key columns - {idticket1_0_0_}

16:53:31.542 [main] DEBUG o.h.loader.entity.plan.EntityLoader - Static select for entity com.fabiocompany.supermercadosdeltaplus.model.Cabeceraticket [OPTIMISTIC]: select cabecerati0_.idticket as idticket1_0_0_, cabecerati0_.fecha as fecha2_0_0_, cabecerati0_.idusuario as idusuari3_0_0_ from cabeceraticket cabecerati0_ where cabecerati0_.idticket=?
16:53:31.542 [main] DEBUG o.h.l.p.b.i.spaces.QuerySpacesImpl - Adding QuerySpace : uid = <gen:0> -> org.hibernate.loader.plan.build.internal.spaces.EntityQuerySpaceImpl@7e5d9a50]
16:53:31.542 [main] DEBUG o.h.p.w.spi.MetamodelGraphWalker - Visiting attribute path : detalletickets
16:53:31.542 [main] DEBUG o.h.p.w.spi.MetamodelGraphWalker - Visiting attribute path : fecha
16:53:31.542 [main] DEBUG o.h.p.w.spi.MetamodelGraphWalker - Visiting attribute path : usuario
16:53:31.542 [main] DEBUG o.h.l.p.b.i.spaces.QuerySpacesImpl - Adding QuerySpace : uid = <gen:1> -> org.hibernate.loader.plan.build.internal.spaces.EntityQuerySpaceImpl@293a5f75]
16:53:31.542 [main] DEBUG o.h.l.p.b.i.FetchStyleLoadPlanBuildingAssociationVisitationStrategy - Building LoadPlan...
16:53:31.543 [main] DEBUG o.h.l.p.e.i.LoadQueryJoinAndFetchProcessor - processing queryspace <gen:0>
16:53:31.543 [main] DEBUG o.h.l.p.b.spi.LoadPlanTreePrinter - LoadPlan(entity=com.fabiocompany.supermercadosdeltaplus.model.Cabeceraticket)
    - Returns
       - EntityReturnImpl(entity=com.fabiocompany.supermercadosdeltaplus.model.Cabeceraticket, querySpaceUid=<gen:0>, path=com.fabiocompany.supermercadosdeltaplus.model.Cabeceraticket)
          - EntityAttributeFetchImpl(entity=com.fabiocompany.supermercadosdeltaplus.model.Usuario, querySpaceUid=<gen:1>, path=com.fabiocompany.supermercadosdeltaplus.model.Cabeceraticket.usuario)
    - QuerySpaces
       - EntityQuerySpaceImpl(uid=<gen:0>, entity=com.fabiocompany.supermercadosdeltaplus.model.Cabeceraticket)
          - SQL table alias mapping - cabecerati0_
          - alias suffix - 0_
          - suffixed key columns - {idticket1_0_0_}

16:53:31.543 [main] DEBUG o.h.loader.entity.plan.EntityLoader - Static select for entity com.fabiocompany.supermercadosdeltaplus.model.Cabeceraticket [OPTIMISTIC_FORCE_INCREMENT]: select cabecerati0_.idticket as idticket1_0_0_, cabecerati0_.fecha as fecha2_0_0_, cabecerati0_.idusuario as idusuari3_0_0_ from cabeceraticket cabecerati0_ where cabecerati0_.idticket=?
16:53:31.563 [main] DEBUG org.hibernate.loader.Loader - Static select for action ACTION_MERGE on entity com.fabiocompany.supermercadosdeltaplus.model.Cabeceraticket: select cabecerati0_.idticket as idticket1_0_1_, cabecerati0_.fecha as fecha2_0_1_, cabecerati0_.idusuario as idusuari3_0_1_, detalletic1_.idticket as idticket7_0_3_, detalletic1_.iddetalleticket as iddetall1_2_3_, detalletic1_.iddetalleticket as iddetall1_2_0_, detalletic1_.idticket as idticket7_2_0_, detalletic1_.cantidad as cantidad2_2_0_, detalletic1_.cantidadporproducto as cantidad3_2_0_, detalletic1_.montodepago as montodep4_2_0_, detalletic1_.subtotal as subtotal5_2_0_, detalletic1_.idtipodepago as idtipode8_2_0_, detalletic1_.total as total6_2_0_ from cabeceraticket cabecerati0_ left outer join detalleticket detalletic1_ on cabecerati0_.idticket=detalletic1_.idticket where cabecerati0_.idticket=?
16:53:31.564 [main] DEBUG org.hibernate.loader.Loader - Static select for action ACTION_REFRESH on entity com.fabiocompany.supermercadosdeltaplus.model.Cabeceraticket: select cabecerati0_.idticket as idticket1_0_1_, cabecerati0_.fecha as fecha2_0_1_, cabecerati0_.idusuario as idusuari3_0_1_, detalletic1_.idticket as idticket7_0_3_, detalletic1_.iddetalleticket as iddetall1_2_3_, detalletic1_.iddetalleticket as iddetall1_2_0_, detalletic1_.idticket as idticket7_2_0_, detalletic1_.cantidad as cantidad2_2_0_, detalletic1_.cantidadporproducto as cantidad3_2_0_, detalletic1_.montodepago as montodep4_2_0_, detalletic1_.subtotal as subtotal5_2_0_, detalletic1_.idtipodepago as idtipode8_2_0_, detalletic1_.total as total6_2_0_ from cabeceraticket cabecerati0_ left outer join detalleticket detalletic1_ on cabecerati0_.idticket=detalletic1_.idticket where cabecerati0_.idticket=?
16:53:31.564 [main] DEBUG o.h.p.entity.AbstractEntityPersister - Static SQL for entity: com.fabiocompany.supermercadosdeltaplus.model.Tarjeta
16:53:31.565 [main] DEBUG o.h.p.entity.AbstractEntityPersister -  Version select: select idtarjeta from tarjeta where idtarjeta =?
16:53:31.565 [main] DEBUG o.h.p.entity.AbstractEntityPersister -  Snapshot select: select tarjeta_.idtarjeta, tarjeta_.nombretarjeta as nombreta2_5_, tarjeta_.numtarjeta as numtarje3_5_, tarjeta_.idtipodepago as idtipode4_5_ from tarjeta tarjeta_ where tarjeta_.idtarjeta=?
16:53:31.565 [main] DEBUG o.h.p.entity.AbstractEntityPersister -  Insert 0: insert into tarjeta (nombretarjeta, numtarjeta, idtipodepago, idtarjeta) values (?, ?, ?, ?)
16:53:31.565 [main] DEBUG o.h.p.entity.AbstractEntityPersister -  Update 0: update tarjeta set nombretarjeta=?, numtarjeta=?, idtipodepago=? where idtarjeta=?
16:53:31.565 [main] DEBUG o.h.p.entity.AbstractEntityPersister -  Delete 0: delete from tarjeta where idtarjeta=?
16:53:31.565 [main] DEBUG o.h.p.entity.AbstractEntityPersister -  Identity insert: insert into tarjeta (nombretarjeta, numtarjeta, idtipodepago) values (?, ?, ?)
16:53:31.565 [main] DEBUG o.h.l.p.b.i.spaces.QuerySpacesImpl - Adding QuerySpace : uid = <gen:0> -> org.hibernate.loader.plan.build.internal.spaces.EntityQuerySpaceImpl@77d2e85]
16:53:31.565 [main] DEBUG o.h.p.w.spi.MetamodelGraphWalker - Visiting attribute path : nombretarjeta
16:53:31.565 [main] DEBUG o.h.p.w.spi.MetamodelGraphWalker - Visiting attribute path : numtarjeta
16:53:31.565 [main] DEBUG o.h.p.w.spi.MetamodelGraphWalker - Visiting attribute path : tipodepago
16:53:31.565 [main] DEBUG o.h.l.p.b.i.spaces.QuerySpacesImpl - Adding QuerySpace : uid = <gen:1> -> org.hibernate.loader.plan.build.internal.spaces.EntityQuerySpaceImpl@58ffcbd7]
16:53:31.565 [main] DEBUG o.h.p.w.spi.MetamodelGraphWalker - Visiting attribute path : tipodepago.descripciontipodepago
16:53:31.565 [main] DEBUG o.h.p.w.spi.MetamodelGraphWalker - Visiting attribute path : tipodepago.detalletickets
16:53:31.566 [main] DEBUG o.h.p.w.spi.MetamodelGraphWalker - Visiting attribute path : tipodepago.tarjetas
16:53:31.566 [main] DEBUG o.h.p.w.spi.MetamodelGraphWalker - Property path deemed to be circular : tipodepago.tarjetas
16:53:31.566 [main] DEBUG o.h.l.p.b.i.FetchStyleLoadPlanBuildingAssociationVisitationStrategy - Building LoadPlan...
16:53:31.566 [main] DEBUG o.h.l.p.e.i.LoadQueryJoinAndFetchProcessor - processing queryspace <gen:0>
16:53:31.567 [main] DEBUG o.h.l.p.b.spi.LoadPlanTreePrinter - LoadPlan(entity=com.fabiocompany.supermercadosdeltaplus.model.Tarjeta)
    - Returns
       - EntityReturnImpl(entity=com.fabiocompany.supermercadosdeltaplus.model.Tarjeta, querySpaceUid=<gen:0>, path=com.fabiocompany.supermercadosdeltaplus.model.Tarjeta)
          - EntityAttributeFetchImpl(entity=com.fabiocompany.supermercadosdeltaplus.model.Tipodepago, querySpaceUid=<gen:1>, path=com.fabiocompany.supermercadosdeltaplus.model.Tarjeta.tipodepago)
    - QuerySpaces
       - EntityQuerySpaceImpl(uid=<gen:0>, entity=com.fabiocompany.supermercadosdeltaplus.model.Tarjeta)
          - SQL table alias mapping - tarjeta0_
          - alias suffix - 0_
          - suffixed key columns - {idtarjet1_5_0_}
          - JOIN (JoinDefinedByMetadata(tipodepago)) : <gen:0> -> <gen:1>
             - EntityQuerySpaceImpl(uid=<gen:1>, entity=com.fabiocompany.supermercadosdeltaplus.model.Tipodepago)
                - SQL table alias mapping - tipodepago1_
                - alias suffix - 1_
                - suffixed key columns - {idtipode1_8_1_}

16:53:31.567 [main] DEBUG o.h.loader.entity.plan.EntityLoader - Static select for entity com.fabiocompany.supermercadosdeltaplus.model.Tarjeta [NONE]: select tarjeta0_.idtarjeta as idtarjet1_5_0_, tarjeta0_.nombretarjeta as nombreta2_5_0_, tarjeta0_.numtarjeta as numtarje3_5_0_, tarjeta0_.idtipodepago as idtipode4_5_0_, tipodepago1_.idtipodepago as idtipode1_8_1_, tipodepago1_.descripciontipodepago as descripc2_8_1_ from tarjeta tarjeta0_ left outer join tipodepago tipodepago1_ on tarjeta0_.idtipodepago=tipodepago1_.idtipodepago where tarjeta0_.idtarjeta=?
16:53:31.567 [main] DEBUG o.h.l.p.b.i.spaces.QuerySpacesImpl - Adding QuerySpace : uid = <gen:0> -> org.hibernate.loader.plan.build.internal.spaces.EntityQuerySpaceImpl@6bb2d00b]
16:53:31.567 [main] DEBUG o.h.p.w.spi.MetamodelGraphWalker - Visiting attribute path : nombretarjeta
16:53:31.567 [main] DEBUG o.h.p.w.spi.MetamodelGraphWalker - Visiting attribute path : numtarjeta
16:53:31.567 [main] DEBUG o.h.p.w.spi.MetamodelGraphWalker - Visiting attribute path : tipodepago
16:53:31.567 [main] DEBUG o.h.l.p.b.i.spaces.QuerySpacesImpl - Adding QuerySpace : uid = <gen:1> -> org.hibernate.loader.plan.build.internal.spaces.EntityQuerySpaceImpl@1a9c38eb]
16:53:31.567 [main] DEBUG o.h.p.w.spi.MetamodelGraphWalker - Visiting attribute path : tipodepago.descripciontipodepago
16:53:31.567 [main] DEBUG o.h.p.w.spi.MetamodelGraphWalker - Visiting attribute path : tipodepago.detalletickets
16:53:31.567 [main] DEBUG o.h.p.w.spi.MetamodelGraphWalker - Visiting attribute path : tipodepago.tarjetas
16:53:31.568 [main] DEBUG o.h.p.w.spi.MetamodelGraphWalker - Property path deemed to be circular : tipodepago.tarjetas
16:53:31.568 [main] DEBUG o.h.l.p.b.i.FetchStyleLoadPlanBuildingAssociationVisitationStrategy - Building LoadPlan...
16:53:31.568 [main] DEBUG o.h.l.p.e.i.LoadQueryJoinAndFetchProcessor - processing queryspace <gen:0>
16:53:31.568 [main] DEBUG o.h.l.p.b.spi.LoadPlanTreePrinter - LoadPlan(entity=com.fabiocompany.supermercadosdeltaplus.model.Tarjeta)
    - Returns
       - EntityReturnImpl(entity=com.fabiocompany.supermercadosdeltaplus.model.Tarjeta, querySpaceUid=<gen:0>, path=com.fabiocompany.supermercadosdeltaplus.model.Tarjeta)
          - EntityAttributeFetchImpl(entity=com.fabiocompany.supermercadosdeltaplus.model.Tipodepago, querySpaceUid=<gen:1>, path=com.fabiocompany.supermercadosdeltaplus.model.Tarjeta.tipodepago)
    - QuerySpaces
       - EntityQuerySpaceImpl(uid=<gen:0>, entity=com.fabiocompany.supermercadosdeltaplus.model.Tarjeta)
          - SQL table alias mapping - tarjeta0_
          - alias suffix - 0_
          - suffixed key columns - {idtarjet1_5_0_}
          - JOIN (JoinDefinedByMetadata(tipodepago)) : <gen:0> -> <gen:1>
             - EntityQuerySpaceImpl(uid=<gen:1>, entity=com.fabiocompany.supermercadosdeltaplus.model.Tipodepago)
                - SQL table alias mapping - tipodepago1_
                - alias suffix - 1_
                - suffixed key columns - {idtipode1_8_1_}

16:53:31.568 [main] DEBUG o.h.loader.entity.plan.EntityLoader - Static select for entity com.fabiocompany.supermercadosdeltaplus.model.Tarjeta [READ]: select tarjeta0_.idtarjeta as idtarjet1_5_0_, tarjeta0_.nombretarjeta as nombreta2_5_0_, tarjeta0_.numtarjeta as numtarje3_5_0_, tarjeta0_.idtipodepago as idtipode4_5_0_, tipodepago1_.idtipodepago as idtipode1_8_1_, tipodepago1_.descripciontipodepago as descripc2_8_1_ from tarjeta tarjeta0_ left outer join tipodepago tipodepago1_ on tarjeta0_.idtipodepago=tipodepago1_.idtipodepago where tarjeta0_.idtarjeta=?
16:53:31.569 [main] DEBUG o.h.l.p.b.i.spaces.QuerySpacesImpl - Adding QuerySpace : uid = <gen:0> -> org.hibernate.loader.plan.build.internal.spaces.EntityQuerySpaceImpl@4c5474f5]
16:53:31.569 [main] DEBUG o.h.p.w.spi.MetamodelGraphWalker - Visiting attribute path : nombretarjeta
16:53:31.569 [main] DEBUG o.h.p.w.spi.MetamodelGraphWalker - Visiting attribute path : numtarjeta
16:53:31.569 [main] DEBUG o.h.p.w.spi.MetamodelGraphWalker - Visiting attribute path : tipodepago
16:53:31.569 [main] DEBUG o.h.l.p.b.i.spaces.QuerySpacesImpl - Adding QuerySpace : uid = <gen:1> -> org.hibernate.loader.plan.build.internal.spaces.EntityQuerySpaceImpl@54e22bdd]
16:53:31.569 [main] DEBUG o.h.l.p.b.i.FetchStyleLoadPlanBuildingAssociationVisitationStrategy - Building LoadPlan...
16:53:31.569 [main] DEBUG o.h.l.p.e.i.LoadQueryJoinAndFetchProcessor - processing queryspace <gen:0>
16:53:31.570 [main] DEBUG o.h.l.p.b.spi.LoadPlanTreePrinter - LoadPlan(entity=com.fabiocompany.supermercadosdeltaplus.model.Tarjeta)
    - Returns
       - EntityReturnImpl(entity=com.fabiocompany.supermercadosdeltaplus.model.Tarjeta, querySpaceUid=<gen:0>, path=com.fabiocompany.supermercadosdeltaplus.model.Tarjeta)
          - EntityAttributeFetchImpl(entity=com.fabiocompany.supermercadosdeltaplus.model.Tipodepago, querySpaceUid=<gen:1>, path=com.fabiocompany.supermercadosdeltaplus.model.Tarjeta.tipodepago)
    - QuerySpaces
       - EntityQuerySpaceImpl(uid=<gen:0>, entity=com.fabiocompany.supermercadosdeltaplus.model.Tarjeta)
          - SQL table alias mapping - tarjeta0_
          - alias suffix - 0_
          - suffixed key columns - {idtarjet1_5_0_}

16:53:31.570 [main] DEBUG o.h.loader.entity.plan.EntityLoader - Static select for entity com.fabiocompany.supermercadosdeltaplus.model.Tarjeta [UPGRADE]: select tarjeta0_.idtarjeta as idtarjet1_5_0_, tarjeta0_.nombretarjeta as nombreta2_5_0_, tarjeta0_.numtarjeta as numtarje3_5_0_, tarjeta0_.idtipodepago as idtipode4_5_0_ from tarjeta tarjeta0_ where tarjeta0_.idtarjeta=? for update
16:53:31.570 [main] DEBUG o.h.l.p.b.i.spaces.QuerySpacesImpl - Adding QuerySpace : uid = <gen:0> -> org.hibernate.loader.plan.build.internal.spaces.EntityQuerySpaceImpl@3bd418e4]
16:53:31.570 [main] DEBUG o.h.p.w.spi.MetamodelGraphWalker - Visiting attribute path : nombretarjeta
16:53:31.570 [main] DEBUG o.h.p.w.spi.MetamodelGraphWalker - Visiting attribute path : numtarjeta
16:53:31.570 [main] DEBUG o.h.p.w.spi.MetamodelGraphWalker - Visiting attribute path : tipodepago
16:53:31.570 [main] DEBUG o.h.l.p.b.i.spaces.QuerySpacesImpl - Adding QuerySpace : uid = <gen:1> -> org.hibernate.loader.plan.build.internal.spaces.EntityQuerySpaceImpl@6b98a075]
16:53:31.570 [main] DEBUG o.h.l.p.b.i.FetchStyleLoadPlanBuildingAssociationVisitationStrategy - Building LoadPlan...
16:53:31.570 [main] DEBUG o.h.l.p.e.i.LoadQueryJoinAndFetchProcessor - processing queryspace <gen:0>
16:53:31.571 [main] DEBUG o.h.l.p.b.spi.LoadPlanTreePrinter - LoadPlan(entity=com.fabiocompany.supermercadosdeltaplus.model.Tarjeta)
    - Returns
       - EntityReturnImpl(entity=com.fabiocompany.supermercadosdeltaplus.model.Tarjeta, querySpaceUid=<gen:0>, path=com.fabiocompany.supermercadosdeltaplus.model.Tarjeta)
          - EntityAttributeFetchImpl(entity=com.fabiocompany.supermercadosdeltaplus.model.Tipodepago, querySpaceUid=<gen:1>, path=com.fabiocompany.supermercadosdeltaplus.model.Tarjeta.tipodepago)
    - QuerySpaces
       - EntityQuerySpaceImpl(uid=<gen:0>, entity=com.fabiocompany.supermercadosdeltaplus.model.Tarjeta)
          - SQL table alias mapping - tarjeta0_
          - alias suffix - 0_
          - suffixed key columns - {idtarjet1_5_0_}

16:53:31.571 [main] DEBUG o.h.loader.entity.plan.EntityLoader - Static select for entity com.fabiocompany.supermercadosdeltaplus.model.Tarjeta [UPGRADE_NOWAIT]: select tarjeta0_.idtarjeta as idtarjet1_5_0_, tarjeta0_.nombretarjeta as nombreta2_5_0_, tarjeta0_.numtarjeta as numtarje3_5_0_, tarjeta0_.idtipodepago as idtipode4_5_0_ from tarjeta tarjeta0_ where tarjeta0_.idtarjeta=? for update
16:53:31.571 [main] DEBUG o.h.l.p.b.i.spaces.QuerySpacesImpl - Adding QuerySpace : uid = <gen:0> -> org.hibernate.loader.plan.build.internal.spaces.EntityQuerySpaceImpl@2e61d218]
16:53:31.571 [main] DEBUG o.h.p.w.spi.MetamodelGraphWalker - Visiting attribute path : nombretarjeta
16:53:31.571 [main] DEBUG o.h.p.w.spi.MetamodelGraphWalker - Visiting attribute path : numtarjeta
16:53:31.571 [main] DEBUG o.h.p.w.spi.MetamodelGraphWalker - Visiting attribute path : tipodepago
16:53:31.571 [main] DEBUG o.h.l.p.b.i.spaces.QuerySpacesImpl - Adding QuerySpace : uid = <gen:1> -> org.hibernate.loader.plan.build.internal.spaces.EntityQuerySpaceImpl@20b12f8a]
16:53:31.572 [main] DEBUG o.h.l.p.b.i.FetchStyleLoadPlanBuildingAssociationVisitationStrategy - Building LoadPlan...
16:53:31.572 [main] DEBUG o.h.l.p.e.i.LoadQueryJoinAndFetchProcessor - processing queryspace <gen:0>
16:53:31.572 [main] DEBUG o.h.l.p.b.spi.LoadPlanTreePrinter - LoadPlan(entity=com.fabiocompany.supermercadosdeltaplus.model.Tarjeta)
    - Returns
       - EntityReturnImpl(entity=com.fabiocompany.supermercadosdeltaplus.model.Tarjeta, querySpaceUid=<gen:0>, path=com.fabiocompany.supermercadosdeltaplus.model.Tarjeta)
          - EntityAttributeFetchImpl(entity=com.fabiocompany.supermercadosdeltaplus.model.Tipodepago, querySpaceUid=<gen:1>, path=com.fabiocompany.supermercadosdeltaplus.model.Tarjeta.tipodepago)
    - QuerySpaces
       - EntityQuerySpaceImpl(uid=<gen:0>, entity=com.fabiocompany.supermercadosdeltaplus.model.Tarjeta)
          - SQL table alias mapping - tarjeta0_
          - alias suffix - 0_
          - suffixed key columns - {idtarjet1_5_0_}

16:53:31.572 [main] DEBUG o.h.loader.entity.plan.EntityLoader - Static select for entity com.fabiocompany.supermercadosdeltaplus.model.Tarjeta [UPGRADE_SKIPLOCKED]: select tarjeta0_.idtarjeta as idtarjet1_5_0_, tarjeta0_.nombretarjeta as nombreta2_5_0_, tarjeta0_.numtarjeta as numtarje3_5_0_, tarjeta0_.idtipodepago as idtipode4_5_0_ from tarjeta tarjeta0_ where tarjeta0_.idtarjeta=? for update
16:53:31.572 [main] DEBUG o.h.l.p.b.i.spaces.QuerySpacesImpl - Adding QuerySpace : uid = <gen:0> -> org.hibernate.loader.plan.build.internal.spaces.EntityQuerySpaceImpl@e84a8e1]
16:53:31.572 [main] DEBUG o.h.p.w.spi.MetamodelGraphWalker - Visiting attribute path : nombretarjeta
16:53:31.573 [main] DEBUG o.h.p.w.spi.MetamodelGraphWalker - Visiting attribute path : numtarjeta
16:53:31.573 [main] DEBUG o.h.p.w.spi.MetamodelGraphWalker - Visiting attribute path : tipodepago
16:53:31.573 [main] DEBUG o.h.l.p.b.i.spaces.QuerySpacesImpl - Adding QuerySpace : uid = <gen:1> -> org.hibernate.loader.plan.build.internal.spaces.EntityQuerySpaceImpl@54a67a45]
16:53:31.573 [main] DEBUG o.h.l.p.b.i.FetchStyleLoadPlanBuildingAssociationVisitationStrategy - Building LoadPlan...
16:53:31.573 [main] DEBUG o.h.l.p.e.i.LoadQueryJoinAndFetchProcessor - processing queryspace <gen:0>
16:53:31.573 [main] DEBUG o.h.l.p.b.spi.LoadPlanTreePrinter - LoadPlan(entity=com.fabiocompany.supermercadosdeltaplus.model.Tarjeta)
    - Returns
       - EntityReturnImpl(entity=com.fabiocompany.supermercadosdeltaplus.model.Tarjeta, querySpaceUid=<gen:0>, path=com.fabiocompany.supermercadosdeltaplus.model.Tarjeta)
          - EntityAttributeFetchImpl(entity=com.fabiocompany.supermercadosdeltaplus.model.Tipodepago, querySpaceUid=<gen:1>, path=com.fabiocompany.supermercadosdeltaplus.model.Tarjeta.tipodepago)
    - QuerySpaces
       - EntityQuerySpaceImpl(uid=<gen:0>, entity=com.fabiocompany.supermercadosdeltaplus.model.Tarjeta)
          - SQL table alias mapping - tarjeta0_
          - alias suffix - 0_
          - suffixed key columns - {idtarjet1_5_0_}

16:53:31.574 [main] DEBUG o.h.loader.entity.plan.EntityLoader - Static select for entity com.fabiocompany.supermercadosdeltaplus.model.Tarjeta [FORCE]: select tarjeta0_.idtarjeta as idtarjet1_5_0_, tarjeta0_.nombretarjeta as nombreta2_5_0_, tarjeta0_.numtarjeta as numtarje3_5_0_, tarjeta0_.idtipodepago as idtipode4_5_0_ from tarjeta tarjeta0_ where tarjeta0_.idtarjeta=? for update
16:53:31.574 [main] DEBUG o.h.l.p.b.i.spaces.QuerySpacesImpl - Adding QuerySpace : uid = <gen:0> -> org.hibernate.loader.plan.build.internal.spaces.EntityQuerySpaceImpl@7d42c224]
16:53:31.574 [main] DEBUG o.h.p.w.spi.MetamodelGraphWalker - Visiting attribute path : nombretarjeta
16:53:31.574 [main] DEBUG o.h.p.w.spi.MetamodelGraphWalker - Visiting attribute path : numtarjeta
16:53:31.574 [main] DEBUG o.h.p.w.spi.MetamodelGraphWalker - Visiting attribute path : tipodepago
16:53:31.574 [main] DEBUG o.h.l.p.b.i.spaces.QuerySpacesImpl - Adding QuerySpace : uid = <gen:1> -> org.hibernate.loader.plan.build.internal.spaces.EntityQuerySpaceImpl@522a32b1]
16:53:31.574 [main] DEBUG o.h.l.p.b.i.FetchStyleLoadPlanBuildingAssociationVisitationStrategy - Building LoadPlan...
16:53:31.575 [main] DEBUG o.h.l.p.e.i.LoadQueryJoinAndFetchProcessor - processing queryspace <gen:0>
16:53:31.575 [main] DEBUG o.h.l.p.b.spi.LoadPlanTreePrinter - LoadPlan(entity=com.fabiocompany.supermercadosdeltaplus.model.Tarjeta)
    - Returns
       - EntityReturnImpl(entity=com.fabiocompany.supermercadosdeltaplus.model.Tarjeta, querySpaceUid=<gen:0>, path=com.fabiocompany.supermercadosdeltaplus.model.Tarjeta)
          - EntityAttributeFetchImpl(entity=com.fabiocompany.supermercadosdeltaplus.model.Tipodepago, querySpaceUid=<gen:1>, path=com.fabiocompany.supermercadosdeltaplus.model.Tarjeta.tipodepago)
    - QuerySpaces
       - EntityQuerySpaceImpl(uid=<gen:0>, entity=com.fabiocompany.supermercadosdeltaplus.model.Tarjeta)
          - SQL table alias mapping - tarjeta0_
          - alias suffix - 0_
          - suffixed key columns - {idtarjet1_5_0_}

16:53:31.575 [main] DEBUG o.h.loader.entity.plan.EntityLoader - Static select for entity com.fabiocompany.supermercadosdeltaplus.model.Tarjeta [PESSIMISTIC_READ]: select tarjeta0_.idtarjeta as idtarjet1_5_0_, tarjeta0_.nombretarjeta as nombreta2_5_0_, tarjeta0_.numtarjeta as numtarje3_5_0_, tarjeta0_.idtipodepago as idtipode4_5_0_ from tarjeta tarjeta0_ where tarjeta0_.idtarjeta=? lock in share mode
16:53:31.575 [main] DEBUG o.h.l.p.b.i.spaces.QuerySpacesImpl - Adding QuerySpace : uid = <gen:0> -> org.hibernate.loader.plan.build.internal.spaces.EntityQuerySpaceImpl@35390ee3]
16:53:31.576 [main] DEBUG o.h.p.w.spi.MetamodelGraphWalker - Visiting attribute path : nombretarjeta
16:53:31.576 [main] DEBUG o.h.p.w.spi.MetamodelGraphWalker - Visiting attribute path : numtarjeta
16:53:31.576 [main] DEBUG o.h.p.w.spi.MetamodelGraphWalker - Visiting attribute path : tipodepago
16:53:31.576 [main] DEBUG o.h.l.p.b.i.spaces.QuerySpacesImpl - Adding QuerySpace : uid = <gen:1> -> org.hibernate.loader.plan.build.internal.spaces.EntityQuerySpaceImpl@5ddea849]
16:53:31.576 [main] DEBUG o.h.l.p.b.i.FetchStyleLoadPlanBuildingAssociationVisitationStrategy - Building LoadPlan...
16:53:31.576 [main] DEBUG o.h.l.p.e.i.LoadQueryJoinAndFetchProcessor - processing queryspace <gen:0>
16:53:31.577 [main] DEBUG o.h.l.p.b.spi.LoadPlanTreePrinter - LoadPlan(entity=com.fabiocompany.supermercadosdeltaplus.model.Tarjeta)
    - Returns
       - EntityReturnImpl(entity=com.fabiocompany.supermercadosdeltaplus.model.Tarjeta, querySpaceUid=<gen:0>, path=com.fabiocompany.supermercadosdeltaplus.model.Tarjeta)
          - EntityAttributeFetchImpl(entity=com.fabiocompany.supermercadosdeltaplus.model.Tipodepago, querySpaceUid=<gen:1>, path=com.fabiocompany.supermercadosdeltaplus.model.Tarjeta.tipodepago)
    - QuerySpaces
       - EntityQuerySpaceImpl(uid=<gen:0>, entity=com.fabiocompany.supermercadosdeltaplus.model.Tarjeta)
          - SQL table alias mapping - tarjeta0_
          - alias suffix - 0_
          - suffixed key columns - {idtarjet1_5_0_}

16:53:31.577 [main] DEBUG o.h.loader.entity.plan.EntityLoader - Static select for entity com.fabiocompany.supermercadosdeltaplus.model.Tarjeta [PESSIMISTIC_WRITE]: select tarjeta0_.idtarjeta as idtarjet1_5_0_, tarjeta0_.nombretarjeta as nombreta2_5_0_, tarjeta0_.numtarjeta as numtarje3_5_0_, tarjeta0_.idtipodepago as idtipode4_5_0_ from tarjeta tarjeta0_ where tarjeta0_.idtarjeta=? for update
16:53:31.577 [main] DEBUG o.h.l.p.b.i.spaces.QuerySpacesImpl - Adding QuerySpace : uid = <gen:0> -> org.hibernate.loader.plan.build.internal.spaces.EntityQuerySpaceImpl@5ee2b6f9]
16:53:31.577 [main] DEBUG o.h.p.w.spi.MetamodelGraphWalker - Visiting attribute path : nombretarjeta
16:53:31.577 [main] DEBUG o.h.p.w.spi.MetamodelGraphWalker - Visiting attribute path : numtarjeta
16:53:31.577 [main] DEBUG o.h.p.w.spi.MetamodelGraphWalker - Visiting attribute path : tipodepago
16:53:31.578 [main] DEBUG o.h.l.p.b.i.spaces.QuerySpacesImpl - Adding QuerySpace : uid = <gen:1> -> org.hibernate.loader.plan.build.internal.spaces.EntityQuerySpaceImpl@704f1591]
16:53:31.578 [main] DEBUG o.h.l.p.b.i.FetchStyleLoadPlanBuildingAssociationVisitationStrategy - Building LoadPlan...
16:53:31.578 [main] DEBUG o.h.l.p.e.i.LoadQueryJoinAndFetchProcessor - processing queryspace <gen:0>
16:53:31.578 [main] DEBUG o.h.l.p.b.spi.LoadPlanTreePrinter - LoadPlan(entity=com.fabiocompany.supermercadosdeltaplus.model.Tarjeta)
    - Returns
       - EntityReturnImpl(entity=com.fabiocompany.supermercadosdeltaplus.model.Tarjeta, querySpaceUid=<gen:0>, path=com.fabiocompany.supermercadosdeltaplus.model.Tarjeta)
          - EntityAttributeFetchImpl(entity=com.fabiocompany.supermercadosdeltaplus.model.Tipodepago, querySpaceUid=<gen:1>, path=com.fabiocompany.supermercadosdeltaplus.model.Tarjeta.tipodepago)
    - QuerySpaces
       - EntityQuerySpaceImpl(uid=<gen:0>, entity=com.fabiocompany.supermercadosdeltaplus.model.Tarjeta)
          - SQL table alias mapping - tarjeta0_
          - alias suffix - 0_
          - suffixed key columns - {idtarjet1_5_0_}

16:53:31.578 [main] DEBUG o.h.loader.entity.plan.EntityLoader - Static select for entity com.fabiocompany.supermercadosdeltaplus.model.Tarjeta [PESSIMISTIC_FORCE_INCREMENT]: select tarjeta0_.idtarjeta as idtarjet1_5_0_, tarjeta0_.nombretarjeta as nombreta2_5_0_, tarjeta0_.numtarjeta as numtarje3_5_0_, tarjeta0_.idtipodepago as idtipode4_5_0_ from tarjeta tarjeta0_ where tarjeta0_.idtarjeta=? for update
16:53:31.579 [main] DEBUG o.h.l.p.b.i.spaces.QuerySpacesImpl - Adding QuerySpace : uid = <gen:0> -> org.hibernate.loader.plan.build.internal.spaces.EntityQuerySpaceImpl@58fb7731]
16:53:31.579 [main] DEBUG o.h.p.w.spi.MetamodelGraphWalker - Visiting attribute path : nombretarjeta
16:53:31.579 [main] DEBUG o.h.p.w.spi.MetamodelGraphWalker - Visiting attribute path : numtarjeta
16:53:31.579 [main] DEBUG o.h.p.w.spi.MetamodelGraphWalker - Visiting attribute path : tipodepago
16:53:31.579 [main] DEBUG o.h.l.p.b.i.spaces.QuerySpacesImpl - Adding QuerySpace : uid = <gen:1> -> org.hibernate.loader.plan.build.internal.spaces.EntityQuerySpaceImpl@3fb6cf60]
16:53:31.579 [main] DEBUG o.h.l.p.b.i.FetchStyleLoadPlanBuildingAssociationVisitationStrategy - Building LoadPlan...
16:53:31.579 [main] DEBUG o.h.l.p.e.i.LoadQueryJoinAndFetchProcessor - processing queryspace <gen:0>
16:53:31.580 [main] DEBUG o.h.l.p.b.spi.LoadPlanTreePrinter - LoadPlan(entity=com.fabiocompany.supermercadosdeltaplus.model.Tarjeta)
    - Returns
       - EntityReturnImpl(entity=com.fabiocompany.supermercadosdeltaplus.model.Tarjeta, querySpaceUid=<gen:0>, path=com.fabiocompany.supermercadosdeltaplus.model.Tarjeta)
          - EntityAttributeFetchImpl(entity=com.fabiocompany.supermercadosdeltaplus.model.Tipodepago, querySpaceUid=<gen:1>, path=com.fabiocompany.supermercadosdeltaplus.model.Tarjeta.tipodepago)
    - QuerySpaces
       - EntityQuerySpaceImpl(uid=<gen:0>, entity=com.fabiocompany.supermercadosdeltaplus.model.Tarjeta)
          - SQL table alias mapping - tarjeta0_
          - alias suffix - 0_
          - suffixed key columns - {idtarjet1_5_0_}

16:53:31.580 [main] DEBUG o.h.loader.entity.plan.EntityLoader - Static select for entity com.fabiocompany.supermercadosdeltaplus.model.Tarjeta [OPTIMISTIC]: select tarjeta0_.idtarjeta as idtarjet1_5_0_, tarjeta0_.nombretarjeta as nombreta2_5_0_, tarjeta0_.numtarjeta as numtarje3_5_0_, tarjeta0_.idtipodepago as idtipode4_5_0_ from tarjeta tarjeta0_ where tarjeta0_.idtarjeta=?
16:53:31.580 [main] DEBUG o.h.l.p.b.i.spaces.QuerySpacesImpl - Adding QuerySpace : uid = <gen:0> -> org.hibernate.loader.plan.build.internal.spaces.EntityQuerySpaceImpl@37ddb69a]
16:53:31.580 [main] DEBUG o.h.p.w.spi.MetamodelGraphWalker - Visiting attribute path : nombretarjeta
16:53:31.580 [main] DEBUG o.h.p.w.spi.MetamodelGraphWalker - Visiting attribute path : numtarjeta
16:53:31.580 [main] DEBUG o.h.p.w.spi.MetamodelGraphWalker - Visiting attribute path : tipodepago
16:53:31.580 [main] DEBUG o.h.l.p.b.i.spaces.QuerySpacesImpl - Adding QuerySpace : uid = <gen:1> -> org.hibernate.loader.plan.build.internal.spaces.EntityQuerySpaceImpl@dfddc9a]
16:53:31.580 [main] DEBUG o.h.l.p.b.i.FetchStyleLoadPlanBuildingAssociationVisitationStrategy - Building LoadPlan...
16:53:31.581 [main] DEBUG o.h.l.p.e.i.LoadQueryJoinAndFetchProcessor - processing queryspace <gen:0>
16:53:31.581 [main] DEBUG o.h.l.p.b.spi.LoadPlanTreePrinter - LoadPlan(entity=com.fabiocompany.supermercadosdeltaplus.model.Tarjeta)
    - Returns
       - EntityReturnImpl(entity=com.fabiocompany.supermercadosdeltaplus.model.Tarjeta, querySpaceUid=<gen:0>, path=com.fabiocompany.supermercadosdeltaplus.model.Tarjeta)
          - EntityAttributeFetchImpl(entity=com.fabiocompany.supermercadosdeltaplus.model.Tipodepago, querySpaceUid=<gen:1>, path=com.fabiocompany.supermercadosdeltaplus.model.Tarjeta.tipodepago)
    - QuerySpaces
       - EntityQuerySpaceImpl(uid=<gen:0>, entity=com.fabiocompany.supermercadosdeltaplus.model.Tarjeta)
          - SQL table alias mapping - tarjeta0_
          - alias suffix - 0_
          - suffixed key columns - {idtarjet1_5_0_}

16:53:31.581 [main] DEBUG o.h.loader.entity.plan.EntityLoader - Static select for entity com.fabiocompany.supermercadosdeltaplus.model.Tarjeta [OPTIMISTIC_FORCE_INCREMENT]: select tarjeta0_.idtarjeta as idtarjet1_5_0_, tarjeta0_.nombretarjeta as nombreta2_5_0_, tarjeta0_.numtarjeta as numtarje3_5_0_, tarjeta0_.idtipodepago as idtipode4_5_0_ from tarjeta tarjeta0_ where tarjeta0_.idtarjeta=?
16:53:31.582 [main] DEBUG org.hibernate.loader.Loader - Static select for action ACTION_MERGE on entity com.fabiocompany.supermercadosdeltaplus.model.Tarjeta: select tarjeta0_.idtarjeta as idtarjet1_5_0_, tarjeta0_.nombretarjeta as nombreta2_5_0_, tarjeta0_.numtarjeta as numtarje3_5_0_, tarjeta0_.idtipodepago as idtipode4_5_0_ from tarjeta tarjeta0_ where tarjeta0_.idtarjeta=?
16:53:31.582 [main] DEBUG org.hibernate.loader.Loader - Static select for action ACTION_REFRESH on entity com.fabiocompany.supermercadosdeltaplus.model.Tarjeta: select tarjeta0_.idtarjeta as idtarjet1_5_0_, tarjeta0_.nombretarjeta as nombreta2_5_0_, tarjeta0_.numtarjeta as numtarje3_5_0_, tarjeta0_.idtipodepago as idtipode4_5_0_ from tarjeta tarjeta0_ where tarjeta0_.idtarjeta=?
16:53:31.582 [main] DEBUG o.h.p.entity.AbstractEntityPersister - Static SQL for entity: com.fabiocompany.supermercadosdeltaplus.model.Personausuario
16:53:31.582 [main] DEBUG o.h.p.entity.AbstractEntityPersister -  Version select: select idpersonausuario from personausuario where idpersonausuario =?
16:53:31.582 [main] DEBUG o.h.p.entity.AbstractEntityPersister -  Snapshot select: select personausu_.idpersonausuario, personausu_.correo as correo2_3_, personausu_.dnipersonausuario as dniperso3_3_, personausu_.nombrepersonausuario as nombrepe4_3_, personausu_.numerodetelefono as numerode5_3_ from personausuario personausu_ where personausu_.idpersonausuario=?
16:53:31.582 [main] DEBUG o.h.p.entity.AbstractEntityPersister -  Insert 0: insert into personausuario (correo, dnipersonausuario, nombrepersonausuario, numerodetelefono, idpersonausuario) values (?, ?, ?, ?, ?)
16:53:31.582 [main] DEBUG o.h.p.entity.AbstractEntityPersister -  Update 0: update personausuario set correo=?, dnipersonausuario=?, nombrepersonausuario=?, numerodetelefono=? where idpersonausuario=?
16:53:31.582 [main] DEBUG o.h.p.entity.AbstractEntityPersister -  Delete 0: delete from personausuario where idpersonausuario=?
16:53:31.582 [main] DEBUG o.h.p.entity.AbstractEntityPersister -  Identity insert: insert into personausuario (correo, dnipersonausuario, nombrepersonausuario, numerodetelefono) values (?, ?, ?, ?)
16:53:31.582 [main] DEBUG o.h.l.p.b.i.spaces.QuerySpacesImpl - Adding QuerySpace : uid = <gen:0> -> org.hibernate.loader.plan.build.internal.spaces.EntityQuerySpaceImpl@4b9df8a]
16:53:31.583 [main] DEBUG o.h.p.w.spi.MetamodelGraphWalker - Visiting attribute path : correo
16:53:31.583 [main] DEBUG o.h.p.w.spi.MetamodelGraphWalker - Visiting attribute path : dnipersonausuario
16:53:31.583 [main] DEBUG o.h.p.w.spi.MetamodelGraphWalker - Visiting attribute path : nombrepersonausuario
16:53:31.583 [main] DEBUG o.h.p.w.spi.MetamodelGraphWalker - Visiting attribute path : numerodetelefono
16:53:31.583 [main] DEBUG o.h.l.p.b.i.FetchStyleLoadPlanBuildingAssociationVisitationStrategy - Building LoadPlan...
16:53:31.583 [main] DEBUG o.h.l.p.e.i.LoadQueryJoinAndFetchProcessor - processing queryspace <gen:0>
16:53:31.583 [main] DEBUG o.h.l.p.b.spi.LoadPlanTreePrinter - LoadPlan(entity=com.fabiocompany.supermercadosdeltaplus.model.Personausuario)
    - Returns
       - EntityReturnImpl(entity=com.fabiocompany.supermercadosdeltaplus.model.Personausuario, querySpaceUid=<gen:0>, path=com.fabiocompany.supermercadosdeltaplus.model.Personausuario)
    - QuerySpaces
       - EntityQuerySpaceImpl(uid=<gen:0>, entity=com.fabiocompany.supermercadosdeltaplus.model.Personausuario)
          - SQL table alias mapping - personausu0_
          - alias suffix - 0_
          - suffixed key columns - {idperson1_3_0_}

16:53:31.583 [main] DEBUG o.h.loader.entity.plan.EntityLoader - Static select for entity com.fabiocompany.supermercadosdeltaplus.model.Personausuario [NONE]: select personausu0_.idpersonausuario as idperson1_3_0_, personausu0_.correo as correo2_3_0_, personausu0_.dnipersonausuario as dniperso3_3_0_, personausu0_.nombrepersonausuario as nombrepe4_3_0_, personausu0_.numerodetelefono as numerode5_3_0_ from personausuario personausu0_ where personausu0_.idpersonausuario=?
16:53:31.584 [main] DEBUG o.h.l.p.b.i.spaces.QuerySpacesImpl - Adding QuerySpace : uid = <gen:0> -> org.hibernate.loader.plan.build.internal.spaces.EntityQuerySpaceImpl@aafcffa]
16:53:31.584 [main] DEBUG o.h.p.w.spi.MetamodelGraphWalker - Visiting attribute path : correo
16:53:31.584 [main] DEBUG o.h.p.w.spi.MetamodelGraphWalker - Visiting attribute path : dnipersonausuario
16:53:31.584 [main] DEBUG o.h.p.w.spi.MetamodelGraphWalker - Visiting attribute path : nombrepersonausuario
16:53:31.584 [main] DEBUG o.h.p.w.spi.MetamodelGraphWalker - Visiting attribute path : numerodetelefono
16:53:31.584 [main] DEBUG o.h.l.p.b.i.FetchStyleLoadPlanBuildingAssociationVisitationStrategy - Building LoadPlan...
16:53:31.584 [main] DEBUG o.h.l.p.e.i.LoadQueryJoinAndFetchProcessor - processing queryspace <gen:0>
16:53:31.585 [main] DEBUG o.h.l.p.b.spi.LoadPlanTreePrinter - LoadPlan(entity=com.fabiocompany.supermercadosdeltaplus.model.Personausuario)
    - Returns
       - EntityReturnImpl(entity=com.fabiocompany.supermercadosdeltaplus.model.Personausuario, querySpaceUid=<gen:0>, path=com.fabiocompany.supermercadosdeltaplus.model.Personausuario)
    - QuerySpaces
       - EntityQuerySpaceImpl(uid=<gen:0>, entity=com.fabiocompany.supermercadosdeltaplus.model.Personausuario)
          - SQL table alias mapping - personausu0_
          - alias suffix - 0_
          - suffixed key columns - {idperson1_3_0_}

16:53:31.585 [main] DEBUG o.h.loader.entity.plan.EntityLoader - Static select for entity com.fabiocompany.supermercadosdeltaplus.model.Personausuario [READ]: select personausu0_.idpersonausuario as idperson1_3_0_, personausu0_.correo as correo2_3_0_, personausu0_.dnipersonausuario as dniperso3_3_0_, personausu0_.nombrepersonausuario as nombrepe4_3_0_, personausu0_.numerodetelefono as numerode5_3_0_ from personausuario personausu0_ where personausu0_.idpersonausuario=?
16:53:31.585 [main] DEBUG o.h.l.p.b.i.spaces.QuerySpacesImpl - Adding QuerySpace : uid = <gen:0> -> org.hibernate.loader.plan.build.internal.spaces.EntityQuerySpaceImpl@235a0c16]
16:53:31.585 [main] DEBUG o.h.p.w.spi.MetamodelGraphWalker - Visiting attribute path : correo
16:53:31.585 [main] DEBUG o.h.p.w.spi.MetamodelGraphWalker - Visiting attribute path : dnipersonausuario
16:53:31.585 [main] DEBUG o.h.p.w.spi.MetamodelGraphWalker - Visiting attribute path : nombrepersonausuario
16:53:31.585 [main] DEBUG o.h.p.w.spi.MetamodelGraphWalker - Visiting attribute path : numerodetelefono
16:53:31.585 [main] DEBUG o.h.l.p.b.i.FetchStyleLoadPlanBuildingAssociationVisitationStrategy - Building LoadPlan...
16:53:31.586 [main] DEBUG o.h.l.p.e.i.LoadQueryJoinAndFetchProcessor - processing queryspace <gen:0>
16:53:31.586 [main] DEBUG o.h.l.p.b.spi.LoadPlanTreePrinter - LoadPlan(entity=com.fabiocompany.supermercadosdeltaplus.model.Personausuario)
    - Returns
       - EntityReturnImpl(entity=com.fabiocompany.supermercadosdeltaplus.model.Personausuario, querySpaceUid=<gen:0>, path=com.fabiocompany.supermercadosdeltaplus.model.Personausuario)
    - QuerySpaces
       - EntityQuerySpaceImpl(uid=<gen:0>, entity=com.fabiocompany.supermercadosdeltaplus.model.Personausuario)
          - SQL table alias mapping - personausu0_
          - alias suffix - 0_
          - suffixed key columns - {idperson1_3_0_}

16:53:31.586 [main] DEBUG o.h.loader.entity.plan.EntityLoader - Static select for entity com.fabiocompany.supermercadosdeltaplus.model.Personausuario [UPGRADE]: select personausu0_.idpersonausuario as idperson1_3_0_, personausu0_.correo as correo2_3_0_, personausu0_.dnipersonausuario as dniperso3_3_0_, personausu0_.nombrepersonausuario as nombrepe4_3_0_, personausu0_.numerodetelefono as numerode5_3_0_ from personausuario personausu0_ where personausu0_.idpersonausuario=? for update
16:53:31.586 [main] DEBUG o.h.l.p.b.i.spaces.QuerySpacesImpl - Adding QuerySpace : uid = <gen:0> -> org.hibernate.loader.plan.build.internal.spaces.EntityQuerySpaceImpl@5f7b97da]
16:53:31.586 [main] DEBUG o.h.p.w.spi.MetamodelGraphWalker - Visiting attribute path : correo
16:53:31.586 [main] DEBUG o.h.p.w.spi.MetamodelGraphWalker - Visiting attribute path : dnipersonausuario
16:53:31.586 [main] DEBUG o.h.p.w.spi.MetamodelGraphWalker - Visiting attribute path : nombrepersonausuario
16:53:31.586 [main] DEBUG o.h.p.w.spi.MetamodelGraphWalker - Visiting attribute path : numerodetelefono
16:53:31.587 [main] DEBUG o.h.l.p.b.i.FetchStyleLoadPlanBuildingAssociationVisitationStrategy - Building LoadPlan...
16:53:31.587 [main] DEBUG o.h.l.p.e.i.LoadQueryJoinAndFetchProcessor - processing queryspace <gen:0>
16:53:31.587 [main] DEBUG o.h.l.p.b.spi.LoadPlanTreePrinter - LoadPlan(entity=com.fabiocompany.supermercadosdeltaplus.model.Personausuario)
    - Returns
       - EntityReturnImpl(entity=com.fabiocompany.supermercadosdeltaplus.model.Personausuario, querySpaceUid=<gen:0>, path=com.fabiocompany.supermercadosdeltaplus.model.Personausuario)
    - QuerySpaces
       - EntityQuerySpaceImpl(uid=<gen:0>, entity=com.fabiocompany.supermercadosdeltaplus.model.Personausuario)
          - SQL table alias mapping - personausu0_
          - alias suffix - 0_
          - suffixed key columns - {idperson1_3_0_}

16:53:31.587 [main] DEBUG o.h.loader.entity.plan.EntityLoader - Static select for entity com.fabiocompany.supermercadosdeltaplus.model.Personausuario [UPGRADE_NOWAIT]: select personausu0_.idpersonausuario as idperson1_3_0_, personausu0_.correo as correo2_3_0_, personausu0_.dnipersonausuario as dniperso3_3_0_, personausu0_.nombrepersonausuario as nombrepe4_3_0_, personausu0_.numerodetelefono as numerode5_3_0_ from personausuario personausu0_ where personausu0_.idpersonausuario=? for update
16:53:31.588 [main] DEBUG o.h.l.p.b.i.spaces.QuerySpacesImpl - Adding QuerySpace : uid = <gen:0> -> org.hibernate.loader.plan.build.internal.spaces.EntityQuerySpaceImpl@6b7906b3]
16:53:31.588 [main] DEBUG o.h.p.w.spi.MetamodelGraphWalker - Visiting attribute path : correo
16:53:31.588 [main] DEBUG o.h.p.w.spi.MetamodelGraphWalker - Visiting attribute path : dnipersonausuario
16:53:31.588 [main] DEBUG o.h.p.w.spi.MetamodelGraphWalker - Visiting attribute path : nombrepersonausuario
16:53:31.588 [main] DEBUG o.h.p.w.spi.MetamodelGraphWalker - Visiting attribute path : numerodetelefono
16:53:31.588 [main] DEBUG o.h.l.p.b.i.FetchStyleLoadPlanBuildingAssociationVisitationStrategy - Building LoadPlan...
16:53:31.588 [main] DEBUG o.h.l.p.e.i.LoadQueryJoinAndFetchProcessor - processing queryspace <gen:0>
16:53:31.588 [main] DEBUG o.h.l.p.b.spi.LoadPlanTreePrinter - LoadPlan(entity=com.fabiocompany.supermercadosdeltaplus.model.Personausuario)
    - Returns
       - EntityReturnImpl(entity=com.fabiocompany.supermercadosdeltaplus.model.Personausuario, querySpaceUid=<gen:0>, path=com.fabiocompany.supermercadosdeltaplus.model.Personausuario)
    - QuerySpaces
       - EntityQuerySpaceImpl(uid=<gen:0>, entity=com.fabiocompany.supermercadosdeltaplus.model.Personausuario)
          - SQL table alias mapping - personausu0_
          - alias suffix - 0_
          - suffixed key columns - {idperson1_3_0_}

16:53:31.589 [main] DEBUG o.h.loader.entity.plan.EntityLoader - Static select for entity com.fabiocompany.supermercadosdeltaplus.model.Personausuario [UPGRADE_SKIPLOCKED]: select personausu0_.idpersonausuario as idperson1_3_0_, personausu0_.correo as correo2_3_0_, personausu0_.dnipersonausuario as dniperso3_3_0_, personausu0_.nombrepersonausuario as nombrepe4_3_0_, personausu0_.numerodetelefono as numerode5_3_0_ from personausuario personausu0_ where personausu0_.idpersonausuario=? for update
16:53:31.589 [main] DEBUG o.h.l.p.b.i.spaces.QuerySpacesImpl - Adding QuerySpace : uid = <gen:0> -> org.hibernate.loader.plan.build.internal.spaces.EntityQuerySpaceImpl@395b56bb]
16:53:31.589 [main] DEBUG o.h.p.w.spi.MetamodelGraphWalker - Visiting attribute path : correo
16:53:31.589 [main] DEBUG o.h.p.w.spi.MetamodelGraphWalker - Visiting attribute path : dnipersonausuario
16:53:31.589 [main] DEBUG o.h.p.w.spi.MetamodelGraphWalker - Visiting attribute path : nombrepersonausuario
16:53:31.589 [main] DEBUG o.h.p.w.spi.MetamodelGraphWalker - Visiting attribute path : numerodetelefono
16:53:31.589 [main] DEBUG o.h.l.p.b.i.FetchStyleLoadPlanBuildingAssociationVisitationStrategy - Building LoadPlan...
16:53:31.589 [main] DEBUG o.h.l.p.e.i.LoadQueryJoinAndFetchProcessor - processing queryspace <gen:0>
16:53:31.590 [main] DEBUG o.h.l.p.b.spi.LoadPlanTreePrinter - LoadPlan(entity=com.fabiocompany.supermercadosdeltaplus.model.Personausuario)
    - Returns
       - EntityReturnImpl(entity=com.fabiocompany.supermercadosdeltaplus.model.Personausuario, querySpaceUid=<gen:0>, path=com.fabiocompany.supermercadosdeltaplus.model.Personausuario)
    - QuerySpaces
       - EntityQuerySpaceImpl(uid=<gen:0>, entity=com.fabiocompany.supermercadosdeltaplus.model.Personausuario)
          - SQL table alias mapping - personausu0_
          - alias suffix - 0_
          - suffixed key columns - {idperson1_3_0_}

16:53:31.590 [main] DEBUG o.h.loader.entity.plan.EntityLoader - Static select for entity com.fabiocompany.supermercadosdeltaplus.model.Personausuario [FORCE]: select personausu0_.idpersonausuario as idperson1_3_0_, personausu0_.correo as correo2_3_0_, personausu0_.dnipersonausuario as dniperso3_3_0_, personausu0_.nombrepersonausuario as nombrepe4_3_0_, personausu0_.numerodetelefono as numerode5_3_0_ from personausuario personausu0_ where personausu0_.idpersonausuario=? for update
16:53:31.590 [main] DEBUG o.h.l.p.b.i.spaces.QuerySpacesImpl - Adding QuerySpace : uid = <gen:0> -> org.hibernate.loader.plan.build.internal.spaces.EntityQuerySpaceImpl@68044f4]
16:53:31.590 [main] DEBUG o.h.p.w.spi.MetamodelGraphWalker - Visiting attribute path : correo
16:53:31.590 [main] DEBUG o.h.p.w.spi.MetamodelGraphWalker - Visiting attribute path : dnipersonausuario
16:53:31.590 [main] DEBUG o.h.p.w.spi.MetamodelGraphWalker - Visiting attribute path : nombrepersonausuario
16:53:31.590 [main] DEBUG o.h.p.w.spi.MetamodelGraphWalker - Visiting attribute path : numerodetelefono
16:53:31.590 [main] DEBUG o.h.l.p.b.i.FetchStyleLoadPlanBuildingAssociationVisitationStrategy - Building LoadPlan...
16:53:31.591 [main] DEBUG o.h.l.p.e.i.LoadQueryJoinAndFetchProcessor - processing queryspace <gen:0>
16:53:31.591 [main] DEBUG o.h.l.p.b.spi.LoadPlanTreePrinter - LoadPlan(entity=com.fabiocompany.supermercadosdeltaplus.model.Personausuario)
    - Returns
       - EntityReturnImpl(entity=com.fabiocompany.supermercadosdeltaplus.model.Personausuario, querySpaceUid=<gen:0>, path=com.fabiocompany.supermercadosdeltaplus.model.Personausuario)
    - QuerySpaces
       - EntityQuerySpaceImpl(uid=<gen:0>, entity=com.fabiocompany.supermercadosdeltaplus.model.Personausuario)
          - SQL table alias mapping - personausu0_
          - alias suffix - 0_
          - suffixed key columns - {idperson1_3_0_}

16:53:31.591 [main] DEBUG o.h.loader.entity.plan.EntityLoader - Static select for entity com.fabiocompany.supermercadosdeltaplus.model.Personausuario [PESSIMISTIC_READ]: select personausu0_.idpersonausuario as idperson1_3_0_, personausu0_.correo as correo2_3_0_, personausu0_.dnipersonausuario as dniperso3_3_0_, personausu0_.nombrepersonausuario as nombrepe4_3_0_, personausu0_.numerodetelefono as numerode5_3_0_ from personausuario personausu0_ where personausu0_.idpersonausuario=? lock in share mode
16:53:31.591 [main] DEBUG o.h.l.p.b.i.spaces.QuerySpacesImpl - Adding QuerySpace : uid = <gen:0> -> org.hibernate.loader.plan.build.internal.spaces.EntityQuerySpaceImpl@315f43d5]
16:53:31.591 [main] DEBUG o.h.p.w.spi.MetamodelGraphWalker - Visiting attribute path : correo
16:53:31.592 [main] DEBUG o.h.p.w.spi.MetamodelGraphWalker - Visiting attribute path : dnipersonausuario
16:53:31.592 [main] DEBUG o.h.p.w.spi.MetamodelGraphWalker - Visiting attribute path : nombrepersonausuario
16:53:31.592 [main] DEBUG o.h.p.w.spi.MetamodelGraphWalker - Visiting attribute path : numerodetelefono
16:53:31.592 [main] DEBUG o.h.l.p.b.i.FetchStyleLoadPlanBuildingAssociationVisitationStrategy - Building LoadPlan...
16:53:31.592 [main] DEBUG o.h.l.p.e.i.LoadQueryJoinAndFetchProcessor - processing queryspace <gen:0>
16:53:31.592 [main] DEBUG o.h.l.p.b.spi.LoadPlanTreePrinter - LoadPlan(entity=com.fabiocompany.supermercadosdeltaplus.model.Personausuario)
    - Returns
       - EntityReturnImpl(entity=com.fabiocompany.supermercadosdeltaplus.model.Personausuario, querySpaceUid=<gen:0>, path=com.fabiocompany.supermercadosdeltaplus.model.Personausuario)
    - QuerySpaces
       - EntityQuerySpaceImpl(uid=<gen:0>, entity=com.fabiocompany.supermercadosdeltaplus.model.Personausuario)
          - SQL table alias mapping - personausu0_
          - alias suffix - 0_
          - suffixed key columns - {idperson1_3_0_}

16:53:31.592 [main] DEBUG o.h.loader.entity.plan.EntityLoader - Static select for entity com.fabiocompany.supermercadosdeltaplus.model.Personausuario [PESSIMISTIC_WRITE]: select personausu0_.idpersonausuario as idperson1_3_0_, personausu0_.correo as correo2_3_0_, personausu0_.dnipersonausuario as dniperso3_3_0_, personausu0_.nombrepersonausuario as nombrepe4_3_0_, personausu0_.numerodetelefono as numerode5_3_0_ from personausuario personausu0_ where personausu0_.idpersonausuario=? for update
16:53:31.593 [main] DEBUG o.h.l.p.b.i.spaces.QuerySpacesImpl - Adding QuerySpace : uid = <gen:0> -> org.hibernate.loader.plan.build.internal.spaces.EntityQuerySpaceImpl@6c5945a7]
16:53:31.593 [main] DEBUG o.h.p.w.spi.MetamodelGraphWalker - Visiting attribute path : correo
16:53:31.593 [main] DEBUG o.h.p.w.spi.MetamodelGraphWalker - Visiting attribute path : dnipersonausuario
16:53:31.593 [main] DEBUG o.h.p.w.spi.MetamodelGraphWalker - Visiting attribute path : nombrepersonausuario
16:53:31.593 [main] DEBUG o.h.p.w.spi.MetamodelGraphWalker - Visiting attribute path : numerodetelefono
16:53:31.593 [main] DEBUG o.h.l.p.b.i.FetchStyleLoadPlanBuildingAssociationVisitationStrategy - Building LoadPlan...
16:53:31.593 [main] DEBUG o.h.l.p.e.i.LoadQueryJoinAndFetchProcessor - processing queryspace <gen:0>
16:53:31.593 [main] DEBUG o.h.l.p.b.spi.LoadPlanTreePrinter - LoadPlan(entity=com.fabiocompany.supermercadosdeltaplus.model.Personausuario)
    - Returns
       - EntityReturnImpl(entity=com.fabiocompany.supermercadosdeltaplus.model.Personausuario, querySpaceUid=<gen:0>, path=com.fabiocompany.supermercadosdeltaplus.model.Personausuario)
    - QuerySpaces
       - EntityQuerySpaceImpl(uid=<gen:0>, entity=com.fabiocompany.supermercadosdeltaplus.model.Personausuario)
          - SQL table alias mapping - personausu0_
          - alias suffix - 0_
          - suffixed key columns - {idperson1_3_0_}

16:53:31.594 [main] DEBUG o.h.loader.entity.plan.EntityLoader - Static select for entity com.fabiocompany.supermercadosdeltaplus.model.Personausuario [PESSIMISTIC_FORCE_INCREMENT]: select personausu0_.idpersonausuario as idperson1_3_0_, personausu0_.correo as correo2_3_0_, personausu0_.dnipersonausuario as dniperso3_3_0_, personausu0_.nombrepersonausuario as nombrepe4_3_0_, personausu0_.numerodetelefono as numerode5_3_0_ from personausuario personausu0_ where personausu0_.idpersonausuario=? for update
16:53:31.594 [main] DEBUG o.h.l.p.b.i.spaces.QuerySpacesImpl - Adding QuerySpace : uid = <gen:0> -> org.hibernate.loader.plan.build.internal.spaces.EntityQuerySpaceImpl@640f11a1]
16:53:31.594 [main] DEBUG o.h.p.w.spi.MetamodelGraphWalker - Visiting attribute path : correo
16:53:31.594 [main] DEBUG o.h.p.w.spi.MetamodelGraphWalker - Visiting attribute path : dnipersonausuario
16:53:31.594 [main] DEBUG o.h.p.w.spi.MetamodelGraphWalker - Visiting attribute path : nombrepersonausuario
16:53:31.594 [main] DEBUG o.h.p.w.spi.MetamodelGraphWalker - Visiting attribute path : numerodetelefono
16:53:31.594 [main] DEBUG o.h.l.p.b.i.FetchStyleLoadPlanBuildingAssociationVisitationStrategy - Building LoadPlan...
16:53:31.594 [main] DEBUG o.h.l.p.e.i.LoadQueryJoinAndFetchProcessor - processing queryspace <gen:0>
16:53:31.595 [main] DEBUG o.h.l.p.b.spi.LoadPlanTreePrinter - LoadPlan(entity=com.fabiocompany.supermercadosdeltaplus.model.Personausuario)
    - Returns
       - EntityReturnImpl(entity=com.fabiocompany.supermercadosdeltaplus.model.Personausuario, querySpaceUid=<gen:0>, path=com.fabiocompany.supermercadosdeltaplus.model.Personausuario)
    - QuerySpaces
       - EntityQuerySpaceImpl(uid=<gen:0>, entity=com.fabiocompany.supermercadosdeltaplus.model.Personausuario)
          - SQL table alias mapping - personausu0_
          - alias suffix - 0_
          - suffixed key columns - {idperson1_3_0_}

16:53:31.595 [main] DEBUG o.h.loader.entity.plan.EntityLoader - Static select for entity com.fabiocompany.supermercadosdeltaplus.model.Personausuario [OPTIMISTIC]: select personausu0_.idpersonausuario as idperson1_3_0_, personausu0_.correo as correo2_3_0_, personausu0_.dnipersonausuario as dniperso3_3_0_, personausu0_.nombrepersonausuario as nombrepe4_3_0_, personausu0_.numerodetelefono as numerode5_3_0_ from personausuario personausu0_ where personausu0_.idpersonausuario=?
16:53:31.595 [main] DEBUG o.h.l.p.b.i.spaces.QuerySpacesImpl - Adding QuerySpace : uid = <gen:0> -> org.hibernate.loader.plan.build.internal.spaces.EntityQuerySpaceImpl@7ac2e39b]
16:53:31.595 [main] DEBUG o.h.p.w.spi.MetamodelGraphWalker - Visiting attribute path : correo
16:53:31.595 [main] DEBUG o.h.p.w.spi.MetamodelGraphWalker - Visiting attribute path : dnipersonausuario
16:53:31.595 [main] DEBUG o.h.p.w.spi.MetamodelGraphWalker - Visiting attribute path : nombrepersonausuario
16:53:31.595 [main] DEBUG o.h.p.w.spi.MetamodelGraphWalker - Visiting attribute path : numerodetelefono
16:53:31.595 [main] DEBUG o.h.l.p.b.i.FetchStyleLoadPlanBuildingAssociationVisitationStrategy - Building LoadPlan...
16:53:31.596 [main] DEBUG o.h.l.p.e.i.LoadQueryJoinAndFetchProcessor - processing queryspace <gen:0>
16:53:31.596 [main] DEBUG o.h.l.p.b.spi.LoadPlanTreePrinter - LoadPlan(entity=com.fabiocompany.supermercadosdeltaplus.model.Personausuario)
    - Returns
       - EntityReturnImpl(entity=com.fabiocompany.supermercadosdeltaplus.model.Personausuario, querySpaceUid=<gen:0>, path=com.fabiocompany.supermercadosdeltaplus.model.Personausuario)
    - QuerySpaces
       - EntityQuerySpaceImpl(uid=<gen:0>, entity=com.fabiocompany.supermercadosdeltaplus.model.Personausuario)
          - SQL table alias mapping - personausu0_
          - alias suffix - 0_
          - suffixed key columns - {idperson1_3_0_}

16:53:31.596 [main] DEBUG o.h.loader.entity.plan.EntityLoader - Static select for entity com.fabiocompany.supermercadosdeltaplus.model.Personausuario [OPTIMISTIC_FORCE_INCREMENT]: select personausu0_.idpersonausuario as idperson1_3_0_, personausu0_.correo as correo2_3_0_, personausu0_.dnipersonausuario as dniperso3_3_0_, personausu0_.nombrepersonausuario as nombrepe4_3_0_, personausu0_.numerodetelefono as numerode5_3_0_ from personausuario personausu0_ where personausu0_.idpersonausuario=?
16:53:31.596 [main] DEBUG org.hibernate.loader.Loader - Static select for action ACTION_MERGE on entity com.fabiocompany.supermercadosdeltaplus.model.Personausuario: select personausu0_.idpersonausuario as idperson1_3_0_, personausu0_.correo as correo2_3_0_, personausu0_.dnipersonausuario as dniperso3_3_0_, personausu0_.nombrepersonausuario as nombrepe4_3_0_, personausu0_.numerodetelefono as numerode5_3_0_ from personausuario personausu0_ where personausu0_.idpersonausuario=?
16:53:31.597 [main] DEBUG org.hibernate.loader.Loader - Static select for action ACTION_REFRESH on entity com.fabiocompany.supermercadosdeltaplus.model.Personausuario: select personausu0_.idpersonausuario as idperson1_3_0_, personausu0_.correo as correo2_3_0_, personausu0_.dnipersonausuario as dniperso3_3_0_, personausu0_.nombrepersonausuario as nombrepe4_3_0_, personausu0_.numerodetelefono as numerode5_3_0_ from personausuario personausu0_ where personausu0_.idpersonausuario=?
16:53:31.597 [main] DEBUG o.h.p.entity.AbstractEntityPersister - Static SQL for entity: com.fabiocompany.supermercadosdeltaplus.model.Usuario
16:53:31.597 [main] DEBUG o.h.p.entity.AbstractEntityPersister -  Version select: select idusuario from usuario where idusuario =?
16:53:31.597 [main] DEBUG o.h.p.entity.AbstractEntityPersister -  Snapshot select: select usuario_.idusuario, usuario_.contraseniausuario as contrase2_9_, usuario_.nombreusuario as nombreus3_9_, usuario_.tipodeusuario as tipodeus4_9_ from usuario usuario_ where usuario_.idusuario=?
16:53:31.597 [main] DEBUG o.h.p.entity.AbstractEntityPersister -  Insert 0: insert into usuario (contraseniausuario, nombreusuario, tipodeusuario, idusuario) values (?, ?, ?, ?)
16:53:31.597 [main] DEBUG o.h.p.entity.AbstractEntityPersister -  Update 0: update usuario set contraseniausuario=?, nombreusuario=?, tipodeusuario=? where idusuario=?
16:53:31.597 [main] DEBUG o.h.p.entity.AbstractEntityPersister -  Delete 0: delete from usuario where idusuario=?
16:53:31.597 [main] DEBUG o.h.p.entity.AbstractEntityPersister -  Identity insert: insert into usuario (contraseniausuario, nombreusuario, tipodeusuario) values (?, ?, ?)
16:53:31.597 [main] DEBUG o.h.l.p.b.i.spaces.QuerySpacesImpl - Adding QuerySpace : uid = <gen:0> -> org.hibernate.loader.plan.build.internal.spaces.EntityQuerySpaceImpl@64a8c844]
16:53:31.598 [main] DEBUG o.h.p.w.spi.MetamodelGraphWalker - Visiting attribute path : cabeceratickets
16:53:31.598 [main] DEBUG o.h.p.w.spi.MetamodelGraphWalker - Visiting attribute path : contraseniausuario
16:53:31.598 [main] DEBUG o.h.p.w.spi.MetamodelGraphWalker - Visiting attribute path : nombreusuario
16:53:31.598 [main] DEBUG o.h.p.w.spi.MetamodelGraphWalker - Visiting attribute path : tipodeusuario
16:53:31.598 [main] DEBUG o.h.p.w.spi.MetamodelGraphWalker - Visiting attribute path : personausuario
16:53:31.598 [main] DEBUG o.h.l.p.b.i.spaces.QuerySpacesImpl - Adding QuerySpace : uid = <gen:1> -> org.hibernate.loader.plan.build.internal.spaces.EntityQuerySpaceImpl@52de51b6]
16:53:31.598 [main] DEBUG o.h.p.w.spi.MetamodelGraphWalker - Visiting attribute path : personausuario.correo
16:53:31.598 [main] DEBUG o.h.p.w.spi.MetamodelGraphWalker - Visiting attribute path : personausuario.dnipersonausuario
16:53:31.598 [main] DEBUG o.h.p.w.spi.MetamodelGraphWalker - Visiting attribute path : personausuario.nombrepersonausuario
16:53:31.598 [main] DEBUG o.h.p.w.spi.MetamodelGraphWalker - Visiting attribute path : personausuario.numerodetelefono
16:53:31.598 [main] DEBUG o.h.l.p.b.i.FetchStyleLoadPlanBuildingAssociationVisitationStrategy - Building LoadPlan...
16:53:31.598 [main] DEBUG o.h.l.p.e.i.LoadQueryJoinAndFetchProcessor - processing queryspace <gen:0>
16:53:31.599 [main] DEBUG o.h.l.p.b.spi.LoadPlanTreePrinter - LoadPlan(entity=com.fabiocompany.supermercadosdeltaplus.model.Usuario)
    - Returns
       - EntityReturnImpl(entity=com.fabiocompany.supermercadosdeltaplus.model.Usuario, querySpaceUid=<gen:0>, path=com.fabiocompany.supermercadosdeltaplus.model.Usuario)
          - EntityAttributeFetchImpl(entity=com.fabiocompany.supermercadosdeltaplus.model.Personausuario, querySpaceUid=<gen:1>, path=com.fabiocompany.supermercadosdeltaplus.model.Usuario.personausuario)
    - QuerySpaces
       - EntityQuerySpaceImpl(uid=<gen:0>, entity=com.fabiocompany.supermercadosdeltaplus.model.Usuario)
          - SQL table alias mapping - usuario0_
          - alias suffix - 0_
          - suffixed key columns - {idusuari1_9_0_}
          - JOIN (JoinDefinedByMetadata(personausuario)) : <gen:0> -> <gen:1>
             - EntityQuerySpaceImpl(uid=<gen:1>, entity=com.fabiocompany.supermercadosdeltaplus.model.Personausuario)
                - SQL table alias mapping - personausu1_
                - alias suffix - 1_
                - suffixed key columns - {idperson1_3_1_}

16:53:31.599 [main] DEBUG o.h.loader.entity.plan.EntityLoader - Static select for entity com.fabiocompany.supermercadosdeltaplus.model.Usuario [NONE]: select usuario0_.idusuario as idusuari1_9_0_, usuario0_.contraseniausuario as contrase2_9_0_, usuario0_.nombreusuario as nombreus3_9_0_, usuario0_.tipodeusuario as tipodeus4_9_0_, personausu1_.idpersonausuario as idperson1_3_1_, personausu1_.correo as correo2_3_1_, personausu1_.dnipersonausuario as dniperso3_3_1_, personausu1_.nombrepersonausuario as nombrepe4_3_1_, personausu1_.numerodetelefono as numerode5_3_1_ from usuario usuario0_ left outer join personausuario personausu1_ on usuario0_.idusuario=personausu1_.idpersonausuario where usuario0_.idusuario=?
16:53:31.600 [main] DEBUG o.h.l.p.b.i.spaces.QuerySpacesImpl - Adding QuerySpace : uid = <gen:0> -> org.hibernate.loader.plan.build.internal.spaces.EntityQuerySpaceImpl@3a0d172f]
16:53:31.600 [main] DEBUG o.h.p.w.spi.MetamodelGraphWalker - Visiting attribute path : cabeceratickets
16:53:31.600 [main] DEBUG o.h.p.w.spi.MetamodelGraphWalker - Visiting attribute path : contraseniausuario
16:53:31.600 [main] DEBUG o.h.p.w.spi.MetamodelGraphWalker - Visiting attribute path : nombreusuario
16:53:31.600 [main] DEBUG o.h.p.w.spi.MetamodelGraphWalker - Visiting attribute path : tipodeusuario
16:53:31.600 [main] DEBUG o.h.p.w.spi.MetamodelGraphWalker - Visiting attribute path : personausuario
16:53:31.600 [main] DEBUG o.h.l.p.b.i.spaces.QuerySpacesImpl - Adding QuerySpace : uid = <gen:1> -> org.hibernate.loader.plan.build.internal.spaces.EntityQuerySpaceImpl@485e36bc]
16:53:31.601 [main] DEBUG o.h.p.w.spi.MetamodelGraphWalker - Visiting attribute path : personausuario.correo
16:53:31.601 [main] DEBUG o.h.p.w.spi.MetamodelGraphWalker - Visiting attribute path : personausuario.dnipersonausuario
16:53:31.601 [main] DEBUG o.h.p.w.spi.MetamodelGraphWalker - Visiting attribute path : personausuario.nombrepersonausuario
16:53:31.601 [main] DEBUG o.h.p.w.spi.MetamodelGraphWalker - Visiting attribute path : personausuario.numerodetelefono
16:53:31.601 [main] DEBUG o.h.l.p.b.i.FetchStyleLoadPlanBuildingAssociationVisitationStrategy - Building LoadPlan...
16:53:31.601 [main] DEBUG o.h.l.p.e.i.LoadQueryJoinAndFetchProcessor - processing queryspace <gen:0>
16:53:31.602 [main] DEBUG o.h.l.p.b.spi.LoadPlanTreePrinter - LoadPlan(entity=com.fabiocompany.supermercadosdeltaplus.model.Usuario)
    - Returns
       - EntityReturnImpl(entity=com.fabiocompany.supermercadosdeltaplus.model.Usuario, querySpaceUid=<gen:0>, path=com.fabiocompany.supermercadosdeltaplus.model.Usuario)
          - EntityAttributeFetchImpl(entity=com.fabiocompany.supermercadosdeltaplus.model.Personausuario, querySpaceUid=<gen:1>, path=com.fabiocompany.supermercadosdeltaplus.model.Usuario.personausuario)
    - QuerySpaces
       - EntityQuerySpaceImpl(uid=<gen:0>, entity=com.fabiocompany.supermercadosdeltaplus.model.Usuario)
          - SQL table alias mapping - usuario0_
          - alias suffix - 0_
          - suffixed key columns - {idusuari1_9_0_}
          - JOIN (JoinDefinedByMetadata(personausuario)) : <gen:0> -> <gen:1>
             - EntityQuerySpaceImpl(uid=<gen:1>, entity=com.fabiocompany.supermercadosdeltaplus.model.Personausuario)
                - SQL table alias mapping - personausu1_
                - alias suffix - 1_
                - suffixed key columns - {idperson1_3_1_}

16:53:31.602 [main] DEBUG o.h.loader.entity.plan.EntityLoader - Static select for entity com.fabiocompany.supermercadosdeltaplus.model.Usuario [READ]: select usuario0_.idusuario as idusuari1_9_0_, usuario0_.contraseniausuario as contrase2_9_0_, usuario0_.nombreusuario as nombreus3_9_0_, usuario0_.tipodeusuario as tipodeus4_9_0_, personausu1_.idpersonausuario as idperson1_3_1_, personausu1_.correo as correo2_3_1_, personausu1_.dnipersonausuario as dniperso3_3_1_, personausu1_.nombrepersonausuario as nombrepe4_3_1_, personausu1_.numerodetelefono as numerode5_3_1_ from usuario usuario0_ left outer join personausuario personausu1_ on usuario0_.idusuario=personausu1_.idpersonausuario where usuario0_.idusuario=?
16:53:31.602 [main] DEBUG o.h.l.p.b.i.spaces.QuerySpacesImpl - Adding QuerySpace : uid = <gen:0> -> org.hibernate.loader.plan.build.internal.spaces.EntityQuerySpaceImpl@2a79d4b1]
16:53:31.602 [main] DEBUG o.h.p.w.spi.MetamodelGraphWalker - Visiting attribute path : cabeceratickets
16:53:31.602 [main] DEBUG o.h.p.w.spi.MetamodelGraphWalker - Visiting attribute path : contraseniausuario
16:53:31.602 [main] DEBUG o.h.p.w.spi.MetamodelGraphWalker - Visiting attribute path : nombreusuario
16:53:31.602 [main] DEBUG o.h.p.w.spi.MetamodelGraphWalker - Visiting attribute path : tipodeusuario
16:53:31.602 [main] DEBUG o.h.p.w.spi.MetamodelGraphWalker - Visiting attribute path : personausuario
16:53:31.602 [main] DEBUG o.h.l.p.b.i.spaces.QuerySpacesImpl - Adding QuerySpace : uid = <gen:1> -> org.hibernate.loader.plan.build.internal.spaces.EntityQuerySpaceImpl@17cdf2d0]
16:53:31.602 [main] DEBUG o.h.l.p.b.i.FetchStyleLoadPlanBuildingAssociationVisitationStrategy - Building LoadPlan...
16:53:31.603 [main] DEBUG o.h.l.p.e.i.LoadQueryJoinAndFetchProcessor - processing queryspace <gen:0>
16:53:31.603 [main] DEBUG o.h.l.p.b.spi.LoadPlanTreePrinter - LoadPlan(entity=com.fabiocompany.supermercadosdeltaplus.model.Usuario)
    - Returns
       - EntityReturnImpl(entity=com.fabiocompany.supermercadosdeltaplus.model.Usuario, querySpaceUid=<gen:0>, path=com.fabiocompany.supermercadosdeltaplus.model.Usuario)
          - EntityAttributeFetchImpl(entity=com.fabiocompany.supermercadosdeltaplus.model.Personausuario, querySpaceUid=<gen:1>, path=com.fabiocompany.supermercadosdeltaplus.model.Usuario.personausuario)
    - QuerySpaces
       - EntityQuerySpaceImpl(uid=<gen:0>, entity=com.fabiocompany.supermercadosdeltaplus.model.Usuario)
          - SQL table alias mapping - usuario0_
          - alias suffix - 0_
          - suffixed key columns - {idusuari1_9_0_}

16:53:31.603 [main] DEBUG o.h.loader.entity.plan.EntityLoader - Static select for entity com.fabiocompany.supermercadosdeltaplus.model.Usuario [UPGRADE]: select usuario0_.idusuario as idusuari1_9_0_, usuario0_.contraseniausuario as contrase2_9_0_, usuario0_.nombreusuario as nombreus3_9_0_, usuario0_.tipodeusuario as tipodeus4_9_0_ from usuario usuario0_ where usuario0_.idusuario=? for update
16:53:31.603 [main] DEBUG o.h.l.p.b.i.spaces.QuerySpacesImpl - Adding QuerySpace : uid = <gen:0> -> org.hibernate.loader.plan.build.internal.spaces.EntityQuerySpaceImpl@1755e85b]
16:53:31.603 [main] DEBUG o.h.p.w.spi.MetamodelGraphWalker - Visiting attribute path : cabeceratickets
16:53:31.603 [main] DEBUG o.h.p.w.spi.MetamodelGraphWalker - Visiting attribute path : contraseniausuario
16:53:31.603 [main] DEBUG o.h.p.w.spi.MetamodelGraphWalker - Visiting attribute path : nombreusuario
16:53:31.603 [main] DEBUG o.h.p.w.spi.MetamodelGraphWalker - Visiting attribute path : tipodeusuario
16:53:31.603 [main] DEBUG o.h.p.w.spi.MetamodelGraphWalker - Visiting attribute path : personausuario
16:53:31.603 [main] DEBUG o.h.l.p.b.i.spaces.QuerySpacesImpl - Adding QuerySpace : uid = <gen:1> -> org.hibernate.loader.plan.build.internal.spaces.EntityQuerySpaceImpl@2371aaca]
16:53:31.603 [main] DEBUG o.h.l.p.b.i.FetchStyleLoadPlanBuildingAssociationVisitationStrategy - Building LoadPlan...
16:53:31.604 [main] DEBUG o.h.l.p.e.i.LoadQueryJoinAndFetchProcessor - processing queryspace <gen:0>
16:53:31.604 [main] DEBUG o.h.l.p.b.spi.LoadPlanTreePrinter - LoadPlan(entity=com.fabiocompany.supermercadosdeltaplus.model.Usuario)
    - Returns
       - EntityReturnImpl(entity=com.fabiocompany.supermercadosdeltaplus.model.Usuario, querySpaceUid=<gen:0>, path=com.fabiocompany.supermercadosdeltaplus.model.Usuario)
          - EntityAttributeFetchImpl(entity=com.fabiocompany.supermercadosdeltaplus.model.Personausuario, querySpaceUid=<gen:1>, path=com.fabiocompany.supermercadosdeltaplus.model.Usuario.personausuario)
    - QuerySpaces
       - EntityQuerySpaceImpl(uid=<gen:0>, entity=com.fabiocompany.supermercadosdeltaplus.model.Usuario)
          - SQL table alias mapping - usuario0_
          - alias suffix - 0_
          - suffixed key columns - {idusuari1_9_0_}

16:53:31.604 [main] DEBUG o.h.loader.entity.plan.EntityLoader - Static select for entity com.fabiocompany.supermercadosdeltaplus.model.Usuario [UPGRADE_NOWAIT]: select usuario0_.idusuario as idusuari1_9_0_, usuario0_.contraseniausuario as contrase2_9_0_, usuario0_.nombreusuario as nombreus3_9_0_, usuario0_.tipodeusuario as tipodeus4_9_0_ from usuario usuario0_ where usuario0_.idusuario=? for update
16:53:31.604 [main] DEBUG o.h.l.p.b.i.spaces.QuerySpacesImpl - Adding QuerySpace : uid = <gen:0> -> org.hibernate.loader.plan.build.internal.spaces.EntityQuerySpaceImpl@5b529706]
16:53:31.604 [main] DEBUG o.h.p.w.spi.MetamodelGraphWalker - Visiting attribute path : cabeceratickets
16:53:31.604 [main] DEBUG o.h.p.w.spi.MetamodelGraphWalker - Visiting attribute path : contraseniausuario
16:53:31.604 [main] DEBUG o.h.p.w.spi.MetamodelGraphWalker - Visiting attribute path : nombreusuario
16:53:31.604 [main] DEBUG o.h.p.w.spi.MetamodelGraphWalker - Visiting attribute path : tipodeusuario
16:53:31.604 [main] DEBUG o.h.p.w.spi.MetamodelGraphWalker - Visiting attribute path : personausuario
16:53:31.604 [main] DEBUG o.h.l.p.b.i.spaces.QuerySpacesImpl - Adding QuerySpace : uid = <gen:1> -> org.hibernate.loader.plan.build.internal.spaces.EntityQuerySpaceImpl@7b5a12ae]
16:53:31.605 [main] DEBUG o.h.l.p.b.i.FetchStyleLoadPlanBuildingAssociationVisitationStrategy - Building LoadPlan...
16:53:31.605 [main] DEBUG o.h.l.p.e.i.LoadQueryJoinAndFetchProcessor - processing queryspace <gen:0>
16:53:31.605 [main] DEBUG o.h.l.p.b.spi.LoadPlanTreePrinter - LoadPlan(entity=com.fabiocompany.supermercadosdeltaplus.model.Usuario)
    - Returns
       - EntityReturnImpl(entity=com.fabiocompany.supermercadosdeltaplus.model.Usuario, querySpaceUid=<gen:0>, path=com.fabiocompany.supermercadosdeltaplus.model.Usuario)
          - EntityAttributeFetchImpl(entity=com.fabiocompany.supermercadosdeltaplus.model.Personausuario, querySpaceUid=<gen:1>, path=com.fabiocompany.supermercadosdeltaplus.model.Usuario.personausuario)
    - QuerySpaces
       - EntityQuerySpaceImpl(uid=<gen:0>, entity=com.fabiocompany.supermercadosdeltaplus.model.Usuario)
          - SQL table alias mapping - usuario0_
          - alias suffix - 0_
          - suffixed key columns - {idusuari1_9_0_}

16:53:31.605 [main] DEBUG o.h.loader.entity.plan.EntityLoader - Static select for entity com.fabiocompany.supermercadosdeltaplus.model.Usuario [UPGRADE_SKIPLOCKED]: select usuario0_.idusuario as idusuari1_9_0_, usuario0_.contraseniausuario as contrase2_9_0_, usuario0_.nombreusuario as nombreus3_9_0_, usuario0_.tipodeusuario as tipodeus4_9_0_ from usuario usuario0_ where usuario0_.idusuario=? for update
16:53:31.605 [main] DEBUG o.h.l.p.b.i.spaces.QuerySpacesImpl - Adding QuerySpace : uid = <gen:0> -> org.hibernate.loader.plan.build.internal.spaces.EntityQuerySpaceImpl@5553d0f5]
16:53:31.605 [main] DEBUG o.h.p.w.spi.MetamodelGraphWalker - Visiting attribute path : cabeceratickets
16:53:31.605 [main] DEBUG o.h.p.w.spi.MetamodelGraphWalker - Visiting attribute path : contraseniausuario
16:53:31.605 [main] DEBUG o.h.p.w.spi.MetamodelGraphWalker - Visiting attribute path : nombreusuario
16:53:31.605 [main] DEBUG o.h.p.w.spi.MetamodelGraphWalker - Visiting attribute path : tipodeusuario
16:53:31.605 [main] DEBUG o.h.p.w.spi.MetamodelGraphWalker - Visiting attribute path : personausuario
16:53:31.606 [main] DEBUG o.h.l.p.b.i.spaces.QuerySpacesImpl - Adding QuerySpace : uid = <gen:1> -> org.hibernate.loader.plan.build.internal.spaces.EntityQuerySpaceImpl@14dda234]
16:53:31.606 [main] DEBUG o.h.l.p.b.i.FetchStyleLoadPlanBuildingAssociationVisitationStrategy - Building LoadPlan...
16:53:31.606 [main] DEBUG o.h.l.p.e.i.LoadQueryJoinAndFetchProcessor - processing queryspace <gen:0>
16:53:31.606 [main] DEBUG o.h.l.p.b.spi.LoadPlanTreePrinter - LoadPlan(entity=com.fabiocompany.supermercadosdeltaplus.model.Usuario)
    - Returns
       - EntityReturnImpl(entity=com.fabiocompany.supermercadosdeltaplus.model.Usuario, querySpaceUid=<gen:0>, path=com.fabiocompany.supermercadosdeltaplus.model.Usuario)
          - EntityAttributeFetchImpl(entity=com.fabiocompany.supermercadosdeltaplus.model.Personausuario, querySpaceUid=<gen:1>, path=com.fabiocompany.supermercadosdeltaplus.model.Usuario.personausuario)
    - QuerySpaces
       - EntityQuerySpaceImpl(uid=<gen:0>, entity=com.fabiocompany.supermercadosdeltaplus.model.Usuario)
          - SQL table alias mapping - usuario0_
          - alias suffix - 0_
          - suffixed key columns - {idusuari1_9_0_}

16:53:31.606 [main] DEBUG o.h.loader.entity.plan.EntityLoader - Static select for entity com.fabiocompany.supermercadosdeltaplus.model.Usuario [FORCE]: select usuario0_.idusuario as idusuari1_9_0_, usuario0_.contraseniausuario as contrase2_9_0_, usuario0_.nombreusuario as nombreus3_9_0_, usuario0_.tipodeusuario as tipodeus4_9_0_ from usuario usuario0_ where usuario0_.idusuario=? for update
16:53:31.607 [main] DEBUG o.h.l.p.b.i.spaces.QuerySpacesImpl - Adding QuerySpace : uid = <gen:0> -> org.hibernate.loader.plan.build.internal.spaces.EntityQuerySpaceImpl@3f390d63]
16:53:31.607 [main] DEBUG o.h.p.w.spi.MetamodelGraphWalker - Visiting attribute path : cabeceratickets
16:53:31.607 [main] DEBUG o.h.p.w.spi.MetamodelGraphWalker - Visiting attribute path : contraseniausuario
16:53:31.607 [main] DEBUG o.h.p.w.spi.MetamodelGraphWalker - Visiting attribute path : nombreusuario
16:53:31.607 [main] DEBUG o.h.p.w.spi.MetamodelGraphWalker - Visiting attribute path : tipodeusuario
16:53:31.607 [main] DEBUG o.h.p.w.spi.MetamodelGraphWalker - Visiting attribute path : personausuario
16:53:31.608 [main] DEBUG o.h.l.p.b.i.spaces.QuerySpacesImpl - Adding QuerySpace : uid = <gen:1> -> org.hibernate.loader.plan.build.internal.spaces.EntityQuerySpaceImpl@5a411614]
16:53:31.608 [main] DEBUG o.h.l.p.b.i.FetchStyleLoadPlanBuildingAssociationVisitationStrategy - Building LoadPlan...
16:53:31.608 [main] DEBUG o.h.l.p.e.i.LoadQueryJoinAndFetchProcessor - processing queryspace <gen:0>
16:53:31.609 [main] DEBUG o.h.l.p.b.spi.LoadPlanTreePrinter - LoadPlan(entity=com.fabiocompany.supermercadosdeltaplus.model.Usuario)
    - Returns
       - EntityReturnImpl(entity=com.fabiocompany.supermercadosdeltaplus.model.Usuario, querySpaceUid=<gen:0>, path=com.fabiocompany.supermercadosdeltaplus.model.Usuario)
          - EntityAttributeFetchImpl(entity=com.fabiocompany.supermercadosdeltaplus.model.Personausuario, querySpaceUid=<gen:1>, path=com.fabiocompany.supermercadosdeltaplus.model.Usuario.personausuario)
    - QuerySpaces
       - EntityQuerySpaceImpl(uid=<gen:0>, entity=com.fabiocompany.supermercadosdeltaplus.model.Usuario)
          - SQL table alias mapping - usuario0_
          - alias suffix - 0_
          - suffixed key columns - {idusuari1_9_0_}

16:53:31.609 [main] DEBUG o.h.loader.entity.plan.EntityLoader - Static select for entity com.fabiocompany.supermercadosdeltaplus.model.Usuario [PESSIMISTIC_READ]: select usuario0_.idusuario as idusuari1_9_0_, usuario0_.contraseniausuario as contrase2_9_0_, usuario0_.nombreusuario as nombreus3_9_0_, usuario0_.tipodeusuario as tipodeus4_9_0_ from usuario usuario0_ where usuario0_.idusuario=? lock in share mode
16:53:31.609 [main] DEBUG o.h.l.p.b.i.spaces.QuerySpacesImpl - Adding QuerySpace : uid = <gen:0> -> org.hibernate.loader.plan.build.internal.spaces.EntityQuerySpaceImpl@2374d36a]
16:53:31.609 [main] DEBUG o.h.p.w.spi.MetamodelGraphWalker - Visiting attribute path : cabeceratickets
16:53:31.609 [main] DEBUG o.h.p.w.spi.MetamodelGraphWalker - Visiting attribute path : contraseniausuario
16:53:31.609 [main] DEBUG o.h.p.w.spi.MetamodelGraphWalker - Visiting attribute path : nombreusuario
16:53:31.609 [main] DEBUG o.h.p.w.spi.MetamodelGraphWalker - Visiting attribute path : tipodeusuario
16:53:31.609 [main] DEBUG o.h.p.w.spi.MetamodelGraphWalker - Visiting attribute path : personausuario
16:53:31.609 [main] DEBUG o.h.l.p.b.i.spaces.QuerySpacesImpl - Adding QuerySpace : uid = <gen:1> -> org.hibernate.loader.plan.build.internal.spaces.EntityQuerySpaceImpl@1506f20f]
16:53:31.609 [main] DEBUG o.h.l.p.b.i.FetchStyleLoadPlanBuildingAssociationVisitationStrategy - Building LoadPlan...
16:53:31.610 [main] DEBUG o.h.l.p.e.i.LoadQueryJoinAndFetchProcessor - processing queryspace <gen:0>
16:53:31.610 [main] DEBUG o.h.l.p.b.spi.LoadPlanTreePrinter - LoadPlan(entity=com.fabiocompany.supermercadosdeltaplus.model.Usuario)
    - Returns
       - EntityReturnImpl(entity=com.fabiocompany.supermercadosdeltaplus.model.Usuario, querySpaceUid=<gen:0>, path=com.fabiocompany.supermercadosdeltaplus.model.Usuario)
          - EntityAttributeFetchImpl(entity=com.fabiocompany.supermercadosdeltaplus.model.Personausuario, querySpaceUid=<gen:1>, path=com.fabiocompany.supermercadosdeltaplus.model.Usuario.personausuario)
    - QuerySpaces
       - EntityQuerySpaceImpl(uid=<gen:0>, entity=com.fabiocompany.supermercadosdeltaplus.model.Usuario)
          - SQL table alias mapping - usuario0_
          - alias suffix - 0_
          - suffixed key columns - {idusuari1_9_0_}

16:53:31.610 [main] DEBUG o.h.loader.entity.plan.EntityLoader - Static select for entity com.fabiocompany.supermercadosdeltaplus.model.Usuario [PESSIMISTIC_WRITE]: select usuario0_.idusuario as idusuari1_9_0_, usuario0_.contraseniausuario as contrase2_9_0_, usuario0_.nombreusuario as nombreus3_9_0_, usuario0_.tipodeusuario as tipodeus4_9_0_ from usuario usuario0_ where usuario0_.idusuario=? for update
16:53:31.610 [main] DEBUG o.h.l.p.b.i.spaces.QuerySpacesImpl - Adding QuerySpace : uid = <gen:0> -> org.hibernate.loader.plan.build.internal.spaces.EntityQuerySpaceImpl@47a5b70d]
16:53:31.611 [main] DEBUG o.h.p.w.spi.MetamodelGraphWalker - Visiting attribute path : cabeceratickets
16:53:31.611 [main] DEBUG o.h.p.w.spi.MetamodelGraphWalker - Visiting attribute path : contraseniausuario
16:53:31.611 [main] DEBUG o.h.p.w.spi.MetamodelGraphWalker - Visiting attribute path : nombreusuario
16:53:31.611 [main] DEBUG o.h.p.w.spi.MetamodelGraphWalker - Visiting attribute path : tipodeusuario
16:53:31.611 [main] DEBUG o.h.p.w.spi.MetamodelGraphWalker - Visiting attribute path : personausuario
16:53:31.611 [main] DEBUG o.h.l.p.b.i.spaces.QuerySpacesImpl - Adding QuerySpace : uid = <gen:1> -> org.hibernate.loader.plan.build.internal.spaces.EntityQuerySpaceImpl@1a45193b]
16:53:31.611 [main] DEBUG o.h.l.p.b.i.FetchStyleLoadPlanBuildingAssociationVisitationStrategy - Building LoadPlan...
16:53:31.611 [main] DEBUG o.h.l.p.e.i.LoadQueryJoinAndFetchProcessor - processing queryspace <gen:0>
16:53:31.612 [main] DEBUG o.h.l.p.b.spi.LoadPlanTreePrinter - LoadPlan(entity=com.fabiocompany.supermercadosdeltaplus.model.Usuario)
    - Returns
       - EntityReturnImpl(entity=com.fabiocompany.supermercadosdeltaplus.model.Usuario, querySpaceUid=<gen:0>, path=com.fabiocompany.supermercadosdeltaplus.model.Usuario)
          - EntityAttributeFetchImpl(entity=com.fabiocompany.supermercadosdeltaplus.model.Personausuario, querySpaceUid=<gen:1>, path=com.fabiocompany.supermercadosdeltaplus.model.Usuario.personausuario)
    - QuerySpaces
       - EntityQuerySpaceImpl(uid=<gen:0>, entity=com.fabiocompany.supermercadosdeltaplus.model.Usuario)
          - SQL table alias mapping - usuario0_
          - alias suffix - 0_
          - suffixed key columns - {idusuari1_9_0_}

16:53:31.612 [main] DEBUG o.h.loader.entity.plan.EntityLoader - Static select for entity com.fabiocompany.supermercadosdeltaplus.model.Usuario [PESSIMISTIC_FORCE_INCREMENT]: select usuario0_.idusuario as idusuari1_9_0_, usuario0_.contraseniausuario as contrase2_9_0_, usuario0_.nombreusuario as nombreus3_9_0_, usuario0_.tipodeusuario as tipodeus4_9_0_ from usuario usuario0_ where usuario0_.idusuario=? for update
16:53:31.612 [main] DEBUG o.h.l.p.b.i.spaces.QuerySpacesImpl - Adding QuerySpace : uid = <gen:0> -> org.hibernate.loader.plan.build.internal.spaces.EntityQuerySpaceImpl@38f116f6]
16:53:31.612 [main] DEBUG o.h.p.w.spi.MetamodelGraphWalker - Visiting attribute path : cabeceratickets
16:53:31.612 [main] DEBUG o.h.p.w.spi.MetamodelGraphWalker - Visiting attribute path : contraseniausuario
16:53:31.612 [main] DEBUG o.h.p.w.spi.MetamodelGraphWalker - Visiting attribute path : nombreusuario
16:53:31.612 [main] DEBUG o.h.p.w.spi.MetamodelGraphWalker - Visiting attribute path : tipodeusuario
16:53:31.612 [main] DEBUG o.h.p.w.spi.MetamodelGraphWalker - Visiting attribute path : personausuario
16:53:31.612 [main] DEBUG o.h.l.p.b.i.spaces.QuerySpacesImpl - Adding QuerySpace : uid = <gen:1> -> org.hibernate.loader.plan.build.internal.spaces.EntityQuerySpaceImpl@6e6d5d29]
16:53:31.612 [main] DEBUG o.h.l.p.b.i.FetchStyleLoadPlanBuildingAssociationVisitationStrategy - Building LoadPlan...
16:53:31.613 [main] DEBUG o.h.l.p.e.i.LoadQueryJoinAndFetchProcessor - processing queryspace <gen:0>
16:53:31.613 [main] DEBUG o.h.l.p.b.spi.LoadPlanTreePrinter - LoadPlan(entity=com.fabiocompany.supermercadosdeltaplus.model.Usuario)
    - Returns
       - EntityReturnImpl(entity=com.fabiocompany.supermercadosdeltaplus.model.Usuario, querySpaceUid=<gen:0>, path=com.fabiocompany.supermercadosdeltaplus.model.Usuario)
          - EntityAttributeFetchImpl(entity=com.fabiocompany.supermercadosdeltaplus.model.Personausuario, querySpaceUid=<gen:1>, path=com.fabiocompany.supermercadosdeltaplus.model.Usuario.personausuario)
    - QuerySpaces
       - EntityQuerySpaceImpl(uid=<gen:0>, entity=com.fabiocompany.supermercadosdeltaplus.model.Usuario)
          - SQL table alias mapping - usuario0_
          - alias suffix - 0_
          - suffixed key columns - {idusuari1_9_0_}

16:53:31.613 [main] DEBUG o.h.loader.entity.plan.EntityLoader - Static select for entity com.fabiocompany.supermercadosdeltaplus.model.Usuario [OPTIMISTIC]: select usuario0_.idusuario as idusuari1_9_0_, usuario0_.contraseniausuario as contrase2_9_0_, usuario0_.nombreusuario as nombreus3_9_0_, usuario0_.tipodeusuario as tipodeus4_9_0_ from usuario usuario0_ where usuario0_.idusuario=?
16:53:31.613 [main] DEBUG o.h.l.p.b.i.spaces.QuerySpacesImpl - Adding QuerySpace : uid = <gen:0> -> org.hibernate.loader.plan.build.internal.spaces.EntityQuerySpaceImpl@5c530d1e]
16:53:31.614 [main] DEBUG o.h.p.w.spi.MetamodelGraphWalker - Visiting attribute path : cabeceratickets
16:53:31.614 [main] DEBUG o.h.p.w.spi.MetamodelGraphWalker - Visiting attribute path : contraseniausuario
16:53:31.614 [main] DEBUG o.h.p.w.spi.MetamodelGraphWalker - Visiting attribute path : nombreusuario
16:53:31.614 [main] DEBUG o.h.p.w.spi.MetamodelGraphWalker - Visiting attribute path : tipodeusuario
16:53:31.614 [main] DEBUG o.h.p.w.spi.MetamodelGraphWalker - Visiting attribute path : personausuario
16:53:31.614 [main] DEBUG o.h.l.p.b.i.spaces.QuerySpacesImpl - Adding QuerySpace : uid = <gen:1> -> org.hibernate.loader.plan.build.internal.spaces.EntityQuerySpaceImpl@85e6769]
16:53:31.614 [main] DEBUG o.h.l.p.b.i.FetchStyleLoadPlanBuildingAssociationVisitationStrategy - Building LoadPlan...
16:53:31.614 [main] DEBUG o.h.l.p.e.i.LoadQueryJoinAndFetchProcessor - processing queryspace <gen:0>
16:53:31.615 [main] DEBUG o.h.l.p.b.spi.LoadPlanTreePrinter - LoadPlan(entity=com.fabiocompany.supermercadosdeltaplus.model.Usuario)
    - Returns
       - EntityReturnImpl(entity=com.fabiocompany.supermercadosdeltaplus.model.Usuario, querySpaceUid=<gen:0>, path=com.fabiocompany.supermercadosdeltaplus.model.Usuario)
          - EntityAttributeFetchImpl(entity=com.fabiocompany.supermercadosdeltaplus.model.Personausuario, querySpaceUid=<gen:1>, path=com.fabiocompany.supermercadosdeltaplus.model.Usuario.personausuario)
    - QuerySpaces
       - EntityQuerySpaceImpl(uid=<gen:0>, entity=com.fabiocompany.supermercadosdeltaplus.model.Usuario)
          - SQL table alias mapping - usuario0_
          - alias suffix - 0_
          - suffixed key columns - {idusuari1_9_0_}

16:53:31.615 [main] DEBUG o.h.loader.entity.plan.EntityLoader - Static select for entity com.fabiocompany.supermercadosdeltaplus.model.Usuario [OPTIMISTIC_FORCE_INCREMENT]: select usuario0_.idusuario as idusuari1_9_0_, usuario0_.contraseniausuario as contrase2_9_0_, usuario0_.nombreusuario as nombreus3_9_0_, usuario0_.tipodeusuario as tipodeus4_9_0_ from usuario usuario0_ where usuario0_.idusuario=?
16:53:31.616 [main] DEBUG org.hibernate.loader.Loader - Static select for action ACTION_MERGE on entity com.fabiocompany.supermercadosdeltaplus.model.Usuario: select usuario0_.idusuario as idusuari1_9_2_, usuario0_.contraseniausuario as contrase2_9_2_, usuario0_.nombreusuario as nombreus3_9_2_, usuario0_.tipodeusuario as tipodeus4_9_2_, cabecerati1_.idusuario as idusuari3_9_4_, cabecerati1_.idticket as idticket1_0_4_, cabecerati1_.idticket as idticket1_0_0_, cabecerati1_.fecha as fecha2_0_0_, cabecerati1_.idusuario as idusuari3_0_0_, personausu2_.idpersonausuario as idperson1_3_1_, personausu2_.correo as correo2_3_1_, personausu2_.dnipersonausuario as dniperso3_3_1_, personausu2_.nombrepersonausuario as nombrepe4_3_1_, personausu2_.numerodetelefono as numerode5_3_1_ from usuario usuario0_ left outer join cabeceraticket cabecerati1_ on usuario0_.idusuario=cabecerati1_.idusuario left outer join personausuario personausu2_ on usuario0_.idusuario=personausu2_.idpersonausuario where usuario0_.idusuario=?
16:53:31.616 [main] DEBUG org.hibernate.loader.Loader - Static select for action ACTION_REFRESH on entity com.fabiocompany.supermercadosdeltaplus.model.Usuario: select usuario0_.idusuario as idusuari1_9_2_, usuario0_.contraseniausuario as contrase2_9_2_, usuario0_.nombreusuario as nombreus3_9_2_, usuario0_.tipodeusuario as tipodeus4_9_2_, cabecerati1_.idusuario as idusuari3_9_4_, cabecerati1_.idticket as idticket1_0_4_, cabecerati1_.idticket as idticket1_0_0_, cabecerati1_.fecha as fecha2_0_0_, cabecerati1_.idusuario as idusuari3_0_0_, personausu2_.idpersonausuario as idperson1_3_1_, personausu2_.correo as correo2_3_1_, personausu2_.dnipersonausuario as dniperso3_3_1_, personausu2_.nombrepersonausuario as nombrepe4_3_1_, personausu2_.numerodetelefono as numerode5_3_1_ from usuario usuario0_ left outer join cabeceraticket cabecerati1_ on usuario0_.idusuario=cabecerati1_.idusuario left outer join personausuario personausu2_ on usuario0_.idusuario=personausu2_.idpersonausuario where usuario0_.idusuario=?
16:53:31.617 [main] DEBUG o.h.p.entity.AbstractEntityPersister - Static SQL for entity: com.fabiocompany.supermercadosdeltaplus.model.Detalleticket
16:53:31.617 [main] DEBUG o.h.p.entity.AbstractEntityPersister -  Version select: select iddetalleticket from detalleticket where iddetalleticket =?
16:53:31.617 [main] DEBUG o.h.p.entity.AbstractEntityPersister -  Snapshot select: select detalletic_.iddetalleticket, detalletic_.idticket as idticket7_2_, detalletic_.cantidad as cantidad2_2_, detalletic_.cantidadporproducto as cantidad3_2_, detalletic_.montodepago as montodep4_2_, detalletic_.subtotal as subtotal5_2_, detalletic_.idtipodepago as idtipode8_2_, detalletic_.total as total6_2_ from detalleticket detalletic_ where detalletic_.iddetalleticket=?
16:53:31.617 [main] DEBUG o.h.p.entity.AbstractEntityPersister -  Insert 0: insert into detalleticket (idticket, cantidad, cantidadporproducto, montodepago, subtotal, idtipodepago, total, iddetalleticket) values (?, ?, ?, ?, ?, ?, ?, ?)
16:53:31.617 [main] DEBUG o.h.p.entity.AbstractEntityPersister -  Update 0: update detalleticket set idticket=?, cantidad=?, cantidadporproducto=?, montodepago=?, subtotal=?, idtipodepago=?, total=? where iddetalleticket=?
16:53:31.617 [main] DEBUG o.h.p.entity.AbstractEntityPersister -  Delete 0: delete from detalleticket where iddetalleticket=?
16:53:31.617 [main] DEBUG o.h.p.entity.AbstractEntityPersister -  Identity insert: insert into detalleticket (idticket, cantidad, cantidadporproducto, montodepago, subtotal, idtipodepago, total) values (?, ?, ?, ?, ?, ?, ?)
16:53:31.617 [main] DEBUG o.h.l.p.b.i.spaces.QuerySpacesImpl - Adding QuerySpace : uid = <gen:0> -> org.hibernate.loader.plan.build.internal.spaces.EntityQuerySpaceImpl@c5ee75e]
16:53:31.617 [main] DEBUG o.h.p.w.spi.MetamodelGraphWalker - Visiting attribute path : cabeceraticket
16:53:31.618 [main] DEBUG o.h.l.p.b.i.spaces.QuerySpacesImpl - Adding QuerySpace : uid = <gen:1> -> org.hibernate.loader.plan.build.internal.spaces.EntityQuerySpaceImpl@bf1ec20]
16:53:31.618 [main] DEBUG o.h.p.w.spi.MetamodelGraphWalker - Visiting attribute path : cabeceraticket.detalletickets
16:53:31.618 [main] DEBUG o.h.p.w.spi.MetamodelGraphWalker - Property path deemed to be circular : cabeceraticket.detalletickets
16:53:31.618 [main] DEBUG o.h.p.w.spi.MetamodelGraphWalker - Visiting attribute path : cabeceraticket.fecha
16:53:31.618 [main] DEBUG o.h.p.w.spi.MetamodelGraphWalker - Visiting attribute path : cabeceraticket.usuario
16:53:31.618 [main] DEBUG o.h.l.p.b.i.spaces.QuerySpacesImpl - Adding QuerySpace : uid = <gen:2> -> org.hibernate.loader.plan.build.internal.spaces.EntityQuerySpaceImpl@b70da4c]
16:53:31.618 [main] DEBUG o.h.p.w.spi.MetamodelGraphWalker - Visiting attribute path : cabeceraticket.usuario.cabeceratickets
16:53:31.618 [main] DEBUG o.h.p.w.spi.MetamodelGraphWalker - Property path deemed to be circular : cabeceraticket.usuario.cabeceratickets
16:53:31.618 [main] DEBUG o.h.p.w.spi.MetamodelGraphWalker - Visiting attribute path : cabeceraticket.usuario.contraseniausuario
16:53:31.618 [main] DEBUG o.h.p.w.spi.MetamodelGraphWalker - Visiting attribute path : cabeceraticket.usuario.nombreusuario
16:53:31.618 [main] DEBUG o.h.p.w.spi.MetamodelGraphWalker - Visiting attribute path : cabeceraticket.usuario.tipodeusuario
16:53:31.618 [main] DEBUG o.h.p.w.spi.MetamodelGraphWalker - Visiting attribute path : cabeceraticket.usuario.personausuario
16:53:31.618 [main] DEBUG o.h.l.p.b.i.spaces.QuerySpacesImpl - Adding QuerySpace : uid = <gen:3> -> org.hibernate.loader.plan.build.internal.spaces.EntityQuerySpaceImpl@4e858e0a]
16:53:31.618 [main] DEBUG o.h.p.w.spi.MetamodelGraphWalker - Visiting attribute path : cantidad
16:53:31.619 [main] DEBUG o.h.p.w.spi.MetamodelGraphWalker - Visiting attribute path : cantidadporproducto
16:53:31.619 [main] DEBUG o.h.p.w.spi.MetamodelGraphWalker - Visiting attribute path : detalleofertas
16:53:31.619 [main] DEBUG o.h.p.w.spi.MetamodelGraphWalker - Visiting attribute path : montodepago
16:53:31.619 [main] DEBUG o.h.p.w.spi.MetamodelGraphWalker - Visiting attribute path : productos
16:53:31.619 [main] DEBUG o.h.p.w.spi.MetamodelGraphWalker - Visiting attribute path : subtotal
16:53:31.619 [main] DEBUG o.h.p.w.spi.MetamodelGraphWalker - Visiting attribute path : tipodepago
16:53:31.619 [main] DEBUG o.h.l.p.b.i.spaces.QuerySpacesImpl - Adding QuerySpace : uid = <gen:4> -> org.hibernate.loader.plan.build.internal.spaces.EntityQuerySpaceImpl@435fb7b5]
16:53:31.619 [main] DEBUG o.h.p.w.spi.MetamodelGraphWalker - Visiting attribute path : tipodepago.descripciontipodepago
16:53:31.619 [main] DEBUG o.h.p.w.spi.MetamodelGraphWalker - Visiting attribute path : tipodepago.detalletickets
16:53:31.619 [main] DEBUG o.h.p.w.spi.MetamodelGraphWalker - Property path deemed to be circular : tipodepago.detalletickets
16:53:31.619 [main] DEBUG o.h.p.w.spi.MetamodelGraphWalker - Visiting attribute path : tipodepago.tarjetas
16:53:31.619 [main] DEBUG o.h.p.w.spi.MetamodelGraphWalker - Visiting attribute path : total
16:53:31.619 [main] DEBUG o.h.l.p.b.i.FetchStyleLoadPlanBuildingAssociationVisitationStrategy - Building LoadPlan...
16:53:31.620 [main] DEBUG o.h.l.p.e.i.LoadQueryJoinAndFetchProcessor - processing queryspace <gen:0>
16:53:31.622 [main] DEBUG o.h.l.p.b.spi.LoadPlanTreePrinter - LoadPlan(entity=com.fabiocompany.supermercadosdeltaplus.model.Detalleticket)
    - Returns
       - EntityReturnImpl(entity=com.fabiocompany.supermercadosdeltaplus.model.Detalleticket, querySpaceUid=<gen:0>, path=com.fabiocompany.supermercadosdeltaplus.model.Detalleticket)
          - EntityAttributeFetchImpl(entity=com.fabiocompany.supermercadosdeltaplus.model.Cabeceraticket, querySpaceUid=<gen:1>, path=com.fabiocompany.supermercadosdeltaplus.model.Detalleticket.cabeceraticket)
             - EntityAttributeFetchImpl(entity=com.fabiocompany.supermercadosdeltaplus.model.Usuario, querySpaceUid=<gen:2>, path=com.fabiocompany.supermercadosdeltaplus.model.Detalleticket.cabeceraticket.usuario)
                - EntityAttributeFetchImpl(entity=com.fabiocompany.supermercadosdeltaplus.model.Personausuario, querySpaceUid=<gen:3>, path=com.fabiocompany.supermercadosdeltaplus.model.Detalleticket.cabeceraticket.usuario.personausuario)
          - EntityAttributeFetchImpl(entity=com.fabiocompany.supermercadosdeltaplus.model.Tipodepago, querySpaceUid=<gen:4>, path=com.fabiocompany.supermercadosdeltaplus.model.Detalleticket.tipodepago)
    - QuerySpaces
       - EntityQuerySpaceImpl(uid=<gen:0>, entity=com.fabiocompany.supermercadosdeltaplus.model.Detalleticket)
          - SQL table alias mapping - detalletic0_
          - alias suffix - 0_
          - suffixed key columns - {iddetall1_2_0_}
          - JOIN (JoinDefinedByMetadata(cabeceraticket)) : <gen:0> -> <gen:1>
             - EntityQuerySpaceImpl(uid=<gen:1>, entity=com.fabiocompany.supermercadosdeltaplus.model.Cabeceraticket)
                - SQL table alias mapping - cabecerati1_
                - alias suffix - 1_
                - suffixed key columns - {idticket1_0_1_}
                - JOIN (JoinDefinedByMetadata(usuario)) : <gen:1> -> <gen:2>
                   - EntityQuerySpaceImpl(uid=<gen:2>, entity=com.fabiocompany.supermercadosdeltaplus.model.Usuario)
                      - SQL table alias mapping - usuario2_
                      - alias suffix - 2_
                      - suffixed key columns - {idusuari1_9_2_}
          - JOIN (JoinDefinedByMetadata(tipodepago)) : <gen:0> -> <gen:4>
             - EntityQuerySpaceImpl(uid=<gen:4>, entity=com.fabiocompany.supermercadosdeltaplus.model.Tipodepago)
                - SQL table alias mapping - tipodepago3_
                - alias suffix - 3_
                - suffixed key columns - {idtipode1_8_3_}

16:53:31.622 [main] DEBUG o.h.loader.entity.plan.EntityLoader - Static select for entity com.fabiocompany.supermercadosdeltaplus.model.Detalleticket [NONE]: select detalletic0_.iddetalleticket as iddetall1_2_0_, detalletic0_.idticket as idticket7_2_0_, detalletic0_.cantidad as cantidad2_2_0_, detalletic0_.cantidadporproducto as cantidad3_2_0_, detalletic0_.montodepago as montodep4_2_0_, detalletic0_.subtotal as subtotal5_2_0_, detalletic0_.idtipodepago as idtipode8_2_0_, detalletic0_.total as total6_2_0_, cabecerati1_.idticket as idticket1_0_1_, cabecerati1_.fecha as fecha2_0_1_, cabecerati1_.idusuario as idusuari3_0_1_, usuario2_.idusuario as idusuari1_9_2_, usuario2_.contraseniausuario as contrase2_9_2_, usuario2_.nombreusuario as nombreus3_9_2_, usuario2_.tipodeusuario as tipodeus4_9_2_, tipodepago3_.idtipodepago as idtipode1_8_3_, tipodepago3_.descripciontipodepago as descripc2_8_3_ from detalleticket detalletic0_ left outer join cabeceraticket cabecerati1_ on detalletic0_.idticket=cabecerati1_.idticket left outer join usuario usuario2_ on cabecerati1_.idusuario=usuario2_.idusuario left outer join tipodepago tipodepago3_ on detalletic0_.idtipodepago=tipodepago3_.idtipodepago where detalletic0_.iddetalleticket=?
16:53:31.622 [main] DEBUG o.h.l.p.b.i.spaces.QuerySpacesImpl - Adding QuerySpace : uid = <gen:0> -> org.hibernate.loader.plan.build.internal.spaces.EntityQuerySpaceImpl@b7838a9]
16:53:31.622 [main] DEBUG o.h.p.w.spi.MetamodelGraphWalker - Visiting attribute path : cabeceraticket
16:53:31.622 [main] DEBUG o.h.l.p.b.i.spaces.QuerySpacesImpl - Adding QuerySpace : uid = <gen:1> -> org.hibernate.loader.plan.build.internal.spaces.EntityQuerySpaceImpl@5733f295]
16:53:31.622 [main] DEBUG o.h.p.w.spi.MetamodelGraphWalker - Visiting attribute path : cabeceraticket.detalletickets
16:53:31.622 [main] DEBUG o.h.p.w.spi.MetamodelGraphWalker - Property path deemed to be circular : cabeceraticket.detalletickets
16:53:31.622 [main] DEBUG o.h.p.w.spi.MetamodelGraphWalker - Visiting attribute path : cabeceraticket.fecha
16:53:31.622 [main] DEBUG o.h.p.w.spi.MetamodelGraphWalker - Visiting attribute path : cabeceraticket.usuario
16:53:31.623 [main] DEBUG o.h.l.p.b.i.spaces.QuerySpacesImpl - Adding QuerySpace : uid = <gen:2> -> org.hibernate.loader.plan.build.internal.spaces.EntityQuerySpaceImpl@56c698e3]
16:53:31.623 [main] DEBUG o.h.p.w.spi.MetamodelGraphWalker - Visiting attribute path : cabeceraticket.usuario.cabeceratickets
16:53:31.623 [main] DEBUG o.h.p.w.spi.MetamodelGraphWalker - Property path deemed to be circular : cabeceraticket.usuario.cabeceratickets
16:53:31.623 [main] DEBUG o.h.p.w.spi.MetamodelGraphWalker - Visiting attribute path : cabeceraticket.usuario.contraseniausuario
16:53:31.623 [main] DEBUG o.h.p.w.spi.MetamodelGraphWalker - Visiting attribute path : cabeceraticket.usuario.nombreusuario
16:53:31.623 [main] DEBUG o.h.p.w.spi.MetamodelGraphWalker - Visiting attribute path : cabeceraticket.usuario.tipodeusuario
16:53:31.623 [main] DEBUG o.h.p.w.spi.MetamodelGraphWalker - Visiting attribute path : cabeceraticket.usuario.personausuario
16:53:31.623 [main] DEBUG o.h.l.p.b.i.spaces.QuerySpacesImpl - Adding QuerySpace : uid = <gen:3> -> org.hibernate.loader.plan.build.internal.spaces.EntityQuerySpaceImpl@f478a81]
16:53:31.623 [main] DEBUG o.h.p.w.spi.MetamodelGraphWalker - Visiting attribute path : cantidad
16:53:31.623 [main] DEBUG o.h.p.w.spi.MetamodelGraphWalker - Visiting attribute path : cantidadporproducto
16:53:31.623 [main] DEBUG o.h.p.w.spi.MetamodelGraphWalker - Visiting attribute path : detalleofertas
16:53:31.623 [main] DEBUG o.h.p.w.spi.MetamodelGraphWalker - Visiting attribute path : montodepago
16:53:31.623 [main] DEBUG o.h.p.w.spi.MetamodelGraphWalker - Visiting attribute path : productos
16:53:31.623 [main] DEBUG o.h.p.w.spi.MetamodelGraphWalker - Visiting attribute path : subtotal
16:53:31.623 [main] DEBUG o.h.p.w.spi.MetamodelGraphWalker - Visiting attribute path : tipodepago
16:53:31.624 [main] DEBUG o.h.l.p.b.i.spaces.QuerySpacesImpl - Adding QuerySpace : uid = <gen:4> -> org.hibernate.loader.plan.build.internal.spaces.EntityQuerySpaceImpl@19553973]
16:53:31.624 [main] DEBUG o.h.p.w.spi.MetamodelGraphWalker - Visiting attribute path : tipodepago.descripciontipodepago
16:53:31.624 [main] DEBUG o.h.p.w.spi.MetamodelGraphWalker - Visiting attribute path : tipodepago.detalletickets
16:53:31.624 [main] DEBUG o.h.p.w.spi.MetamodelGraphWalker - Property path deemed to be circular : tipodepago.detalletickets
16:53:31.624 [main] DEBUG o.h.p.w.spi.MetamodelGraphWalker - Visiting attribute path : tipodepago.tarjetas
16:53:31.624 [main] DEBUG o.h.p.w.spi.MetamodelGraphWalker - Visiting attribute path : total
16:53:31.624 [main] DEBUG o.h.l.p.b.i.FetchStyleLoadPlanBuildingAssociationVisitationStrategy - Building LoadPlan...
16:53:31.625 [main] DEBUG o.h.l.p.e.i.LoadQueryJoinAndFetchProcessor - processing queryspace <gen:0>
16:53:31.626 [main] DEBUG o.h.l.p.b.spi.LoadPlanTreePrinter - LoadPlan(entity=com.fabiocompany.supermercadosdeltaplus.model.Detalleticket)
    - Returns
       - EntityReturnImpl(entity=com.fabiocompany.supermercadosdeltaplus.model.Detalleticket, querySpaceUid=<gen:0>, path=com.fabiocompany.supermercadosdeltaplus.model.Detalleticket)
          - EntityAttributeFetchImpl(entity=com.fabiocompany.supermercadosdeltaplus.model.Cabeceraticket, querySpaceUid=<gen:1>, path=com.fabiocompany.supermercadosdeltaplus.model.Detalleticket.cabeceraticket)
             - EntityAttributeFetchImpl(entity=com.fabiocompany.supermercadosdeltaplus.model.Usuario, querySpaceUid=<gen:2>, path=com.fabiocompany.supermercadosdeltaplus.model.Detalleticket.cabeceraticket.usuario)
                - EntityAttributeFetchImpl(entity=com.fabiocompany.supermercadosdeltaplus.model.Personausuario, querySpaceUid=<gen:3>, path=com.fabiocompany.supermercadosdeltaplus.model.Detalleticket.cabeceraticket.usuario.personausuario)
          - EntityAttributeFetchImpl(entity=com.fabiocompany.supermercadosdeltaplus.model.Tipodepago, querySpaceUid=<gen:4>, path=com.fabiocompany.supermercadosdeltaplus.model.Detalleticket.tipodepago)
    - QuerySpaces
       - EntityQuerySpaceImpl(uid=<gen:0>, entity=com.fabiocompany.supermercadosdeltaplus.model.Detalleticket)
          - SQL table alias mapping - detalletic0_
          - alias suffix - 0_
          - suffixed key columns - {iddetall1_2_0_}
          - JOIN (JoinDefinedByMetadata(cabeceraticket)) : <gen:0> -> <gen:1>
             - EntityQuerySpaceImpl(uid=<gen:1>, entity=com.fabiocompany.supermercadosdeltaplus.model.Cabeceraticket)
                - SQL table alias mapping - cabecerati1_
                - alias suffix - 1_
                - suffixed key columns - {idticket1_0_1_}
                - JOIN (JoinDefinedByMetadata(usuario)) : <gen:1> -> <gen:2>
                   - EntityQuerySpaceImpl(uid=<gen:2>, entity=com.fabiocompany.supermercadosdeltaplus.model.Usuario)
                      - SQL table alias mapping - usuario2_
                      - alias suffix - 2_
                      - suffixed key columns - {idusuari1_9_2_}
          - JOIN (JoinDefinedByMetadata(tipodepago)) : <gen:0> -> <gen:4>
             - EntityQuerySpaceImpl(uid=<gen:4>, entity=com.fabiocompany.supermercadosdeltaplus.model.Tipodepago)
                - SQL table alias mapping - tipodepago3_
                - alias suffix - 3_
                - suffixed key columns - {idtipode1_8_3_}

16:53:31.626 [main] DEBUG o.h.loader.entity.plan.EntityLoader - Static select for entity com.fabiocompany.supermercadosdeltaplus.model.Detalleticket [READ]: select detalletic0_.iddetalleticket as iddetall1_2_0_, detalletic0_.idticket as idticket7_2_0_, detalletic0_.cantidad as cantidad2_2_0_, detalletic0_.cantidadporproducto as cantidad3_2_0_, detalletic0_.montodepago as montodep4_2_0_, detalletic0_.subtotal as subtotal5_2_0_, detalletic0_.idtipodepago as idtipode8_2_0_, detalletic0_.total as total6_2_0_, cabecerati1_.idticket as idticket1_0_1_, cabecerati1_.fecha as fecha2_0_1_, cabecerati1_.idusuario as idusuari3_0_1_, usuario2_.idusuario as idusuari1_9_2_, usuario2_.contraseniausuario as contrase2_9_2_, usuario2_.nombreusuario as nombreus3_9_2_, usuario2_.tipodeusuario as tipodeus4_9_2_, tipodepago3_.idtipodepago as idtipode1_8_3_, tipodepago3_.descripciontipodepago as descripc2_8_3_ from detalleticket detalletic0_ left outer join cabeceraticket cabecerati1_ on detalletic0_.idticket=cabecerati1_.idticket left outer join usuario usuario2_ on cabecerati1_.idusuario=usuario2_.idusuario left outer join tipodepago tipodepago3_ on detalletic0_.idtipodepago=tipodepago3_.idtipodepago where detalletic0_.iddetalleticket=?
16:53:31.627 [main] DEBUG o.h.l.p.b.i.spaces.QuerySpacesImpl - Adding QuerySpace : uid = <gen:0> -> org.hibernate.loader.plan.build.internal.spaces.EntityQuerySpaceImpl@7fe7c640]
16:53:31.627 [main] DEBUG o.h.p.w.spi.MetamodelGraphWalker - Visiting attribute path : cabeceraticket
16:53:31.627 [main] DEBUG o.h.l.p.b.i.spaces.QuerySpacesImpl - Adding QuerySpace : uid = <gen:1> -> org.hibernate.loader.plan.build.internal.spaces.EntityQuerySpaceImpl@7ce97ee5]
16:53:31.627 [main] DEBUG o.h.p.w.spi.MetamodelGraphWalker - Visiting attribute path : cantidad
16:53:31.627 [main] DEBUG o.h.p.w.spi.MetamodelGraphWalker - Visiting attribute path : cantidadporproducto
16:53:31.627 [main] DEBUG o.h.p.w.spi.MetamodelGraphWalker - Visiting attribute path : detalleofertas
16:53:31.627 [main] DEBUG o.h.p.w.spi.MetamodelGraphWalker - Visiting attribute path : montodepago
16:53:31.627 [main] DEBUG o.h.p.w.spi.MetamodelGraphWalker - Visiting attribute path : productos
16:53:31.627 [main] DEBUG o.h.p.w.spi.MetamodelGraphWalker - Visiting attribute path : subtotal
16:53:31.627 [main] DEBUG o.h.p.w.spi.MetamodelGraphWalker - Visiting attribute path : tipodepago
16:53:31.627 [main] DEBUG o.h.l.p.b.i.spaces.QuerySpacesImpl - Adding QuerySpace : uid = <gen:2> -> org.hibernate.loader.plan.build.internal.spaces.EntityQuerySpaceImpl@32c8e539]
16:53:31.627 [main] DEBUG o.h.p.w.spi.MetamodelGraphWalker - Visiting attribute path : total
16:53:31.628 [main] DEBUG o.h.l.p.b.i.FetchStyleLoadPlanBuildingAssociationVisitationStrategy - Building LoadPlan...
16:53:31.628 [main] DEBUG o.h.l.p.e.i.LoadQueryJoinAndFetchProcessor - processing queryspace <gen:0>
16:53:31.628 [main] DEBUG o.h.l.p.b.spi.LoadPlanTreePrinter - LoadPlan(entity=com.fabiocompany.supermercadosdeltaplus.model.Detalleticket)
    - Returns
       - EntityReturnImpl(entity=com.fabiocompany.supermercadosdeltaplus.model.Detalleticket, querySpaceUid=<gen:0>, path=com.fabiocompany.supermercadosdeltaplus.model.Detalleticket)
          - EntityAttributeFetchImpl(entity=com.fabiocompany.supermercadosdeltaplus.model.Cabeceraticket, querySpaceUid=<gen:1>, path=com.fabiocompany.supermercadosdeltaplus.model.Detalleticket.cabeceraticket)
          - EntityAttributeFetchImpl(entity=com.fabiocompany.supermercadosdeltaplus.model.Tipodepago, querySpaceUid=<gen:2>, path=com.fabiocompany.supermercadosdeltaplus.model.Detalleticket.tipodepago)
    - QuerySpaces
       - EntityQuerySpaceImpl(uid=<gen:0>, entity=com.fabiocompany.supermercadosdeltaplus.model.Detalleticket)
          - SQL table alias mapping - detalletic0_
          - alias suffix - 0_
          - suffixed key columns - {iddetall1_2_0_}

16:53:31.629 [main] DEBUG o.h.loader.entity.plan.EntityLoader - Static select for entity com.fabiocompany.supermercadosdeltaplus.model.Detalleticket [UPGRADE]: select detalletic0_.iddetalleticket as iddetall1_2_0_, detalletic0_.idticket as idticket7_2_0_, detalletic0_.cantidad as cantidad2_2_0_, detalletic0_.cantidadporproducto as cantidad3_2_0_, detalletic0_.montodepago as montodep4_2_0_, detalletic0_.subtotal as subtotal5_2_0_, detalletic0_.idtipodepago as idtipode8_2_0_, detalletic0_.total as total6_2_0_ from detalleticket detalletic0_ where detalletic0_.iddetalleticket=? for update
16:53:31.629 [main] DEBUG o.h.l.p.b.i.spaces.QuerySpacesImpl - Adding QuerySpace : uid = <gen:0> -> org.hibernate.loader.plan.build.internal.spaces.EntityQuerySpaceImpl@73dce0e6]
16:53:31.629 [main] DEBUG o.h.p.w.spi.MetamodelGraphWalker - Visiting attribute path : cabeceraticket
16:53:31.629 [main] DEBUG o.h.l.p.b.i.spaces.QuerySpacesImpl - Adding QuerySpace : uid = <gen:1> -> org.hibernate.loader.plan.build.internal.spaces.EntityQuerySpaceImpl@32811494]
16:53:31.629 [main] DEBUG o.h.p.w.spi.MetamodelGraphWalker - Visiting attribute path : cantidad
16:53:31.629 [main] DEBUG o.h.p.w.spi.MetamodelGraphWalker - Visiting attribute path : cantidadporproducto
16:53:31.629 [main] DEBUG o.h.p.w.spi.MetamodelGraphWalker - Visiting attribute path : detalleofertas
16:53:31.629 [main] DEBUG o.h.p.w.spi.MetamodelGraphWalker - Visiting attribute path : montodepago
16:53:31.629 [main] DEBUG o.h.p.w.spi.MetamodelGraphWalker - Visiting attribute path : productos
16:53:31.629 [main] DEBUG o.h.p.w.spi.MetamodelGraphWalker - Visiting attribute path : subtotal
16:53:31.629 [main] DEBUG o.h.p.w.spi.MetamodelGraphWalker - Visiting attribute path : tipodepago
16:53:31.629 [main] DEBUG o.h.l.p.b.i.spaces.QuerySpacesImpl - Adding QuerySpace : uid = <gen:2> -> org.hibernate.loader.plan.build.internal.spaces.EntityQuerySpaceImpl@4795ded0]
16:53:31.629 [main] DEBUG o.h.p.w.spi.MetamodelGraphWalker - Visiting attribute path : total
16:53:31.629 [main] DEBUG o.h.l.p.b.i.FetchStyleLoadPlanBuildingAssociationVisitationStrategy - Building LoadPlan...
16:53:31.630 [main] DEBUG o.h.l.p.e.i.LoadQueryJoinAndFetchProcessor - processing queryspace <gen:0>
16:53:31.630 [main] DEBUG o.h.l.p.b.spi.LoadPlanTreePrinter - LoadPlan(entity=com.fabiocompany.supermercadosdeltaplus.model.Detalleticket)
    - Returns
       - EntityReturnImpl(entity=com.fabiocompany.supermercadosdeltaplus.model.Detalleticket, querySpaceUid=<gen:0>, path=com.fabiocompany.supermercadosdeltaplus.model.Detalleticket)
          - EntityAttributeFetchImpl(entity=com.fabiocompany.supermercadosdeltaplus.model.Cabeceraticket, querySpaceUid=<gen:1>, path=com.fabiocompany.supermercadosdeltaplus.model.Detalleticket.cabeceraticket)
          - EntityAttributeFetchImpl(entity=com.fabiocompany.supermercadosdeltaplus.model.Tipodepago, querySpaceUid=<gen:2>, path=com.fabiocompany.supermercadosdeltaplus.model.Detalleticket.tipodepago)
    - QuerySpaces
       - EntityQuerySpaceImpl(uid=<gen:0>, entity=com.fabiocompany.supermercadosdeltaplus.model.Detalleticket)
          - SQL table alias mapping - detalletic0_
          - alias suffix - 0_
          - suffixed key columns - {iddetall1_2_0_}

16:53:31.630 [main] DEBUG o.h.loader.entity.plan.EntityLoader - Static select for entity com.fabiocompany.supermercadosdeltaplus.model.Detalleticket [UPGRADE_NOWAIT]: select detalletic0_.iddetalleticket as iddetall1_2_0_, detalletic0_.idticket as idticket7_2_0_, detalletic0_.cantidad as cantidad2_2_0_, detalletic0_.cantidadporproducto as cantidad3_2_0_, detalletic0_.montodepago as montodep4_2_0_, detalletic0_.subtotal as subtotal5_2_0_, detalletic0_.idtipodepago as idtipode8_2_0_, detalletic0_.total as total6_2_0_ from detalleticket detalletic0_ where detalletic0_.iddetalleticket=? for update
16:53:31.630 [main] DEBUG o.h.l.p.b.i.spaces.QuerySpacesImpl - Adding QuerySpace : uid = <gen:0> -> org.hibernate.loader.plan.build.internal.spaces.EntityQuerySpaceImpl@53dacd14]
16:53:31.630 [main] DEBUG o.h.p.w.spi.MetamodelGraphWalker - Visiting attribute path : cabeceraticket
16:53:31.630 [main] DEBUG o.h.l.p.b.i.spaces.QuerySpacesImpl - Adding QuerySpace : uid = <gen:1> -> org.hibernate.loader.plan.build.internal.spaces.EntityQuerySpaceImpl@2eced48b]
16:53:31.630 [main] DEBUG o.h.p.w.spi.MetamodelGraphWalker - Visiting attribute path : cantidad
16:53:31.630 [main] DEBUG o.h.p.w.spi.MetamodelGraphWalker - Visiting attribute path : cantidadporproducto
16:53:31.630 [main] DEBUG o.h.p.w.spi.MetamodelGraphWalker - Visiting attribute path : detalleofertas
16:53:31.630 [main] DEBUG o.h.p.w.spi.MetamodelGraphWalker - Visiting attribute path : montodepago
16:53:31.630 [main] DEBUG o.h.p.w.spi.MetamodelGraphWalker - Visiting attribute path : productos
16:53:31.631 [main] DEBUG o.h.p.w.spi.MetamodelGraphWalker - Visiting attribute path : subtotal
16:53:31.631 [main] DEBUG o.h.p.w.spi.MetamodelGraphWalker - Visiting attribute path : tipodepago
16:53:31.631 [main] DEBUG o.h.l.p.b.i.spaces.QuerySpacesImpl - Adding QuerySpace : uid = <gen:2> -> org.hibernate.loader.plan.build.internal.spaces.EntityQuerySpaceImpl@47c4ecdc]
16:53:31.631 [main] DEBUG o.h.p.w.spi.MetamodelGraphWalker - Visiting attribute path : total
16:53:31.631 [main] DEBUG o.h.l.p.b.i.FetchStyleLoadPlanBuildingAssociationVisitationStrategy - Building LoadPlan...
16:53:31.631 [main] DEBUG o.h.l.p.e.i.LoadQueryJoinAndFetchProcessor - processing queryspace <gen:0>
16:53:31.631 [main] DEBUG o.h.l.p.b.spi.LoadPlanTreePrinter - LoadPlan(entity=com.fabiocompany.supermercadosdeltaplus.model.Detalleticket)
    - Returns
       - EntityReturnImpl(entity=com.fabiocompany.supermercadosdeltaplus.model.Detalleticket, querySpaceUid=<gen:0>, path=com.fabiocompany.supermercadosdeltaplus.model.Detalleticket)
          - EntityAttributeFetchImpl(entity=com.fabiocompany.supermercadosdeltaplus.model.Cabeceraticket, querySpaceUid=<gen:1>, path=com.fabiocompany.supermercadosdeltaplus.model.Detalleticket.cabeceraticket)
          - EntityAttributeFetchImpl(entity=com.fabiocompany.supermercadosdeltaplus.model.Tipodepago, querySpaceUid=<gen:2>, path=com.fabiocompany.supermercadosdeltaplus.model.Detalleticket.tipodepago)
    - QuerySpaces
       - EntityQuerySpaceImpl(uid=<gen:0>, entity=com.fabiocompany.supermercadosdeltaplus.model.Detalleticket)
          - SQL table alias mapping - detalletic0_
          - alias suffix - 0_
          - suffixed key columns - {iddetall1_2_0_}

16:53:31.631 [main] DEBUG o.h.loader.entity.plan.EntityLoader - Static select for entity com.fabiocompany.supermercadosdeltaplus.model.Detalleticket [UPGRADE_SKIPLOCKED]: select detalletic0_.iddetalleticket as iddetall1_2_0_, detalletic0_.idticket as idticket7_2_0_, detalletic0_.cantidad as cantidad2_2_0_, detalletic0_.cantidadporproducto as cantidad3_2_0_, detalletic0_.montodepago as montodep4_2_0_, detalletic0_.subtotal as subtotal5_2_0_, detalletic0_.idtipodepago as idtipode8_2_0_, detalletic0_.total as total6_2_0_ from detalleticket detalletic0_ where detalletic0_.iddetalleticket=? for update
16:53:31.631 [main] DEBUG o.h.l.p.b.i.spaces.QuerySpacesImpl - Adding QuerySpace : uid = <gen:0> -> org.hibernate.loader.plan.build.internal.spaces.EntityQuerySpaceImpl@42f33b5d]
16:53:31.631 [main] DEBUG o.h.p.w.spi.MetamodelGraphWalker - Visiting attribute path : cabeceraticket
16:53:31.632 [main] DEBUG o.h.l.p.b.i.spaces.QuerySpacesImpl - Adding QuerySpace : uid = <gen:1> -> org.hibernate.loader.plan.build.internal.spaces.EntityQuerySpaceImpl@4b7e96a]
16:53:31.632 [main] DEBUG o.h.p.w.spi.MetamodelGraphWalker - Visiting attribute path : cantidad
16:53:31.632 [main] DEBUG o.h.p.w.spi.MetamodelGraphWalker - Visiting attribute path : cantidadporproducto
16:53:31.632 [main] DEBUG o.h.p.w.spi.MetamodelGraphWalker - Visiting attribute path : detalleofertas
16:53:31.632 [main] DEBUG o.h.p.w.spi.MetamodelGraphWalker - Visiting attribute path : montodepago
16:53:31.632 [main] DEBUG o.h.p.w.spi.MetamodelGraphWalker - Visiting attribute path : productos
16:53:31.632 [main] DEBUG o.h.p.w.spi.MetamodelGraphWalker - Visiting attribute path : subtotal
16:53:31.632 [main] DEBUG o.h.p.w.spi.MetamodelGraphWalker - Visiting attribute path : tipodepago
16:53:31.632 [main] DEBUG o.h.l.p.b.i.spaces.QuerySpacesImpl - Adding QuerySpace : uid = <gen:2> -> org.hibernate.loader.plan.build.internal.spaces.EntityQuerySpaceImpl@6475472c]
16:53:31.632 [main] DEBUG o.h.p.w.spi.MetamodelGraphWalker - Visiting attribute path : total
16:53:31.632 [main] DEBUG o.h.l.p.b.i.FetchStyleLoadPlanBuildingAssociationVisitationStrategy - Building LoadPlan...
16:53:31.632 [main] DEBUG o.h.l.p.e.i.LoadQueryJoinAndFetchProcessor - processing queryspace <gen:0>
16:53:31.633 [main] DEBUG o.h.l.p.b.spi.LoadPlanTreePrinter - LoadPlan(entity=com.fabiocompany.supermercadosdeltaplus.model.Detalleticket)
    - Returns
       - EntityReturnImpl(entity=com.fabiocompany.supermercadosdeltaplus.model.Detalleticket, querySpaceUid=<gen:0>, path=com.fabiocompany.supermercadosdeltaplus.model.Detalleticket)
          - EntityAttributeFetchImpl(entity=com.fabiocompany.supermercadosdeltaplus.model.Cabeceraticket, querySpaceUid=<gen:1>, path=com.fabiocompany.supermercadosdeltaplus.model.Detalleticket.cabeceraticket)
          - EntityAttributeFetchImpl(entity=com.fabiocompany.supermercadosdeltaplus.model.Tipodepago, querySpaceUid=<gen:2>, path=com.fabiocompany.supermercadosdeltaplus.model.Detalleticket.tipodepago)
    - QuerySpaces
       - EntityQuerySpaceImpl(uid=<gen:0>, entity=com.fabiocompany.supermercadosdeltaplus.model.Detalleticket)
          - SQL table alias mapping - detalletic0_
          - alias suffix - 0_
          - suffixed key columns - {iddetall1_2_0_}

16:53:31.633 [main] DEBUG o.h.loader.entity.plan.EntityLoader - Static select for entity com.fabiocompany.supermercadosdeltaplus.model.Detalleticket [FORCE]: select detalletic0_.iddetalleticket as iddetall1_2_0_, detalletic0_.idticket as idticket7_2_0_, detalletic0_.cantidad as cantidad2_2_0_, detalletic0_.cantidadporproducto as cantidad3_2_0_, detalletic0_.montodepago as montodep4_2_0_, detalletic0_.subtotal as subtotal5_2_0_, detalletic0_.idtipodepago as idtipode8_2_0_, detalletic0_.total as total6_2_0_ from detalleticket detalletic0_ where detalletic0_.iddetalleticket=? for update
16:53:31.633 [main] DEBUG o.h.l.p.b.i.spaces.QuerySpacesImpl - Adding QuerySpace : uid = <gen:0> -> org.hibernate.loader.plan.build.internal.spaces.EntityQuerySpaceImpl@3f07b12c]
16:53:31.633 [main] DEBUG o.h.p.w.spi.MetamodelGraphWalker - Visiting attribute path : cabeceraticket
16:53:31.633 [main] DEBUG o.h.l.p.b.i.spaces.QuerySpacesImpl - Adding QuerySpace : uid = <gen:1> -> org.hibernate.loader.plan.build.internal.spaces.EntityQuerySpaceImpl@7096b474]
16:53:31.633 [main] DEBUG o.h.p.w.spi.MetamodelGraphWalker - Visiting attribute path : cantidad
16:53:31.633 [main] DEBUG o.h.p.w.spi.MetamodelGraphWalker - Visiting attribute path : cantidadporproducto
16:53:31.633 [main] DEBUG o.h.p.w.spi.MetamodelGraphWalker - Visiting attribute path : detalleofertas
16:53:31.633 [main] DEBUG o.h.p.w.spi.MetamodelGraphWalker - Visiting attribute path : montodepago
16:53:31.633 [main] DEBUG o.h.p.w.spi.MetamodelGraphWalker - Visiting attribute path : productos
16:53:31.633 [main] DEBUG o.h.p.w.spi.MetamodelGraphWalker - Visiting attribute path : subtotal
16:53:31.633 [main] DEBUG o.h.p.w.spi.MetamodelGraphWalker - Visiting attribute path : tipodepago
16:53:31.633 [main] DEBUG o.h.l.p.b.i.spaces.QuerySpacesImpl - Adding QuerySpace : uid = <gen:2> -> org.hibernate.loader.plan.build.internal.spaces.EntityQuerySpaceImpl@3e14c16d]
16:53:31.633 [main] DEBUG o.h.p.w.spi.MetamodelGraphWalker - Visiting attribute path : total
16:53:31.633 [main] DEBUG o.h.l.p.b.i.FetchStyleLoadPlanBuildingAssociationVisitationStrategy - Building LoadPlan...
16:53:31.633 [main] DEBUG o.h.l.p.e.i.LoadQueryJoinAndFetchProcessor - processing queryspace <gen:0>
16:53:31.634 [main] DEBUG o.h.l.p.b.spi.LoadPlanTreePrinter - LoadPlan(entity=com.fabiocompany.supermercadosdeltaplus.model.Detalleticket)
    - Returns
       - EntityReturnImpl(entity=com.fabiocompany.supermercadosdeltaplus.model.Detalleticket, querySpaceUid=<gen:0>, path=com.fabiocompany.supermercadosdeltaplus.model.Detalleticket)
          - EntityAttributeFetchImpl(entity=com.fabiocompany.supermercadosdeltaplus.model.Cabeceraticket, querySpaceUid=<gen:1>, path=com.fabiocompany.supermercadosdeltaplus.model.Detalleticket.cabeceraticket)
          - EntityAttributeFetchImpl(entity=com.fabiocompany.supermercadosdeltaplus.model.Tipodepago, querySpaceUid=<gen:2>, path=com.fabiocompany.supermercadosdeltaplus.model.Detalleticket.tipodepago)
    - QuerySpaces
       - EntityQuerySpaceImpl(uid=<gen:0>, entity=com.fabiocompany.supermercadosdeltaplus.model.Detalleticket)
          - SQL table alias mapping - detalletic0_
          - alias suffix - 0_
          - suffixed key columns - {iddetall1_2_0_}

16:53:31.634 [main] DEBUG o.h.loader.entity.plan.EntityLoader - Static select for entity com.fabiocompany.supermercadosdeltaplus.model.Detalleticket [PESSIMISTIC_READ]: select detalletic0_.iddetalleticket as iddetall1_2_0_, detalletic0_.idticket as idticket7_2_0_, detalletic0_.cantidad as cantidad2_2_0_, detalletic0_.cantidadporproducto as cantidad3_2_0_, detalletic0_.montodepago as montodep4_2_0_, detalletic0_.subtotal as subtotal5_2_0_, detalletic0_.idtipodepago as idtipode8_2_0_, detalletic0_.total as total6_2_0_ from detalleticket detalletic0_ where detalletic0_.iddetalleticket=? lock in share mode
16:53:31.634 [main] DEBUG o.h.l.p.b.i.spaces.QuerySpacesImpl - Adding QuerySpace : uid = <gen:0> -> org.hibernate.loader.plan.build.internal.spaces.EntityQuerySpaceImpl@3c989952]
16:53:31.634 [main] DEBUG o.h.p.w.spi.MetamodelGraphWalker - Visiting attribute path : cabeceraticket
16:53:31.634 [main] DEBUG o.h.l.p.b.i.spaces.QuerySpacesImpl - Adding QuerySpace : uid = <gen:1> -> org.hibernate.loader.plan.build.internal.spaces.EntityQuerySpaceImpl@3d3ba765]
16:53:31.634 [main] DEBUG o.h.p.w.spi.MetamodelGraphWalker - Visiting attribute path : cantidad
16:53:31.634 [main] DEBUG o.h.p.w.spi.MetamodelGraphWalker - Visiting attribute path : cantidadporproducto
16:53:31.634 [main] DEBUG o.h.p.w.spi.MetamodelGraphWalker - Visiting attribute path : detalleofertas
16:53:31.634 [main] DEBUG o.h.p.w.spi.MetamodelGraphWalker - Visiting attribute path : montodepago
16:53:31.634 [main] DEBUG o.h.p.w.spi.MetamodelGraphWalker - Visiting attribute path : productos
16:53:31.634 [main] DEBUG o.h.p.w.spi.MetamodelGraphWalker - Visiting attribute path : subtotal
16:53:31.634 [main] DEBUG o.h.p.w.spi.MetamodelGraphWalker - Visiting attribute path : tipodepago
16:53:31.634 [main] DEBUG o.h.l.p.b.i.spaces.QuerySpacesImpl - Adding QuerySpace : uid = <gen:2> -> org.hibernate.loader.plan.build.internal.spaces.EntityQuerySpaceImpl@25bc0606]
16:53:31.634 [main] DEBUG o.h.p.w.spi.MetamodelGraphWalker - Visiting attribute path : total
16:53:31.634 [main] DEBUG o.h.l.p.b.i.FetchStyleLoadPlanBuildingAssociationVisitationStrategy - Building LoadPlan...
16:53:31.634 [main] DEBUG o.h.l.p.e.i.LoadQueryJoinAndFetchProcessor - processing queryspace <gen:0>
16:53:31.635 [main] DEBUG o.h.l.p.b.spi.LoadPlanTreePrinter - LoadPlan(entity=com.fabiocompany.supermercadosdeltaplus.model.Detalleticket)
    - Returns
       - EntityReturnImpl(entity=com.fabiocompany.supermercadosdeltaplus.model.Detalleticket, querySpaceUid=<gen:0>, path=com.fabiocompany.supermercadosdeltaplus.model.Detalleticket)
          - EntityAttributeFetchImpl(entity=com.fabiocompany.supermercadosdeltaplus.model.Cabeceraticket, querySpaceUid=<gen:1>, path=com.fabiocompany.supermercadosdeltaplus.model.Detalleticket.cabeceraticket)
          - EntityAttributeFetchImpl(entity=com.fabiocompany.supermercadosdeltaplus.model.Tipodepago, querySpaceUid=<gen:2>, path=com.fabiocompany.supermercadosdeltaplus.model.Detalleticket.tipodepago)
    - QuerySpaces
       - EntityQuerySpaceImpl(uid=<gen:0>, entity=com.fabiocompany.supermercadosdeltaplus.model.Detalleticket)
          - SQL table alias mapping - detalletic0_
          - alias suffix - 0_
          - suffixed key columns - {iddetall1_2_0_}

16:53:31.635 [main] DEBUG o.h.loader.entity.plan.EntityLoader - Static select for entity com.fabiocompany.supermercadosdeltaplus.model.Detalleticket [PESSIMISTIC_WRITE]: select detalletic0_.iddetalleticket as iddetall1_2_0_, detalletic0_.idticket as idticket7_2_0_, detalletic0_.cantidad as cantidad2_2_0_, detalletic0_.cantidadporproducto as cantidad3_2_0_, detalletic0_.montodepago as montodep4_2_0_, detalletic0_.subtotal as subtotal5_2_0_, detalletic0_.idtipodepago as idtipode8_2_0_, detalletic0_.total as total6_2_0_ from detalleticket detalletic0_ where detalletic0_.iddetalleticket=? for update
16:53:31.635 [main] DEBUG o.h.l.p.b.i.spaces.QuerySpacesImpl - Adding QuerySpace : uid = <gen:0> -> org.hibernate.loader.plan.build.internal.spaces.EntityQuerySpaceImpl@5d1659ea]
16:53:31.635 [main] DEBUG o.h.p.w.spi.MetamodelGraphWalker - Visiting attribute path : cabeceraticket
16:53:31.635 [main] DEBUG o.h.l.p.b.i.spaces.QuerySpacesImpl - Adding QuerySpace : uid = <gen:1> -> org.hibernate.loader.plan.build.internal.spaces.EntityQuerySpaceImpl@1951b871]
16:53:31.635 [main] DEBUG o.h.p.w.spi.MetamodelGraphWalker - Visiting attribute path : cantidad
16:53:31.635 [main] DEBUG o.h.p.w.spi.MetamodelGraphWalker - Visiting attribute path : cantidadporproducto
16:53:31.635 [main] DEBUG o.h.p.w.spi.MetamodelGraphWalker - Visiting attribute path : detalleofertas
16:53:31.635 [main] DEBUG o.h.p.w.spi.MetamodelGraphWalker - Visiting attribute path : montodepago
16:53:31.635 [main] DEBUG o.h.p.w.spi.MetamodelGraphWalker - Visiting attribute path : productos
16:53:31.635 [main] DEBUG o.h.p.w.spi.MetamodelGraphWalker - Visiting attribute path : subtotal
16:53:31.635 [main] DEBUG o.h.p.w.spi.MetamodelGraphWalker - Visiting attribute path : tipodepago
16:53:31.635 [main] DEBUG o.h.l.p.b.i.spaces.QuerySpacesImpl - Adding QuerySpace : uid = <gen:2> -> org.hibernate.loader.plan.build.internal.spaces.EntityQuerySpaceImpl@5c18016b]
16:53:31.635 [main] DEBUG o.h.p.w.spi.MetamodelGraphWalker - Visiting attribute path : total
16:53:31.635 [main] DEBUG o.h.l.p.b.i.FetchStyleLoadPlanBuildingAssociationVisitationStrategy - Building LoadPlan...
16:53:31.636 [main] DEBUG o.h.l.p.e.i.LoadQueryJoinAndFetchProcessor - processing queryspace <gen:0>
16:53:31.636 [main] DEBUG o.h.l.p.b.spi.LoadPlanTreePrinter - LoadPlan(entity=com.fabiocompany.supermercadosdeltaplus.model.Detalleticket)
    - Returns
       - EntityReturnImpl(entity=com.fabiocompany.supermercadosdeltaplus.model.Detalleticket, querySpaceUid=<gen:0>, path=com.fabiocompany.supermercadosdeltaplus.model.Detalleticket)
          - EntityAttributeFetchImpl(entity=com.fabiocompany.supermercadosdeltaplus.model.Cabeceraticket, querySpaceUid=<gen:1>, path=com.fabiocompany.supermercadosdeltaplus.model.Detalleticket.cabeceraticket)
          - EntityAttributeFetchImpl(entity=com.fabiocompany.supermercadosdeltaplus.model.Tipodepago, querySpaceUid=<gen:2>, path=com.fabiocompany.supermercadosdeltaplus.model.Detalleticket.tipodepago)
    - QuerySpaces
       - EntityQuerySpaceImpl(uid=<gen:0>, entity=com.fabiocompany.supermercadosdeltaplus.model.Detalleticket)
          - SQL table alias mapping - detalletic0_
          - alias suffix - 0_
          - suffixed key columns - {iddetall1_2_0_}

16:53:31.636 [main] DEBUG o.h.loader.entity.plan.EntityLoader - Static select for entity com.fabiocompany.supermercadosdeltaplus.model.Detalleticket [PESSIMISTIC_FORCE_INCREMENT]: select detalletic0_.iddetalleticket as iddetall1_2_0_, detalletic0_.idticket as idticket7_2_0_, detalletic0_.cantidad as cantidad2_2_0_, detalletic0_.cantidadporproducto as cantidad3_2_0_, detalletic0_.montodepago as montodep4_2_0_, detalletic0_.subtotal as subtotal5_2_0_, detalletic0_.idtipodepago as idtipode8_2_0_, detalletic0_.total as total6_2_0_ from detalleticket detalletic0_ where detalletic0_.iddetalleticket=? for update
16:53:31.636 [main] DEBUG o.h.l.p.b.i.spaces.QuerySpacesImpl - Adding QuerySpace : uid = <gen:0> -> org.hibernate.loader.plan.build.internal.spaces.EntityQuerySpaceImpl@33aeca0b]
16:53:31.636 [main] DEBUG o.h.p.w.spi.MetamodelGraphWalker - Visiting attribute path : cabeceraticket
16:53:31.637 [main] DEBUG o.h.l.p.b.i.spaces.QuerySpacesImpl - Adding QuerySpace : uid = <gen:1> -> org.hibernate.loader.plan.build.internal.spaces.EntityQuerySpaceImpl@57ac5227]
16:53:31.637 [main] DEBUG o.h.p.w.spi.MetamodelGraphWalker - Visiting attribute path : cantidad
16:53:31.637 [main] DEBUG o.h.p.w.spi.MetamodelGraphWalker - Visiting attribute path : cantidadporproducto
16:53:31.637 [main] DEBUG o.h.p.w.spi.MetamodelGraphWalker - Visiting attribute path : detalleofertas
16:53:31.637 [main] DEBUG o.h.p.w.spi.MetamodelGraphWalker - Visiting attribute path : montodepago
16:53:31.637 [main] DEBUG o.h.p.w.spi.MetamodelGraphWalker - Visiting attribute path : productos
16:53:31.637 [main] DEBUG o.h.p.w.spi.MetamodelGraphWalker - Visiting attribute path : subtotal
16:53:31.637 [main] DEBUG o.h.p.w.spi.MetamodelGraphWalker - Visiting attribute path : tipodepago
16:53:31.637 [main] DEBUG o.h.l.p.b.i.spaces.QuerySpacesImpl - Adding QuerySpace : uid = <gen:2> -> org.hibernate.loader.plan.build.internal.spaces.EntityQuerySpaceImpl@4ba302e0]
16:53:31.637 [main] DEBUG o.h.p.w.spi.MetamodelGraphWalker - Visiting attribute path : total
16:53:31.637 [main] DEBUG o.h.l.p.b.i.FetchStyleLoadPlanBuildingAssociationVisitationStrategy - Building LoadPlan...
16:53:31.637 [main] DEBUG o.h.l.p.e.i.LoadQueryJoinAndFetchProcessor - processing queryspace <gen:0>
16:53:31.638 [main] DEBUG o.h.l.p.b.spi.LoadPlanTreePrinter - LoadPlan(entity=com.fabiocompany.supermercadosdeltaplus.model.Detalleticket)
    - Returns
       - EntityReturnImpl(entity=com.fabiocompany.supermercadosdeltaplus.model.Detalleticket, querySpaceUid=<gen:0>, path=com.fabiocompany.supermercadosdeltaplus.model.Detalleticket)
          - EntityAttributeFetchImpl(entity=com.fabiocompany.supermercadosdeltaplus.model.Cabeceraticket, querySpaceUid=<gen:1>, path=com.fabiocompany.supermercadosdeltaplus.model.Detalleticket.cabeceraticket)
          - EntityAttributeFetchImpl(entity=com.fabiocompany.supermercadosdeltaplus.model.Tipodepago, querySpaceUid=<gen:2>, path=com.fabiocompany.supermercadosdeltaplus.model.Detalleticket.tipodepago)
    - QuerySpaces
       - EntityQuerySpaceImpl(uid=<gen:0>, entity=com.fabiocompany.supermercadosdeltaplus.model.Detalleticket)
          - SQL table alias mapping - detalletic0_
          - alias suffix - 0_
          - suffixed key columns - {iddetall1_2_0_}

16:53:31.638 [main] DEBUG o.h.loader.entity.plan.EntityLoader - Static select for entity com.fabiocompany.supermercadosdeltaplus.model.Detalleticket [OPTIMISTIC]: select detalletic0_.iddetalleticket as iddetall1_2_0_, detalletic0_.idticket as idticket7_2_0_, detalletic0_.cantidad as cantidad2_2_0_, detalletic0_.cantidadporproducto as cantidad3_2_0_, detalletic0_.montodepago as montodep4_2_0_, detalletic0_.subtotal as subtotal5_2_0_, detalletic0_.idtipodepago as idtipode8_2_0_, detalletic0_.total as total6_2_0_ from detalleticket detalletic0_ where detalletic0_.iddetalleticket=?
16:53:31.638 [main] DEBUG o.h.l.p.b.i.spaces.QuerySpacesImpl - Adding QuerySpace : uid = <gen:0> -> org.hibernate.loader.plan.build.internal.spaces.EntityQuerySpaceImpl@e98770d]
16:53:31.639 [main] DEBUG o.h.p.w.spi.MetamodelGraphWalker - Visiting attribute path : cabeceraticket
16:53:31.639 [main] DEBUG o.h.l.p.b.i.spaces.QuerySpacesImpl - Adding QuerySpace : uid = <gen:1> -> org.hibernate.loader.plan.build.internal.spaces.EntityQuerySpaceImpl@2f6e28bc]
16:53:31.639 [main] DEBUG o.h.p.w.spi.MetamodelGraphWalker - Visiting attribute path : cantidad
16:53:31.639 [main] DEBUG o.h.p.w.spi.MetamodelGraphWalker - Visiting attribute path : cantidadporproducto
16:53:31.639 [main] DEBUG o.h.p.w.spi.MetamodelGraphWalker - Visiting attribute path : detalleofertas
16:53:31.639 [main] DEBUG o.h.p.w.spi.MetamodelGraphWalker - Visiting attribute path : montodepago
16:53:31.639 [main] DEBUG o.h.p.w.spi.MetamodelGraphWalker - Visiting attribute path : productos
16:53:31.639 [main] DEBUG o.h.p.w.spi.MetamodelGraphWalker - Visiting attribute path : subtotal
16:53:31.639 [main] DEBUG o.h.p.w.spi.MetamodelGraphWalker - Visiting attribute path : tipodepago
16:53:31.639 [main] DEBUG o.h.l.p.b.i.spaces.QuerySpacesImpl - Adding QuerySpace : uid = <gen:2> -> org.hibernate.loader.plan.build.internal.spaces.EntityQuerySpaceImpl@7c098bb3]
16:53:31.639 [main] DEBUG o.h.p.w.spi.MetamodelGraphWalker - Visiting attribute path : total
16:53:31.639 [main] DEBUG o.h.l.p.b.i.FetchStyleLoadPlanBuildingAssociationVisitationStrategy - Building LoadPlan...
16:53:31.639 [main] DEBUG o.h.l.p.e.i.LoadQueryJoinAndFetchProcessor - processing queryspace <gen:0>
16:53:31.640 [main] DEBUG o.h.l.p.b.spi.LoadPlanTreePrinter - LoadPlan(entity=com.fabiocompany.supermercadosdeltaplus.model.Detalleticket)
    - Returns
       - EntityReturnImpl(entity=com.fabiocompany.supermercadosdeltaplus.model.Detalleticket, querySpaceUid=<gen:0>, path=com.fabiocompany.supermercadosdeltaplus.model.Detalleticket)
          - EntityAttributeFetchImpl(entity=com.fabiocompany.supermercadosdeltaplus.model.Cabeceraticket, querySpaceUid=<gen:1>, path=com.fabiocompany.supermercadosdeltaplus.model.Detalleticket.cabeceraticket)
          - EntityAttributeFetchImpl(entity=com.fabiocompany.supermercadosdeltaplus.model.Tipodepago, querySpaceUid=<gen:2>, path=com.fabiocompany.supermercadosdeltaplus.model.Detalleticket.tipodepago)
    - QuerySpaces
       - EntityQuerySpaceImpl(uid=<gen:0>, entity=com.fabiocompany.supermercadosdeltaplus.model.Detalleticket)
          - SQL table alias mapping - detalletic0_
          - alias suffix - 0_
          - suffixed key columns - {iddetall1_2_0_}

16:53:31.640 [main] DEBUG o.h.loader.entity.plan.EntityLoader - Static select for entity com.fabiocompany.supermercadosdeltaplus.model.Detalleticket [OPTIMISTIC_FORCE_INCREMENT]: select detalletic0_.iddetalleticket as iddetall1_2_0_, detalletic0_.idticket as idticket7_2_0_, detalletic0_.cantidad as cantidad2_2_0_, detalletic0_.cantidadporproducto as cantidad3_2_0_, detalletic0_.montodepago as montodep4_2_0_, detalletic0_.subtotal as subtotal5_2_0_, detalletic0_.idtipodepago as idtipode8_2_0_, detalletic0_.total as total6_2_0_ from detalleticket detalletic0_ where detalletic0_.iddetalleticket=?
16:53:31.641 [main] DEBUG org.hibernate.loader.Loader - Static select for action ACTION_MERGE on entity com.fabiocompany.supermercadosdeltaplus.model.Detalleticket: select detalletic0_.iddetalleticket as iddetall1_2_1_, detalletic0_.idticket as idticket7_2_1_, detalletic0_.cantidad as cantidad2_2_1_, detalletic0_.cantidadporproducto as cantidad3_2_1_, detalletic0_.montodepago as montodep4_2_1_, detalletic0_.subtotal as subtotal5_2_1_, detalletic0_.idtipodepago as idtipode8_2_1_, detalletic0_.total as total6_2_1_, detalleofe1_.iddetalleticket as iddetall1_2_3_, detalleofe2_.iddetalleoferta as iddetall2_6_3_, detalleofe2_.iddetalleoferta as iddetall1_1_0_, detalleofe2_.descripciondepromocion as descripc2_1_0_, detalleofe2_.montodedescuento as montoded3_1_0_ from detalleticket detalletic0_ left outer join ticketsyofertas detalleofe1_ on detalletic0_.iddetalleticket=detalleofe1_.iddetalleticket left outer join detalleoferta detalleofe2_ on detalleofe1_.iddetalleoferta=detalleofe2_.iddetalleoferta where detalletic0_.iddetalleticket=?
16:53:31.642 [main] DEBUG org.hibernate.loader.Loader - Static select for action ACTION_REFRESH on entity com.fabiocompany.supermercadosdeltaplus.model.Detalleticket: select detalletic0_.iddetalleticket as iddetall1_2_1_, detalletic0_.idticket as idticket7_2_1_, detalletic0_.cantidad as cantidad2_2_1_, detalletic0_.cantidadporproducto as cantidad3_2_1_, detalletic0_.montodepago as montodep4_2_1_, detalletic0_.subtotal as subtotal5_2_1_, detalletic0_.idtipodepago as idtipode8_2_1_, detalletic0_.total as total6_2_1_, detalleofe1_.iddetalleticket as iddetall1_2_3_, detalleofe2_.iddetalleoferta as iddetall2_6_3_, detalleofe2_.iddetalleoferta as iddetall1_1_0_, detalleofe2_.descripciondepromocion as descripc2_1_0_, detalleofe2_.montodedescuento as montoded3_1_0_ from detalleticket detalletic0_ left outer join ticketsyofertas detalleofe1_ on detalletic0_.iddetalleticket=detalleofe1_.iddetalleticket left outer join detalleoferta detalleofe2_ on detalleofe1_.iddetalleoferta=detalleofe2_.iddetalleoferta where detalletic0_.iddetalleticket=?
16:53:31.642 [main] DEBUG o.h.p.entity.AbstractEntityPersister - Static SQL for entity: com.fabiocompany.supermercadosdeltaplus.model.Tipodepago
16:53:31.642 [main] DEBUG o.h.p.entity.AbstractEntityPersister -  Version select: select idtipodepago from tipodepago where idtipodepago =?
16:53:31.642 [main] DEBUG o.h.p.entity.AbstractEntityPersister -  Snapshot select: select tipodepago_.idtipodepago, tipodepago_.descripciontipodepago as descripc2_8_ from tipodepago tipodepago_ where tipodepago_.idtipodepago=?
16:53:31.642 [main] DEBUG o.h.p.entity.AbstractEntityPersister -  Insert 0: insert into tipodepago (descripciontipodepago, idtipodepago) values (?, ?)
16:53:31.642 [main] DEBUG o.h.p.entity.AbstractEntityPersister -  Update 0: update tipodepago set descripciontipodepago=? where idtipodepago=?
16:53:31.642 [main] DEBUG o.h.p.entity.AbstractEntityPersister -  Delete 0: delete from tipodepago where idtipodepago=?
16:53:31.642 [main] DEBUG o.h.p.entity.AbstractEntityPersister -  Identity insert: insert into tipodepago (descripciontipodepago) values (?)
16:53:31.642 [main] DEBUG o.h.l.p.b.i.spaces.QuerySpacesImpl - Adding QuerySpace : uid = <gen:0> -> org.hibernate.loader.plan.build.internal.spaces.EntityQuerySpaceImpl@463b4ac8]
16:53:31.642 [main] DEBUG o.h.p.w.spi.MetamodelGraphWalker - Visiting attribute path : descripciontipodepago
16:53:31.643 [main] DEBUG o.h.p.w.spi.MetamodelGraphWalker - Visiting attribute path : detalletickets
16:53:31.643 [main] DEBUG o.h.p.w.spi.MetamodelGraphWalker - Visiting attribute path : tarjetas
16:53:31.643 [main] DEBUG o.h.l.p.b.i.FetchStyleLoadPlanBuildingAssociationVisitationStrategy - Building LoadPlan...
16:53:31.643 [main] DEBUG o.h.l.p.e.i.LoadQueryJoinAndFetchProcessor - processing queryspace <gen:0>
16:53:31.643 [main] DEBUG o.h.l.p.b.spi.LoadPlanTreePrinter - LoadPlan(entity=com.fabiocompany.supermercadosdeltaplus.model.Tipodepago)
    - Returns
       - EntityReturnImpl(entity=com.fabiocompany.supermercadosdeltaplus.model.Tipodepago, querySpaceUid=<gen:0>, path=com.fabiocompany.supermercadosdeltaplus.model.Tipodepago)
    - QuerySpaces
       - EntityQuerySpaceImpl(uid=<gen:0>, entity=com.fabiocompany.supermercadosdeltaplus.model.Tipodepago)
          - SQL table alias mapping - tipodepago0_
          - alias suffix - 0_
          - suffixed key columns - {idtipode1_8_0_}

16:53:31.643 [main] DEBUG o.h.loader.entity.plan.EntityLoader - Static select for entity com.fabiocompany.supermercadosdeltaplus.model.Tipodepago [NONE]: select tipodepago0_.idtipodepago as idtipode1_8_0_, tipodepago0_.descripciontipodepago as descripc2_8_0_ from tipodepago tipodepago0_ where tipodepago0_.idtipodepago=?
16:53:31.643 [main] DEBUG o.h.l.p.b.i.spaces.QuerySpacesImpl - Adding QuerySpace : uid = <gen:0> -> org.hibernate.loader.plan.build.internal.spaces.EntityQuerySpaceImpl@62f68dff]
16:53:31.644 [main] DEBUG o.h.p.w.spi.MetamodelGraphWalker - Visiting attribute path : descripciontipodepago
16:53:31.644 [main] DEBUG o.h.p.w.spi.MetamodelGraphWalker - Visiting attribute path : detalletickets
16:53:31.644 [main] DEBUG o.h.p.w.spi.MetamodelGraphWalker - Visiting attribute path : tarjetas
16:53:31.644 [main] DEBUG o.h.l.p.b.i.FetchStyleLoadPlanBuildingAssociationVisitationStrategy - Building LoadPlan...
16:53:31.644 [main] DEBUG o.h.l.p.e.i.LoadQueryJoinAndFetchProcessor - processing queryspace <gen:0>
16:53:31.644 [main] DEBUG o.h.l.p.b.spi.LoadPlanTreePrinter - LoadPlan(entity=com.fabiocompany.supermercadosdeltaplus.model.Tipodepago)
    - Returns
       - EntityReturnImpl(entity=com.fabiocompany.supermercadosdeltaplus.model.Tipodepago, querySpaceUid=<gen:0>, path=com.fabiocompany.supermercadosdeltaplus.model.Tipodepago)
    - QuerySpaces
       - EntityQuerySpaceImpl(uid=<gen:0>, entity=com.fabiocompany.supermercadosdeltaplus.model.Tipodepago)
          - SQL table alias mapping - tipodepago0_
          - alias suffix - 0_
          - suffixed key columns - {idtipode1_8_0_}

16:53:31.644 [main] DEBUG o.h.loader.entity.plan.EntityLoader - Static select for entity com.fabiocompany.supermercadosdeltaplus.model.Tipodepago [READ]: select tipodepago0_.idtipodepago as idtipode1_8_0_, tipodepago0_.descripciontipodepago as descripc2_8_0_ from tipodepago tipodepago0_ where tipodepago0_.idtipodepago=?
16:53:31.645 [main] DEBUG o.h.l.p.b.i.spaces.QuerySpacesImpl - Adding QuerySpace : uid = <gen:0> -> org.hibernate.loader.plan.build.internal.spaces.EntityQuerySpaceImpl@13f17eb4]
16:53:31.645 [main] DEBUG o.h.p.w.spi.MetamodelGraphWalker - Visiting attribute path : descripciontipodepago
16:53:31.645 [main] DEBUG o.h.p.w.spi.MetamodelGraphWalker - Visiting attribute path : detalletickets
16:53:31.645 [main] DEBUG o.h.p.w.spi.MetamodelGraphWalker - Visiting attribute path : tarjetas
16:53:31.645 [main] DEBUG o.h.l.p.b.i.FetchStyleLoadPlanBuildingAssociationVisitationStrategy - Building LoadPlan...
16:53:31.645 [main] DEBUG o.h.l.p.e.i.LoadQueryJoinAndFetchProcessor - processing queryspace <gen:0>
16:53:31.646 [main] DEBUG o.h.l.p.b.spi.LoadPlanTreePrinter - LoadPlan(entity=com.fabiocompany.supermercadosdeltaplus.model.Tipodepago)
    - Returns
       - EntityReturnImpl(entity=com.fabiocompany.supermercadosdeltaplus.model.Tipodepago, querySpaceUid=<gen:0>, path=com.fabiocompany.supermercadosdeltaplus.model.Tipodepago)
    - QuerySpaces
       - EntityQuerySpaceImpl(uid=<gen:0>, entity=com.fabiocompany.supermercadosdeltaplus.model.Tipodepago)
          - SQL table alias mapping - tipodepago0_
          - alias suffix - 0_
          - suffixed key columns - {idtipode1_8_0_}

16:53:31.646 [main] DEBUG o.h.loader.entity.plan.EntityLoader - Static select for entity com.fabiocompany.supermercadosdeltaplus.model.Tipodepago [UPGRADE]: select tipodepago0_.idtipodepago as idtipode1_8_0_, tipodepago0_.descripciontipodepago as descripc2_8_0_ from tipodepago tipodepago0_ where tipodepago0_.idtipodepago=? for update
16:53:31.646 [main] DEBUG o.h.l.p.b.i.spaces.QuerySpacesImpl - Adding QuerySpace : uid = <gen:0> -> org.hibernate.loader.plan.build.internal.spaces.EntityQuerySpaceImpl@4bc28c33]
16:53:31.646 [main] DEBUG o.h.p.w.spi.MetamodelGraphWalker - Visiting attribute path : descripciontipodepago
16:53:31.646 [main] DEBUG o.h.p.w.spi.MetamodelGraphWalker - Visiting attribute path : detalletickets
16:53:31.646 [main] DEBUG o.h.p.w.spi.MetamodelGraphWalker - Visiting attribute path : tarjetas
16:53:31.646 [main] DEBUG o.h.l.p.b.i.FetchStyleLoadPlanBuildingAssociationVisitationStrategy - Building LoadPlan...
16:53:31.650 [main] DEBUG o.h.l.p.e.i.LoadQueryJoinAndFetchProcessor - processing queryspace <gen:0>
16:53:31.651 [main] DEBUG o.h.l.p.b.spi.LoadPlanTreePrinter - LoadPlan(entity=com.fabiocompany.supermercadosdeltaplus.model.Tipodepago)
    - Returns
       - EntityReturnImpl(entity=com.fabiocompany.supermercadosdeltaplus.model.Tipodepago, querySpaceUid=<gen:0>, path=com.fabiocompany.supermercadosdeltaplus.model.Tipodepago)
    - QuerySpaces
       - EntityQuerySpaceImpl(uid=<gen:0>, entity=com.fabiocompany.supermercadosdeltaplus.model.Tipodepago)
          - SQL table alias mapping - tipodepago0_
          - alias suffix - 0_
          - suffixed key columns - {idtipode1_8_0_}

16:53:31.651 [main] DEBUG o.h.loader.entity.plan.EntityLoader - Static select for entity com.fabiocompany.supermercadosdeltaplus.model.Tipodepago [UPGRADE_NOWAIT]: select tipodepago0_.idtipodepago as idtipode1_8_0_, tipodepago0_.descripciontipodepago as descripc2_8_0_ from tipodepago tipodepago0_ where tipodepago0_.idtipodepago=? for update
16:53:31.651 [main] DEBUG o.h.l.p.b.i.spaces.QuerySpacesImpl - Adding QuerySpace : uid = <gen:0> -> org.hibernate.loader.plan.build.internal.spaces.EntityQuerySpaceImpl@5c153b9e]
16:53:31.651 [main] DEBUG o.h.p.w.spi.MetamodelGraphWalker - Visiting attribute path : descripciontipodepago
16:53:31.651 [main] DEBUG o.h.p.w.spi.MetamodelGraphWalker - Visiting attribute path : detalletickets
16:53:31.651 [main] DEBUG o.h.p.w.spi.MetamodelGraphWalker - Visiting attribute path : tarjetas
16:53:31.651 [main] DEBUG o.h.l.p.b.i.FetchStyleLoadPlanBuildingAssociationVisitationStrategy - Building LoadPlan...
16:53:31.652 [main] DEBUG o.h.l.p.e.i.LoadQueryJoinAndFetchProcessor - processing queryspace <gen:0>
16:53:31.652 [main] DEBUG o.h.l.p.b.spi.LoadPlanTreePrinter - LoadPlan(entity=com.fabiocompany.supermercadosdeltaplus.model.Tipodepago)
    - Returns
       - EntityReturnImpl(entity=com.fabiocompany.supermercadosdeltaplus.model.Tipodepago, querySpaceUid=<gen:0>, path=com.fabiocompany.supermercadosdeltaplus.model.Tipodepago)
    - QuerySpaces
       - EntityQuerySpaceImpl(uid=<gen:0>, entity=com.fabiocompany.supermercadosdeltaplus.model.Tipodepago)
          - SQL table alias mapping - tipodepago0_
          - alias suffix - 0_
          - suffixed key columns - {idtipode1_8_0_}

16:53:31.652 [main] DEBUG o.h.loader.entity.plan.EntityLoader - Static select for entity com.fabiocompany.supermercadosdeltaplus.model.Tipodepago [UPGRADE_SKIPLOCKED]: select tipodepago0_.idtipodepago as idtipode1_8_0_, tipodepago0_.descripciontipodepago as descripc2_8_0_ from tipodepago tipodepago0_ where tipodepago0_.idtipodepago=? for update
16:53:31.652 [main] DEBUG o.h.l.p.b.i.spaces.QuerySpacesImpl - Adding QuerySpace : uid = <gen:0> -> org.hibernate.loader.plan.build.internal.spaces.EntityQuerySpaceImpl@758a34ce]
16:53:31.652 [main] DEBUG o.h.p.w.spi.MetamodelGraphWalker - Visiting attribute path : descripciontipodepago
16:53:31.652 [main] DEBUG o.h.p.w.spi.MetamodelGraphWalker - Visiting attribute path : detalletickets
16:53:31.653 [main] DEBUG o.h.p.w.spi.MetamodelGraphWalker - Visiting attribute path : tarjetas
16:53:31.653 [main] DEBUG o.h.l.p.b.i.FetchStyleLoadPlanBuildingAssociationVisitationStrategy - Building LoadPlan...
16:53:31.653 [main] DEBUG o.h.l.p.e.i.LoadQueryJoinAndFetchProcessor - processing queryspace <gen:0>
16:53:31.653 [main] DEBUG o.h.l.p.b.spi.LoadPlanTreePrinter - LoadPlan(entity=com.fabiocompany.supermercadosdeltaplus.model.Tipodepago)
    - Returns
       - EntityReturnImpl(entity=com.fabiocompany.supermercadosdeltaplus.model.Tipodepago, querySpaceUid=<gen:0>, path=com.fabiocompany.supermercadosdeltaplus.model.Tipodepago)
    - QuerySpaces
       - EntityQuerySpaceImpl(uid=<gen:0>, entity=com.fabiocompany.supermercadosdeltaplus.model.Tipodepago)
          - SQL table alias mapping - tipodepago0_
          - alias suffix - 0_
          - suffixed key columns - {idtipode1_8_0_}

16:53:31.653 [main] DEBUG o.h.loader.entity.plan.EntityLoader - Static select for entity com.fabiocompany.supermercadosdeltaplus.model.Tipodepago [FORCE]: select tipodepago0_.idtipodepago as idtipode1_8_0_, tipodepago0_.descripciontipodepago as descripc2_8_0_ from tipodepago tipodepago0_ where tipodepago0_.idtipodepago=? for update
16:53:31.653 [main] DEBUG o.h.l.p.b.i.spaces.QuerySpacesImpl - Adding QuerySpace : uid = <gen:0> -> org.hibernate.loader.plan.build.internal.spaces.EntityQuerySpaceImpl@bff34c6]
16:53:31.653 [main] DEBUG o.h.p.w.spi.MetamodelGraphWalker - Visiting attribute path : descripciontipodepago
16:53:31.653 [main] DEBUG o.h.p.w.spi.MetamodelGraphWalker - Visiting attribute path : detalletickets
16:53:31.654 [main] DEBUG o.h.p.w.spi.MetamodelGraphWalker - Visiting attribute path : tarjetas
16:53:31.654 [main] DEBUG o.h.l.p.b.i.FetchStyleLoadPlanBuildingAssociationVisitationStrategy - Building LoadPlan...
16:53:31.654 [main] DEBUG o.h.l.p.e.i.LoadQueryJoinAndFetchProcessor - processing queryspace <gen:0>
16:53:31.654 [main] DEBUG o.h.l.p.b.spi.LoadPlanTreePrinter - LoadPlan(entity=com.fabiocompany.supermercadosdeltaplus.model.Tipodepago)
    - Returns
       - EntityReturnImpl(entity=com.fabiocompany.supermercadosdeltaplus.model.Tipodepago, querySpaceUid=<gen:0>, path=com.fabiocompany.supermercadosdeltaplus.model.Tipodepago)
    - QuerySpaces
       - EntityQuerySpaceImpl(uid=<gen:0>, entity=com.fabiocompany.supermercadosdeltaplus.model.Tipodepago)
          - SQL table alias mapping - tipodepago0_
          - alias suffix - 0_
          - suffixed key columns - {idtipode1_8_0_}

16:53:31.654 [main] DEBUG o.h.loader.entity.plan.EntityLoader - Static select for entity com.fabiocompany.supermercadosdeltaplus.model.Tipodepago [PESSIMISTIC_READ]: select tipodepago0_.idtipodepago as idtipode1_8_0_, tipodepago0_.descripciontipodepago as descripc2_8_0_ from tipodepago tipodepago0_ where tipodepago0_.idtipodepago=? lock in share mode
16:53:31.654 [main] DEBUG o.h.l.p.b.i.spaces.QuerySpacesImpl - Adding QuerySpace : uid = <gen:0> -> org.hibernate.loader.plan.build.internal.spaces.EntityQuerySpaceImpl@312ab28e]
16:53:31.654 [main] DEBUG o.h.p.w.spi.MetamodelGraphWalker - Visiting attribute path : descripciontipodepago
16:53:31.654 [main] DEBUG o.h.p.w.spi.MetamodelGraphWalker - Visiting attribute path : detalletickets
16:53:31.654 [main] DEBUG o.h.p.w.spi.MetamodelGraphWalker - Visiting attribute path : tarjetas
16:53:31.654 [main] DEBUG o.h.l.p.b.i.FetchStyleLoadPlanBuildingAssociationVisitationStrategy - Building LoadPlan...
16:53:31.655 [main] DEBUG o.h.l.p.e.i.LoadQueryJoinAndFetchProcessor - processing queryspace <gen:0>
16:53:31.655 [main] DEBUG o.h.l.p.b.spi.LoadPlanTreePrinter - LoadPlan(entity=com.fabiocompany.supermercadosdeltaplus.model.Tipodepago)
    - Returns
       - EntityReturnImpl(entity=com.fabiocompany.supermercadosdeltaplus.model.Tipodepago, querySpaceUid=<gen:0>, path=com.fabiocompany.supermercadosdeltaplus.model.Tipodepago)
    - QuerySpaces
       - EntityQuerySpaceImpl(uid=<gen:0>, entity=com.fabiocompany.supermercadosdeltaplus.model.Tipodepago)
          - SQL table alias mapping - tipodepago0_
          - alias suffix - 0_
          - suffixed key columns - {idtipode1_8_0_}

16:53:31.655 [main] DEBUG o.h.loader.entity.plan.EntityLoader - Static select for entity com.fabiocompany.supermercadosdeltaplus.model.Tipodepago [PESSIMISTIC_WRITE]: select tipodepago0_.idtipodepago as idtipode1_8_0_, tipodepago0_.descripciontipodepago as descripc2_8_0_ from tipodepago tipodepago0_ where tipodepago0_.idtipodepago=? for update
16:53:31.655 [main] DEBUG o.h.l.p.b.i.spaces.QuerySpacesImpl - Adding QuerySpace : uid = <gen:0> -> org.hibernate.loader.plan.build.internal.spaces.EntityQuerySpaceImpl@246f8b8b]
16:53:31.655 [main] DEBUG o.h.p.w.spi.MetamodelGraphWalker - Visiting attribute path : descripciontipodepago
16:53:31.655 [main] DEBUG o.h.p.w.spi.MetamodelGraphWalker - Visiting attribute path : detalletickets
16:53:31.655 [main] DEBUG o.h.p.w.spi.MetamodelGraphWalker - Visiting attribute path : tarjetas
16:53:31.655 [main] DEBUG o.h.l.p.b.i.FetchStyleLoadPlanBuildingAssociationVisitationStrategy - Building LoadPlan...
16:53:31.656 [main] DEBUG o.h.l.p.e.i.LoadQueryJoinAndFetchProcessor - processing queryspace <gen:0>
16:53:31.656 [main] DEBUG o.h.l.p.b.spi.LoadPlanTreePrinter - LoadPlan(entity=com.fabiocompany.supermercadosdeltaplus.model.Tipodepago)
    - Returns
       - EntityReturnImpl(entity=com.fabiocompany.supermercadosdeltaplus.model.Tipodepago, querySpaceUid=<gen:0>, path=com.fabiocompany.supermercadosdeltaplus.model.Tipodepago)
    - QuerySpaces
       - EntityQuerySpaceImpl(uid=<gen:0>, entity=com.fabiocompany.supermercadosdeltaplus.model.Tipodepago)
          - SQL table alias mapping - tipodepago0_
          - alias suffix - 0_
          - suffixed key columns - {idtipode1_8_0_}

16:53:31.656 [main] DEBUG o.h.loader.entity.plan.EntityLoader - Static select for entity com.fabiocompany.supermercadosdeltaplus.model.Tipodepago [PESSIMISTIC_FORCE_INCREMENT]: select tipodepago0_.idtipodepago as idtipode1_8_0_, tipodepago0_.descripciontipodepago as descripc2_8_0_ from tipodepago tipodepago0_ where tipodepago0_.idtipodepago=? for update
16:53:31.656 [main] DEBUG o.h.l.p.b.i.spaces.QuerySpacesImpl - Adding QuerySpace : uid = <gen:0> -> org.hibernate.loader.plan.build.internal.spaces.EntityQuerySpaceImpl@4351c8c3]
16:53:31.656 [main] DEBUG o.h.p.w.spi.MetamodelGraphWalker - Visiting attribute path : descripciontipodepago
16:53:31.656 [main] DEBUG o.h.p.w.spi.MetamodelGraphWalker - Visiting attribute path : detalletickets
16:53:31.657 [main] DEBUG o.h.p.w.spi.MetamodelGraphWalker - Visiting attribute path : tarjetas
16:53:31.657 [main] DEBUG o.h.l.p.b.i.FetchStyleLoadPlanBuildingAssociationVisitationStrategy - Building LoadPlan...
16:53:31.657 [main] DEBUG o.h.l.p.e.i.LoadQueryJoinAndFetchProcessor - processing queryspace <gen:0>
16:53:31.658 [main] DEBUG o.h.l.p.b.spi.LoadPlanTreePrinter - LoadPlan(entity=com.fabiocompany.supermercadosdeltaplus.model.Tipodepago)
    - Returns
       - EntityReturnImpl(entity=com.fabiocompany.supermercadosdeltaplus.model.Tipodepago, querySpaceUid=<gen:0>, path=com.fabiocompany.supermercadosdeltaplus.model.Tipodepago)
    - QuerySpaces
       - EntityQuerySpaceImpl(uid=<gen:0>, entity=com.fabiocompany.supermercadosdeltaplus.model.Tipodepago)
          - SQL table alias mapping - tipodepago0_
          - alias suffix - 0_
          - suffixed key columns - {idtipode1_8_0_}

16:53:31.658 [main] DEBUG o.h.loader.entity.plan.EntityLoader - Static select for entity com.fabiocompany.supermercadosdeltaplus.model.Tipodepago [OPTIMISTIC]: select tipodepago0_.idtipodepago as idtipode1_8_0_, tipodepago0_.descripciontipodepago as descripc2_8_0_ from tipodepago tipodepago0_ where tipodepago0_.idtipodepago=?
16:53:31.658 [main] DEBUG o.h.l.p.b.i.spaces.QuerySpacesImpl - Adding QuerySpace : uid = <gen:0> -> org.hibernate.loader.plan.build.internal.spaces.EntityQuerySpaceImpl@6bea52d4]
16:53:31.658 [main] DEBUG o.h.p.w.spi.MetamodelGraphWalker - Visiting attribute path : descripciontipodepago
16:53:31.658 [main] DEBUG o.h.p.w.spi.MetamodelGraphWalker - Visiting attribute path : detalletickets
16:53:31.658 [main] DEBUG o.h.p.w.spi.MetamodelGraphWalker - Visiting attribute path : tarjetas
16:53:31.658 [main] DEBUG o.h.l.p.b.i.FetchStyleLoadPlanBuildingAssociationVisitationStrategy - Building LoadPlan...
16:53:31.659 [main] DEBUG o.h.l.p.e.i.LoadQueryJoinAndFetchProcessor - processing queryspace <gen:0>
16:53:31.659 [main] DEBUG o.h.l.p.b.spi.LoadPlanTreePrinter - LoadPlan(entity=com.fabiocompany.supermercadosdeltaplus.model.Tipodepago)
    - Returns
       - EntityReturnImpl(entity=com.fabiocompany.supermercadosdeltaplus.model.Tipodepago, querySpaceUid=<gen:0>, path=com.fabiocompany.supermercadosdeltaplus.model.Tipodepago)
    - QuerySpaces
       - EntityQuerySpaceImpl(uid=<gen:0>, entity=com.fabiocompany.supermercadosdeltaplus.model.Tipodepago)
          - SQL table alias mapping - tipodepago0_
          - alias suffix - 0_
          - suffixed key columns - {idtipode1_8_0_}

16:53:31.659 [main] DEBUG o.h.loader.entity.plan.EntityLoader - Static select for entity com.fabiocompany.supermercadosdeltaplus.model.Tipodepago [OPTIMISTIC_FORCE_INCREMENT]: select tipodepago0_.idtipodepago as idtipode1_8_0_, tipodepago0_.descripciontipodepago as descripc2_8_0_ from tipodepago tipodepago0_ where tipodepago0_.idtipodepago=?
16:53:31.659 [main] DEBUG org.hibernate.loader.Loader - Static select for action ACTION_MERGE on entity com.fabiocompany.supermercadosdeltaplus.model.Tipodepago: select tipodepago0_.idtipodepago as idtipode1_8_1_, tipodepago0_.descripciontipodepago as descripc2_8_1_, detalletic1_.idtipodepago as idtipode8_8_3_, detalletic1_.iddetalleticket as iddetall1_2_3_, detalletic1_.iddetalleticket as iddetall1_2_0_, detalletic1_.idticket as idticket7_2_0_, detalletic1_.cantidad as cantidad2_2_0_, detalletic1_.cantidadporproducto as cantidad3_2_0_, detalletic1_.montodepago as montodep4_2_0_, detalletic1_.subtotal as subtotal5_2_0_, detalletic1_.idtipodepago as idtipode8_2_0_, detalletic1_.total as total6_2_0_ from tipodepago tipodepago0_ left outer join detalleticket detalletic1_ on tipodepago0_.idtipodepago=detalletic1_.idtipodepago where tipodepago0_.idtipodepago=?
16:53:31.660 [main] DEBUG org.hibernate.loader.Loader - Static select for action ACTION_REFRESH on entity com.fabiocompany.supermercadosdeltaplus.model.Tipodepago: select tipodepago0_.idtipodepago as idtipode1_8_1_, tipodepago0_.descripciontipodepago as descripc2_8_1_, detalletic1_.idtipodepago as idtipode8_8_3_, detalletic1_.iddetalleticket as iddetall1_2_3_, detalletic1_.iddetalleticket as iddetall1_2_0_, detalletic1_.idticket as idticket7_2_0_, detalletic1_.cantidad as cantidad2_2_0_, detalletic1_.cantidadporproducto as cantidad3_2_0_, detalletic1_.montodepago as montodep4_2_0_, detalletic1_.subtotal as subtotal5_2_0_, detalletic1_.idtipodepago as idtipode8_2_0_, detalletic1_.total as total6_2_0_ from tipodepago tipodepago0_ left outer join detalleticket detalletic1_ on tipodepago0_.idtipodepago=detalletic1_.idtipodepago where tipodepago0_.idtipodepago=?
16:53:31.660 [main] DEBUG o.h.p.entity.AbstractEntityPersister - Static SQL for entity: com.fabiocompany.supermercadosdeltaplus.model.Detalleoferta
16:53:31.660 [main] DEBUG o.h.p.entity.AbstractEntityPersister -  Version select: select iddetalleoferta from detalleoferta where iddetalleoferta =?
16:53:31.660 [main] DEBUG o.h.p.entity.AbstractEntityPersister -  Snapshot select: select detalleofe_.iddetalleoferta, detalleofe_.descripciondepromocion as descripc2_1_, detalleofe_.montodedescuento as montoded3_1_ from detalleoferta detalleofe_ where detalleofe_.iddetalleoferta=?
16:53:31.660 [main] DEBUG o.h.p.entity.AbstractEntityPersister -  Insert 0: insert into detalleoferta (descripciondepromocion, montodedescuento, iddetalleoferta) values (?, ?, ?)
16:53:31.660 [main] DEBUG o.h.p.entity.AbstractEntityPersister -  Update 0: update detalleoferta set descripciondepromocion=?, montodedescuento=? where iddetalleoferta=?
16:53:31.660 [main] DEBUG o.h.p.entity.AbstractEntityPersister -  Delete 0: delete from detalleoferta where iddetalleoferta=?
16:53:31.660 [main] DEBUG o.h.p.entity.AbstractEntityPersister -  Identity insert: insert into detalleoferta (descripciondepromocion, montodedescuento) values (?, ?)
16:53:31.660 [main] DEBUG o.h.l.p.b.i.spaces.QuerySpacesImpl - Adding QuerySpace : uid = <gen:0> -> org.hibernate.loader.plan.build.internal.spaces.EntityQuerySpaceImpl@5c42d2b7]
16:53:31.660 [main] DEBUG o.h.p.w.spi.MetamodelGraphWalker - Visiting attribute path : descripciondepromocion
16:53:31.661 [main] DEBUG o.h.p.w.spi.MetamodelGraphWalker - Visiting attribute path : detalletickets
16:53:31.661 [main] DEBUG o.h.p.w.spi.MetamodelGraphWalker - Visiting attribute path : montodedescuento
16:53:31.661 [main] DEBUG o.h.l.p.b.i.FetchStyleLoadPlanBuildingAssociationVisitationStrategy - Building LoadPlan...
16:53:31.661 [main] DEBUG o.h.l.p.e.i.LoadQueryJoinAndFetchProcessor - processing queryspace <gen:0>
16:53:31.662 [main] DEBUG o.h.l.p.b.spi.LoadPlanTreePrinter - LoadPlan(entity=com.fabiocompany.supermercadosdeltaplus.model.Detalleoferta)
    - Returns
       - EntityReturnImpl(entity=com.fabiocompany.supermercadosdeltaplus.model.Detalleoferta, querySpaceUid=<gen:0>, path=com.fabiocompany.supermercadosdeltaplus.model.Detalleoferta)
    - QuerySpaces
       - EntityQuerySpaceImpl(uid=<gen:0>, entity=com.fabiocompany.supermercadosdeltaplus.model.Detalleoferta)
          - SQL table alias mapping - detalleofe0_
          - alias suffix - 0_
          - suffixed key columns - {iddetall1_1_0_}

16:53:31.662 [main] DEBUG o.h.loader.entity.plan.EntityLoader - Static select for entity com.fabiocompany.supermercadosdeltaplus.model.Detalleoferta [NONE]: select detalleofe0_.iddetalleoferta as iddetall1_1_0_, detalleofe0_.descripciondepromocion as descripc2_1_0_, detalleofe0_.montodedescuento as montoded3_1_0_ from detalleoferta detalleofe0_ where detalleofe0_.iddetalleoferta=?
16:53:31.662 [main] DEBUG o.h.l.p.b.i.spaces.QuerySpacesImpl - Adding QuerySpace : uid = <gen:0> -> org.hibernate.loader.plan.build.internal.spaces.EntityQuerySpaceImpl@5b1f29fa]
16:53:31.662 [main] DEBUG o.h.p.w.spi.MetamodelGraphWalker - Visiting attribute path : descripciondepromocion
16:53:31.662 [main] DEBUG o.h.p.w.spi.MetamodelGraphWalker - Visiting attribute path : detalletickets
16:53:31.662 [main] DEBUG o.h.p.w.spi.MetamodelGraphWalker - Visiting attribute path : montodedescuento
16:53:31.663 [main] DEBUG o.h.l.p.b.i.FetchStyleLoadPlanBuildingAssociationVisitationStrategy - Building LoadPlan...
16:53:31.663 [main] DEBUG o.h.l.p.e.i.LoadQueryJoinAndFetchProcessor - processing queryspace <gen:0>
16:53:31.663 [main] DEBUG o.h.l.p.b.spi.LoadPlanTreePrinter - LoadPlan(entity=com.fabiocompany.supermercadosdeltaplus.model.Detalleoferta)
    - Returns
       - EntityReturnImpl(entity=com.fabiocompany.supermercadosdeltaplus.model.Detalleoferta, querySpaceUid=<gen:0>, path=com.fabiocompany.supermercadosdeltaplus.model.Detalleoferta)
    - QuerySpaces
       - EntityQuerySpaceImpl(uid=<gen:0>, entity=com.fabiocompany.supermercadosdeltaplus.model.Detalleoferta)
          - SQL table alias mapping - detalleofe0_
          - alias suffix - 0_
          - suffixed key columns - {iddetall1_1_0_}

16:53:31.663 [main] DEBUG o.h.loader.entity.plan.EntityLoader - Static select for entity com.fabiocompany.supermercadosdeltaplus.model.Detalleoferta [READ]: select detalleofe0_.iddetalleoferta as iddetall1_1_0_, detalleofe0_.descripciondepromocion as descripc2_1_0_, detalleofe0_.montodedescuento as montoded3_1_0_ from detalleoferta detalleofe0_ where detalleofe0_.iddetalleoferta=?
16:53:31.663 [main] DEBUG o.h.l.p.b.i.spaces.QuerySpacesImpl - Adding QuerySpace : uid = <gen:0> -> org.hibernate.loader.plan.build.internal.spaces.EntityQuerySpaceImpl@40f70521]
16:53:31.664 [main] DEBUG o.h.p.w.spi.MetamodelGraphWalker - Visiting attribute path : descripciondepromocion
16:53:31.664 [main] DEBUG o.h.p.w.spi.MetamodelGraphWalker - Visiting attribute path : detalletickets
16:53:31.664 [main] DEBUG o.h.p.w.spi.MetamodelGraphWalker - Visiting attribute path : montodedescuento
16:53:31.664 [main] DEBUG o.h.l.p.b.i.FetchStyleLoadPlanBuildingAssociationVisitationStrategy - Building LoadPlan...
16:53:31.664 [main] DEBUG o.h.l.p.e.i.LoadQueryJoinAndFetchProcessor - processing queryspace <gen:0>
16:53:31.664 [main] DEBUG o.h.l.p.b.spi.LoadPlanTreePrinter - LoadPlan(entity=com.fabiocompany.supermercadosdeltaplus.model.Detalleoferta)
    - Returns
       - EntityReturnImpl(entity=com.fabiocompany.supermercadosdeltaplus.model.Detalleoferta, querySpaceUid=<gen:0>, path=com.fabiocompany.supermercadosdeltaplus.model.Detalleoferta)
    - QuerySpaces
       - EntityQuerySpaceImpl(uid=<gen:0>, entity=com.fabiocompany.supermercadosdeltaplus.model.Detalleoferta)
          - SQL table alias mapping - detalleofe0_
          - alias suffix - 0_
          - suffixed key columns - {iddetall1_1_0_}

16:53:31.664 [main] DEBUG o.h.loader.entity.plan.EntityLoader - Static select for entity com.fabiocompany.supermercadosdeltaplus.model.Detalleoferta [UPGRADE]: select detalleofe0_.iddetalleoferta as iddetall1_1_0_, detalleofe0_.descripciondepromocion as descripc2_1_0_, detalleofe0_.montodedescuento as montoded3_1_0_ from detalleoferta detalleofe0_ where detalleofe0_.iddetalleoferta=? for update
16:53:31.665 [main] DEBUG o.h.l.p.b.i.spaces.QuerySpacesImpl - Adding QuerySpace : uid = <gen:0> -> org.hibernate.loader.plan.build.internal.spaces.EntityQuerySpaceImpl@55342f40]
16:53:31.665 [main] DEBUG o.h.p.w.spi.MetamodelGraphWalker - Visiting attribute path : descripciondepromocion
16:53:31.665 [main] DEBUG o.h.p.w.spi.MetamodelGraphWalker - Visiting attribute path : detalletickets
16:53:31.665 [main] DEBUG o.h.p.w.spi.MetamodelGraphWalker - Visiting attribute path : montodedescuento
16:53:31.665 [main] DEBUG o.h.l.p.b.i.FetchStyleLoadPlanBuildingAssociationVisitationStrategy - Building LoadPlan...
16:53:31.665 [main] DEBUG o.h.l.p.e.i.LoadQueryJoinAndFetchProcessor - processing queryspace <gen:0>
16:53:31.665 [main] DEBUG o.h.l.p.b.spi.LoadPlanTreePrinter - LoadPlan(entity=com.fabiocompany.supermercadosdeltaplus.model.Detalleoferta)
    - Returns
       - EntityReturnImpl(entity=com.fabiocompany.supermercadosdeltaplus.model.Detalleoferta, querySpaceUid=<gen:0>, path=com.fabiocompany.supermercadosdeltaplus.model.Detalleoferta)
    - QuerySpaces
       - EntityQuerySpaceImpl(uid=<gen:0>, entity=com.fabiocompany.supermercadosdeltaplus.model.Detalleoferta)
          - SQL table alias mapping - detalleofe0_
          - alias suffix - 0_
          - suffixed key columns - {iddetall1_1_0_}

16:53:31.665 [main] DEBUG o.h.loader.entity.plan.EntityLoader - Static select for entity com.fabiocompany.supermercadosdeltaplus.model.Detalleoferta [UPGRADE_NOWAIT]: select detalleofe0_.iddetalleoferta as iddetall1_1_0_, detalleofe0_.descripciondepromocion as descripc2_1_0_, detalleofe0_.montodedescuento as montoded3_1_0_ from detalleoferta detalleofe0_ where detalleofe0_.iddetalleoferta=? for update
16:53:31.666 [main] DEBUG o.h.l.p.b.i.spaces.QuerySpacesImpl - Adding QuerySpace : uid = <gen:0> -> org.hibernate.loader.plan.build.internal.spaces.EntityQuerySpaceImpl@72ea6193]
16:53:31.666 [main] DEBUG o.h.p.w.spi.MetamodelGraphWalker - Visiting attribute path : descripciondepromocion
16:53:31.666 [main] DEBUG o.h.p.w.spi.MetamodelGraphWalker - Visiting attribute path : detalletickets
16:53:31.666 [main] DEBUG o.h.p.w.spi.MetamodelGraphWalker - Visiting attribute path : montodedescuento
16:53:31.666 [main] DEBUG o.h.l.p.b.i.FetchStyleLoadPlanBuildingAssociationVisitationStrategy - Building LoadPlan...
16:53:31.666 [main] DEBUG o.h.l.p.e.i.LoadQueryJoinAndFetchProcessor - processing queryspace <gen:0>
16:53:31.667 [main] DEBUG o.h.l.p.b.spi.LoadPlanTreePrinter - LoadPlan(entity=com.fabiocompany.supermercadosdeltaplus.model.Detalleoferta)
    - Returns
       - EntityReturnImpl(entity=com.fabiocompany.supermercadosdeltaplus.model.Detalleoferta, querySpaceUid=<gen:0>, path=com.fabiocompany.supermercadosdeltaplus.model.Detalleoferta)
    - QuerySpaces
       - EntityQuerySpaceImpl(uid=<gen:0>, entity=com.fabiocompany.supermercadosdeltaplus.model.Detalleoferta)
          - SQL table alias mapping - detalleofe0_
          - alias suffix - 0_
          - suffixed key columns - {iddetall1_1_0_}

16:53:31.667 [main] DEBUG o.h.loader.entity.plan.EntityLoader - Static select for entity com.fabiocompany.supermercadosdeltaplus.model.Detalleoferta [UPGRADE_SKIPLOCKED]: select detalleofe0_.iddetalleoferta as iddetall1_1_0_, detalleofe0_.descripciondepromocion as descripc2_1_0_, detalleofe0_.montodedescuento as montoded3_1_0_ from detalleoferta detalleofe0_ where detalleofe0_.iddetalleoferta=? for update
16:53:31.667 [main] DEBUG o.h.l.p.b.i.spaces.QuerySpacesImpl - Adding QuerySpace : uid = <gen:0> -> org.hibernate.loader.plan.build.internal.spaces.EntityQuerySpaceImpl@45905bff]
16:53:31.667 [main] DEBUG o.h.p.w.spi.MetamodelGraphWalker - Visiting attribute path : descripciondepromocion
16:53:31.667 [main] DEBUG o.h.p.w.spi.MetamodelGraphWalker - Visiting attribute path : detalletickets
16:53:31.668 [main] DEBUG o.h.p.w.spi.MetamodelGraphWalker - Visiting attribute path : montodedescuento
16:53:31.668 [main] DEBUG o.h.l.p.b.i.FetchStyleLoadPlanBuildingAssociationVisitationStrategy - Building LoadPlan...
16:53:31.668 [main] DEBUG o.h.l.p.e.i.LoadQueryJoinAndFetchProcessor - processing queryspace <gen:0>
16:53:31.668 [main] DEBUG o.h.l.p.b.spi.LoadPlanTreePrinter - LoadPlan(entity=com.fabiocompany.supermercadosdeltaplus.model.Detalleoferta)
    - Returns
       - EntityReturnImpl(entity=com.fabiocompany.supermercadosdeltaplus.model.Detalleoferta, querySpaceUid=<gen:0>, path=com.fabiocompany.supermercadosdeltaplus.model.Detalleoferta)
    - QuerySpaces
       - EntityQuerySpaceImpl(uid=<gen:0>, entity=com.fabiocompany.supermercadosdeltaplus.model.Detalleoferta)
          - SQL table alias mapping - detalleofe0_
          - alias suffix - 0_
          - suffixed key columns - {iddetall1_1_0_}

16:53:31.668 [main] DEBUG o.h.loader.entity.plan.EntityLoader - Static select for entity com.fabiocompany.supermercadosdeltaplus.model.Detalleoferta [FORCE]: select detalleofe0_.iddetalleoferta as iddetall1_1_0_, detalleofe0_.descripciondepromocion as descripc2_1_0_, detalleofe0_.montodedescuento as montoded3_1_0_ from detalleoferta detalleofe0_ where detalleofe0_.iddetalleoferta=? for update
16:53:31.668 [main] DEBUG o.h.l.p.b.i.spaces.QuerySpacesImpl - Adding QuerySpace : uid = <gen:0> -> org.hibernate.loader.plan.build.internal.spaces.EntityQuerySpaceImpl@b6b1987]
16:53:31.669 [main] DEBUG o.h.p.w.spi.MetamodelGraphWalker - Visiting attribute path : descripciondepromocion
16:53:31.669 [main] DEBUG o.h.p.w.spi.MetamodelGraphWalker - Visiting attribute path : detalletickets
16:53:31.669 [main] DEBUG o.h.p.w.spi.MetamodelGraphWalker - Visiting attribute path : montodedescuento
16:53:31.669 [main] DEBUG o.h.l.p.b.i.FetchStyleLoadPlanBuildingAssociationVisitationStrategy - Building LoadPlan...
16:53:31.669 [main] DEBUG o.h.l.p.e.i.LoadQueryJoinAndFetchProcessor - processing queryspace <gen:0>
16:53:31.669 [main] DEBUG o.h.l.p.b.spi.LoadPlanTreePrinter - LoadPlan(entity=com.fabiocompany.supermercadosdeltaplus.model.Detalleoferta)
    - Returns
       - EntityReturnImpl(entity=com.fabiocompany.supermercadosdeltaplus.model.Detalleoferta, querySpaceUid=<gen:0>, path=com.fabiocompany.supermercadosdeltaplus.model.Detalleoferta)
    - QuerySpaces
       - EntityQuerySpaceImpl(uid=<gen:0>, entity=com.fabiocompany.supermercadosdeltaplus.model.Detalleoferta)
          - SQL table alias mapping - detalleofe0_
          - alias suffix - 0_
          - suffixed key columns - {iddetall1_1_0_}

16:53:31.669 [main] DEBUG o.h.loader.entity.plan.EntityLoader - Static select for entity com.fabiocompany.supermercadosdeltaplus.model.Detalleoferta [PESSIMISTIC_READ]: select detalleofe0_.iddetalleoferta as iddetall1_1_0_, detalleofe0_.descripciondepromocion as descripc2_1_0_, detalleofe0_.montodedescuento as montoded3_1_0_ from detalleoferta detalleofe0_ where detalleofe0_.iddetalleoferta=? lock in share mode
16:53:31.670 [main] DEBUG o.h.l.p.b.i.spaces.QuerySpacesImpl - Adding QuerySpace : uid = <gen:0> -> org.hibernate.loader.plan.build.internal.spaces.EntityQuerySpaceImpl@2ccca26f]
16:53:31.670 [main] DEBUG o.h.p.w.spi.MetamodelGraphWalker - Visiting attribute path : descripciondepromocion
16:53:31.670 [main] DEBUG o.h.p.w.spi.MetamodelGraphWalker - Visiting attribute path : detalletickets
16:53:31.670 [main] DEBUG o.h.p.w.spi.MetamodelGraphWalker - Visiting attribute path : montodedescuento
16:53:31.670 [main] DEBUG o.h.l.p.b.i.FetchStyleLoadPlanBuildingAssociationVisitationStrategy - Building LoadPlan...
16:53:31.670 [main] DEBUG o.h.l.p.e.i.LoadQueryJoinAndFetchProcessor - processing queryspace <gen:0>
16:53:31.671 [main] DEBUG o.h.l.p.b.spi.LoadPlanTreePrinter - LoadPlan(entity=com.fabiocompany.supermercadosdeltaplus.model.Detalleoferta)
    - Returns
       - EntityReturnImpl(entity=com.fabiocompany.supermercadosdeltaplus.model.Detalleoferta, querySpaceUid=<gen:0>, path=com.fabiocompany.supermercadosdeltaplus.model.Detalleoferta)
    - QuerySpaces
       - EntityQuerySpaceImpl(uid=<gen:0>, entity=com.fabiocompany.supermercadosdeltaplus.model.Detalleoferta)
          - SQL table alias mapping - detalleofe0_
          - alias suffix - 0_
          - suffixed key columns - {iddetall1_1_0_}

16:53:31.671 [main] DEBUG o.h.loader.entity.plan.EntityLoader - Static select for entity com.fabiocompany.supermercadosdeltaplus.model.Detalleoferta [PESSIMISTIC_WRITE]: select detalleofe0_.iddetalleoferta as iddetall1_1_0_, detalleofe0_.descripciondepromocion as descripc2_1_0_, detalleofe0_.montodedescuento as montoded3_1_0_ from detalleoferta detalleofe0_ where detalleofe0_.iddetalleoferta=? for update
16:53:31.671 [main] DEBUG o.h.l.p.b.i.spaces.QuerySpacesImpl - Adding QuerySpace : uid = <gen:0> -> org.hibernate.loader.plan.build.internal.spaces.EntityQuerySpaceImpl@3543df7d]
16:53:31.671 [main] DEBUG o.h.p.w.spi.MetamodelGraphWalker - Visiting attribute path : descripciondepromocion
16:53:31.671 [main] DEBUG o.h.p.w.spi.MetamodelGraphWalker - Visiting attribute path : detalletickets
16:53:31.671 [main] DEBUG o.h.p.w.spi.MetamodelGraphWalker - Visiting attribute path : montodedescuento
16:53:31.671 [main] DEBUG o.h.l.p.b.i.FetchStyleLoadPlanBuildingAssociationVisitationStrategy - Building LoadPlan...
16:53:31.671 [main] DEBUG o.h.l.p.e.i.LoadQueryJoinAndFetchProcessor - processing queryspace <gen:0>
16:53:31.672 [main] DEBUG o.h.l.p.b.spi.LoadPlanTreePrinter - LoadPlan(entity=com.fabiocompany.supermercadosdeltaplus.model.Detalleoferta)
    - Returns
       - EntityReturnImpl(entity=com.fabiocompany.supermercadosdeltaplus.model.Detalleoferta, querySpaceUid=<gen:0>, path=com.fabiocompany.supermercadosdeltaplus.model.Detalleoferta)
    - QuerySpaces
       - EntityQuerySpaceImpl(uid=<gen:0>, entity=com.fabiocompany.supermercadosdeltaplus.model.Detalleoferta)
          - SQL table alias mapping - detalleofe0_
          - alias suffix - 0_
          - suffixed key columns - {iddetall1_1_0_}

16:53:31.672 [main] DEBUG o.h.loader.entity.plan.EntityLoader - Static select for entity com.fabiocompany.supermercadosdeltaplus.model.Detalleoferta [PESSIMISTIC_FORCE_INCREMENT]: select detalleofe0_.iddetalleoferta as iddetall1_1_0_, detalleofe0_.descripciondepromocion as descripc2_1_0_, detalleofe0_.montodedescuento as montoded3_1_0_ from detalleoferta detalleofe0_ where detalleofe0_.iddetalleoferta=? for update
16:53:31.672 [main] DEBUG o.h.l.p.b.i.spaces.QuerySpacesImpl - Adding QuerySpace : uid = <gen:0> -> org.hibernate.loader.plan.build.internal.spaces.EntityQuerySpaceImpl@3542162a]
16:53:31.672 [main] DEBUG o.h.p.w.spi.MetamodelGraphWalker - Visiting attribute path : descripciondepromocion
16:53:31.672 [main] DEBUG o.h.p.w.spi.MetamodelGraphWalker - Visiting attribute path : detalletickets
16:53:31.672 [main] DEBUG o.h.p.w.spi.MetamodelGraphWalker - Visiting attribute path : montodedescuento
16:53:31.672 [main] DEBUG o.h.l.p.b.i.FetchStyleLoadPlanBuildingAssociationVisitationStrategy - Building LoadPlan...
16:53:31.673 [main] DEBUG o.h.l.p.e.i.LoadQueryJoinAndFetchProcessor - processing queryspace <gen:0>
16:53:31.673 [main] DEBUG o.h.l.p.b.spi.LoadPlanTreePrinter - LoadPlan(entity=com.fabiocompany.supermercadosdeltaplus.model.Detalleoferta)
    - Returns
       - EntityReturnImpl(entity=com.fabiocompany.supermercadosdeltaplus.model.Detalleoferta, querySpaceUid=<gen:0>, path=com.fabiocompany.supermercadosdeltaplus.model.Detalleoferta)
    - QuerySpaces
       - EntityQuerySpaceImpl(uid=<gen:0>, entity=com.fabiocompany.supermercadosdeltaplus.model.Detalleoferta)
          - SQL table alias mapping - detalleofe0_
          - alias suffix - 0_
          - suffixed key columns - {iddetall1_1_0_}

16:53:31.673 [main] DEBUG o.h.loader.entity.plan.EntityLoader - Static select for entity com.fabiocompany.supermercadosdeltaplus.model.Detalleoferta [OPTIMISTIC]: select detalleofe0_.iddetalleoferta as iddetall1_1_0_, detalleofe0_.descripciondepromocion as descripc2_1_0_, detalleofe0_.montodedescuento as montoded3_1_0_ from detalleoferta detalleofe0_ where detalleofe0_.iddetalleoferta=?
16:53:31.673 [main] DEBUG o.h.l.p.b.i.spaces.QuerySpacesImpl - Adding QuerySpace : uid = <gen:0> -> org.hibernate.loader.plan.build.internal.spaces.EntityQuerySpaceImpl@4212a0c8]
16:53:31.673 [main] DEBUG o.h.p.w.spi.MetamodelGraphWalker - Visiting attribute path : descripciondepromocion
16:53:31.673 [main] DEBUG o.h.p.w.spi.MetamodelGraphWalker - Visiting attribute path : detalletickets
16:53:31.673 [main] DEBUG o.h.p.w.spi.MetamodelGraphWalker - Visiting attribute path : montodedescuento
16:53:31.673 [main] DEBUG o.h.l.p.b.i.FetchStyleLoadPlanBuildingAssociationVisitationStrategy - Building LoadPlan...
16:53:31.674 [main] DEBUG o.h.l.p.e.i.LoadQueryJoinAndFetchProcessor - processing queryspace <gen:0>
16:53:31.674 [main] DEBUG o.h.l.p.b.spi.LoadPlanTreePrinter - LoadPlan(entity=com.fabiocompany.supermercadosdeltaplus.model.Detalleoferta)
    - Returns
       - EntityReturnImpl(entity=com.fabiocompany.supermercadosdeltaplus.model.Detalleoferta, querySpaceUid=<gen:0>, path=com.fabiocompany.supermercadosdeltaplus.model.Detalleoferta)
    - QuerySpaces
       - EntityQuerySpaceImpl(uid=<gen:0>, entity=com.fabiocompany.supermercadosdeltaplus.model.Detalleoferta)
          - SQL table alias mapping - detalleofe0_
          - alias suffix - 0_
          - suffixed key columns - {iddetall1_1_0_}

16:53:31.674 [main] DEBUG o.h.loader.entity.plan.EntityLoader - Static select for entity com.fabiocompany.supermercadosdeltaplus.model.Detalleoferta [OPTIMISTIC_FORCE_INCREMENT]: select detalleofe0_.iddetalleoferta as iddetall1_1_0_, detalleofe0_.descripciondepromocion as descripc2_1_0_, detalleofe0_.montodedescuento as montoded3_1_0_ from detalleoferta detalleofe0_ where detalleofe0_.iddetalleoferta=?
16:53:31.675 [main] DEBUG org.hibernate.loader.Loader - Static select for action ACTION_MERGE on entity com.fabiocompany.supermercadosdeltaplus.model.Detalleoferta: select detalleofe0_.iddetalleoferta as iddetall1_1_1_, detalleofe0_.descripciondepromocion as descripc2_1_1_, detalleofe0_.montodedescuento as montoded3_1_1_, detalletic1_.iddetalleoferta as iddetall2_1_3_, detalletic2_.iddetalleticket as iddetall1_6_3_, detalletic2_.iddetalleticket as iddetall1_2_0_, detalletic2_.idticket as idticket7_2_0_, detalletic2_.cantidad as cantidad2_2_0_, detalletic2_.cantidadporproducto as cantidad3_2_0_, detalletic2_.montodepago as montodep4_2_0_, detalletic2_.subtotal as subtotal5_2_0_, detalletic2_.idtipodepago as idtipode8_2_0_, detalletic2_.total as total6_2_0_ from detalleoferta detalleofe0_ left outer join ticketsyofertas detalletic1_ on detalleofe0_.iddetalleoferta=detalletic1_.iddetalleoferta left outer join detalleticket detalletic2_ on detalletic1_.iddetalleticket=detalletic2_.iddetalleticket where detalleofe0_.iddetalleoferta=?
16:53:31.675 [main] DEBUG org.hibernate.loader.Loader - Static select for action ACTION_REFRESH on entity com.fabiocompany.supermercadosdeltaplus.model.Detalleoferta: select detalleofe0_.iddetalleoferta as iddetall1_1_1_, detalleofe0_.descripciondepromocion as descripc2_1_1_, detalleofe0_.montodedescuento as montoded3_1_1_, detalletic1_.iddetalleoferta as iddetall2_1_3_, detalletic2_.iddetalleticket as iddetall1_6_3_, detalletic2_.iddetalleticket as iddetall1_2_0_, detalletic2_.idticket as idticket7_2_0_, detalletic2_.cantidad as cantidad2_2_0_, detalletic2_.cantidadporproducto as cantidad3_2_0_, detalletic2_.montodepago as montodep4_2_0_, detalletic2_.subtotal as subtotal5_2_0_, detalletic2_.idtipodepago as idtipode8_2_0_, detalletic2_.total as total6_2_0_ from detalleoferta detalleofe0_ left outer join ticketsyofertas detalletic1_ on detalleofe0_.iddetalleoferta=detalletic1_.iddetalleoferta left outer join detalleticket detalletic2_ on detalletic1_.iddetalleticket=detalletic2_.iddetalleticket where detalleofe0_.iddetalleoferta=?
16:53:31.676 [main] DEBUG o.h.p.entity.AbstractEntityPersister - Static SQL for entity: com.fabiocompany.supermercadosdeltaplus.model.Producto
16:53:31.676 [main] DEBUG o.h.p.entity.AbstractEntityPersister -  Version select: select idproducto from producto where idproducto =?
16:53:31.676 [main] DEBUG o.h.p.entity.AbstractEntityPersister -  Snapshot select: select producto_.idproducto, producto_.descripcion as descripc2_4_, producto_.precio as precio3_4_ from producto producto_ where producto_.idproducto=?
16:53:31.676 [main] DEBUG o.h.p.entity.AbstractEntityPersister -  Insert 0: insert into producto (descripcion, precio, idproducto) values (?, ?, ?)
16:53:31.676 [main] DEBUG o.h.p.entity.AbstractEntityPersister -  Update 0: update producto set descripcion=?, precio=? where idproducto=?
16:53:31.676 [main] DEBUG o.h.p.entity.AbstractEntityPersister -  Delete 0: delete from producto where idproducto=?
16:53:31.676 [main] DEBUG o.h.p.entity.AbstractEntityPersister -  Identity insert: insert into producto (descripcion, precio) values (?, ?)
16:53:31.676 [main] DEBUG o.h.l.p.b.i.spaces.QuerySpacesImpl - Adding QuerySpace : uid = <gen:0> -> org.hibernate.loader.plan.build.internal.spaces.EntityQuerySpaceImpl@3b2c0e88]
16:53:31.676 [main] DEBUG o.h.p.w.spi.MetamodelGraphWalker - Visiting attribute path : descripcion
16:53:31.676 [main] DEBUG o.h.p.w.spi.MetamodelGraphWalker - Visiting attribute path : detalletickets
16:53:31.676 [main] DEBUG o.h.p.w.spi.MetamodelGraphWalker - Visiting attribute path : precio
16:53:31.676 [main] DEBUG o.h.l.p.b.i.FetchStyleLoadPlanBuildingAssociationVisitationStrategy - Building LoadPlan...
16:53:31.677 [main] DEBUG o.h.l.p.e.i.LoadQueryJoinAndFetchProcessor - processing queryspace <gen:0>
16:53:31.677 [main] DEBUG o.h.l.p.b.spi.LoadPlanTreePrinter - LoadPlan(entity=com.fabiocompany.supermercadosdeltaplus.model.Producto)
    - Returns
       - EntityReturnImpl(entity=com.fabiocompany.supermercadosdeltaplus.model.Producto, querySpaceUid=<gen:0>, path=com.fabiocompany.supermercadosdeltaplus.model.Producto)
    - QuerySpaces
       - EntityQuerySpaceImpl(uid=<gen:0>, entity=com.fabiocompany.supermercadosdeltaplus.model.Producto)
          - SQL table alias mapping - producto0_
          - alias suffix - 0_
          - suffixed key columns - {idproduc1_4_0_}

16:53:31.677 [main] DEBUG o.h.loader.entity.plan.EntityLoader - Static select for entity com.fabiocompany.supermercadosdeltaplus.model.Producto [NONE]: select producto0_.idproducto as idproduc1_4_0_, producto0_.descripcion as descripc2_4_0_, producto0_.precio as precio3_4_0_ from producto producto0_ where producto0_.idproducto=?
16:53:31.677 [main] DEBUG o.h.l.p.b.i.spaces.QuerySpacesImpl - Adding QuerySpace : uid = <gen:0> -> org.hibernate.loader.plan.build.internal.spaces.EntityQuerySpaceImpl@c1bd0be]
16:53:31.677 [main] DEBUG o.h.p.w.spi.MetamodelGraphWalker - Visiting attribute path : descripcion
16:53:31.677 [main] DEBUG o.h.p.w.spi.MetamodelGraphWalker - Visiting attribute path : detalletickets
16:53:31.677 [main] DEBUG o.h.p.w.spi.MetamodelGraphWalker - Visiting attribute path : precio
16:53:31.677 [main] DEBUG o.h.l.p.b.i.FetchStyleLoadPlanBuildingAssociationVisitationStrategy - Building LoadPlan...
16:53:31.678 [main] DEBUG o.h.l.p.e.i.LoadQueryJoinAndFetchProcessor - processing queryspace <gen:0>
16:53:31.678 [main] DEBUG o.h.l.p.b.spi.LoadPlanTreePrinter - LoadPlan(entity=com.fabiocompany.supermercadosdeltaplus.model.Producto)
    - Returns
       - EntityReturnImpl(entity=com.fabiocompany.supermercadosdeltaplus.model.Producto, querySpaceUid=<gen:0>, path=com.fabiocompany.supermercadosdeltaplus.model.Producto)
    - QuerySpaces
       - EntityQuerySpaceImpl(uid=<gen:0>, entity=com.fabiocompany.supermercadosdeltaplus.model.Producto)
          - SQL table alias mapping - producto0_
          - alias suffix - 0_
          - suffixed key columns - {idproduc1_4_0_}

16:53:31.678 [main] DEBUG o.h.loader.entity.plan.EntityLoader - Static select for entity com.fabiocompany.supermercadosdeltaplus.model.Producto [READ]: select producto0_.idproducto as idproduc1_4_0_, producto0_.descripcion as descripc2_4_0_, producto0_.precio as precio3_4_0_ from producto producto0_ where producto0_.idproducto=?
16:53:31.678 [main] DEBUG o.h.l.p.b.i.spaces.QuerySpacesImpl - Adding QuerySpace : uid = <gen:0> -> org.hibernate.loader.plan.build.internal.spaces.EntityQuerySpaceImpl@1c6804cd]
16:53:31.678 [main] DEBUG o.h.p.w.spi.MetamodelGraphWalker - Visiting attribute path : descripcion
16:53:31.678 [main] DEBUG o.h.p.w.spi.MetamodelGraphWalker - Visiting attribute path : detalletickets
16:53:31.678 [main] DEBUG o.h.p.w.spi.MetamodelGraphWalker - Visiting attribute path : precio
16:53:31.678 [main] DEBUG o.h.l.p.b.i.FetchStyleLoadPlanBuildingAssociationVisitationStrategy - Building LoadPlan...
16:53:31.679 [main] DEBUG o.h.l.p.e.i.LoadQueryJoinAndFetchProcessor - processing queryspace <gen:0>
16:53:31.679 [main] DEBUG o.h.l.p.b.spi.LoadPlanTreePrinter - LoadPlan(entity=com.fabiocompany.supermercadosdeltaplus.model.Producto)
    - Returns
       - EntityReturnImpl(entity=com.fabiocompany.supermercadosdeltaplus.model.Producto, querySpaceUid=<gen:0>, path=com.fabiocompany.supermercadosdeltaplus.model.Producto)
    - QuerySpaces
       - EntityQuerySpaceImpl(uid=<gen:0>, entity=com.fabiocompany.supermercadosdeltaplus.model.Producto)
          - SQL table alias mapping - producto0_
          - alias suffix - 0_
          - suffixed key columns - {idproduc1_4_0_}

16:53:31.679 [main] DEBUG o.h.loader.entity.plan.EntityLoader - Static select for entity com.fabiocompany.supermercadosdeltaplus.model.Producto [UPGRADE]: select producto0_.idproducto as idproduc1_4_0_, producto0_.descripcion as descripc2_4_0_, producto0_.precio as precio3_4_0_ from producto producto0_ where producto0_.idproducto=? for update
16:53:31.679 [main] DEBUG o.h.l.p.b.i.spaces.QuerySpacesImpl - Adding QuerySpace : uid = <gen:0> -> org.hibernate.loader.plan.build.internal.spaces.EntityQuerySpaceImpl@549949be]
16:53:31.679 [main] DEBUG o.h.p.w.spi.MetamodelGraphWalker - Visiting attribute path : descripcion
16:53:31.679 [main] DEBUG o.h.p.w.spi.MetamodelGraphWalker - Visiting attribute path : detalletickets
16:53:31.679 [main] DEBUG o.h.p.w.spi.MetamodelGraphWalker - Visiting attribute path : precio
16:53:31.679 [main] DEBUG o.h.l.p.b.i.FetchStyleLoadPlanBuildingAssociationVisitationStrategy - Building LoadPlan...
16:53:31.679 [main] DEBUG o.h.l.p.e.i.LoadQueryJoinAndFetchProcessor - processing queryspace <gen:0>
16:53:31.681 [main] DEBUG o.h.l.p.b.spi.LoadPlanTreePrinter - LoadPlan(entity=com.fabiocompany.supermercadosdeltaplus.model.Producto)
    - Returns
       - EntityReturnImpl(entity=com.fabiocompany.supermercadosdeltaplus.model.Producto, querySpaceUid=<gen:0>, path=com.fabiocompany.supermercadosdeltaplus.model.Producto)
    - QuerySpaces
       - EntityQuerySpaceImpl(uid=<gen:0>, entity=com.fabiocompany.supermercadosdeltaplus.model.Producto)
          - SQL table alias mapping - producto0_
          - alias suffix - 0_
          - suffixed key columns - {idproduc1_4_0_}

16:53:31.681 [main] DEBUG o.h.loader.entity.plan.EntityLoader - Static select for entity com.fabiocompany.supermercadosdeltaplus.model.Producto [UPGRADE_NOWAIT]: select producto0_.idproducto as idproduc1_4_0_, producto0_.descripcion as descripc2_4_0_, producto0_.precio as precio3_4_0_ from producto producto0_ where producto0_.idproducto=? for update
16:53:31.681 [main] DEBUG o.h.l.p.b.i.spaces.QuerySpacesImpl - Adding QuerySpace : uid = <gen:0> -> org.hibernate.loader.plan.build.internal.spaces.EntityQuerySpaceImpl@17a87e37]
16:53:31.681 [main] DEBUG o.h.p.w.spi.MetamodelGraphWalker - Visiting attribute path : descripcion
16:53:31.681 [main] DEBUG o.h.p.w.spi.MetamodelGraphWalker - Visiting attribute path : detalletickets
16:53:31.682 [main] DEBUG o.h.p.w.spi.MetamodelGraphWalker - Visiting attribute path : precio
16:53:31.682 [main] DEBUG o.h.l.p.b.i.FetchStyleLoadPlanBuildingAssociationVisitationStrategy - Building LoadPlan...
16:53:31.682 [main] DEBUG o.h.l.p.e.i.LoadQueryJoinAndFetchProcessor - processing queryspace <gen:0>
16:53:31.682 [main] DEBUG o.h.l.p.b.spi.LoadPlanTreePrinter - LoadPlan(entity=com.fabiocompany.supermercadosdeltaplus.model.Producto)
    - Returns
       - EntityReturnImpl(entity=com.fabiocompany.supermercadosdeltaplus.model.Producto, querySpaceUid=<gen:0>, path=com.fabiocompany.supermercadosdeltaplus.model.Producto)
    - QuerySpaces
       - EntityQuerySpaceImpl(uid=<gen:0>, entity=com.fabiocompany.supermercadosdeltaplus.model.Producto)
          - SQL table alias mapping - producto0_
          - alias suffix - 0_
          - suffixed key columns - {idproduc1_4_0_}

16:53:31.683 [main] DEBUG o.h.loader.entity.plan.EntityLoader - Static select for entity com.fabiocompany.supermercadosdeltaplus.model.Producto [UPGRADE_SKIPLOCKED]: select producto0_.idproducto as idproduc1_4_0_, producto0_.descripcion as descripc2_4_0_, producto0_.precio as precio3_4_0_ from producto producto0_ where producto0_.idproducto=? for update
16:53:31.683 [main] DEBUG o.h.l.p.b.i.spaces.QuerySpacesImpl - Adding QuerySpace : uid = <gen:0> -> org.hibernate.loader.plan.build.internal.spaces.EntityQuerySpaceImpl@20a14b55]
16:53:31.683 [main] DEBUG o.h.p.w.spi.MetamodelGraphWalker - Visiting attribute path : descripcion
16:53:31.683 [main] DEBUG o.h.p.w.spi.MetamodelGraphWalker - Visiting attribute path : detalletickets
16:53:31.683 [main] DEBUG o.h.p.w.spi.MetamodelGraphWalker - Visiting attribute path : precio
16:53:31.683 [main] DEBUG o.h.l.p.b.i.FetchStyleLoadPlanBuildingAssociationVisitationStrategy - Building LoadPlan...
16:53:31.683 [main] DEBUG o.h.l.p.e.i.LoadQueryJoinAndFetchProcessor - processing queryspace <gen:0>
16:53:31.684 [main] DEBUG o.h.l.p.b.spi.LoadPlanTreePrinter - LoadPlan(entity=com.fabiocompany.supermercadosdeltaplus.model.Producto)
    - Returns
       - EntityReturnImpl(entity=com.fabiocompany.supermercadosdeltaplus.model.Producto, querySpaceUid=<gen:0>, path=com.fabiocompany.supermercadosdeltaplus.model.Producto)
    - QuerySpaces
       - EntityQuerySpaceImpl(uid=<gen:0>, entity=com.fabiocompany.supermercadosdeltaplus.model.Producto)
          - SQL table alias mapping - producto0_
          - alias suffix - 0_
          - suffixed key columns - {idproduc1_4_0_}

16:53:31.684 [main] DEBUG o.h.loader.entity.plan.EntityLoader - Static select for entity com.fabiocompany.supermercadosdeltaplus.model.Producto [FORCE]: select producto0_.idproducto as idproduc1_4_0_, producto0_.descripcion as descripc2_4_0_, producto0_.precio as precio3_4_0_ from producto producto0_ where producto0_.idproducto=? for update
16:53:31.684 [main] DEBUG o.h.l.p.b.i.spaces.QuerySpacesImpl - Adding QuerySpace : uid = <gen:0> -> org.hibernate.loader.plan.build.internal.spaces.EntityQuerySpaceImpl@6da00fb9]
16:53:31.684 [main] DEBUG o.h.p.w.spi.MetamodelGraphWalker - Visiting attribute path : descripcion
16:53:31.684 [main] DEBUG o.h.p.w.spi.MetamodelGraphWalker - Visiting attribute path : detalletickets
16:53:31.684 [main] DEBUG o.h.p.w.spi.MetamodelGraphWalker - Visiting attribute path : precio
16:53:31.684 [main] DEBUG o.h.l.p.b.i.FetchStyleLoadPlanBuildingAssociationVisitationStrategy - Building LoadPlan...
16:53:31.684 [main] DEBUG o.h.l.p.e.i.LoadQueryJoinAndFetchProcessor - processing queryspace <gen:0>
16:53:31.684 [main] DEBUG o.h.l.p.b.spi.LoadPlanTreePrinter - LoadPlan(entity=com.fabiocompany.supermercadosdeltaplus.model.Producto)
    - Returns
       - EntityReturnImpl(entity=com.fabiocompany.supermercadosdeltaplus.model.Producto, querySpaceUid=<gen:0>, path=com.fabiocompany.supermercadosdeltaplus.model.Producto)
    - QuerySpaces
       - EntityQuerySpaceImpl(uid=<gen:0>, entity=com.fabiocompany.supermercadosdeltaplus.model.Producto)
          - SQL table alias mapping - producto0_
          - alias suffix - 0_
          - suffixed key columns - {idproduc1_4_0_}

16:53:31.685 [main] DEBUG o.h.loader.entity.plan.EntityLoader - Static select for entity com.fabiocompany.supermercadosdeltaplus.model.Producto [PESSIMISTIC_READ]: select producto0_.idproducto as idproduc1_4_0_, producto0_.descripcion as descripc2_4_0_, producto0_.precio as precio3_4_0_ from producto producto0_ where producto0_.idproducto=? lock in share mode
16:53:31.685 [main] DEBUG o.h.l.p.b.i.spaces.QuerySpacesImpl - Adding QuerySpace : uid = <gen:0> -> org.hibernate.loader.plan.build.internal.spaces.EntityQuerySpaceImpl@20f12539]
16:53:31.685 [main] DEBUG o.h.p.w.spi.MetamodelGraphWalker - Visiting attribute path : descripcion
16:53:31.685 [main] DEBUG o.h.p.w.spi.MetamodelGraphWalker - Visiting attribute path : detalletickets
16:53:31.685 [main] DEBUG o.h.p.w.spi.MetamodelGraphWalker - Visiting attribute path : precio
16:53:31.685 [main] DEBUG o.h.l.p.b.i.FetchStyleLoadPlanBuildingAssociationVisitationStrategy - Building LoadPlan...
16:53:31.685 [main] DEBUG o.h.l.p.e.i.LoadQueryJoinAndFetchProcessor - processing queryspace <gen:0>
16:53:31.685 [main] DEBUG o.h.l.p.b.spi.LoadPlanTreePrinter - LoadPlan(entity=com.fabiocompany.supermercadosdeltaplus.model.Producto)
    - Returns
       - EntityReturnImpl(entity=com.fabiocompany.supermercadosdeltaplus.model.Producto, querySpaceUid=<gen:0>, path=com.fabiocompany.supermercadosdeltaplus.model.Producto)
    - QuerySpaces
       - EntityQuerySpaceImpl(uid=<gen:0>, entity=com.fabiocompany.supermercadosdeltaplus.model.Producto)
          - SQL table alias mapping - producto0_
          - alias suffix - 0_
          - suffixed key columns - {idproduc1_4_0_}

16:53:31.685 [main] DEBUG o.h.loader.entity.plan.EntityLoader - Static select for entity com.fabiocompany.supermercadosdeltaplus.model.Producto [PESSIMISTIC_WRITE]: select producto0_.idproducto as idproduc1_4_0_, producto0_.descripcion as descripc2_4_0_, producto0_.precio as precio3_4_0_ from producto producto0_ where producto0_.idproducto=? for update
16:53:31.685 [main] DEBUG o.h.l.p.b.i.spaces.QuerySpacesImpl - Adding QuerySpace : uid = <gen:0> -> org.hibernate.loader.plan.build.internal.spaces.EntityQuerySpaceImpl@18025ced]
16:53:31.685 [main] DEBUG o.h.p.w.spi.MetamodelGraphWalker - Visiting attribute path : descripcion
16:53:31.685 [main] DEBUG o.h.p.w.spi.MetamodelGraphWalker - Visiting attribute path : detalletickets
16:53:31.685 [main] DEBUG o.h.p.w.spi.MetamodelGraphWalker - Visiting attribute path : precio
16:53:31.686 [main] DEBUG o.h.l.p.b.i.FetchStyleLoadPlanBuildingAssociationVisitationStrategy - Building LoadPlan...
16:53:31.686 [main] DEBUG o.h.l.p.e.i.LoadQueryJoinAndFetchProcessor - processing queryspace <gen:0>
16:53:31.686 [main] DEBUG o.h.l.p.b.spi.LoadPlanTreePrinter - LoadPlan(entity=com.fabiocompany.supermercadosdeltaplus.model.Producto)
    - Returns
       - EntityReturnImpl(entity=com.fabiocompany.supermercadosdeltaplus.model.Producto, querySpaceUid=<gen:0>, path=com.fabiocompany.supermercadosdeltaplus.model.Producto)
    - QuerySpaces
       - EntityQuerySpaceImpl(uid=<gen:0>, entity=com.fabiocompany.supermercadosdeltaplus.model.Producto)
          - SQL table alias mapping - producto0_
          - alias suffix - 0_
          - suffixed key columns - {idproduc1_4_0_}

16:53:31.686 [main] DEBUG o.h.loader.entity.plan.EntityLoader - Static select for entity com.fabiocompany.supermercadosdeltaplus.model.Producto [PESSIMISTIC_FORCE_INCREMENT]: select producto0_.idproducto as idproduc1_4_0_, producto0_.descripcion as descripc2_4_0_, producto0_.precio as precio3_4_0_ from producto producto0_ where producto0_.idproducto=? for update
16:53:31.686 [main] DEBUG o.h.l.p.b.i.spaces.QuerySpacesImpl - Adding QuerySpace : uid = <gen:0> -> org.hibernate.loader.plan.build.internal.spaces.EntityQuerySpaceImpl@3a3e4aff]
16:53:31.686 [main] DEBUG o.h.p.w.spi.MetamodelGraphWalker - Visiting attribute path : descripcion
16:53:31.687 [main] DEBUG o.h.p.w.spi.MetamodelGraphWalker - Visiting attribute path : detalletickets
16:53:31.687 [main] DEBUG o.h.p.w.spi.MetamodelGraphWalker - Visiting attribute path : precio
16:53:31.687 [main] DEBUG o.h.l.p.b.i.FetchStyleLoadPlanBuildingAssociationVisitationStrategy - Building LoadPlan...
16:53:31.687 [main] DEBUG o.h.l.p.e.i.LoadQueryJoinAndFetchProcessor - processing queryspace <gen:0>
16:53:31.687 [main] DEBUG o.h.l.p.b.spi.LoadPlanTreePrinter - LoadPlan(entity=com.fabiocompany.supermercadosdeltaplus.model.Producto)
    - Returns
       - EntityReturnImpl(entity=com.fabiocompany.supermercadosdeltaplus.model.Producto, querySpaceUid=<gen:0>, path=com.fabiocompany.supermercadosdeltaplus.model.Producto)
    - QuerySpaces
       - EntityQuerySpaceImpl(uid=<gen:0>, entity=com.fabiocompany.supermercadosdeltaplus.model.Producto)
          - SQL table alias mapping - producto0_
          - alias suffix - 0_
          - suffixed key columns - {idproduc1_4_0_}

16:53:31.687 [main] DEBUG o.h.loader.entity.plan.EntityLoader - Static select for entity com.fabiocompany.supermercadosdeltaplus.model.Producto [OPTIMISTIC]: select producto0_.idproducto as idproduc1_4_0_, producto0_.descripcion as descripc2_4_0_, producto0_.precio as precio3_4_0_ from producto producto0_ where producto0_.idproducto=?
16:53:31.687 [main] DEBUG o.h.l.p.b.i.spaces.QuerySpacesImpl - Adding QuerySpace : uid = <gen:0> -> org.hibernate.loader.plan.build.internal.spaces.EntityQuerySpaceImpl@57459491]
16:53:31.687 [main] DEBUG o.h.p.w.spi.MetamodelGraphWalker - Visiting attribute path : descripcion
16:53:31.688 [main] DEBUG o.h.p.w.spi.MetamodelGraphWalker - Visiting attribute path : detalletickets
16:53:31.688 [main] DEBUG o.h.p.w.spi.MetamodelGraphWalker - Visiting attribute path : precio
16:53:31.688 [main] DEBUG o.h.l.p.b.i.FetchStyleLoadPlanBuildingAssociationVisitationStrategy - Building LoadPlan...
16:53:31.688 [main] DEBUG o.h.l.p.e.i.LoadQueryJoinAndFetchProcessor - processing queryspace <gen:0>
16:53:31.688 [main] DEBUG o.h.l.p.b.spi.LoadPlanTreePrinter - LoadPlan(entity=com.fabiocompany.supermercadosdeltaplus.model.Producto)
    - Returns
       - EntityReturnImpl(entity=com.fabiocompany.supermercadosdeltaplus.model.Producto, querySpaceUid=<gen:0>, path=com.fabiocompany.supermercadosdeltaplus.model.Producto)
    - QuerySpaces
       - EntityQuerySpaceImpl(uid=<gen:0>, entity=com.fabiocompany.supermercadosdeltaplus.model.Producto)
          - SQL table alias mapping - producto0_
          - alias suffix - 0_
          - suffixed key columns - {idproduc1_4_0_}

16:53:31.688 [main] DEBUG o.h.loader.entity.plan.EntityLoader - Static select for entity com.fabiocompany.supermercadosdeltaplus.model.Producto [OPTIMISTIC_FORCE_INCREMENT]: select producto0_.idproducto as idproduc1_4_0_, producto0_.descripcion as descripc2_4_0_, producto0_.precio as precio3_4_0_ from producto producto0_ where producto0_.idproducto=?
16:53:31.689 [main] DEBUG org.hibernate.loader.Loader - Static select for action ACTION_MERGE on entity com.fabiocompany.supermercadosdeltaplus.model.Producto: select producto0_.idproducto as idproduc1_4_1_, producto0_.descripcion as descripc2_4_1_, producto0_.precio as precio3_4_1_, detalletic1_.idproducto as idproduc2_4_3_, detalletic2_.iddetalleticket as iddetall1_7_3_, detalletic2_.iddetalleticket as iddetall1_2_0_, detalletic2_.idticket as idticket7_2_0_, detalletic2_.cantidad as cantidad2_2_0_, detalletic2_.cantidadporproducto as cantidad3_2_0_, detalletic2_.montodepago as montodep4_2_0_, detalletic2_.subtotal as subtotal5_2_0_, detalletic2_.idtipodepago as idtipode8_2_0_, detalletic2_.total as total6_2_0_ from producto producto0_ left outer join ticketsyproductos detalletic1_ on producto0_.idproducto=detalletic1_.idproducto left outer join detalleticket detalletic2_ on detalletic1_.iddetalleticket=detalletic2_.iddetalleticket where producto0_.idproducto=?
16:53:31.689 [main] DEBUG org.hibernate.loader.Loader - Static select for action ACTION_REFRESH on entity com.fabiocompany.supermercadosdeltaplus.model.Producto: select producto0_.idproducto as idproduc1_4_1_, producto0_.descripcion as descripc2_4_1_, producto0_.precio as precio3_4_1_, detalletic1_.idproducto as idproduc2_4_3_, detalletic2_.iddetalleticket as iddetall1_7_3_, detalletic2_.iddetalleticket as iddetall1_2_0_, detalletic2_.idticket as idticket7_2_0_, detalletic2_.cantidad as cantidad2_2_0_, detalletic2_.cantidadporproducto as cantidad3_2_0_, detalletic2_.montodepago as montodep4_2_0_, detalletic2_.subtotal as subtotal5_2_0_, detalletic2_.idtipodepago as idtipode8_2_0_, detalletic2_.total as total6_2_0_ from producto producto0_ left outer join ticketsyproductos detalletic1_ on producto0_.idproducto=detalletic1_.idproducto left outer join detalleticket detalletic2_ on detalletic1_.iddetalleticket=detalletic2_.iddetalleticket where producto0_.idproducto=?
16:53:31.697 [main] DEBUG o.h.l.p.b.i.spaces.QuerySpacesImpl - Adding QuerySpace : uid = <gen:0> -> org.hibernate.loader.plan.build.internal.spaces.CollectionQuerySpaceImpl@1cbf6e72]
16:53:31.698 [main] DEBUG o.h.l.p.b.i.spaces.QuerySpacesImpl - Adding QuerySpace : uid = <gen:1> -> org.hibernate.loader.plan.build.internal.spaces.EntityQuerySpaceImpl@6aecbb8d]
16:53:31.699 [main] DEBUG o.h.p.w.spi.MetamodelGraphWalker - Visiting attribute path : nombretarjeta
16:53:31.699 [main] DEBUG o.h.p.w.spi.MetamodelGraphWalker - Visiting attribute path : numtarjeta
16:53:31.699 [main] DEBUG o.h.p.w.spi.MetamodelGraphWalker - Visiting attribute path : tipodepago
16:53:31.699 [main] DEBUG o.h.p.w.spi.MetamodelGraphWalker - Property path deemed to be circular : tipodepago
16:53:31.699 [main] DEBUG o.h.l.p.b.i.FetchStyleLoadPlanBuildingAssociationVisitationStrategy - Building LoadPlan...
16:53:31.703 [main] DEBUG o.h.l.p.e.i.LoadQueryJoinAndFetchProcessor - processing queryspace <gen:0>
16:53:31.704 [main] DEBUG o.h.l.p.b.spi.LoadPlanTreePrinter - LoadPlan(collection=com.fabiocompany.supermercadosdeltaplus.model.Tipodepago.tarjetas)
    - Returns
       - CollectionReturnImpl(collection=com.fabiocompany.supermercadosdeltaplus.model.Tipodepago.tarjetas, querySpaceUid=<gen:0>, path=[com.fabiocompany.supermercadosdeltaplus.model.Tipodepago.tarjetas])
          - (collection element) CollectionFetchableElementEntityGraph(entity=com.fabiocompany.supermercadosdeltaplus.model.Tarjeta, querySpaceUid=<gen:1>, path=[com.fabiocompany.supermercadosdeltaplus.model.Tipodepago.tarjetas].<elements>)
    - QuerySpaces
       - CollectionQuerySpaceImpl(uid=<gen:0>, collection=com.fabiocompany.supermercadosdeltaplus.model.Tipodepago.tarjetas)
          - SQL table alias mapping - tarjetas0_
          - alias suffix - 0_
          - suffixed key columns - {idtipode4_8_0_}
          - entity-element alias suffix - 1_
          - 1_entity-element suffixed key columns - idtarjet1_5_1_
          - JOIN (JoinDefinedByMetadata(elements)) : <gen:0> -> <gen:1>
             - EntityQuerySpaceImpl(uid=<gen:1>, entity=com.fabiocompany.supermercadosdeltaplus.model.Tarjeta)
                - SQL table alias mapping - tarjetas0_
                - alias suffix - 1_
                - suffixed key columns - {idtarjet1_5_1_}

16:53:31.705 [main] DEBUG o.h.l.c.plan.CollectionLoader - Static select for collection com.fabiocompany.supermercadosdeltaplus.model.Tipodepago.tarjetas: select tarjetas0_.idtipodepago as idtipode4_8_0_, tarjetas0_.idtarjeta as idtarjet1_5_0_, tarjetas0_.idtarjeta as idtarjet1_5_1_, tarjetas0_.nombretarjeta as nombreta2_5_1_, tarjetas0_.numtarjeta as numtarje3_5_1_, tarjetas0_.idtipodepago as idtipode4_5_1_ from tarjeta tarjetas0_ where tarjetas0_.idtipodepago=?
16:53:31.705 [main] DEBUG o.h.l.p.b.i.spaces.QuerySpacesImpl - Adding QuerySpace : uid = <gen:0> -> org.hibernate.loader.plan.build.internal.spaces.CollectionQuerySpaceImpl@4a891c97]
16:53:31.706 [main] DEBUG o.h.l.p.b.i.spaces.QuerySpacesImpl - Adding QuerySpace : uid = <gen:1> -> org.hibernate.loader.plan.build.internal.spaces.EntityQuerySpaceImpl@a5bd950]
16:53:31.706 [main] DEBUG o.h.p.w.spi.MetamodelGraphWalker - Visiting attribute path : descripciondepromocion
16:53:31.706 [main] DEBUG o.h.p.w.spi.MetamodelGraphWalker - Visiting attribute path : detalletickets
16:53:31.706 [main] DEBUG o.h.p.w.spi.MetamodelGraphWalker - Property path deemed to be circular : detalletickets
16:53:31.706 [main] DEBUG o.h.p.w.spi.MetamodelGraphWalker - Visiting attribute path : montodedescuento
16:53:31.706 [main] DEBUG o.h.l.p.b.i.FetchStyleLoadPlanBuildingAssociationVisitationStrategy - Building LoadPlan...
16:53:31.707 [main] DEBUG o.h.l.p.e.i.LoadQueryJoinAndFetchProcessor - processing queryspace <gen:0>
16:53:31.707 [main] DEBUG o.h.l.p.b.spi.LoadPlanTreePrinter - LoadPlan(collection=com.fabiocompany.supermercadosdeltaplus.model.Detalleticket.detalleofertas)
    - Returns
       - CollectionReturnImpl(collection=com.fabiocompany.supermercadosdeltaplus.model.Detalleticket.detalleofertas, querySpaceUid=<gen:0>, path=[com.fabiocompany.supermercadosdeltaplus.model.Detalleticket.detalleofertas])
          - (collection element) CollectionFetchableElementEntityGraph(entity=com.fabiocompany.supermercadosdeltaplus.model.Detalleoferta, querySpaceUid=<gen:1>, path=[com.fabiocompany.supermercadosdeltaplus.model.Detalleticket.detalleofertas].<elements>)
    - QuerySpaces
       - CollectionQuerySpaceImpl(uid=<gen:0>, collection=com.fabiocompany.supermercadosdeltaplus.model.Detalleticket.detalleofertas)
          - SQL table alias mapping - detalleofe0_
          - alias suffix - 0_
          - suffixed key columns - {iddetall1_2_0_}
          - entity-element alias suffix - 1_
          - 1_entity-element suffixed key columns - iddetall1_1_1_
          - JOIN (JoinDefinedByMetadata(elements)) : <gen:0> -> <gen:1>
             - EntityQuerySpaceImpl(uid=<gen:1>, entity=com.fabiocompany.supermercadosdeltaplus.model.Detalleoferta)
                - SQL table alias mapping - detalleofe1_
                - alias suffix - 1_
                - suffixed key columns - {iddetall1_1_1_}

16:53:31.708 [main] DEBUG o.h.l.c.plan.CollectionLoader - Static select for collection com.fabiocompany.supermercadosdeltaplus.model.Detalleticket.detalleofertas: select detalleofe0_.iddetalleticket as iddetall1_2_0_, detalleofe0_.iddetalleoferta as iddetall2_6_0_, detalleofe1_.iddetalleoferta as iddetall1_1_1_, detalleofe1_.descripciondepromocion as descripc2_1_1_, detalleofe1_.montodedescuento as montoded3_1_1_ from ticketsyofertas detalleofe0_ inner join detalleoferta detalleofe1_ on detalleofe0_.iddetalleoferta=detalleofe1_.iddetalleoferta where detalleofe0_.iddetalleticket=?
16:53:31.708 [main] DEBUG o.h.l.p.b.i.spaces.QuerySpacesImpl - Adding QuerySpace : uid = <gen:0> -> org.hibernate.loader.plan.build.internal.spaces.CollectionQuerySpaceImpl@7756c3cd]
16:53:31.708 [main] DEBUG o.h.l.p.b.i.spaces.QuerySpacesImpl - Adding QuerySpace : uid = <gen:1> -> org.hibernate.loader.plan.build.internal.spaces.EntityQuerySpaceImpl@2313052e]
16:53:31.708 [main] DEBUG o.h.p.w.spi.MetamodelGraphWalker - Visiting attribute path : cabeceraticket
16:53:31.708 [main] DEBUG o.h.l.p.b.i.spaces.QuerySpacesImpl - Adding QuerySpace : uid = <gen:2> -> org.hibernate.loader.plan.build.internal.spaces.EntityQuerySpaceImpl@57fd91c9]
16:53:31.708 [main] DEBUG o.h.p.w.spi.MetamodelGraphWalker - Visiting attribute path : cabeceraticket.detalletickets
16:53:31.708 [main] DEBUG o.h.p.w.spi.MetamodelGraphWalker - Property path deemed to be circular : cabeceraticket.detalletickets
16:53:31.709 [main] DEBUG o.h.p.w.spi.MetamodelGraphWalker - Visiting attribute path : cabeceraticket.fecha
16:53:31.709 [main] DEBUG o.h.p.w.spi.MetamodelGraphWalker - Visiting attribute path : cabeceraticket.usuario
16:53:31.709 [main] DEBUG o.h.l.p.b.i.spaces.QuerySpacesImpl - Adding QuerySpace : uid = <gen:3> -> org.hibernate.loader.plan.build.internal.spaces.EntityQuerySpaceImpl@52045dbe]
16:53:31.709 [main] DEBUG o.h.p.w.spi.MetamodelGraphWalker - Visiting attribute path : cabeceraticket.usuario.cabeceratickets
16:53:31.709 [main] DEBUG o.h.p.w.spi.MetamodelGraphWalker - Property path deemed to be circular : cabeceraticket.usuario.cabeceratickets
16:53:31.709 [main] DEBUG o.h.p.w.spi.MetamodelGraphWalker - Visiting attribute path : cabeceraticket.usuario.contraseniausuario
16:53:31.709 [main] DEBUG o.h.p.w.spi.MetamodelGraphWalker - Visiting attribute path : cabeceraticket.usuario.nombreusuario
16:53:31.709 [main] DEBUG o.h.p.w.spi.MetamodelGraphWalker - Visiting attribute path : cabeceraticket.usuario.tipodeusuario
16:53:31.709 [main] DEBUG o.h.p.w.spi.MetamodelGraphWalker - Visiting attribute path : cabeceraticket.usuario.personausuario
16:53:31.709 [main] DEBUG o.h.l.p.b.i.spaces.QuerySpacesImpl - Adding QuerySpace : uid = <gen:4> -> org.hibernate.loader.plan.build.internal.spaces.EntityQuerySpaceImpl@5c8eee0f]
16:53:31.709 [main] DEBUG o.h.p.w.spi.MetamodelGraphWalker - Visiting attribute path : cantidad
16:53:31.709 [main] DEBUG o.h.p.w.spi.MetamodelGraphWalker - Visiting attribute path : cantidadporproducto
16:53:31.709 [main] DEBUG o.h.p.w.spi.MetamodelGraphWalker - Visiting attribute path : detalleofertas
16:53:31.709 [main] DEBUG o.h.p.w.spi.MetamodelGraphWalker - Visiting attribute path : montodepago
16:53:31.709 [main] DEBUG o.h.p.w.spi.MetamodelGraphWalker - Visiting attribute path : productos
16:53:31.709 [main] DEBUG o.h.p.w.spi.MetamodelGraphWalker - Property path deemed to be circular : productos
16:53:31.709 [main] DEBUG o.h.p.w.spi.MetamodelGraphWalker - Visiting attribute path : subtotal
16:53:31.709 [main] DEBUG o.h.p.w.spi.MetamodelGraphWalker - Visiting attribute path : tipodepago
16:53:31.709 [main] DEBUG o.h.l.p.b.i.spaces.QuerySpacesImpl - Adding QuerySpace : uid = <gen:5> -> org.hibernate.loader.plan.build.internal.spaces.EntityQuerySpaceImpl@565b064f]
16:53:31.710 [main] DEBUG o.h.p.w.spi.MetamodelGraphWalker - Visiting attribute path : tipodepago.descripciontipodepago
16:53:31.710 [main] DEBUG o.h.p.w.spi.MetamodelGraphWalker - Visiting attribute path : tipodepago.detalletickets
16:53:31.710 [main] DEBUG o.h.p.w.spi.MetamodelGraphWalker - Property path deemed to be circular : tipodepago.detalletickets
16:53:31.710 [main] DEBUG o.h.p.w.spi.MetamodelGraphWalker - Visiting attribute path : tipodepago.tarjetas
16:53:31.710 [main] DEBUG o.h.p.w.spi.MetamodelGraphWalker - Visiting attribute path : total
16:53:31.710 [main] DEBUG o.h.l.p.b.i.FetchStyleLoadPlanBuildingAssociationVisitationStrategy - Building LoadPlan...
16:53:31.710 [main] DEBUG o.h.l.p.e.i.LoadQueryJoinAndFetchProcessor - processing queryspace <gen:0>
16:53:31.711 [main] DEBUG o.h.l.p.b.spi.LoadPlanTreePrinter - LoadPlan(collection=com.fabiocompany.supermercadosdeltaplus.model.Producto.detalletickets)
    - Returns
       - CollectionReturnImpl(collection=com.fabiocompany.supermercadosdeltaplus.model.Producto.detalletickets, querySpaceUid=<gen:0>, path=[com.fabiocompany.supermercadosdeltaplus.model.Producto.detalletickets])
          - (collection element) CollectionFetchableElementEntityGraph(entity=com.fabiocompany.supermercadosdeltaplus.model.Detalleticket, querySpaceUid=<gen:1>, path=[com.fabiocompany.supermercadosdeltaplus.model.Producto.detalletickets].<elements>)
             - EntityAttributeFetchImpl(entity=com.fabiocompany.supermercadosdeltaplus.model.Cabeceraticket, querySpaceUid=<gen:2>, path=[com.fabiocompany.supermercadosdeltaplus.model.Producto.detalletickets].<elements>.cabeceraticket)
                - EntityAttributeFetchImpl(entity=com.fabiocompany.supermercadosdeltaplus.model.Usuario, querySpaceUid=<gen:3>, path=[com.fabiocompany.supermercadosdeltaplus.model.Producto.detalletickets].<elements>.cabeceraticket.usuario)
                   - EntityAttributeFetchImpl(entity=com.fabiocompany.supermercadosdeltaplus.model.Personausuario, querySpaceUid=<gen:4>, path=[com.fabiocompany.supermercadosdeltaplus.model.Producto.detalletickets].<elements>.cabeceraticket.usuario.personausuario)
             - EntityAttributeFetchImpl(entity=com.fabiocompany.supermercadosdeltaplus.model.Tipodepago, querySpaceUid=<gen:5>, path=[com.fabiocompany.supermercadosdeltaplus.model.Producto.detalletickets].<elements>.tipodepago)
    - QuerySpaces
       - CollectionQuerySpaceImpl(uid=<gen:0>, collection=com.fabiocompany.supermercadosdeltaplus.model.Producto.detalletickets)
          - SQL table alias mapping - detalletic0_
          - alias suffix - 0_
          - suffixed key columns - {idproduc2_4_0_}
          - entity-element alias suffix - 1_
          - 1_entity-element suffixed key columns - iddetall1_2_1_
          - JOIN (JoinDefinedByMetadata(elements)) : <gen:0> -> <gen:1>
             - EntityQuerySpaceImpl(uid=<gen:1>, entity=com.fabiocompany.supermercadosdeltaplus.model.Detalleticket)
                - SQL table alias mapping - detalletic1_
                - alias suffix - 1_
                - suffixed key columns - {iddetall1_2_1_}
                - JOIN (JoinDefinedByMetadata(cabeceraticket)) : <gen:1> -> <gen:2>
                   - EntityQuerySpaceImpl(uid=<gen:2>, entity=com.fabiocompany.supermercadosdeltaplus.model.Cabeceraticket)
                      - SQL table alias mapping - cabecerati2_
                      - alias suffix - 2_
                      - suffixed key columns - {idticket1_0_2_}
                      - JOIN (JoinDefinedByMetadata(usuario)) : <gen:2> -> <gen:3>
                         - EntityQuerySpaceImpl(uid=<gen:3>, entity=com.fabiocompany.supermercadosdeltaplus.model.Usuario)
                            - SQL table alias mapping - usuario3_
                            - alias suffix - 3_
                            - suffixed key columns - {idusuari1_9_3_}
                - JOIN (JoinDefinedByMetadata(tipodepago)) : <gen:1> -> <gen:5>
                   - EntityQuerySpaceImpl(uid=<gen:5>, entity=com.fabiocompany.supermercadosdeltaplus.model.Tipodepago)
                      - SQL table alias mapping - tipodepago4_
                      - alias suffix - 4_
                      - suffixed key columns - {idtipode1_8_4_}

16:53:31.711 [main] DEBUG o.h.l.c.plan.CollectionLoader - Static select for collection com.fabiocompany.supermercadosdeltaplus.model.Producto.detalletickets: select detalletic0_.idproducto as idproduc2_4_0_, detalletic0_.iddetalleticket as iddetall1_7_0_, detalletic1_.iddetalleticket as iddetall1_2_1_, detalletic1_.idticket as idticket7_2_1_, detalletic1_.cantidad as cantidad2_2_1_, detalletic1_.cantidadporproducto as cantidad3_2_1_, detalletic1_.montodepago as montodep4_2_1_, detalletic1_.subtotal as subtotal5_2_1_, detalletic1_.idtipodepago as idtipode8_2_1_, detalletic1_.total as total6_2_1_, cabecerati2_.idticket as idticket1_0_2_, cabecerati2_.fecha as fecha2_0_2_, cabecerati2_.idusuario as idusuari3_0_2_, usuario3_.idusuario as idusuari1_9_3_, usuario3_.contraseniausuario as contrase2_9_3_, usuario3_.nombreusuario as nombreus3_9_3_, usuario3_.tipodeusuario as tipodeus4_9_3_, tipodepago4_.idtipodepago as idtipode1_8_4_, tipodepago4_.descripciontipodepago as descripc2_8_4_ from ticketsyproductos detalletic0_ inner join detalleticket detalletic1_ on detalletic0_.iddetalleticket=detalletic1_.iddetalleticket left outer join cabeceraticket cabecerati2_ on detalletic1_.idticket=cabecerati2_.idticket left outer join usuario usuario3_ on cabecerati2_.idusuario=usuario3_.idusuario left outer join tipodepago tipodepago4_ on detalletic1_.idtipodepago=tipodepago4_.idtipodepago where detalletic0_.idproducto=?
16:53:31.712 [main] DEBUG o.h.l.p.b.i.spaces.QuerySpacesImpl - Adding QuerySpace : uid = <gen:0> -> org.hibernate.loader.plan.build.internal.spaces.CollectionQuerySpaceImpl@73163d48]
16:53:31.712 [main] DEBUG o.h.l.p.b.i.spaces.QuerySpacesImpl - Adding QuerySpace : uid = <gen:1> -> org.hibernate.loader.plan.build.internal.spaces.EntityQuerySpaceImpl@58c34bb3]
16:53:31.712 [main] DEBUG o.h.p.w.spi.MetamodelGraphWalker - Visiting attribute path : cabeceraticket
16:53:31.712 [main] DEBUG o.h.l.p.b.i.spaces.QuerySpacesImpl - Adding QuerySpace : uid = <gen:2> -> org.hibernate.loader.plan.build.internal.spaces.EntityQuerySpaceImpl@20a8a64e]
16:53:31.712 [main] DEBUG o.h.p.w.spi.MetamodelGraphWalker - Visiting attribute path : cabeceraticket.detalletickets
16:53:31.712 [main] DEBUG o.h.p.w.spi.MetamodelGraphWalker - Property path deemed to be circular : cabeceraticket.detalletickets
16:53:31.712 [main] DEBUG o.h.p.w.spi.MetamodelGraphWalker - Visiting attribute path : cabeceraticket.fecha
16:53:31.712 [main] DEBUG o.h.p.w.spi.MetamodelGraphWalker - Visiting attribute path : cabeceraticket.usuario
16:53:31.712 [main] DEBUG o.h.l.p.b.i.spaces.QuerySpacesImpl - Adding QuerySpace : uid = <gen:3> -> org.hibernate.loader.plan.build.internal.spaces.EntityQuerySpaceImpl@1698fc68]
16:53:31.712 [main] DEBUG o.h.p.w.spi.MetamodelGraphWalker - Visiting attribute path : cabeceraticket.usuario.cabeceratickets
16:53:31.712 [main] DEBUG o.h.p.w.spi.MetamodelGraphWalker - Property path deemed to be circular : cabeceraticket.usuario.cabeceratickets
16:53:31.712 [main] DEBUG o.h.p.w.spi.MetamodelGraphWalker - Visiting attribute path : cabeceraticket.usuario.contraseniausuario
16:53:31.712 [main] DEBUG o.h.p.w.spi.MetamodelGraphWalker - Visiting attribute path : cabeceraticket.usuario.nombreusuario
16:53:31.712 [main] DEBUG o.h.p.w.spi.MetamodelGraphWalker - Visiting attribute path : cabeceraticket.usuario.tipodeusuario
16:53:31.712 [main] DEBUG o.h.p.w.spi.MetamodelGraphWalker - Visiting attribute path : cabeceraticket.usuario.personausuario
16:53:31.713 [main] DEBUG o.h.l.p.b.i.spaces.QuerySpacesImpl - Adding QuerySpace : uid = <gen:4> -> org.hibernate.loader.plan.build.internal.spaces.EntityQuerySpaceImpl@207b8649]
16:53:31.713 [main] DEBUG o.h.p.w.spi.MetamodelGraphWalker - Visiting attribute path : cantidad
16:53:31.713 [main] DEBUG o.h.p.w.spi.MetamodelGraphWalker - Visiting attribute path : cantidadporproducto
16:53:31.713 [main] DEBUG o.h.p.w.spi.MetamodelGraphWalker - Visiting attribute path : detalleofertas
16:53:31.713 [main] DEBUG o.h.p.w.spi.MetamodelGraphWalker - Visiting attribute path : montodepago
16:53:31.713 [main] DEBUG o.h.p.w.spi.MetamodelGraphWalker - Visiting attribute path : productos
16:53:31.713 [main] DEBUG o.h.p.w.spi.MetamodelGraphWalker - Visiting attribute path : subtotal
16:53:31.713 [main] DEBUG o.h.p.w.spi.MetamodelGraphWalker - Visiting attribute path : tipodepago
16:53:31.713 [main] DEBUG o.h.p.w.spi.MetamodelGraphWalker - Property path deemed to be circular : tipodepago
16:53:31.713 [main] DEBUG o.h.p.w.spi.MetamodelGraphWalker - Visiting attribute path : total
16:53:31.713 [main] DEBUG o.h.l.p.b.i.FetchStyleLoadPlanBuildingAssociationVisitationStrategy - Building LoadPlan...
16:53:31.713 [main] DEBUG o.h.l.p.e.i.LoadQueryJoinAndFetchProcessor - processing queryspace <gen:0>
16:53:31.714 [main] DEBUG o.h.l.p.b.spi.LoadPlanTreePrinter - LoadPlan(collection=com.fabiocompany.supermercadosdeltaplus.model.Tipodepago.detalletickets)
    - Returns
       - CollectionReturnImpl(collection=com.fabiocompany.supermercadosdeltaplus.model.Tipodepago.detalletickets, querySpaceUid=<gen:0>, path=[com.fabiocompany.supermercadosdeltaplus.model.Tipodepago.detalletickets])
          - (collection element) CollectionFetchableElementEntityGraph(entity=com.fabiocompany.supermercadosdeltaplus.model.Detalleticket, querySpaceUid=<gen:1>, path=[com.fabiocompany.supermercadosdeltaplus.model.Tipodepago.detalletickets].<elements>)
             - EntityAttributeFetchImpl(entity=com.fabiocompany.supermercadosdeltaplus.model.Cabeceraticket, querySpaceUid=<gen:2>, path=[com.fabiocompany.supermercadosdeltaplus.model.Tipodepago.detalletickets].<elements>.cabeceraticket)
                - EntityAttributeFetchImpl(entity=com.fabiocompany.supermercadosdeltaplus.model.Usuario, querySpaceUid=<gen:3>, path=[com.fabiocompany.supermercadosdeltaplus.model.Tipodepago.detalletickets].<elements>.cabeceraticket.usuario)
                   - EntityAttributeFetchImpl(entity=com.fabiocompany.supermercadosdeltaplus.model.Personausuario, querySpaceUid=<gen:4>, path=[com.fabiocompany.supermercadosdeltaplus.model.Tipodepago.detalletickets].<elements>.cabeceraticket.usuario.personausuario)
    - QuerySpaces
       - CollectionQuerySpaceImpl(uid=<gen:0>, collection=com.fabiocompany.supermercadosdeltaplus.model.Tipodepago.detalletickets)
          - SQL table alias mapping - detalletic0_
          - alias suffix - 0_
          - suffixed key columns - {idtipode8_8_0_}
          - entity-element alias suffix - 1_
          - 1_entity-element suffixed key columns - iddetall1_2_1_
          - JOIN (JoinDefinedByMetadata(elements)) : <gen:0> -> <gen:1>
             - EntityQuerySpaceImpl(uid=<gen:1>, entity=com.fabiocompany.supermercadosdeltaplus.model.Detalleticket)
                - SQL table alias mapping - detalletic0_
                - alias suffix - 1_
                - suffixed key columns - {iddetall1_2_1_}
                - JOIN (JoinDefinedByMetadata(cabeceraticket)) : <gen:1> -> <gen:2>
                   - EntityQuerySpaceImpl(uid=<gen:2>, entity=com.fabiocompany.supermercadosdeltaplus.model.Cabeceraticket)
                      - SQL table alias mapping - cabecerati1_
                      - alias suffix - 2_
                      - suffixed key columns - {idticket1_0_2_}
                      - JOIN (JoinDefinedByMetadata(usuario)) : <gen:2> -> <gen:3>
                         - EntityQuerySpaceImpl(uid=<gen:3>, entity=com.fabiocompany.supermercadosdeltaplus.model.Usuario)
                            - SQL table alias mapping - usuario2_
                            - alias suffix - 3_
                            - suffixed key columns - {idusuari1_9_3_}

16:53:31.714 [main] DEBUG o.h.l.c.plan.CollectionLoader - Static select for collection com.fabiocompany.supermercadosdeltaplus.model.Tipodepago.detalletickets: select detalletic0_.idtipodepago as idtipode8_8_0_, detalletic0_.iddetalleticket as iddetall1_2_0_, detalletic0_.iddetalleticket as iddetall1_2_1_, detalletic0_.idticket as idticket7_2_1_, detalletic0_.cantidad as cantidad2_2_1_, detalletic0_.cantidadporproducto as cantidad3_2_1_, detalletic0_.montodepago as montodep4_2_1_, detalletic0_.subtotal as subtotal5_2_1_, detalletic0_.idtipodepago as idtipode8_2_1_, detalletic0_.total as total6_2_1_, cabecerati1_.idticket as idticket1_0_2_, cabecerati1_.fecha as fecha2_0_2_, cabecerati1_.idusuario as idusuari3_0_2_, usuario2_.idusuario as idusuari1_9_3_, usuario2_.contraseniausuario as contrase2_9_3_, usuario2_.nombreusuario as nombreus3_9_3_, usuario2_.tipodeusuario as tipodeus4_9_3_ from detalleticket detalletic0_ left outer join cabeceraticket cabecerati1_ on detalletic0_.idticket=cabecerati1_.idticket left outer join usuario usuario2_ on cabecerati1_.idusuario=usuario2_.idusuario where detalletic0_.idtipodepago=?
16:53:31.715 [main] DEBUG o.h.l.p.b.i.spaces.QuerySpacesImpl - Adding QuerySpace : uid = <gen:0> -> org.hibernate.loader.plan.build.internal.spaces.CollectionQuerySpaceImpl@65b3a85a]
16:53:31.715 [main] DEBUG o.h.l.p.b.i.spaces.QuerySpacesImpl - Adding QuerySpace : uid = <gen:1> -> org.hibernate.loader.plan.build.internal.spaces.EntityQuerySpaceImpl@34997338]
16:53:31.715 [main] DEBUG o.h.p.w.spi.MetamodelGraphWalker - Visiting attribute path : descripcion
16:53:31.715 [main] DEBUG o.h.p.w.spi.MetamodelGraphWalker - Visiting attribute path : detalletickets
16:53:31.715 [main] DEBUG o.h.p.w.spi.MetamodelGraphWalker - Property path deemed to be circular : detalletickets
16:53:31.715 [main] DEBUG o.h.p.w.spi.MetamodelGraphWalker - Visiting attribute path : precio
16:53:31.715 [main] DEBUG o.h.l.p.b.i.FetchStyleLoadPlanBuildingAssociationVisitationStrategy - Building LoadPlan...
16:53:31.715 [main] DEBUG o.h.l.p.e.i.LoadQueryJoinAndFetchProcessor - processing queryspace <gen:0>
16:53:31.716 [main] DEBUG o.h.l.p.b.spi.LoadPlanTreePrinter - LoadPlan(collection=com.fabiocompany.supermercadosdeltaplus.model.Detalleticket.productos)
    - Returns
       - CollectionReturnImpl(collection=com.fabiocompany.supermercadosdeltaplus.model.Detalleticket.productos, querySpaceUid=<gen:0>, path=[com.fabiocompany.supermercadosdeltaplus.model.Detalleticket.productos])
          - (collection element) CollectionFetchableElementEntityGraph(entity=com.fabiocompany.supermercadosdeltaplus.model.Producto, querySpaceUid=<gen:1>, path=[com.fabiocompany.supermercadosdeltaplus.model.Detalleticket.productos].<elements>)
    - QuerySpaces
       - CollectionQuerySpaceImpl(uid=<gen:0>, collection=com.fabiocompany.supermercadosdeltaplus.model.Detalleticket.productos)
          - SQL table alias mapping - productos0_
          - alias suffix - 0_
          - suffixed key columns - {iddetall1_2_0_}
          - entity-element alias suffix - 1_
          - 1_entity-element suffixed key columns - idproduc1_4_1_
          - JOIN (JoinDefinedByMetadata(elements)) : <gen:0> -> <gen:1>
             - EntityQuerySpaceImpl(uid=<gen:1>, entity=com.fabiocompany.supermercadosdeltaplus.model.Producto)
                - SQL table alias mapping - producto1_
                - alias suffix - 1_
                - suffixed key columns - {idproduc1_4_1_}

16:53:31.716 [main] DEBUG o.h.l.c.plan.CollectionLoader - Static select for collection com.fabiocompany.supermercadosdeltaplus.model.Detalleticket.productos: select productos0_.iddetalleticket as iddetall1_2_0_, productos0_.idproducto as idproduc2_7_0_, producto1_.idproducto as idproduc1_4_1_, producto1_.descripcion as descripc2_4_1_, producto1_.precio as precio3_4_1_ from ticketsyproductos productos0_ inner join producto producto1_ on productos0_.idproducto=producto1_.idproducto where productos0_.iddetalleticket=?
16:53:31.716 [main] DEBUG o.h.l.p.b.i.spaces.QuerySpacesImpl - Adding QuerySpace : uid = <gen:0> -> org.hibernate.loader.plan.build.internal.spaces.CollectionQuerySpaceImpl@53d1b9b3]
16:53:31.716 [main] DEBUG o.h.l.p.b.i.spaces.QuerySpacesImpl - Adding QuerySpace : uid = <gen:1> -> org.hibernate.loader.plan.build.internal.spaces.EntityQuerySpaceImpl@2cae1042]
16:53:31.716 [main] DEBUG o.h.p.w.spi.MetamodelGraphWalker - Visiting attribute path : detalletickets
16:53:31.716 [main] DEBUG o.h.p.w.spi.MetamodelGraphWalker - Visiting attribute path : fecha
16:53:31.716 [main] DEBUG o.h.p.w.spi.MetamodelGraphWalker - Visiting attribute path : usuario
16:53:31.716 [main] DEBUG o.h.p.w.spi.MetamodelGraphWalker - Property path deemed to be circular : usuario
16:53:31.717 [main] DEBUG o.h.l.p.b.i.FetchStyleLoadPlanBuildingAssociationVisitationStrategy - Building LoadPlan...
16:53:31.717 [main] DEBUG o.h.l.p.e.i.LoadQueryJoinAndFetchProcessor - processing queryspace <gen:0>
16:53:31.717 [main] DEBUG o.h.l.p.b.spi.LoadPlanTreePrinter - LoadPlan(collection=com.fabiocompany.supermercadosdeltaplus.model.Usuario.cabeceratickets)
    - Returns
       - CollectionReturnImpl(collection=com.fabiocompany.supermercadosdeltaplus.model.Usuario.cabeceratickets, querySpaceUid=<gen:0>, path=[com.fabiocompany.supermercadosdeltaplus.model.Usuario.cabeceratickets])
          - (collection element) CollectionFetchableElementEntityGraph(entity=com.fabiocompany.supermercadosdeltaplus.model.Cabeceraticket, querySpaceUid=<gen:1>, path=[com.fabiocompany.supermercadosdeltaplus.model.Usuario.cabeceratickets].<elements>)
    - QuerySpaces
       - CollectionQuerySpaceImpl(uid=<gen:0>, collection=com.fabiocompany.supermercadosdeltaplus.model.Usuario.cabeceratickets)
          - SQL table alias mapping - cabecerati0_
          - alias suffix - 0_
          - suffixed key columns - {idusuari3_9_0_}
          - entity-element alias suffix - 1_
          - 1_entity-element suffixed key columns - idticket1_0_1_
          - JOIN (JoinDefinedByMetadata(elements)) : <gen:0> -> <gen:1>
             - EntityQuerySpaceImpl(uid=<gen:1>, entity=com.fabiocompany.supermercadosdeltaplus.model.Cabeceraticket)
                - SQL table alias mapping - cabecerati0_
                - alias suffix - 1_
                - suffixed key columns - {idticket1_0_1_}

16:53:31.718 [main] DEBUG o.h.l.c.plan.CollectionLoader - Static select for collection com.fabiocompany.supermercadosdeltaplus.model.Usuario.cabeceratickets: select cabecerati0_.idusuario as idusuari3_9_0_, cabecerati0_.idticket as idticket1_0_0_, cabecerati0_.idticket as idticket1_0_1_, cabecerati0_.fecha as fecha2_0_1_, cabecerati0_.idusuario as idusuari3_0_1_ from cabeceraticket cabecerati0_ where cabecerati0_.idusuario=?
16:53:31.718 [main] DEBUG o.h.l.p.b.i.spaces.QuerySpacesImpl - Adding QuerySpace : uid = <gen:0> -> org.hibernate.loader.plan.build.internal.spaces.CollectionQuerySpaceImpl@2262b621]
16:53:31.718 [main] DEBUG o.h.l.p.b.i.spaces.QuerySpacesImpl - Adding QuerySpace : uid = <gen:1> -> org.hibernate.loader.plan.build.internal.spaces.EntityQuerySpaceImpl@7e928e2f]
16:53:31.718 [main] DEBUG o.h.p.w.spi.MetamodelGraphWalker - Visiting attribute path : cabeceraticket
16:53:31.718 [main] DEBUG o.h.p.w.spi.MetamodelGraphWalker - Property path deemed to be circular : cabeceraticket
16:53:31.718 [main] DEBUG o.h.p.w.spi.MetamodelGraphWalker - Visiting attribute path : cantidad
16:53:31.718 [main] DEBUG o.h.p.w.spi.MetamodelGraphWalker - Visiting attribute path : cantidadporproducto
16:53:31.718 [main] DEBUG o.h.p.w.spi.MetamodelGraphWalker - Visiting attribute path : detalleofertas
16:53:31.718 [main] DEBUG o.h.p.w.spi.MetamodelGraphWalker - Visiting attribute path : montodepago
16:53:31.718 [main] DEBUG o.h.p.w.spi.MetamodelGraphWalker - Visiting attribute path : productos
16:53:31.718 [main] DEBUG o.h.p.w.spi.MetamodelGraphWalker - Visiting attribute path : subtotal
16:53:31.718 [main] DEBUG o.h.p.w.spi.MetamodelGraphWalker - Visiting attribute path : tipodepago
16:53:31.718 [main] DEBUG o.h.l.p.b.i.spaces.QuerySpacesImpl - Adding QuerySpace : uid = <gen:2> -> org.hibernate.loader.plan.build.internal.spaces.EntityQuerySpaceImpl@4febb875]
16:53:31.718 [main] DEBUG o.h.p.w.spi.MetamodelGraphWalker - Visiting attribute path : tipodepago.descripciontipodepago
16:53:31.718 [main] DEBUG o.h.p.w.spi.MetamodelGraphWalker - Visiting attribute path : tipodepago.detalletickets
16:53:31.718 [main] DEBUG o.h.p.w.spi.MetamodelGraphWalker - Property path deemed to be circular : tipodepago.detalletickets
16:53:31.718 [main] DEBUG o.h.p.w.spi.MetamodelGraphWalker - Visiting attribute path : tipodepago.tarjetas
16:53:31.719 [main] DEBUG o.h.p.w.spi.MetamodelGraphWalker - Visiting attribute path : total
16:53:31.719 [main] DEBUG o.h.l.p.b.i.FetchStyleLoadPlanBuildingAssociationVisitationStrategy - Building LoadPlan...
16:53:31.719 [main] DEBUG o.h.l.p.e.i.LoadQueryJoinAndFetchProcessor - processing queryspace <gen:0>
16:53:31.719 [main] DEBUG o.h.l.p.b.spi.LoadPlanTreePrinter - LoadPlan(collection=com.fabiocompany.supermercadosdeltaplus.model.Cabeceraticket.detalletickets)
    - Returns
       - CollectionReturnImpl(collection=com.fabiocompany.supermercadosdeltaplus.model.Cabeceraticket.detalletickets, querySpaceUid=<gen:0>, path=[com.fabiocompany.supermercadosdeltaplus.model.Cabeceraticket.detalletickets])
          - (collection element) CollectionFetchableElementEntityGraph(entity=com.fabiocompany.supermercadosdeltaplus.model.Detalleticket, querySpaceUid=<gen:1>, path=[com.fabiocompany.supermercadosdeltaplus.model.Cabeceraticket.detalletickets].<elements>)
             - EntityAttributeFetchImpl(entity=com.fabiocompany.supermercadosdeltaplus.model.Tipodepago, querySpaceUid=<gen:2>, path=[com.fabiocompany.supermercadosdeltaplus.model.Cabeceraticket.detalletickets].<elements>.tipodepago)
    - QuerySpaces
       - CollectionQuerySpaceImpl(uid=<gen:0>, collection=com.fabiocompany.supermercadosdeltaplus.model.Cabeceraticket.detalletickets)
          - SQL table alias mapping - detalletic0_
          - alias suffix - 0_
          - suffixed key columns - {idticket7_0_0_}
          - entity-element alias suffix - 1_
          - 1_entity-element suffixed key columns - iddetall1_2_1_
          - JOIN (JoinDefinedByMetadata(elements)) : <gen:0> -> <gen:1>
             - EntityQuerySpaceImpl(uid=<gen:1>, entity=com.fabiocompany.supermercadosdeltaplus.model.Detalleticket)
                - SQL table alias mapping - detalletic0_
                - alias suffix - 1_
                - suffixed key columns - {iddetall1_2_1_}
                - JOIN (JoinDefinedByMetadata(tipodepago)) : <gen:1> -> <gen:2>
                   - EntityQuerySpaceImpl(uid=<gen:2>, entity=com.fabiocompany.supermercadosdeltaplus.model.Tipodepago)
                      - SQL table alias mapping - tipodepago1_
                      - alias suffix - 2_
                      - suffixed key columns - {idtipode1_8_2_}

16:53:31.719 [main] DEBUG o.h.l.c.plan.CollectionLoader - Static select for collection com.fabiocompany.supermercadosdeltaplus.model.Cabeceraticket.detalletickets: select detalletic0_.idticket as idticket7_0_0_, detalletic0_.iddetalleticket as iddetall1_2_0_, detalletic0_.iddetalleticket as iddetall1_2_1_, detalletic0_.idticket as idticket7_2_1_, detalletic0_.cantidad as cantidad2_2_1_, detalletic0_.cantidadporproducto as cantidad3_2_1_, detalletic0_.montodepago as montodep4_2_1_, detalletic0_.subtotal as subtotal5_2_1_, detalletic0_.idtipodepago as idtipode8_2_1_, detalletic0_.total as total6_2_1_, tipodepago1_.idtipodepago as idtipode1_8_2_, tipodepago1_.descripciontipodepago as descripc2_8_2_ from detalleticket detalletic0_ left outer join tipodepago tipodepago1_ on detalletic0_.idtipodepago=tipodepago1_.idtipodepago where detalletic0_.idticket=?
16:53:31.719 [main] DEBUG o.h.l.p.b.i.spaces.QuerySpacesImpl - Adding QuerySpace : uid = <gen:0> -> org.hibernate.loader.plan.build.internal.spaces.CollectionQuerySpaceImpl@1698ee84]
16:53:31.720 [main] DEBUG o.h.l.p.b.i.spaces.QuerySpacesImpl - Adding QuerySpace : uid = <gen:1> -> org.hibernate.loader.plan.build.internal.spaces.EntityQuerySpaceImpl@10c626be]
16:53:31.720 [main] DEBUG o.h.p.w.spi.MetamodelGraphWalker - Visiting attribute path : cabeceraticket
16:53:31.720 [main] DEBUG o.h.l.p.b.i.spaces.QuerySpacesImpl - Adding QuerySpace : uid = <gen:2> -> org.hibernate.loader.plan.build.internal.spaces.EntityQuerySpaceImpl@63b1d4fa]
16:53:31.720 [main] DEBUG o.h.p.w.spi.MetamodelGraphWalker - Visiting attribute path : cabeceraticket.detalletickets
16:53:31.720 [main] DEBUG o.h.p.w.spi.MetamodelGraphWalker - Property path deemed to be circular : cabeceraticket.detalletickets
16:53:31.720 [main] DEBUG o.h.p.w.spi.MetamodelGraphWalker - Visiting attribute path : cabeceraticket.fecha
16:53:31.720 [main] DEBUG o.h.p.w.spi.MetamodelGraphWalker - Visiting attribute path : cabeceraticket.usuario
16:53:31.720 [main] DEBUG o.h.l.p.b.i.spaces.QuerySpacesImpl - Adding QuerySpace : uid = <gen:3> -> org.hibernate.loader.plan.build.internal.spaces.EntityQuerySpaceImpl@201b6b6f]
16:53:31.720 [main] DEBUG o.h.p.w.spi.MetamodelGraphWalker - Visiting attribute path : cabeceraticket.usuario.cabeceratickets
16:53:31.720 [main] DEBUG o.h.p.w.spi.MetamodelGraphWalker - Property path deemed to be circular : cabeceraticket.usuario.cabeceratickets
16:53:31.720 [main] DEBUG o.h.p.w.spi.MetamodelGraphWalker - Visiting attribute path : cabeceraticket.usuario.contraseniausuario
16:53:31.720 [main] DEBUG o.h.p.w.spi.MetamodelGraphWalker - Visiting attribute path : cabeceraticket.usuario.nombreusuario
16:53:31.720 [main] DEBUG o.h.p.w.spi.MetamodelGraphWalker - Visiting attribute path : cabeceraticket.usuario.tipodeusuario
16:53:31.720 [main] DEBUG o.h.p.w.spi.MetamodelGraphWalker - Visiting attribute path : cabeceraticket.usuario.personausuario
16:53:31.720 [main] DEBUG o.h.l.p.b.i.spaces.QuerySpacesImpl - Adding QuerySpace : uid = <gen:4> -> org.hibernate.loader.plan.build.internal.spaces.EntityQuerySpaceImpl@183e8023]
16:53:31.720 [main] DEBUG o.h.p.w.spi.MetamodelGraphWalker - Visiting attribute path : cantidad
16:53:31.720 [main] DEBUG o.h.p.w.spi.MetamodelGraphWalker - Visiting attribute path : cantidadporproducto
16:53:31.720 [main] DEBUG o.h.p.w.spi.MetamodelGraphWalker - Visiting attribute path : detalleofertas
16:53:31.720 [main] DEBUG o.h.p.w.spi.MetamodelGraphWalker - Property path deemed to be circular : detalleofertas
16:53:31.720 [main] DEBUG o.h.p.w.spi.MetamodelGraphWalker - Visiting attribute path : montodepago
16:53:31.720 [main] DEBUG o.h.p.w.spi.MetamodelGraphWalker - Visiting attribute path : productos
16:53:31.721 [main] DEBUG o.h.p.w.spi.MetamodelGraphWalker - Visiting attribute path : subtotal
16:53:31.721 [main] DEBUG o.h.p.w.spi.MetamodelGraphWalker - Visiting attribute path : tipodepago
16:53:31.721 [main] DEBUG o.h.l.p.b.i.spaces.QuerySpacesImpl - Adding QuerySpace : uid = <gen:5> -> org.hibernate.loader.plan.build.internal.spaces.EntityQuerySpaceImpl@45efc20d]
16:53:31.721 [main] DEBUG o.h.p.w.spi.MetamodelGraphWalker - Visiting attribute path : tipodepago.descripciontipodepago
16:53:31.721 [main] DEBUG o.h.p.w.spi.MetamodelGraphWalker - Visiting attribute path : tipodepago.detalletickets
16:53:31.721 [main] DEBUG o.h.p.w.spi.MetamodelGraphWalker - Property path deemed to be circular : tipodepago.detalletickets
16:53:31.721 [main] DEBUG o.h.p.w.spi.MetamodelGraphWalker - Visiting attribute path : tipodepago.tarjetas
16:53:31.721 [main] DEBUG o.h.p.w.spi.MetamodelGraphWalker - Visiting attribute path : total
16:53:31.721 [main] DEBUG o.h.l.p.b.i.FetchStyleLoadPlanBuildingAssociationVisitationStrategy - Building LoadPlan...
16:53:31.721 [main] DEBUG o.h.l.p.e.i.LoadQueryJoinAndFetchProcessor - processing queryspace <gen:0>
16:53:31.722 [main] DEBUG o.h.l.p.b.spi.LoadPlanTreePrinter - LoadPlan(collection=com.fabiocompany.supermercadosdeltaplus.model.Detalleoferta.detalletickets)
    - Returns
       - CollectionReturnImpl(collection=com.fabiocompany.supermercadosdeltaplus.model.Detalleoferta.detalletickets, querySpaceUid=<gen:0>, path=[com.fabiocompany.supermercadosdeltaplus.model.Detalleoferta.detalletickets])
          - (collection element) CollectionFetchableElementEntityGraph(entity=com.fabiocompany.supermercadosdeltaplus.model.Detalleticket, querySpaceUid=<gen:1>, path=[com.fabiocompany.supermercadosdeltaplus.model.Detalleoferta.detalletickets].<elements>)
             - EntityAttributeFetchImpl(entity=com.fabiocompany.supermercadosdeltaplus.model.Cabeceraticket, querySpaceUid=<gen:2>, path=[com.fabiocompany.supermercadosdeltaplus.model.Detalleoferta.detalletickets].<elements>.cabeceraticket)
                - EntityAttributeFetchImpl(entity=com.fabiocompany.supermercadosdeltaplus.model.Usuario, querySpaceUid=<gen:3>, path=[com.fabiocompany.supermercadosdeltaplus.model.Detalleoferta.detalletickets].<elements>.cabeceraticket.usuario)
                   - EntityAttributeFetchImpl(entity=com.fabiocompany.supermercadosdeltaplus.model.Personausuario, querySpaceUid=<gen:4>, path=[com.fabiocompany.supermercadosdeltaplus.model.Detalleoferta.detalletickets].<elements>.cabeceraticket.usuario.personausuario)
             - EntityAttributeFetchImpl(entity=com.fabiocompany.supermercadosdeltaplus.model.Tipodepago, querySpaceUid=<gen:5>, path=[com.fabiocompany.supermercadosdeltaplus.model.Detalleoferta.detalletickets].<elements>.tipodepago)
    - QuerySpaces
       - CollectionQuerySpaceImpl(uid=<gen:0>, collection=com.fabiocompany.supermercadosdeltaplus.model.Detalleoferta.detalletickets)
          - SQL table alias mapping - detalletic0_
          - alias suffix - 0_
          - suffixed key columns - {iddetall2_1_0_}
          - entity-element alias suffix - 1_
          - 1_entity-element suffixed key columns - iddetall1_2_1_
          - JOIN (JoinDefinedByMetadata(elements)) : <gen:0> -> <gen:1>
             - EntityQuerySpaceImpl(uid=<gen:1>, entity=com.fabiocompany.supermercadosdeltaplus.model.Detalleticket)
                - SQL table alias mapping - detalletic1_
                - alias suffix - 1_
                - suffixed key columns - {iddetall1_2_1_}
                - JOIN (JoinDefinedByMetadata(cabeceraticket)) : <gen:1> -> <gen:2>
                   - EntityQuerySpaceImpl(uid=<gen:2>, entity=com.fabiocompany.supermercadosdeltaplus.model.Cabeceraticket)
                      - SQL table alias mapping - cabecerati2_
                      - alias suffix - 2_
                      - suffixed key columns - {idticket1_0_2_}
                      - JOIN (JoinDefinedByMetadata(usuario)) : <gen:2> -> <gen:3>
                         - EntityQuerySpaceImpl(uid=<gen:3>, entity=com.fabiocompany.supermercadosdeltaplus.model.Usuario)
                            - SQL table alias mapping - usuario3_
                            - alias suffix - 3_
                            - suffixed key columns - {idusuari1_9_3_}
                - JOIN (JoinDefinedByMetadata(tipodepago)) : <gen:1> -> <gen:5>
                   - EntityQuerySpaceImpl(uid=<gen:5>, entity=com.fabiocompany.supermercadosdeltaplus.model.Tipodepago)
                      - SQL table alias mapping - tipodepago4_
                      - alias suffix - 4_
                      - suffixed key columns - {idtipode1_8_4_}

16:53:31.722 [main] DEBUG o.h.l.c.plan.CollectionLoader - Static select for collection com.fabiocompany.supermercadosdeltaplus.model.Detalleoferta.detalletickets: select detalletic0_.iddetalleoferta as iddetall2_1_0_, detalletic0_.iddetalleticket as iddetall1_6_0_, detalletic1_.iddetalleticket as iddetall1_2_1_, detalletic1_.idticket as idticket7_2_1_, detalletic1_.cantidad as cantidad2_2_1_, detalletic1_.cantidadporproducto as cantidad3_2_1_, detalletic1_.montodepago as montodep4_2_1_, detalletic1_.subtotal as subtotal5_2_1_, detalletic1_.idtipodepago as idtipode8_2_1_, detalletic1_.total as total6_2_1_, cabecerati2_.idticket as idticket1_0_2_, cabecerati2_.fecha as fecha2_0_2_, cabecerati2_.idusuario as idusuari3_0_2_, usuario3_.idusuario as idusuari1_9_3_, usuario3_.contraseniausuario as contrase2_9_3_, usuario3_.nombreusuario as nombreus3_9_3_, usuario3_.tipodeusuario as tipodeus4_9_3_, tipodepago4_.idtipodepago as idtipode1_8_4_, tipodepago4_.descripciontipodepago as descripc2_8_4_ from ticketsyofertas detalletic0_ inner join detalleticket detalletic1_ on detalletic0_.iddetalleticket=detalletic1_.iddetalleticket left outer join cabeceraticket cabecerati2_ on detalletic1_.idticket=cabecerati2_.idticket left outer join usuario usuario3_ on cabecerati2_.idusuario=usuario3_.idusuario left outer join tipodepago tipodepago4_ on detalletic1_.idtipodepago=tipodepago4_.idtipodepago where detalletic0_.iddetalleoferta=?
16:53:31.724 [main] DEBUG o.h.internal.SessionFactoryRegistry - Initializing SessionFactoryRegistry : org.hibernate.internal.SessionFactoryRegistry@15cafec7
16:53:31.727 [main] DEBUG o.h.internal.SessionFactoryRegistry - Registering SessionFactory: d7b99746-1aaa-495f-a3fa-6a203f2da883 (<unnamed>)
16:53:31.727 [main] DEBUG o.h.internal.SessionFactoryRegistry - Not binding SessionFactory to JNDI, no JNDI name configured
16:53:31.727 [main] DEBUG o.h.internal.SessionFactoryImpl - Instantiated session factory
16:53:31.732 [main] INFO  o.h.tool.hbm2ddl.SchemaUpdate - HHH000228: Running hbm2ddl schema update
16:53:31.732 [main] INFO  o.h.tool.hbm2ddl.SchemaUpdate - HHH000102: Fetching database metadata
16:53:31.732 [main] DEBUG c.m.v.c.i.C3P0PooledConnectionPool - Testing PooledConnection [com.mchange.v2.c3p0.impl.NewPooledConnection@7a057a58] on CHECKOUT.
16:53:31.733 [main] DEBUG c.m.v.c3p0.stmt.GooGooStatementCache - checkinAll(): com.mchange.v2.c3p0.stmt.GlobalMaxOnlyStatementCache stats -- total size: 0; checked out: 0; num connections: 0; num keys: 0
16:53:31.733 [main] DEBUG c.m.v.c.i.C3P0PooledConnectionPool - Test of PooledConnection [com.mchange.v2.c3p0.impl.NewPooledConnection@7a057a58] on CHECKOUT has SUCCEEDED.
16:53:31.733 [main] DEBUG c.m.v.resourcepool.BasicResourcePool - trace com.mchange.v2.resourcepool.BasicResourcePool@45ca843 [managed: 5, unused: 4, excluded: 0] (e.g. com.mchange.v2.c3p0.impl.NewPooledConnection@3f68ac68)
16:53:31.736 [main] INFO  o.h.tool.hbm2ddl.SchemaUpdate - HHH000396: Updating schema
16:53:31.736 [main] DEBUG org.hibernate.cfg.Configuration - Processing hbm.xml files
16:53:31.736 [main] DEBUG org.hibernate.cfg.Configuration - Process annotated classes
16:53:31.736 [main] DEBUG org.hibernate.cfg.Configuration - Processing fk mappings (*ToOne and JoinedSubclass)
16:53:31.736 [main] DEBUG org.hibernate.cfg.Configuration - Processing extends queue
16:53:31.736 [main] DEBUG org.hibernate.cfg.Configuration - Processing extends queue
16:53:31.736 [main] DEBUG org.hibernate.cfg.Configuration - Processing collection mappings
16:53:31.736 [main] DEBUG org.hibernate.cfg.Configuration - Processing native query and ResultSetMapping mappings
16:53:31.736 [main] DEBUG org.hibernate.cfg.Configuration - Processing association property references
16:53:31.736 [main] DEBUG org.hibernate.cfg.Configuration - Creating tables' unique integer identifiers
16:53:31.736 [main] DEBUG org.hibernate.cfg.Configuration - Processing foreign key constraints
16:53:31.736 [main] DEBUG org.hibernate.cfg.Configuration - Resolving reference to class: com.fabiocompany.supermercadosdeltaplus.model.Usuario
16:53:31.737 [main] DEBUG org.hibernate.cfg.Configuration - Resolving reference to class: com.fabiocompany.supermercadosdeltaplus.model.Cabeceraticket
16:53:31.737 [main] DEBUG org.hibernate.cfg.Configuration - Resolving reference to class: com.fabiocompany.supermercadosdeltaplus.model.Tipodepago
16:53:31.737 [main] DEBUG org.hibernate.cfg.Configuration - Resolving reference to class: com.fabiocompany.supermercadosdeltaplus.model.Tipodepago
16:53:31.737 [main] DEBUG org.hibernate.cfg.Configuration - Resolving reference to class: com.fabiocompany.supermercadosdeltaplus.model.Detalleoferta
16:53:31.737 [main] DEBUG org.hibernate.cfg.Configuration - Resolving reference to class: com.fabiocompany.supermercadosdeltaplus.model.Detalleticket
16:53:31.737 [main] DEBUG org.hibernate.cfg.Configuration - Resolving reference to class: com.fabiocompany.supermercadosdeltaplus.model.Producto
16:53:31.737 [main] DEBUG org.hibernate.cfg.Configuration - Resolving reference to class: com.fabiocompany.supermercadosdeltaplus.model.Detalleticket
16:53:31.770 [main] INFO  o.h.tool.hbm2ddl.TableMetadata - HHH000261: Table found: supermercadosdeltaplus.cabeceraticket
16:53:31.770 [main] INFO  o.h.tool.hbm2ddl.TableMetadata - HHH000037: Columns: [fecha, idticket, idusuario]
16:53:31.770 [main] INFO  o.h.tool.hbm2ddl.TableMetadata - HHH000108: Foreign keys: [fk_qui7ixjy3hjmayulkuek5yuwr]
16:53:31.770 [main] INFO  o.h.tool.hbm2ddl.TableMetadata - HHH000126: Indexes: [fk_qui7ixjy3hjmayulkuek5yuwr, primary]
16:53:31.781 [main] INFO  o.h.tool.hbm2ddl.TableMetadata - HHH000261: Table found: supermercadosdeltaplus.detalleoferta
16:53:31.781 [main] INFO  o.h.tool.hbm2ddl.TableMetadata - HHH000037: Columns: [iddetalleoferta, descripciondepromocion, montodedescuento]
16:53:31.781 [main] INFO  o.h.tool.hbm2ddl.TableMetadata - HHH000108: Foreign keys: []
16:53:31.781 [main] INFO  o.h.tool.hbm2ddl.TableMetadata - HHH000126: Indexes: [primary]
16:53:31.792 [main] INFO  o.h.tool.hbm2ddl.TableMetadata - HHH000261: Table found: supermercadosdeltaplus.detalleticket
16:53:31.792 [main] INFO  o.h.tool.hbm2ddl.TableMetadata - HHH000037: Columns: [total, idtipodepago, montodepago, idticket, cantidadporproducto, subtotal, cantidad, iddetalleticket]
16:53:31.792 [main] INFO  o.h.tool.hbm2ddl.TableMetadata - HHH000108: Foreign keys: [fk_15yxgmo96f96jiiqc2u3njuhs, fk_1ut6nit8eqoshirpgqdaopwmr]
16:53:31.792 [main] INFO  o.h.tool.hbm2ddl.TableMetadata - HHH000126: Indexes: [fk_15yxgmo96f96jiiqc2u3njuhs, fk_1ut6nit8eqoshirpgqdaopwmr, primary]
16:53:31.801 [main] INFO  o.h.tool.hbm2ddl.TableMetadata - HHH000261: Table found: supermercadosdeltaplus.personausuario
16:53:31.801 [main] INFO  o.h.tool.hbm2ddl.TableMetadata - HHH000037: Columns: [numerodetelefono, correo, nombrepersonausuario, idpersonausuario, dnipersonausuario]
16:53:31.801 [main] INFO  o.h.tool.hbm2ddl.TableMetadata - HHH000108: Foreign keys: []
16:53:31.801 [main] INFO  o.h.tool.hbm2ddl.TableMetadata - HHH000126: Indexes: [primary]
16:53:31.808 [main] INFO  o.h.tool.hbm2ddl.TableMetadata - HHH000261: Table found: supermercadosdeltaplus.producto
16:53:31.808 [main] INFO  o.h.tool.hbm2ddl.TableMetadata - HHH000037: Columns: [descripcion, precio, idproducto]
16:53:31.808 [main] INFO  o.h.tool.hbm2ddl.TableMetadata - HHH000108: Foreign keys: []
16:53:31.808 [main] INFO  o.h.tool.hbm2ddl.TableMetadata - HHH000126: Indexes: [primary]
16:53:31.819 [main] INFO  o.h.tool.hbm2ddl.TableMetadata - HHH000261: Table found: supermercadosdeltaplus.tarjeta
16:53:31.820 [main] INFO  o.h.tool.hbm2ddl.TableMetadata - HHH000037: Columns: [numtarjeta, idtipodepago, nombretarjeta, idtarjeta]
16:53:31.820 [main] INFO  o.h.tool.hbm2ddl.TableMetadata - HHH000108: Foreign keys: [fk_t9n19g2g52f57st0tvswpx6na]
16:53:31.820 [main] INFO  o.h.tool.hbm2ddl.TableMetadata - HHH000126: Indexes: [fk_t9n19g2g52f57st0tvswpx6na, primary]
16:53:31.832 [main] INFO  o.h.tool.hbm2ddl.TableMetadata - HHH000261: Table found: supermercadosdeltaplus.ticketsyofertas
16:53:31.832 [main] INFO  o.h.tool.hbm2ddl.TableMetadata - HHH000037: Columns: [iddetalleoferta, iddetalleticket]
16:53:31.832 [main] INFO  o.h.tool.hbm2ddl.TableMetadata - HHH000108: Foreign keys: [fk_l1nov9sn9queoor19q2y1ujc4, fk_i2dcekvfv4h2ng1n4kmq8ljl8]
16:53:31.832 [main] INFO  o.h.tool.hbm2ddl.TableMetadata - HHH000126: Indexes: [fk_l1nov9sn9queoor19q2y1ujc4, primary]
16:53:31.847 [main] INFO  o.h.tool.hbm2ddl.TableMetadata - HHH000261: Table found: supermercadosdeltaplus.ticketsyproductos
16:53:31.847 [main] INFO  o.h.tool.hbm2ddl.TableMetadata - HHH000037: Columns: [idproducto, iddetalleticket]
16:53:31.847 [main] INFO  o.h.tool.hbm2ddl.TableMetadata - HHH000108: Foreign keys: [fk_n7lvm0x8cnv4jxrhfpkp2toek, fk_50t6yq5kid4npqbhdr4a1etua]
16:53:31.847 [main] INFO  o.h.tool.hbm2ddl.TableMetadata - HHH000126: Indexes: [fk_50t6yq5kid4npqbhdr4a1etua, primary]
16:53:31.856 [main] INFO  o.h.tool.hbm2ddl.TableMetadata - HHH000261: Table found: supermercadosdeltaplus.tipodepago
16:53:31.856 [main] INFO  o.h.tool.hbm2ddl.TableMetadata - HHH000037: Columns: [descripciontipodepago, idtipodepago]
16:53:31.856 [main] INFO  o.h.tool.hbm2ddl.TableMetadata - HHH000108: Foreign keys: []
16:53:31.857 [main] INFO  o.h.tool.hbm2ddl.TableMetadata - HHH000126: Indexes: [primary]
16:53:31.864 [main] INFO  o.h.tool.hbm2ddl.TableMetadata - HHH000261: Table found: supermercadosdeltaplus.usuario
16:53:31.864 [main] INFO  o.h.tool.hbm2ddl.TableMetadata - HHH000037: Columns: [nombreusuario, tipodeusuario, contraseniausuario, idusuario]
16:53:31.864 [main] INFO  o.h.tool.hbm2ddl.TableMetadata - HHH000108: Foreign keys: []
16:53:31.865 [main] INFO  o.h.tool.hbm2ddl.TableMetadata - HHH000126: Indexes: [primary]
16:53:31.865 [main] DEBUG o.h.i.f.i.DefaultIdentifierGeneratorFactory - Setting dialect [org.hibernate.dialect.MySQLDialect]
16:53:31.866 [main] DEBUG o.h.i.f.i.DefaultIdentifierGeneratorFactory - Setting dialect [org.hibernate.dialect.MySQLDialect]
16:53:31.866 [main] DEBUG o.h.i.f.i.DefaultIdentifierGeneratorFactory - Setting dialect [org.hibernate.dialect.MySQLDialect]
16:53:31.867 [main] DEBUG o.h.i.f.i.DefaultIdentifierGeneratorFactory - Setting dialect [org.hibernate.dialect.MySQLDialect]
16:53:31.867 [main] DEBUG o.h.i.f.i.DefaultIdentifierGeneratorFactory - Setting dialect [org.hibernate.dialect.MySQLDialect]
16:53:31.867 [main] DEBUG o.h.i.f.i.DefaultIdentifierGeneratorFactory - Setting dialect [org.hibernate.dialect.MySQLDialect]
16:53:31.867 [main] DEBUG o.h.i.f.i.DefaultIdentifierGeneratorFactory - Setting dialect [org.hibernate.dialect.MySQLDialect]
16:53:31.867 [main] DEBUG o.h.i.f.i.DefaultIdentifierGeneratorFactory - Setting dialect [org.hibernate.dialect.MySQLDialect]
16:53:31.868 [main] INFO  o.h.tool.hbm2ddl.SchemaUpdate - HHH000232: Schema update complete
16:53:31.869 [main] DEBUG c.m.v.c3p0.stmt.GooGooStatementCache - checkinAll(): com.mchange.v2.c3p0.stmt.GlobalMaxOnlyStatementCache stats -- total size: 0; checked out: 0; num connections: 0; num keys: 0
16:53:31.870 [main] DEBUG c.m.v.a.ThreadPoolAsynchronousRunner - com.mchange.v2.async.ThreadPoolAsynchronousRunner@568ff82: Adding task to queue -- com.mchange.v2.resourcepool.BasicResourcePool$1RefurbishCheckinResourceTask@76f7d241
16:53:31.870 [main] DEBUG c.m.v.resourcepool.BasicResourcePool - trace com.mchange.v2.resourcepool.BasicResourcePool@45ca843 [managed: 5, unused: 4, excluded: 0] (e.g. com.mchange.v2.c3p0.impl.NewPooledConnection@3f68ac68)
16:53:31.870 [C3P0PooledConnectionPoolManager[identityToken->z8kfsx9q1mx42su1v0syda|69453e37]-HelperThread-#1] DEBUG c.m.v.c3p0.stmt.GooGooStatementCache - checkinAll(): com.mchange.v2.c3p0.stmt.GlobalMaxOnlyStatementCache stats -- total size: 0; checked out: 0; num connections: 0; num keys: 0
16:53:31.875 [main] DEBUG o.h.internal.NamedQueryRepository - Checking 0 named HQL queries
16:53:31.875 [main] DEBUG o.h.internal.NamedQueryRepository - Checking 0 named SQL queries
16:53:31.882 [main] DEBUG o.h.s.internal.StatisticsInitiator - Statistics initialized [enabled=false]
16:53:31.938 [main] DEBUG o.h.e.t.spi.AbstractTransactionImpl - begin
16:53:31.938 [main] DEBUG o.h.e.j.i.LogicalConnectionImpl - Obtaining JDBC connection
16:53:31.938 [main] DEBUG c.m.v.c.i.C3P0PooledConnectionPool - Testing PooledConnection [com.mchange.v2.c3p0.impl.NewPooledConnection@7a057a58] on CHECKOUT.
16:53:31.939 [main] DEBUG c.m.v.c3p0.stmt.GooGooStatementCache - checkinAll(): com.mchange.v2.c3p0.stmt.GlobalMaxOnlyStatementCache stats -- total size: 0; checked out: 0; num connections: 0; num keys: 0
16:53:31.939 [main] DEBUG c.m.v.c.i.C3P0PooledConnectionPool - Test of PooledConnection [com.mchange.v2.c3p0.impl.NewPooledConnection@7a057a58] on CHECKOUT has SUCCEEDED.
16:53:31.940 [main] DEBUG c.m.v.resourcepool.BasicResourcePool - trace com.mchange.v2.resourcepool.BasicResourcePool@45ca843 [managed: 5, unused: 4, excluded: 0] (e.g. com.mchange.v2.c3p0.impl.NewPooledConnection@3f68ac68)
16:53:31.940 [main] DEBUG o.h.e.j.i.LogicalConnectionImpl - Obtained JDBC connection
16:53:31.940 [main] DEBUG o.h.e.t.i.jdbc.JdbcTransaction - initial autocommit status: false
16:53:32.005 [main] DEBUG org.hibernate.engine.spi.ActionQueue - Executing identity-insert immediately
16:53:32.010 [main] DEBUG org.hibernate.SQL - 
    insert 
    into
        usuario
        (contraseniausuario, nombreusuario, tipodeusuario) 
    values
        (?, ?, ?)
Hibernate: 
    insert 
    into
        usuario
        (contraseniausuario, nombreusuario, tipodeusuario) 
    values
        (?, ?, ?)
16:53:32.013 [main] DEBUG c.m.v.a.ThreadPoolAsynchronousRunner - com.mchange.v2.async.ThreadPoolAsynchronousRunner@568ff82: Adding task to queue -- com.mchange.v2.c3p0.stmt.GooGooStatementCache$1StmtAcquireTask@11acdc30
16:53:32.032 [main] DEBUG c.m.v.c3p0.stmt.GooGooStatementCache - cxnStmtMgr.statementSet( com.mysql.jdbc.JDBC4Connection@7097f609 ).size(): 1
16:53:32.033 [main] DEBUG c.m.v.c3p0.stmt.GooGooStatementCache - checkoutStatement: com.mchange.v2.c3p0.stmt.GlobalMaxOnlyStatementCache stats -- total size: 1; checked out: 1; num connections: 1; num keys: 1
16:53:32.043 [main] DEBUG o.h.id.IdentifierGeneratorHelper - Natively generated identity: 8
16:53:32.053 [main] DEBUG c.m.v.c3p0.stmt.GooGooStatementCache - checkinStatement(): com.mchange.v2.c3p0.stmt.GlobalMaxOnlyStatementCache stats -- total size: 1; checked out: 0; num connections: 1; num keys: 1
16:53:32.057 [main] DEBUG org.hibernate.engine.spi.ActionQueue - Executing identity-insert immediately
16:53:32.058 [main] DEBUG org.hibernate.SQL - 
    insert 
    into
        personausuario
        (correo, dnipersonausuario, nombrepersonausuario, numerodetelefono) 
    values
        (?, ?, ?, ?)
Hibernate: 
    insert 
    into
        personausuario
        (correo, dnipersonausuario, nombrepersonausuario, numerodetelefono) 
    values
        (?, ?, ?, ?)
16:53:32.058 [main] DEBUG c.m.v.a.ThreadPoolAsynchronousRunner - com.mchange.v2.async.ThreadPoolAsynchronousRunner@568ff82: Adding task to queue -- com.mchange.v2.c3p0.stmt.GooGooStatementCache$1StmtAcquireTask@12cd9150
16:53:32.058 [main] DEBUG c.m.v.c3p0.stmt.GooGooStatementCache - cxnStmtMgr.statementSet( com.mysql.jdbc.JDBC4Connection@7097f609 ).size(): 2
16:53:32.058 [main] DEBUG c.m.v.c3p0.stmt.GooGooStatementCache - checkoutStatement: com.mchange.v2.c3p0.stmt.GlobalMaxOnlyStatementCache stats -- total size: 2; checked out: 1; num connections: 1; num keys: 2
16:53:32.060 [main] DEBUG o.h.id.IdentifierGeneratorHelper - Natively generated identity: 8
16:53:32.061 [main] DEBUG c.m.v.c3p0.stmt.GooGooStatementCache - checkinStatement(): com.mchange.v2.c3p0.stmt.GlobalMaxOnlyStatementCache stats -- total size: 2; checked out: 0; num connections: 1; num keys: 2
16:53:32.063 [main] DEBUG o.h.e.t.spi.AbstractTransactionImpl - committing
16:53:32.065 [main] DEBUG o.h.e.i.AbstractFlushingEventListener - Processing flush-time cascades
16:53:32.067 [main] DEBUG o.h.e.i.AbstractFlushingEventListener - Dirty checking collections
16:53:32.075 [main] DEBUG o.h.engine.internal.Collections - Collection found: [com.fabiocompany.supermercadosdeltaplus.model.Usuario.cabeceratickets#8], was: [<unreferenced>] (initialized)
16:53:32.078 [main] DEBUG o.h.e.i.AbstractFlushingEventListener - Flushed: 0 insertions, 0 updates, 0 deletions to 2 objects
16:53:32.078 [main] DEBUG o.h.e.i.AbstractFlushingEventListener - Flushed: 1 (re)creations, 0 updates, 0 removals to 1 collections
16:53:32.080 [main] DEBUG o.h.internal.util.EntityPrinter - Listing entities:
16:53:32.080 [main] DEBUG o.h.internal.util.EntityPrinter - com.fabiocompany.supermercadosdeltaplus.model.Usuario{nombreusuario=fabio, tipodeusuario=administrador, cabeceratickets=[], contraseniausuario=fabio1234, personausuario=com.fabiocompany.supermercadosdeltaplus.model.Personausuario#8, idusuario=8}
16:53:32.080 [main] DEBUG o.h.internal.util.EntityPrinter - com.fabiocompany.supermercadosdeltaplus.model.Personausuario{numerodetelefono=4336578, correo=fabio@gmail.com, nombrepersonausuario=fabio, idpersonausuario=8, dnipersonausuario=31451666}
16:53:32.081 [main] DEBUG o.h.p.c.AbstractCollectionPersister - Inserting collection: [com.fabiocompany.supermercadosdeltaplus.model.Usuario.cabeceratickets#8]
16:53:32.081 [main] DEBUG o.h.p.c.AbstractCollectionPersister - Collection was empty
16:53:32.133 [main] DEBUG o.h.e.t.i.jdbc.JdbcTransaction - committed JDBC Connection
16:53:32.134 [main] DEBUG o.h.e.j.i.LogicalConnectionImpl - Releasing JDBC connection
16:53:32.134 [main] DEBUG c.m.v.c3p0.stmt.GooGooStatementCache - checkinAll(): com.mchange.v2.c3p0.stmt.GlobalMaxOnlyStatementCache stats -- total size: 2; checked out: 0; num connections: 1; num keys: 2
16:53:32.135 [main] DEBUG c.m.v.a.ThreadPoolAsynchronousRunner - com.mchange.v2.async.ThreadPoolAsynchronousRunner@568ff82: Adding task to queue -- com.mchange.v2.resourcepool.BasicResourcePool$1RefurbishCheckinResourceTask@54107f42
16:53:32.135 [main] DEBUG c.m.v.resourcepool.BasicResourcePool - trace com.mchange.v2.resourcepool.BasicResourcePool@45ca843 [managed: 5, unused: 4, excluded: 0] (e.g. com.mchange.v2.c3p0.impl.NewPooledConnection@3f68ac68)
16:53:32.136 [main] DEBUG o.h.e.j.i.LogicalConnectionImpl - Released JDBC connection
16:53:32.136 [C3P0PooledConnectionPoolManager[identityToken->z8kfsx9q1mx42su1v0syda|69453e37]-HelperThread-#1] DEBUG c.m.v.c3p0.stmt.GooGooStatementCache - checkinAll(): com.mchange.v2.c3p0.stmt.GlobalMaxOnlyStatementCache stats -- total size: 2; checked out: 0; num connections: 1; num keys: 2
16:53:32.139 [main] DEBUG o.h.e.t.spi.AbstractTransactionImpl - begin
16:53:32.139 [main] DEBUG o.h.e.j.i.LogicalConnectionImpl - Obtaining JDBC connection
16:53:32.139 [main] DEBUG c.m.v.c.i.C3P0PooledConnectionPool - Testing PooledConnection [com.mchange.v2.c3p0.impl.NewPooledConnection@7a057a58] on CHECKOUT.
16:53:32.141 [main] DEBUG c.m.v.c3p0.stmt.GooGooStatementCache - checkinAll(): com.mchange.v2.c3p0.stmt.GlobalMaxOnlyStatementCache stats -- total size: 2; checked out: 0; num connections: 1; num keys: 2
16:53:32.141 [main] DEBUG c.m.v.c.i.C3P0PooledConnectionPool - Test of PooledConnection [com.mchange.v2.c3p0.impl.NewPooledConnection@7a057a58] on CHECKOUT has SUCCEEDED.
16:53:32.141 [main] DEBUG c.m.v.resourcepool.BasicResourcePool - trace com.mchange.v2.resourcepool.BasicResourcePool@45ca843 [managed: 5, unused: 4, excluded: 0] (e.g. com.mchange.v2.c3p0.impl.NewPooledConnection@3f68ac68)
16:53:32.142 [main] DEBUG o.h.e.j.i.LogicalConnectionImpl - Obtained JDBC connection
16:53:32.142 [main] DEBUG o.h.e.t.i.jdbc.JdbcTransaction - initial autocommit status: false
16:53:32.142 [main] DEBUG org.hibernate.engine.spi.ActionQueue - Executing identity-insert immediately
16:53:32.143 [main] DEBUG org.hibernate.SQL - 
    insert 
    into
        cabeceraticket
        (fecha, idusuario) 
    values
        (?, ?)
Hibernate: 
    insert 
    into
        cabeceraticket
        (fecha, idusuario) 
    values
        (?, ?)
16:53:32.143 [main] DEBUG c.m.v.a.ThreadPoolAsynchronousRunner - com.mchange.v2.async.ThreadPoolAsynchronousRunner@568ff82: Adding task to queue -- com.mchange.v2.c3p0.stmt.GooGooStatementCache$1StmtAcquireTask@4816c290
16:53:32.144 [main] DEBUG c.m.v.c3p0.stmt.GooGooStatementCache - cxnStmtMgr.statementSet( com.mysql.jdbc.JDBC4Connection@7097f609 ).size(): 3
16:53:32.144 [main] DEBUG c.m.v.c3p0.stmt.GooGooStatementCache - checkoutStatement: com.mchange.v2.c3p0.stmt.GlobalMaxOnlyStatementCache stats -- total size: 3; checked out: 1; num connections: 1; num keys: 3
16:53:32.184 [main] DEBUG o.h.id.IdentifierGeneratorHelper - Natively generated identity: 6
16:53:32.185 [main] DEBUG c.m.v.c3p0.stmt.GooGooStatementCache - checkinStatement(): com.mchange.v2.c3p0.stmt.GlobalMaxOnlyStatementCache stats -- total size: 3; checked out: 0; num connections: 1; num keys: 3
16:53:32.187 [main] DEBUG org.hibernate.engine.spi.ActionQueue - Executing identity-insert immediately
16:53:32.188 [main] DEBUG org.hibernate.SQL - 
    insert 
    into
        detalleticket
        (idticket, cantidad, cantidadporproducto, montodepago, subtotal, idtipodepago, total) 
    values
        (?, ?, ?, ?, ?, ?, ?)
Hibernate: 
    insert 
    into
        detalleticket
        (idticket, cantidad, cantidadporproducto, montodepago, subtotal, idtipodepago, total) 
    values
        (?, ?, ?, ?, ?, ?, ?)
16:53:32.188 [main] DEBUG c.m.v.a.ThreadPoolAsynchronousRunner - com.mchange.v2.async.ThreadPoolAsynchronousRunner@568ff82: Adding task to queue -- com.mchange.v2.c3p0.stmt.GooGooStatementCache$1StmtAcquireTask@2a76b80a
16:53:32.190 [main] DEBUG c.m.v.c3p0.stmt.GooGooStatementCache - cxnStmtMgr.statementSet( com.mysql.jdbc.JDBC4Connection@7097f609 ).size(): 4
16:53:32.190 [main] DEBUG c.m.v.c3p0.stmt.GooGooStatementCache - checkoutStatement: com.mchange.v2.c3p0.stmt.GlobalMaxOnlyStatementCache stats -- total size: 4; checked out: 1; num connections: 1; num keys: 4
16:53:32.267 [main] DEBUG o.h.id.IdentifierGeneratorHelper - Natively generated identity: 6
16:53:32.268 [main] DEBUG c.m.v.c3p0.stmt.GooGooStatementCache - checkinStatement(): com.mchange.v2.c3p0.stmt.GlobalMaxOnlyStatementCache stats -- total size: 4; checked out: 0; num connections: 1; num keys: 4
16:53:32.269 [main] DEBUG org.hibernate.engine.spi.ActionQueue - Executing identity-insert immediately
16:53:32.269 [main] DEBUG org.hibernate.SQL - 
    insert 
    into
        detalleoferta
        (descripciondepromocion, montodedescuento) 
    values
        (?, ?)
Hibernate: 
    insert 
    into
        detalleoferta
        (descripciondepromocion, montodedescuento) 
    values
        (?, ?)
16:53:32.269 [main] DEBUG c.m.v.a.ThreadPoolAsynchronousRunner - com.mchange.v2.async.ThreadPoolAsynchronousRunner@568ff82: Adding task to queue -- com.mchange.v2.c3p0.stmt.GooGooStatementCache$1StmtAcquireTask@2e5c7f0b
16:53:32.270 [main] DEBUG c.m.v.c3p0.stmt.GooGooStatementCache - cxnStmtMgr.statementSet( com.mysql.jdbc.JDBC4Connection@7097f609 ).size(): 5
16:53:32.270 [main] DEBUG c.m.v.c3p0.stmt.GooGooStatementCache - checkoutStatement: com.mchange.v2.c3p0.stmt.GlobalMaxOnlyStatementCache stats -- total size: 5; checked out: 1; num connections: 1; num keys: 5
16:53:32.271 [main] DEBUG o.h.id.IdentifierGeneratorHelper - Natively generated identity: 6
16:53:32.272 [main] DEBUG c.m.v.c3p0.stmt.GooGooStatementCache - checkinStatement(): com.mchange.v2.c3p0.stmt.GlobalMaxOnlyStatementCache stats -- total size: 5; checked out: 0; num connections: 1; num keys: 5
16:53:32.276 [main] DEBUG o.h.e.t.spi.AbstractTransactionImpl - committing
16:53:32.276 [main] DEBUG o.h.e.i.AbstractFlushingEventListener - Processing flush-time cascades
16:53:32.277 [main] DEBUG o.h.e.i.AbstractFlushingEventListener - Dirty checking collections
16:53:32.278 [main] DEBUG o.h.engine.internal.Collections - Collection found: [com.fabiocompany.supermercadosdeltaplus.model.Cabeceraticket.detalletickets#6], was: [<unreferenced>] (initialized)
16:53:32.278 [main] DEBUG o.h.e.t.spi.AbstractTransactionImpl - rolling back
16:53:32.400 [main] DEBUG o.h.e.t.i.jdbc.JdbcTransaction - rolled JDBC Connection
16:53:32.413 [main] ERROR c.f.s.p.dao.hibernate.GenericDAO - object references an unsaved transient instance - save the transient instance before flushing: com.fabiocompany.supermercadosdeltaplus.model.Tipodepago
org.hibernate.TransientObjectException: object references an unsaved transient instance - save the transient instance before flushing: com.fabiocompany.supermercadosdeltaplus.model.Tipodepago
	at org.hibernate.engine.internal.ForeignKeys.getEntityIdentifierIfNotUnsaved(ForeignKeys.java:294) ~[hibernate-core-4.3.11.Final.jar:4.3.11.Final]
	at org.hibernate.type.EntityType.getIdentifier(EntityType.java:537) ~[hibernate-core-4.3.11.Final.jar:4.3.11.Final]
	at org.hibernate.type.ManyToOneType.isDirty(ManyToOneType.java:311) ~[hibernate-core-4.3.11.Final.jar:4.3.11.Final]
	at org.hibernate.type.ManyToOneType.isDirty(ManyToOneType.java:321) ~[hibernate-core-4.3.11.Final.jar:4.3.11.Final]
	at org.hibernate.type.TypeHelper.findDirty(TypeHelper.java:310) ~[hibernate-core-4.3.11.Final.jar:4.3.11.Final]
	at org.hibernate.persister.entity.AbstractEntityPersister.findDirty(AbstractEntityPersister.java:4243) ~[hibernate-core-4.3.11.Final.jar:4.3.11.Final]
	at org.hibernate.event.internal.DefaultFlushEntityEventListener.dirtyCheck(DefaultFlushEntityEventListener.java:546) ~[hibernate-core-4.3.11.Final.jar:4.3.11.Final]
	at org.hibernate.event.internal.DefaultFlushEntityEventListener.isUpdateNecessary(DefaultFlushEntityEventListener.java:232) ~[hibernate-core-4.3.11.Final.jar:4.3.11.Final]
	at org.hibernate.event.internal.DefaultFlushEntityEventListener.onFlushEntity(DefaultFlushEntityEventListener.java:159) ~[hibernate-core-4.3.11.Final.jar:4.3.11.Final]
	at org.hibernate.event.internal.AbstractFlushingEventListener.flushEntities(AbstractFlushingEventListener.java:231) ~[hibernate-core-4.3.11.Final.jar:4.3.11.Final]
	at org.hibernate.event.internal.AbstractFlushingEventListener.flushEverythingToExecutions(AbstractFlushingEventListener.java:102) ~[hibernate-core-4.3.11.Final.jar:4.3.11.Final]
	at org.hibernate.event.internal.DefaultFlushEventListener.onFlush(DefaultFlushEventListener.java:55) ~[hibernate-core-4.3.11.Final.jar:4.3.11.Final]
	at org.hibernate.internal.SessionImpl.flush(SessionImpl.java:1258) ~[hibernate-core-4.3.11.Final.jar:4.3.11.Final]
	at org.hibernate.internal.SessionImpl.managedFlush(SessionImpl.java:425) ~[hibernate-core-4.3.11.Final.jar:4.3.11.Final]
	at org.hibernate.engine.transaction.internal.jdbc.JdbcTransaction.beforeTransactionCommit(JdbcTransaction.java:101) ~[hibernate-core-4.3.11.Final.jar:4.3.11.Final]
	at org.hibernate.engine.transaction.spi.AbstractTransactionImpl.commit(AbstractTransactionImpl.java:177) ~[hibernate-core-4.3.11.Final.jar:4.3.11.Final]
	at com.fabiocompany.supermercadosdeltaplus.persistence.dao.hibernate.GenericDAO.saveOrUpdate(GenericDAO.java:159) ~[classes/:na]
	at com.fabiocompany.supermercadosdeltaplus.service.impl.GenericService.saveOrUpdate(GenericService.java:74) [classes/:na]
	at com.fabiocompany.supermercadosdeltaplus.test.SupermercadosDeltaPlusTest.guardarUsuario(SupermercadosDeltaPlusTest.java:136) [test-classes/:na]
	at sun.reflect.NativeMethodAccessorImpl.invoke0(Native Method) ~[na:1.8.0_131]
	at sun.reflect.NativeMethodAccessorImpl.invoke(NativeMethodAccessorImpl.java:62) ~[na:1.8.0_131]
	at sun.reflect.DelegatingMethodAccessorImpl.invoke(DelegatingMethodAccessorImpl.java:43) ~[na:1.8.0_131]
	at java.lang.reflect.Method.invoke(Method.java:498) ~[na:1.8.0_131]
	at org.junit.runners.model.FrameworkMethod$1.runReflectiveCall(FrameworkMethod.java:50) [junit-4.12.jar:4.12]
	at org.junit.internal.runners.model.ReflectiveCallable.run(ReflectiveCallable.java:12) [junit-4.12.jar:4.12]
	at org.junit.runners.model.FrameworkMethod.invokeExplosively(FrameworkMethod.java:47) [junit-4.12.jar:4.12]
	at org.junit.internal.runners.statements.InvokeMethod.evaluate(InvokeMethod.java:17) [junit-4.12.jar:4.12]
	at org.junit.runners.ParentRunner.runLeaf(ParentRunner.java:325) [junit-4.12.jar:4.12]
	at org.junit.runners.BlockJUnit4ClassRunner.runChild(BlockJUnit4ClassRunner.java:78) [junit-4.12.jar:4.12]
	at org.junit.runners.BlockJUnit4ClassRunner.runChild(BlockJUnit4ClassRunner.java:57) [junit-4.12.jar:4.12]
	at org.junit.runners.ParentRunner$3.run(ParentRunner.java:290) [junit-4.12.jar:4.12]
	at org.junit.runners.ParentRunner$1.schedule(ParentRunner.java:71) [junit-4.12.jar:4.12]
	at org.junit.runners.ParentRunner.runChildren(ParentRunner.java:288) [junit-4.12.jar:4.12]
	at org.junit.runners.ParentRunner.access$000(ParentRunner.java:58) [junit-4.12.jar:4.12]
	at org.junit.runners.ParentRunner$2.evaluate(ParentRunner.java:268) [junit-4.12.jar:4.12]
	at org.junit.runners.ParentRunner.run(ParentRunner.java:363) [junit-4.12.jar:4.12]
	at org.apache.maven.surefire.junit4.JUnit4Provider.execute(JUnit4Provider.java:283) [surefire-junit4-2.18.1.jar:2.18.1]
	at org.apache.maven.surefire.junit4.JUnit4Provider.executeWithRerun(JUnit4Provider.java:173) [surefire-junit4-2.18.1.jar:2.18.1]
	at org.apache.maven.surefire.junit4.JUnit4Provider.executeTestSet(JUnit4Provider.java:153) [surefire-junit4-2.18.1.jar:2.18.1]
	at org.apache.maven.surefire.junit4.JUnit4Provider.invoke(JUnit4Provider.java:128) [surefire-junit4-2.18.1.jar:2.18.1]
	at org.apache.maven.surefire.booter.ForkedBooter.invokeProviderInSameClassLoader(ForkedBooter.java:203) [surefire-booter-2.18.1.jar:2.18.1]
	at org.apache.maven.surefire.booter.ForkedBooter.runSuitesInProcess(ForkedBooter.java:155) [surefire-booter-2.18.1.jar:2.18.1]
	at org.apache.maven.surefire.booter.ForkedBooter.main(ForkedBooter.java:103) [surefire-booter-2.18.1.jar:2.18.1]
16:53:32.416 [main] DEBUG o.h.e.j.i.LogicalConnectionImpl - Releasing JDBC connection
16:53:32.416 [main] DEBUG c.m.v.c3p0.stmt.GooGooStatementCache - checkinAll(): com.mchange.v2.c3p0.stmt.GlobalMaxOnlyStatementCache stats -- total size: 5; checked out: 0; num connections: 1; num keys: 5
16:53:32.418 [main] DEBUG c.m.v.a.ThreadPoolAsynchronousRunner - com.mchange.v2.async.ThreadPoolAsynchronousRunner@568ff82: Adding task to queue -- com.mchange.v2.resourcepool.BasicResourcePool$1RefurbishCheckinResourceTask@4152d38d
16:53:32.418 [main] DEBUG c.m.v.resourcepool.BasicResourcePool - trace com.mchange.v2.resourcepool.BasicResourcePool@45ca843 [managed: 5, unused: 4, excluded: 0] (e.g. com.mchange.v2.c3p0.impl.NewPooledConnection@3f68ac68)
16:53:32.418 [main] DEBUG o.h.e.j.i.LogicalConnectionImpl - Released JDBC connection
16:53:32.418 [C3P0PooledConnectionPoolManager[identityToken->z8kfsx9q1mx42su1v0syda|69453e37]-HelperThread-#0] DEBUG c.m.v.c3p0.stmt.GooGooStatementCache - checkinAll(): com.mchange.v2.c3p0.stmt.GlobalMaxOnlyStatementCache stats -- total size: 5; checked out: 0; num connections: 1; num keys: 5
16:53:32.421 [main] ERROR c.f.s.service.impl.GenericService - object references an unsaved transient instance - save the transient instance before flushing: com.fabiocompany.supermercadosdeltaplus.model.Tipodepago
com.fabiocompany.supermercadosdeltaplus.persistence.exception.PersistenceException: object references an unsaved transient instance - save the transient instance before flushing: com.fabiocompany.supermercadosdeltaplus.model.Tipodepago
	at com.fabiocompany.supermercadosdeltaplus.persistence.dao.hibernate.GenericDAO.saveOrUpdate(GenericDAO.java:163) ~[classes/:na]
	at com.fabiocompany.supermercadosdeltaplus.service.impl.GenericService.saveOrUpdate(GenericService.java:74) ~[classes/:na]
	at com.fabiocompany.supermercadosdeltaplus.test.SupermercadosDeltaPlusTest.guardarUsuario(SupermercadosDeltaPlusTest.java:136) [test-classes/:na]
	at sun.reflect.NativeMethodAccessorImpl.invoke0(Native Method) ~[na:1.8.0_131]
	at sun.reflect.NativeMethodAccessorImpl.invoke(NativeMethodAccessorImpl.java:62) ~[na:1.8.0_131]
	at sun.reflect.DelegatingMethodAccessorImpl.invoke(DelegatingMethodAccessorImpl.java:43) ~[na:1.8.0_131]
	at java.lang.reflect.Method.invoke(Method.java:498) ~[na:1.8.0_131]
	at org.junit.runners.model.FrameworkMethod$1.runReflectiveCall(FrameworkMethod.java:50) [junit-4.12.jar:4.12]
	at org.junit.internal.runners.model.ReflectiveCallable.run(ReflectiveCallable.java:12) [junit-4.12.jar:4.12]
	at org.junit.runners.model.FrameworkMethod.invokeExplosively(FrameworkMethod.java:47) [junit-4.12.jar:4.12]
	at org.junit.internal.runners.statements.InvokeMethod.evaluate(InvokeMethod.java:17) [junit-4.12.jar:4.12]
	at org.junit.runners.ParentRunner.runLeaf(ParentRunner.java:325) [junit-4.12.jar:4.12]
	at org.junit.runners.BlockJUnit4ClassRunner.runChild(BlockJUnit4ClassRunner.java:78) [junit-4.12.jar:4.12]
	at org.junit.runners.BlockJUnit4ClassRunner.runChild(BlockJUnit4ClassRunner.java:57) [junit-4.12.jar:4.12]
	at org.junit.runners.ParentRunner$3.run(ParentRunner.java:290) [junit-4.12.jar:4.12]
	at org.junit.runners.ParentRunner$1.schedule(ParentRunner.java:71) [junit-4.12.jar:4.12]
	at org.junit.runners.ParentRunner.runChildren(ParentRunner.java:288) [junit-4.12.jar:4.12]
	at org.junit.runners.ParentRunner.access$000(ParentRunner.java:58) [junit-4.12.jar:4.12]
	at org.junit.runners.ParentRunner$2.evaluate(ParentRunner.java:268) [junit-4.12.jar:4.12]
	at org.junit.runners.ParentRunner.run(ParentRunner.java:363) [junit-4.12.jar:4.12]
	at org.apache.maven.surefire.junit4.JUnit4Provider.execute(JUnit4Provider.java:283) [surefire-junit4-2.18.1.jar:2.18.1]
	at org.apache.maven.surefire.junit4.JUnit4Provider.executeWithRerun(JUnit4Provider.java:173) [surefire-junit4-2.18.1.jar:2.18.1]
	at org.apache.maven.surefire.junit4.JUnit4Provider.executeTestSet(JUnit4Provider.java:153) [surefire-junit4-2.18.1.jar:2.18.1]
	at org.apache.maven.surefire.junit4.JUnit4Provider.invoke(JUnit4Provider.java:128) [surefire-junit4-2.18.1.jar:2.18.1]
	at org.apache.maven.surefire.booter.ForkedBooter.invokeProviderInSameClassLoader(ForkedBooter.java:203) [surefire-booter-2.18.1.jar:2.18.1]
	at org.apache.maven.surefire.booter.ForkedBooter.runSuitesInProcess(ForkedBooter.java:155) [surefire-booter-2.18.1.jar:2.18.1]
	at org.apache.maven.surefire.booter.ForkedBooter.main(ForkedBooter.java:103) [surefire-booter-2.18.1.jar:2.18.1]
Caused by: org.hibernate.TransientObjectException: object references an unsaved transient instance - save the transient instance before flushing: com.fabiocompany.supermercadosdeltaplus.model.Tipodepago
	at org.hibernate.engine.internal.ForeignKeys.getEntityIdentifierIfNotUnsaved(ForeignKeys.java:294) ~[hibernate-core-4.3.11.Final.jar:4.3.11.Final]
	at org.hibernate.type.EntityType.getIdentifier(EntityType.java:537) ~[hibernate-core-4.3.11.Final.jar:4.3.11.Final]
	at org.hibernate.type.ManyToOneType.isDirty(ManyToOneType.java:311) ~[hibernate-core-4.3.11.Final.jar:4.3.11.Final]
	at org.hibernate.type.ManyToOneType.isDirty(ManyToOneType.java:321) ~[hibernate-core-4.3.11.Final.jar:4.3.11.Final]
	at org.hibernate.type.TypeHelper.findDirty(TypeHelper.java:310) ~[hibernate-core-4.3.11.Final.jar:4.3.11.Final]
	at org.hibernate.persister.entity.AbstractEntityPersister.findDirty(AbstractEntityPersister.java:4243) ~[hibernate-core-4.3.11.Final.jar:4.3.11.Final]
	at org.hibernate.event.internal.DefaultFlushEntityEventListener.dirtyCheck(DefaultFlushEntityEventListener.java:546) ~[hibernate-core-4.3.11.Final.jar:4.3.11.Final]
	at org.hibernate.event.internal.DefaultFlushEntityEventListener.isUpdateNecessary(DefaultFlushEntityEventListener.java:232) ~[hibernate-core-4.3.11.Final.jar:4.3.11.Final]
	at org.hibernate.event.internal.DefaultFlushEntityEventListener.onFlushEntity(DefaultFlushEntityEventListener.java:159) ~[hibernate-core-4.3.11.Final.jar:4.3.11.Final]
	at org.hibernate.event.internal.AbstractFlushingEventListener.flushEntities(AbstractFlushingEventListener.java:231) ~[hibernate-core-4.3.11.Final.jar:4.3.11.Final]
	at org.hibernate.event.internal.AbstractFlushingEventListener.flushEverythingToExecutions(AbstractFlushingEventListener.java:102) ~[hibernate-core-4.3.11.Final.jar:4.3.11.Final]
	at org.hibernate.event.internal.DefaultFlushEventListener.onFlush(DefaultFlushEventListener.java:55) ~[hibernate-core-4.3.11.Final.jar:4.3.11.Final]
	at org.hibernate.internal.SessionImpl.flush(SessionImpl.java:1258) ~[hibernate-core-4.3.11.Final.jar:4.3.11.Final]
	at org.hibernate.internal.SessionImpl.managedFlush(SessionImpl.java:425) ~[hibernate-core-4.3.11.Final.jar:4.3.11.Final]
	at org.hibernate.engine.transaction.internal.jdbc.JdbcTransaction.beforeTransactionCommit(JdbcTransaction.java:101) ~[hibernate-core-4.3.11.Final.jar:4.3.11.Final]
	at org.hibernate.engine.transaction.spi.AbstractTransactionImpl.commit(AbstractTransactionImpl.java:177) ~[hibernate-core-4.3.11.Final.jar:4.3.11.Final]
	at com.fabiocompany.supermercadosdeltaplus.persistence.dao.hibernate.GenericDAO.saveOrUpdate(GenericDAO.java:159) ~[classes/:na]
	... 26 common frames omitted
]]></system-out>
    <system-err><![CDATA[Sat Sep 30 16:53:29 ART 2017 WARN: Establishing SSL connection without server's identity verification is not recommended. According to MySQL 5.5.45+, 5.6.26+ and 5.7.6+ requirements SSL connection must be established by default if explicit option isn't set. For compliance with existing applications not using SSL the verifyServerCertificate property is set to 'false'. You need either to explicitly disable SSL by setting useSSL=false, or set useSSL=true and provide truststore for server certificate verification.
Sat Sep 30 16:53:29 ART 2017 WARN: Establishing SSL connection without server's identity verification is not recommended. According to MySQL 5.5.45+, 5.6.26+ and 5.7.6+ requirements SSL connection must be established by default if explicit option isn't set. For compliance with existing applications not using SSL the verifyServerCertificate property is set to 'false'. You need either to explicitly disable SSL by setting useSSL=false, or set useSSL=true and provide truststore for server certificate verification.
Sat Sep 30 16:53:29 ART 2017 WARN: Establishing SSL connection without server's identity verification is not recommended. According to MySQL 5.5.45+, 5.6.26+ and 5.7.6+ requirements SSL connection must be established by default if explicit option isn't set. For compliance with existing applications not using SSL the verifyServerCertificate property is set to 'false'. You need either to explicitly disable SSL by setting useSSL=false, or set useSSL=true and provide truststore for server certificate verification.
Sat Sep 30 16:53:30 ART 2017 WARN: Establishing SSL connection without server's identity verification is not recommended. According to MySQL 5.5.45+, 5.6.26+ and 5.7.6+ requirements SSL connection must be established by default if explicit option isn't set. For compliance with existing applications not using SSL the verifyServerCertificate property is set to 'false'. You need either to explicitly disable SSL by setting useSSL=false, or set useSSL=true and provide truststore for server certificate verification.
Sat Sep 30 16:53:30 ART 2017 WARN: Establishing SSL connection without server's identity verification is not recommended. According to MySQL 5.5.45+, 5.6.26+ and 5.7.6+ requirements SSL connection must be established by default if explicit option isn't set. For compliance with existing applications not using SSL the verifyServerCertificate property is set to 'false'. You need either to explicitly disable SSL by setting useSSL=false, or set useSSL=true and provide truststore for server certificate verification.
]]></system-err>
  </testcase>
</testsuite>