<?xml version="1.0" encoding="UTF-8"?>
<testsuite name="com.fabiocompany.supermercadosdeltaplus.test.OfertarProductoTest" time="61.469" tests="1" errors="1" skipped="0" failures="0">
  <properties>
    <property name="java.runtime.name" value="Java(TM) SE Runtime Environment"/>
    <property name="sun.boot.library.path" value="/usr/java/jdk1.8.0_144/jre/lib/amd64"/>
    <property name="java.vm.version" value="25.144-b01"/>
    <property name="java.vm.vendor" value="Oracle Corporation"/>
    <property name="java.vendor.url" value="http://java.oracle.com/"/>
    <property name="path.separator" value=":"/>
    <property name="guice.disable.misplaced.annotation.check" value="true"/>
    <property name="java.vm.name" value="Java HotSpot(TM) 64-Bit Server VM"/>
    <property name="file.encoding.pkg" value="sun.io"/>
    <property name="user.country" value="AR"/>
    <property name="sun.java.launcher" value="SUN_STANDARD"/>
    <property name="sun.os.patch.level" value="unknown"/>
    <property name="test" value="com.fabiocompany.supermercadosdeltaplus.test.OfertarProductoTest"/>
    <property name="java.vm.specification.name" value="Java Virtual Machine Specification"/>
    <property name="user.dir" value="/home/fabio/Documentos/facu/ingweb3/repoingweb3personal/supermercadosdeltaplusModulo"/>
    <property name="java.runtime.version" value="1.8.0_144-b01"/>
    <property name="java.awt.graphicsenv" value="sun.awt.X11GraphicsEnvironment"/>
    <property name="java.endorsed.dirs" value="/usr/java/jdk1.8.0_144/jre/lib/endorsed"/>
    <property name="os.arch" value="amd64"/>
    <property name="java.io.tmpdir" value="/tmp"/>
    <property name="line.separator" value="&#10;"/>
    <property name="java.vm.specification.vendor" value="Oracle Corporation"/>
    <property name="os.name" value="Linux"/>
    <property name="maven.ext.class.path" value="/home/fabio/netbeans-8.2/java/maven-nblib/netbeans-eventspy.jar"/>
    <property name="classworlds.conf" value="/home/fabio/netbeans-8.2/java/maven/bin/m2.conf"/>
    <property name="sun.jnu.encoding" value="UTF-8"/>
    <property name="java.library.path" value="/usr/java/jdk1.8.0_144/jre/lib/amd64:/usr/java/jdk1.8.0_144/jre/lib/i386::/usr/java/packages/lib/amd64:/usr/lib64:/lib64:/lib:/usr/lib"/>
    <property name="java.specification.name" value="Java Platform API Specification"/>
    <property name="java.class.version" value="52.0"/>
    <property name="sun.management.compiler" value="HotSpot 64-Bit Tiered Compilers"/>
    <property name="os.version" value="4.4.0-96-generic"/>
    <property name="jpda.listen" value="true"/>
    <property name="jpda.address" value="45939"/>
    <property name="user.home" value="/home/fabio"/>
    <property name="user.timezone" value="America/Argentina/Cordoba"/>
    <property name="java.awt.printerjob" value="sun.print.PSPrinterJob"/>
    <property name="java.specification.version" value="1.8"/>
    <property name="file.encoding" value="UTF-8"/>
    <property name="user.name" value="fabio"/>
    <property name="java.class.path" value="/home/fabio/netbeans-8.2/java/maven/boot/plexus-classworlds-2.4.jar"/>
    <property name="maven.surefire.debug" value="-Xdebug -Xrunjdwp:transport=dt_socket,server=n,address=45939"/>
    <property name="java.vm.specification.version" value="1.8"/>
    <property name="sun.arch.data.model" value="64"/>
    <property name="java.home" value="/usr/java/jdk1.8.0_144/jre"/>
    <property name="sun.java.command" value="org.codehaus.plexus.classworlds.launcher.Launcher -Dtest=com.fabiocompany.supermercadosdeltaplus.test.OfertarProductoTest -DforkMode=once -Dmaven.surefire.debug=-Xdebug -Xrunjdwp:transport=dt_socket,server=n,address=45939 -Djpda.listen=true -Djpda.address=45939 -Dmaven.ext.class.path=/home/fabio/netbeans-8.2/java/maven-nblib/netbeans-eventspy.jar surefire:test"/>
    <property name="java.specification.vendor" value="Oracle Corporation"/>
    <property name="user.language" value="es"/>
    <property name="awt.toolkit" value="sun.awt.X11.XToolkit"/>
    <property name="java.vm.info" value="mixed mode"/>
    <property name="java.version" value="1.8.0_144"/>
    <property name="java.ext.dirs" value="/usr/java/jdk1.8.0_144/jre/lib/ext:/usr/java/packages/lib/ext"/>
    <property name="securerandom.source" value="file:/dev/./urandom"/>
    <property name="sun.boot.class.path" value="/usr/java/jdk1.8.0_144/jre/lib/resources.jar:/usr/java/jdk1.8.0_144/jre/lib/rt.jar:/usr/java/jdk1.8.0_144/jre/lib/sunrsasign.jar:/usr/java/jdk1.8.0_144/jre/lib/jsse.jar:/usr/java/jdk1.8.0_144/jre/lib/jce.jar:/usr/java/jdk1.8.0_144/jre/lib/charsets.jar:/usr/java/jdk1.8.0_144/jre/lib/jfr.jar:/usr/java/jdk1.8.0_144/jre/classes"/>
    <property name="java.vendor" value="Oracle Corporation"/>
    <property name="maven.home" value="/home/fabio/netbeans-8.2/java/maven"/>
    <property name="file.separator" value="/"/>
    <property name="java.vendor.url.bug" value="http://bugreport.sun.com/bugreport/"/>
    <property name="forkMode" value="once"/>
    <property name="sun.cpu.endian" value="little"/>
    <property name="sun.io.unicode.encoding" value="UnicodeLittle"/>
    <property name="sun.desktop" value="gnome"/>
    <property name="sun.cpu.isalist" value=""/>
  </properties>
  <testcase name="probarServicioDeNegocio" classname="com.fabiocompany.supermercadosdeltaplus.test.OfertarProductoTest" time="61.469">
    <error type="com.fabiocompany.supermercadosdeltaplus.service.exception.ServiceException:">com.fabiocompany.supermercadosdeltaplus.service.exception.ServiceException: null
	at com.fabiocompany.supermercadosdeltaplus.persistence.dao.hibernate.GenericDAO.getSession(GenericDAO.java:62)
	at com.fabiocompany.supermercadosdeltaplus.model.dao.hibernate.DetalleticketDAO.detalleDeTickets(DetalleticketDAO.java:33)
	at com.fabiocompany.supermercadosdeltaplus.model.service.impl.DetalleticketService.ofertarProducto(DetalleticketService.java:43)
	at com.fabiocompany.supermercadosdeltaplus.test.OfertarProductoTest.probarServicioDeNegocio(OfertarProductoTest.java:20)
</error>
    <system-out><![CDATA[18:53:54.331 [main] DEBUG org.jboss.logging - Logging Provider: org.jboss.logging.Slf4jLoggerProvider
18:53:54.452 [main] DEBUG org.hibernate.type.BasicTypeRegistry - Adding type registration boolean -> org.hibernate.type.BooleanType@49ec71f8
18:53:54.453 [main] DEBUG org.hibernate.type.BasicTypeRegistry - Adding type registration boolean -> org.hibernate.type.BooleanType@49ec71f8
18:53:54.453 [main] DEBUG org.hibernate.type.BasicTypeRegistry - Adding type registration java.lang.Boolean -> org.hibernate.type.BooleanType@49ec71f8
18:53:54.459 [main] DEBUG org.hibernate.type.BasicTypeRegistry - Adding type registration numeric_boolean -> org.hibernate.type.NumericBooleanType@3febb011
18:53:54.466 [main] DEBUG org.hibernate.type.BasicTypeRegistry - Adding type registration true_false -> org.hibernate.type.TrueFalseType@1623b78d
18:53:54.469 [main] DEBUG org.hibernate.type.BasicTypeRegistry - Adding type registration yes_no -> org.hibernate.type.YesNoType@4ec4f3a0
18:53:54.478 [main] DEBUG org.hibernate.type.BasicTypeRegistry - Adding type registration byte -> org.hibernate.type.ByteType@5b8dfcc1
18:53:54.479 [main] DEBUG org.hibernate.type.BasicTypeRegistry - Adding type registration byte -> org.hibernate.type.ByteType@5b8dfcc1
18:53:54.479 [main] DEBUG org.hibernate.type.BasicTypeRegistry - Adding type registration java.lang.Byte -> org.hibernate.type.ByteType@5b8dfcc1
18:53:54.485 [main] DEBUG org.hibernate.type.BasicTypeRegistry - Adding type registration character -> org.hibernate.type.CharacterType@6cf0e0ba
18:53:54.486 [main] DEBUG org.hibernate.type.BasicTypeRegistry - Adding type registration char -> org.hibernate.type.CharacterType@6cf0e0ba
18:53:54.486 [main] DEBUG org.hibernate.type.BasicTypeRegistry - Adding type registration java.lang.Character -> org.hibernate.type.CharacterType@6cf0e0ba
18:53:54.495 [main] DEBUG org.hibernate.type.BasicTypeRegistry - Adding type registration short -> org.hibernate.type.ShortType@409bf450
18:53:54.496 [main] DEBUG org.hibernate.type.BasicTypeRegistry - Adding type registration short -> org.hibernate.type.ShortType@409bf450
18:53:54.501 [main] DEBUG org.hibernate.type.BasicTypeRegistry - Adding type registration java.lang.Short -> org.hibernate.type.ShortType@409bf450
18:53:54.507 [main] DEBUG org.hibernate.type.BasicTypeRegistry - Adding type registration integer -> org.hibernate.type.IntegerType@799f10e1
18:53:54.507 [main] DEBUG org.hibernate.type.BasicTypeRegistry - Adding type registration int -> org.hibernate.type.IntegerType@799f10e1
18:53:54.508 [main] DEBUG org.hibernate.type.BasicTypeRegistry - Adding type registration java.lang.Integer -> org.hibernate.type.IntegerType@799f10e1
18:53:54.516 [main] DEBUG org.hibernate.type.BasicTypeRegistry - Adding type registration long -> org.hibernate.type.LongType@34a3d150
18:53:54.517 [main] DEBUG org.hibernate.type.BasicTypeRegistry - Adding type registration long -> org.hibernate.type.LongType@34a3d150
18:53:54.517 [main] DEBUG org.hibernate.type.BasicTypeRegistry - Adding type registration java.lang.Long -> org.hibernate.type.LongType@34a3d150
18:53:54.527 [main] DEBUG org.hibernate.type.BasicTypeRegistry - Adding type registration float -> org.hibernate.type.FloatType@7b2bbc3
18:53:54.528 [main] DEBUG org.hibernate.type.BasicTypeRegistry - Adding type registration float -> org.hibernate.type.FloatType@7b2bbc3
18:53:54.529 [main] DEBUG org.hibernate.type.BasicTypeRegistry - Adding type registration java.lang.Float -> org.hibernate.type.FloatType@7b2bbc3
18:53:54.536 [main] DEBUG org.hibernate.type.BasicTypeRegistry - Adding type registration double -> org.hibernate.type.DoubleType@76505305
18:53:54.537 [main] DEBUG org.hibernate.type.BasicTypeRegistry - Adding type registration double -> org.hibernate.type.DoubleType@76505305
18:53:54.538 [main] DEBUG org.hibernate.type.BasicTypeRegistry - Adding type registration java.lang.Double -> org.hibernate.type.DoubleType@76505305
18:53:54.550 [main] DEBUG org.hibernate.type.BasicTypeRegistry - Adding type registration big_decimal -> org.hibernate.type.BigDecimalType@3590fc5b
18:53:54.551 [main] DEBUG org.hibernate.type.BasicTypeRegistry - Adding type registration java.math.BigDecimal -> org.hibernate.type.BigDecimalType@3590fc5b
18:53:54.560 [main] DEBUG org.hibernate.type.BasicTypeRegistry - Adding type registration big_integer -> org.hibernate.type.BigIntegerType@74235045
18:53:54.561 [main] DEBUG org.hibernate.type.BasicTypeRegistry - Adding type registration java.math.BigInteger -> org.hibernate.type.BigIntegerType@74235045
18:53:54.566 [main] DEBUG org.hibernate.type.BasicTypeRegistry - Adding type registration string -> org.hibernate.type.StringType@6b2ea799
18:53:54.567 [main] DEBUG org.hibernate.type.BasicTypeRegistry - Adding type registration java.lang.String -> org.hibernate.type.StringType@6b2ea799
18:53:54.573 [main] DEBUG org.hibernate.type.BasicTypeRegistry - Adding type registration nstring -> org.hibernate.type.StringNVarcharType@62379589
18:53:54.579 [main] DEBUG org.hibernate.type.BasicTypeRegistry - Adding type registration ncharacter -> org.hibernate.type.CharacterNCharType@7c7a06ec
18:53:54.584 [main] DEBUG org.hibernate.type.BasicTypeRegistry - Adding type registration url -> org.hibernate.type.UrlType@206a70ef
18:53:54.585 [main] DEBUG org.hibernate.type.BasicTypeRegistry - Adding type registration java.net.URL -> org.hibernate.type.UrlType@206a70ef
18:53:54.596 [main] DEBUG org.hibernate.type.BasicTypeRegistry - Adding type registration date -> org.hibernate.type.DateType@22ff4249
18:53:54.597 [main] DEBUG org.hibernate.type.BasicTypeRegistry - Adding type registration java.sql.Date -> org.hibernate.type.DateType@22ff4249
18:53:54.605 [main] DEBUG org.hibernate.type.BasicTypeRegistry - Adding type registration time -> org.hibernate.type.TimeType@1573f9fc
18:53:54.606 [main] DEBUG org.hibernate.type.BasicTypeRegistry - Adding type registration java.sql.Time -> org.hibernate.type.TimeType@1573f9fc
18:53:54.614 [main] DEBUG org.hibernate.type.BasicTypeRegistry - Adding type registration timestamp -> org.hibernate.type.TimestampType@6989da5e
18:53:54.615 [main] DEBUG org.hibernate.type.BasicTypeRegistry - Adding type registration java.sql.Timestamp -> org.hibernate.type.TimestampType@6989da5e
18:53:54.616 [main] DEBUG org.hibernate.type.BasicTypeRegistry - Adding type registration java.util.Date -> org.hibernate.type.TimestampType@6989da5e
18:53:54.624 [main] DEBUG org.hibernate.type.BasicTypeRegistry - Adding type registration dbtimestamp -> org.hibernate.type.DbTimestampType@217ed35e
18:53:54.630 [main] DEBUG org.hibernate.type.BasicTypeRegistry - Adding type registration calendar -> org.hibernate.type.CalendarType@77c2494c
18:53:54.630 [main] DEBUG org.hibernate.type.BasicTypeRegistry - Adding type registration java.util.Calendar -> org.hibernate.type.CalendarType@77c2494c
18:53:54.631 [main] DEBUG org.hibernate.type.BasicTypeRegistry - Adding type registration java.util.GregorianCalendar -> org.hibernate.type.CalendarType@77c2494c
18:53:54.635 [main] DEBUG org.hibernate.type.BasicTypeRegistry - Adding type registration calendar_date -> org.hibernate.type.CalendarDateType@1e800aaa
18:53:54.640 [main] DEBUG org.hibernate.type.BasicTypeRegistry - Adding type registration locale -> org.hibernate.type.LocaleType@1fa121e2
18:53:54.641 [main] DEBUG org.hibernate.type.BasicTypeRegistry - Adding type registration java.util.Locale -> org.hibernate.type.LocaleType@1fa121e2
18:53:54.646 [main] DEBUG org.hibernate.type.BasicTypeRegistry - Adding type registration currency -> org.hibernate.type.CurrencyType@15de0b3c
18:53:54.647 [main] DEBUG org.hibernate.type.BasicTypeRegistry - Adding type registration java.util.Currency -> org.hibernate.type.CurrencyType@15de0b3c
18:53:54.653 [main] DEBUG org.hibernate.type.BasicTypeRegistry - Adding type registration timezone -> org.hibernate.type.TimeZoneType@79079097
18:53:54.654 [main] DEBUG org.hibernate.type.BasicTypeRegistry - Adding type registration java.util.TimeZone -> org.hibernate.type.TimeZoneType@79079097
18:53:54.659 [main] DEBUG org.hibernate.type.BasicTypeRegistry - Adding type registration class -> org.hibernate.type.ClassType@3d285d7e
18:53:54.660 [main] DEBUG org.hibernate.type.BasicTypeRegistry - Adding type registration java.lang.Class -> org.hibernate.type.ClassType@3d285d7e
18:53:54.669 [main] DEBUG org.hibernate.type.BasicTypeRegistry - Adding type registration uuid-binary -> org.hibernate.type.UUIDBinaryType@24aed80c
18:53:54.670 [main] DEBUG org.hibernate.type.BasicTypeRegistry - Adding type registration java.util.UUID -> org.hibernate.type.UUIDBinaryType@24aed80c
18:53:54.673 [main] DEBUG org.hibernate.type.BasicTypeRegistry - Adding type registration uuid-char -> org.hibernate.type.UUIDCharType@279fedbd
18:53:54.678 [main] DEBUG org.hibernate.type.BasicTypeRegistry - Adding type registration pg-uuid -> org.hibernate.type.PostgresUUIDType@61322f9d
18:53:54.684 [main] DEBUG org.hibernate.type.BasicTypeRegistry - Adding type registration binary -> org.hibernate.type.BinaryType@fa4c865
18:53:54.685 [main] DEBUG org.hibernate.type.BasicTypeRegistry - Adding type registration byte[] -> org.hibernate.type.BinaryType@fa4c865
18:53:54.686 [main] DEBUG org.hibernate.type.BasicTypeRegistry - Adding type registration [B -> org.hibernate.type.BinaryType@fa4c865
18:53:54.692 [main] DEBUG org.hibernate.type.BasicTypeRegistry - Adding type registration wrapper-binary -> org.hibernate.type.WrapperBinaryType@7d20d0b
18:53:54.693 [main] DEBUG org.hibernate.type.BasicTypeRegistry - Adding type registration Byte[] -> org.hibernate.type.WrapperBinaryType@7d20d0b
18:53:54.694 [main] DEBUG org.hibernate.type.BasicTypeRegistry - Adding type registration [Ljava.lang.Byte; -> org.hibernate.type.WrapperBinaryType@7d20d0b
18:53:54.699 [main] DEBUG org.hibernate.type.BasicTypeRegistry - Adding type registration image -> org.hibernate.type.ImageType@38afe297
18:53:54.706 [main] DEBUG org.hibernate.type.BasicTypeRegistry - Adding type registration characters -> org.hibernate.type.CharArrayType@6200f9cb
18:53:54.707 [main] DEBUG org.hibernate.type.BasicTypeRegistry - Adding type registration char[] -> org.hibernate.type.CharArrayType@6200f9cb
18:53:54.708 [main] DEBUG org.hibernate.type.BasicTypeRegistry - Adding type registration [C -> org.hibernate.type.CharArrayType@6200f9cb
18:53:54.714 [main] DEBUG org.hibernate.type.BasicTypeRegistry - Adding type registration wrapper-characters -> org.hibernate.type.CharacterArrayType@43c1b556
18:53:54.714 [main] DEBUG org.hibernate.type.BasicTypeRegistry - Adding type registration [Ljava.lang.Character; -> org.hibernate.type.CharacterArrayType@43c1b556
18:53:54.715 [main] DEBUG org.hibernate.type.BasicTypeRegistry - Adding type registration Character[] -> org.hibernate.type.CharacterArrayType@43c1b556
18:53:54.720 [main] DEBUG org.hibernate.type.BasicTypeRegistry - Adding type registration text -> org.hibernate.type.TextType@305b7c14
18:53:54.725 [main] DEBUG org.hibernate.type.BasicTypeRegistry - Adding type registration ntext -> org.hibernate.type.NTextType@13b6aecc
18:53:54.756 [main] DEBUG org.hibernate.type.BasicTypeRegistry - Adding type registration blob -> org.hibernate.type.BlobType@445b295b
18:53:54.757 [main] DEBUG org.hibernate.type.BasicTypeRegistry - Adding type registration java.sql.Blob -> org.hibernate.type.BlobType@445b295b
18:53:54.760 [main] DEBUG org.hibernate.type.BasicTypeRegistry - Adding type registration materialized_blob -> org.hibernate.type.MaterializedBlobType@687e99d8
18:53:54.787 [main] DEBUG org.hibernate.type.BasicTypeRegistry - Adding type registration clob -> org.hibernate.type.ClobType@7a675056
18:53:54.788 [main] DEBUG org.hibernate.type.BasicTypeRegistry - Adding type registration java.sql.Clob -> org.hibernate.type.ClobType@7a675056
18:53:54.811 [main] DEBUG org.hibernate.type.BasicTypeRegistry - Adding type registration nclob -> org.hibernate.type.NClobType@fa36558
18:53:54.812 [main] DEBUG org.hibernate.type.BasicTypeRegistry - Adding type registration java.sql.NClob -> org.hibernate.type.NClobType@fa36558
18:53:54.815 [main] DEBUG org.hibernate.type.BasicTypeRegistry - Adding type registration materialized_clob -> org.hibernate.type.MaterializedClobType@2b4bac49
18:53:54.818 [main] DEBUG org.hibernate.type.BasicTypeRegistry - Adding type registration materialized_nclob -> org.hibernate.type.MaterializedNClobType@484970b0
18:53:54.824 [main] DEBUG org.hibernate.type.BasicTypeRegistry - Adding type registration serializable -> org.hibernate.type.SerializableType@2f54a33d
18:53:54.838 [main] DEBUG org.hibernate.type.BasicTypeRegistry - Adding type registration object -> org.hibernate.type.ObjectType@343570b7
18:53:54.839 [main] DEBUG org.hibernate.type.BasicTypeRegistry - Adding type registration java.lang.Object -> org.hibernate.type.ObjectType@343570b7
18:53:54.842 [main] DEBUG org.hibernate.type.BasicTypeRegistry - Adding type registration imm_date -> org.hibernate.type.AdaptedImmutableType@3cc1435c
18:53:54.843 [main] DEBUG org.hibernate.type.BasicTypeRegistry - Adding type registration imm_time -> org.hibernate.type.AdaptedImmutableType@6bf0219d
18:53:54.844 [main] DEBUG org.hibernate.type.BasicTypeRegistry - Adding type registration imm_timestamp -> org.hibernate.type.AdaptedImmutableType@dd0c991
18:53:54.845 [main] DEBUG org.hibernate.type.BasicTypeRegistry - Adding type registration imm_dbtimestamp -> org.hibernate.type.AdaptedImmutableType@5f16132a
18:53:54.846 [main] DEBUG org.hibernate.type.BasicTypeRegistry - Adding type registration imm_calendar -> org.hibernate.type.AdaptedImmutableType@69fb6037
18:53:54.847 [main] DEBUG org.hibernate.type.BasicTypeRegistry - Adding type registration imm_calendar_date -> org.hibernate.type.AdaptedImmutableType@36d585c
18:53:54.848 [main] DEBUG org.hibernate.type.BasicTypeRegistry - Adding type registration imm_binary -> org.hibernate.type.AdaptedImmutableType@87a85e1
18:53:54.850 [main] DEBUG org.hibernate.type.BasicTypeRegistry - Adding type registration imm_serializable -> org.hibernate.type.AdaptedImmutableType@671a5887
18:53:54.953 [main] INFO  o.h.annotations.common.Version - HCANN000001: Hibernate Commons Annotations {4.0.4.Final}
18:53:54.996 [main] INFO  org.hibernate.Version - HHH000412: Hibernate Core {4.3.11.Final}
18:53:55.011 [main] INFO  org.hibernate.cfg.Environment - HHH000206: hibernate.properties not found
18:53:55.017 [main] INFO  org.hibernate.cfg.Environment - HHH000021: Bytecode provider name : javassist
18:53:55.083 [main] DEBUG o.h.i.f.i.DefaultIdentifierGeneratorFactory - Registering IdentifierGenerator strategy [uuid2] -> [org.hibernate.id.UUIDGenerator]
18:53:55.086 [main] DEBUG o.h.i.f.i.DefaultIdentifierGeneratorFactory - Registering IdentifierGenerator strategy [guid] -> [org.hibernate.id.GUIDGenerator]
18:53:55.092 [main] DEBUG o.h.i.f.i.DefaultIdentifierGeneratorFactory - Registering IdentifierGenerator strategy [uuid] -> [org.hibernate.id.UUIDHexGenerator]
18:53:55.093 [main] DEBUG o.h.i.f.i.DefaultIdentifierGeneratorFactory - Registering IdentifierGenerator strategy [uuid.hex] -> [org.hibernate.id.UUIDHexGenerator]
18:53:55.101 [main] DEBUG o.h.i.f.i.DefaultIdentifierGeneratorFactory - Registering IdentifierGenerator strategy [hilo] -> [org.hibernate.id.TableHiLoGenerator]
18:53:55.105 [main] DEBUG o.h.i.f.i.DefaultIdentifierGeneratorFactory - Registering IdentifierGenerator strategy [assigned] -> [org.hibernate.id.Assigned]
18:53:55.116 [main] DEBUG o.h.i.f.i.DefaultIdentifierGeneratorFactory - Registering IdentifierGenerator strategy [identity] -> [org.hibernate.id.IdentityGenerator]
18:53:55.119 [main] DEBUG o.h.i.f.i.DefaultIdentifierGeneratorFactory - Registering IdentifierGenerator strategy [select] -> [org.hibernate.id.SelectGenerator]
18:53:55.123 [main] DEBUG o.h.i.f.i.DefaultIdentifierGeneratorFactory - Registering IdentifierGenerator strategy [sequence] -> [org.hibernate.id.SequenceGenerator]
18:53:55.127 [main] DEBUG o.h.i.f.i.DefaultIdentifierGeneratorFactory - Registering IdentifierGenerator strategy [seqhilo] -> [org.hibernate.id.SequenceHiLoGenerator]
18:53:55.130 [main] DEBUG o.h.i.f.i.DefaultIdentifierGeneratorFactory - Registering IdentifierGenerator strategy [increment] -> [org.hibernate.id.IncrementGenerator]
18:53:55.134 [main] DEBUG o.h.i.f.i.DefaultIdentifierGeneratorFactory - Registering IdentifierGenerator strategy [foreign] -> [org.hibernate.id.ForeignGenerator]
18:53:55.137 [main] DEBUG o.h.i.f.i.DefaultIdentifierGeneratorFactory - Registering IdentifierGenerator strategy [sequence-identity] -> [org.hibernate.id.SequenceIdentityGenerator]
18:53:55.141 [main] DEBUG o.h.i.f.i.DefaultIdentifierGeneratorFactory - Registering IdentifierGenerator strategy [enhanced-sequence] -> [org.hibernate.id.enhanced.SequenceStyleGenerator]
18:53:55.144 [main] DEBUG o.h.i.f.i.DefaultIdentifierGeneratorFactory - Registering IdentifierGenerator strategy [enhanced-table] -> [org.hibernate.id.enhanced.TableGenerator]
18:53:55.169 [main] INFO  org.hibernate.cfg.Configuration - HHH000043: Configuring from resource: /hibernate.cfg.xml
18:53:55.170 [main] INFO  org.hibernate.cfg.Configuration - HHH000040: Configuration resource: /hibernate.cfg.xml
18:53:55.297 [main] DEBUG o.h.i.util.xml.DTDEntityResolver - Trying to resolve system-id [http://hibernate.sourceforge.net/hibernate-configuration-3.0.dtd]
18:53:55.298 [main] WARN  o.h.i.util.xml.DTDEntityResolver - HHH000223: Recognized obsolete hibernate namespace http://hibernate.sourceforge.net/. Use namespace http://www.hibernate.org/dtd/ instead. Refer to Hibernate 3.6 Migration Guide!
18:53:55.298 [main] DEBUG o.h.i.util.xml.DTDEntityResolver - Attempting to resolve on classpath under org/hibernate/
18:53:55.301 [main] DEBUG o.h.i.util.xml.DTDEntityResolver - Located [http://hibernate.sourceforge.net/hibernate-configuration-3.0.dtd] in classpath
18:53:55.357 [main] DEBUG org.hibernate.cfg.Configuration - hibernate.dialect=org.hibernate.dialect.MySQLDialect
18:53:55.358 [main] DEBUG org.hibernate.cfg.Configuration - hibernate.connection.driver_class=com.mysql.jdbc.Driver
18:53:55.358 [main] DEBUG org.hibernate.cfg.Configuration - hibernate.connection.url=jdbc:mysql://localhost:3306/supermercadosdeltaplus
18:53:55.359 [main] DEBUG org.hibernate.cfg.Configuration - hibernate.connection.username=root
18:53:55.360 [main] DEBUG org.hibernate.cfg.Configuration - hibernate.connection.password=root
18:53:55.360 [main] DEBUG org.hibernate.cfg.Configuration - hibernate.current_session_context_class=thread
18:53:55.361 [main] DEBUG org.hibernate.cfg.Configuration - hibernate.c3p0.timeout=3600
18:53:55.362 [main] DEBUG org.hibernate.cfg.Configuration - hibernate.c3p0.maxIdleTime=3600
18:53:55.362 [main] DEBUG org.hibernate.cfg.Configuration - hibernate.c3p0.acquire_increment=3
18:53:55.363 [main] DEBUG org.hibernate.cfg.Configuration - hibernate.c3p0.idle_test_period=10
18:53:55.363 [main] DEBUG org.hibernate.cfg.Configuration - hibernate.c3p0.min_size=5
18:53:55.364 [main] DEBUG org.hibernate.cfg.Configuration - hibernate.c3p0.max_size=75
18:53:55.365 [main] DEBUG org.hibernate.cfg.Configuration - hibernate.c3p0.max_statements=10
18:53:55.365 [main] DEBUG org.hibernate.cfg.Configuration - hibernate.c3p0.preferredTestQuery=select 1
18:53:55.366 [main] DEBUG org.hibernate.cfg.Configuration - hibernate.c3p0.testConnectionOnCheckout=true
18:53:55.366 [main] DEBUG org.hibernate.cfg.Configuration - show_sql=true
18:53:55.367 [main] DEBUG org.hibernate.cfg.Configuration - format_sql=true
18:53:55.368 [main] DEBUG org.hibernate.cfg.Configuration - hbm2ddl.auto=update
18:53:55.369 [main] DEBUG org.hibernate.cfg.Configuration - Session-factory config [null] named class [com.fabiocompany.supermercadosdeltaplus.model.Cabeceraticket] for mapping
18:53:55.405 [main] DEBUG org.hibernate.cfg.Configuration - Session-factory config [null] named class [com.fabiocompany.supermercadosdeltaplus.model.Detalleticket] for mapping
18:53:55.407 [main] DEBUG org.hibernate.cfg.Configuration - Session-factory config [null] named class [com.fabiocompany.supermercadosdeltaplus.model.Usuario] for mapping
18:53:55.409 [main] DEBUG org.hibernate.cfg.Configuration - Session-factory config [null] named class [com.fabiocompany.supermercadosdeltaplus.model.Personausuario] for mapping
18:53:55.411 [main] DEBUG org.hibernate.cfg.Configuration - Session-factory config [null] named class [com.fabiocompany.supermercadosdeltaplus.model.Producto] for mapping
18:53:55.413 [main] INFO  org.hibernate.cfg.Configuration - HHH000041: Configured SessionFactory: null
18:53:55.415 [main] DEBUG org.hibernate.cfg.Configuration - Properties: {show_sql=true, java.vendor=Oracle Corporation, localRepository=/home/fabio/.m2/repository, sun.java.launcher=SUN_STANDARD, hibernate.connection.url=jdbc:mysql://localhost:3306/supermercadosdeltaplus, sun.management.compiler=HotSpot 64-Bit Tiered Compilers, hbm2ddl.auto=update, os.name=Linux, sun.boot.class.path=/usr/java/jdk1.8.0_144/jre/lib/resources.jar:/usr/java/jdk1.8.0_144/jre/lib/rt.jar:/usr/java/jdk1.8.0_144/jre/lib/sunrsasign.jar:/usr/java/jdk1.8.0_144/jre/lib/jsse.jar:/usr/java/jdk1.8.0_144/jre/lib/jce.jar:/usr/java/jdk1.8.0_144/jre/lib/charsets.jar:/usr/java/jdk1.8.0_144/jre/lib/jfr.jar:/usr/java/jdk1.8.0_144/jre/classes, hibernate.current_session_context_class=thread, sun.desktop=gnome, hibernate.c3p0.max_size=75, java.vm.specification.vendor=Oracle Corporation, java.runtime.version=1.8.0_144-b01, hibernate.c3p0.min_size=5, forkMode=once, user.name=fabio, hibernate.c3p0.timeout=3600, user.language=es, sun.boot.library.path=/usr/java/jdk1.8.0_144/jre/lib/amd64, hibernate.c3p0.preferredTestQuery=select 1, maven.surefire.debug=-Xdebug -Xrunjdwp:transport=dt_socket,server=n,address=45939, java.version=1.8.0_144, user.timezone=America/Argentina/Cordoba, sun.arch.data.model=64, java.endorsed.dirs=/usr/java/jdk1.8.0_144/jre/lib/endorsed, sun.cpu.isalist=, sun.jnu.encoding=UTF-8, file.encoding.pkg=sun.io, file.separator=/, java.specification.name=Java Platform API Specification, hibernate.format_sql=true, java.class.version=52.0, user.country=AR, java.home=/usr/java/jdk1.8.0_144/jre, jpda.address=45939, java.vm.info=mixed mode, os.version=4.4.0-96-generic, jpda.listen=true, surefire.real.class.path=/home/fabio/Documentos/facu/ingweb3/repoingweb3personal/supermercadosdeltaplusModulo/target/surefire/surefirebooter5532844802374774419.jar, path.separator=:, java.vm.version=25.144-b01, hibernate.connection.password=root, maven.ext.class.path=/home/fabio/netbeans-8.2/java/maven-nblib/netbeans-eventspy.jar, java.awt.printerjob=sun.print.PSPrinterJob, sun.io.unicode.encoding=UnicodeLittle, awt.toolkit=sun.awt.X11.XToolkit, hibernate.connection.username=root, user.home=/home/fabio, java.specification.vendor=Oracle Corporation, test=com.fabiocompany.supermercadosdeltaplus.test.OfertarProductoTest, hibernate.hbm2ddl.auto=update, java.library.path=/usr/java/jdk1.8.0_144/jre/lib/amd64:/usr/java/jdk1.8.0_144/jre/lib/i386::/usr/java/packages/lib/amd64:/usr/lib64:/lib64:/lib:/usr/lib, java.vendor.url=http://java.oracle.com/, hibernate.c3p0.maxIdleTime=3600, hibernate.connection.driver_class=com.mysql.jdbc.Driver, java.vm.vendor=Oracle Corporation, hibernate.dialect=org.hibernate.dialect.MySQLDialect, java.runtime.name=Java(TM) SE Runtime Environment, sun.java.command=/home/fabio/Documentos/facu/ingweb3/repoingweb3personal/supermercadosdeltaplusModulo/target/surefire/surefirebooter5532844802374774419.jar /home/fabio/Documentos/facu/ingweb3/repoingweb3personal/supermercadosdeltaplusModulo/target/surefire/surefire53406505047364419tmp /home/fabio/Documentos/facu/ingweb3/repoingweb3personal/supermercadosdeltaplusModulo/target/surefire/surefire_047247089435187788tmp, java.class.path=/home/fabio/Documentos/facu/ingweb3/repoingweb3personal/supermercadosdeltaplusModulo/target/test-classes:/home/fabio/Documentos/facu/ingweb3/repoingweb3personal/supermercadosdeltaplusModulo/target/classes:/home/fabio/.m2/repository/org/hibernate/hibernate-entitymanager/4.3.1.Final/hibernate-entitymanager-4.3.1.Final.jar:/home/fabio/.m2/repository/org/jboss/logging/jboss-logging/3.3.1.Final/jboss-logging-3.3.1.Final.jar:/home/fabio/.m2/repository/org/jboss/logging/jboss-logging-annotations/1.2.0.Beta1/jboss-logging-annotations-1.2.0.Beta1.jar:/home/fabio/.m2/repository/dom4j/dom4j/1.6.1/dom4j-1.6.1.jar:/home/fabio/.m2/repository/org/hibernate/common/hibernate-commons-annotations/4.0.4.Final/hibernate-commons-annotations-4.0.4.Final.jar:/home/fabio/.m2/repository/org/jboss/spec/javax/transaction/jboss-transaction-api_1.2_spec/1.0.0.Final/jboss-transaction-api_1.2_spec-1.0.0.Final.jar:/home/fabio/.m2/repository/org/javassist/javassist/3.21.0-GA/javassist-3.21.0-GA.jar:/home/fabio/.m2/repository/junit/junit/4.12/junit-4.12.jar:/home/fabio/.m2/repository/org/hamcrest/hamcrest-core/1.3/hamcrest-core-1.3.jar:/home/fabio/.m2/repository/org/hibernate/javax/persistence/hibernate-jpa-2.1-api/1.0.0.Final/hibernate-jpa-2.1-api-1.0.0.Final.jar:/home/fabio/.m2/repository/javax/javaee-web-api/7.0/javaee-web-api-7.0.jar:/home/fabio/.m2/repository/org/springframework/boot/spring-boot-starter-web/1.5.6.RELEASE/spring-boot-starter-web-1.5.6.RELEASE.jar:/home/fabio/.m2/repository/org/springframework/boot/spring-boot-starter/1.5.6.RELEASE/spring-boot-starter-1.5.6.RELEASE.jar:/home/fabio/.m2/repository/org/springframework/boot/spring-boot/1.5.6.RELEASE/spring-boot-1.5.6.RELEASE.jar:/home/fabio/.m2/repository/org/springframework/boot/spring-boot-autoconfigure/1.5.6.RELEASE/spring-boot-autoconfigure-1.5.6.RELEASE.jar:/home/fabio/.m2/repository/org/springframework/boot/spring-boot-starter-logging/1.5.6.RELEASE/spring-boot-starter-logging-1.5.6.RELEASE.jar:/home/fabio/.m2/repository/org/slf4j/jul-to-slf4j/1.7.25/jul-to-slf4j-1.7.25.jar:/home/fabio/.m2/repository/org/slf4j/log4j-over-slf4j/1.7.25/log4j-over-slf4j-1.7.25.jar:/home/fabio/.m2/repository/org/yaml/snakeyaml/1.17/snakeyaml-1.17.jar:/home/fabio/.m2/repository/org/springframework/boot/spring-boot-starter-tomcat/1.5.6.RELEASE/spring-boot-starter-tomcat-1.5.6.RELEASE.jar:/home/fabio/.m2/repository/org/apache/tomcat/embed/tomcat-embed-core/8.5.16/tomcat-embed-core-8.5.16.jar:/home/fabio/.m2/repository/org/apache/tomcat/embed/tomcat-embed-el/8.5.16/tomcat-embed-el-8.5.16.jar:/home/fabio/.m2/repository/org/apache/tomcat/embed/tomcat-embed-websocket/8.5.16/tomcat-embed-websocket-8.5.16.jar:/home/fabio/.m2/repository/com/fasterxml/jackson/core/jackson-databind/2.8.9/jackson-databind-2.8.9.jar:/home/fabio/.m2/repository/com/fasterxml/jackson/core/jackson-annotations/2.8.0/jackson-annotations-2.8.0.jar:/home/fabio/.m2/repository/com/fasterxml/jackson/core/jackson-core/2.8.9/jackson-core-2.8.9.jar:/home/fabio/.m2/repository/org/springframework/boot/spring-boot-starter-actuator/1.5.6.RELEASE/spring-boot-starter-actuator-1.5.6.RELEASE.jar:/home/fabio/.m2/repository/org/springframework/boot/spring-boot-actuator/1.5.6.RELEASE/spring-boot-actuator-1.5.6.RELEASE.jar:/home/fabio/.m2/repository/org/aspectj/aspectjweaver/1.8.10/aspectjweaver-1.8.10.jar:/home/fabio/.m2/repository/org/springframework/spring-core/4.3.10.RELEASE/spring-core-4.3.10.RELEASE.jar:/home/fabio/.m2/repository/org/springframework/spring-context/4.3.10.RELEASE/spring-context-4.3.10.RELEASE.jar:/home/fabio/.m2/repository/org/springframework/spring-beans/4.3.10.RELEASE/spring-beans-4.3.10.RELEASE.jar:/home/fabio/.m2/repository/org/springframework/spring-expression/4.3.10.RELEASE/spring-expression-4.3.10.RELEASE.jar:/home/fabio/.m2/repository/org/springframework/spring-aspects/4.3.10.RELEASE/spring-aspects-4.3.10.RELEASE.jar:/home/fabio/.m2/repository/org/springframework/spring-webmvc/4.3.10.RELEASE/spring-webmvc-4.3.10.RELEASE.jar:/home/fabio/.m2/repository/org/springframework/spring-web/4.3.10.RELEASE/spring-web-4.3.10.RELEASE.jar:/home/fabio/.m2/repository/org/springframework/spring-oxm/4.3.10.RELEASE/spring-oxm-4.3.10.RELEASE.jar:/home/fabio/.m2/repository/org/springframework/spring-tx/4.3.10.RELEASE/spring-tx-4.3.10.RELEASE.jar:/home/fabio/.m2/repository/org/springframework/spring-aop/4.3.10.RELEASE/spring-aop-4.3.10.RELEASE.jar:/home/fabio/.m2/repository/org/springframework/spring-orm/4.3.10.RELEASE/spring-orm-4.3.10.RELEASE.jar:/home/fabio/.m2/repository/org/springframework/spring-jdbc/4.3.10.RELEASE/spring-jdbc-4.3.10.RELEASE.jar:/home/fabio/.m2/repository/org/springframework/boot/spring-boot-starter-security/1.5.6.RELEASE/spring-boot-starter-security-1.5.6.RELEASE.jar:/home/fabio/.m2/repository/org/springframework/security/spring-security-config/4.2.3.RELEASE/spring-security-config-4.2.3.RELEASE.jar:/home/fabio/.m2/repository/org/springframework/security/spring-security-core/4.2.3.RELEASE/spring-security-core-4.2.3.RELEASE.jar:/home/fabio/.m2/repository/org/springframework/security/spring-security-web/4.2.3.RELEASE/spring-security-web-4.2.3.RELEASE.jar:/home/fabio/.m2/repository/org/slf4j/slf4j-api/1.7.25/slf4j-api-1.7.25.jar:/home/fabio/.m2/repository/ch/qos/logback/logback-classic/1.1.3/logback-classic-1.1.3.jar:/home/fabio/.m2/repository/ch/qos/logback/logback-core/1.1.3/logback-core-1.1.3.jar:/home/fabio/.m2/repository/org/slf4j/jcl-over-slf4j/1.7.25/jcl-over-slf4j-1.7.25.jar:/home/fabio/.m2/repository/commons-dbutils/commons-dbutils/1.6/commons-dbutils-1.6.jar:/home/fabio/.m2/repository/org/hibernate/hibernate-core/4.3.11.Final/hibernate-core-4.3.11.Final.jar:/home/fabio/.m2/repository/antlr/antlr/2.7.7/antlr-2.7.7.jar:/home/fabio/.m2/repository/org/jboss/jandex/1.1.0.Final/jandex-1.1.0.Final.jar:/home/fabio/.m2/repository/org/hibernate/hibernate-c3p0/4.3.11.Final/hibernate-c3p0-4.3.11.Final.jar:/home/fabio/.m2/repository/com/mchange/c3p0/0.9.2.1/c3p0-0.9.2.1.jar:/home/fabio/.m2/repository/com/mchange/mchange-commons-java/0.2.3.4/mchange-commons-java-0.2.3.4.jar:/home/fabio/.m2/repository/org/hibernate/hibernate-validator/5.3.5.Final/hibernate-validator-5.3.5.Final.jar:/home/fabio/.m2/repository/com/fasterxml/classmate/1.3.3/classmate-1.3.3.jar:/home/fabio/.m2/repository/javax/validation/validation-api/1.1.0.Final/validation-api-1.1.0.Final.jar:/home/fabio/.m2/repository/org/jooq/jooq/3.9.4/jooq-3.9.4.jar:/home/fabio/.m2/repository/mysql/mysql-connector-java/5.1.43/mysql-connector-java-5.1.43.jar:, hibernate.bytecode.use_reflection_optimizer=false, java.vm.specification.name=Java Virtual Machine Specification, hibernate.c3p0.testConnectionOnCheckout=true, java.vm.specification.version=1.8, sun.cpu.endian=little, sun.os.patch.level=unknown, surefire.test.class.path=/home/fabio/Documentos/facu/ingweb3/repoingweb3personal/supermercadosdeltaplusModulo/target/test-classes:/home/fabio/Documentos/facu/ingweb3/repoingweb3personal/supermercadosdeltaplusModulo/target/classes:/home/fabio/.m2/repository/org/hibernate/hibernate-entitymanager/4.3.1.Final/hibernate-entitymanager-4.3.1.Final.jar:/home/fabio/.m2/repository/org/jboss/logging/jboss-logging/3.3.1.Final/jboss-logging-3.3.1.Final.jar:/home/fabio/.m2/repository/org/jboss/logging/jboss-logging-annotations/1.2.0.Beta1/jboss-logging-annotations-1.2.0.Beta1.jar:/home/fabio/.m2/repository/dom4j/dom4j/1.6.1/dom4j-1.6.1.jar:/home/fabio/.m2/repository/org/hibernate/common/hibernate-commons-annotations/4.0.4.Final/hibernate-commons-annotations-4.0.4.Final.jar:/home/fabio/.m2/repository/org/jboss/spec/javax/transaction/jboss-transaction-api_1.2_spec/1.0.0.Final/jboss-transaction-api_1.2_spec-1.0.0.Final.jar:/home/fabio/.m2/repository/org/javassist/javassist/3.21.0-GA/javassist-3.21.0-GA.jar:/home/fabio/.m2/repository/junit/junit/4.12/junit-4.12.jar:/home/fabio/.m2/repository/org/hamcrest/hamcrest-core/1.3/hamcrest-core-1.3.jar:/home/fabio/.m2/repository/org/hibernate/javax/persistence/hibernate-jpa-2.1-api/1.0.0.Final/hibernate-jpa-2.1-api-1.0.0.Final.jar:/home/fabio/.m2/repository/javax/javaee-web-api/7.0/javaee-web-api-7.0.jar:/home/fabio/.m2/repository/org/springframework/boot/spring-boot-starter-web/1.5.6.RELEASE/spring-boot-starter-web-1.5.6.RELEASE.jar:/home/fabio/.m2/repository/org/springframework/boot/spring-boot-starter/1.5.6.RELEASE/spring-boot-starter-1.5.6.RELEASE.jar:/home/fabio/.m2/repository/org/springframework/boot/spring-boot/1.5.6.RELEASE/spring-boot-1.5.6.RELEASE.jar:/home/fabio/.m2/repository/org/springframework/boot/spring-boot-autoconfigure/1.5.6.RELEASE/spring-boot-autoconfigure-1.5.6.RELEASE.jar:/home/fabio/.m2/repository/org/springframework/boot/spring-boot-starter-logging/1.5.6.RELEASE/spring-boot-starter-logging-1.5.6.RELEASE.jar:/home/fabio/.m2/repository/org/slf4j/jul-to-slf4j/1.7.25/jul-to-slf4j-1.7.25.jar:/home/fabio/.m2/repository/org/slf4j/log4j-over-slf4j/1.7.25/log4j-over-slf4j-1.7.25.jar:/home/fabio/.m2/repository/org/yaml/snakeyaml/1.17/snakeyaml-1.17.jar:/home/fabio/.m2/repository/org/springframework/boot/spring-boot-starter-tomcat/1.5.6.RELEASE/spring-boot-starter-tomcat-1.5.6.RELEASE.jar:/home/fabio/.m2/repository/org/apache/tomcat/embed/tomcat-embed-core/8.5.16/tomcat-embed-core-8.5.16.jar:/home/fabio/.m2/repository/org/apache/tomcat/embed/tomcat-embed-el/8.5.16/tomcat-embed-el-8.5.16.jar:/home/fabio/.m2/repository/org/apache/tomcat/embed/tomcat-embed-websocket/8.5.16/tomcat-embed-websocket-8.5.16.jar:/home/fabio/.m2/repository/com/fasterxml/jackson/core/jackson-databind/2.8.9/jackson-databind-2.8.9.jar:/home/fabio/.m2/repository/com/fasterxml/jackson/core/jackson-annotations/2.8.0/jackson-annotations-2.8.0.jar:/home/fabio/.m2/repository/com/fasterxml/jackson/core/jackson-core/2.8.9/jackson-core-2.8.9.jar:/home/fabio/.m2/repository/org/springframework/boot/spring-boot-starter-actuator/1.5.6.RELEASE/spring-boot-starter-actuator-1.5.6.RELEASE.jar:/home/fabio/.m2/repository/org/springframework/boot/spring-boot-actuator/1.5.6.RELEASE/spring-boot-actuator-1.5.6.RELEASE.jar:/home/fabio/.m2/repository/org/aspectj/aspectjweaver/1.8.10/aspectjweaver-1.8.10.jar:/home/fabio/.m2/repository/org/springframework/spring-core/4.3.10.RELEASE/spring-core-4.3.10.RELEASE.jar:/home/fabio/.m2/repository/org/springframework/spring-context/4.3.10.RELEASE/spring-context-4.3.10.RELEASE.jar:/home/fabio/.m2/repository/org/springframework/spring-beans/4.3.10.RELEASE/spring-beans-4.3.10.RELEASE.jar:/home/fabio/.m2/repository/org/springframework/spring-expression/4.3.10.RELEASE/spring-expression-4.3.10.RELEASE.jar:/home/fabio/.m2/repository/org/springframework/spring-aspects/4.3.10.RELEASE/spring-aspects-4.3.10.RELEASE.jar:/home/fabio/.m2/repository/org/springframework/spring-webmvc/4.3.10.RELEASE/spring-webmvc-4.3.10.RELEASE.jar:/home/fabio/.m2/repository/org/springframework/spring-web/4.3.10.RELEASE/spring-web-4.3.10.RELEASE.jar:/home/fabio/.m2/repository/org/springframework/spring-oxm/4.3.10.RELEASE/spring-oxm-4.3.10.RELEASE.jar:/home/fabio/.m2/repository/org/springframework/spring-tx/4.3.10.RELEASE/spring-tx-4.3.10.RELEASE.jar:/home/fabio/.m2/repository/org/springframework/spring-aop/4.3.10.RELEASE/spring-aop-4.3.10.RELEASE.jar:/home/fabio/.m2/repository/org/springframework/spring-orm/4.3.10.RELEASE/spring-orm-4.3.10.RELEASE.jar:/home/fabio/.m2/repository/org/springframework/spring-jdbc/4.3.10.RELEASE/spring-jdbc-4.3.10.RELEASE.jar:/home/fabio/.m2/repository/org/springframework/boot/spring-boot-starter-security/1.5.6.RELEASE/spring-boot-starter-security-1.5.6.RELEASE.jar:/home/fabio/.m2/repository/org/springframework/security/spring-security-config/4.2.3.RELEASE/spring-security-config-4.2.3.RELEASE.jar:/home/fabio/.m2/repository/org/springframework/security/spring-security-core/4.2.3.RELEASE/spring-security-core-4.2.3.RELEASE.jar:/home/fabio/.m2/repository/org/springframework/security/spring-security-web/4.2.3.RELEASE/spring-security-web-4.2.3.RELEASE.jar:/home/fabio/.m2/repository/org/slf4j/slf4j-api/1.7.25/slf4j-api-1.7.25.jar:/home/fabio/.m2/repository/ch/qos/logback/logback-classic/1.1.3/logback-classic-1.1.3.jar:/home/fabio/.m2/repository/ch/qos/logback/logback-core/1.1.3/logback-core-1.1.3.jar:/home/fabio/.m2/repository/org/slf4j/jcl-over-slf4j/1.7.25/jcl-over-slf4j-1.7.25.jar:/home/fabio/.m2/repository/commons-dbutils/commons-dbutils/1.6/commons-dbutils-1.6.jar:/home/fabio/.m2/repository/org/hibernate/hibernate-core/4.3.11.Final/hibernate-core-4.3.11.Final.jar:/home/fabio/.m2/repository/antlr/antlr/2.7.7/antlr-2.7.7.jar:/home/fabio/.m2/repository/org/jboss/jandex/1.1.0.Final/jandex-1.1.0.Final.jar:/home/fabio/.m2/repository/org/hibernate/hibernate-c3p0/4.3.11.Final/hibernate-c3p0-4.3.11.Final.jar:/home/fabio/.m2/repository/com/mchange/c3p0/0.9.2.1/c3p0-0.9.2.1.jar:/home/fabio/.m2/repository/com/mchange/mchange-commons-java/0.2.3.4/mchange-commons-java-0.2.3.4.jar:/home/fabio/.m2/repository/org/hibernate/hibernate-validator/5.3.5.Final/hibernate-validator-5.3.5.Final.jar:/home/fabio/.m2/repository/com/fasterxml/classmate/1.3.3/classmate-1.3.3.jar:/home/fabio/.m2/repository/javax/validation/validation-api/1.1.0.Final/validation-api-1.1.0.Final.jar:/home/fabio/.m2/repository/org/jooq/jooq/3.9.4/jooq-3.9.4.jar:/home/fabio/.m2/repository/mysql/mysql-connector-java/5.1.43/mysql-connector-java-5.1.43.jar:, java.io.tmpdir=/tmp, java.vendor.url.bug=http://bugreport.sun.com/bugreport/, os.arch=amd64, java.awt.graphicsenv=sun.awt.X11GraphicsEnvironment, java.ext.dirs=/usr/java/jdk1.8.0_144/jre/lib/ext:/usr/java/packages/lib/ext, user.dir=/home/fabio/Documentos/facu/ingweb3/repoingweb3personal/supermercadosdeltaplusModulo, hibernate.c3p0.idle_test_period=10, line.separator=
, java.vm.name=Java HotSpot(TM) 64-Bit Server VM, basedir=/home/fabio/Documentos/facu/ingweb3/repoingweb3personal/supermercadosdeltaplusModulo, hibernate.c3p0.acquire_increment=3, file.encoding=UTF-8, format_sql=true, java.specification.version=1.8, hibernate.show_sql=true, hibernate.c3p0.max_statements=10}
18:53:55.483 [main] DEBUG o.h.i.internal.IntegratorServiceImpl - Adding Integrator [org.hibernate.cfg.beanvalidation.BeanValidationIntegrator].
18:53:55.497 [main] DEBUG o.h.i.internal.IntegratorServiceImpl - Adding Integrator [org.hibernate.secure.spi.JaccIntegrator].
18:53:55.508 [main] DEBUG o.h.i.internal.IntegratorServiceImpl - Adding Integrator [org.hibernate.cache.internal.CollectionCacheInvalidator].
18:53:55.596 [main] DEBUG o.h.b.r.s.i.StrategySelectorImpl - Registering named strategy selector [org.hibernate.dialect.Dialect] : [MySQL5] -> [org.hibernate.dialect.MySQL5Dialect] (replacing [org.hibernate.dialect.MySQL5Dialect])
18:53:55.598 [main] DEBUG o.h.b.r.s.i.StrategySelectorImpl - Registering named strategy selector [org.hibernate.dialect.Dialect] : [MySQL5InnoDB] -> [org.hibernate.dialect.MySQL5InnoDBDialect] (replacing [org.hibernate.dialect.MySQL5InnoDBDialect])
18:53:55.940 [main] DEBUG o.h.service.spi.ServiceBinding - Overriding existing service binding [org.hibernate.secure.spi.JaccService]
18:53:55.943 [main] DEBUG org.hibernate.cfg.Configuration - Preparing to build session factory with filters : {}
18:53:56.018 [main] INFO  o.h.c.i.C3P0ConnectionProvider - HHH010002: C3P0 using driver: com.mysql.jdbc.Driver at URL: jdbc:mysql://localhost:3306/supermercadosdeltaplus
18:53:56.019 [main] INFO  o.h.c.i.C3P0ConnectionProvider - HHH000046: Connection properties: {user=root, password=****}
18:53:56.020 [main] INFO  o.h.c.i.C3P0ConnectionProvider - HHH000006: Autocommit mode: false
18:53:56.049 [main] WARN  o.h.c.i.C3P0ConnectionProvider - HHH010001: Both hibernate-style property 'hibernate.c3p0.timeout' and c3p0-style property 'hibernate.c3p0.maxIdleTime' have been set in Hibernate properties.  Hibernate-style property 'hibernate.c3p0.timeout' will be used and c3p0-style property 'hibernate.c3p0.maxIdleTime' will be ignored!
18:53:56.131 [main] INFO  com.mchange.v2.log.MLog - MLog clients using log4j logging.
18:53:56.781 [main] INFO  com.mchange.v2.c3p0.C3P0Registry - Initializing c3p0-0.9.2.1 [built 20-March-2013 10:47:27 +0000; debug? true; trace: 10]
18:53:56.964 [main] DEBUG c.m.v.c.m.DynamicPooledDataSourceManagerMBean - MBean: com.mchange.v2.c3p0:type=PooledDataSource,identityToken=z8kfsx9q1sr6dtukt760d|39a8312f,name=z8kfsx9q1sr6dtukt760d|39a8312f registered.
18:53:57.182 [main] DEBUG c.m.v.c.m.DynamicPooledDataSourceManagerMBean - MBean: com.mchange.v2.c3p0:type=PooledDataSource,identityToken=z8kfsx9q1sr6dtukt760d|39a8312f,name=z8kfsx9q1sr6dtukt760d|39a8312f unregistered, in order to be reregistered after update.
18:53:57.183 [main] DEBUG c.m.v.c.m.DynamicPooledDataSourceManagerMBean - MBean: com.mchange.v2.c3p0:type=PooledDataSource,identityToken=z8kfsx9q1sr6dtukt760d|39a8312f,name=z8kfsx9q1sr6dtukt760d|39a8312f registered.
18:53:57.467 [main] INFO  c.m.v.c.i.AbstractPoolBackedDataSource - Initializing c3p0 pool... com.mchange.v2.c3p0.PoolBackedDataSource@11c15c59 [ connectionPoolDataSource -> com.mchange.v2.c3p0.WrapperConnectionPoolDataSource@3d3213bd [ acquireIncrement -> 3, acquireRetryAttempts -> 30, acquireRetryDelay -> 1000, autoCommitOnClose -> false, automaticTestTable -> null, breakAfterAcquireFailure -> false, checkoutTimeout -> 0, connectionCustomizerClassName -> null, connectionTesterClassName -> com.mchange.v2.c3p0.impl.DefaultConnectionTester, debugUnreturnedConnectionStackTraces -> false, factoryClassLocation -> null, forceIgnoreUnresolvedTransactions -> false, identityToken -> z8kfsx9q1sr6dtukt760d|301ec38b, idleConnectionTestPeriod -> 10, initialPoolSize -> 5, maxAdministrativeTaskTime -> 0, maxConnectionAge -> 0, maxIdleTime -> 3600, maxIdleTimeExcessConnections -> 0, maxPoolSize -> 75, maxStatements -> 10, maxStatementsPerConnection -> 0, minPoolSize -> 5, nestedDataSource -> com.mchange.v2.c3p0.DriverManagerDataSource@700cf8a9 [ description -> null, driverClass -> null, factoryClassLocation -> null, identityToken -> z8kfsx9q1sr6dtukt760d|42039326, jdbcUrl -> jdbc:mysql://localhost:3306/supermercadosdeltaplus, properties -> {user=******, password=******} ], preferredTestQuery -> select 1, propertyCycle -> 0, statementCacheNumDeferredCloseThreads -> 0, testConnectionOnCheckin -> false, testConnectionOnCheckout -> true, unreturnedConnectionTimeout -> 0, usesTraditionalReflectiveProxies -> false; userOverrides: {} ], dataSourceName -> null, factoryClassLocation -> null, identityToken -> z8kfsx9q1sr6dtukt760d|39a8312f, numHelperThreads -> 3 ]
18:53:57.552 [main] DEBUG c.m.v.resourcepool.BasicResourcePool - incremented pending_acquires: 1
18:53:57.552 [main] DEBUG c.m.v.resourcepool.BasicResourcePool - Starting acquisition series. Incremented pending_acquires [1],  attempts_remaining: 30
18:53:57.553 [main] DEBUG c.m.v.a.ThreadPoolAsynchronousRunner - com.mchange.v2.async.ThreadPoolAsynchronousRunner@35390ee3: Adding task to queue -- com.mchange.v2.resourcepool.BasicResourcePool$ScatteredAcquireTask@5e01a982
18:53:57.553 [main] DEBUG c.m.v.resourcepool.BasicResourcePool - incremented pending_acquires: 2
18:53:57.553 [main] DEBUG c.m.v.resourcepool.BasicResourcePool - Starting acquisition series. Incremented pending_acquires [2],  attempts_remaining: 30
18:53:57.554 [main] DEBUG c.m.v.a.ThreadPoolAsynchronousRunner - com.mchange.v2.async.ThreadPoolAsynchronousRunner@35390ee3: Adding task to queue -- com.mchange.v2.resourcepool.BasicResourcePool$ScatteredAcquireTask@5ddea849
18:53:57.554 [main] DEBUG c.m.v.resourcepool.BasicResourcePool - incremented pending_acquires: 3
18:53:57.555 [main] DEBUG c.m.v.resourcepool.BasicResourcePool - Starting acquisition series. Incremented pending_acquires [3],  attempts_remaining: 30
18:53:57.555 [main] DEBUG c.m.v.a.ThreadPoolAsynchronousRunner - com.mchange.v2.async.ThreadPoolAsynchronousRunner@35390ee3: Adding task to queue -- com.mchange.v2.resourcepool.BasicResourcePool$ScatteredAcquireTask@5ee2b6f9
18:53:57.555 [main] DEBUG c.m.v.resourcepool.BasicResourcePool - incremented pending_acquires: 4
18:53:57.556 [main] DEBUG c.m.v.resourcepool.BasicResourcePool - Starting acquisition series. Incremented pending_acquires [4],  attempts_remaining: 30
18:53:57.556 [main] DEBUG c.m.v.a.ThreadPoolAsynchronousRunner - com.mchange.v2.async.ThreadPoolAsynchronousRunner@35390ee3: Adding task to queue -- com.mchange.v2.resourcepool.BasicResourcePool$ScatteredAcquireTask@23d1e5d0
18:53:57.556 [main] DEBUG c.m.v.resourcepool.BasicResourcePool - incremented pending_acquires: 5
18:53:57.557 [main] DEBUG c.m.v.resourcepool.BasicResourcePool - Starting acquisition series. Incremented pending_acquires [5],  attempts_remaining: 30
18:53:57.557 [main] DEBUG c.m.v.a.ThreadPoolAsynchronousRunner - com.mchange.v2.async.ThreadPoolAsynchronousRunner@35390ee3: Adding task to queue -- com.mchange.v2.resourcepool.BasicResourcePool$ScatteredAcquireTask@704f1591
18:53:57.558 [main] DEBUG c.m.v.resourcepool.BasicResourcePool - com.mchange.v2.resourcepool.BasicResourcePool@3fb6cf60 config: [start -> 5; min -> 5; max -> 75; inc -> 3; num_acq_attempts -> 30; acq_attempt_delay -> 1000; check_idle_resources_delay -> 10000; mox_resource_age -> 0; max_idle_time -> 3600000; excess_max_idle_time -> 0; destroy_unreturned_resc_time -> 0; expiration_enforcement_delay -> 900000; break_on_acquisition_failure -> false; debug_store_checkout_exceptions -> false]
18:53:57.559 [main] DEBUG c.m.v.c.i.C3P0PooledConnectionPoolManager - Created new pool for auth, username (masked): 'ro******'.
18:53:57.560 [main] DEBUG c.m.v.resourcepool.BasicResourcePool - acquire test -- pool size: 0; target_pool_size: 5; desired target? 1
18:53:57.560 [main] DEBUG c.m.v.resourcepool.BasicResourcePool - awaitAvailable(): [unknown]
18:53:57.565 [main] DEBUG c.m.v.resourcepool.BasicResourcePool - trace com.mchange.v2.resourcepool.BasicResourcePool@3fb6cf60 [managed: 0, unused: 0, excluded: 0]
18:53:59.131 [C3P0PooledConnectionPoolManager[identityToken->z8kfsx9q1sr6dtukt760d|39a8312f]-HelperThread-#0] DEBUG c.m.v.c3p0.stmt.GooGooStatementCache - checkinAll(): com.mchange.v2.c3p0.stmt.GlobalMaxOnlyStatementCache stats -- total size: 0; checked out: 0; num connections: 0; num keys: 0
18:53:59.132 [C3P0PooledConnectionPoolManager[identityToken->z8kfsx9q1sr6dtukt760d|39a8312f]-HelperThread-#1] DEBUG c.m.v.c3p0.stmt.GooGooStatementCache - checkinAll(): com.mchange.v2.c3p0.stmt.GlobalMaxOnlyStatementCache stats -- total size: 0; checked out: 0; num connections: 0; num keys: 0
18:53:59.132 [C3P0PooledConnectionPoolManager[identityToken->z8kfsx9q1sr6dtukt760d|39a8312f]-HelperThread-#0] DEBUG c.m.v.c.i.C3P0PooledConnectionPool - com.mchange.v2.c3p0.impl.C3P0PooledConnectionPool$1PooledConnectionResourcePoolManager@3fee1a5c.acquireResource() returning. 
18:53:59.133 [C3P0PooledConnectionPoolManager[identityToken->z8kfsx9q1sr6dtukt760d|39a8312f]-HelperThread-#1] DEBUG c.m.v.c.i.C3P0PooledConnectionPool - com.mchange.v2.c3p0.impl.C3P0PooledConnectionPool$1PooledConnectionResourcePoolManager@3fee1a5c.acquireResource() returning. 
18:53:59.133 [C3P0PooledConnectionPoolManager[identityToken->z8kfsx9q1sr6dtukt760d|39a8312f]-HelperThread-#2] DEBUG c.m.v.c3p0.stmt.GooGooStatementCache - checkinAll(): com.mchange.v2.c3p0.stmt.GlobalMaxOnlyStatementCache stats -- total size: 0; checked out: 0; num connections: 0; num keys: 0
18:53:59.134 [C3P0PooledConnectionPoolManager[identityToken->z8kfsx9q1sr6dtukt760d|39a8312f]-HelperThread-#0] DEBUG c.m.v.resourcepool.BasicResourcePool - trace com.mchange.v2.resourcepool.BasicResourcePool@3fb6cf60 [managed: 1, unused: 1, excluded: 0]
18:53:59.135 [C3P0PooledConnectionPoolManager[identityToken->z8kfsx9q1sr6dtukt760d|39a8312f]-HelperThread-#2] DEBUG c.m.v.c.i.C3P0PooledConnectionPool - com.mchange.v2.c3p0.impl.C3P0PooledConnectionPool$1PooledConnectionResourcePoolManager@3fee1a5c.acquireResource() returning. 
18:53:59.135 [C3P0PooledConnectionPoolManager[identityToken->z8kfsx9q1sr6dtukt760d|39a8312f]-HelperThread-#0] DEBUG c.m.v.resourcepool.BasicResourcePool - decremented pending_acquires: 4
18:53:59.135 [C3P0PooledConnectionPoolManager[identityToken->z8kfsx9q1sr6dtukt760d|39a8312f]-HelperThread-#0] DEBUG c.m.v.resourcepool.BasicResourcePool - Acquisition series terminated successfully. Decremented pending_acquires [4],  attempts_remaining: 30
18:53:59.137 [C3P0PooledConnectionPoolManager[identityToken->z8kfsx9q1sr6dtukt760d|39a8312f]-HelperThread-#2] DEBUG c.m.v.resourcepool.BasicResourcePool - trace com.mchange.v2.resourcepool.BasicResourcePool@3fb6cf60 [managed: 2, unused: 2, excluded: 0] (e.g. com.mchange.v2.c3p0.impl.NewPooledConnection@7dfe0279)
18:53:59.137 [C3P0PooledConnectionPoolManager[identityToken->z8kfsx9q1sr6dtukt760d|39a8312f]-HelperThread-#2] DEBUG c.m.v.resourcepool.BasicResourcePool - decremented pending_acquires: 3
18:53:59.137 [C3P0PooledConnectionPoolManager[identityToken->z8kfsx9q1sr6dtukt760d|39a8312f]-HelperThread-#2] DEBUG c.m.v.resourcepool.BasicResourcePool - Acquisition series terminated successfully. Decremented pending_acquires [3],  attempts_remaining: 30
18:53:59.137 [C3P0PooledConnectionPoolManager[identityToken->z8kfsx9q1sr6dtukt760d|39a8312f]-HelperThread-#1] DEBUG c.m.v.resourcepool.BasicResourcePool - trace com.mchange.v2.resourcepool.BasicResourcePool@3fb6cf60 [managed: 3, unused: 3, excluded: 0] (e.g. com.mchange.v2.c3p0.impl.NewPooledConnection@7dfe0279)
18:53:59.138 [C3P0PooledConnectionPoolManager[identityToken->z8kfsx9q1sr6dtukt760d|39a8312f]-HelperThread-#1] DEBUG c.m.v.resourcepool.BasicResourcePool - decremented pending_acquires: 2
18:53:59.138 [C3P0PooledConnectionPoolManager[identityToken->z8kfsx9q1sr6dtukt760d|39a8312f]-HelperThread-#1] DEBUG c.m.v.resourcepool.BasicResourcePool - Acquisition series terminated successfully. Decremented pending_acquires [2],  attempts_remaining: 30
18:53:59.138 [main] DEBUG c.m.v.c.i.C3P0PooledConnectionPool - Testing PooledConnection [com.mchange.v2.c3p0.impl.NewPooledConnection@6701da80] on CHECKOUT.
18:53:59.243 [main] DEBUG c.m.v.c3p0.stmt.GooGooStatementCache - checkinAll(): com.mchange.v2.c3p0.stmt.GlobalMaxOnlyStatementCache stats -- total size: 0; checked out: 0; num connections: 0; num keys: 0
18:53:59.244 [main] DEBUG c.m.v.c.i.C3P0PooledConnectionPool - Test of PooledConnection [com.mchange.v2.c3p0.impl.NewPooledConnection@6701da80] on CHECKOUT has SUCCEEDED.
18:53:59.245 [main] DEBUG c.m.v.resourcepool.BasicResourcePool - trace com.mchange.v2.resourcepool.BasicResourcePool@3fb6cf60 [managed: 3, unused: 2, excluded: 0] (e.g. com.mchange.v2.c3p0.impl.NewPooledConnection@7dfe0279)
18:53:59.266 [main] DEBUG o.h.e.jdbc.internal.JdbcServicesImpl - Database ->
       name : MySQL
    version : 5.7.19
      major : 5
      minor : 7
18:53:59.268 [main] DEBUG o.h.e.jdbc.internal.JdbcServicesImpl - Driver ->
       name : MySQL Connector Java
    version : mysql-connector-java-5.1.43 ( Revision: 1d14b699eff3e6112aaedb1cbe5a151ab81f98f1 )
      major : 5
      minor : 1
18:53:59.270 [main] DEBUG o.h.e.jdbc.internal.JdbcServicesImpl - JDBC version : 4.0
18:53:59.271 [C3P0PooledConnectionPoolManager[identityToken->z8kfsx9q1sr6dtukt760d|39a8312f]-HelperThread-#1] DEBUG c.m.v.c3p0.stmt.GooGooStatementCache - checkinAll(): com.mchange.v2.c3p0.stmt.GlobalMaxOnlyStatementCache stats -- total size: 0; checked out: 0; num connections: 0; num keys: 0
18:53:59.271 [C3P0PooledConnectionPoolManager[identityToken->z8kfsx9q1sr6dtukt760d|39a8312f]-HelperThread-#1] DEBUG c.m.v.c.i.C3P0PooledConnectionPool - com.mchange.v2.c3p0.impl.C3P0PooledConnectionPool$1PooledConnectionResourcePoolManager@3fee1a5c.acquireResource() returning. 
18:53:59.272 [C3P0PooledConnectionPoolManager[identityToken->z8kfsx9q1sr6dtukt760d|39a8312f]-HelperThread-#1] DEBUG c.m.v.resourcepool.BasicResourcePool - trace com.mchange.v2.resourcepool.BasicResourcePool@3fb6cf60 [managed: 4, unused: 3, excluded: 0] (e.g. com.mchange.v2.c3p0.impl.NewPooledConnection@7dfe0279)
18:53:59.272 [C3P0PooledConnectionPoolManager[identityToken->z8kfsx9q1sr6dtukt760d|39a8312f]-HelperThread-#1] DEBUG c.m.v.resourcepool.BasicResourcePool - decremented pending_acquires: 1
18:53:59.272 [C3P0PooledConnectionPoolManager[identityToken->z8kfsx9q1sr6dtukt760d|39a8312f]-HelperThread-#1] DEBUG c.m.v.resourcepool.BasicResourcePool - Acquisition series terminated successfully. Decremented pending_acquires [1],  attempts_remaining: 30
18:53:59.277 [C3P0PooledConnectionPoolManager[identityToken->z8kfsx9q1sr6dtukt760d|39a8312f]-HelperThread-#0] DEBUG c.m.v.c3p0.stmt.GooGooStatementCache - checkinAll(): com.mchange.v2.c3p0.stmt.GlobalMaxOnlyStatementCache stats -- total size: 0; checked out: 0; num connections: 0; num keys: 0
18:53:59.277 [C3P0PooledConnectionPoolManager[identityToken->z8kfsx9q1sr6dtukt760d|39a8312f]-HelperThread-#0] DEBUG c.m.v.c.i.C3P0PooledConnectionPool - com.mchange.v2.c3p0.impl.C3P0PooledConnectionPool$1PooledConnectionResourcePoolManager@3fee1a5c.acquireResource() returning. 
18:53:59.277 [C3P0PooledConnectionPoolManager[identityToken->z8kfsx9q1sr6dtukt760d|39a8312f]-HelperThread-#0] DEBUG c.m.v.resourcepool.BasicResourcePool - trace com.mchange.v2.resourcepool.BasicResourcePool@3fb6cf60 [managed: 5, unused: 4, excluded: 0] (e.g. com.mchange.v2.c3p0.impl.NewPooledConnection@7dfe0279)
18:53:59.277 [C3P0PooledConnectionPoolManager[identityToken->z8kfsx9q1sr6dtukt760d|39a8312f]-HelperThread-#0] DEBUG c.m.v.resourcepool.BasicResourcePool - decremented pending_acquires: 0
18:53:59.277 [C3P0PooledConnectionPoolManager[identityToken->z8kfsx9q1sr6dtukt760d|39a8312f]-HelperThread-#0] DEBUG c.m.v.resourcepool.BasicResourcePool - Acquisition series terminated successfully. Decremented pending_acquires [0],  attempts_remaining: 30
18:53:59.278 [main] DEBUG o.h.e.j.c.i.StandardRefCursorSupport - Unexpected error trying to gauge level of JDBC REF_CURSOR support : null
18:53:59.455 [main] INFO  org.hibernate.dialect.Dialect - HHH000400: Using dialect: org.hibernate.dialect.MySQLDialect
18:53:59.514 [main] INFO  o.h.e.j.internal.LobCreatorBuilder - HHH000424: Disabling contextual LOB creation as createClob() method threw error : java.lang.reflect.InvocationTargetException
18:53:59.515 [main] DEBUG c.m.v.c3p0.stmt.GooGooStatementCache - checkinAll(): com.mchange.v2.c3p0.stmt.GlobalMaxOnlyStatementCache stats -- total size: 0; checked out: 0; num connections: 0; num keys: 0
18:53:59.540 [main] DEBUG c.m.v.a.ThreadPoolAsynchronousRunner - com.mchange.v2.async.ThreadPoolAsynchronousRunner@35390ee3: Adding task to queue -- com.mchange.v2.resourcepool.BasicResourcePool$1RefurbishCheckinResourceTask@60d1a32f
18:53:59.540 [main] DEBUG c.m.v.resourcepool.BasicResourcePool - trace com.mchange.v2.resourcepool.BasicResourcePool@3fb6cf60 [managed: 5, unused: 4, excluded: 0] (e.g. com.mchange.v2.c3p0.impl.NewPooledConnection@7dfe0279)
18:53:59.540 [C3P0PooledConnectionPoolManager[identityToken->z8kfsx9q1sr6dtukt760d|39a8312f]-HelperThread-#0] DEBUG c.m.v.c3p0.stmt.GooGooStatementCache - checkinAll(): com.mchange.v2.c3p0.stmt.GlobalMaxOnlyStatementCache stats -- total size: 0; checked out: 0; num connections: 0; num keys: 0
18:53:59.802 [main] DEBUG org.hibernate.cfg.Configuration - Processing hbm.xml files
18:53:59.802 [main] DEBUG org.hibernate.cfg.Configuration - Process annotated classes
18:53:59.819 [main] DEBUG org.hibernate.cfg.AnnotationBinder - Binding entity from annotated class: com.fabiocompany.supermercadosdeltaplus.model.Cabeceraticket
18:53:59.948 [main] DEBUG org.hibernate.cfg.Ejb3Column - Binding column: Ejb3DiscriminatorColumn{logicalColumnName'DTYPE', discriminatorTypeName='string'}
18:53:59.959 [main] DEBUG org.hibernate.cfg.AnnotationBinder - No value specified for 'javax.persistence.sharedCache.mode'; using UNSPECIFIED
18:54:00.002 [main] DEBUG o.h.cfg.annotations.EntityBinder - Import with entity name Cabeceraticket
18:54:00.022 [main] DEBUG o.h.cfg.annotations.EntityBinder - Bind entity com.fabiocompany.supermercadosdeltaplus.model.Cabeceraticket on table cabeceraticket
18:54:00.241 [main] DEBUG org.hibernate.cfg.Ejb3Column - Binding column: Ejb3Column{table=org.hibernate.mapping.Table(cabeceraticket), mappingColumn=idticket, insertable=true, updatable=true, unique=false}
18:54:00.266 [main] DEBUG o.h.cfg.annotations.PropertyBinder - MetadataSourceProcessor property idticket with lazy=false
18:54:00.275 [main] DEBUG o.h.cfg.AbstractPropertyHolder - Attempting to locate auto-apply AttributeConverter for property [com.fabiocompany.supermercadosdeltaplus.model.Cabeceraticket:idticket]
18:54:00.285 [main] DEBUG o.h.c.annotations.SimpleValueBinder - building SimpleValue for idticket
18:54:00.292 [main] DEBUG o.h.cfg.annotations.PropertyBinder - Building property idticket
18:54:00.319 [main] DEBUG org.hibernate.cfg.Ejb3Column - Binding column: Ejb3JoinColumn{logicalColumnName='idticket', referencedColumn='', mappedBy=''}
18:54:00.323 [main] DEBUG org.hibernate.cfg.Ejb3Column - Binding column: Ejb3Column{table=org.hibernate.mapping.Table(cabeceraticket), mappingColumn=detalletickets, insertable=true, updatable=true, unique=false}
18:54:00.330 [main] DEBUG org.hibernate.cfg.Ejb3Column - Binding column: Ejb3Column{table=org.hibernate.mapping.Table(cabeceraticket), mappingColumn=null, insertable=true, updatable=true, unique=false}
18:54:00.387 [main] DEBUG org.hibernate.cfg.Ejb3Column - Binding column: Ejb3Column{table=org.hibernate.mapping.Table(cabeceraticket), mappingColumn=element, insertable=true, updatable=true, unique=false}
18:54:00.391 [main] DEBUG org.hibernate.cfg.Ejb3Column - Binding column: Ejb3Column{table=org.hibernate.mapping.Table(cabeceraticket), mappingColumn=detalletickets_KEY, insertable=true, updatable=true, unique=false}
18:54:00.397 [main] DEBUG org.hibernate.cfg.Ejb3Column - Binding column: Ejb3JoinColumn{logicalColumnName='detalletickets_KEY', referencedColumn='null', mappedBy='null'}
18:54:00.402 [main] DEBUG org.hibernate.cfg.Ejb3Column - Binding column: Ejb3JoinColumn{logicalColumnName='null', referencedColumn='null', mappedBy=''}
18:54:00.403 [main] DEBUG org.hibernate.cfg.Ejb3Column - Binding column: Ejb3JoinColumn{logicalColumnName='null', referencedColumn='null', mappedBy=''}
18:54:00.405 [main] DEBUG o.h.cfg.annotations.CollectionBinder - Collection role: com.fabiocompany.supermercadosdeltaplus.model.Cabeceraticket.detalletickets
18:54:00.423 [main] DEBUG o.h.cfg.annotations.PropertyBinder - Building property detalletickets
18:54:00.427 [main] DEBUG org.hibernate.cfg.Ejb3Column - Binding column: Ejb3Column{table=org.hibernate.mapping.Table(cabeceraticket), mappingColumn=fecha, insertable=true, updatable=true, unique=false}
18:54:00.429 [main] DEBUG o.h.cfg.annotations.PropertyBinder - MetadataSourceProcessor property fecha with lazy=false
18:54:00.430 [main] DEBUG o.h.cfg.AbstractPropertyHolder - Attempting to locate auto-apply AttributeConverter for property [com.fabiocompany.supermercadosdeltaplus.model.Cabeceraticket:fecha]
18:54:00.430 [main] DEBUG o.h.c.annotations.SimpleValueBinder - building SimpleValue for fecha
18:54:00.431 [main] DEBUG o.h.cfg.annotations.PropertyBinder - Building property fecha
18:54:00.432 [main] DEBUG org.hibernate.cfg.Ejb3Column - Binding column: Ejb3JoinColumn{logicalColumnName='idusuario', referencedColumn='', mappedBy=''}
18:54:00.433 [main] DEBUG org.hibernate.cfg.Ejb3Column - Binding column: Ejb3Column{table=org.hibernate.mapping.Table(cabeceraticket), mappingColumn=usuario, insertable=true, updatable=true, unique=false}
18:54:00.443 [main] DEBUG o.h.cfg.annotations.PropertyBinder - Building property usuario
18:54:00.458 [main] DEBUG org.hibernate.cfg.AnnotationBinder - Binding entity from annotated class: com.fabiocompany.supermercadosdeltaplus.model.Detalleticket
18:54:00.460 [main] DEBUG org.hibernate.cfg.Ejb3Column - Binding column: Ejb3DiscriminatorColumn{logicalColumnName'DTYPE', discriminatorTypeName='string'}
18:54:00.460 [main] DEBUG org.hibernate.cfg.AnnotationBinder - No value specified for 'javax.persistence.sharedCache.mode'; using UNSPECIFIED
18:54:00.461 [main] DEBUG o.h.cfg.annotations.EntityBinder - Import with entity name Detalleticket
18:54:00.462 [main] DEBUG o.h.cfg.annotations.EntityBinder - Bind entity com.fabiocompany.supermercadosdeltaplus.model.Detalleticket on table detalleticket
18:54:00.508 [main] DEBUG org.hibernate.cfg.Ejb3Column - Binding column: Ejb3Column{table=org.hibernate.mapping.Table(detalleticket), mappingColumn=iddetalleticket, insertable=true, updatable=true, unique=false}
18:54:00.509 [main] DEBUG o.h.cfg.annotations.PropertyBinder - MetadataSourceProcessor property iddetalleticket with lazy=false
18:54:00.510 [main] DEBUG o.h.cfg.AbstractPropertyHolder - Attempting to locate auto-apply AttributeConverter for property [com.fabiocompany.supermercadosdeltaplus.model.Detalleticket:iddetalleticket]
18:54:00.511 [main] DEBUG o.h.c.annotations.SimpleValueBinder - building SimpleValue for iddetalleticket
18:54:00.512 [main] DEBUG o.h.cfg.annotations.PropertyBinder - Building property iddetalleticket
18:54:00.513 [main] DEBUG org.hibernate.cfg.Ejb3Column - Binding column: Ejb3JoinColumn{logicalColumnName='idticket', referencedColumn='', mappedBy=''}
18:54:00.514 [main] DEBUG org.hibernate.cfg.Ejb3Column - Binding column: Ejb3Column{table=org.hibernate.mapping.Table(detalleticket), mappingColumn=cabeceraticket, insertable=true, updatable=true, unique=false}
18:54:00.515 [main] DEBUG o.h.cfg.annotations.PropertyBinder - Building property cabeceraticket
18:54:00.516 [main] DEBUG org.hibernate.cfg.Ejb3Column - Binding column: Ejb3Column{table=org.hibernate.mapping.Table(detalleticket), mappingColumn=cantidad, insertable=true, updatable=true, unique=false}
18:54:00.517 [main] DEBUG o.h.cfg.annotations.PropertyBinder - MetadataSourceProcessor property cantidad with lazy=false
18:54:00.518 [main] DEBUG o.h.cfg.AbstractPropertyHolder - Attempting to locate auto-apply AttributeConverter for property [com.fabiocompany.supermercadosdeltaplus.model.Detalleticket:cantidad]
18:54:00.519 [main] DEBUG o.h.c.annotations.SimpleValueBinder - building SimpleValue for cantidad
18:54:00.520 [main] DEBUG o.h.cfg.annotations.PropertyBinder - Building property cantidad
18:54:00.521 [main] DEBUG org.hibernate.cfg.Ejb3Column - Binding column: Ejb3Column{table=org.hibernate.mapping.Table(detalleticket), mappingColumn=null, insertable=true, updatable=true, unique=false}
18:54:00.523 [main] DEBUG org.hibernate.cfg.Ejb3Column - Binding column: Ejb3Column{table=org.hibernate.mapping.Table(detalleticket), mappingColumn=element, insertable=true, updatable=true, unique=false}
18:54:00.524 [main] DEBUG org.hibernate.cfg.Ejb3Column - Binding column: Ejb3Column{table=org.hibernate.mapping.Table(detalleticket), mappingColumn=productos_KEY, insertable=true, updatable=true, unique=false}
18:54:00.525 [main] DEBUG org.hibernate.cfg.Ejb3Column - Binding column: Ejb3JoinColumn{logicalColumnName='productos_KEY', referencedColumn='null', mappedBy='null'}
18:54:00.527 [main] DEBUG org.hibernate.cfg.Ejb3Column - Binding column: Ejb3JoinColumn{logicalColumnName='iddetalleticket', referencedColumn='', mappedBy=''}
18:54:00.528 [main] DEBUG org.hibernate.cfg.Ejb3Column - Binding column: Ejb3JoinColumn{logicalColumnName='idproducto', referencedColumn='', mappedBy=''}
18:54:00.528 [main] DEBUG o.h.cfg.annotations.CollectionBinder - Collection role: com.fabiocompany.supermercadosdeltaplus.model.Detalleticket.productos
18:54:00.529 [main] DEBUG o.h.cfg.annotations.PropertyBinder - Building property productos
18:54:00.533 [main] DEBUG org.hibernate.cfg.AnnotationBinder - Binding entity from annotated class: com.fabiocompany.supermercadosdeltaplus.model.Usuario
18:54:00.535 [main] DEBUG org.hibernate.cfg.Ejb3Column - Binding column: Ejb3DiscriminatorColumn{logicalColumnName'DTYPE', discriminatorTypeName='string'}
18:54:00.535 [main] DEBUG org.hibernate.cfg.AnnotationBinder - No value specified for 'javax.persistence.sharedCache.mode'; using UNSPECIFIED
18:54:00.536 [main] DEBUG o.h.cfg.annotations.EntityBinder - Import with entity name Usuario
18:54:00.537 [main] DEBUG o.h.cfg.annotations.EntityBinder - Bind entity com.fabiocompany.supermercadosdeltaplus.model.Usuario on table usuario
18:54:00.565 [main] DEBUG org.hibernate.cfg.Ejb3Column - Binding column: Ejb3Column{table=org.hibernate.mapping.Table(usuario), mappingColumn=idusuario, insertable=true, updatable=true, unique=false}
18:54:00.566 [main] DEBUG o.h.cfg.annotations.PropertyBinder - MetadataSourceProcessor property idusuario with lazy=false
18:54:00.567 [main] DEBUG o.h.cfg.AbstractPropertyHolder - Attempting to locate auto-apply AttributeConverter for property [com.fabiocompany.supermercadosdeltaplus.model.Usuario:idusuario]
18:54:00.568 [main] DEBUG o.h.c.annotations.SimpleValueBinder - building SimpleValue for idusuario
18:54:00.569 [main] DEBUG o.h.cfg.annotations.PropertyBinder - Building property idusuario
18:54:00.571 [main] DEBUG org.hibernate.cfg.Ejb3Column - Binding column: Ejb3JoinColumn{logicalColumnName='idusuario', referencedColumn='', mappedBy=''}
18:54:00.572 [main] DEBUG org.hibernate.cfg.Ejb3Column - Binding column: Ejb3Column{table=org.hibernate.mapping.Table(usuario), mappingColumn=cabeceratickets, insertable=true, updatable=true, unique=false}
18:54:00.573 [main] DEBUG org.hibernate.cfg.Ejb3Column - Binding column: Ejb3Column{table=org.hibernate.mapping.Table(usuario), mappingColumn=null, insertable=true, updatable=true, unique=false}
18:54:00.574 [main] DEBUG org.hibernate.cfg.Ejb3Column - Binding column: Ejb3Column{table=org.hibernate.mapping.Table(usuario), mappingColumn=element, insertable=true, updatable=true, unique=false}
18:54:00.575 [main] DEBUG org.hibernate.cfg.Ejb3Column - Binding column: Ejb3Column{table=org.hibernate.mapping.Table(usuario), mappingColumn=cabeceratickets_KEY, insertable=true, updatable=true, unique=false}
18:54:00.576 [main] DEBUG org.hibernate.cfg.Ejb3Column - Binding column: Ejb3JoinColumn{logicalColumnName='cabeceratickets_KEY', referencedColumn='null', mappedBy='null'}
18:54:00.577 [main] DEBUG org.hibernate.cfg.Ejb3Column - Binding column: Ejb3JoinColumn{logicalColumnName='null', referencedColumn='null', mappedBy=''}
18:54:00.578 [main] DEBUG org.hibernate.cfg.Ejb3Column - Binding column: Ejb3JoinColumn{logicalColumnName='null', referencedColumn='null', mappedBy=''}
18:54:00.579 [main] DEBUG o.h.cfg.annotations.CollectionBinder - Collection role: com.fabiocompany.supermercadosdeltaplus.model.Usuario.cabeceratickets
18:54:00.579 [main] DEBUG o.h.cfg.annotations.PropertyBinder - Building property cabeceratickets
18:54:00.580 [main] DEBUG org.hibernate.cfg.Ejb3Column - Binding column: Ejb3Column{table=org.hibernate.mapping.Table(usuario), mappingColumn=contraseniausuario, insertable=true, updatable=true, unique=false}
18:54:00.582 [main] DEBUG o.h.cfg.annotations.PropertyBinder - MetadataSourceProcessor property contraseniausuario with lazy=false
18:54:00.583 [main] DEBUG o.h.cfg.AbstractPropertyHolder - Attempting to locate auto-apply AttributeConverter for property [com.fabiocompany.supermercadosdeltaplus.model.Usuario:contraseniausuario]
18:54:00.584 [main] DEBUG o.h.c.annotations.SimpleValueBinder - building SimpleValue for contraseniausuario
18:54:00.584 [main] DEBUG o.h.cfg.annotations.PropertyBinder - Building property contraseniausuario
18:54:00.586 [main] DEBUG org.hibernate.cfg.Ejb3Column - Binding column: Ejb3Column{table=org.hibernate.mapping.Table(usuario), mappingColumn=nombreusuario, insertable=true, updatable=true, unique=false}
18:54:00.587 [main] DEBUG o.h.cfg.annotations.PropertyBinder - MetadataSourceProcessor property nombreusuario with lazy=false
18:54:00.588 [main] DEBUG o.h.cfg.AbstractPropertyHolder - Attempting to locate auto-apply AttributeConverter for property [com.fabiocompany.supermercadosdeltaplus.model.Usuario:nombreusuario]
18:54:00.589 [main] DEBUG o.h.c.annotations.SimpleValueBinder - building SimpleValue for nombreusuario
18:54:00.590 [main] DEBUG o.h.cfg.annotations.PropertyBinder - Building property nombreusuario
18:54:00.591 [main] DEBUG org.hibernate.cfg.Ejb3Column - Binding column: Ejb3JoinColumn{logicalColumnName='idpersonausuario', referencedColumn='', mappedBy=''}
18:54:00.592 [main] DEBUG org.hibernate.cfg.Ejb3Column - Binding column: Ejb3Column{table=org.hibernate.mapping.Table(usuario), mappingColumn=personausuario, insertable=true, updatable=true, unique=false}
18:54:00.593 [main] DEBUG o.h.cfg.annotations.PropertyBinder - Building property personausuario
18:54:00.596 [main] DEBUG org.hibernate.cfg.Ejb3Column - Binding column: Ejb3Column{table=org.hibernate.mapping.Table(usuario), mappingColumn=tipodeusuario, insertable=true, updatable=true, unique=false}
18:54:00.597 [main] DEBUG o.h.cfg.annotations.PropertyBinder - MetadataSourceProcessor property tipodeusuario with lazy=false
18:54:00.598 [main] DEBUG o.h.cfg.AbstractPropertyHolder - Attempting to locate auto-apply AttributeConverter for property [com.fabiocompany.supermercadosdeltaplus.model.Usuario:tipodeusuario]
18:54:00.599 [main] DEBUG o.h.c.annotations.SimpleValueBinder - building SimpleValue for tipodeusuario
18:54:00.601 [main] DEBUG o.h.cfg.annotations.PropertyBinder - Building property tipodeusuario
18:54:00.602 [main] DEBUG org.hibernate.cfg.AnnotationBinder - Binding entity from annotated class: com.fabiocompany.supermercadosdeltaplus.model.Personausuario
18:54:00.604 [main] DEBUG org.hibernate.cfg.Ejb3Column - Binding column: Ejb3DiscriminatorColumn{logicalColumnName'DTYPE', discriminatorTypeName='string'}
18:54:00.605 [main] DEBUG org.hibernate.cfg.AnnotationBinder - No value specified for 'javax.persistence.sharedCache.mode'; using UNSPECIFIED
18:54:00.606 [main] DEBUG o.h.cfg.annotations.EntityBinder - Import with entity name Personausuario
18:54:00.608 [main] DEBUG o.h.cfg.annotations.EntityBinder - Bind entity com.fabiocompany.supermercadosdeltaplus.model.Personausuario on table personausuario
18:54:00.617 [main] DEBUG org.hibernate.cfg.Ejb3Column - Binding column: Ejb3Column{table=org.hibernate.mapping.Table(personausuario), mappingColumn=idpersonausuario, insertable=true, updatable=true, unique=false}
18:54:00.619 [main] DEBUG o.h.cfg.annotations.PropertyBinder - MetadataSourceProcessor property idpersonausuario with lazy=false
18:54:00.620 [main] DEBUG o.h.cfg.AbstractPropertyHolder - Attempting to locate auto-apply AttributeConverter for property [com.fabiocompany.supermercadosdeltaplus.model.Personausuario:idpersonausuario]
18:54:00.622 [main] DEBUG o.h.c.annotations.SimpleValueBinder - building SimpleValue for idpersonausuario
18:54:00.623 [main] DEBUG o.h.cfg.annotations.PropertyBinder - Building property idpersonausuario
18:54:00.624 [main] DEBUG org.hibernate.cfg.Ejb3Column - Binding column: Ejb3Column{table=org.hibernate.mapping.Table(personausuario), mappingColumn=correo, insertable=true, updatable=true, unique=false}
18:54:00.625 [main] DEBUG o.h.cfg.annotations.PropertyBinder - MetadataSourceProcessor property correo with lazy=false
18:54:00.627 [main] DEBUG o.h.cfg.AbstractPropertyHolder - Attempting to locate auto-apply AttributeConverter for property [com.fabiocompany.supermercadosdeltaplus.model.Personausuario:correo]
18:54:00.627 [main] DEBUG o.h.c.annotations.SimpleValueBinder - building SimpleValue for correo
18:54:00.628 [main] DEBUG o.h.cfg.annotations.PropertyBinder - Building property correo
18:54:00.629 [main] DEBUG org.hibernate.cfg.Ejb3Column - Binding column: Ejb3Column{table=org.hibernate.mapping.Table(personausuario), mappingColumn=dnipersonausuario, insertable=true, updatable=true, unique=false}
18:54:00.630 [main] DEBUG o.h.cfg.annotations.PropertyBinder - MetadataSourceProcessor property dnipersonausuario with lazy=false
18:54:00.631 [main] DEBUG o.h.cfg.AbstractPropertyHolder - Attempting to locate auto-apply AttributeConverter for property [com.fabiocompany.supermercadosdeltaplus.model.Personausuario:dnipersonausuario]
18:54:00.632 [main] DEBUG o.h.c.annotations.SimpleValueBinder - building SimpleValue for dnipersonausuario
18:54:00.633 [main] DEBUG o.h.cfg.annotations.PropertyBinder - Building property dnipersonausuario
18:54:00.635 [main] DEBUG org.hibernate.cfg.Ejb3Column - Binding column: Ejb3Column{table=org.hibernate.mapping.Table(personausuario), mappingColumn=nombrepersonausuario, insertable=true, updatable=true, unique=false}
18:54:00.636 [main] DEBUG o.h.cfg.annotations.PropertyBinder - MetadataSourceProcessor property nombrepersonausuario with lazy=false
18:54:00.637 [main] DEBUG o.h.cfg.AbstractPropertyHolder - Attempting to locate auto-apply AttributeConverter for property [com.fabiocompany.supermercadosdeltaplus.model.Personausuario:nombrepersonausuario]
18:54:00.638 [main] DEBUG o.h.c.annotations.SimpleValueBinder - building SimpleValue for nombrepersonausuario
18:54:00.639 [main] DEBUG o.h.cfg.annotations.PropertyBinder - Building property nombrepersonausuario
18:54:00.640 [main] DEBUG org.hibernate.cfg.Ejb3Column - Binding column: Ejb3Column{table=org.hibernate.mapping.Table(personausuario), mappingColumn=numerodetelefono, insertable=true, updatable=true, unique=false}
18:54:00.641 [main] DEBUG o.h.cfg.annotations.PropertyBinder - MetadataSourceProcessor property numerodetelefono with lazy=false
18:54:00.642 [main] DEBUG o.h.cfg.AbstractPropertyHolder - Attempting to locate auto-apply AttributeConverter for property [com.fabiocompany.supermercadosdeltaplus.model.Personausuario:numerodetelefono]
18:54:00.643 [main] DEBUG o.h.c.annotations.SimpleValueBinder - building SimpleValue for numerodetelefono
18:54:00.644 [main] DEBUG o.h.cfg.annotations.PropertyBinder - Building property numerodetelefono
18:54:00.645 [main] DEBUG org.hibernate.cfg.AnnotationBinder - Binding entity from annotated class: com.fabiocompany.supermercadosdeltaplus.model.Producto
18:54:00.647 [main] DEBUG org.hibernate.cfg.Ejb3Column - Binding column: Ejb3DiscriminatorColumn{logicalColumnName'DTYPE', discriminatorTypeName='string'}
18:54:00.648 [main] DEBUG org.hibernate.cfg.AnnotationBinder - No value specified for 'javax.persistence.sharedCache.mode'; using UNSPECIFIED
18:54:00.649 [main] DEBUG o.h.cfg.annotations.EntityBinder - Import with entity name Producto
18:54:00.650 [main] DEBUG o.h.cfg.annotations.EntityBinder - Bind entity com.fabiocompany.supermercadosdeltaplus.model.Producto on table producto
18:54:00.664 [main] DEBUG org.hibernate.cfg.Ejb3Column - Binding column: Ejb3Column{table=org.hibernate.mapping.Table(producto), mappingColumn=idproducto, insertable=true, updatable=true, unique=false}
18:54:00.665 [main] DEBUG o.h.cfg.annotations.PropertyBinder - MetadataSourceProcessor property idproducto with lazy=false
18:54:00.666 [main] DEBUG o.h.cfg.AbstractPropertyHolder - Attempting to locate auto-apply AttributeConverter for property [com.fabiocompany.supermercadosdeltaplus.model.Producto:idproducto]
18:54:00.667 [main] DEBUG o.h.c.annotations.SimpleValueBinder - building SimpleValue for idproducto
18:54:00.668 [main] DEBUG o.h.cfg.annotations.PropertyBinder - Building property idproducto
18:54:00.669 [main] DEBUG org.hibernate.cfg.Ejb3Column - Binding column: Ejb3Column{table=org.hibernate.mapping.Table(producto), mappingColumn=descripcion, insertable=true, updatable=true, unique=false}
18:54:00.670 [main] DEBUG o.h.cfg.annotations.PropertyBinder - MetadataSourceProcessor property descripcion with lazy=false
18:54:00.671 [main] DEBUG o.h.cfg.AbstractPropertyHolder - Attempting to locate auto-apply AttributeConverter for property [com.fabiocompany.supermercadosdeltaplus.model.Producto:descripcion]
18:54:00.672 [main] DEBUG o.h.c.annotations.SimpleValueBinder - building SimpleValue for descripcion
18:54:00.673 [main] DEBUG o.h.cfg.annotations.PropertyBinder - Building property descripcion
18:54:00.674 [main] DEBUG org.hibernate.cfg.Ejb3Column - Binding column: Ejb3Column{table=org.hibernate.mapping.Table(producto), mappingColumn=null, insertable=true, updatable=true, unique=false}
18:54:00.675 [main] DEBUG org.hibernate.cfg.Ejb3Column - Binding column: Ejb3Column{table=org.hibernate.mapping.Table(producto), mappingColumn=element, insertable=true, updatable=true, unique=false}
18:54:00.676 [main] DEBUG org.hibernate.cfg.Ejb3Column - Binding column: Ejb3Column{table=org.hibernate.mapping.Table(producto), mappingColumn=detalletickets_KEY, insertable=true, updatable=true, unique=false}
18:54:00.677 [main] DEBUG org.hibernate.cfg.Ejb3Column - Binding column: Ejb3JoinColumn{logicalColumnName='detalletickets_KEY', referencedColumn='null', mappedBy='null'}
18:54:00.678 [main] DEBUG org.hibernate.cfg.Ejb3Column - Binding column: Ejb3JoinColumn{logicalColumnName='null', referencedColumn='null', mappedBy='productos'}
18:54:00.679 [main] DEBUG org.hibernate.cfg.Ejb3Column - Binding column: Ejb3JoinColumn{logicalColumnName='null', referencedColumn='null', mappedBy='productos'}
18:54:00.679 [main] DEBUG o.h.cfg.annotations.CollectionBinder - Collection role: com.fabiocompany.supermercadosdeltaplus.model.Producto.detalletickets
18:54:00.680 [main] DEBUG o.h.cfg.annotations.PropertyBinder - Building property detalletickets
18:54:00.682 [main] DEBUG org.hibernate.cfg.Ejb3Column - Binding column: Ejb3Column{table=org.hibernate.mapping.Table(producto), mappingColumn=precio, insertable=true, updatable=true, unique=false}
18:54:00.683 [main] DEBUG o.h.cfg.annotations.PropertyBinder - MetadataSourceProcessor property precio with lazy=false
18:54:00.684 [main] DEBUG o.h.cfg.AbstractPropertyHolder - Attempting to locate auto-apply AttributeConverter for property [com.fabiocompany.supermercadosdeltaplus.model.Producto:precio]
18:54:00.685 [main] DEBUG o.h.c.annotations.SimpleValueBinder - building SimpleValue for precio
18:54:00.685 [main] DEBUG o.h.cfg.annotations.PropertyBinder - Building property precio
18:54:00.689 [main] DEBUG o.h.c.annotations.SimpleValueBinder - Starting fillSimpleValue for idticket
18:54:00.690 [main] DEBUG o.h.c.annotations.SimpleValueBinder - Starting fillSimpleValue for fecha
18:54:00.691 [main] DEBUG o.h.c.annotations.SimpleValueBinder - Starting fillSimpleValue for iddetalleticket
18:54:00.692 [main] DEBUG o.h.c.annotations.SimpleValueBinder - Starting fillSimpleValue for cantidad
18:54:00.693 [main] DEBUG o.h.c.annotations.SimpleValueBinder - Starting fillSimpleValue for idusuario
18:54:00.693 [main] DEBUG o.h.c.annotations.SimpleValueBinder - Starting fillSimpleValue for contraseniausuario
18:54:00.694 [main] DEBUG o.h.c.annotations.SimpleValueBinder - Starting fillSimpleValue for nombreusuario
18:54:00.695 [main] DEBUG o.h.c.annotations.SimpleValueBinder - Starting fillSimpleValue for tipodeusuario
18:54:00.695 [main] DEBUG o.h.c.annotations.SimpleValueBinder - Starting fillSimpleValue for idpersonausuario
18:54:00.696 [main] DEBUG o.h.c.annotations.SimpleValueBinder - Starting fillSimpleValue for correo
18:54:00.697 [main] DEBUG o.h.c.annotations.SimpleValueBinder - Starting fillSimpleValue for dnipersonausuario
18:54:00.698 [main] DEBUG o.h.c.annotations.SimpleValueBinder - Starting fillSimpleValue for nombrepersonausuario
18:54:00.699 [main] DEBUG o.h.c.annotations.SimpleValueBinder - Starting fillSimpleValue for numerodetelefono
18:54:00.699 [main] DEBUG o.h.c.annotations.SimpleValueBinder - Starting fillSimpleValue for idproducto
18:54:00.700 [main] DEBUG o.h.c.annotations.SimpleValueBinder - Starting fillSimpleValue for descripcion
18:54:00.701 [main] DEBUG o.h.c.annotations.SimpleValueBinder - Starting fillSimpleValue for precio
18:54:00.704 [main] DEBUG org.hibernate.cfg.Configuration - Processing fk mappings (*ToOne and JoinedSubclass)
18:54:00.723 [main] DEBUG org.hibernate.cfg.Configuration - Processing extends queue
18:54:00.724 [main] DEBUG org.hibernate.cfg.Configuration - Processing extends queue
18:54:00.724 [main] DEBUG org.hibernate.cfg.Configuration - Processing collection mappings
18:54:00.725 [main] DEBUG o.hibernate.cfg.CollectionSecondPass - Second pass for collection: com.fabiocompany.supermercadosdeltaplus.model.Usuario.cabeceratickets
18:54:00.726 [main] DEBUG o.h.cfg.annotations.CollectionBinder - Binding a OneToMany: com.fabiocompany.supermercadosdeltaplus.model.Usuario.cabeceratickets through a foreign key
18:54:00.729 [main] DEBUG o.h.cfg.annotations.CollectionBinder - Mapping collection: com.fabiocompany.supermercadosdeltaplus.model.Usuario.cabeceratickets -> cabeceraticket
18:54:00.738 [main] DEBUG o.hibernate.cfg.CollectionSecondPass - Mapped collection key: idusuario, one-to-many: com.fabiocompany.supermercadosdeltaplus.model.Cabeceraticket
18:54:00.738 [main] DEBUG o.hibernate.cfg.CollectionSecondPass - Second pass for collection: com.fabiocompany.supermercadosdeltaplus.model.Detalleticket.productos
18:54:00.739 [main] DEBUG o.h.cfg.annotations.CollectionBinder - Binding as ManyToMany: com.fabiocompany.supermercadosdeltaplus.model.Detalleticket.productos
18:54:00.747 [main] DEBUG o.hibernate.cfg.CollectionSecondPass - Mapped collection key: iddetalleticket, element: idproducto
18:54:00.748 [main] DEBUG o.hibernate.cfg.CollectionSecondPass - Second pass for collection: com.fabiocompany.supermercadosdeltaplus.model.Cabeceraticket.detalletickets
18:54:00.749 [main] DEBUG o.h.cfg.annotations.CollectionBinder - Binding a OneToMany: com.fabiocompany.supermercadosdeltaplus.model.Cabeceraticket.detalletickets through a foreign key
18:54:00.749 [main] DEBUG o.h.cfg.annotations.CollectionBinder - Mapping collection: com.fabiocompany.supermercadosdeltaplus.model.Cabeceraticket.detalletickets -> detalleticket
18:54:00.750 [main] DEBUG o.hibernate.cfg.CollectionSecondPass - Mapped collection key: idticket, one-to-many: com.fabiocompany.supermercadosdeltaplus.model.Detalleticket
18:54:00.751 [main] DEBUG o.hibernate.cfg.CollectionSecondPass - Second pass for collection: com.fabiocompany.supermercadosdeltaplus.model.Producto.detalletickets
18:54:00.754 [main] DEBUG o.h.cfg.annotations.CollectionBinder - Binding as ManyToMany: com.fabiocompany.supermercadosdeltaplus.model.Producto.detalletickets
18:54:00.755 [main] DEBUG o.h.cfg.annotations.TableBinder - Retrieving property com.fabiocompany.supermercadosdeltaplus.model.Detalleticket.productos
18:54:00.757 [main] DEBUG o.hibernate.cfg.CollectionSecondPass - Mapped collection key: idproducto, element: iddetalleticket
18:54:00.757 [main] DEBUG org.hibernate.cfg.Configuration - Processing native query and ResultSetMapping mappings
18:54:00.757 [main] DEBUG org.hibernate.cfg.Configuration - Processing association property references
18:54:00.758 [main] DEBUG org.hibernate.cfg.Configuration - Creating tables' unique integer identifiers
18:54:00.758 [main] DEBUG org.hibernate.cfg.Configuration - Processing foreign key constraints
18:54:00.759 [main] DEBUG org.hibernate.cfg.Configuration - Resolving reference to class: com.fabiocompany.supermercadosdeltaplus.model.Usuario
18:54:00.759 [main] DEBUG org.hibernate.cfg.Configuration - Resolving reference to class: com.fabiocompany.supermercadosdeltaplus.model.Cabeceraticket
18:54:00.760 [main] DEBUG org.hibernate.cfg.Configuration - Resolving reference to class: com.fabiocompany.supermercadosdeltaplus.model.Producto
18:54:00.760 [main] DEBUG org.hibernate.cfg.Configuration - Resolving reference to class: com.fabiocompany.supermercadosdeltaplus.model.Detalleticket
18:54:00.761 [main] DEBUG org.hibernate.cfg.Configuration - Resolving reference to class: com.fabiocompany.supermercadosdeltaplus.model.Personausuario
18:54:00.772 [main] DEBUG o.h.e.t.j.p.i.JtaPlatformInitiator - No JtaPlatform was specified, checking resolver
18:54:00.775 [main] DEBUG o.h.e.t.j.p.i.JtaPlatformResolverInitiator - No JtaPlatformResolver was specified, using default [org.hibernate.engine.transaction.jta.platform.internal.StandardJtaPlatformResolver]
18:54:00.801 [main] DEBUG o.h.e.t.j.p.i.StandardJtaPlatformResolver - Could not resolve JtaPlatform, using default [org.hibernate.engine.transaction.jta.platform.internal.NoJtaPlatform]
18:54:00.824 [main] DEBUG org.hibernate.cfg.SettingsFactory - Automatic flush during beforeCompletion(): disabled
18:54:00.824 [main] DEBUG org.hibernate.cfg.SettingsFactory - Automatic session close at end of transaction: disabled
18:54:00.825 [main] DEBUG org.hibernate.cfg.SettingsFactory - JDBC batch size: 15
18:54:00.826 [main] DEBUG org.hibernate.cfg.SettingsFactory - JDBC batch updates for versioned data: disabled
18:54:00.826 [main] DEBUG org.hibernate.cfg.SettingsFactory - Scrollable result sets: enabled
18:54:00.827 [main] DEBUG org.hibernate.cfg.SettingsFactory - Wrap result sets: disabled
18:54:00.827 [main] DEBUG org.hibernate.cfg.SettingsFactory - JDBC3 getGeneratedKeys(): enabled
18:54:00.828 [main] DEBUG org.hibernate.cfg.SettingsFactory - multi-tenancy strategy : NONE
18:54:00.828 [main] DEBUG org.hibernate.cfg.SettingsFactory - Connection release mode: auto
18:54:00.829 [main] INFO  o.h.e.t.i.TransactionFactoryInitiator - HHH000399: Using default transaction strategy (direct JDBC transactions)
18:54:00.847 [main] DEBUG org.hibernate.cfg.SettingsFactory - Using BatchFetchStyle : LEGACY
18:54:00.848 [main] DEBUG org.hibernate.cfg.SettingsFactory - Maximum outer join fetch depth: 2
18:54:00.849 [main] DEBUG org.hibernate.cfg.SettingsFactory - Default batch fetch size: 1
18:54:00.850 [main] DEBUG org.hibernate.cfg.SettingsFactory - Generate SQL with comments: disabled
18:54:00.851 [main] DEBUG org.hibernate.cfg.SettingsFactory - Order SQL updates by primary key: disabled
18:54:00.852 [main] DEBUG org.hibernate.cfg.SettingsFactory - Order SQL inserts for batching: disabled
18:54:00.852 [main] DEBUG org.hibernate.cfg.SettingsFactory - Default null ordering: none
18:54:00.856 [main] DEBUG org.hibernate.cfg.SettingsFactory - Query translator: org.hibernate.hql.internal.ast.ASTQueryTranslatorFactory
18:54:00.870 [main] INFO  o.h.h.i.a.ASTQueryTranslatorFactory - HHH000397: Using ASTQueryTranslatorFactory
18:54:00.870 [main] DEBUG org.hibernate.cfg.SettingsFactory - Query language substitutions: {}
18:54:00.871 [main] DEBUG org.hibernate.cfg.SettingsFactory - JPA-QL strict compliance: disabled
18:54:00.872 [main] DEBUG org.hibernate.cfg.SettingsFactory - Second-level cache: enabled
18:54:00.872 [main] DEBUG org.hibernate.cfg.SettingsFactory - Query cache: disabled
18:54:00.879 [main] DEBUG o.h.c.i.RegionFactoryInitiator - Cache region factory : org.hibernate.cache.internal.NoCachingRegionFactory
18:54:00.902 [main] DEBUG org.hibernate.cfg.SettingsFactory - Optimize cache for minimal puts: disabled
18:54:00.903 [main] DEBUG org.hibernate.cfg.SettingsFactory - Structured second-level cache entries: disabled
18:54:00.903 [main] DEBUG org.hibernate.cfg.SettingsFactory - Second-level cache direct-reference entries: disabled
18:54:00.904 [main] DEBUG org.hibernate.cfg.SettingsFactory - Automatic eviction of collection cache: disabled
18:54:00.904 [main] DEBUG org.hibernate.cfg.SettingsFactory - Statistics: disabled
18:54:00.905 [main] DEBUG org.hibernate.cfg.SettingsFactory - Deleted entity synthetic identifier rollback: disabled
18:54:00.906 [main] DEBUG org.hibernate.cfg.SettingsFactory - Default entity-mode: pojo
18:54:00.906 [main] DEBUG org.hibernate.cfg.SettingsFactory - Named query checking : enabled
18:54:00.907 [main] DEBUG org.hibernate.cfg.SettingsFactory - Check Nullability in Core (should be disabled when Bean Validation is on): enabled
18:54:00.907 [main] DEBUG org.hibernate.cfg.SettingsFactory - Allow initialization of lazy state outside session : : disabled
18:54:00.908 [main] DEBUG org.hibernate.cfg.SettingsFactory - JTA Track by Thread: enabled
18:54:00.960 [main] DEBUG o.h.internal.SessionFactoryImpl - Building session factory
18:54:01.066 [main] DEBUG o.h.internal.SessionFactoryImpl - Session factory constructed with filter configurations : {}
18:54:01.069 [main] DEBUG o.h.internal.SessionFactoryImpl - Instantiating session factory with properties: {java.vendor=Oracle Corporation, show_sql=true, localRepository=/home/fabio/.m2/repository, sun.java.launcher=SUN_STANDARD, hibernate.connection.url=jdbc:mysql://localhost:3306/supermercadosdeltaplus, sun.management.compiler=HotSpot 64-Bit Tiered Compilers, os.name=Linux, hbm2ddl.auto=update, sun.boot.class.path=/usr/java/jdk1.8.0_144/jre/lib/resources.jar:/usr/java/jdk1.8.0_144/jre/lib/rt.jar:/usr/java/jdk1.8.0_144/jre/lib/sunrsasign.jar:/usr/java/jdk1.8.0_144/jre/lib/jsse.jar:/usr/java/jdk1.8.0_144/jre/lib/jce.jar:/usr/java/jdk1.8.0_144/jre/lib/charsets.jar:/usr/java/jdk1.8.0_144/jre/lib/jfr.jar:/usr/java/jdk1.8.0_144/jre/classes, hibernate.current_session_context_class=thread, sun.desktop=gnome, hibernate.c3p0.max_size=75, java.vm.specification.vendor=Oracle Corporation, java.runtime.version=1.8.0_144-b01, hibernate.c3p0.min_size=5, forkMode=once, user.name=fabio, hibernate.c3p0.timeout=3600, user.language=es, sun.boot.library.path=/usr/java/jdk1.8.0_144/jre/lib/amd64, hibernate.c3p0.preferredTestQuery=select 1, maven.surefire.debug=-Xdebug -Xrunjdwp:transport=dt_socket,server=n,address=45939, java.version=1.8.0_144, user.timezone=America/Argentina/Cordoba, sun.arch.data.model=64, java.endorsed.dirs=/usr/java/jdk1.8.0_144/jre/lib/endorsed, sun.cpu.isalist=, sun.jnu.encoding=UTF-8, file.encoding.pkg=sun.io, file.separator=/, java.specification.name=Java Platform API Specification, hibernate.format_sql=true, java.class.version=52.0, user.country=AR, java.home=/usr/java/jdk1.8.0_144/jre, jpda.address=45939, java.vm.info=mixed mode, os.version=4.4.0-96-generic, jpda.listen=true, surefire.real.class.path=/home/fabio/Documentos/facu/ingweb3/repoingweb3personal/supermercadosdeltaplusModulo/target/surefire/surefirebooter5532844802374774419.jar, path.separator=:, java.vm.version=25.144-b01, hibernate.connection.password=root, maven.ext.class.path=/home/fabio/netbeans-8.2/java/maven-nblib/netbeans-eventspy.jar, java.awt.printerjob=sun.print.PSPrinterJob, sun.io.unicode.encoding=UnicodeLittle, awt.toolkit=sun.awt.X11.XToolkit, hibernate.connection.username=root, user.home=/home/fabio, java.specification.vendor=Oracle Corporation, test=com.fabiocompany.supermercadosdeltaplus.test.OfertarProductoTest, hibernate.hbm2ddl.auto=update, java.library.path=/usr/java/jdk1.8.0_144/jre/lib/amd64:/usr/java/jdk1.8.0_144/jre/lib/i386::/usr/java/packages/lib/amd64:/usr/lib64:/lib64:/lib:/usr/lib, java.vendor.url=http://java.oracle.com/, hibernate.c3p0.maxIdleTime=3600, hibernate.connection.driver_class=com.mysql.jdbc.Driver, java.vm.vendor=Oracle Corporation, hibernate.dialect=org.hibernate.dialect.MySQLDialect, java.runtime.name=Java(TM) SE Runtime Environment, sun.java.command=/home/fabio/Documentos/facu/ingweb3/repoingweb3personal/supermercadosdeltaplusModulo/target/surefire/surefirebooter5532844802374774419.jar /home/fabio/Documentos/facu/ingweb3/repoingweb3personal/supermercadosdeltaplusModulo/target/surefire/surefire53406505047364419tmp /home/fabio/Documentos/facu/ingweb3/repoingweb3personal/supermercadosdeltaplusModulo/target/surefire/surefire_047247089435187788tmp, java.class.path=/home/fabio/Documentos/facu/ingweb3/repoingweb3personal/supermercadosdeltaplusModulo/target/test-classes:/home/fabio/Documentos/facu/ingweb3/repoingweb3personal/supermercadosdeltaplusModulo/target/classes:/home/fabio/.m2/repository/org/hibernate/hibernate-entitymanager/4.3.1.Final/hibernate-entitymanager-4.3.1.Final.jar:/home/fabio/.m2/repository/org/jboss/logging/jboss-logging/3.3.1.Final/jboss-logging-3.3.1.Final.jar:/home/fabio/.m2/repository/org/jboss/logging/jboss-logging-annotations/1.2.0.Beta1/jboss-logging-annotations-1.2.0.Beta1.jar:/home/fabio/.m2/repository/dom4j/dom4j/1.6.1/dom4j-1.6.1.jar:/home/fabio/.m2/repository/org/hibernate/common/hibernate-commons-annotations/4.0.4.Final/hibernate-commons-annotations-4.0.4.Final.jar:/home/fabio/.m2/repository/org/jboss/spec/javax/transaction/jboss-transaction-api_1.2_spec/1.0.0.Final/jboss-transaction-api_1.2_spec-1.0.0.Final.jar:/home/fabio/.m2/repository/org/javassist/javassist/3.21.0-GA/javassist-3.21.0-GA.jar:/home/fabio/.m2/repository/junit/junit/4.12/junit-4.12.jar:/home/fabio/.m2/repository/org/hamcrest/hamcrest-core/1.3/hamcrest-core-1.3.jar:/home/fabio/.m2/repository/org/hibernate/javax/persistence/hibernate-jpa-2.1-api/1.0.0.Final/hibernate-jpa-2.1-api-1.0.0.Final.jar:/home/fabio/.m2/repository/javax/javaee-web-api/7.0/javaee-web-api-7.0.jar:/home/fabio/.m2/repository/org/springframework/boot/spring-boot-starter-web/1.5.6.RELEASE/spring-boot-starter-web-1.5.6.RELEASE.jar:/home/fabio/.m2/repository/org/springframework/boot/spring-boot-starter/1.5.6.RELEASE/spring-boot-starter-1.5.6.RELEASE.jar:/home/fabio/.m2/repository/org/springframework/boot/spring-boot/1.5.6.RELEASE/spring-boot-1.5.6.RELEASE.jar:/home/fabio/.m2/repository/org/springframework/boot/spring-boot-autoconfigure/1.5.6.RELEASE/spring-boot-autoconfigure-1.5.6.RELEASE.jar:/home/fabio/.m2/repository/org/springframework/boot/spring-boot-starter-logging/1.5.6.RELEASE/spring-boot-starter-logging-1.5.6.RELEASE.jar:/home/fabio/.m2/repository/org/slf4j/jul-to-slf4j/1.7.25/jul-to-slf4j-1.7.25.jar:/home/fabio/.m2/repository/org/slf4j/log4j-over-slf4j/1.7.25/log4j-over-slf4j-1.7.25.jar:/home/fabio/.m2/repository/org/yaml/snakeyaml/1.17/snakeyaml-1.17.jar:/home/fabio/.m2/repository/org/springframework/boot/spring-boot-starter-tomcat/1.5.6.RELEASE/spring-boot-starter-tomcat-1.5.6.RELEASE.jar:/home/fabio/.m2/repository/org/apache/tomcat/embed/tomcat-embed-core/8.5.16/tomcat-embed-core-8.5.16.jar:/home/fabio/.m2/repository/org/apache/tomcat/embed/tomcat-embed-el/8.5.16/tomcat-embed-el-8.5.16.jar:/home/fabio/.m2/repository/org/apache/tomcat/embed/tomcat-embed-websocket/8.5.16/tomcat-embed-websocket-8.5.16.jar:/home/fabio/.m2/repository/com/fasterxml/jackson/core/jackson-databind/2.8.9/jackson-databind-2.8.9.jar:/home/fabio/.m2/repository/com/fasterxml/jackson/core/jackson-annotations/2.8.0/jackson-annotations-2.8.0.jar:/home/fabio/.m2/repository/com/fasterxml/jackson/core/jackson-core/2.8.9/jackson-core-2.8.9.jar:/home/fabio/.m2/repository/org/springframework/boot/spring-boot-starter-actuator/1.5.6.RELEASE/spring-boot-starter-actuator-1.5.6.RELEASE.jar:/home/fabio/.m2/repository/org/springframework/boot/spring-boot-actuator/1.5.6.RELEASE/spring-boot-actuator-1.5.6.RELEASE.jar:/home/fabio/.m2/repository/org/aspectj/aspectjweaver/1.8.10/aspectjweaver-1.8.10.jar:/home/fabio/.m2/repository/org/springframework/spring-core/4.3.10.RELEASE/spring-core-4.3.10.RELEASE.jar:/home/fabio/.m2/repository/org/springframework/spring-context/4.3.10.RELEASE/spring-context-4.3.10.RELEASE.jar:/home/fabio/.m2/repository/org/springframework/spring-beans/4.3.10.RELEASE/spring-beans-4.3.10.RELEASE.jar:/home/fabio/.m2/repository/org/springframework/spring-expression/4.3.10.RELEASE/spring-expression-4.3.10.RELEASE.jar:/home/fabio/.m2/repository/org/springframework/spring-aspects/4.3.10.RELEASE/spring-aspects-4.3.10.RELEASE.jar:/home/fabio/.m2/repository/org/springframework/spring-webmvc/4.3.10.RELEASE/spring-webmvc-4.3.10.RELEASE.jar:/home/fabio/.m2/repository/org/springframework/spring-web/4.3.10.RELEASE/spring-web-4.3.10.RELEASE.jar:/home/fabio/.m2/repository/org/springframework/spring-oxm/4.3.10.RELEASE/spring-oxm-4.3.10.RELEASE.jar:/home/fabio/.m2/repository/org/springframework/spring-tx/4.3.10.RELEASE/spring-tx-4.3.10.RELEASE.jar:/home/fabio/.m2/repository/org/springframework/spring-aop/4.3.10.RELEASE/spring-aop-4.3.10.RELEASE.jar:/home/fabio/.m2/repository/org/springframework/spring-orm/4.3.10.RELEASE/spring-orm-4.3.10.RELEASE.jar:/home/fabio/.m2/repository/org/springframework/spring-jdbc/4.3.10.RELEASE/spring-jdbc-4.3.10.RELEASE.jar:/home/fabio/.m2/repository/org/springframework/boot/spring-boot-starter-security/1.5.6.RELEASE/spring-boot-starter-security-1.5.6.RELEASE.jar:/home/fabio/.m2/repository/org/springframework/security/spring-security-config/4.2.3.RELEASE/spring-security-config-4.2.3.RELEASE.jar:/home/fabio/.m2/repository/org/springframework/security/spring-security-core/4.2.3.RELEASE/spring-security-core-4.2.3.RELEASE.jar:/home/fabio/.m2/repository/org/springframework/security/spring-security-web/4.2.3.RELEASE/spring-security-web-4.2.3.RELEASE.jar:/home/fabio/.m2/repository/org/slf4j/slf4j-api/1.7.25/slf4j-api-1.7.25.jar:/home/fabio/.m2/repository/ch/qos/logback/logback-classic/1.1.3/logback-classic-1.1.3.jar:/home/fabio/.m2/repository/ch/qos/logback/logback-core/1.1.3/logback-core-1.1.3.jar:/home/fabio/.m2/repository/org/slf4j/jcl-over-slf4j/1.7.25/jcl-over-slf4j-1.7.25.jar:/home/fabio/.m2/repository/commons-dbutils/commons-dbutils/1.6/commons-dbutils-1.6.jar:/home/fabio/.m2/repository/org/hibernate/hibernate-core/4.3.11.Final/hibernate-core-4.3.11.Final.jar:/home/fabio/.m2/repository/antlr/antlr/2.7.7/antlr-2.7.7.jar:/home/fabio/.m2/repository/org/jboss/jandex/1.1.0.Final/jandex-1.1.0.Final.jar:/home/fabio/.m2/repository/org/hibernate/hibernate-c3p0/4.3.11.Final/hibernate-c3p0-4.3.11.Final.jar:/home/fabio/.m2/repository/com/mchange/c3p0/0.9.2.1/c3p0-0.9.2.1.jar:/home/fabio/.m2/repository/com/mchange/mchange-commons-java/0.2.3.4/mchange-commons-java-0.2.3.4.jar:/home/fabio/.m2/repository/org/hibernate/hibernate-validator/5.3.5.Final/hibernate-validator-5.3.5.Final.jar:/home/fabio/.m2/repository/com/fasterxml/classmate/1.3.3/classmate-1.3.3.jar:/home/fabio/.m2/repository/javax/validation/validation-api/1.1.0.Final/validation-api-1.1.0.Final.jar:/home/fabio/.m2/repository/org/jooq/jooq/3.9.4/jooq-3.9.4.jar:/home/fabio/.m2/repository/mysql/mysql-connector-java/5.1.43/mysql-connector-java-5.1.43.jar:, hibernate.bytecode.use_reflection_optimizer=false, java.vm.specification.name=Java Virtual Machine Specification, hibernate.c3p0.testConnectionOnCheckout=true, java.vm.specification.version=1.8, sun.cpu.endian=little, sun.os.patch.level=unknown, surefire.test.class.path=/home/fabio/Documentos/facu/ingweb3/repoingweb3personal/supermercadosdeltaplusModulo/target/test-classes:/home/fabio/Documentos/facu/ingweb3/repoingweb3personal/supermercadosdeltaplusModulo/target/classes:/home/fabio/.m2/repository/org/hibernate/hibernate-entitymanager/4.3.1.Final/hibernate-entitymanager-4.3.1.Final.jar:/home/fabio/.m2/repository/org/jboss/logging/jboss-logging/3.3.1.Final/jboss-logging-3.3.1.Final.jar:/home/fabio/.m2/repository/org/jboss/logging/jboss-logging-annotations/1.2.0.Beta1/jboss-logging-annotations-1.2.0.Beta1.jar:/home/fabio/.m2/repository/dom4j/dom4j/1.6.1/dom4j-1.6.1.jar:/home/fabio/.m2/repository/org/hibernate/common/hibernate-commons-annotations/4.0.4.Final/hibernate-commons-annotations-4.0.4.Final.jar:/home/fabio/.m2/repository/org/jboss/spec/javax/transaction/jboss-transaction-api_1.2_spec/1.0.0.Final/jboss-transaction-api_1.2_spec-1.0.0.Final.jar:/home/fabio/.m2/repository/org/javassist/javassist/3.21.0-GA/javassist-3.21.0-GA.jar:/home/fabio/.m2/repository/junit/junit/4.12/junit-4.12.jar:/home/fabio/.m2/repository/org/hamcrest/hamcrest-core/1.3/hamcrest-core-1.3.jar:/home/fabio/.m2/repository/org/hibernate/javax/persistence/hibernate-jpa-2.1-api/1.0.0.Final/hibernate-jpa-2.1-api-1.0.0.Final.jar:/home/fabio/.m2/repository/javax/javaee-web-api/7.0/javaee-web-api-7.0.jar:/home/fabio/.m2/repository/org/springframework/boot/spring-boot-starter-web/1.5.6.RELEASE/spring-boot-starter-web-1.5.6.RELEASE.jar:/home/fabio/.m2/repository/org/springframework/boot/spring-boot-starter/1.5.6.RELEASE/spring-boot-starter-1.5.6.RELEASE.jar:/home/fabio/.m2/repository/org/springframework/boot/spring-boot/1.5.6.RELEASE/spring-boot-1.5.6.RELEASE.jar:/home/fabio/.m2/repository/org/springframework/boot/spring-boot-autoconfigure/1.5.6.RELEASE/spring-boot-autoconfigure-1.5.6.RELEASE.jar:/home/fabio/.m2/repository/org/springframework/boot/spring-boot-starter-logging/1.5.6.RELEASE/spring-boot-starter-logging-1.5.6.RELEASE.jar:/home/fabio/.m2/repository/org/slf4j/jul-to-slf4j/1.7.25/jul-to-slf4j-1.7.25.jar:/home/fabio/.m2/repository/org/slf4j/log4j-over-slf4j/1.7.25/log4j-over-slf4j-1.7.25.jar:/home/fabio/.m2/repository/org/yaml/snakeyaml/1.17/snakeyaml-1.17.jar:/home/fabio/.m2/repository/org/springframework/boot/spring-boot-starter-tomcat/1.5.6.RELEASE/spring-boot-starter-tomcat-1.5.6.RELEASE.jar:/home/fabio/.m2/repository/org/apache/tomcat/embed/tomcat-embed-core/8.5.16/tomcat-embed-core-8.5.16.jar:/home/fabio/.m2/repository/org/apache/tomcat/embed/tomcat-embed-el/8.5.16/tomcat-embed-el-8.5.16.jar:/home/fabio/.m2/repository/org/apache/tomcat/embed/tomcat-embed-websocket/8.5.16/tomcat-embed-websocket-8.5.16.jar:/home/fabio/.m2/repository/com/fasterxml/jackson/core/jackson-databind/2.8.9/jackson-databind-2.8.9.jar:/home/fabio/.m2/repository/com/fasterxml/jackson/core/jackson-annotations/2.8.0/jackson-annotations-2.8.0.jar:/home/fabio/.m2/repository/com/fasterxml/jackson/core/jackson-core/2.8.9/jackson-core-2.8.9.jar:/home/fabio/.m2/repository/org/springframework/boot/spring-boot-starter-actuator/1.5.6.RELEASE/spring-boot-starter-actuator-1.5.6.RELEASE.jar:/home/fabio/.m2/repository/org/springframework/boot/spring-boot-actuator/1.5.6.RELEASE/spring-boot-actuator-1.5.6.RELEASE.jar:/home/fabio/.m2/repository/org/aspectj/aspectjweaver/1.8.10/aspectjweaver-1.8.10.jar:/home/fabio/.m2/repository/org/springframework/spring-core/4.3.10.RELEASE/spring-core-4.3.10.RELEASE.jar:/home/fabio/.m2/repository/org/springframework/spring-context/4.3.10.RELEASE/spring-context-4.3.10.RELEASE.jar:/home/fabio/.m2/repository/org/springframework/spring-beans/4.3.10.RELEASE/spring-beans-4.3.10.RELEASE.jar:/home/fabio/.m2/repository/org/springframework/spring-expression/4.3.10.RELEASE/spring-expression-4.3.10.RELEASE.jar:/home/fabio/.m2/repository/org/springframework/spring-aspects/4.3.10.RELEASE/spring-aspects-4.3.10.RELEASE.jar:/home/fabio/.m2/repository/org/springframework/spring-webmvc/4.3.10.RELEASE/spring-webmvc-4.3.10.RELEASE.jar:/home/fabio/.m2/repository/org/springframework/spring-web/4.3.10.RELEASE/spring-web-4.3.10.RELEASE.jar:/home/fabio/.m2/repository/org/springframework/spring-oxm/4.3.10.RELEASE/spring-oxm-4.3.10.RELEASE.jar:/home/fabio/.m2/repository/org/springframework/spring-tx/4.3.10.RELEASE/spring-tx-4.3.10.RELEASE.jar:/home/fabio/.m2/repository/org/springframework/spring-aop/4.3.10.RELEASE/spring-aop-4.3.10.RELEASE.jar:/home/fabio/.m2/repository/org/springframework/spring-orm/4.3.10.RELEASE/spring-orm-4.3.10.RELEASE.jar:/home/fabio/.m2/repository/org/springframework/spring-jdbc/4.3.10.RELEASE/spring-jdbc-4.3.10.RELEASE.jar:/home/fabio/.m2/repository/org/springframework/boot/spring-boot-starter-security/1.5.6.RELEASE/spring-boot-starter-security-1.5.6.RELEASE.jar:/home/fabio/.m2/repository/org/springframework/security/spring-security-config/4.2.3.RELEASE/spring-security-config-4.2.3.RELEASE.jar:/home/fabio/.m2/repository/org/springframework/security/spring-security-core/4.2.3.RELEASE/spring-security-core-4.2.3.RELEASE.jar:/home/fabio/.m2/repository/org/springframework/security/spring-security-web/4.2.3.RELEASE/spring-security-web-4.2.3.RELEASE.jar:/home/fabio/.m2/repository/org/slf4j/slf4j-api/1.7.25/slf4j-api-1.7.25.jar:/home/fabio/.m2/repository/ch/qos/logback/logback-classic/1.1.3/logback-classic-1.1.3.jar:/home/fabio/.m2/repository/ch/qos/logback/logback-core/1.1.3/logback-core-1.1.3.jar:/home/fabio/.m2/repository/org/slf4j/jcl-over-slf4j/1.7.25/jcl-over-slf4j-1.7.25.jar:/home/fabio/.m2/repository/commons-dbutils/commons-dbutils/1.6/commons-dbutils-1.6.jar:/home/fabio/.m2/repository/org/hibernate/hibernate-core/4.3.11.Final/hibernate-core-4.3.11.Final.jar:/home/fabio/.m2/repository/antlr/antlr/2.7.7/antlr-2.7.7.jar:/home/fabio/.m2/repository/org/jboss/jandex/1.1.0.Final/jandex-1.1.0.Final.jar:/home/fabio/.m2/repository/org/hibernate/hibernate-c3p0/4.3.11.Final/hibernate-c3p0-4.3.11.Final.jar:/home/fabio/.m2/repository/com/mchange/c3p0/0.9.2.1/c3p0-0.9.2.1.jar:/home/fabio/.m2/repository/com/mchange/mchange-commons-java/0.2.3.4/mchange-commons-java-0.2.3.4.jar:/home/fabio/.m2/repository/org/hibernate/hibernate-validator/5.3.5.Final/hibernate-validator-5.3.5.Final.jar:/home/fabio/.m2/repository/com/fasterxml/classmate/1.3.3/classmate-1.3.3.jar:/home/fabio/.m2/repository/javax/validation/validation-api/1.1.0.Final/validation-api-1.1.0.Final.jar:/home/fabio/.m2/repository/org/jooq/jooq/3.9.4/jooq-3.9.4.jar:/home/fabio/.m2/repository/mysql/mysql-connector-java/5.1.43/mysql-connector-java-5.1.43.jar:, java.io.tmpdir=/tmp, java.vendor.url.bug=http://bugreport.sun.com/bugreport/, java.awt.graphicsenv=sun.awt.X11GraphicsEnvironment, os.arch=amd64, java.ext.dirs=/usr/java/jdk1.8.0_144/jre/lib/ext:/usr/java/packages/lib/ext, user.dir=/home/fabio/Documentos/facu/ingweb3/repoingweb3personal/supermercadosdeltaplusModulo, hibernate.c3p0.idle_test_period=10, line.separator=
, java.vm.name=Java HotSpot(TM) 64-Bit Server VM, basedir=/home/fabio/Documentos/facu/ingweb3/repoingweb3personal/supermercadosdeltaplusModulo, hibernate.c3p0.acquire_increment=3, file.encoding=UTF-8, format_sql=true, java.specification.version=1.8, hibernate.c3p0.max_statements=10, hibernate.show_sql=true}
18:54:01.322 [main] INFO  o.h.validator.internal.util.Version - HV000001: Hibernate Validator 5.3.5.Final
18:54:01.554 [main] DEBUG o.h.v.i.e.r.DefaultTraversableResolver - Found javax.persistence.Persistence on classpath containing 'getPersistenceUtil'. Assuming JPA 2 environment. Trying to instantiate JPA aware TraversableResolver
18:54:01.566 [main] DEBUG o.h.v.i.e.r.DefaultTraversableResolver - Instantiated JPA aware TraversableResolver of type org.hibernate.validator.internal.engine.resolver.JPATraversableResolver.
18:54:01.586 [main] DEBUG o.h.v.i.xml.ValidationXmlParser - Trying to load META-INF/validation.xml for XML based Validator configuration.
18:54:01.600 [main] DEBUG o.h.v.i.xml.ResourceLoaderHelper - Trying to load META-INF/validation.xml via TCCL
18:54:01.604 [main] DEBUG o.h.v.i.xml.ResourceLoaderHelper - Trying to load META-INF/validation.xml via Hibernate Validator's class loader
18:54:01.608 [main] DEBUG o.h.v.i.xml.ValidationXmlParser - No META-INF/validation.xml found. Using annotation based configuration only.
18:54:01.724 [main] DEBUG o.h.c.b.TypeSafeActivator - Unable to acquire Bean Validation ValidatorFactory, skipping activation
18:54:01.725 [main] DEBUG o.h.secure.spi.JaccIntegrator - Skipping JACC integration as it was not enabled
18:54:01.731 [main] DEBUG o.h.i.f.i.DefaultIdentifierGeneratorFactory - Setting dialect [org.hibernate.dialect.MySQLDialect]
18:54:01.737 [main] DEBUG o.h.i.f.i.DefaultIdentifierGeneratorFactory - Setting dialect [org.hibernate.dialect.MySQLDialect]
18:54:01.738 [main] DEBUG o.h.i.f.i.DefaultIdentifierGeneratorFactory - Setting dialect [org.hibernate.dialect.MySQLDialect]
18:54:01.739 [main] DEBUG o.h.i.f.i.DefaultIdentifierGeneratorFactory - Setting dialect [org.hibernate.dialect.MySQLDialect]
18:54:01.740 [main] DEBUG o.h.i.f.i.DefaultIdentifierGeneratorFactory - Setting dialect [org.hibernate.dialect.MySQLDialect]
18:54:02.872 [main] DEBUG o.h.p.c.AbstractCollectionPersister - Static SQL for collection: com.fabiocompany.supermercadosdeltaplus.model.Producto.detalletickets
18:54:02.873 [main] DEBUG o.h.p.c.AbstractCollectionPersister -  Row insert: insert into ticketsyproductos (idproducto, iddetalleticket) values (?, ?)
18:54:02.873 [main] DEBUG o.h.p.c.AbstractCollectionPersister -  Row update: update ticketsyproductos set iddetalleticket=? where idproducto=? and iddetalleticket=?
18:54:02.874 [main] DEBUG o.h.p.c.AbstractCollectionPersister -  Row delete: delete from ticketsyproductos where idproducto=? and iddetalleticket=?
18:54:02.875 [main] DEBUG o.h.p.c.AbstractCollectionPersister -  One-shot delete: delete from ticketsyproductos where idproducto=?
18:54:02.876 [main] DEBUG o.h.p.c.AbstractCollectionPersister - Static SQL for collection: com.fabiocompany.supermercadosdeltaplus.model.Detalleticket.productos
18:54:02.877 [main] DEBUG o.h.p.c.AbstractCollectionPersister -  Row insert: insert into ticketsyproductos (iddetalleticket, idproducto) values (?, ?)
18:54:02.878 [main] DEBUG o.h.p.c.AbstractCollectionPersister -  Row update: update ticketsyproductos set idproducto=? where iddetalleticket=? and idproducto=?
18:54:02.878 [main] DEBUG o.h.p.c.AbstractCollectionPersister -  Row delete: delete from ticketsyproductos where iddetalleticket=? and idproducto=?
18:54:02.879 [main] DEBUG o.h.p.c.AbstractCollectionPersister -  One-shot delete: delete from ticketsyproductos where iddetalleticket=?
18:54:02.885 [main] DEBUG o.h.p.c.AbstractCollectionPersister - Static SQL for collection: com.fabiocompany.supermercadosdeltaplus.model.Usuario.cabeceratickets
18:54:02.885 [main] DEBUG o.h.p.c.AbstractCollectionPersister -  Row insert: update cabeceraticket set idusuario=? where idticket=?
18:54:02.886 [main] DEBUG o.h.p.c.AbstractCollectionPersister -  Row update: update cabeceraticket set  where idticket=?
18:54:02.886 [main] DEBUG o.h.p.c.AbstractCollectionPersister -  Row delete: update cabeceraticket set idusuario=null where idusuario=? and idticket=?
18:54:02.887 [main] DEBUG o.h.p.c.AbstractCollectionPersister -  One-shot delete: update cabeceraticket set idusuario=null where idusuario=?
18:54:02.889 [main] DEBUG o.h.p.c.AbstractCollectionPersister - Static SQL for collection: com.fabiocompany.supermercadosdeltaplus.model.Cabeceraticket.detalletickets
18:54:02.889 [main] DEBUG o.h.p.c.AbstractCollectionPersister -  Row insert: update detalleticket set idticket=? where iddetalleticket=?
18:54:02.890 [main] DEBUG o.h.p.c.AbstractCollectionPersister -  Row update: update detalleticket set  where iddetalleticket=?
18:54:02.891 [main] DEBUG o.h.p.c.AbstractCollectionPersister -  Row delete: update detalleticket set idticket=null where idticket=? and iddetalleticket=?
18:54:02.892 [main] DEBUG o.h.p.c.AbstractCollectionPersister -  One-shot delete: update detalleticket set idticket=null where idticket=?
18:54:02.911 [main] DEBUG o.h.p.entity.AbstractEntityPersister - Static SQL for entity: com.fabiocompany.supermercadosdeltaplus.model.Cabeceraticket
18:54:02.912 [main] DEBUG o.h.p.entity.AbstractEntityPersister -  Version select: select idticket from cabeceraticket where idticket =?
18:54:02.912 [main] DEBUG o.h.p.entity.AbstractEntityPersister -  Snapshot select: select cabecerati_.idticket, cabecerati_.fecha as fecha2_0_, cabecerati_.idusuario as idusuari3_0_ from cabeceraticket cabecerati_ where cabecerati_.idticket=?
18:54:02.913 [main] DEBUG o.h.p.entity.AbstractEntityPersister -  Insert 0: insert into cabeceraticket (fecha, idusuario, idticket) values (?, ?, ?)
18:54:02.914 [main] DEBUG o.h.p.entity.AbstractEntityPersister -  Update 0: update cabeceraticket set fecha=?, idusuario=? where idticket=?
18:54:02.914 [main] DEBUG o.h.p.entity.AbstractEntityPersister -  Delete 0: delete from cabeceraticket where idticket=?
18:54:02.915 [main] DEBUG o.h.p.entity.AbstractEntityPersister -  Identity insert: insert into cabeceraticket (fecha, idusuario) values (?, ?)
18:54:03.087 [main] DEBUG o.h.l.p.b.i.spaces.QuerySpacesImpl - Adding QuerySpace : uid = <gen:0> -> org.hibernate.loader.plan.build.internal.spaces.EntityQuerySpaceImpl@1ddd3478]
18:54:03.093 [main] DEBUG o.h.p.w.spi.MetamodelGraphWalker - Visiting attribute path : detalletickets
18:54:03.115 [main] DEBUG o.h.p.w.spi.MetamodelGraphWalker - Visiting attribute path : fecha
18:54:03.116 [main] DEBUG o.h.p.w.spi.MetamodelGraphWalker - Visiting attribute path : usuario
18:54:03.125 [main] DEBUG o.h.l.p.b.i.spaces.QuerySpacesImpl - Adding QuerySpace : uid = <gen:1> -> org.hibernate.loader.plan.build.internal.spaces.EntityQuerySpaceImpl@2d6aca33]
18:54:03.135 [main] DEBUG o.h.p.w.spi.MetamodelGraphWalker - Visiting attribute path : usuario.cabeceratickets
18:54:03.135 [main] DEBUG o.h.p.w.spi.MetamodelGraphWalker - Property path deemed to be circular : usuario.cabeceratickets
18:54:03.136 [main] DEBUG o.h.p.w.spi.MetamodelGraphWalker - Visiting attribute path : usuario.contraseniausuario
18:54:03.136 [main] DEBUG o.h.p.w.spi.MetamodelGraphWalker - Visiting attribute path : usuario.nombreusuario
18:54:03.137 [main] DEBUG o.h.p.w.spi.MetamodelGraphWalker - Visiting attribute path : usuario.personausuario
18:54:03.138 [main] DEBUG o.h.l.p.b.i.spaces.QuerySpacesImpl - Adding QuerySpace : uid = <gen:2> -> org.hibernate.loader.plan.build.internal.spaces.EntityQuerySpaceImpl@749f539e]
18:54:03.139 [main] DEBUG o.h.p.w.spi.MetamodelGraphWalker - Visiting attribute path : usuario.personausuario.correo
18:54:03.139 [main] DEBUG o.h.p.w.spi.MetamodelGraphWalker - Visiting attribute path : usuario.personausuario.dnipersonausuario
18:54:03.139 [main] DEBUG o.h.p.w.spi.MetamodelGraphWalker - Visiting attribute path : usuario.personausuario.nombrepersonausuario
18:54:03.140 [main] DEBUG o.h.p.w.spi.MetamodelGraphWalker - Visiting attribute path : usuario.personausuario.numerodetelefono
18:54:03.141 [main] DEBUG o.h.p.w.spi.MetamodelGraphWalker - Visiting attribute path : usuario.tipodeusuario
18:54:03.142 [main] DEBUG o.h.l.p.b.i.FetchStyleLoadPlanBuildingAssociationVisitationStrategy - Building LoadPlan...
18:54:03.230 [main] DEBUG o.h.l.p.e.i.LoadQueryJoinAndFetchProcessor - processing queryspace <gen:0>
18:54:03.262 [main] DEBUG o.h.l.p.b.spi.LoadPlanTreePrinter - LoadPlan(entity=com.fabiocompany.supermercadosdeltaplus.model.Cabeceraticket)
    - Returns
       - EntityReturnImpl(entity=com.fabiocompany.supermercadosdeltaplus.model.Cabeceraticket, querySpaceUid=<gen:0>, path=com.fabiocompany.supermercadosdeltaplus.model.Cabeceraticket)
          - EntityAttributeFetchImpl(entity=com.fabiocompany.supermercadosdeltaplus.model.Usuario, querySpaceUid=<gen:1>, path=com.fabiocompany.supermercadosdeltaplus.model.Cabeceraticket.usuario)
             - EntityAttributeFetchImpl(entity=com.fabiocompany.supermercadosdeltaplus.model.Personausuario, querySpaceUid=<gen:2>, path=com.fabiocompany.supermercadosdeltaplus.model.Cabeceraticket.usuario.personausuario)
    - QuerySpaces
       - EntityQuerySpaceImpl(uid=<gen:0>, entity=com.fabiocompany.supermercadosdeltaplus.model.Cabeceraticket)
          - SQL table alias mapping - cabecerati0_
          - alias suffix - 0_
          - suffixed key columns - {idticket1_0_0_}
          - JOIN (JoinDefinedByMetadata(usuario)) : <gen:0> -> <gen:1>
             - EntityQuerySpaceImpl(uid=<gen:1>, entity=com.fabiocompany.supermercadosdeltaplus.model.Usuario)
                - SQL table alias mapping - usuario1_
                - alias suffix - 1_
                - suffixed key columns - {idusuari1_5_1_}
                - JOIN (JoinDefinedByMetadata(personausuario)) : <gen:1> -> <gen:2>
                   - EntityQuerySpaceImpl(uid=<gen:2>, entity=com.fabiocompany.supermercadosdeltaplus.model.Personausuario)
                      - SQL table alias mapping - personausu2_
                      - alias suffix - 2_
                      - suffixed key columns - {idperson1_2_2_}

18:54:03.273 [main] DEBUG o.h.loader.entity.plan.EntityLoader - Static select for entity com.fabiocompany.supermercadosdeltaplus.model.Cabeceraticket [NONE]: select cabecerati0_.idticket as idticket1_0_0_, cabecerati0_.fecha as fecha2_0_0_, cabecerati0_.idusuario as idusuari3_0_0_, usuario1_.idusuario as idusuari1_5_1_, usuario1_.contraseniausuario as contrase2_5_1_, usuario1_.nombreusuario as nombreus3_5_1_, usuario1_.idpersonausuario as idperson5_5_1_, usuario1_.tipodeusuario as tipodeus4_5_1_, personausu2_.idpersonausuario as idperson1_2_2_, personausu2_.correo as correo2_2_2_, personausu2_.dnipersonausuario as dniperso3_2_2_, personausu2_.nombrepersonausuario as nombrepe4_2_2_, personausu2_.numerodetelefono as numerode5_2_2_ from cabeceraticket cabecerati0_ left outer join usuario usuario1_ on cabecerati0_.idusuario=usuario1_.idusuario left outer join personausuario personausu2_ on usuario1_.idpersonausuario=personausu2_.idpersonausuario where cabecerati0_.idticket=?
18:54:03.274 [main] DEBUG o.h.l.p.b.i.spaces.QuerySpacesImpl - Adding QuerySpace : uid = <gen:0> -> org.hibernate.loader.plan.build.internal.spaces.EntityQuerySpaceImpl@614aeccc]
18:54:03.275 [main] DEBUG o.h.p.w.spi.MetamodelGraphWalker - Visiting attribute path : detalletickets
18:54:03.276 [main] DEBUG o.h.p.w.spi.MetamodelGraphWalker - Visiting attribute path : fecha
18:54:03.276 [main] DEBUG o.h.p.w.spi.MetamodelGraphWalker - Visiting attribute path : usuario
18:54:03.277 [main] DEBUG o.h.l.p.b.i.spaces.QuerySpacesImpl - Adding QuerySpace : uid = <gen:1> -> org.hibernate.loader.plan.build.internal.spaces.EntityQuerySpaceImpl@1bc425e7]
18:54:03.278 [main] DEBUG o.h.p.w.spi.MetamodelGraphWalker - Visiting attribute path : usuario.cabeceratickets
18:54:03.278 [main] DEBUG o.h.p.w.spi.MetamodelGraphWalker - Property path deemed to be circular : usuario.cabeceratickets
18:54:03.278 [main] DEBUG o.h.p.w.spi.MetamodelGraphWalker - Visiting attribute path : usuario.contraseniausuario
18:54:03.279 [main] DEBUG o.h.p.w.spi.MetamodelGraphWalker - Visiting attribute path : usuario.nombreusuario
18:54:03.279 [main] DEBUG o.h.p.w.spi.MetamodelGraphWalker - Visiting attribute path : usuario.personausuario
18:54:03.280 [main] DEBUG o.h.l.p.b.i.spaces.QuerySpacesImpl - Adding QuerySpace : uid = <gen:2> -> org.hibernate.loader.plan.build.internal.spaces.EntityQuerySpaceImpl@322803db]
18:54:03.281 [main] DEBUG o.h.p.w.spi.MetamodelGraphWalker - Visiting attribute path : usuario.personausuario.correo
18:54:03.282 [main] DEBUG o.h.p.w.spi.MetamodelGraphWalker - Visiting attribute path : usuario.personausuario.dnipersonausuario
18:54:03.282 [main] DEBUG o.h.p.w.spi.MetamodelGraphWalker - Visiting attribute path : usuario.personausuario.nombrepersonausuario
18:54:03.283 [main] DEBUG o.h.p.w.spi.MetamodelGraphWalker - Visiting attribute path : usuario.personausuario.numerodetelefono
18:54:03.283 [main] DEBUG o.h.p.w.spi.MetamodelGraphWalker - Visiting attribute path : usuario.tipodeusuario
18:54:03.284 [main] DEBUG o.h.l.p.b.i.FetchStyleLoadPlanBuildingAssociationVisitationStrategy - Building LoadPlan...
18:54:03.285 [main] DEBUG o.h.l.p.e.i.LoadQueryJoinAndFetchProcessor - processing queryspace <gen:0>
18:54:03.294 [main] DEBUG o.h.l.p.b.spi.LoadPlanTreePrinter - LoadPlan(entity=com.fabiocompany.supermercadosdeltaplus.model.Cabeceraticket)
    - Returns
       - EntityReturnImpl(entity=com.fabiocompany.supermercadosdeltaplus.model.Cabeceraticket, querySpaceUid=<gen:0>, path=com.fabiocompany.supermercadosdeltaplus.model.Cabeceraticket)
          - EntityAttributeFetchImpl(entity=com.fabiocompany.supermercadosdeltaplus.model.Usuario, querySpaceUid=<gen:1>, path=com.fabiocompany.supermercadosdeltaplus.model.Cabeceraticket.usuario)
             - EntityAttributeFetchImpl(entity=com.fabiocompany.supermercadosdeltaplus.model.Personausuario, querySpaceUid=<gen:2>, path=com.fabiocompany.supermercadosdeltaplus.model.Cabeceraticket.usuario.personausuario)
    - QuerySpaces
       - EntityQuerySpaceImpl(uid=<gen:0>, entity=com.fabiocompany.supermercadosdeltaplus.model.Cabeceraticket)
          - SQL table alias mapping - cabecerati0_
          - alias suffix - 0_
          - suffixed key columns - {idticket1_0_0_}
          - JOIN (JoinDefinedByMetadata(usuario)) : <gen:0> -> <gen:1>
             - EntityQuerySpaceImpl(uid=<gen:1>, entity=com.fabiocompany.supermercadosdeltaplus.model.Usuario)
                - SQL table alias mapping - usuario1_
                - alias suffix - 1_
                - suffixed key columns - {idusuari1_5_1_}
                - JOIN (JoinDefinedByMetadata(personausuario)) : <gen:1> -> <gen:2>
                   - EntityQuerySpaceImpl(uid=<gen:2>, entity=com.fabiocompany.supermercadosdeltaplus.model.Personausuario)
                      - SQL table alias mapping - personausu2_
                      - alias suffix - 2_
                      - suffixed key columns - {idperson1_2_2_}

18:54:03.296 [main] DEBUG o.h.loader.entity.plan.EntityLoader - Static select for entity com.fabiocompany.supermercadosdeltaplus.model.Cabeceraticket [READ]: select cabecerati0_.idticket as idticket1_0_0_, cabecerati0_.fecha as fecha2_0_0_, cabecerati0_.idusuario as idusuari3_0_0_, usuario1_.idusuario as idusuari1_5_1_, usuario1_.contraseniausuario as contrase2_5_1_, usuario1_.nombreusuario as nombreus3_5_1_, usuario1_.idpersonausuario as idperson5_5_1_, usuario1_.tipodeusuario as tipodeus4_5_1_, personausu2_.idpersonausuario as idperson1_2_2_, personausu2_.correo as correo2_2_2_, personausu2_.dnipersonausuario as dniperso3_2_2_, personausu2_.nombrepersonausuario as nombrepe4_2_2_, personausu2_.numerodetelefono as numerode5_2_2_ from cabeceraticket cabecerati0_ left outer join usuario usuario1_ on cabecerati0_.idusuario=usuario1_.idusuario left outer join personausuario personausu2_ on usuario1_.idpersonausuario=personausu2_.idpersonausuario where cabecerati0_.idticket=?
18:54:03.298 [main] DEBUG o.h.l.p.b.i.spaces.QuerySpacesImpl - Adding QuerySpace : uid = <gen:0> -> org.hibernate.loader.plan.build.internal.spaces.EntityQuerySpaceImpl@6ceb7b5e]
18:54:03.298 [main] DEBUG o.h.p.w.spi.MetamodelGraphWalker - Visiting attribute path : detalletickets
18:54:03.299 [main] DEBUG o.h.p.w.spi.MetamodelGraphWalker - Visiting attribute path : fecha
18:54:03.299 [main] DEBUG o.h.p.w.spi.MetamodelGraphWalker - Visiting attribute path : usuario
18:54:03.300 [main] DEBUG o.h.l.p.b.i.spaces.QuerySpacesImpl - Adding QuerySpace : uid = <gen:1> -> org.hibernate.loader.plan.build.internal.spaces.EntityQuerySpaceImpl@f14e5bf]
18:54:03.301 [main] DEBUG o.h.l.p.b.i.FetchStyleLoadPlanBuildingAssociationVisitationStrategy - Building LoadPlan...
18:54:03.302 [main] DEBUG o.h.l.p.e.i.LoadQueryJoinAndFetchProcessor - processing queryspace <gen:0>
18:54:03.305 [main] DEBUG o.h.l.p.b.spi.LoadPlanTreePrinter - LoadPlan(entity=com.fabiocompany.supermercadosdeltaplus.model.Cabeceraticket)
    - Returns
       - EntityReturnImpl(entity=com.fabiocompany.supermercadosdeltaplus.model.Cabeceraticket, querySpaceUid=<gen:0>, path=com.fabiocompany.supermercadosdeltaplus.model.Cabeceraticket)
          - EntityAttributeFetchImpl(entity=com.fabiocompany.supermercadosdeltaplus.model.Usuario, querySpaceUid=<gen:1>, path=com.fabiocompany.supermercadosdeltaplus.model.Cabeceraticket.usuario)
    - QuerySpaces
       - EntityQuerySpaceImpl(uid=<gen:0>, entity=com.fabiocompany.supermercadosdeltaplus.model.Cabeceraticket)
          - SQL table alias mapping - cabecerati0_
          - alias suffix - 0_
          - suffixed key columns - {idticket1_0_0_}

18:54:03.306 [main] DEBUG o.h.loader.entity.plan.EntityLoader - Static select for entity com.fabiocompany.supermercadosdeltaplus.model.Cabeceraticket [UPGRADE]: select cabecerati0_.idticket as idticket1_0_0_, cabecerati0_.fecha as fecha2_0_0_, cabecerati0_.idusuario as idusuari3_0_0_ from cabeceraticket cabecerati0_ where cabecerati0_.idticket=? for update
18:54:03.307 [main] DEBUG o.h.l.p.b.i.spaces.QuerySpacesImpl - Adding QuerySpace : uid = <gen:0> -> org.hibernate.loader.plan.build.internal.spaces.EntityQuerySpaceImpl@d176a31]
18:54:03.308 [main] DEBUG o.h.p.w.spi.MetamodelGraphWalker - Visiting attribute path : detalletickets
18:54:03.308 [main] DEBUG o.h.p.w.spi.MetamodelGraphWalker - Visiting attribute path : fecha
18:54:03.309 [main] DEBUG o.h.p.w.spi.MetamodelGraphWalker - Visiting attribute path : usuario
18:54:03.310 [main] DEBUG o.h.l.p.b.i.spaces.QuerySpacesImpl - Adding QuerySpace : uid = <gen:1> -> org.hibernate.loader.plan.build.internal.spaces.EntityQuerySpaceImpl@4784013e]
18:54:03.310 [main] DEBUG o.h.l.p.b.i.FetchStyleLoadPlanBuildingAssociationVisitationStrategy - Building LoadPlan...
18:54:03.312 [main] DEBUG o.h.l.p.e.i.LoadQueryJoinAndFetchProcessor - processing queryspace <gen:0>
18:54:03.314 [main] DEBUG o.h.l.p.b.spi.LoadPlanTreePrinter - LoadPlan(entity=com.fabiocompany.supermercadosdeltaplus.model.Cabeceraticket)
    - Returns
       - EntityReturnImpl(entity=com.fabiocompany.supermercadosdeltaplus.model.Cabeceraticket, querySpaceUid=<gen:0>, path=com.fabiocompany.supermercadosdeltaplus.model.Cabeceraticket)
          - EntityAttributeFetchImpl(entity=com.fabiocompany.supermercadosdeltaplus.model.Usuario, querySpaceUid=<gen:1>, path=com.fabiocompany.supermercadosdeltaplus.model.Cabeceraticket.usuario)
    - QuerySpaces
       - EntityQuerySpaceImpl(uid=<gen:0>, entity=com.fabiocompany.supermercadosdeltaplus.model.Cabeceraticket)
          - SQL table alias mapping - cabecerati0_
          - alias suffix - 0_
          - suffixed key columns - {idticket1_0_0_}

18:54:03.316 [main] DEBUG o.h.loader.entity.plan.EntityLoader - Static select for entity com.fabiocompany.supermercadosdeltaplus.model.Cabeceraticket [UPGRADE_NOWAIT]: select cabecerati0_.idticket as idticket1_0_0_, cabecerati0_.fecha as fecha2_0_0_, cabecerati0_.idusuario as idusuari3_0_0_ from cabeceraticket cabecerati0_ where cabecerati0_.idticket=? for update
18:54:03.317 [main] DEBUG o.h.l.p.b.i.spaces.QuerySpacesImpl - Adding QuerySpace : uid = <gen:0> -> org.hibernate.loader.plan.build.internal.spaces.EntityQuerySpaceImpl@6f952d6c]
18:54:03.318 [main] DEBUG o.h.p.w.spi.MetamodelGraphWalker - Visiting attribute path : detalletickets
18:54:03.318 [main] DEBUG o.h.p.w.spi.MetamodelGraphWalker - Visiting attribute path : fecha
18:54:03.319 [main] DEBUG o.h.p.w.spi.MetamodelGraphWalker - Visiting attribute path : usuario
18:54:03.320 [main] DEBUG o.h.l.p.b.i.spaces.QuerySpacesImpl - Adding QuerySpace : uid = <gen:1> -> org.hibernate.loader.plan.build.internal.spaces.EntityQuerySpaceImpl@6d4a65c6]
18:54:03.320 [main] DEBUG o.h.l.p.b.i.FetchStyleLoadPlanBuildingAssociationVisitationStrategy - Building LoadPlan...
18:54:03.322 [main] DEBUG o.h.l.p.e.i.LoadQueryJoinAndFetchProcessor - processing queryspace <gen:0>
18:54:03.325 [main] DEBUG o.h.l.p.b.spi.LoadPlanTreePrinter - LoadPlan(entity=com.fabiocompany.supermercadosdeltaplus.model.Cabeceraticket)
    - Returns
       - EntityReturnImpl(entity=com.fabiocompany.supermercadosdeltaplus.model.Cabeceraticket, querySpaceUid=<gen:0>, path=com.fabiocompany.supermercadosdeltaplus.model.Cabeceraticket)
          - EntityAttributeFetchImpl(entity=com.fabiocompany.supermercadosdeltaplus.model.Usuario, querySpaceUid=<gen:1>, path=com.fabiocompany.supermercadosdeltaplus.model.Cabeceraticket.usuario)
    - QuerySpaces
       - EntityQuerySpaceImpl(uid=<gen:0>, entity=com.fabiocompany.supermercadosdeltaplus.model.Cabeceraticket)
          - SQL table alias mapping - cabecerati0_
          - alias suffix - 0_
          - suffixed key columns - {idticket1_0_0_}

18:54:03.326 [main] DEBUG o.h.loader.entity.plan.EntityLoader - Static select for entity com.fabiocompany.supermercadosdeltaplus.model.Cabeceraticket [UPGRADE_SKIPLOCKED]: select cabecerati0_.idticket as idticket1_0_0_, cabecerati0_.fecha as fecha2_0_0_, cabecerati0_.idusuario as idusuari3_0_0_ from cabeceraticket cabecerati0_ where cabecerati0_.idticket=? for update
18:54:03.327 [main] DEBUG o.h.l.p.b.i.spaces.QuerySpacesImpl - Adding QuerySpace : uid = <gen:0> -> org.hibernate.loader.plan.build.internal.spaces.EntityQuerySpaceImpl@aa004a0]
18:54:03.328 [main] DEBUG o.h.p.w.spi.MetamodelGraphWalker - Visiting attribute path : detalletickets
18:54:03.328 [main] DEBUG o.h.p.w.spi.MetamodelGraphWalker - Visiting attribute path : fecha
18:54:03.329 [main] DEBUG o.h.p.w.spi.MetamodelGraphWalker - Visiting attribute path : usuario
18:54:03.330 [main] DEBUG o.h.l.p.b.i.spaces.QuerySpacesImpl - Adding QuerySpace : uid = <gen:1> -> org.hibernate.loader.plan.build.internal.spaces.EntityQuerySpaceImpl@392a04e7]
18:54:03.330 [main] DEBUG o.h.l.p.b.i.FetchStyleLoadPlanBuildingAssociationVisitationStrategy - Building LoadPlan...
18:54:03.332 [main] DEBUG o.h.l.p.e.i.LoadQueryJoinAndFetchProcessor - processing queryspace <gen:0>
18:54:03.334 [main] DEBUG o.h.l.p.b.spi.LoadPlanTreePrinter - LoadPlan(entity=com.fabiocompany.supermercadosdeltaplus.model.Cabeceraticket)
    - Returns
       - EntityReturnImpl(entity=com.fabiocompany.supermercadosdeltaplus.model.Cabeceraticket, querySpaceUid=<gen:0>, path=com.fabiocompany.supermercadosdeltaplus.model.Cabeceraticket)
          - EntityAttributeFetchImpl(entity=com.fabiocompany.supermercadosdeltaplus.model.Usuario, querySpaceUid=<gen:1>, path=com.fabiocompany.supermercadosdeltaplus.model.Cabeceraticket.usuario)
    - QuerySpaces
       - EntityQuerySpaceImpl(uid=<gen:0>, entity=com.fabiocompany.supermercadosdeltaplus.model.Cabeceraticket)
          - SQL table alias mapping - cabecerati0_
          - alias suffix - 0_
          - suffixed key columns - {idticket1_0_0_}

18:54:03.336 [main] DEBUG o.h.loader.entity.plan.EntityLoader - Static select for entity com.fabiocompany.supermercadosdeltaplus.model.Cabeceraticket [FORCE]: select cabecerati0_.idticket as idticket1_0_0_, cabecerati0_.fecha as fecha2_0_0_, cabecerati0_.idusuario as idusuari3_0_0_ from cabeceraticket cabecerati0_ where cabecerati0_.idticket=? for update
18:54:03.337 [main] DEBUG o.h.l.p.b.i.spaces.QuerySpacesImpl - Adding QuerySpace : uid = <gen:0> -> org.hibernate.loader.plan.build.internal.spaces.EntityQuerySpaceImpl@7f02251]
18:54:03.337 [main] DEBUG o.h.p.w.spi.MetamodelGraphWalker - Visiting attribute path : detalletickets
18:54:03.338 [main] DEBUG o.h.p.w.spi.MetamodelGraphWalker - Visiting attribute path : fecha
18:54:03.338 [main] DEBUG o.h.p.w.spi.MetamodelGraphWalker - Visiting attribute path : usuario
18:54:03.339 [main] DEBUG o.h.l.p.b.i.spaces.QuerySpacesImpl - Adding QuerySpace : uid = <gen:1> -> org.hibernate.loader.plan.build.internal.spaces.EntityQuerySpaceImpl@4d8126f]
18:54:03.340 [main] DEBUG o.h.l.p.b.i.FetchStyleLoadPlanBuildingAssociationVisitationStrategy - Building LoadPlan...
18:54:03.341 [main] DEBUG o.h.l.p.e.i.LoadQueryJoinAndFetchProcessor - processing queryspace <gen:0>
18:54:03.344 [main] DEBUG o.h.l.p.b.spi.LoadPlanTreePrinter - LoadPlan(entity=com.fabiocompany.supermercadosdeltaplus.model.Cabeceraticket)
    - Returns
       - EntityReturnImpl(entity=com.fabiocompany.supermercadosdeltaplus.model.Cabeceraticket, querySpaceUid=<gen:0>, path=com.fabiocompany.supermercadosdeltaplus.model.Cabeceraticket)
          - EntityAttributeFetchImpl(entity=com.fabiocompany.supermercadosdeltaplus.model.Usuario, querySpaceUid=<gen:1>, path=com.fabiocompany.supermercadosdeltaplus.model.Cabeceraticket.usuario)
    - QuerySpaces
       - EntityQuerySpaceImpl(uid=<gen:0>, entity=com.fabiocompany.supermercadosdeltaplus.model.Cabeceraticket)
          - SQL table alias mapping - cabecerati0_
          - alias suffix - 0_
          - suffixed key columns - {idticket1_0_0_}

18:54:03.345 [main] DEBUG o.h.loader.entity.plan.EntityLoader - Static select for entity com.fabiocompany.supermercadosdeltaplus.model.Cabeceraticket [PESSIMISTIC_READ]: select cabecerati0_.idticket as idticket1_0_0_, cabecerati0_.fecha as fecha2_0_0_, cabecerati0_.idusuario as idusuari3_0_0_ from cabeceraticket cabecerati0_ where cabecerati0_.idticket=? lock in share mode
18:54:03.346 [main] DEBUG o.h.l.p.b.i.spaces.QuerySpacesImpl - Adding QuerySpace : uid = <gen:0> -> org.hibernate.loader.plan.build.internal.spaces.EntityQuerySpaceImpl@6d3c232f]
18:54:03.347 [main] DEBUG o.h.p.w.spi.MetamodelGraphWalker - Visiting attribute path : detalletickets
18:54:03.348 [main] DEBUG o.h.p.w.spi.MetamodelGraphWalker - Visiting attribute path : fecha
18:54:03.348 [main] DEBUG o.h.p.w.spi.MetamodelGraphWalker - Visiting attribute path : usuario
18:54:03.349 [main] DEBUG o.h.l.p.b.i.spaces.QuerySpacesImpl - Adding QuerySpace : uid = <gen:1> -> org.hibernate.loader.plan.build.internal.spaces.EntityQuerySpaceImpl@1bcf67e8]
18:54:03.350 [main] DEBUG o.h.l.p.b.i.FetchStyleLoadPlanBuildingAssociationVisitationStrategy - Building LoadPlan...
18:54:03.351 [main] DEBUG o.h.l.p.e.i.LoadQueryJoinAndFetchProcessor - processing queryspace <gen:0>
18:54:03.354 [main] DEBUG o.h.l.p.b.spi.LoadPlanTreePrinter - LoadPlan(entity=com.fabiocompany.supermercadosdeltaplus.model.Cabeceraticket)
    - Returns
       - EntityReturnImpl(entity=com.fabiocompany.supermercadosdeltaplus.model.Cabeceraticket, querySpaceUid=<gen:0>, path=com.fabiocompany.supermercadosdeltaplus.model.Cabeceraticket)
          - EntityAttributeFetchImpl(entity=com.fabiocompany.supermercadosdeltaplus.model.Usuario, querySpaceUid=<gen:1>, path=com.fabiocompany.supermercadosdeltaplus.model.Cabeceraticket.usuario)
    - QuerySpaces
       - EntityQuerySpaceImpl(uid=<gen:0>, entity=com.fabiocompany.supermercadosdeltaplus.model.Cabeceraticket)
          - SQL table alias mapping - cabecerati0_
          - alias suffix - 0_
          - suffixed key columns - {idticket1_0_0_}

18:54:03.355 [main] DEBUG o.h.loader.entity.plan.EntityLoader - Static select for entity com.fabiocompany.supermercadosdeltaplus.model.Cabeceraticket [PESSIMISTIC_WRITE]: select cabecerati0_.idticket as idticket1_0_0_, cabecerati0_.fecha as fecha2_0_0_, cabecerati0_.idusuario as idusuari3_0_0_ from cabeceraticket cabecerati0_ where cabecerati0_.idticket=? for update
18:54:03.356 [main] DEBUG o.h.l.p.b.i.spaces.QuerySpacesImpl - Adding QuerySpace : uid = <gen:0> -> org.hibernate.loader.plan.build.internal.spaces.EntityQuerySpaceImpl@5f404594]
18:54:03.357 [main] DEBUG o.h.p.w.spi.MetamodelGraphWalker - Visiting attribute path : detalletickets
18:54:03.358 [main] DEBUG o.h.p.w.spi.MetamodelGraphWalker - Visiting attribute path : fecha
18:54:03.358 [main] DEBUG o.h.p.w.spi.MetamodelGraphWalker - Visiting attribute path : usuario
18:54:03.359 [main] DEBUG o.h.l.p.b.i.spaces.QuerySpacesImpl - Adding QuerySpace : uid = <gen:1> -> org.hibernate.loader.plan.build.internal.spaces.EntityQuerySpaceImpl@7b2a3ff8]
18:54:03.359 [main] DEBUG o.h.l.p.b.i.FetchStyleLoadPlanBuildingAssociationVisitationStrategy - Building LoadPlan...
18:54:03.361 [main] DEBUG o.h.l.p.e.i.LoadQueryJoinAndFetchProcessor - processing queryspace <gen:0>
18:54:03.363 [main] DEBUG o.h.l.p.b.spi.LoadPlanTreePrinter - LoadPlan(entity=com.fabiocompany.supermercadosdeltaplus.model.Cabeceraticket)
    - Returns
       - EntityReturnImpl(entity=com.fabiocompany.supermercadosdeltaplus.model.Cabeceraticket, querySpaceUid=<gen:0>, path=com.fabiocompany.supermercadosdeltaplus.model.Cabeceraticket)
          - EntityAttributeFetchImpl(entity=com.fabiocompany.supermercadosdeltaplus.model.Usuario, querySpaceUid=<gen:1>, path=com.fabiocompany.supermercadosdeltaplus.model.Cabeceraticket.usuario)
    - QuerySpaces
       - EntityQuerySpaceImpl(uid=<gen:0>, entity=com.fabiocompany.supermercadosdeltaplus.model.Cabeceraticket)
          - SQL table alias mapping - cabecerati0_
          - alias suffix - 0_
          - suffixed key columns - {idticket1_0_0_}

18:54:03.364 [main] DEBUG o.h.loader.entity.plan.EntityLoader - Static select for entity com.fabiocompany.supermercadosdeltaplus.model.Cabeceraticket [PESSIMISTIC_FORCE_INCREMENT]: select cabecerati0_.idticket as idticket1_0_0_, cabecerati0_.fecha as fecha2_0_0_, cabecerati0_.idusuario as idusuari3_0_0_ from cabeceraticket cabecerati0_ where cabecerati0_.idticket=? for update
18:54:03.366 [main] DEBUG o.h.l.p.b.i.spaces.QuerySpacesImpl - Adding QuerySpace : uid = <gen:0> -> org.hibernate.loader.plan.build.internal.spaces.EntityQuerySpaceImpl@1bbae752]
18:54:03.366 [main] DEBUG o.h.p.w.spi.MetamodelGraphWalker - Visiting attribute path : detalletickets
18:54:03.367 [main] DEBUG o.h.p.w.spi.MetamodelGraphWalker - Visiting attribute path : fecha
18:54:03.367 [main] DEBUG o.h.p.w.spi.MetamodelGraphWalker - Visiting attribute path : usuario
18:54:03.368 [main] DEBUG o.h.l.p.b.i.spaces.QuerySpacesImpl - Adding QuerySpace : uid = <gen:1> -> org.hibernate.loader.plan.build.internal.spaces.EntityQuerySpaceImpl@5cf87cfd]
18:54:03.369 [main] DEBUG o.h.l.p.b.i.FetchStyleLoadPlanBuildingAssociationVisitationStrategy - Building LoadPlan...
18:54:03.370 [main] DEBUG o.h.l.p.e.i.LoadQueryJoinAndFetchProcessor - processing queryspace <gen:0>
18:54:03.372 [main] DEBUG o.h.l.p.b.spi.LoadPlanTreePrinter - LoadPlan(entity=com.fabiocompany.supermercadosdeltaplus.model.Cabeceraticket)
    - Returns
       - EntityReturnImpl(entity=com.fabiocompany.supermercadosdeltaplus.model.Cabeceraticket, querySpaceUid=<gen:0>, path=com.fabiocompany.supermercadosdeltaplus.model.Cabeceraticket)
          - EntityAttributeFetchImpl(entity=com.fabiocompany.supermercadosdeltaplus.model.Usuario, querySpaceUid=<gen:1>, path=com.fabiocompany.supermercadosdeltaplus.model.Cabeceraticket.usuario)
    - QuerySpaces
       - EntityQuerySpaceImpl(uid=<gen:0>, entity=com.fabiocompany.supermercadosdeltaplus.model.Cabeceraticket)
          - SQL table alias mapping - cabecerati0_
          - alias suffix - 0_
          - suffixed key columns - {idticket1_0_0_}

18:54:03.374 [main] DEBUG o.h.loader.entity.plan.EntityLoader - Static select for entity com.fabiocompany.supermercadosdeltaplus.model.Cabeceraticket [OPTIMISTIC]: select cabecerati0_.idticket as idticket1_0_0_, cabecerati0_.fecha as fecha2_0_0_, cabecerati0_.idusuario as idusuari3_0_0_ from cabeceraticket cabecerati0_ where cabecerati0_.idticket=?
18:54:03.375 [main] DEBUG o.h.l.p.b.i.spaces.QuerySpacesImpl - Adding QuerySpace : uid = <gen:0> -> org.hibernate.loader.plan.build.internal.spaces.EntityQuerySpaceImpl@76075d65]
18:54:03.376 [main] DEBUG o.h.p.w.spi.MetamodelGraphWalker - Visiting attribute path : detalletickets
18:54:03.376 [main] DEBUG o.h.p.w.spi.MetamodelGraphWalker - Visiting attribute path : fecha
18:54:03.377 [main] DEBUG o.h.p.w.spi.MetamodelGraphWalker - Visiting attribute path : usuario
18:54:03.378 [main] DEBUG o.h.l.p.b.i.spaces.QuerySpacesImpl - Adding QuerySpace : uid = <gen:1> -> org.hibernate.loader.plan.build.internal.spaces.EntityQuerySpaceImpl@27b71f50]
18:54:03.378 [main] DEBUG o.h.l.p.b.i.FetchStyleLoadPlanBuildingAssociationVisitationStrategy - Building LoadPlan...
18:54:03.379 [main] DEBUG o.h.l.p.e.i.LoadQueryJoinAndFetchProcessor - processing queryspace <gen:0>
18:54:03.383 [main] DEBUG o.h.l.p.b.spi.LoadPlanTreePrinter - LoadPlan(entity=com.fabiocompany.supermercadosdeltaplus.model.Cabeceraticket)
    - Returns
       - EntityReturnImpl(entity=com.fabiocompany.supermercadosdeltaplus.model.Cabeceraticket, querySpaceUid=<gen:0>, path=com.fabiocompany.supermercadosdeltaplus.model.Cabeceraticket)
          - EntityAttributeFetchImpl(entity=com.fabiocompany.supermercadosdeltaplus.model.Usuario, querySpaceUid=<gen:1>, path=com.fabiocompany.supermercadosdeltaplus.model.Cabeceraticket.usuario)
    - QuerySpaces
       - EntityQuerySpaceImpl(uid=<gen:0>, entity=com.fabiocompany.supermercadosdeltaplus.model.Cabeceraticket)
          - SQL table alias mapping - cabecerati0_
          - alias suffix - 0_
          - suffixed key columns - {idticket1_0_0_}

18:54:03.385 [main] DEBUG o.h.loader.entity.plan.EntityLoader - Static select for entity com.fabiocompany.supermercadosdeltaplus.model.Cabeceraticket [OPTIMISTIC_FORCE_INCREMENT]: select cabecerati0_.idticket as idticket1_0_0_, cabecerati0_.fecha as fecha2_0_0_, cabecerati0_.idusuario as idusuari3_0_0_ from cabeceraticket cabecerati0_ where cabecerati0_.idticket=?
18:54:03.473 [main] DEBUG org.hibernate.loader.Loader - Static select for action ACTION_MERGE on entity com.fabiocompany.supermercadosdeltaplus.model.Cabeceraticket: select cabecerati0_.idticket as idticket1_0_1_, cabecerati0_.fecha as fecha2_0_1_, cabecerati0_.idusuario as idusuari3_0_1_, detalletic1_.idticket as idticket3_0_3_, detalletic1_.iddetalleticket as iddetall1_1_3_, detalletic1_.iddetalleticket as iddetall1_1_0_, detalletic1_.idticket as idticket3_1_0_, detalletic1_.cantidad as cantidad2_1_0_ from cabeceraticket cabecerati0_ left outer join detalleticket detalletic1_ on cabecerati0_.idticket=detalletic1_.idticket where cabecerati0_.idticket=?
18:54:03.476 [main] DEBUG org.hibernate.loader.Loader - Static select for action ACTION_REFRESH on entity com.fabiocompany.supermercadosdeltaplus.model.Cabeceraticket: select cabecerati0_.idticket as idticket1_0_1_, cabecerati0_.fecha as fecha2_0_1_, cabecerati0_.idusuario as idusuari3_0_1_, detalletic1_.idticket as idticket3_0_3_, detalletic1_.iddetalleticket as iddetall1_1_3_, detalletic1_.iddetalleticket as iddetall1_1_0_, detalletic1_.idticket as idticket3_1_0_, detalletic1_.cantidad as cantidad2_1_0_ from cabeceraticket cabecerati0_ left outer join detalleticket detalletic1_ on cabecerati0_.idticket=detalletic1_.idticket where cabecerati0_.idticket=?
18:54:03.479 [main] DEBUG o.h.p.entity.AbstractEntityPersister - Static SQL for entity: com.fabiocompany.supermercadosdeltaplus.model.Personausuario
18:54:03.479 [main] DEBUG o.h.p.entity.AbstractEntityPersister -  Version select: select idpersonausuario from personausuario where idpersonausuario =?
18:54:03.480 [main] DEBUG o.h.p.entity.AbstractEntityPersister -  Snapshot select: select personausu_.idpersonausuario, personausu_.correo as correo2_2_, personausu_.dnipersonausuario as dniperso3_2_, personausu_.nombrepersonausuario as nombrepe4_2_, personausu_.numerodetelefono as numerode5_2_ from personausuario personausu_ where personausu_.idpersonausuario=?
18:54:03.481 [main] DEBUG o.h.p.entity.AbstractEntityPersister -  Insert 0: insert into personausuario (correo, dnipersonausuario, nombrepersonausuario, numerodetelefono, idpersonausuario) values (?, ?, ?, ?, ?)
18:54:03.481 [main] DEBUG o.h.p.entity.AbstractEntityPersister -  Update 0: update personausuario set correo=?, dnipersonausuario=?, nombrepersonausuario=?, numerodetelefono=? where idpersonausuario=?
18:54:03.482 [main] DEBUG o.h.p.entity.AbstractEntityPersister -  Delete 0: delete from personausuario where idpersonausuario=?
18:54:03.483 [main] DEBUG o.h.p.entity.AbstractEntityPersister -  Identity insert: insert into personausuario (correo, dnipersonausuario, nombrepersonausuario, numerodetelefono) values (?, ?, ?, ?)
18:54:03.485 [main] DEBUG o.h.l.p.b.i.spaces.QuerySpacesImpl - Adding QuerySpace : uid = <gen:0> -> org.hibernate.loader.plan.build.internal.spaces.EntityQuerySpaceImpl@153f66e7]
18:54:03.486 [main] DEBUG o.h.p.w.spi.MetamodelGraphWalker - Visiting attribute path : correo
18:54:03.486 [main] DEBUG o.h.p.w.spi.MetamodelGraphWalker - Visiting attribute path : dnipersonausuario
18:54:03.487 [main] DEBUG o.h.p.w.spi.MetamodelGraphWalker - Visiting attribute path : nombrepersonausuario
18:54:03.487 [main] DEBUG o.h.p.w.spi.MetamodelGraphWalker - Visiting attribute path : numerodetelefono
18:54:03.488 [main] DEBUG o.h.l.p.b.i.FetchStyleLoadPlanBuildingAssociationVisitationStrategy - Building LoadPlan...
18:54:03.489 [main] DEBUG o.h.l.p.e.i.LoadQueryJoinAndFetchProcessor - processing queryspace <gen:0>
18:54:03.492 [main] DEBUG o.h.l.p.b.spi.LoadPlanTreePrinter - LoadPlan(entity=com.fabiocompany.supermercadosdeltaplus.model.Personausuario)
    - Returns
       - EntityReturnImpl(entity=com.fabiocompany.supermercadosdeltaplus.model.Personausuario, querySpaceUid=<gen:0>, path=com.fabiocompany.supermercadosdeltaplus.model.Personausuario)
    - QuerySpaces
       - EntityQuerySpaceImpl(uid=<gen:0>, entity=com.fabiocompany.supermercadosdeltaplus.model.Personausuario)
          - SQL table alias mapping - personausu0_
          - alias suffix - 0_
          - suffixed key columns - {idperson1_2_0_}

18:54:03.493 [main] DEBUG o.h.loader.entity.plan.EntityLoader - Static select for entity com.fabiocompany.supermercadosdeltaplus.model.Personausuario [NONE]: select personausu0_.idpersonausuario as idperson1_2_0_, personausu0_.correo as correo2_2_0_, personausu0_.dnipersonausuario as dniperso3_2_0_, personausu0_.nombrepersonausuario as nombrepe4_2_0_, personausu0_.numerodetelefono as numerode5_2_0_ from personausuario personausu0_ where personausu0_.idpersonausuario=?
18:54:03.494 [main] DEBUG o.h.l.p.b.i.spaces.QuerySpacesImpl - Adding QuerySpace : uid = <gen:0> -> org.hibernate.loader.plan.build.internal.spaces.EntityQuerySpaceImpl@6f667ad1]
18:54:03.495 [main] DEBUG o.h.p.w.spi.MetamodelGraphWalker - Visiting attribute path : correo
18:54:03.496 [main] DEBUG o.h.p.w.spi.MetamodelGraphWalker - Visiting attribute path : dnipersonausuario
18:54:03.496 [main] DEBUG o.h.p.w.spi.MetamodelGraphWalker - Visiting attribute path : nombrepersonausuario
18:54:03.497 [main] DEBUG o.h.p.w.spi.MetamodelGraphWalker - Visiting attribute path : numerodetelefono
18:54:03.498 [main] DEBUG o.h.l.p.b.i.FetchStyleLoadPlanBuildingAssociationVisitationStrategy - Building LoadPlan...
18:54:03.500 [main] DEBUG o.h.l.p.e.i.LoadQueryJoinAndFetchProcessor - processing queryspace <gen:0>
18:54:03.503 [main] DEBUG o.h.l.p.b.spi.LoadPlanTreePrinter - LoadPlan(entity=com.fabiocompany.supermercadosdeltaplus.model.Personausuario)
    - Returns
       - EntityReturnImpl(entity=com.fabiocompany.supermercadosdeltaplus.model.Personausuario, querySpaceUid=<gen:0>, path=com.fabiocompany.supermercadosdeltaplus.model.Personausuario)
    - QuerySpaces
       - EntityQuerySpaceImpl(uid=<gen:0>, entity=com.fabiocompany.supermercadosdeltaplus.model.Personausuario)
          - SQL table alias mapping - personausu0_
          - alias suffix - 0_
          - suffixed key columns - {idperson1_2_0_}

18:54:03.504 [main] DEBUG o.h.loader.entity.plan.EntityLoader - Static select for entity com.fabiocompany.supermercadosdeltaplus.model.Personausuario [READ]: select personausu0_.idpersonausuario as idperson1_2_0_, personausu0_.correo as correo2_2_0_, personausu0_.dnipersonausuario as dniperso3_2_0_, personausu0_.nombrepersonausuario as nombrepe4_2_0_, personausu0_.numerodetelefono as numerode5_2_0_ from personausuario personausu0_ where personausu0_.idpersonausuario=?
18:54:03.505 [main] DEBUG o.h.l.p.b.i.spaces.QuerySpacesImpl - Adding QuerySpace : uid = <gen:0> -> org.hibernate.loader.plan.build.internal.spaces.EntityQuerySpaceImpl@388b401d]
18:54:03.506 [main] DEBUG o.h.p.w.spi.MetamodelGraphWalker - Visiting attribute path : correo
18:54:03.507 [main] DEBUG o.h.p.w.spi.MetamodelGraphWalker - Visiting attribute path : dnipersonausuario
18:54:03.507 [main] DEBUG o.h.p.w.spi.MetamodelGraphWalker - Visiting attribute path : nombrepersonausuario
18:54:03.508 [main] DEBUG o.h.p.w.spi.MetamodelGraphWalker - Visiting attribute path : numerodetelefono
18:54:03.508 [main] DEBUG o.h.l.p.b.i.FetchStyleLoadPlanBuildingAssociationVisitationStrategy - Building LoadPlan...
18:54:03.510 [main] DEBUG o.h.l.p.e.i.LoadQueryJoinAndFetchProcessor - processing queryspace <gen:0>
18:54:03.512 [main] DEBUG o.h.l.p.b.spi.LoadPlanTreePrinter - LoadPlan(entity=com.fabiocompany.supermercadosdeltaplus.model.Personausuario)
    - Returns
       - EntityReturnImpl(entity=com.fabiocompany.supermercadosdeltaplus.model.Personausuario, querySpaceUid=<gen:0>, path=com.fabiocompany.supermercadosdeltaplus.model.Personausuario)
    - QuerySpaces
       - EntityQuerySpaceImpl(uid=<gen:0>, entity=com.fabiocompany.supermercadosdeltaplus.model.Personausuario)
          - SQL table alias mapping - personausu0_
          - alias suffix - 0_
          - suffixed key columns - {idperson1_2_0_}

18:54:03.513 [main] DEBUG o.h.loader.entity.plan.EntityLoader - Static select for entity com.fabiocompany.supermercadosdeltaplus.model.Personausuario [UPGRADE]: select personausu0_.idpersonausuario as idperson1_2_0_, personausu0_.correo as correo2_2_0_, personausu0_.dnipersonausuario as dniperso3_2_0_, personausu0_.nombrepersonausuario as nombrepe4_2_0_, personausu0_.numerodetelefono as numerode5_2_0_ from personausuario personausu0_ where personausu0_.idpersonausuario=? for update
18:54:03.514 [main] DEBUG o.h.l.p.b.i.spaces.QuerySpacesImpl - Adding QuerySpace : uid = <gen:0> -> org.hibernate.loader.plan.build.internal.spaces.EntityQuerySpaceImpl@77a281fc]
18:54:03.515 [main] DEBUG o.h.p.w.spi.MetamodelGraphWalker - Visiting attribute path : correo
18:54:03.515 [main] DEBUG o.h.p.w.spi.MetamodelGraphWalker - Visiting attribute path : dnipersonausuario
18:54:03.516 [main] DEBUG o.h.p.w.spi.MetamodelGraphWalker - Visiting attribute path : nombrepersonausuario
18:54:03.516 [main] DEBUG o.h.p.w.spi.MetamodelGraphWalker - Visiting attribute path : numerodetelefono
18:54:03.517 [main] DEBUG o.h.l.p.b.i.FetchStyleLoadPlanBuildingAssociationVisitationStrategy - Building LoadPlan...
18:54:03.518 [main] DEBUG o.h.l.p.e.i.LoadQueryJoinAndFetchProcessor - processing queryspace <gen:0>
18:54:03.520 [main] DEBUG o.h.l.p.b.spi.LoadPlanTreePrinter - LoadPlan(entity=com.fabiocompany.supermercadosdeltaplus.model.Personausuario)
    - Returns
       - EntityReturnImpl(entity=com.fabiocompany.supermercadosdeltaplus.model.Personausuario, querySpaceUid=<gen:0>, path=com.fabiocompany.supermercadosdeltaplus.model.Personausuario)
    - QuerySpaces
       - EntityQuerySpaceImpl(uid=<gen:0>, entity=com.fabiocompany.supermercadosdeltaplus.model.Personausuario)
          - SQL table alias mapping - personausu0_
          - alias suffix - 0_
          - suffixed key columns - {idperson1_2_0_}

18:54:03.521 [main] DEBUG o.h.loader.entity.plan.EntityLoader - Static select for entity com.fabiocompany.supermercadosdeltaplus.model.Personausuario [UPGRADE_NOWAIT]: select personausu0_.idpersonausuario as idperson1_2_0_, personausu0_.correo as correo2_2_0_, personausu0_.dnipersonausuario as dniperso3_2_0_, personausu0_.nombrepersonausuario as nombrepe4_2_0_, personausu0_.numerodetelefono as numerode5_2_0_ from personausuario personausu0_ where personausu0_.idpersonausuario=? for update
18:54:03.522 [main] DEBUG o.h.l.p.b.i.spaces.QuerySpacesImpl - Adding QuerySpace : uid = <gen:0> -> org.hibernate.loader.plan.build.internal.spaces.EntityQuerySpaceImpl@2bfbffb2]
18:54:03.523 [main] DEBUG o.h.p.w.spi.MetamodelGraphWalker - Visiting attribute path : correo
18:54:03.524 [main] DEBUG o.h.p.w.spi.MetamodelGraphWalker - Visiting attribute path : dnipersonausuario
18:54:03.524 [main] DEBUG o.h.p.w.spi.MetamodelGraphWalker - Visiting attribute path : nombrepersonausuario
18:54:03.524 [main] DEBUG o.h.p.w.spi.MetamodelGraphWalker - Visiting attribute path : numerodetelefono
18:54:03.525 [main] DEBUG o.h.l.p.b.i.FetchStyleLoadPlanBuildingAssociationVisitationStrategy - Building LoadPlan...
18:54:03.526 [main] DEBUG o.h.l.p.e.i.LoadQueryJoinAndFetchProcessor - processing queryspace <gen:0>
18:54:03.528 [main] DEBUG o.h.l.p.b.spi.LoadPlanTreePrinter - LoadPlan(entity=com.fabiocompany.supermercadosdeltaplus.model.Personausuario)
    - Returns
       - EntityReturnImpl(entity=com.fabiocompany.supermercadosdeltaplus.model.Personausuario, querySpaceUid=<gen:0>, path=com.fabiocompany.supermercadosdeltaplus.model.Personausuario)
    - QuerySpaces
       - EntityQuerySpaceImpl(uid=<gen:0>, entity=com.fabiocompany.supermercadosdeltaplus.model.Personausuario)
          - SQL table alias mapping - personausu0_
          - alias suffix - 0_
          - suffixed key columns - {idperson1_2_0_}

18:54:03.530 [main] DEBUG o.h.loader.entity.plan.EntityLoader - Static select for entity com.fabiocompany.supermercadosdeltaplus.model.Personausuario [UPGRADE_SKIPLOCKED]: select personausu0_.idpersonausuario as idperson1_2_0_, personausu0_.correo as correo2_2_0_, personausu0_.dnipersonausuario as dniperso3_2_0_, personausu0_.nombrepersonausuario as nombrepe4_2_0_, personausu0_.numerodetelefono as numerode5_2_0_ from personausuario personausu0_ where personausu0_.idpersonausuario=? for update
18:54:03.531 [main] DEBUG o.h.l.p.b.i.spaces.QuerySpacesImpl - Adding QuerySpace : uid = <gen:0> -> org.hibernate.loader.plan.build.internal.spaces.EntityQuerySpaceImpl@151335cb]
18:54:03.532 [main] DEBUG o.h.p.w.spi.MetamodelGraphWalker - Visiting attribute path : correo
18:54:03.532 [main] DEBUG o.h.p.w.spi.MetamodelGraphWalker - Visiting attribute path : dnipersonausuario
18:54:03.533 [main] DEBUG o.h.p.w.spi.MetamodelGraphWalker - Visiting attribute path : nombrepersonausuario
18:54:03.533 [main] DEBUG o.h.p.w.spi.MetamodelGraphWalker - Visiting attribute path : numerodetelefono
18:54:03.534 [main] DEBUG o.h.l.p.b.i.FetchStyleLoadPlanBuildingAssociationVisitationStrategy - Building LoadPlan...
18:54:03.535 [main] DEBUG o.h.l.p.e.i.LoadQueryJoinAndFetchProcessor - processing queryspace <gen:0>
18:54:03.537 [main] DEBUG o.h.l.p.b.spi.LoadPlanTreePrinter - LoadPlan(entity=com.fabiocompany.supermercadosdeltaplus.model.Personausuario)
    - Returns
       - EntityReturnImpl(entity=com.fabiocompany.supermercadosdeltaplus.model.Personausuario, querySpaceUid=<gen:0>, path=com.fabiocompany.supermercadosdeltaplus.model.Personausuario)
    - QuerySpaces
       - EntityQuerySpaceImpl(uid=<gen:0>, entity=com.fabiocompany.supermercadosdeltaplus.model.Personausuario)
          - SQL table alias mapping - personausu0_
          - alias suffix - 0_
          - suffixed key columns - {idperson1_2_0_}

18:54:03.538 [main] DEBUG o.h.loader.entity.plan.EntityLoader - Static select for entity com.fabiocompany.supermercadosdeltaplus.model.Personausuario [FORCE]: select personausu0_.idpersonausuario as idperson1_2_0_, personausu0_.correo as correo2_2_0_, personausu0_.dnipersonausuario as dniperso3_2_0_, personausu0_.nombrepersonausuario as nombrepe4_2_0_, personausu0_.numerodetelefono as numerode5_2_0_ from personausuario personausu0_ where personausu0_.idpersonausuario=? for update
18:54:03.540 [main] DEBUG o.h.l.p.b.i.spaces.QuerySpacesImpl - Adding QuerySpace : uid = <gen:0> -> org.hibernate.loader.plan.build.internal.spaces.EntityQuerySpaceImpl@3e850122]
18:54:03.541 [main] DEBUG o.h.p.w.spi.MetamodelGraphWalker - Visiting attribute path : correo
18:54:03.541 [main] DEBUG o.h.p.w.spi.MetamodelGraphWalker - Visiting attribute path : dnipersonausuario
18:54:03.541 [main] DEBUG o.h.p.w.spi.MetamodelGraphWalker - Visiting attribute path : nombrepersonausuario
18:54:03.542 [main] DEBUG o.h.p.w.spi.MetamodelGraphWalker - Visiting attribute path : numerodetelefono
18:54:03.543 [main] DEBUG o.h.l.p.b.i.FetchStyleLoadPlanBuildingAssociationVisitationStrategy - Building LoadPlan...
18:54:03.544 [main] DEBUG o.h.l.p.e.i.LoadQueryJoinAndFetchProcessor - processing queryspace <gen:0>
18:54:03.546 [main] DEBUG o.h.l.p.b.spi.LoadPlanTreePrinter - LoadPlan(entity=com.fabiocompany.supermercadosdeltaplus.model.Personausuario)
    - Returns
       - EntityReturnImpl(entity=com.fabiocompany.supermercadosdeltaplus.model.Personausuario, querySpaceUid=<gen:0>, path=com.fabiocompany.supermercadosdeltaplus.model.Personausuario)
    - QuerySpaces
       - EntityQuerySpaceImpl(uid=<gen:0>, entity=com.fabiocompany.supermercadosdeltaplus.model.Personausuario)
          - SQL table alias mapping - personausu0_
          - alias suffix - 0_
          - suffixed key columns - {idperson1_2_0_}

18:54:03.548 [main] DEBUG o.h.loader.entity.plan.EntityLoader - Static select for entity com.fabiocompany.supermercadosdeltaplus.model.Personausuario [PESSIMISTIC_READ]: select personausu0_.idpersonausuario as idperson1_2_0_, personausu0_.correo as correo2_2_0_, personausu0_.dnipersonausuario as dniperso3_2_0_, personausu0_.nombrepersonausuario as nombrepe4_2_0_, personausu0_.numerodetelefono as numerode5_2_0_ from personausuario personausu0_ where personausu0_.idpersonausuario=? lock in share mode
18:54:03.549 [main] DEBUG o.h.l.p.b.i.spaces.QuerySpacesImpl - Adding QuerySpace : uid = <gen:0> -> org.hibernate.loader.plan.build.internal.spaces.EntityQuerySpaceImpl@2b4c3c29]
18:54:03.550 [main] DEBUG o.h.p.w.spi.MetamodelGraphWalker - Visiting attribute path : correo
18:54:03.550 [main] DEBUG o.h.p.w.spi.MetamodelGraphWalker - Visiting attribute path : dnipersonausuario
18:54:03.551 [main] DEBUG o.h.p.w.spi.MetamodelGraphWalker - Visiting attribute path : nombrepersonausuario
18:54:03.551 [main] DEBUG o.h.p.w.spi.MetamodelGraphWalker - Visiting attribute path : numerodetelefono
18:54:03.552 [main] DEBUG o.h.l.p.b.i.FetchStyleLoadPlanBuildingAssociationVisitationStrategy - Building LoadPlan...
18:54:03.553 [main] DEBUG o.h.l.p.e.i.LoadQueryJoinAndFetchProcessor - processing queryspace <gen:0>
18:54:03.556 [main] DEBUG o.h.l.p.b.spi.LoadPlanTreePrinter - LoadPlan(entity=com.fabiocompany.supermercadosdeltaplus.model.Personausuario)
    - Returns
       - EntityReturnImpl(entity=com.fabiocompany.supermercadosdeltaplus.model.Personausuario, querySpaceUid=<gen:0>, path=com.fabiocompany.supermercadosdeltaplus.model.Personausuario)
    - QuerySpaces
       - EntityQuerySpaceImpl(uid=<gen:0>, entity=com.fabiocompany.supermercadosdeltaplus.model.Personausuario)
          - SQL table alias mapping - personausu0_
          - alias suffix - 0_
          - suffixed key columns - {idperson1_2_0_}

18:54:03.557 [main] DEBUG o.h.loader.entity.plan.EntityLoader - Static select for entity com.fabiocompany.supermercadosdeltaplus.model.Personausuario [PESSIMISTIC_WRITE]: select personausu0_.idpersonausuario as idperson1_2_0_, personausu0_.correo as correo2_2_0_, personausu0_.dnipersonausuario as dniperso3_2_0_, personausu0_.nombrepersonausuario as nombrepe4_2_0_, personausu0_.numerodetelefono as numerode5_2_0_ from personausuario personausu0_ where personausu0_.idpersonausuario=? for update
18:54:03.558 [main] DEBUG o.h.l.p.b.i.spaces.QuerySpacesImpl - Adding QuerySpace : uid = <gen:0> -> org.hibernate.loader.plan.build.internal.spaces.EntityQuerySpaceImpl@4cdd2c73]
18:54:03.559 [main] DEBUG o.h.p.w.spi.MetamodelGraphWalker - Visiting attribute path : correo
18:54:03.559 [main] DEBUG o.h.p.w.spi.MetamodelGraphWalker - Visiting attribute path : dnipersonausuario
18:54:03.560 [main] DEBUG o.h.p.w.spi.MetamodelGraphWalker - Visiting attribute path : nombrepersonausuario
18:54:03.560 [main] DEBUG o.h.p.w.spi.MetamodelGraphWalker - Visiting attribute path : numerodetelefono
18:54:03.561 [main] DEBUG o.h.l.p.b.i.FetchStyleLoadPlanBuildingAssociationVisitationStrategy - Building LoadPlan...
18:54:03.563 [main] DEBUG o.h.l.p.e.i.LoadQueryJoinAndFetchProcessor - processing queryspace <gen:0>
18:54:03.565 [main] DEBUG o.h.l.p.b.spi.LoadPlanTreePrinter - LoadPlan(entity=com.fabiocompany.supermercadosdeltaplus.model.Personausuario)
    - Returns
       - EntityReturnImpl(entity=com.fabiocompany.supermercadosdeltaplus.model.Personausuario, querySpaceUid=<gen:0>, path=com.fabiocompany.supermercadosdeltaplus.model.Personausuario)
    - QuerySpaces
       - EntityQuerySpaceImpl(uid=<gen:0>, entity=com.fabiocompany.supermercadosdeltaplus.model.Personausuario)
          - SQL table alias mapping - personausu0_
          - alias suffix - 0_
          - suffixed key columns - {idperson1_2_0_}

18:54:03.567 [main] DEBUG o.h.loader.entity.plan.EntityLoader - Static select for entity com.fabiocompany.supermercadosdeltaplus.model.Personausuario [PESSIMISTIC_FORCE_INCREMENT]: select personausu0_.idpersonausuario as idperson1_2_0_, personausu0_.correo as correo2_2_0_, personausu0_.dnipersonausuario as dniperso3_2_0_, personausu0_.nombrepersonausuario as nombrepe4_2_0_, personausu0_.numerodetelefono as numerode5_2_0_ from personausuario personausu0_ where personausu0_.idpersonausuario=? for update
18:54:03.568 [main] DEBUG o.h.l.p.b.i.spaces.QuerySpacesImpl - Adding QuerySpace : uid = <gen:0> -> org.hibernate.loader.plan.build.internal.spaces.EntityQuerySpaceImpl@4e4c3a38]
18:54:03.569 [main] DEBUG o.h.p.w.spi.MetamodelGraphWalker - Visiting attribute path : correo
18:54:03.569 [main] DEBUG o.h.p.w.spi.MetamodelGraphWalker - Visiting attribute path : dnipersonausuario
18:54:03.570 [main] DEBUG o.h.p.w.spi.MetamodelGraphWalker - Visiting attribute path : nombrepersonausuario
18:54:03.570 [main] DEBUG o.h.p.w.spi.MetamodelGraphWalker - Visiting attribute path : numerodetelefono
18:54:03.571 [main] DEBUG o.h.l.p.b.i.FetchStyleLoadPlanBuildingAssociationVisitationStrategy - Building LoadPlan...
18:54:03.573 [main] DEBUG o.h.l.p.e.i.LoadQueryJoinAndFetchProcessor - processing queryspace <gen:0>
18:54:03.576 [main] DEBUG o.h.l.p.b.spi.LoadPlanTreePrinter - LoadPlan(entity=com.fabiocompany.supermercadosdeltaplus.model.Personausuario)
    - Returns
       - EntityReturnImpl(entity=com.fabiocompany.supermercadosdeltaplus.model.Personausuario, querySpaceUid=<gen:0>, path=com.fabiocompany.supermercadosdeltaplus.model.Personausuario)
    - QuerySpaces
       - EntityQuerySpaceImpl(uid=<gen:0>, entity=com.fabiocompany.supermercadosdeltaplus.model.Personausuario)
          - SQL table alias mapping - personausu0_
          - alias suffix - 0_
          - suffixed key columns - {idperson1_2_0_}

18:54:03.578 [main] DEBUG o.h.loader.entity.plan.EntityLoader - Static select for entity com.fabiocompany.supermercadosdeltaplus.model.Personausuario [OPTIMISTIC]: select personausu0_.idpersonausuario as idperson1_2_0_, personausu0_.correo as correo2_2_0_, personausu0_.dnipersonausuario as dniperso3_2_0_, personausu0_.nombrepersonausuario as nombrepe4_2_0_, personausu0_.numerodetelefono as numerode5_2_0_ from personausuario personausu0_ where personausu0_.idpersonausuario=?
18:54:03.580 [main] DEBUG o.h.l.p.b.i.spaces.QuerySpacesImpl - Adding QuerySpace : uid = <gen:0> -> org.hibernate.loader.plan.build.internal.spaces.EntityQuerySpaceImpl@c27d163]
18:54:03.580 [main] DEBUG o.h.p.w.spi.MetamodelGraphWalker - Visiting attribute path : correo
18:54:03.581 [main] DEBUG o.h.p.w.spi.MetamodelGraphWalker - Visiting attribute path : dnipersonausuario
18:54:03.581 [main] DEBUG o.h.p.w.spi.MetamodelGraphWalker - Visiting attribute path : nombrepersonausuario
18:54:03.582 [main] DEBUG o.h.p.w.spi.MetamodelGraphWalker - Visiting attribute path : numerodetelefono
18:54:03.582 [main] DEBUG o.h.l.p.b.i.FetchStyleLoadPlanBuildingAssociationVisitationStrategy - Building LoadPlan...
18:54:03.584 [main] DEBUG o.h.l.p.e.i.LoadQueryJoinAndFetchProcessor - processing queryspace <gen:0>
18:54:03.586 [main] DEBUG o.h.l.p.b.spi.LoadPlanTreePrinter - LoadPlan(entity=com.fabiocompany.supermercadosdeltaplus.model.Personausuario)
    - Returns
       - EntityReturnImpl(entity=com.fabiocompany.supermercadosdeltaplus.model.Personausuario, querySpaceUid=<gen:0>, path=com.fabiocompany.supermercadosdeltaplus.model.Personausuario)
    - QuerySpaces
       - EntityQuerySpaceImpl(uid=<gen:0>, entity=com.fabiocompany.supermercadosdeltaplus.model.Personausuario)
          - SQL table alias mapping - personausu0_
          - alias suffix - 0_
          - suffixed key columns - {idperson1_2_0_}

18:54:03.587 [main] DEBUG o.h.loader.entity.plan.EntityLoader - Static select for entity com.fabiocompany.supermercadosdeltaplus.model.Personausuario [OPTIMISTIC_FORCE_INCREMENT]: select personausu0_.idpersonausuario as idperson1_2_0_, personausu0_.correo as correo2_2_0_, personausu0_.dnipersonausuario as dniperso3_2_0_, personausu0_.nombrepersonausuario as nombrepe4_2_0_, personausu0_.numerodetelefono as numerode5_2_0_ from personausuario personausu0_ where personausu0_.idpersonausuario=?
18:54:03.589 [main] DEBUG org.hibernate.loader.Loader - Static select for action ACTION_MERGE on entity com.fabiocompany.supermercadosdeltaplus.model.Personausuario: select personausu0_.idpersonausuario as idperson1_2_0_, personausu0_.correo as correo2_2_0_, personausu0_.dnipersonausuario as dniperso3_2_0_, personausu0_.nombrepersonausuario as nombrepe4_2_0_, personausu0_.numerodetelefono as numerode5_2_0_ from personausuario personausu0_ where personausu0_.idpersonausuario=?
18:54:03.591 [main] DEBUG org.hibernate.loader.Loader - Static select for action ACTION_REFRESH on entity com.fabiocompany.supermercadosdeltaplus.model.Personausuario: select personausu0_.idpersonausuario as idperson1_2_0_, personausu0_.correo as correo2_2_0_, personausu0_.dnipersonausuario as dniperso3_2_0_, personausu0_.nombrepersonausuario as nombrepe4_2_0_, personausu0_.numerodetelefono as numerode5_2_0_ from personausuario personausu0_ where personausu0_.idpersonausuario=?
18:54:03.594 [main] DEBUG o.h.p.entity.AbstractEntityPersister - Static SQL for entity: com.fabiocompany.supermercadosdeltaplus.model.Usuario
18:54:03.595 [main] DEBUG o.h.p.entity.AbstractEntityPersister -  Version select: select idusuario from usuario where idusuario =?
18:54:03.595 [main] DEBUG o.h.p.entity.AbstractEntityPersister -  Snapshot select: select usuario_.idusuario, usuario_.contraseniausuario as contrase2_5_, usuario_.nombreusuario as nombreus3_5_, usuario_.idpersonausuario as idperson5_5_, usuario_.tipodeusuario as tipodeus4_5_ from usuario usuario_ where usuario_.idusuario=?
18:54:03.596 [main] DEBUG o.h.p.entity.AbstractEntityPersister -  Insert 0: insert into usuario (contraseniausuario, nombreusuario, idpersonausuario, tipodeusuario, idusuario) values (?, ?, ?, ?, ?)
18:54:03.597 [main] DEBUG o.h.p.entity.AbstractEntityPersister -  Update 0: update usuario set contraseniausuario=?, nombreusuario=?, idpersonausuario=?, tipodeusuario=? where idusuario=?
18:54:03.597 [main] DEBUG o.h.p.entity.AbstractEntityPersister -  Delete 0: delete from usuario where idusuario=?
18:54:03.598 [main] DEBUG o.h.p.entity.AbstractEntityPersister -  Identity insert: insert into usuario (contraseniausuario, nombreusuario, idpersonausuario, tipodeusuario) values (?, ?, ?, ?)
18:54:03.599 [main] DEBUG o.h.l.p.b.i.spaces.QuerySpacesImpl - Adding QuerySpace : uid = <gen:0> -> org.hibernate.loader.plan.build.internal.spaces.EntityQuerySpaceImpl@78faea5f]
18:54:03.600 [main] DEBUG o.h.p.w.spi.MetamodelGraphWalker - Visiting attribute path : cabeceratickets
18:54:03.600 [main] DEBUG o.h.p.w.spi.MetamodelGraphWalker - Visiting attribute path : contraseniausuario
18:54:03.600 [main] DEBUG o.h.p.w.spi.MetamodelGraphWalker - Visiting attribute path : nombreusuario
18:54:03.601 [main] DEBUG o.h.p.w.spi.MetamodelGraphWalker - Visiting attribute path : personausuario
18:54:03.602 [main] DEBUG o.h.l.p.b.i.spaces.QuerySpacesImpl - Adding QuerySpace : uid = <gen:1> -> org.hibernate.loader.plan.build.internal.spaces.EntityQuerySpaceImpl@5e39850]
18:54:03.603 [main] DEBUG o.h.p.w.spi.MetamodelGraphWalker - Visiting attribute path : personausuario.correo
18:54:03.603 [main] DEBUG o.h.p.w.spi.MetamodelGraphWalker - Visiting attribute path : personausuario.dnipersonausuario
18:54:03.604 [main] DEBUG o.h.p.w.spi.MetamodelGraphWalker - Visiting attribute path : personausuario.nombrepersonausuario
18:54:03.604 [main] DEBUG o.h.p.w.spi.MetamodelGraphWalker - Visiting attribute path : personausuario.numerodetelefono
18:54:03.605 [main] DEBUG o.h.p.w.spi.MetamodelGraphWalker - Visiting attribute path : tipodeusuario
18:54:03.606 [main] DEBUG o.h.l.p.b.i.FetchStyleLoadPlanBuildingAssociationVisitationStrategy - Building LoadPlan...
18:54:03.607 [main] DEBUG o.h.l.p.e.i.LoadQueryJoinAndFetchProcessor - processing queryspace <gen:0>
18:54:03.612 [main] DEBUG o.h.l.p.b.spi.LoadPlanTreePrinter - LoadPlan(entity=com.fabiocompany.supermercadosdeltaplus.model.Usuario)
    - Returns
       - EntityReturnImpl(entity=com.fabiocompany.supermercadosdeltaplus.model.Usuario, querySpaceUid=<gen:0>, path=com.fabiocompany.supermercadosdeltaplus.model.Usuario)
          - EntityAttributeFetchImpl(entity=com.fabiocompany.supermercadosdeltaplus.model.Personausuario, querySpaceUid=<gen:1>, path=com.fabiocompany.supermercadosdeltaplus.model.Usuario.personausuario)
    - QuerySpaces
       - EntityQuerySpaceImpl(uid=<gen:0>, entity=com.fabiocompany.supermercadosdeltaplus.model.Usuario)
          - SQL table alias mapping - usuario0_
          - alias suffix - 0_
          - suffixed key columns - {idusuari1_5_0_}
          - JOIN (JoinDefinedByMetadata(personausuario)) : <gen:0> -> <gen:1>
             - EntityQuerySpaceImpl(uid=<gen:1>, entity=com.fabiocompany.supermercadosdeltaplus.model.Personausuario)
                - SQL table alias mapping - personausu1_
                - alias suffix - 1_
                - suffixed key columns - {idperson1_2_1_}

18:54:03.614 [main] DEBUG o.h.loader.entity.plan.EntityLoader - Static select for entity com.fabiocompany.supermercadosdeltaplus.model.Usuario [NONE]: select usuario0_.idusuario as idusuari1_5_0_, usuario0_.contraseniausuario as contrase2_5_0_, usuario0_.nombreusuario as nombreus3_5_0_, usuario0_.idpersonausuario as idperson5_5_0_, usuario0_.tipodeusuario as tipodeus4_5_0_, personausu1_.idpersonausuario as idperson1_2_1_, personausu1_.correo as correo2_2_1_, personausu1_.dnipersonausuario as dniperso3_2_1_, personausu1_.nombrepersonausuario as nombrepe4_2_1_, personausu1_.numerodetelefono as numerode5_2_1_ from usuario usuario0_ left outer join personausuario personausu1_ on usuario0_.idpersonausuario=personausu1_.idpersonausuario where usuario0_.idusuario=?
18:54:03.616 [main] DEBUG o.h.l.p.b.i.spaces.QuerySpacesImpl - Adding QuerySpace : uid = <gen:0> -> org.hibernate.loader.plan.build.internal.spaces.EntityQuerySpaceImpl@398474a2]
18:54:03.617 [main] DEBUG o.h.p.w.spi.MetamodelGraphWalker - Visiting attribute path : cabeceratickets
18:54:03.617 [main] DEBUG o.h.p.w.spi.MetamodelGraphWalker - Visiting attribute path : contraseniausuario
18:54:03.618 [main] DEBUG o.h.p.w.spi.MetamodelGraphWalker - Visiting attribute path : nombreusuario
18:54:03.618 [main] DEBUG o.h.p.w.spi.MetamodelGraphWalker - Visiting attribute path : personausuario
18:54:03.619 [main] DEBUG o.h.l.p.b.i.spaces.QuerySpacesImpl - Adding QuerySpace : uid = <gen:1> -> org.hibernate.loader.plan.build.internal.spaces.EntityQuerySpaceImpl@78c1a023]
18:54:03.620 [main] DEBUG o.h.p.w.spi.MetamodelGraphWalker - Visiting attribute path : personausuario.correo
18:54:03.621 [main] DEBUG o.h.p.w.spi.MetamodelGraphWalker - Visiting attribute path : personausuario.dnipersonausuario
18:54:03.621 [main] DEBUG o.h.p.w.spi.MetamodelGraphWalker - Visiting attribute path : personausuario.nombrepersonausuario
18:54:03.621 [main] DEBUG o.h.p.w.spi.MetamodelGraphWalker - Visiting attribute path : personausuario.numerodetelefono
18:54:03.622 [main] DEBUG o.h.p.w.spi.MetamodelGraphWalker - Visiting attribute path : tipodeusuario
18:54:03.623 [main] DEBUG o.h.l.p.b.i.FetchStyleLoadPlanBuildingAssociationVisitationStrategy - Building LoadPlan...
18:54:03.625 [main] DEBUG o.h.l.p.e.i.LoadQueryJoinAndFetchProcessor - processing queryspace <gen:0>
18:54:03.630 [main] DEBUG o.h.l.p.b.spi.LoadPlanTreePrinter - LoadPlan(entity=com.fabiocompany.supermercadosdeltaplus.model.Usuario)
    - Returns
       - EntityReturnImpl(entity=com.fabiocompany.supermercadosdeltaplus.model.Usuario, querySpaceUid=<gen:0>, path=com.fabiocompany.supermercadosdeltaplus.model.Usuario)
          - EntityAttributeFetchImpl(entity=com.fabiocompany.supermercadosdeltaplus.model.Personausuario, querySpaceUid=<gen:1>, path=com.fabiocompany.supermercadosdeltaplus.model.Usuario.personausuario)
    - QuerySpaces
       - EntityQuerySpaceImpl(uid=<gen:0>, entity=com.fabiocompany.supermercadosdeltaplus.model.Usuario)
          - SQL table alias mapping - usuario0_
          - alias suffix - 0_
          - suffixed key columns - {idusuari1_5_0_}
          - JOIN (JoinDefinedByMetadata(personausuario)) : <gen:0> -> <gen:1>
             - EntityQuerySpaceImpl(uid=<gen:1>, entity=com.fabiocompany.supermercadosdeltaplus.model.Personausuario)
                - SQL table alias mapping - personausu1_
                - alias suffix - 1_
                - suffixed key columns - {idperson1_2_1_}

18:54:03.632 [main] DEBUG o.h.loader.entity.plan.EntityLoader - Static select for entity com.fabiocompany.supermercadosdeltaplus.model.Usuario [READ]: select usuario0_.idusuario as idusuari1_5_0_, usuario0_.contraseniausuario as contrase2_5_0_, usuario0_.nombreusuario as nombreus3_5_0_, usuario0_.idpersonausuario as idperson5_5_0_, usuario0_.tipodeusuario as tipodeus4_5_0_, personausu1_.idpersonausuario as idperson1_2_1_, personausu1_.correo as correo2_2_1_, personausu1_.dnipersonausuario as dniperso3_2_1_, personausu1_.nombrepersonausuario as nombrepe4_2_1_, personausu1_.numerodetelefono as numerode5_2_1_ from usuario usuario0_ left outer join personausuario personausu1_ on usuario0_.idpersonausuario=personausu1_.idpersonausuario where usuario0_.idusuario=?
18:54:03.633 [main] DEBUG o.h.l.p.b.i.spaces.QuerySpacesImpl - Adding QuerySpace : uid = <gen:0> -> org.hibernate.loader.plan.build.internal.spaces.EntityQuerySpaceImpl@6a10b263]
18:54:03.634 [main] DEBUG o.h.p.w.spi.MetamodelGraphWalker - Visiting attribute path : cabeceratickets
18:54:03.635 [main] DEBUG o.h.p.w.spi.MetamodelGraphWalker - Visiting attribute path : contraseniausuario
18:54:03.635 [main] DEBUG o.h.p.w.spi.MetamodelGraphWalker - Visiting attribute path : nombreusuario
18:54:03.636 [main] DEBUG o.h.p.w.spi.MetamodelGraphWalker - Visiting attribute path : personausuario
18:54:03.637 [main] DEBUG o.h.l.p.b.i.spaces.QuerySpacesImpl - Adding QuerySpace : uid = <gen:1> -> org.hibernate.loader.plan.build.internal.spaces.EntityQuerySpaceImpl@325bb9a6]
18:54:03.638 [main] DEBUG o.h.p.w.spi.MetamodelGraphWalker - Visiting attribute path : tipodeusuario
18:54:03.639 [main] DEBUG o.h.l.p.b.i.FetchStyleLoadPlanBuildingAssociationVisitationStrategy - Building LoadPlan...
18:54:03.640 [main] DEBUG o.h.l.p.e.i.LoadQueryJoinAndFetchProcessor - processing queryspace <gen:0>
18:54:03.643 [main] DEBUG o.h.l.p.b.spi.LoadPlanTreePrinter - LoadPlan(entity=com.fabiocompany.supermercadosdeltaplus.model.Usuario)
    - Returns
       - EntityReturnImpl(entity=com.fabiocompany.supermercadosdeltaplus.model.Usuario, querySpaceUid=<gen:0>, path=com.fabiocompany.supermercadosdeltaplus.model.Usuario)
          - EntityAttributeFetchImpl(entity=com.fabiocompany.supermercadosdeltaplus.model.Personausuario, querySpaceUid=<gen:1>, path=com.fabiocompany.supermercadosdeltaplus.model.Usuario.personausuario)
    - QuerySpaces
       - EntityQuerySpaceImpl(uid=<gen:0>, entity=com.fabiocompany.supermercadosdeltaplus.model.Usuario)
          - SQL table alias mapping - usuario0_
          - alias suffix - 0_
          - suffixed key columns - {idusuari1_5_0_}

18:54:03.645 [main] DEBUG o.h.loader.entity.plan.EntityLoader - Static select for entity com.fabiocompany.supermercadosdeltaplus.model.Usuario [UPGRADE]: select usuario0_.idusuario as idusuari1_5_0_, usuario0_.contraseniausuario as contrase2_5_0_, usuario0_.nombreusuario as nombreus3_5_0_, usuario0_.idpersonausuario as idperson5_5_0_, usuario0_.tipodeusuario as tipodeus4_5_0_ from usuario usuario0_ where usuario0_.idusuario=? for update
18:54:03.646 [main] DEBUG o.h.l.p.b.i.spaces.QuerySpacesImpl - Adding QuerySpace : uid = <gen:0> -> org.hibernate.loader.plan.build.internal.spaces.EntityQuerySpaceImpl@1d12b024]
18:54:03.647 [main] DEBUG o.h.p.w.spi.MetamodelGraphWalker - Visiting attribute path : cabeceratickets
18:54:03.648 [main] DEBUG o.h.p.w.spi.MetamodelGraphWalker - Visiting attribute path : contraseniausuario
18:54:03.648 [main] DEBUG o.h.p.w.spi.MetamodelGraphWalker - Visiting attribute path : nombreusuario
18:54:03.649 [main] DEBUG o.h.p.w.spi.MetamodelGraphWalker - Visiting attribute path : personausuario
18:54:03.650 [main] DEBUG o.h.l.p.b.i.spaces.QuerySpacesImpl - Adding QuerySpace : uid = <gen:1> -> org.hibernate.loader.plan.build.internal.spaces.EntityQuerySpaceImpl@43effd89]
18:54:03.651 [main] DEBUG o.h.p.w.spi.MetamodelGraphWalker - Visiting attribute path : tipodeusuario
18:54:03.651 [main] DEBUG o.h.l.p.b.i.FetchStyleLoadPlanBuildingAssociationVisitationStrategy - Building LoadPlan...
18:54:03.653 [main] DEBUG o.h.l.p.e.i.LoadQueryJoinAndFetchProcessor - processing queryspace <gen:0>
18:54:03.657 [main] DEBUG o.h.l.p.b.spi.LoadPlanTreePrinter - LoadPlan(entity=com.fabiocompany.supermercadosdeltaplus.model.Usuario)
    - Returns
       - EntityReturnImpl(entity=com.fabiocompany.supermercadosdeltaplus.model.Usuario, querySpaceUid=<gen:0>, path=com.fabiocompany.supermercadosdeltaplus.model.Usuario)
          - EntityAttributeFetchImpl(entity=com.fabiocompany.supermercadosdeltaplus.model.Personausuario, querySpaceUid=<gen:1>, path=com.fabiocompany.supermercadosdeltaplus.model.Usuario.personausuario)
    - QuerySpaces
       - EntityQuerySpaceImpl(uid=<gen:0>, entity=com.fabiocompany.supermercadosdeltaplus.model.Usuario)
          - SQL table alias mapping - usuario0_
          - alias suffix - 0_
          - suffixed key columns - {idusuari1_5_0_}

18:54:03.659 [main] DEBUG o.h.loader.entity.plan.EntityLoader - Static select for entity com.fabiocompany.supermercadosdeltaplus.model.Usuario [UPGRADE_NOWAIT]: select usuario0_.idusuario as idusuari1_5_0_, usuario0_.contraseniausuario as contrase2_5_0_, usuario0_.nombreusuario as nombreus3_5_0_, usuario0_.idpersonausuario as idperson5_5_0_, usuario0_.tipodeusuario as tipodeus4_5_0_ from usuario usuario0_ where usuario0_.idusuario=? for update
18:54:03.661 [main] DEBUG o.h.l.p.b.i.spaces.QuerySpacesImpl - Adding QuerySpace : uid = <gen:0> -> org.hibernate.loader.plan.build.internal.spaces.EntityQuerySpaceImpl@2c16fadb]
18:54:03.662 [main] DEBUG o.h.p.w.spi.MetamodelGraphWalker - Visiting attribute path : cabeceratickets
18:54:03.663 [main] DEBUG o.h.p.w.spi.MetamodelGraphWalker - Visiting attribute path : contraseniausuario
18:54:03.664 [main] DEBUG o.h.p.w.spi.MetamodelGraphWalker - Visiting attribute path : nombreusuario
18:54:03.665 [main] DEBUG o.h.p.w.spi.MetamodelGraphWalker - Visiting attribute path : personausuario
18:54:03.666 [main] DEBUG o.h.l.p.b.i.spaces.QuerySpacesImpl - Adding QuerySpace : uid = <gen:1> -> org.hibernate.loader.plan.build.internal.spaces.EntityQuerySpaceImpl@2227a6c1]
18:54:03.667 [main] DEBUG o.h.p.w.spi.MetamodelGraphWalker - Visiting attribute path : tipodeusuario
18:54:03.669 [main] DEBUG o.h.l.p.b.i.FetchStyleLoadPlanBuildingAssociationVisitationStrategy - Building LoadPlan...
18:54:03.671 [main] DEBUG o.h.l.p.e.i.LoadQueryJoinAndFetchProcessor - processing queryspace <gen:0>
18:54:03.676 [main] DEBUG o.h.l.p.b.spi.LoadPlanTreePrinter - LoadPlan(entity=com.fabiocompany.supermercadosdeltaplus.model.Usuario)
    - Returns
       - EntityReturnImpl(entity=com.fabiocompany.supermercadosdeltaplus.model.Usuario, querySpaceUid=<gen:0>, path=com.fabiocompany.supermercadosdeltaplus.model.Usuario)
          - EntityAttributeFetchImpl(entity=com.fabiocompany.supermercadosdeltaplus.model.Personausuario, querySpaceUid=<gen:1>, path=com.fabiocompany.supermercadosdeltaplus.model.Usuario.personausuario)
    - QuerySpaces
       - EntityQuerySpaceImpl(uid=<gen:0>, entity=com.fabiocompany.supermercadosdeltaplus.model.Usuario)
          - SQL table alias mapping - usuario0_
          - alias suffix - 0_
          - suffixed key columns - {idusuari1_5_0_}

18:54:03.678 [main] DEBUG o.h.loader.entity.plan.EntityLoader - Static select for entity com.fabiocompany.supermercadosdeltaplus.model.Usuario [UPGRADE_SKIPLOCKED]: select usuario0_.idusuario as idusuari1_5_0_, usuario0_.contraseniausuario as contrase2_5_0_, usuario0_.nombreusuario as nombreus3_5_0_, usuario0_.idpersonausuario as idperson5_5_0_, usuario0_.tipodeusuario as tipodeus4_5_0_ from usuario usuario0_ where usuario0_.idusuario=? for update
18:54:03.680 [main] DEBUG o.h.l.p.b.i.spaces.QuerySpacesImpl - Adding QuerySpace : uid = <gen:0> -> org.hibernate.loader.plan.build.internal.spaces.EntityQuerySpaceImpl@1e9804b9]
18:54:03.682 [main] DEBUG o.h.p.w.spi.MetamodelGraphWalker - Visiting attribute path : cabeceratickets
18:54:03.683 [main] DEBUG o.h.p.w.spi.MetamodelGraphWalker - Visiting attribute path : contraseniausuario
18:54:03.683 [main] DEBUG o.h.p.w.spi.MetamodelGraphWalker - Visiting attribute path : nombreusuario
18:54:03.684 [main] DEBUG o.h.p.w.spi.MetamodelGraphWalker - Visiting attribute path : personausuario
18:54:03.686 [main] DEBUG o.h.l.p.b.i.spaces.QuerySpacesImpl - Adding QuerySpace : uid = <gen:1> -> org.hibernate.loader.plan.build.internal.spaces.EntityQuerySpaceImpl@4e628b52]
18:54:03.687 [main] DEBUG o.h.p.w.spi.MetamodelGraphWalker - Visiting attribute path : tipodeusuario
18:54:03.688 [main] DEBUG o.h.l.p.b.i.FetchStyleLoadPlanBuildingAssociationVisitationStrategy - Building LoadPlan...
18:54:03.691 [main] DEBUG o.h.l.p.e.i.LoadQueryJoinAndFetchProcessor - processing queryspace <gen:0>
18:54:03.696 [main] DEBUG o.h.l.p.b.spi.LoadPlanTreePrinter - LoadPlan(entity=com.fabiocompany.supermercadosdeltaplus.model.Usuario)
    - Returns
       - EntityReturnImpl(entity=com.fabiocompany.supermercadosdeltaplus.model.Usuario, querySpaceUid=<gen:0>, path=com.fabiocompany.supermercadosdeltaplus.model.Usuario)
          - EntityAttributeFetchImpl(entity=com.fabiocompany.supermercadosdeltaplus.model.Personausuario, querySpaceUid=<gen:1>, path=com.fabiocompany.supermercadosdeltaplus.model.Usuario.personausuario)
    - QuerySpaces
       - EntityQuerySpaceImpl(uid=<gen:0>, entity=com.fabiocompany.supermercadosdeltaplus.model.Usuario)
          - SQL table alias mapping - usuario0_
          - alias suffix - 0_
          - suffixed key columns - {idusuari1_5_0_}

18:54:03.698 [main] DEBUG o.h.loader.entity.plan.EntityLoader - Static select for entity com.fabiocompany.supermercadosdeltaplus.model.Usuario [FORCE]: select usuario0_.idusuario as idusuari1_5_0_, usuario0_.contraseniausuario as contrase2_5_0_, usuario0_.nombreusuario as nombreus3_5_0_, usuario0_.idpersonausuario as idperson5_5_0_, usuario0_.tipodeusuario as tipodeus4_5_0_ from usuario usuario0_ where usuario0_.idusuario=? for update
18:54:03.700 [main] DEBUG o.h.l.p.b.i.spaces.QuerySpacesImpl - Adding QuerySpace : uid = <gen:0> -> org.hibernate.loader.plan.build.internal.spaces.EntityQuerySpaceImpl@51ec2df1]
18:54:03.702 [main] DEBUG o.h.p.w.spi.MetamodelGraphWalker - Visiting attribute path : cabeceratickets
18:54:03.703 [main] DEBUG o.h.p.w.spi.MetamodelGraphWalker - Visiting attribute path : contraseniausuario
18:54:03.703 [main] DEBUG o.h.p.w.spi.MetamodelGraphWalker - Visiting attribute path : nombreusuario
18:54:03.704 [main] DEBUG o.h.p.w.spi.MetamodelGraphWalker - Visiting attribute path : personausuario
18:54:03.706 [main] DEBUG o.h.l.p.b.i.spaces.QuerySpacesImpl - Adding QuerySpace : uid = <gen:1> -> org.hibernate.loader.plan.build.internal.spaces.EntityQuerySpaceImpl@15fa55a6]
18:54:03.707 [main] DEBUG o.h.p.w.spi.MetamodelGraphWalker - Visiting attribute path : tipodeusuario
18:54:03.708 [main] DEBUG o.h.l.p.b.i.FetchStyleLoadPlanBuildingAssociationVisitationStrategy - Building LoadPlan...
18:54:03.710 [main] DEBUG o.h.l.p.e.i.LoadQueryJoinAndFetchProcessor - processing queryspace <gen:0>
18:54:03.715 [main] DEBUG o.h.l.p.b.spi.LoadPlanTreePrinter - LoadPlan(entity=com.fabiocompany.supermercadosdeltaplus.model.Usuario)
    - Returns
       - EntityReturnImpl(entity=com.fabiocompany.supermercadosdeltaplus.model.Usuario, querySpaceUid=<gen:0>, path=com.fabiocompany.supermercadosdeltaplus.model.Usuario)
          - EntityAttributeFetchImpl(entity=com.fabiocompany.supermercadosdeltaplus.model.Personausuario, querySpaceUid=<gen:1>, path=com.fabiocompany.supermercadosdeltaplus.model.Usuario.personausuario)
    - QuerySpaces
       - EntityQuerySpaceImpl(uid=<gen:0>, entity=com.fabiocompany.supermercadosdeltaplus.model.Usuario)
          - SQL table alias mapping - usuario0_
          - alias suffix - 0_
          - suffixed key columns - {idusuari1_5_0_}

18:54:03.718 [main] DEBUG o.h.loader.entity.plan.EntityLoader - Static select for entity com.fabiocompany.supermercadosdeltaplus.model.Usuario [PESSIMISTIC_READ]: select usuario0_.idusuario as idusuari1_5_0_, usuario0_.contraseniausuario as contrase2_5_0_, usuario0_.nombreusuario as nombreus3_5_0_, usuario0_.idpersonausuario as idperson5_5_0_, usuario0_.tipodeusuario as tipodeus4_5_0_ from usuario usuario0_ where usuario0_.idusuario=? lock in share mode
18:54:03.720 [main] DEBUG o.h.l.p.b.i.spaces.QuerySpacesImpl - Adding QuerySpace : uid = <gen:0> -> org.hibernate.loader.plan.build.internal.spaces.EntityQuerySpaceImpl@4f186450]
18:54:03.721 [main] DEBUG o.h.p.w.spi.MetamodelGraphWalker - Visiting attribute path : cabeceratickets
18:54:03.722 [main] DEBUG o.h.p.w.spi.MetamodelGraphWalker - Visiting attribute path : contraseniausuario
18:54:03.723 [main] DEBUG o.h.p.w.spi.MetamodelGraphWalker - Visiting attribute path : nombreusuario
18:54:03.724 [main] DEBUG o.h.p.w.spi.MetamodelGraphWalker - Visiting attribute path : personausuario
18:54:03.725 [main] DEBUG o.h.l.p.b.i.spaces.QuerySpacesImpl - Adding QuerySpace : uid = <gen:1> -> org.hibernate.loader.plan.build.internal.spaces.EntityQuerySpaceImpl@a64e035]
18:54:03.727 [main] DEBUG o.h.p.w.spi.MetamodelGraphWalker - Visiting attribute path : tipodeusuario
18:54:03.728 [main] DEBUG o.h.l.p.b.i.FetchStyleLoadPlanBuildingAssociationVisitationStrategy - Building LoadPlan...
18:54:03.730 [main] DEBUG o.h.l.p.e.i.LoadQueryJoinAndFetchProcessor - processing queryspace <gen:0>
18:54:03.735 [main] DEBUG o.h.l.p.b.spi.LoadPlanTreePrinter - LoadPlan(entity=com.fabiocompany.supermercadosdeltaplus.model.Usuario)
    - Returns
       - EntityReturnImpl(entity=com.fabiocompany.supermercadosdeltaplus.model.Usuario, querySpaceUid=<gen:0>, path=com.fabiocompany.supermercadosdeltaplus.model.Usuario)
          - EntityAttributeFetchImpl(entity=com.fabiocompany.supermercadosdeltaplus.model.Personausuario, querySpaceUid=<gen:1>, path=com.fabiocompany.supermercadosdeltaplus.model.Usuario.personausuario)
    - QuerySpaces
       - EntityQuerySpaceImpl(uid=<gen:0>, entity=com.fabiocompany.supermercadosdeltaplus.model.Usuario)
          - SQL table alias mapping - usuario0_
          - alias suffix - 0_
          - suffixed key columns - {idusuari1_5_0_}

18:54:03.737 [main] DEBUG o.h.loader.entity.plan.EntityLoader - Static select for entity com.fabiocompany.supermercadosdeltaplus.model.Usuario [PESSIMISTIC_WRITE]: select usuario0_.idusuario as idusuari1_5_0_, usuario0_.contraseniausuario as contrase2_5_0_, usuario0_.nombreusuario as nombreus3_5_0_, usuario0_.idpersonausuario as idperson5_5_0_, usuario0_.tipodeusuario as tipodeus4_5_0_ from usuario usuario0_ where usuario0_.idusuario=? for update
18:54:03.739 [main] DEBUG o.h.l.p.b.i.spaces.QuerySpacesImpl - Adding QuerySpace : uid = <gen:0> -> org.hibernate.loader.plan.build.internal.spaces.EntityQuerySpaceImpl@4d74c3ba]
18:54:03.740 [main] DEBUG o.h.p.w.spi.MetamodelGraphWalker - Visiting attribute path : cabeceratickets
18:54:03.741 [main] DEBUG o.h.p.w.spi.MetamodelGraphWalker - Visiting attribute path : contraseniausuario
18:54:03.742 [main] DEBUG o.h.p.w.spi.MetamodelGraphWalker - Visiting attribute path : nombreusuario
18:54:03.743 [main] DEBUG o.h.p.w.spi.MetamodelGraphWalker - Visiting attribute path : personausuario
18:54:03.745 [main] DEBUG o.h.l.p.b.i.spaces.QuerySpacesImpl - Adding QuerySpace : uid = <gen:1> -> org.hibernate.loader.plan.build.internal.spaces.EntityQuerySpaceImpl@64138b0c]
18:54:03.746 [main] DEBUG o.h.p.w.spi.MetamodelGraphWalker - Visiting attribute path : tipodeusuario
18:54:03.747 [main] DEBUG o.h.l.p.b.i.FetchStyleLoadPlanBuildingAssociationVisitationStrategy - Building LoadPlan...
18:54:03.749 [main] DEBUG o.h.l.p.e.i.LoadQueryJoinAndFetchProcessor - processing queryspace <gen:0>
18:54:03.754 [main] DEBUG o.h.l.p.b.spi.LoadPlanTreePrinter - LoadPlan(entity=com.fabiocompany.supermercadosdeltaplus.model.Usuario)
    - Returns
       - EntityReturnImpl(entity=com.fabiocompany.supermercadosdeltaplus.model.Usuario, querySpaceUid=<gen:0>, path=com.fabiocompany.supermercadosdeltaplus.model.Usuario)
          - EntityAttributeFetchImpl(entity=com.fabiocompany.supermercadosdeltaplus.model.Personausuario, querySpaceUid=<gen:1>, path=com.fabiocompany.supermercadosdeltaplus.model.Usuario.personausuario)
    - QuerySpaces
       - EntityQuerySpaceImpl(uid=<gen:0>, entity=com.fabiocompany.supermercadosdeltaplus.model.Usuario)
          - SQL table alias mapping - usuario0_
          - alias suffix - 0_
          - suffixed key columns - {idusuari1_5_0_}

18:54:03.756 [main] DEBUG o.h.loader.entity.plan.EntityLoader - Static select for entity com.fabiocompany.supermercadosdeltaplus.model.Usuario [PESSIMISTIC_FORCE_INCREMENT]: select usuario0_.idusuario as idusuari1_5_0_, usuario0_.contraseniausuario as contrase2_5_0_, usuario0_.nombreusuario as nombreus3_5_0_, usuario0_.idpersonausuario as idperson5_5_0_, usuario0_.tipodeusuario as tipodeus4_5_0_ from usuario usuario0_ where usuario0_.idusuario=? for update
18:54:03.757 [main] DEBUG o.h.l.p.b.i.spaces.QuerySpacesImpl - Adding QuerySpace : uid = <gen:0> -> org.hibernate.loader.plan.build.internal.spaces.EntityQuerySpaceImpl@49dbaaf3]
18:54:03.758 [main] DEBUG o.h.p.w.spi.MetamodelGraphWalker - Visiting attribute path : cabeceratickets
18:54:03.759 [main] DEBUG o.h.p.w.spi.MetamodelGraphWalker - Visiting attribute path : contraseniausuario
18:54:03.759 [main] DEBUG o.h.p.w.spi.MetamodelGraphWalker - Visiting attribute path : nombreusuario
18:54:03.760 [main] DEBUG o.h.p.w.spi.MetamodelGraphWalker - Visiting attribute path : personausuario
18:54:03.761 [main] DEBUG o.h.l.p.b.i.spaces.QuerySpacesImpl - Adding QuerySpace : uid = <gen:1> -> org.hibernate.loader.plan.build.internal.spaces.EntityQuerySpaceImpl@736f3e9e]
18:54:03.761 [main] DEBUG o.h.p.w.spi.MetamodelGraphWalker - Visiting attribute path : tipodeusuario
18:54:03.762 [main] DEBUG o.h.l.p.b.i.FetchStyleLoadPlanBuildingAssociationVisitationStrategy - Building LoadPlan...
18:54:03.763 [main] DEBUG o.h.l.p.e.i.LoadQueryJoinAndFetchProcessor - processing queryspace <gen:0>
18:54:03.766 [main] DEBUG o.h.l.p.b.spi.LoadPlanTreePrinter - LoadPlan(entity=com.fabiocompany.supermercadosdeltaplus.model.Usuario)
    - Returns
       - EntityReturnImpl(entity=com.fabiocompany.supermercadosdeltaplus.model.Usuario, querySpaceUid=<gen:0>, path=com.fabiocompany.supermercadosdeltaplus.model.Usuario)
          - EntityAttributeFetchImpl(entity=com.fabiocompany.supermercadosdeltaplus.model.Personausuario, querySpaceUid=<gen:1>, path=com.fabiocompany.supermercadosdeltaplus.model.Usuario.personausuario)
    - QuerySpaces
       - EntityQuerySpaceImpl(uid=<gen:0>, entity=com.fabiocompany.supermercadosdeltaplus.model.Usuario)
          - SQL table alias mapping - usuario0_
          - alias suffix - 0_
          - suffixed key columns - {idusuari1_5_0_}

18:54:03.768 [main] DEBUG o.h.loader.entity.plan.EntityLoader - Static select for entity com.fabiocompany.supermercadosdeltaplus.model.Usuario [OPTIMISTIC]: select usuario0_.idusuario as idusuari1_5_0_, usuario0_.contraseniausuario as contrase2_5_0_, usuario0_.nombreusuario as nombreus3_5_0_, usuario0_.idpersonausuario as idperson5_5_0_, usuario0_.tipodeusuario as tipodeus4_5_0_ from usuario usuario0_ where usuario0_.idusuario=?
18:54:03.769 [main] DEBUG o.h.l.p.b.i.spaces.QuerySpacesImpl - Adding QuerySpace : uid = <gen:0> -> org.hibernate.loader.plan.build.internal.spaces.EntityQuerySpaceImpl@bdc8014]
18:54:03.770 [main] DEBUG o.h.p.w.spi.MetamodelGraphWalker - Visiting attribute path : cabeceratickets
18:54:03.771 [main] DEBUG o.h.p.w.spi.MetamodelGraphWalker - Visiting attribute path : contraseniausuario
18:54:03.771 [main] DEBUG o.h.p.w.spi.MetamodelGraphWalker - Visiting attribute path : nombreusuario
18:54:03.771 [main] DEBUG o.h.p.w.spi.MetamodelGraphWalker - Visiting attribute path : personausuario
18:54:03.772 [main] DEBUG o.h.l.p.b.i.spaces.QuerySpacesImpl - Adding QuerySpace : uid = <gen:1> -> org.hibernate.loader.plan.build.internal.spaces.EntityQuerySpaceImpl@73ba6fe6]
18:54:03.773 [main] DEBUG o.h.p.w.spi.MetamodelGraphWalker - Visiting attribute path : tipodeusuario
18:54:03.774 [main] DEBUG o.h.l.p.b.i.FetchStyleLoadPlanBuildingAssociationVisitationStrategy - Building LoadPlan...
18:54:03.775 [main] DEBUG o.h.l.p.e.i.LoadQueryJoinAndFetchProcessor - processing queryspace <gen:0>
18:54:03.778 [main] DEBUG o.h.l.p.b.spi.LoadPlanTreePrinter - LoadPlan(entity=com.fabiocompany.supermercadosdeltaplus.model.Usuario)
    - Returns
       - EntityReturnImpl(entity=com.fabiocompany.supermercadosdeltaplus.model.Usuario, querySpaceUid=<gen:0>, path=com.fabiocompany.supermercadosdeltaplus.model.Usuario)
          - EntityAttributeFetchImpl(entity=com.fabiocompany.supermercadosdeltaplus.model.Personausuario, querySpaceUid=<gen:1>, path=com.fabiocompany.supermercadosdeltaplus.model.Usuario.personausuario)
    - QuerySpaces
       - EntityQuerySpaceImpl(uid=<gen:0>, entity=com.fabiocompany.supermercadosdeltaplus.model.Usuario)
          - SQL table alias mapping - usuario0_
          - alias suffix - 0_
          - suffixed key columns - {idusuari1_5_0_}

18:54:03.780 [main] DEBUG o.h.loader.entity.plan.EntityLoader - Static select for entity com.fabiocompany.supermercadosdeltaplus.model.Usuario [OPTIMISTIC_FORCE_INCREMENT]: select usuario0_.idusuario as idusuari1_5_0_, usuario0_.contraseniausuario as contrase2_5_0_, usuario0_.nombreusuario as nombreus3_5_0_, usuario0_.idpersonausuario as idperson5_5_0_, usuario0_.tipodeusuario as tipodeus4_5_0_ from usuario usuario0_ where usuario0_.idusuario=?
18:54:03.784 [main] DEBUG org.hibernate.loader.Loader - Static select for action ACTION_MERGE on entity com.fabiocompany.supermercadosdeltaplus.model.Usuario: select usuario0_.idusuario as idusuari1_5_2_, usuario0_.contraseniausuario as contrase2_5_2_, usuario0_.nombreusuario as nombreus3_5_2_, usuario0_.idpersonausuario as idperson5_5_2_, usuario0_.tipodeusuario as tipodeus4_5_2_, cabecerati1_.idusuario as idusuari3_5_4_, cabecerati1_.idticket as idticket1_0_4_, cabecerati1_.idticket as idticket1_0_0_, cabecerati1_.fecha as fecha2_0_0_, cabecerati1_.idusuario as idusuari3_0_0_, personausu2_.idpersonausuario as idperson1_2_1_, personausu2_.correo as correo2_2_1_, personausu2_.dnipersonausuario as dniperso3_2_1_, personausu2_.nombrepersonausuario as nombrepe4_2_1_, personausu2_.numerodetelefono as numerode5_2_1_ from usuario usuario0_ left outer join cabeceraticket cabecerati1_ on usuario0_.idusuario=cabecerati1_.idusuario left outer join personausuario personausu2_ on usuario0_.idpersonausuario=personausu2_.idpersonausuario where usuario0_.idusuario=?
18:54:03.789 [main] DEBUG org.hibernate.loader.Loader - Static select for action ACTION_REFRESH on entity com.fabiocompany.supermercadosdeltaplus.model.Usuario: select usuario0_.idusuario as idusuari1_5_2_, usuario0_.contraseniausuario as contrase2_5_2_, usuario0_.nombreusuario as nombreus3_5_2_, usuario0_.idpersonausuario as idperson5_5_2_, usuario0_.tipodeusuario as tipodeus4_5_2_, cabecerati1_.idusuario as idusuari3_5_4_, cabecerati1_.idticket as idticket1_0_4_, cabecerati1_.idticket as idticket1_0_0_, cabecerati1_.fecha as fecha2_0_0_, cabecerati1_.idusuario as idusuari3_0_0_, personausu2_.idpersonausuario as idperson1_2_1_, personausu2_.correo as correo2_2_1_, personausu2_.dnipersonausuario as dniperso3_2_1_, personausu2_.nombrepersonausuario as nombrepe4_2_1_, personausu2_.numerodetelefono as numerode5_2_1_ from usuario usuario0_ left outer join cabeceraticket cabecerati1_ on usuario0_.idusuario=cabecerati1_.idusuario left outer join personausuario personausu2_ on usuario0_.idpersonausuario=personausu2_.idpersonausuario where usuario0_.idusuario=?
18:54:03.793 [main] DEBUG o.h.p.entity.AbstractEntityPersister - Static SQL for entity: com.fabiocompany.supermercadosdeltaplus.model.Detalleticket
18:54:03.793 [main] DEBUG o.h.p.entity.AbstractEntityPersister -  Version select: select iddetalleticket from detalleticket where iddetalleticket =?
18:54:03.794 [main] DEBUG o.h.p.entity.AbstractEntityPersister -  Snapshot select: select detalletic_.iddetalleticket, detalletic_.idticket as idticket3_1_, detalletic_.cantidad as cantidad2_1_ from detalleticket detalletic_ where detalletic_.iddetalleticket=?
18:54:03.795 [main] DEBUG o.h.p.entity.AbstractEntityPersister -  Insert 0: insert into detalleticket (idticket, cantidad, iddetalleticket) values (?, ?, ?)
18:54:03.796 [main] DEBUG o.h.p.entity.AbstractEntityPersister -  Update 0: update detalleticket set idticket=?, cantidad=? where iddetalleticket=?
18:54:03.797 [main] DEBUG o.h.p.entity.AbstractEntityPersister -  Delete 0: delete from detalleticket where iddetalleticket=?
18:54:03.798 [main] DEBUG o.h.p.entity.AbstractEntityPersister -  Identity insert: insert into detalleticket (idticket, cantidad) values (?, ?)
18:54:03.799 [main] DEBUG o.h.l.p.b.i.spaces.QuerySpacesImpl - Adding QuerySpace : uid = <gen:0> -> org.hibernate.loader.plan.build.internal.spaces.EntityQuerySpaceImpl@79ab34c1]
18:54:03.800 [main] DEBUG o.h.p.w.spi.MetamodelGraphWalker - Visiting attribute path : cabeceraticket
18:54:03.801 [main] DEBUG o.h.l.p.b.i.spaces.QuerySpacesImpl - Adding QuerySpace : uid = <gen:1> -> org.hibernate.loader.plan.build.internal.spaces.EntityQuerySpaceImpl@281f23f2]
18:54:03.802 [main] DEBUG o.h.p.w.spi.MetamodelGraphWalker - Visiting attribute path : cabeceraticket.detalletickets
18:54:03.802 [main] DEBUG o.h.p.w.spi.MetamodelGraphWalker - Property path deemed to be circular : cabeceraticket.detalletickets
18:54:03.803 [main] DEBUG o.h.p.w.spi.MetamodelGraphWalker - Visiting attribute path : cabeceraticket.fecha
18:54:03.803 [main] DEBUG o.h.p.w.spi.MetamodelGraphWalker - Visiting attribute path : cabeceraticket.usuario
18:54:03.804 [main] DEBUG o.h.l.p.b.i.spaces.QuerySpacesImpl - Adding QuerySpace : uid = <gen:2> -> org.hibernate.loader.plan.build.internal.spaces.EntityQuerySpaceImpl@28d79cba]
18:54:03.805 [main] DEBUG o.h.p.w.spi.MetamodelGraphWalker - Visiting attribute path : cabeceraticket.usuario.cabeceratickets
18:54:03.806 [main] DEBUG o.h.p.w.spi.MetamodelGraphWalker - Property path deemed to be circular : cabeceraticket.usuario.cabeceratickets
18:54:03.807 [main] DEBUG o.h.p.w.spi.MetamodelGraphWalker - Visiting attribute path : cabeceraticket.usuario.contraseniausuario
18:54:03.807 [main] DEBUG o.h.p.w.spi.MetamodelGraphWalker - Visiting attribute path : cabeceraticket.usuario.nombreusuario
18:54:03.807 [main] DEBUG o.h.p.w.spi.MetamodelGraphWalker - Visiting attribute path : cabeceraticket.usuario.personausuario
18:54:03.808 [main] DEBUG o.h.l.p.b.i.spaces.QuerySpacesImpl - Adding QuerySpace : uid = <gen:3> -> org.hibernate.loader.plan.build.internal.spaces.EntityQuerySpaceImpl@29f0c4f2]
18:54:03.809 [main] DEBUG o.h.p.w.spi.MetamodelGraphWalker - Visiting attribute path : cabeceraticket.usuario.tipodeusuario
18:54:03.810 [main] DEBUG o.h.p.w.spi.MetamodelGraphWalker - Visiting attribute path : cantidad
18:54:03.810 [main] DEBUG o.h.p.w.spi.MetamodelGraphWalker - Visiting attribute path : productos
18:54:03.811 [main] DEBUG o.h.l.p.b.i.FetchStyleLoadPlanBuildingAssociationVisitationStrategy - Building LoadPlan...
18:54:03.812 [main] DEBUG o.h.l.p.e.i.LoadQueryJoinAndFetchProcessor - processing queryspace <gen:0>
18:54:03.820 [main] DEBUG o.h.l.p.b.spi.LoadPlanTreePrinter - LoadPlan(entity=com.fabiocompany.supermercadosdeltaplus.model.Detalleticket)
    - Returns
       - EntityReturnImpl(entity=com.fabiocompany.supermercadosdeltaplus.model.Detalleticket, querySpaceUid=<gen:0>, path=com.fabiocompany.supermercadosdeltaplus.model.Detalleticket)
          - EntityAttributeFetchImpl(entity=com.fabiocompany.supermercadosdeltaplus.model.Cabeceraticket, querySpaceUid=<gen:1>, path=com.fabiocompany.supermercadosdeltaplus.model.Detalleticket.cabeceraticket)
             - EntityAttributeFetchImpl(entity=com.fabiocompany.supermercadosdeltaplus.model.Usuario, querySpaceUid=<gen:2>, path=com.fabiocompany.supermercadosdeltaplus.model.Detalleticket.cabeceraticket.usuario)
                - EntityAttributeFetchImpl(entity=com.fabiocompany.supermercadosdeltaplus.model.Personausuario, querySpaceUid=<gen:3>, path=com.fabiocompany.supermercadosdeltaplus.model.Detalleticket.cabeceraticket.usuario.personausuario)
    - QuerySpaces
       - EntityQuerySpaceImpl(uid=<gen:0>, entity=com.fabiocompany.supermercadosdeltaplus.model.Detalleticket)
          - SQL table alias mapping - detalletic0_
          - alias suffix - 0_
          - suffixed key columns - {iddetall1_1_0_}
          - JOIN (JoinDefinedByMetadata(cabeceraticket)) : <gen:0> -> <gen:1>
             - EntityQuerySpaceImpl(uid=<gen:1>, entity=com.fabiocompany.supermercadosdeltaplus.model.Cabeceraticket)
                - SQL table alias mapping - cabecerati1_
                - alias suffix - 1_
                - suffixed key columns - {idticket1_0_1_}
                - JOIN (JoinDefinedByMetadata(usuario)) : <gen:1> -> <gen:2>
                   - EntityQuerySpaceImpl(uid=<gen:2>, entity=com.fabiocompany.supermercadosdeltaplus.model.Usuario)
                      - SQL table alias mapping - usuario2_
                      - alias suffix - 2_
                      - suffixed key columns - {idusuari1_5_2_}

18:54:03.822 [main] DEBUG o.h.loader.entity.plan.EntityLoader - Static select for entity com.fabiocompany.supermercadosdeltaplus.model.Detalleticket [NONE]: select detalletic0_.iddetalleticket as iddetall1_1_0_, detalletic0_.idticket as idticket3_1_0_, detalletic0_.cantidad as cantidad2_1_0_, cabecerati1_.idticket as idticket1_0_1_, cabecerati1_.fecha as fecha2_0_1_, cabecerati1_.idusuario as idusuari3_0_1_, usuario2_.idusuario as idusuari1_5_2_, usuario2_.contraseniausuario as contrase2_5_2_, usuario2_.nombreusuario as nombreus3_5_2_, usuario2_.idpersonausuario as idperson5_5_2_, usuario2_.tipodeusuario as tipodeus4_5_2_ from detalleticket detalletic0_ left outer join cabeceraticket cabecerati1_ on detalletic0_.idticket=cabecerati1_.idticket left outer join usuario usuario2_ on cabecerati1_.idusuario=usuario2_.idusuario where detalletic0_.iddetalleticket=?
18:54:03.823 [main] DEBUG o.h.l.p.b.i.spaces.QuerySpacesImpl - Adding QuerySpace : uid = <gen:0> -> org.hibernate.loader.plan.build.internal.spaces.EntityQuerySpaceImpl@7435a578]
18:54:03.824 [main] DEBUG o.h.p.w.spi.MetamodelGraphWalker - Visiting attribute path : cabeceraticket
18:54:03.825 [main] DEBUG o.h.l.p.b.i.spaces.QuerySpacesImpl - Adding QuerySpace : uid = <gen:1> -> org.hibernate.loader.plan.build.internal.spaces.EntityQuerySpaceImpl@13047d7d]
18:54:03.826 [main] DEBUG o.h.p.w.spi.MetamodelGraphWalker - Visiting attribute path : cabeceraticket.detalletickets
18:54:03.827 [main] DEBUG o.h.p.w.spi.MetamodelGraphWalker - Property path deemed to be circular : cabeceraticket.detalletickets
18:54:03.827 [main] DEBUG o.h.p.w.spi.MetamodelGraphWalker - Visiting attribute path : cabeceraticket.fecha
18:54:03.827 [main] DEBUG o.h.p.w.spi.MetamodelGraphWalker - Visiting attribute path : cabeceraticket.usuario
18:54:03.828 [main] DEBUG o.h.l.p.b.i.spaces.QuerySpacesImpl - Adding QuerySpace : uid = <gen:2> -> org.hibernate.loader.plan.build.internal.spaces.EntityQuerySpaceImpl@65bb9029]
18:54:03.829 [main] DEBUG o.h.p.w.spi.MetamodelGraphWalker - Visiting attribute path : cabeceraticket.usuario.cabeceratickets
18:54:03.830 [main] DEBUG o.h.p.w.spi.MetamodelGraphWalker - Property path deemed to be circular : cabeceraticket.usuario.cabeceratickets
18:54:03.830 [main] DEBUG o.h.p.w.spi.MetamodelGraphWalker - Visiting attribute path : cabeceraticket.usuario.contraseniausuario
18:54:03.830 [main] DEBUG o.h.p.w.spi.MetamodelGraphWalker - Visiting attribute path : cabeceraticket.usuario.nombreusuario
18:54:03.831 [main] DEBUG o.h.p.w.spi.MetamodelGraphWalker - Visiting attribute path : cabeceraticket.usuario.personausuario
18:54:03.832 [main] DEBUG o.h.l.p.b.i.spaces.QuerySpacesImpl - Adding QuerySpace : uid = <gen:3> -> org.hibernate.loader.plan.build.internal.spaces.EntityQuerySpaceImpl@2b214b94]
18:54:03.832 [main] DEBUG o.h.p.w.spi.MetamodelGraphWalker - Visiting attribute path : cabeceraticket.usuario.tipodeusuario
18:54:03.833 [main] DEBUG o.h.p.w.spi.MetamodelGraphWalker - Visiting attribute path : cantidad
18:54:03.834 [main] DEBUG o.h.p.w.spi.MetamodelGraphWalker - Visiting attribute path : productos
18:54:03.834 [main] DEBUG o.h.l.p.b.i.FetchStyleLoadPlanBuildingAssociationVisitationStrategy - Building LoadPlan...
18:54:03.835 [main] DEBUG o.h.l.p.e.i.LoadQueryJoinAndFetchProcessor - processing queryspace <gen:0>
18:54:03.843 [main] DEBUG o.h.l.p.b.spi.LoadPlanTreePrinter - LoadPlan(entity=com.fabiocompany.supermercadosdeltaplus.model.Detalleticket)
    - Returns
       - EntityReturnImpl(entity=com.fabiocompany.supermercadosdeltaplus.model.Detalleticket, querySpaceUid=<gen:0>, path=com.fabiocompany.supermercadosdeltaplus.model.Detalleticket)
          - EntityAttributeFetchImpl(entity=com.fabiocompany.supermercadosdeltaplus.model.Cabeceraticket, querySpaceUid=<gen:1>, path=com.fabiocompany.supermercadosdeltaplus.model.Detalleticket.cabeceraticket)
             - EntityAttributeFetchImpl(entity=com.fabiocompany.supermercadosdeltaplus.model.Usuario, querySpaceUid=<gen:2>, path=com.fabiocompany.supermercadosdeltaplus.model.Detalleticket.cabeceraticket.usuario)
                - EntityAttributeFetchImpl(entity=com.fabiocompany.supermercadosdeltaplus.model.Personausuario, querySpaceUid=<gen:3>, path=com.fabiocompany.supermercadosdeltaplus.model.Detalleticket.cabeceraticket.usuario.personausuario)
    - QuerySpaces
       - EntityQuerySpaceImpl(uid=<gen:0>, entity=com.fabiocompany.supermercadosdeltaplus.model.Detalleticket)
          - SQL table alias mapping - detalletic0_
          - alias suffix - 0_
          - suffixed key columns - {iddetall1_1_0_}
          - JOIN (JoinDefinedByMetadata(cabeceraticket)) : <gen:0> -> <gen:1>
             - EntityQuerySpaceImpl(uid=<gen:1>, entity=com.fabiocompany.supermercadosdeltaplus.model.Cabeceraticket)
                - SQL table alias mapping - cabecerati1_
                - alias suffix - 1_
                - suffixed key columns - {idticket1_0_1_}
                - JOIN (JoinDefinedByMetadata(usuario)) : <gen:1> -> <gen:2>
                   - EntityQuerySpaceImpl(uid=<gen:2>, entity=com.fabiocompany.supermercadosdeltaplus.model.Usuario)
                      - SQL table alias mapping - usuario2_
                      - alias suffix - 2_
                      - suffixed key columns - {idusuari1_5_2_}

18:54:03.845 [main] DEBUG o.h.loader.entity.plan.EntityLoader - Static select for entity com.fabiocompany.supermercadosdeltaplus.model.Detalleticket [READ]: select detalletic0_.iddetalleticket as iddetall1_1_0_, detalletic0_.idticket as idticket3_1_0_, detalletic0_.cantidad as cantidad2_1_0_, cabecerati1_.idticket as idticket1_0_1_, cabecerati1_.fecha as fecha2_0_1_, cabecerati1_.idusuario as idusuari3_0_1_, usuario2_.idusuario as idusuari1_5_2_, usuario2_.contraseniausuario as contrase2_5_2_, usuario2_.nombreusuario as nombreus3_5_2_, usuario2_.idpersonausuario as idperson5_5_2_, usuario2_.tipodeusuario as tipodeus4_5_2_ from detalleticket detalletic0_ left outer join cabeceraticket cabecerati1_ on detalletic0_.idticket=cabecerati1_.idticket left outer join usuario usuario2_ on cabecerati1_.idusuario=usuario2_.idusuario where detalletic0_.iddetalleticket=?
18:54:03.847 [main] DEBUG o.h.l.p.b.i.spaces.QuerySpacesImpl - Adding QuerySpace : uid = <gen:0> -> org.hibernate.loader.plan.build.internal.spaces.EntityQuerySpaceImpl@70e3f36f]
18:54:03.847 [main] DEBUG o.h.p.w.spi.MetamodelGraphWalker - Visiting attribute path : cabeceraticket
18:54:03.848 [main] DEBUG o.h.l.p.b.i.spaces.QuerySpacesImpl - Adding QuerySpace : uid = <gen:1> -> org.hibernate.loader.plan.build.internal.spaces.EntityQuerySpaceImpl@23e44287]
18:54:03.849 [main] DEBUG o.h.p.w.spi.MetamodelGraphWalker - Visiting attribute path : cantidad
18:54:03.849 [main] DEBUG o.h.p.w.spi.MetamodelGraphWalker - Visiting attribute path : productos
18:54:03.850 [main] DEBUG o.h.l.p.b.i.FetchStyleLoadPlanBuildingAssociationVisitationStrategy - Building LoadPlan...
18:54:03.851 [main] DEBUG o.h.l.p.e.i.LoadQueryJoinAndFetchProcessor - processing queryspace <gen:0>
18:54:03.854 [main] DEBUG o.h.l.p.b.spi.LoadPlanTreePrinter - LoadPlan(entity=com.fabiocompany.supermercadosdeltaplus.model.Detalleticket)
    - Returns
       - EntityReturnImpl(entity=com.fabiocompany.supermercadosdeltaplus.model.Detalleticket, querySpaceUid=<gen:0>, path=com.fabiocompany.supermercadosdeltaplus.model.Detalleticket)
          - EntityAttributeFetchImpl(entity=com.fabiocompany.supermercadosdeltaplus.model.Cabeceraticket, querySpaceUid=<gen:1>, path=com.fabiocompany.supermercadosdeltaplus.model.Detalleticket.cabeceraticket)
    - QuerySpaces
       - EntityQuerySpaceImpl(uid=<gen:0>, entity=com.fabiocompany.supermercadosdeltaplus.model.Detalleticket)
          - SQL table alias mapping - detalletic0_
          - alias suffix - 0_
          - suffixed key columns - {iddetall1_1_0_}

18:54:03.855 [main] DEBUG o.h.loader.entity.plan.EntityLoader - Static select for entity com.fabiocompany.supermercadosdeltaplus.model.Detalleticket [UPGRADE]: select detalletic0_.iddetalleticket as iddetall1_1_0_, detalletic0_.idticket as idticket3_1_0_, detalletic0_.cantidad as cantidad2_1_0_ from detalleticket detalletic0_ where detalletic0_.iddetalleticket=? for update
18:54:03.857 [main] DEBUG o.h.l.p.b.i.spaces.QuerySpacesImpl - Adding QuerySpace : uid = <gen:0> -> org.hibernate.loader.plan.build.internal.spaces.EntityQuerySpaceImpl@2b8d084]
18:54:03.858 [main] DEBUG o.h.p.w.spi.MetamodelGraphWalker - Visiting attribute path : cabeceraticket
18:54:03.859 [main] DEBUG o.h.l.p.b.i.spaces.QuerySpacesImpl - Adding QuerySpace : uid = <gen:1> -> org.hibernate.loader.plan.build.internal.spaces.EntityQuerySpaceImpl@24fabd0f]
18:54:03.860 [main] DEBUG o.h.p.w.spi.MetamodelGraphWalker - Visiting attribute path : cantidad
18:54:03.860 [main] DEBUG o.h.p.w.spi.MetamodelGraphWalker - Visiting attribute path : productos
18:54:03.861 [main] DEBUG o.h.l.p.b.i.FetchStyleLoadPlanBuildingAssociationVisitationStrategy - Building LoadPlan...
18:54:03.862 [main] DEBUG o.h.l.p.e.i.LoadQueryJoinAndFetchProcessor - processing queryspace <gen:0>
18:54:03.865 [main] DEBUG o.h.l.p.b.spi.LoadPlanTreePrinter - LoadPlan(entity=com.fabiocompany.supermercadosdeltaplus.model.Detalleticket)
    - Returns
       - EntityReturnImpl(entity=com.fabiocompany.supermercadosdeltaplus.model.Detalleticket, querySpaceUid=<gen:0>, path=com.fabiocompany.supermercadosdeltaplus.model.Detalleticket)
          - EntityAttributeFetchImpl(entity=com.fabiocompany.supermercadosdeltaplus.model.Cabeceraticket, querySpaceUid=<gen:1>, path=com.fabiocompany.supermercadosdeltaplus.model.Detalleticket.cabeceraticket)
    - QuerySpaces
       - EntityQuerySpaceImpl(uid=<gen:0>, entity=com.fabiocompany.supermercadosdeltaplus.model.Detalleticket)
          - SQL table alias mapping - detalletic0_
          - alias suffix - 0_
          - suffixed key columns - {iddetall1_1_0_}

18:54:03.866 [main] DEBUG o.h.loader.entity.plan.EntityLoader - Static select for entity com.fabiocompany.supermercadosdeltaplus.model.Detalleticket [UPGRADE_NOWAIT]: select detalletic0_.iddetalleticket as iddetall1_1_0_, detalletic0_.idticket as idticket3_1_0_, detalletic0_.cantidad as cantidad2_1_0_ from detalleticket detalletic0_ where detalletic0_.iddetalleticket=? for update
18:54:03.867 [main] DEBUG o.h.l.p.b.i.spaces.QuerySpacesImpl - Adding QuerySpace : uid = <gen:0> -> org.hibernate.loader.plan.build.internal.spaces.EntityQuerySpaceImpl@250b236d]
18:54:03.868 [main] DEBUG o.h.p.w.spi.MetamodelGraphWalker - Visiting attribute path : cabeceraticket
18:54:03.869 [main] DEBUG o.h.l.p.b.i.spaces.QuerySpacesImpl - Adding QuerySpace : uid = <gen:1> -> org.hibernate.loader.plan.build.internal.spaces.EntityQuerySpaceImpl@7551da2a]
18:54:03.870 [main] DEBUG o.h.p.w.spi.MetamodelGraphWalker - Visiting attribute path : cantidad
18:54:03.870 [main] DEBUG o.h.p.w.spi.MetamodelGraphWalker - Visiting attribute path : productos
18:54:03.871 [main] DEBUG o.h.l.p.b.i.FetchStyleLoadPlanBuildingAssociationVisitationStrategy - Building LoadPlan...
18:54:03.872 [main] DEBUG o.h.l.p.e.i.LoadQueryJoinAndFetchProcessor - processing queryspace <gen:0>
18:54:03.875 [main] DEBUG o.h.l.p.b.spi.LoadPlanTreePrinter - LoadPlan(entity=com.fabiocompany.supermercadosdeltaplus.model.Detalleticket)
    - Returns
       - EntityReturnImpl(entity=com.fabiocompany.supermercadosdeltaplus.model.Detalleticket, querySpaceUid=<gen:0>, path=com.fabiocompany.supermercadosdeltaplus.model.Detalleticket)
          - EntityAttributeFetchImpl(entity=com.fabiocompany.supermercadosdeltaplus.model.Cabeceraticket, querySpaceUid=<gen:1>, path=com.fabiocompany.supermercadosdeltaplus.model.Detalleticket.cabeceraticket)
    - QuerySpaces
       - EntityQuerySpaceImpl(uid=<gen:0>, entity=com.fabiocompany.supermercadosdeltaplus.model.Detalleticket)
          - SQL table alias mapping - detalletic0_
          - alias suffix - 0_
          - suffixed key columns - {iddetall1_1_0_}

18:54:03.876 [main] DEBUG o.h.loader.entity.plan.EntityLoader - Static select for entity com.fabiocompany.supermercadosdeltaplus.model.Detalleticket [UPGRADE_SKIPLOCKED]: select detalletic0_.iddetalleticket as iddetall1_1_0_, detalletic0_.idticket as idticket3_1_0_, detalletic0_.cantidad as cantidad2_1_0_ from detalleticket detalletic0_ where detalletic0_.iddetalleticket=? for update
18:54:03.877 [main] DEBUG o.h.l.p.b.i.spaces.QuerySpacesImpl - Adding QuerySpace : uid = <gen:0> -> org.hibernate.loader.plan.build.internal.spaces.EntityQuerySpaceImpl@432034a]
18:54:03.878 [main] DEBUG o.h.p.w.spi.MetamodelGraphWalker - Visiting attribute path : cabeceraticket
18:54:03.879 [main] DEBUG o.h.l.p.b.i.spaces.QuerySpacesImpl - Adding QuerySpace : uid = <gen:1> -> org.hibernate.loader.plan.build.internal.spaces.EntityQuerySpaceImpl@60e5272]
18:54:03.880 [main] DEBUG o.h.p.w.spi.MetamodelGraphWalker - Visiting attribute path : cantidad
18:54:03.880 [main] DEBUG o.h.p.w.spi.MetamodelGraphWalker - Visiting attribute path : productos
18:54:03.881 [main] DEBUG o.h.l.p.b.i.FetchStyleLoadPlanBuildingAssociationVisitationStrategy - Building LoadPlan...
18:54:03.882 [main] DEBUG o.h.l.p.e.i.LoadQueryJoinAndFetchProcessor - processing queryspace <gen:0>
18:54:03.884 [main] DEBUG o.h.l.p.b.spi.LoadPlanTreePrinter - LoadPlan(entity=com.fabiocompany.supermercadosdeltaplus.model.Detalleticket)
    - Returns
       - EntityReturnImpl(entity=com.fabiocompany.supermercadosdeltaplus.model.Detalleticket, querySpaceUid=<gen:0>, path=com.fabiocompany.supermercadosdeltaplus.model.Detalleticket)
          - EntityAttributeFetchImpl(entity=com.fabiocompany.supermercadosdeltaplus.model.Cabeceraticket, querySpaceUid=<gen:1>, path=com.fabiocompany.supermercadosdeltaplus.model.Detalleticket.cabeceraticket)
    - QuerySpaces
       - EntityQuerySpaceImpl(uid=<gen:0>, entity=com.fabiocompany.supermercadosdeltaplus.model.Detalleticket)
          - SQL table alias mapping - detalletic0_
          - alias suffix - 0_
          - suffixed key columns - {iddetall1_1_0_}

18:54:03.886 [main] DEBUG o.h.loader.entity.plan.EntityLoader - Static select for entity com.fabiocompany.supermercadosdeltaplus.model.Detalleticket [FORCE]: select detalletic0_.iddetalleticket as iddetall1_1_0_, detalletic0_.idticket as idticket3_1_0_, detalletic0_.cantidad as cantidad2_1_0_ from detalleticket detalletic0_ where detalletic0_.iddetalleticket=? for update
18:54:03.887 [main] DEBUG o.h.l.p.b.i.spaces.QuerySpacesImpl - Adding QuerySpace : uid = <gen:0> -> org.hibernate.loader.plan.build.internal.spaces.EntityQuerySpaceImpl@7d755813]
18:54:03.888 [main] DEBUG o.h.p.w.spi.MetamodelGraphWalker - Visiting attribute path : cabeceraticket
18:54:03.889 [main] DEBUG o.h.l.p.b.i.spaces.QuerySpacesImpl - Adding QuerySpace : uid = <gen:1> -> org.hibernate.loader.plan.build.internal.spaces.EntityQuerySpaceImpl@63da207f]
18:54:03.889 [main] DEBUG o.h.p.w.spi.MetamodelGraphWalker - Visiting attribute path : cantidad
18:54:03.890 [main] DEBUG o.h.p.w.spi.MetamodelGraphWalker - Visiting attribute path : productos
18:54:03.890 [main] DEBUG o.h.l.p.b.i.FetchStyleLoadPlanBuildingAssociationVisitationStrategy - Building LoadPlan...
18:54:03.891 [main] DEBUG o.h.l.p.e.i.LoadQueryJoinAndFetchProcessor - processing queryspace <gen:0>
18:54:03.894 [main] DEBUG o.h.l.p.b.spi.LoadPlanTreePrinter - LoadPlan(entity=com.fabiocompany.supermercadosdeltaplus.model.Detalleticket)
    - Returns
       - EntityReturnImpl(entity=com.fabiocompany.supermercadosdeltaplus.model.Detalleticket, querySpaceUid=<gen:0>, path=com.fabiocompany.supermercadosdeltaplus.model.Detalleticket)
          - EntityAttributeFetchImpl(entity=com.fabiocompany.supermercadosdeltaplus.model.Cabeceraticket, querySpaceUid=<gen:1>, path=com.fabiocompany.supermercadosdeltaplus.model.Detalleticket.cabeceraticket)
    - QuerySpaces
       - EntityQuerySpaceImpl(uid=<gen:0>, entity=com.fabiocompany.supermercadosdeltaplus.model.Detalleticket)
          - SQL table alias mapping - detalletic0_
          - alias suffix - 0_
          - suffixed key columns - {iddetall1_1_0_}

18:54:03.895 [main] DEBUG o.h.loader.entity.plan.EntityLoader - Static select for entity com.fabiocompany.supermercadosdeltaplus.model.Detalleticket [PESSIMISTIC_READ]: select detalletic0_.iddetalleticket as iddetall1_1_0_, detalletic0_.idticket as idticket3_1_0_, detalletic0_.cantidad as cantidad2_1_0_ from detalleticket detalletic0_ where detalletic0_.iddetalleticket=? lock in share mode
18:54:03.897 [main] DEBUG o.h.l.p.b.i.spaces.QuerySpacesImpl - Adding QuerySpace : uid = <gen:0> -> org.hibernate.loader.plan.build.internal.spaces.EntityQuerySpaceImpl@173373b4]
18:54:03.897 [main] DEBUG o.h.p.w.spi.MetamodelGraphWalker - Visiting attribute path : cabeceraticket
18:54:03.898 [main] DEBUG o.h.l.p.b.i.spaces.QuerySpacesImpl - Adding QuerySpace : uid = <gen:1> -> org.hibernate.loader.plan.build.internal.spaces.EntityQuerySpaceImpl@60dd3c23]
18:54:03.899 [main] DEBUG o.h.p.w.spi.MetamodelGraphWalker - Visiting attribute path : cantidad
18:54:03.899 [main] DEBUG o.h.p.w.spi.MetamodelGraphWalker - Visiting attribute path : productos
18:54:03.900 [main] DEBUG o.h.l.p.b.i.FetchStyleLoadPlanBuildingAssociationVisitationStrategy - Building LoadPlan...
18:54:03.901 [main] DEBUG o.h.l.p.e.i.LoadQueryJoinAndFetchProcessor - processing queryspace <gen:0>
18:54:03.904 [main] DEBUG o.h.l.p.b.spi.LoadPlanTreePrinter - LoadPlan(entity=com.fabiocompany.supermercadosdeltaplus.model.Detalleticket)
    - Returns
       - EntityReturnImpl(entity=com.fabiocompany.supermercadosdeltaplus.model.Detalleticket, querySpaceUid=<gen:0>, path=com.fabiocompany.supermercadosdeltaplus.model.Detalleticket)
          - EntityAttributeFetchImpl(entity=com.fabiocompany.supermercadosdeltaplus.model.Cabeceraticket, querySpaceUid=<gen:1>, path=com.fabiocompany.supermercadosdeltaplus.model.Detalleticket.cabeceraticket)
    - QuerySpaces
       - EntityQuerySpaceImpl(uid=<gen:0>, entity=com.fabiocompany.supermercadosdeltaplus.model.Detalleticket)
          - SQL table alias mapping - detalletic0_
          - alias suffix - 0_
          - suffixed key columns - {iddetall1_1_0_}

18:54:03.905 [main] DEBUG o.h.loader.entity.plan.EntityLoader - Static select for entity com.fabiocompany.supermercadosdeltaplus.model.Detalleticket [PESSIMISTIC_WRITE]: select detalletic0_.iddetalleticket as iddetall1_1_0_, detalletic0_.idticket as idticket3_1_0_, detalletic0_.cantidad as cantidad2_1_0_ from detalleticket detalletic0_ where detalletic0_.iddetalleticket=? for update
18:54:03.906 [main] DEBUG o.h.l.p.b.i.spaces.QuerySpacesImpl - Adding QuerySpace : uid = <gen:0> -> org.hibernate.loader.plan.build.internal.spaces.EntityQuerySpaceImpl@52b6319f]
18:54:03.907 [main] DEBUG o.h.p.w.spi.MetamodelGraphWalker - Visiting attribute path : cabeceraticket
18:54:03.908 [main] DEBUG o.h.l.p.b.i.spaces.QuerySpacesImpl - Adding QuerySpace : uid = <gen:1> -> org.hibernate.loader.plan.build.internal.spaces.EntityQuerySpaceImpl@16a9a4f1]
18:54:03.909 [main] DEBUG o.h.p.w.spi.MetamodelGraphWalker - Visiting attribute path : cantidad
18:54:03.910 [main] DEBUG o.h.p.w.spi.MetamodelGraphWalker - Visiting attribute path : productos
18:54:03.911 [main] DEBUG o.h.l.p.b.i.FetchStyleLoadPlanBuildingAssociationVisitationStrategy - Building LoadPlan...
18:54:03.912 [main] DEBUG o.h.l.p.e.i.LoadQueryJoinAndFetchProcessor - processing queryspace <gen:0>
18:54:03.915 [main] DEBUG o.h.l.p.b.spi.LoadPlanTreePrinter - LoadPlan(entity=com.fabiocompany.supermercadosdeltaplus.model.Detalleticket)
    - Returns
       - EntityReturnImpl(entity=com.fabiocompany.supermercadosdeltaplus.model.Detalleticket, querySpaceUid=<gen:0>, path=com.fabiocompany.supermercadosdeltaplus.model.Detalleticket)
          - EntityAttributeFetchImpl(entity=com.fabiocompany.supermercadosdeltaplus.model.Cabeceraticket, querySpaceUid=<gen:1>, path=com.fabiocompany.supermercadosdeltaplus.model.Detalleticket.cabeceraticket)
    - QuerySpaces
       - EntityQuerySpaceImpl(uid=<gen:0>, entity=com.fabiocompany.supermercadosdeltaplus.model.Detalleticket)
          - SQL table alias mapping - detalletic0_
          - alias suffix - 0_
          - suffixed key columns - {iddetall1_1_0_}

18:54:03.916 [main] DEBUG o.h.loader.entity.plan.EntityLoader - Static select for entity com.fabiocompany.supermercadosdeltaplus.model.Detalleticket [PESSIMISTIC_FORCE_INCREMENT]: select detalletic0_.iddetalleticket as iddetall1_1_0_, detalletic0_.idticket as idticket3_1_0_, detalletic0_.cantidad as cantidad2_1_0_ from detalleticket detalletic0_ where detalletic0_.iddetalleticket=? for update
18:54:03.917 [main] DEBUG o.h.l.p.b.i.spaces.QuerySpacesImpl - Adding QuerySpace : uid = <gen:0> -> org.hibernate.loader.plan.build.internal.spaces.EntityQuerySpaceImpl@1f1cae23]
18:54:03.918 [main] DEBUG o.h.p.w.spi.MetamodelGraphWalker - Visiting attribute path : cabeceraticket
18:54:03.919 [main] DEBUG o.h.l.p.b.i.spaces.QuerySpacesImpl - Adding QuerySpace : uid = <gen:1> -> org.hibernate.loader.plan.build.internal.spaces.EntityQuerySpaceImpl@985696]
18:54:03.920 [main] DEBUG o.h.p.w.spi.MetamodelGraphWalker - Visiting attribute path : cantidad
18:54:03.920 [main] DEBUG o.h.p.w.spi.MetamodelGraphWalker - Visiting attribute path : productos
18:54:03.921 [main] DEBUG o.h.l.p.b.i.FetchStyleLoadPlanBuildingAssociationVisitationStrategy - Building LoadPlan...
18:54:03.922 [main] DEBUG o.h.l.p.e.i.LoadQueryJoinAndFetchProcessor - processing queryspace <gen:0>
18:54:03.925 [main] DEBUG o.h.l.p.b.spi.LoadPlanTreePrinter - LoadPlan(entity=com.fabiocompany.supermercadosdeltaplus.model.Detalleticket)
    - Returns
       - EntityReturnImpl(entity=com.fabiocompany.supermercadosdeltaplus.model.Detalleticket, querySpaceUid=<gen:0>, path=com.fabiocompany.supermercadosdeltaplus.model.Detalleticket)
          - EntityAttributeFetchImpl(entity=com.fabiocompany.supermercadosdeltaplus.model.Cabeceraticket, querySpaceUid=<gen:1>, path=com.fabiocompany.supermercadosdeltaplus.model.Detalleticket.cabeceraticket)
    - QuerySpaces
       - EntityQuerySpaceImpl(uid=<gen:0>, entity=com.fabiocompany.supermercadosdeltaplus.model.Detalleticket)
          - SQL table alias mapping - detalletic0_
          - alias suffix - 0_
          - suffixed key columns - {iddetall1_1_0_}

18:54:03.926 [main] DEBUG o.h.loader.entity.plan.EntityLoader - Static select for entity com.fabiocompany.supermercadosdeltaplus.model.Detalleticket [OPTIMISTIC]: select detalletic0_.iddetalleticket as iddetall1_1_0_, detalletic0_.idticket as idticket3_1_0_, detalletic0_.cantidad as cantidad2_1_0_ from detalleticket detalletic0_ where detalletic0_.iddetalleticket=?
18:54:03.927 [main] DEBUG o.h.l.p.b.i.spaces.QuerySpacesImpl - Adding QuerySpace : uid = <gen:0> -> org.hibernate.loader.plan.build.internal.spaces.EntityQuerySpaceImpl@5bcde458]
18:54:03.928 [main] DEBUG o.h.p.w.spi.MetamodelGraphWalker - Visiting attribute path : cabeceraticket
18:54:03.929 [main] DEBUG o.h.l.p.b.i.spaces.QuerySpacesImpl - Adding QuerySpace : uid = <gen:1> -> org.hibernate.loader.plan.build.internal.spaces.EntityQuerySpaceImpl@77bd7fe7]
18:54:03.930 [main] DEBUG o.h.p.w.spi.MetamodelGraphWalker - Visiting attribute path : cantidad
18:54:03.930 [main] DEBUG o.h.p.w.spi.MetamodelGraphWalker - Visiting attribute path : productos
18:54:03.931 [main] DEBUG o.h.l.p.b.i.FetchStyleLoadPlanBuildingAssociationVisitationStrategy - Building LoadPlan...
18:54:03.932 [main] DEBUG o.h.l.p.e.i.LoadQueryJoinAndFetchProcessor - processing queryspace <gen:0>
18:54:03.935 [main] DEBUG o.h.l.p.b.spi.LoadPlanTreePrinter - LoadPlan(entity=com.fabiocompany.supermercadosdeltaplus.model.Detalleticket)
    - Returns
       - EntityReturnImpl(entity=com.fabiocompany.supermercadosdeltaplus.model.Detalleticket, querySpaceUid=<gen:0>, path=com.fabiocompany.supermercadosdeltaplus.model.Detalleticket)
          - EntityAttributeFetchImpl(entity=com.fabiocompany.supermercadosdeltaplus.model.Cabeceraticket, querySpaceUid=<gen:1>, path=com.fabiocompany.supermercadosdeltaplus.model.Detalleticket.cabeceraticket)
    - QuerySpaces
       - EntityQuerySpaceImpl(uid=<gen:0>, entity=com.fabiocompany.supermercadosdeltaplus.model.Detalleticket)
          - SQL table alias mapping - detalletic0_
          - alias suffix - 0_
          - suffixed key columns - {iddetall1_1_0_}

18:54:03.936 [main] DEBUG o.h.loader.entity.plan.EntityLoader - Static select for entity com.fabiocompany.supermercadosdeltaplus.model.Detalleticket [OPTIMISTIC_FORCE_INCREMENT]: select detalletic0_.iddetalleticket as iddetall1_1_0_, detalletic0_.idticket as idticket3_1_0_, detalletic0_.cantidad as cantidad2_1_0_ from detalleticket detalletic0_ where detalletic0_.iddetalleticket=?
18:54:03.942 [main] DEBUG org.hibernate.loader.Loader - Static select for action ACTION_MERGE on entity com.fabiocompany.supermercadosdeltaplus.model.Detalleticket: select detalletic0_.iddetalleticket as iddetall1_1_1_, detalletic0_.idticket as idticket3_1_1_, detalletic0_.cantidad as cantidad2_1_1_, productos1_.iddetalleticket as iddetall1_1_3_, producto2_.idproducto as idproduc2_4_3_, producto2_.idproducto as idproduc1_3_0_, producto2_.descripcion as descripc2_3_0_, producto2_.precio as precio3_3_0_ from detalleticket detalletic0_ left outer join ticketsyproductos productos1_ on detalletic0_.iddetalleticket=productos1_.iddetalleticket left outer join producto producto2_ on productos1_.idproducto=producto2_.idproducto where detalletic0_.iddetalleticket=?
18:54:03.945 [main] DEBUG org.hibernate.loader.Loader - Static select for action ACTION_REFRESH on entity com.fabiocompany.supermercadosdeltaplus.model.Detalleticket: select detalletic0_.iddetalleticket as iddetall1_1_1_, detalletic0_.idticket as idticket3_1_1_, detalletic0_.cantidad as cantidad2_1_1_, productos1_.iddetalleticket as iddetall1_1_3_, producto2_.idproducto as idproduc2_4_3_, producto2_.idproducto as idproduc1_3_0_, producto2_.descripcion as descripc2_3_0_, producto2_.precio as precio3_3_0_ from detalleticket detalletic0_ left outer join ticketsyproductos productos1_ on detalletic0_.iddetalleticket=productos1_.iddetalleticket left outer join producto producto2_ on productos1_.idproducto=producto2_.idproducto where detalletic0_.iddetalleticket=?
18:54:03.948 [main] DEBUG o.h.p.entity.AbstractEntityPersister - Static SQL for entity: com.fabiocompany.supermercadosdeltaplus.model.Producto
18:54:03.948 [main] DEBUG o.h.p.entity.AbstractEntityPersister -  Version select: select idproducto from producto where idproducto =?
18:54:03.949 [main] DEBUG o.h.p.entity.AbstractEntityPersister -  Snapshot select: select producto_.idproducto, producto_.descripcion as descripc2_3_, producto_.precio as precio3_3_ from producto producto_ where producto_.idproducto=?
18:54:03.950 [main] DEBUG o.h.p.entity.AbstractEntityPersister -  Insert 0: insert into producto (descripcion, precio, idproducto) values (?, ?, ?)
18:54:03.950 [main] DEBUG o.h.p.entity.AbstractEntityPersister -  Update 0: update producto set descripcion=?, precio=? where idproducto=?
18:54:03.951 [main] DEBUG o.h.p.entity.AbstractEntityPersister -  Delete 0: delete from producto where idproducto=?
18:54:03.952 [main] DEBUG o.h.p.entity.AbstractEntityPersister -  Identity insert: insert into producto (descripcion, precio) values (?, ?)
18:54:03.953 [main] DEBUG o.h.l.p.b.i.spaces.QuerySpacesImpl - Adding QuerySpace : uid = <gen:0> -> org.hibernate.loader.plan.build.internal.spaces.EntityQuerySpaceImpl@6dd91637]
18:54:03.953 [main] DEBUG o.h.p.w.spi.MetamodelGraphWalker - Visiting attribute path : descripcion
18:54:03.954 [main] DEBUG o.h.p.w.spi.MetamodelGraphWalker - Visiting attribute path : detalletickets
18:54:03.954 [main] DEBUG o.h.p.w.spi.MetamodelGraphWalker - Visiting attribute path : precio
18:54:03.955 [main] DEBUG o.h.l.p.b.i.FetchStyleLoadPlanBuildingAssociationVisitationStrategy - Building LoadPlan...
18:54:03.956 [main] DEBUG o.h.l.p.e.i.LoadQueryJoinAndFetchProcessor - processing queryspace <gen:0>
18:54:03.958 [main] DEBUG o.h.l.p.b.spi.LoadPlanTreePrinter - LoadPlan(entity=com.fabiocompany.supermercadosdeltaplus.model.Producto)
    - Returns
       - EntityReturnImpl(entity=com.fabiocompany.supermercadosdeltaplus.model.Producto, querySpaceUid=<gen:0>, path=com.fabiocompany.supermercadosdeltaplus.model.Producto)
    - QuerySpaces
       - EntityQuerySpaceImpl(uid=<gen:0>, entity=com.fabiocompany.supermercadosdeltaplus.model.Producto)
          - SQL table alias mapping - producto0_
          - alias suffix - 0_
          - suffixed key columns - {idproduc1_3_0_}

18:54:03.959 [main] DEBUG o.h.loader.entity.plan.EntityLoader - Static select for entity com.fabiocompany.supermercadosdeltaplus.model.Producto [NONE]: select producto0_.idproducto as idproduc1_3_0_, producto0_.descripcion as descripc2_3_0_, producto0_.precio as precio3_3_0_ from producto producto0_ where producto0_.idproducto=?
18:54:03.960 [main] DEBUG o.h.l.p.b.i.spaces.QuerySpacesImpl - Adding QuerySpace : uid = <gen:0> -> org.hibernate.loader.plan.build.internal.spaces.EntityQuerySpaceImpl@706cb08]
18:54:03.961 [main] DEBUG o.h.p.w.spi.MetamodelGraphWalker - Visiting attribute path : descripcion
18:54:03.962 [main] DEBUG o.h.p.w.spi.MetamodelGraphWalker - Visiting attribute path : detalletickets
18:54:03.962 [main] DEBUG o.h.p.w.spi.MetamodelGraphWalker - Visiting attribute path : precio
18:54:03.963 [main] DEBUG o.h.l.p.b.i.FetchStyleLoadPlanBuildingAssociationVisitationStrategy - Building LoadPlan...
18:54:03.964 [main] DEBUG o.h.l.p.e.i.LoadQueryJoinAndFetchProcessor - processing queryspace <gen:0>
18:54:03.966 [main] DEBUG o.h.l.p.b.spi.LoadPlanTreePrinter - LoadPlan(entity=com.fabiocompany.supermercadosdeltaplus.model.Producto)
    - Returns
       - EntityReturnImpl(entity=com.fabiocompany.supermercadosdeltaplus.model.Producto, querySpaceUid=<gen:0>, path=com.fabiocompany.supermercadosdeltaplus.model.Producto)
    - QuerySpaces
       - EntityQuerySpaceImpl(uid=<gen:0>, entity=com.fabiocompany.supermercadosdeltaplus.model.Producto)
          - SQL table alias mapping - producto0_
          - alias suffix - 0_
          - suffixed key columns - {idproduc1_3_0_}

18:54:03.967 [main] DEBUG o.h.loader.entity.plan.EntityLoader - Static select for entity com.fabiocompany.supermercadosdeltaplus.model.Producto [READ]: select producto0_.idproducto as idproduc1_3_0_, producto0_.descripcion as descripc2_3_0_, producto0_.precio as precio3_3_0_ from producto producto0_ where producto0_.idproducto=?
18:54:03.968 [main] DEBUG o.h.l.p.b.i.spaces.QuerySpacesImpl - Adding QuerySpace : uid = <gen:0> -> org.hibernate.loader.plan.build.internal.spaces.EntityQuerySpaceImpl@6b68cb27]
18:54:03.969 [main] DEBUG o.h.p.w.spi.MetamodelGraphWalker - Visiting attribute path : descripcion
18:54:03.969 [main] DEBUG o.h.p.w.spi.MetamodelGraphWalker - Visiting attribute path : detalletickets
18:54:03.970 [main] DEBUG o.h.p.w.spi.MetamodelGraphWalker - Visiting attribute path : precio
18:54:03.970 [main] DEBUG o.h.l.p.b.i.FetchStyleLoadPlanBuildingAssociationVisitationStrategy - Building LoadPlan...
18:54:03.971 [main] DEBUG o.h.l.p.e.i.LoadQueryJoinAndFetchProcessor - processing queryspace <gen:0>
18:54:03.974 [main] DEBUG o.h.l.p.b.spi.LoadPlanTreePrinter - LoadPlan(entity=com.fabiocompany.supermercadosdeltaplus.model.Producto)
    - Returns
       - EntityReturnImpl(entity=com.fabiocompany.supermercadosdeltaplus.model.Producto, querySpaceUid=<gen:0>, path=com.fabiocompany.supermercadosdeltaplus.model.Producto)
    - QuerySpaces
       - EntityQuerySpaceImpl(uid=<gen:0>, entity=com.fabiocompany.supermercadosdeltaplus.model.Producto)
          - SQL table alias mapping - producto0_
          - alias suffix - 0_
          - suffixed key columns - {idproduc1_3_0_}

18:54:03.975 [main] DEBUG o.h.loader.entity.plan.EntityLoader - Static select for entity com.fabiocompany.supermercadosdeltaplus.model.Producto [UPGRADE]: select producto0_.idproducto as idproduc1_3_0_, producto0_.descripcion as descripc2_3_0_, producto0_.precio as precio3_3_0_ from producto producto0_ where producto0_.idproducto=? for update
18:54:03.976 [main] DEBUG o.h.l.p.b.i.spaces.QuerySpacesImpl - Adding QuerySpace : uid = <gen:0> -> org.hibernate.loader.plan.build.internal.spaces.EntityQuerySpaceImpl@56303475]
18:54:03.977 [main] DEBUG o.h.p.w.spi.MetamodelGraphWalker - Visiting attribute path : descripcion
18:54:03.977 [main] DEBUG o.h.p.w.spi.MetamodelGraphWalker - Visiting attribute path : detalletickets
18:54:03.978 [main] DEBUG o.h.p.w.spi.MetamodelGraphWalker - Visiting attribute path : precio
18:54:03.978 [main] DEBUG o.h.l.p.b.i.FetchStyleLoadPlanBuildingAssociationVisitationStrategy - Building LoadPlan...
18:54:03.979 [main] DEBUG o.h.l.p.e.i.LoadQueryJoinAndFetchProcessor - processing queryspace <gen:0>
18:54:03.981 [main] DEBUG o.h.l.p.b.spi.LoadPlanTreePrinter - LoadPlan(entity=com.fabiocompany.supermercadosdeltaplus.model.Producto)
    - Returns
       - EntityReturnImpl(entity=com.fabiocompany.supermercadosdeltaplus.model.Producto, querySpaceUid=<gen:0>, path=com.fabiocompany.supermercadosdeltaplus.model.Producto)
    - QuerySpaces
       - EntityQuerySpaceImpl(uid=<gen:0>, entity=com.fabiocompany.supermercadosdeltaplus.model.Producto)
          - SQL table alias mapping - producto0_
          - alias suffix - 0_
          - suffixed key columns - {idproduc1_3_0_}

18:54:03.982 [main] DEBUG o.h.loader.entity.plan.EntityLoader - Static select for entity com.fabiocompany.supermercadosdeltaplus.model.Producto [UPGRADE_NOWAIT]: select producto0_.idproducto as idproduc1_3_0_, producto0_.descripcion as descripc2_3_0_, producto0_.precio as precio3_3_0_ from producto producto0_ where producto0_.idproducto=? for update
18:54:03.984 [main] DEBUG o.h.l.p.b.i.spaces.QuerySpacesImpl - Adding QuerySpace : uid = <gen:0> -> org.hibernate.loader.plan.build.internal.spaces.EntityQuerySpaceImpl@1dcca8d3]
18:54:03.984 [main] DEBUG o.h.p.w.spi.MetamodelGraphWalker - Visiting attribute path : descripcion
18:54:03.985 [main] DEBUG o.h.p.w.spi.MetamodelGraphWalker - Visiting attribute path : detalletickets
18:54:03.985 [main] DEBUG o.h.p.w.spi.MetamodelGraphWalker - Visiting attribute path : precio
18:54:03.986 [main] DEBUG o.h.l.p.b.i.FetchStyleLoadPlanBuildingAssociationVisitationStrategy - Building LoadPlan...
18:54:03.987 [main] DEBUG o.h.l.p.e.i.LoadQueryJoinAndFetchProcessor - processing queryspace <gen:0>
18:54:03.989 [main] DEBUG o.h.l.p.b.spi.LoadPlanTreePrinter - LoadPlan(entity=com.fabiocompany.supermercadosdeltaplus.model.Producto)
    - Returns
       - EntityReturnImpl(entity=com.fabiocompany.supermercadosdeltaplus.model.Producto, querySpaceUid=<gen:0>, path=com.fabiocompany.supermercadosdeltaplus.model.Producto)
    - QuerySpaces
       - EntityQuerySpaceImpl(uid=<gen:0>, entity=com.fabiocompany.supermercadosdeltaplus.model.Producto)
          - SQL table alias mapping - producto0_
          - alias suffix - 0_
          - suffixed key columns - {idproduc1_3_0_}

18:54:03.990 [main] DEBUG o.h.loader.entity.plan.EntityLoader - Static select for entity com.fabiocompany.supermercadosdeltaplus.model.Producto [UPGRADE_SKIPLOCKED]: select producto0_.idproducto as idproduc1_3_0_, producto0_.descripcion as descripc2_3_0_, producto0_.precio as precio3_3_0_ from producto producto0_ where producto0_.idproducto=? for update
18:54:03.992 [main] DEBUG o.h.l.p.b.i.spaces.QuerySpacesImpl - Adding QuerySpace : uid = <gen:0> -> org.hibernate.loader.plan.build.internal.spaces.EntityQuerySpaceImpl@52a70627]
18:54:03.992 [main] DEBUG o.h.p.w.spi.MetamodelGraphWalker - Visiting attribute path : descripcion
18:54:03.993 [main] DEBUG o.h.p.w.spi.MetamodelGraphWalker - Visiting attribute path : detalletickets
18:54:03.993 [main] DEBUG o.h.p.w.spi.MetamodelGraphWalker - Visiting attribute path : precio
18:54:03.994 [main] DEBUG o.h.l.p.b.i.FetchStyleLoadPlanBuildingAssociationVisitationStrategy - Building LoadPlan...
18:54:03.995 [main] DEBUG o.h.l.p.e.i.LoadQueryJoinAndFetchProcessor - processing queryspace <gen:0>
18:54:03.997 [main] DEBUG o.h.l.p.b.spi.LoadPlanTreePrinter - LoadPlan(entity=com.fabiocompany.supermercadosdeltaplus.model.Producto)
    - Returns
       - EntityReturnImpl(entity=com.fabiocompany.supermercadosdeltaplus.model.Producto, querySpaceUid=<gen:0>, path=com.fabiocompany.supermercadosdeltaplus.model.Producto)
    - QuerySpaces
       - EntityQuerySpaceImpl(uid=<gen:0>, entity=com.fabiocompany.supermercadosdeltaplus.model.Producto)
          - SQL table alias mapping - producto0_
          - alias suffix - 0_
          - suffixed key columns - {idproduc1_3_0_}

18:54:03.998 [main] DEBUG o.h.loader.entity.plan.EntityLoader - Static select for entity com.fabiocompany.supermercadosdeltaplus.model.Producto [FORCE]: select producto0_.idproducto as idproduc1_3_0_, producto0_.descripcion as descripc2_3_0_, producto0_.precio as precio3_3_0_ from producto producto0_ where producto0_.idproducto=? for update
18:54:03.999 [main] DEBUG o.h.l.p.b.i.spaces.QuerySpacesImpl - Adding QuerySpace : uid = <gen:0> -> org.hibernate.loader.plan.build.internal.spaces.EntityQuerySpaceImpl@19569ebd]
18:54:04.000 [main] DEBUG o.h.p.w.spi.MetamodelGraphWalker - Visiting attribute path : descripcion
18:54:04.000 [main] DEBUG o.h.p.w.spi.MetamodelGraphWalker - Visiting attribute path : detalletickets
18:54:04.001 [main] DEBUG o.h.p.w.spi.MetamodelGraphWalker - Visiting attribute path : precio
18:54:04.002 [main] DEBUG o.h.l.p.b.i.FetchStyleLoadPlanBuildingAssociationVisitationStrategy - Building LoadPlan...
18:54:04.003 [main] DEBUG o.h.l.p.e.i.LoadQueryJoinAndFetchProcessor - processing queryspace <gen:0>
18:54:04.005 [main] DEBUG o.h.l.p.b.spi.LoadPlanTreePrinter - LoadPlan(entity=com.fabiocompany.supermercadosdeltaplus.model.Producto)
    - Returns
       - EntityReturnImpl(entity=com.fabiocompany.supermercadosdeltaplus.model.Producto, querySpaceUid=<gen:0>, path=com.fabiocompany.supermercadosdeltaplus.model.Producto)
    - QuerySpaces
       - EntityQuerySpaceImpl(uid=<gen:0>, entity=com.fabiocompany.supermercadosdeltaplus.model.Producto)
          - SQL table alias mapping - producto0_
          - alias suffix - 0_
          - suffixed key columns - {idproduc1_3_0_}

18:54:04.006 [main] DEBUG o.h.loader.entity.plan.EntityLoader - Static select for entity com.fabiocompany.supermercadosdeltaplus.model.Producto [PESSIMISTIC_READ]: select producto0_.idproducto as idproduc1_3_0_, producto0_.descripcion as descripc2_3_0_, producto0_.precio as precio3_3_0_ from producto producto0_ where producto0_.idproducto=? lock in share mode
18:54:04.007 [main] DEBUG o.h.l.p.b.i.spaces.QuerySpacesImpl - Adding QuerySpace : uid = <gen:0> -> org.hibernate.loader.plan.build.internal.spaces.EntityQuerySpaceImpl@6e1f8469]
18:54:04.008 [main] DEBUG o.h.p.w.spi.MetamodelGraphWalker - Visiting attribute path : descripcion
18:54:04.008 [main] DEBUG o.h.p.w.spi.MetamodelGraphWalker - Visiting attribute path : detalletickets
18:54:04.009 [main] DEBUG o.h.p.w.spi.MetamodelGraphWalker - Visiting attribute path : precio
18:54:04.009 [main] DEBUG o.h.l.p.b.i.FetchStyleLoadPlanBuildingAssociationVisitationStrategy - Building LoadPlan...
18:54:04.010 [main] DEBUG o.h.l.p.e.i.LoadQueryJoinAndFetchProcessor - processing queryspace <gen:0>
18:54:04.013 [main] DEBUG o.h.l.p.b.spi.LoadPlanTreePrinter - LoadPlan(entity=com.fabiocompany.supermercadosdeltaplus.model.Producto)
    - Returns
       - EntityReturnImpl(entity=com.fabiocompany.supermercadosdeltaplus.model.Producto, querySpaceUid=<gen:0>, path=com.fabiocompany.supermercadosdeltaplus.model.Producto)
    - QuerySpaces
       - EntityQuerySpaceImpl(uid=<gen:0>, entity=com.fabiocompany.supermercadosdeltaplus.model.Producto)
          - SQL table alias mapping - producto0_
          - alias suffix - 0_
          - suffixed key columns - {idproduc1_3_0_}

18:54:04.014 [main] DEBUG o.h.loader.entity.plan.EntityLoader - Static select for entity com.fabiocompany.supermercadosdeltaplus.model.Producto [PESSIMISTIC_WRITE]: select producto0_.idproducto as idproduc1_3_0_, producto0_.descripcion as descripc2_3_0_, producto0_.precio as precio3_3_0_ from producto producto0_ where producto0_.idproducto=? for update
18:54:04.015 [main] DEBUG o.h.l.p.b.i.spaces.QuerySpacesImpl - Adding QuerySpace : uid = <gen:0> -> org.hibernate.loader.plan.build.internal.spaces.EntityQuerySpaceImpl@3b6c624]
18:54:04.016 [main] DEBUG o.h.p.w.spi.MetamodelGraphWalker - Visiting attribute path : descripcion
18:54:04.016 [main] DEBUG o.h.p.w.spi.MetamodelGraphWalker - Visiting attribute path : detalletickets
18:54:04.017 [main] DEBUG o.h.p.w.spi.MetamodelGraphWalker - Visiting attribute path : precio
18:54:04.017 [main] DEBUG o.h.l.p.b.i.FetchStyleLoadPlanBuildingAssociationVisitationStrategy - Building LoadPlan...
18:54:04.018 [main] DEBUG o.h.l.p.e.i.LoadQueryJoinAndFetchProcessor - processing queryspace <gen:0>
18:54:04.020 [main] DEBUG o.h.l.p.b.spi.LoadPlanTreePrinter - LoadPlan(entity=com.fabiocompany.supermercadosdeltaplus.model.Producto)
    - Returns
       - EntityReturnImpl(entity=com.fabiocompany.supermercadosdeltaplus.model.Producto, querySpaceUid=<gen:0>, path=com.fabiocompany.supermercadosdeltaplus.model.Producto)
    - QuerySpaces
       - EntityQuerySpaceImpl(uid=<gen:0>, entity=com.fabiocompany.supermercadosdeltaplus.model.Producto)
          - SQL table alias mapping - producto0_
          - alias suffix - 0_
          - suffixed key columns - {idproduc1_3_0_}

18:54:04.022 [main] DEBUG o.h.loader.entity.plan.EntityLoader - Static select for entity com.fabiocompany.supermercadosdeltaplus.model.Producto [PESSIMISTIC_FORCE_INCREMENT]: select producto0_.idproducto as idproduc1_3_0_, producto0_.descripcion as descripc2_3_0_, producto0_.precio as precio3_3_0_ from producto producto0_ where producto0_.idproducto=? for update
18:54:04.023 [main] DEBUG o.h.l.p.b.i.spaces.QuerySpacesImpl - Adding QuerySpace : uid = <gen:0> -> org.hibernate.loader.plan.build.internal.spaces.EntityQuerySpaceImpl@c81fd12]
18:54:04.023 [main] DEBUG o.h.p.w.spi.MetamodelGraphWalker - Visiting attribute path : descripcion
18:54:04.024 [main] DEBUG o.h.p.w.spi.MetamodelGraphWalker - Visiting attribute path : detalletickets
18:54:04.024 [main] DEBUG o.h.p.w.spi.MetamodelGraphWalker - Visiting attribute path : precio
18:54:04.025 [main] DEBUG o.h.l.p.b.i.FetchStyleLoadPlanBuildingAssociationVisitationStrategy - Building LoadPlan...
18:54:04.026 [main] DEBUG o.h.l.p.e.i.LoadQueryJoinAndFetchProcessor - processing queryspace <gen:0>
18:54:04.028 [main] DEBUG o.h.l.p.b.spi.LoadPlanTreePrinter - LoadPlan(entity=com.fabiocompany.supermercadosdeltaplus.model.Producto)
    - Returns
       - EntityReturnImpl(entity=com.fabiocompany.supermercadosdeltaplus.model.Producto, querySpaceUid=<gen:0>, path=com.fabiocompany.supermercadosdeltaplus.model.Producto)
    - QuerySpaces
       - EntityQuerySpaceImpl(uid=<gen:0>, entity=com.fabiocompany.supermercadosdeltaplus.model.Producto)
          - SQL table alias mapping - producto0_
          - alias suffix - 0_
          - suffixed key columns - {idproduc1_3_0_}

18:54:04.029 [main] DEBUG o.h.loader.entity.plan.EntityLoader - Static select for entity com.fabiocompany.supermercadosdeltaplus.model.Producto [OPTIMISTIC]: select producto0_.idproducto as idproduc1_3_0_, producto0_.descripcion as descripc2_3_0_, producto0_.precio as precio3_3_0_ from producto producto0_ where producto0_.idproducto=?
18:54:04.031 [main] DEBUG o.h.l.p.b.i.spaces.QuerySpacesImpl - Adding QuerySpace : uid = <gen:0> -> org.hibernate.loader.plan.build.internal.spaces.EntityQuerySpaceImpl@5754de72]
18:54:04.031 [main] DEBUG o.h.p.w.spi.MetamodelGraphWalker - Visiting attribute path : descripcion
18:54:04.032 [main] DEBUG o.h.p.w.spi.MetamodelGraphWalker - Visiting attribute path : detalletickets
18:54:04.032 [main] DEBUG o.h.p.w.spi.MetamodelGraphWalker - Visiting attribute path : precio
18:54:04.033 [main] DEBUG o.h.l.p.b.i.FetchStyleLoadPlanBuildingAssociationVisitationStrategy - Building LoadPlan...
18:54:04.034 [main] DEBUG o.h.l.p.e.i.LoadQueryJoinAndFetchProcessor - processing queryspace <gen:0>
18:54:04.036 [main] DEBUG o.h.l.p.b.spi.LoadPlanTreePrinter - LoadPlan(entity=com.fabiocompany.supermercadosdeltaplus.model.Producto)
    - Returns
       - EntityReturnImpl(entity=com.fabiocompany.supermercadosdeltaplus.model.Producto, querySpaceUid=<gen:0>, path=com.fabiocompany.supermercadosdeltaplus.model.Producto)
    - QuerySpaces
       - EntityQuerySpaceImpl(uid=<gen:0>, entity=com.fabiocompany.supermercadosdeltaplus.model.Producto)
          - SQL table alias mapping - producto0_
          - alias suffix - 0_
          - suffixed key columns - {idproduc1_3_0_}

18:54:04.037 [main] DEBUG o.h.loader.entity.plan.EntityLoader - Static select for entity com.fabiocompany.supermercadosdeltaplus.model.Producto [OPTIMISTIC_FORCE_INCREMENT]: select producto0_.idproducto as idproduc1_3_0_, producto0_.descripcion as descripc2_3_0_, producto0_.precio as precio3_3_0_ from producto producto0_ where producto0_.idproducto=?
18:54:04.040 [main] DEBUG org.hibernate.loader.Loader - Static select for action ACTION_MERGE on entity com.fabiocompany.supermercadosdeltaplus.model.Producto: select producto0_.idproducto as idproduc1_3_1_, producto0_.descripcion as descripc2_3_1_, producto0_.precio as precio3_3_1_, detalletic1_.idproducto as idproduc2_3_3_, detalletic2_.iddetalleticket as iddetall1_4_3_, detalletic2_.iddetalleticket as iddetall1_1_0_, detalletic2_.idticket as idticket3_1_0_, detalletic2_.cantidad as cantidad2_1_0_ from producto producto0_ left outer join ticketsyproductos detalletic1_ on producto0_.idproducto=detalletic1_.idproducto left outer join detalleticket detalletic2_ on detalletic1_.iddetalleticket=detalletic2_.iddetalleticket where producto0_.idproducto=?
18:54:04.044 [main] DEBUG org.hibernate.loader.Loader - Static select for action ACTION_REFRESH on entity com.fabiocompany.supermercadosdeltaplus.model.Producto: select producto0_.idproducto as idproduc1_3_1_, producto0_.descripcion as descripc2_3_1_, producto0_.precio as precio3_3_1_, detalletic1_.idproducto as idproduc2_3_3_, detalletic2_.iddetalleticket as iddetall1_4_3_, detalletic2_.iddetalleticket as iddetall1_1_0_, detalletic2_.idticket as idticket3_1_0_, detalletic2_.cantidad as cantidad2_1_0_ from producto producto0_ left outer join ticketsyproductos detalletic1_ on producto0_.idproducto=detalletic1_.idproducto left outer join detalleticket detalletic2_ on detalletic1_.iddetalleticket=detalletic2_.iddetalleticket where producto0_.idproducto=?
18:54:04.094 [main] DEBUG o.h.l.p.b.i.spaces.QuerySpacesImpl - Adding QuerySpace : uid = <gen:0> -> org.hibernate.loader.plan.build.internal.spaces.CollectionQuerySpaceImpl@5b2f8ab6]
18:54:04.095 [main] DEBUG o.h.l.p.b.i.spaces.QuerySpacesImpl - Adding QuerySpace : uid = <gen:1> -> org.hibernate.loader.plan.build.internal.spaces.EntityQuerySpaceImpl@5bdd5689]
18:54:04.104 [main] DEBUG o.h.p.w.spi.MetamodelGraphWalker - Visiting attribute path : cabeceraticket
18:54:04.105 [main] DEBUG o.h.l.p.b.i.spaces.QuerySpacesImpl - Adding QuerySpace : uid = <gen:2> -> org.hibernate.loader.plan.build.internal.spaces.EntityQuerySpaceImpl@7103ab0]
18:54:04.106 [main] DEBUG o.h.p.w.spi.MetamodelGraphWalker - Visiting attribute path : cabeceraticket.detalletickets
18:54:04.107 [main] DEBUG o.h.p.w.spi.MetamodelGraphWalker - Property path deemed to be circular : cabeceraticket.detalletickets
18:54:04.107 [main] DEBUG o.h.p.w.spi.MetamodelGraphWalker - Visiting attribute path : cabeceraticket.fecha
18:54:04.108 [main] DEBUG o.h.p.w.spi.MetamodelGraphWalker - Visiting attribute path : cabeceraticket.usuario
18:54:04.110 [main] DEBUG o.h.l.p.b.i.spaces.QuerySpacesImpl - Adding QuerySpace : uid = <gen:3> -> org.hibernate.loader.plan.build.internal.spaces.EntityQuerySpaceImpl@769d513]
18:54:04.111 [main] DEBUG o.h.p.w.spi.MetamodelGraphWalker - Visiting attribute path : cabeceraticket.usuario.cabeceratickets
18:54:04.112 [main] DEBUG o.h.p.w.spi.MetamodelGraphWalker - Property path deemed to be circular : cabeceraticket.usuario.cabeceratickets
18:54:04.112 [main] DEBUG o.h.p.w.spi.MetamodelGraphWalker - Visiting attribute path : cabeceraticket.usuario.contraseniausuario
18:54:04.113 [main] DEBUG o.h.p.w.spi.MetamodelGraphWalker - Visiting attribute path : cabeceraticket.usuario.nombreusuario
18:54:04.114 [main] DEBUG o.h.p.w.spi.MetamodelGraphWalker - Visiting attribute path : cabeceraticket.usuario.personausuario
18:54:04.116 [main] DEBUG o.h.l.p.b.i.spaces.QuerySpacesImpl - Adding QuerySpace : uid = <gen:4> -> org.hibernate.loader.plan.build.internal.spaces.EntityQuerySpaceImpl@588cd519]
18:54:04.117 [main] DEBUG o.h.p.w.spi.MetamodelGraphWalker - Visiting attribute path : cabeceraticket.usuario.tipodeusuario
18:54:04.118 [main] DEBUG o.h.p.w.spi.MetamodelGraphWalker - Visiting attribute path : cantidad
18:54:04.118 [main] DEBUG o.h.p.w.spi.MetamodelGraphWalker - Visiting attribute path : productos
18:54:04.118 [main] DEBUG o.h.p.w.spi.MetamodelGraphWalker - Property path deemed to be circular : productos
18:54:04.119 [main] DEBUG o.h.l.p.b.i.FetchStyleLoadPlanBuildingAssociationVisitationStrategy - Building LoadPlan...
18:54:04.132 [main] DEBUG o.h.l.p.e.i.LoadQueryJoinAndFetchProcessor - processing queryspace <gen:0>
18:54:04.142 [main] DEBUG o.h.l.p.b.spi.LoadPlanTreePrinter - LoadPlan(collection=com.fabiocompany.supermercadosdeltaplus.model.Producto.detalletickets)
    - Returns
       - CollectionReturnImpl(collection=com.fabiocompany.supermercadosdeltaplus.model.Producto.detalletickets, querySpaceUid=<gen:0>, path=[com.fabiocompany.supermercadosdeltaplus.model.Producto.detalletickets])
          - (collection element) CollectionFetchableElementEntityGraph(entity=com.fabiocompany.supermercadosdeltaplus.model.Detalleticket, querySpaceUid=<gen:1>, path=[com.fabiocompany.supermercadosdeltaplus.model.Producto.detalletickets].<elements>)
             - EntityAttributeFetchImpl(entity=com.fabiocompany.supermercadosdeltaplus.model.Cabeceraticket, querySpaceUid=<gen:2>, path=[com.fabiocompany.supermercadosdeltaplus.model.Producto.detalletickets].<elements>.cabeceraticket)
                - EntityAttributeFetchImpl(entity=com.fabiocompany.supermercadosdeltaplus.model.Usuario, querySpaceUid=<gen:3>, path=[com.fabiocompany.supermercadosdeltaplus.model.Producto.detalletickets].<elements>.cabeceraticket.usuario)
                   - EntityAttributeFetchImpl(entity=com.fabiocompany.supermercadosdeltaplus.model.Personausuario, querySpaceUid=<gen:4>, path=[com.fabiocompany.supermercadosdeltaplus.model.Producto.detalletickets].<elements>.cabeceraticket.usuario.personausuario)
    - QuerySpaces
       - CollectionQuerySpaceImpl(uid=<gen:0>, collection=com.fabiocompany.supermercadosdeltaplus.model.Producto.detalletickets)
          - SQL table alias mapping - detalletic0_
          - alias suffix - 0_
          - suffixed key columns - {idproduc2_3_0_}
          - entity-element alias suffix - 1_
          - 1_entity-element suffixed key columns - iddetall1_1_1_
          - JOIN (JoinDefinedByMetadata(elements)) : <gen:0> -> <gen:1>
             - EntityQuerySpaceImpl(uid=<gen:1>, entity=com.fabiocompany.supermercadosdeltaplus.model.Detalleticket)
                - SQL table alias mapping - detalletic1_
                - alias suffix - 1_
                - suffixed key columns - {iddetall1_1_1_}
                - JOIN (JoinDefinedByMetadata(cabeceraticket)) : <gen:1> -> <gen:2>
                   - EntityQuerySpaceImpl(uid=<gen:2>, entity=com.fabiocompany.supermercadosdeltaplus.model.Cabeceraticket)
                      - SQL table alias mapping - cabecerati2_
                      - alias suffix - 2_
                      - suffixed key columns - {idticket1_0_2_}
                      - JOIN (JoinDefinedByMetadata(usuario)) : <gen:2> -> <gen:3>
                         - EntityQuerySpaceImpl(uid=<gen:3>, entity=com.fabiocompany.supermercadosdeltaplus.model.Usuario)
                            - SQL table alias mapping - usuario3_
                            - alias suffix - 3_
                            - suffixed key columns - {idusuari1_5_3_}

18:54:04.148 [main] DEBUG o.h.l.c.plan.CollectionLoader - Static select for collection com.fabiocompany.supermercadosdeltaplus.model.Producto.detalletickets: select detalletic0_.idproducto as idproduc2_3_0_, detalletic0_.iddetalleticket as iddetall1_4_0_, detalletic1_.iddetalleticket as iddetall1_1_1_, detalletic1_.idticket as idticket3_1_1_, detalletic1_.cantidad as cantidad2_1_1_, cabecerati2_.idticket as idticket1_0_2_, cabecerati2_.fecha as fecha2_0_2_, cabecerati2_.idusuario as idusuari3_0_2_, usuario3_.idusuario as idusuari1_5_3_, usuario3_.contraseniausuario as contrase2_5_3_, usuario3_.nombreusuario as nombreus3_5_3_, usuario3_.idpersonausuario as idperson5_5_3_, usuario3_.tipodeusuario as tipodeus4_5_3_ from ticketsyproductos detalletic0_ inner join detalleticket detalletic1_ on detalletic0_.iddetalleticket=detalletic1_.iddetalleticket left outer join cabeceraticket cabecerati2_ on detalletic1_.idticket=cabecerati2_.idticket left outer join usuario usuario3_ on cabecerati2_.idusuario=usuario3_.idusuario where detalletic0_.idproducto=?
18:54:04.149 [main] DEBUG o.h.l.p.b.i.spaces.QuerySpacesImpl - Adding QuerySpace : uid = <gen:0> -> org.hibernate.loader.plan.build.internal.spaces.CollectionQuerySpaceImpl@1b005a0b]
18:54:04.150 [main] DEBUG o.h.l.p.b.i.spaces.QuerySpacesImpl - Adding QuerySpace : uid = <gen:1> -> org.hibernate.loader.plan.build.internal.spaces.EntityQuerySpaceImpl@141e879d]
18:54:04.151 [main] DEBUG o.h.p.w.spi.MetamodelGraphWalker - Visiting attribute path : descripcion
18:54:04.151 [main] DEBUG o.h.p.w.spi.MetamodelGraphWalker - Visiting attribute path : detalletickets
18:54:04.152 [main] DEBUG o.h.p.w.spi.MetamodelGraphWalker - Property path deemed to be circular : detalletickets
18:54:04.152 [main] DEBUG o.h.p.w.spi.MetamodelGraphWalker - Visiting attribute path : precio
18:54:04.153 [main] DEBUG o.h.l.p.b.i.FetchStyleLoadPlanBuildingAssociationVisitationStrategy - Building LoadPlan...
18:54:04.155 [main] DEBUG o.h.l.p.e.i.LoadQueryJoinAndFetchProcessor - processing queryspace <gen:0>
18:54:04.159 [main] DEBUG o.h.l.p.b.spi.LoadPlanTreePrinter - LoadPlan(collection=com.fabiocompany.supermercadosdeltaplus.model.Detalleticket.productos)
    - Returns
       - CollectionReturnImpl(collection=com.fabiocompany.supermercadosdeltaplus.model.Detalleticket.productos, querySpaceUid=<gen:0>, path=[com.fabiocompany.supermercadosdeltaplus.model.Detalleticket.productos])
          - (collection element) CollectionFetchableElementEntityGraph(entity=com.fabiocompany.supermercadosdeltaplus.model.Producto, querySpaceUid=<gen:1>, path=[com.fabiocompany.supermercadosdeltaplus.model.Detalleticket.productos].<elements>)
    - QuerySpaces
       - CollectionQuerySpaceImpl(uid=<gen:0>, collection=com.fabiocompany.supermercadosdeltaplus.model.Detalleticket.productos)
          - SQL table alias mapping - productos0_
          - alias suffix - 0_
          - suffixed key columns - {iddetall1_1_0_}
          - entity-element alias suffix - 1_
          - 1_entity-element suffixed key columns - idproduc1_3_1_
          - JOIN (JoinDefinedByMetadata(elements)) : <gen:0> -> <gen:1>
             - EntityQuerySpaceImpl(uid=<gen:1>, entity=com.fabiocompany.supermercadosdeltaplus.model.Producto)
                - SQL table alias mapping - producto1_
                - alias suffix - 1_
                - suffixed key columns - {idproduc1_3_1_}

18:54:04.160 [main] DEBUG o.h.l.c.plan.CollectionLoader - Static select for collection com.fabiocompany.supermercadosdeltaplus.model.Detalleticket.productos: select productos0_.iddetalleticket as iddetall1_1_0_, productos0_.idproducto as idproduc2_4_0_, producto1_.idproducto as idproduc1_3_1_, producto1_.descripcion as descripc2_3_1_, producto1_.precio as precio3_3_1_ from ticketsyproductos productos0_ inner join producto producto1_ on productos0_.idproducto=producto1_.idproducto where productos0_.iddetalleticket=?
18:54:04.161 [main] DEBUG o.h.l.p.b.i.spaces.QuerySpacesImpl - Adding QuerySpace : uid = <gen:0> -> org.hibernate.loader.plan.build.internal.spaces.CollectionQuerySpaceImpl@e4d2696]
18:54:04.162 [main] DEBUG o.h.l.p.b.i.spaces.QuerySpacesImpl - Adding QuerySpace : uid = <gen:1> -> org.hibernate.loader.plan.build.internal.spaces.EntityQuerySpaceImpl@6e0f7aad]
18:54:04.163 [main] DEBUG o.h.p.w.spi.MetamodelGraphWalker - Visiting attribute path : detalletickets
18:54:04.164 [main] DEBUG o.h.p.w.spi.MetamodelGraphWalker - Visiting attribute path : fecha
18:54:04.164 [main] DEBUG o.h.p.w.spi.MetamodelGraphWalker - Visiting attribute path : usuario
18:54:04.165 [main] DEBUG o.h.p.w.spi.MetamodelGraphWalker - Property path deemed to be circular : usuario
18:54:04.165 [main] DEBUG o.h.l.p.b.i.FetchStyleLoadPlanBuildingAssociationVisitationStrategy - Building LoadPlan...
18:54:04.167 [main] DEBUG o.h.l.p.e.i.LoadQueryJoinAndFetchProcessor - processing queryspace <gen:0>
18:54:04.171 [main] DEBUG o.h.l.p.b.spi.LoadPlanTreePrinter - LoadPlan(collection=com.fabiocompany.supermercadosdeltaplus.model.Usuario.cabeceratickets)
    - Returns
       - CollectionReturnImpl(collection=com.fabiocompany.supermercadosdeltaplus.model.Usuario.cabeceratickets, querySpaceUid=<gen:0>, path=[com.fabiocompany.supermercadosdeltaplus.model.Usuario.cabeceratickets])
          - (collection element) CollectionFetchableElementEntityGraph(entity=com.fabiocompany.supermercadosdeltaplus.model.Cabeceraticket, querySpaceUid=<gen:1>, path=[com.fabiocompany.supermercadosdeltaplus.model.Usuario.cabeceratickets].<elements>)
    - QuerySpaces
       - CollectionQuerySpaceImpl(uid=<gen:0>, collection=com.fabiocompany.supermercadosdeltaplus.model.Usuario.cabeceratickets)
          - SQL table alias mapping - cabecerati0_
          - alias suffix - 0_
          - suffixed key columns - {idusuari3_5_0_}
          - entity-element alias suffix - 1_
          - 1_entity-element suffixed key columns - idticket1_0_1_
          - JOIN (JoinDefinedByMetadata(elements)) : <gen:0> -> <gen:1>
             - EntityQuerySpaceImpl(uid=<gen:1>, entity=com.fabiocompany.supermercadosdeltaplus.model.Cabeceraticket)
                - SQL table alias mapping - cabecerati0_
                - alias suffix - 1_
                - suffixed key columns - {idticket1_0_1_}

18:54:04.173 [main] DEBUG o.h.l.c.plan.CollectionLoader - Static select for collection com.fabiocompany.supermercadosdeltaplus.model.Usuario.cabeceratickets: select cabecerati0_.idusuario as idusuari3_5_0_, cabecerati0_.idticket as idticket1_0_0_, cabecerati0_.idticket as idticket1_0_1_, cabecerati0_.fecha as fecha2_0_1_, cabecerati0_.idusuario as idusuari3_0_1_ from cabeceraticket cabecerati0_ where cabecerati0_.idusuario=?
18:54:04.174 [main] DEBUG o.h.l.p.b.i.spaces.QuerySpacesImpl - Adding QuerySpace : uid = <gen:0> -> org.hibernate.loader.plan.build.internal.spaces.CollectionQuerySpaceImpl@57adfab0]
18:54:04.175 [main] DEBUG o.h.l.p.b.i.spaces.QuerySpacesImpl - Adding QuerySpace : uid = <gen:1> -> org.hibernate.loader.plan.build.internal.spaces.EntityQuerySpaceImpl@1949309d]
18:54:04.176 [main] DEBUG o.h.p.w.spi.MetamodelGraphWalker - Visiting attribute path : cabeceraticket
18:54:04.176 [main] DEBUG o.h.p.w.spi.MetamodelGraphWalker - Property path deemed to be circular : cabeceraticket
18:54:04.177 [main] DEBUG o.h.p.w.spi.MetamodelGraphWalker - Visiting attribute path : cantidad
18:54:04.177 [main] DEBUG o.h.p.w.spi.MetamodelGraphWalker - Visiting attribute path : productos
18:54:04.178 [main] DEBUG o.h.l.p.b.i.FetchStyleLoadPlanBuildingAssociationVisitationStrategy - Building LoadPlan...
18:54:04.179 [main] DEBUG o.h.l.p.e.i.LoadQueryJoinAndFetchProcessor - processing queryspace <gen:0>
18:54:04.184 [main] DEBUG o.h.l.p.b.spi.LoadPlanTreePrinter - LoadPlan(collection=com.fabiocompany.supermercadosdeltaplus.model.Cabeceraticket.detalletickets)
    - Returns
       - CollectionReturnImpl(collection=com.fabiocompany.supermercadosdeltaplus.model.Cabeceraticket.detalletickets, querySpaceUid=<gen:0>, path=[com.fabiocompany.supermercadosdeltaplus.model.Cabeceraticket.detalletickets])
          - (collection element) CollectionFetchableElementEntityGraph(entity=com.fabiocompany.supermercadosdeltaplus.model.Detalleticket, querySpaceUid=<gen:1>, path=[com.fabiocompany.supermercadosdeltaplus.model.Cabeceraticket.detalletickets].<elements>)
    - QuerySpaces
       - CollectionQuerySpaceImpl(uid=<gen:0>, collection=com.fabiocompany.supermercadosdeltaplus.model.Cabeceraticket.detalletickets)
          - SQL table alias mapping - detalletic0_
          - alias suffix - 0_
          - suffixed key columns - {idticket3_0_0_}
          - entity-element alias suffix - 1_
          - 1_entity-element suffixed key columns - iddetall1_1_1_
          - JOIN (JoinDefinedByMetadata(elements)) : <gen:0> -> <gen:1>
             - EntityQuerySpaceImpl(uid=<gen:1>, entity=com.fabiocompany.supermercadosdeltaplus.model.Detalleticket)
                - SQL table alias mapping - detalletic0_
                - alias suffix - 1_
                - suffixed key columns - {iddetall1_1_1_}

18:54:04.185 [main] DEBUG o.h.l.c.plan.CollectionLoader - Static select for collection com.fabiocompany.supermercadosdeltaplus.model.Cabeceraticket.detalletickets: select detalletic0_.idticket as idticket3_0_0_, detalletic0_.iddetalleticket as iddetall1_1_0_, detalletic0_.iddetalleticket as iddetall1_1_1_, detalletic0_.idticket as idticket3_1_1_, detalletic0_.cantidad as cantidad2_1_1_ from detalleticket detalletic0_ where detalletic0_.idticket=?
18:54:04.197 [main] DEBUG o.h.internal.SessionFactoryRegistry - Initializing SessionFactoryRegistry : org.hibernate.internal.SessionFactoryRegistry@5dbf5634
18:54:04.208 [main] DEBUG o.h.internal.SessionFactoryRegistry - Registering SessionFactory: 7bdc4c91-c0f5-4b8f-98ca-9551861f4a13 (<unnamed>)
18:54:04.208 [main] DEBUG o.h.internal.SessionFactoryRegistry - Not binding SessionFactory to JNDI, no JNDI name configured
18:54:04.209 [main] DEBUG o.h.internal.SessionFactoryImpl - Instantiated session factory
18:54:04.238 [main] INFO  o.h.tool.hbm2ddl.SchemaUpdate - HHH000228: Running hbm2ddl schema update
18:54:04.238 [main] INFO  o.h.tool.hbm2ddl.SchemaUpdate - HHH000102: Fetching database metadata
18:54:04.239 [main] DEBUG c.m.v.c.i.C3P0PooledConnectionPool - Testing PooledConnection [com.mchange.v2.c3p0.impl.NewPooledConnection@6701da80] on CHECKOUT.
18:54:04.241 [main] DEBUG c.m.v.c3p0.stmt.GooGooStatementCache - checkinAll(): com.mchange.v2.c3p0.stmt.GlobalMaxOnlyStatementCache stats -- total size: 0; checked out: 0; num connections: 0; num keys: 0
18:54:04.242 [main] DEBUG c.m.v.c.i.C3P0PooledConnectionPool - Test of PooledConnection [com.mchange.v2.c3p0.impl.NewPooledConnection@6701da80] on CHECKOUT has SUCCEEDED.
18:54:04.242 [main] DEBUG c.m.v.resourcepool.BasicResourcePool - trace com.mchange.v2.resourcepool.BasicResourcePool@3fb6cf60 [managed: 5, unused: 4, excluded: 0] (e.g. com.mchange.v2.c3p0.impl.NewPooledConnection@7dfe0279)
18:54:04.254 [main] INFO  o.h.tool.hbm2ddl.SchemaUpdate - HHH000396: Updating schema
18:54:04.255 [main] DEBUG org.hibernate.cfg.Configuration - Processing hbm.xml files
18:54:04.255 [main] DEBUG org.hibernate.cfg.Configuration - Process annotated classes
18:54:04.256 [main] DEBUG org.hibernate.cfg.Configuration - Processing fk mappings (*ToOne and JoinedSubclass)
18:54:04.256 [main] DEBUG org.hibernate.cfg.Configuration - Processing extends queue
18:54:04.256 [main] DEBUG org.hibernate.cfg.Configuration - Processing extends queue
18:54:04.256 [main] DEBUG org.hibernate.cfg.Configuration - Processing collection mappings
18:54:04.257 [main] DEBUG org.hibernate.cfg.Configuration - Processing native query and ResultSetMapping mappings
18:54:04.257 [main] DEBUG org.hibernate.cfg.Configuration - Processing association property references
18:54:04.257 [main] DEBUG org.hibernate.cfg.Configuration - Creating tables' unique integer identifiers
18:54:04.257 [main] DEBUG org.hibernate.cfg.Configuration - Processing foreign key constraints
18:54:04.258 [main] DEBUG org.hibernate.cfg.Configuration - Resolving reference to class: com.fabiocompany.supermercadosdeltaplus.model.Usuario
18:54:04.259 [main] DEBUG org.hibernate.cfg.Configuration - Resolving reference to class: com.fabiocompany.supermercadosdeltaplus.model.Cabeceraticket
18:54:04.259 [main] DEBUG org.hibernate.cfg.Configuration - Resolving reference to class: com.fabiocompany.supermercadosdeltaplus.model.Producto
18:54:04.260 [main] DEBUG org.hibernate.cfg.Configuration - Resolving reference to class: com.fabiocompany.supermercadosdeltaplus.model.Detalleticket
18:54:04.260 [main] DEBUG org.hibernate.cfg.Configuration - Resolving reference to class: com.fabiocompany.supermercadosdeltaplus.model.Personausuario
18:54:04.375 [main] INFO  o.h.tool.hbm2ddl.TableMetadata - HHH000261: Table found: supermercadosdeltaplus.cabeceraticket
18:54:04.376 [main] INFO  o.h.tool.hbm2ddl.TableMetadata - HHH000037: Columns: [fecha, idticket, idusuario]
18:54:04.377 [main] INFO  o.h.tool.hbm2ddl.TableMetadata - HHH000108: Foreign keys: [fk_qui7ixjy3hjmayulkuek5yuwr]
18:54:04.378 [main] INFO  o.h.tool.hbm2ddl.TableMetadata - HHH000126: Indexes: [fk_qui7ixjy3hjmayulkuek5yuwr, primary]
18:54:04.433 [main] INFO  o.h.tool.hbm2ddl.TableMetadata - HHH000261: Table found: supermercadosdeltaplus.detalleticket
18:54:04.434 [main] INFO  o.h.tool.hbm2ddl.TableMetadata - HHH000037: Columns: [idticket, cantidad, iddetalleticket]
18:54:04.434 [main] INFO  o.h.tool.hbm2ddl.TableMetadata - HHH000108: Foreign keys: [fk_15yxgmo96f96jiiqc2u3njuhs]
18:54:04.435 [main] INFO  o.h.tool.hbm2ddl.TableMetadata - HHH000126: Indexes: [fk_15yxgmo96f96jiiqc2u3njuhs, primary]
18:54:04.489 [main] INFO  o.h.tool.hbm2ddl.TableMetadata - HHH000261: Table found: supermercadosdeltaplus.personausuario
18:54:04.490 [main] INFO  o.h.tool.hbm2ddl.TableMetadata - HHH000037: Columns: [numerodetelefono, correo, nombrepersonausuario, idpersonausuario, dnipersonausuario]
18:54:04.491 [main] INFO  o.h.tool.hbm2ddl.TableMetadata - HHH000108: Foreign keys: []
18:54:04.491 [main] INFO  o.h.tool.hbm2ddl.TableMetadata - HHH000126: Indexes: [primary]
18:54:04.538 [main] INFO  o.h.tool.hbm2ddl.TableMetadata - HHH000261: Table found: supermercadosdeltaplus.producto
18:54:04.539 [main] INFO  o.h.tool.hbm2ddl.TableMetadata - HHH000037: Columns: [descripcion, precio, idproducto]
18:54:04.540 [main] INFO  o.h.tool.hbm2ddl.TableMetadata - HHH000108: Foreign keys: []
18:54:04.540 [main] INFO  o.h.tool.hbm2ddl.TableMetadata - HHH000126: Indexes: [primary]
18:54:04.596 [main] INFO  o.h.tool.hbm2ddl.TableMetadata - HHH000261: Table found: supermercadosdeltaplus.ticketsyproductos
18:54:04.596 [main] INFO  o.h.tool.hbm2ddl.TableMetadata - HHH000037: Columns: [idproducto, iddetalleticket]
18:54:04.597 [main] INFO  o.h.tool.hbm2ddl.TableMetadata - HHH000108: Foreign keys: [fk_n7lvm0x8cnv4jxrhfpkp2toek, fk_50t6yq5kid4npqbhdr4a1etua]
18:54:04.598 [main] INFO  o.h.tool.hbm2ddl.TableMetadata - HHH000126: Indexes: [fk_n7lvm0x8cnv4jxrhfpkp2toek, fk_50t6yq5kid4npqbhdr4a1etua]
18:54:04.653 [main] INFO  o.h.tool.hbm2ddl.TableMetadata - HHH000261: Table found: supermercadosdeltaplus.usuario
18:54:04.653 [main] INFO  o.h.tool.hbm2ddl.TableMetadata - HHH000037: Columns: [nombreusuario, tipodeusuario, contraseniausuario, idpersonausuario, idusuario]
18:54:04.654 [main] INFO  o.h.tool.hbm2ddl.TableMetadata - HHH000108: Foreign keys: [fk_pibivcv2vp3chkb782drpyiyb]
18:54:04.655 [main] INFO  o.h.tool.hbm2ddl.TableMetadata - HHH000126: Indexes: [fk_pibivcv2vp3chkb782drpyiyb, primary]
18:54:04.657 [main] DEBUG o.h.i.f.i.DefaultIdentifierGeneratorFactory - Setting dialect [org.hibernate.dialect.MySQLDialect]
18:54:04.660 [main] DEBUG o.h.i.f.i.DefaultIdentifierGeneratorFactory - Setting dialect [org.hibernate.dialect.MySQLDialect]
18:54:04.661 [main] DEBUG o.h.i.f.i.DefaultIdentifierGeneratorFactory - Setting dialect [org.hibernate.dialect.MySQLDialect]
18:54:04.661 [main] DEBUG o.h.i.f.i.DefaultIdentifierGeneratorFactory - Setting dialect [org.hibernate.dialect.MySQLDialect]
18:54:04.662 [main] DEBUG o.h.i.f.i.DefaultIdentifierGeneratorFactory - Setting dialect [org.hibernate.dialect.MySQLDialect]
18:54:04.663 [main] INFO  o.h.tool.hbm2ddl.SchemaUpdate - HHH000232: Schema update complete
18:54:04.665 [main] DEBUG c.m.v.c3p0.stmt.GooGooStatementCache - checkinAll(): com.mchange.v2.c3p0.stmt.GlobalMaxOnlyStatementCache stats -- total size: 0; checked out: 0; num connections: 0; num keys: 0
18:54:04.666 [main] DEBUG c.m.v.a.ThreadPoolAsynchronousRunner - com.mchange.v2.async.ThreadPoolAsynchronousRunner@35390ee3: Adding task to queue -- com.mchange.v2.resourcepool.BasicResourcePool$1RefurbishCheckinResourceTask@1e6dad8
18:54:04.667 [C3P0PooledConnectionPoolManager[identityToken->z8kfsx9q1sr6dtukt760d|39a8312f]-HelperThread-#0] DEBUG c.m.v.c3p0.stmt.GooGooStatementCache - checkinAll(): com.mchange.v2.c3p0.stmt.GlobalMaxOnlyStatementCache stats -- total size: 0; checked out: 0; num connections: 0; num keys: 0
18:54:04.667 [main] DEBUG c.m.v.resourcepool.BasicResourcePool - trace com.mchange.v2.resourcepool.BasicResourcePool@3fb6cf60 [managed: 5, unused: 4, excluded: 0] (e.g. com.mchange.v2.c3p0.impl.NewPooledConnection@7dfe0279)
18:54:04.668 [main] DEBUG c.m.v2.c3p0.impl.NewProxyConnection - com.mchange.v2.c3p0.impl.NewProxyConnection@7b3315a5: close() called more than once.
18:54:04.690 [main] DEBUG o.h.internal.NamedQueryRepository - Checking 0 named HQL queries
18:54:04.690 [main] DEBUG o.h.internal.NamedQueryRepository - Checking 0 named SQL queries
18:54:04.729 [main] DEBUG o.h.s.internal.StatisticsInitiator - Statistics initialized [enabled=false]
18:54:07.456 [C3P0PooledConnectionPoolManager[identityToken->z8kfsx9q1sr6dtukt760d|39a8312f]-AdminTaskTimer] DEBUG c.m.v.a.ThreadPoolAsynchronousRunner - com.mchange.v2.async.ThreadPoolAsynchronousRunner$DeadlockDetector@6c477ebd -- Running DeadlockDetector[Exiting. No pending tasks.]
18:54:07.558 [C3P0PooledConnectionPoolManager[identityToken->z8kfsx9q1sr6dtukt760d|39a8312f]-AdminTaskTimer] DEBUG c.m.v.resourcepool.BasicResourcePool - Refurbishing idle resources - Wed Oct 04 18:54:07 ART 2017 [com.mchange.v2.resourcepool.BasicResourcePool@3fb6cf60]
18:54:07.562 [C3P0PooledConnectionPoolManager[identityToken->z8kfsx9q1sr6dtukt760d|39a8312f]-AdminTaskTimer] DEBUG c.m.v.a.ThreadPoolAsynchronousRunner - com.mchange.v2.async.ThreadPoolAsynchronousRunner@35390ee3: Adding task to queue -- com.mchange.v2.resourcepool.BasicResourcePool$AsyncTestIdleResourceTask@74d8b722
18:54:07.563 [C3P0PooledConnectionPoolManager[identityToken->z8kfsx9q1sr6dtukt760d|39a8312f]-AdminTaskTimer] DEBUG c.m.v.a.ThreadPoolAsynchronousRunner - com.mchange.v2.async.ThreadPoolAsynchronousRunner@35390ee3: Adding task to queue -- com.mchange.v2.resourcepool.BasicResourcePool$AsyncTestIdleResourceTask@12d47649
18:54:07.563 [C3P0PooledConnectionPoolManager[identityToken->z8kfsx9q1sr6dtukt760d|39a8312f]-HelperThread-#0] DEBUG c.m.v.c.i.C3P0PooledConnectionPool - Testing PooledConnection [com.mchange.v2.c3p0.impl.NewPooledConnection@6701da80] on IDLE CHECK.
18:54:07.563 [C3P0PooledConnectionPoolManager[identityToken->z8kfsx9q1sr6dtukt760d|39a8312f]-HelperThread-#2] DEBUG c.m.v.c.i.C3P0PooledConnectionPool - Testing PooledConnection [com.mchange.v2.c3p0.impl.NewPooledConnection@45c64b7c] on IDLE CHECK.
18:54:07.563 [C3P0PooledConnectionPoolManager[identityToken->z8kfsx9q1sr6dtukt760d|39a8312f]-AdminTaskTimer] DEBUG c.m.v.a.ThreadPoolAsynchronousRunner - com.mchange.v2.async.ThreadPoolAsynchronousRunner@35390ee3: Adding task to queue -- com.mchange.v2.resourcepool.BasicResourcePool$AsyncTestIdleResourceTask@c5b08a3
18:54:07.564 [C3P0PooledConnectionPoolManager[identityToken->z8kfsx9q1sr6dtukt760d|39a8312f]-HelperThread-#1] DEBUG c.m.v.c.i.C3P0PooledConnectionPool - Testing PooledConnection [com.mchange.v2.c3p0.impl.NewPooledConnection@56e6950d] on IDLE CHECK.
18:54:07.565 [C3P0PooledConnectionPoolManager[identityToken->z8kfsx9q1sr6dtukt760d|39a8312f]-AdminTaskTimer] DEBUG c.m.v.a.ThreadPoolAsynchronousRunner - com.mchange.v2.async.ThreadPoolAsynchronousRunner@35390ee3: Adding task to queue -- com.mchange.v2.resourcepool.BasicResourcePool$AsyncTestIdleResourceTask@43926831
18:54:07.566 [C3P0PooledConnectionPoolManager[identityToken->z8kfsx9q1sr6dtukt760d|39a8312f]-HelperThread-#1] DEBUG c.m.v.c3p0.stmt.GooGooStatementCache - checkinAll(): com.mchange.v2.c3p0.stmt.GlobalMaxOnlyStatementCache stats -- total size: 0; checked out: 0; num connections: 0; num keys: 0
18:54:07.567 [C3P0PooledConnectionPoolManager[identityToken->z8kfsx9q1sr6dtukt760d|39a8312f]-HelperThread-#2] DEBUG c.m.v.c3p0.stmt.GooGooStatementCache - checkinAll(): com.mchange.v2.c3p0.stmt.GlobalMaxOnlyStatementCache stats -- total size: 0; checked out: 0; num connections: 0; num keys: 0
18:54:07.567 [C3P0PooledConnectionPoolManager[identityToken->z8kfsx9q1sr6dtukt760d|39a8312f]-HelperThread-#1] DEBUG c.m.v.c.i.C3P0PooledConnectionPool - Test of PooledConnection [com.mchange.v2.c3p0.impl.NewPooledConnection@56e6950d] on IDLE CHECK has SUCCEEDED.
18:54:07.568 [C3P0PooledConnectionPoolManager[identityToken->z8kfsx9q1sr6dtukt760d|39a8312f]-AdminTaskTimer] DEBUG c.m.v.a.ThreadPoolAsynchronousRunner - com.mchange.v2.async.ThreadPoolAsynchronousRunner@35390ee3: Adding task to queue -- com.mchange.v2.resourcepool.BasicResourcePool$AsyncTestIdleResourceTask@72c2b6c6
18:54:07.568 [C3P0PooledConnectionPoolManager[identityToken->z8kfsx9q1sr6dtukt760d|39a8312f]-HelperThread-#2] DEBUG c.m.v.c.i.C3P0PooledConnectionPool - Test of PooledConnection [com.mchange.v2.c3p0.impl.NewPooledConnection@45c64b7c] on IDLE CHECK has SUCCEEDED.
18:54:07.568 [C3P0PooledConnectionPoolManager[identityToken->z8kfsx9q1sr6dtukt760d|39a8312f]-HelperThread-#0] DEBUG c.m.v.c3p0.stmt.GooGooStatementCache - checkinAll(): com.mchange.v2.c3p0.stmt.GlobalMaxOnlyStatementCache stats -- total size: 0; checked out: 0; num connections: 0; num keys: 0
18:54:07.568 [C3P0PooledConnectionPoolManager[identityToken->z8kfsx9q1sr6dtukt760d|39a8312f]-AdminTaskTimer] DEBUG c.m.v.resourcepool.BasicResourcePool - trace com.mchange.v2.resourcepool.BasicResourcePool@3fb6cf60 [managed: 5, unused: 5, excluded: 0] (e.g. com.mchange.v2.c3p0.impl.NewPooledConnection@7dfe0279)
18:54:07.568 [C3P0PooledConnectionPoolManager[identityToken->z8kfsx9q1sr6dtukt760d|39a8312f]-HelperThread-#0] DEBUG c.m.v.c.i.C3P0PooledConnectionPool - Test of PooledConnection [com.mchange.v2.c3p0.impl.NewPooledConnection@6701da80] on IDLE CHECK has SUCCEEDED.
18:54:07.568 [C3P0PooledConnectionPoolManager[identityToken->z8kfsx9q1sr6dtukt760d|39a8312f]-HelperThread-#0] DEBUG c.m.v.c.i.C3P0PooledConnectionPool - Testing PooledConnection [com.mchange.v2.c3p0.impl.NewPooledConnection@7dfe0279] on IDLE CHECK.
18:54:07.568 [C3P0PooledConnectionPoolManager[identityToken->z8kfsx9q1sr6dtukt760d|39a8312f]-HelperThread-#2] DEBUG c.m.v.c.i.C3P0PooledConnectionPool - Testing PooledConnection [com.mchange.v2.c3p0.impl.NewPooledConnection@2897ddf9] on IDLE CHECK.
18:54:07.570 [C3P0PooledConnectionPoolManager[identityToken->z8kfsx9q1sr6dtukt760d|39a8312f]-HelperThread-#0] DEBUG c.m.v.c3p0.stmt.GooGooStatementCache - checkinAll(): com.mchange.v2.c3p0.stmt.GlobalMaxOnlyStatementCache stats -- total size: 0; checked out: 0; num connections: 0; num keys: 0
18:54:07.570 [C3P0PooledConnectionPoolManager[identityToken->z8kfsx9q1sr6dtukt760d|39a8312f]-HelperThread-#0] DEBUG c.m.v.c.i.C3P0PooledConnectionPool - Test of PooledConnection [com.mchange.v2.c3p0.impl.NewPooledConnection@7dfe0279] on IDLE CHECK has SUCCEEDED.
18:54:07.570 [C3P0PooledConnectionPoolManager[identityToken->z8kfsx9q1sr6dtukt760d|39a8312f]-HelperThread-#2] DEBUG c.m.v.c3p0.stmt.GooGooStatementCache - checkinAll(): com.mchange.v2.c3p0.stmt.GlobalMaxOnlyStatementCache stats -- total size: 0; checked out: 0; num connections: 0; num keys: 0
18:54:07.570 [C3P0PooledConnectionPoolManager[identityToken->z8kfsx9q1sr6dtukt760d|39a8312f]-HelperThread-#2] DEBUG c.m.v.c.i.C3P0PooledConnectionPool - Test of PooledConnection [com.mchange.v2.c3p0.impl.NewPooledConnection@2897ddf9] on IDLE CHECK has SUCCEEDED.
18:54:17.456 [C3P0PooledConnectionPoolManager[identityToken->z8kfsx9q1sr6dtukt760d|39a8312f]-AdminTaskTimer] DEBUG c.m.v.a.ThreadPoolAsynchronousRunner - com.mchange.v2.async.ThreadPoolAsynchronousRunner$DeadlockDetector@6c477ebd -- Running DeadlockDetector[Exiting. No pending tasks.]
18:54:17.559 [C3P0PooledConnectionPoolManager[identityToken->z8kfsx9q1sr6dtukt760d|39a8312f]-AdminTaskTimer] DEBUG c.m.v.resourcepool.BasicResourcePool - Refurbishing idle resources - Wed Oct 04 18:54:17 ART 2017 [com.mchange.v2.resourcepool.BasicResourcePool@3fb6cf60]
18:54:17.561 [C3P0PooledConnectionPoolManager[identityToken->z8kfsx9q1sr6dtukt760d|39a8312f]-AdminTaskTimer] DEBUG c.m.v.a.ThreadPoolAsynchronousRunner - com.mchange.v2.async.ThreadPoolAsynchronousRunner@35390ee3: Adding task to queue -- com.mchange.v2.resourcepool.BasicResourcePool$AsyncTestIdleResourceTask@4395f0e9
18:54:17.561 [C3P0PooledConnectionPoolManager[identityToken->z8kfsx9q1sr6dtukt760d|39a8312f]-AdminTaskTimer] DEBUG c.m.v.a.ThreadPoolAsynchronousRunner - com.mchange.v2.async.ThreadPoolAsynchronousRunner@35390ee3: Adding task to queue -- com.mchange.v2.resourcepool.BasicResourcePool$AsyncTestIdleResourceTask@175fe628
18:54:17.562 [C3P0PooledConnectionPoolManager[identityToken->z8kfsx9q1sr6dtukt760d|39a8312f]-AdminTaskTimer] DEBUG c.m.v.a.ThreadPoolAsynchronousRunner - com.mchange.v2.async.ThreadPoolAsynchronousRunner@35390ee3: Adding task to queue -- com.mchange.v2.resourcepool.BasicResourcePool$AsyncTestIdleResourceTask@47dcd712
18:54:17.562 [C3P0PooledConnectionPoolManager[identityToken->z8kfsx9q1sr6dtukt760d|39a8312f]-AdminTaskTimer] DEBUG c.m.v.a.ThreadPoolAsynchronousRunner - com.mchange.v2.async.ThreadPoolAsynchronousRunner@35390ee3: Adding task to queue -- com.mchange.v2.resourcepool.BasicResourcePool$AsyncTestIdleResourceTask@204f2da9
18:54:17.562 [C3P0PooledConnectionPoolManager[identityToken->z8kfsx9q1sr6dtukt760d|39a8312f]-AdminTaskTimer] DEBUG c.m.v.a.ThreadPoolAsynchronousRunner - com.mchange.v2.async.ThreadPoolAsynchronousRunner@35390ee3: Adding task to queue -- com.mchange.v2.resourcepool.BasicResourcePool$AsyncTestIdleResourceTask@4c3193f1
18:54:17.562 [C3P0PooledConnectionPoolManager[identityToken->z8kfsx9q1sr6dtukt760d|39a8312f]-AdminTaskTimer] DEBUG c.m.v.resourcepool.BasicResourcePool - trace com.mchange.v2.resourcepool.BasicResourcePool@3fb6cf60 [managed: 5, unused: 5, excluded: 0] (e.g. com.mchange.v2.c3p0.impl.NewPooledConnection@7dfe0279)
18:54:17.562 [C3P0PooledConnectionPoolManager[identityToken->z8kfsx9q1sr6dtukt760d|39a8312f]-HelperThread-#2] DEBUG c.m.v.c.i.C3P0PooledConnectionPool - Testing PooledConnection [com.mchange.v2.c3p0.impl.NewPooledConnection@6701da80] on IDLE CHECK.
18:54:17.562 [C3P0PooledConnectionPoolManager[identityToken->z8kfsx9q1sr6dtukt760d|39a8312f]-HelperThread-#0] DEBUG c.m.v.c.i.C3P0PooledConnectionPool - Testing PooledConnection [com.mchange.v2.c3p0.impl.NewPooledConnection@45c64b7c] on IDLE CHECK.
18:54:17.562 [C3P0PooledConnectionPoolManager[identityToken->z8kfsx9q1sr6dtukt760d|39a8312f]-HelperThread-#1] DEBUG c.m.v.c.i.C3P0PooledConnectionPool - Testing PooledConnection [com.mchange.v2.c3p0.impl.NewPooledConnection@56e6950d] on IDLE CHECK.
18:54:17.563 [C3P0PooledConnectionPoolManager[identityToken->z8kfsx9q1sr6dtukt760d|39a8312f]-HelperThread-#2] DEBUG c.m.v.c3p0.stmt.GooGooStatementCache - checkinAll(): com.mchange.v2.c3p0.stmt.GlobalMaxOnlyStatementCache stats -- total size: 0; checked out: 0; num connections: 0; num keys: 0
18:54:17.564 [C3P0PooledConnectionPoolManager[identityToken->z8kfsx9q1sr6dtukt760d|39a8312f]-HelperThread-#2] DEBUG c.m.v.c.i.C3P0PooledConnectionPool - Test of PooledConnection [com.mchange.v2.c3p0.impl.NewPooledConnection@6701da80] on IDLE CHECK has SUCCEEDED.
18:54:17.564 [C3P0PooledConnectionPoolManager[identityToken->z8kfsx9q1sr6dtukt760d|39a8312f]-HelperThread-#0] DEBUG c.m.v.c3p0.stmt.GooGooStatementCache - checkinAll(): com.mchange.v2.c3p0.stmt.GlobalMaxOnlyStatementCache stats -- total size: 0; checked out: 0; num connections: 0; num keys: 0
18:54:17.564 [C3P0PooledConnectionPoolManager[identityToken->z8kfsx9q1sr6dtukt760d|39a8312f]-HelperThread-#0] DEBUG c.m.v.c.i.C3P0PooledConnectionPool - Test of PooledConnection [com.mchange.v2.c3p0.impl.NewPooledConnection@45c64b7c] on IDLE CHECK has SUCCEEDED.
18:54:17.564 [C3P0PooledConnectionPoolManager[identityToken->z8kfsx9q1sr6dtukt760d|39a8312f]-HelperThread-#1] DEBUG c.m.v.c3p0.stmt.GooGooStatementCache - checkinAll(): com.mchange.v2.c3p0.stmt.GlobalMaxOnlyStatementCache stats -- total size: 0; checked out: 0; num connections: 0; num keys: 0
18:54:17.564 [C3P0PooledConnectionPoolManager[identityToken->z8kfsx9q1sr6dtukt760d|39a8312f]-HelperThread-#0] DEBUG c.m.v.c.i.C3P0PooledConnectionPool - Testing PooledConnection [com.mchange.v2.c3p0.impl.NewPooledConnection@2897ddf9] on IDLE CHECK.
18:54:17.565 [C3P0PooledConnectionPoolManager[identityToken->z8kfsx9q1sr6dtukt760d|39a8312f]-HelperThread-#1] DEBUG c.m.v.c.i.C3P0PooledConnectionPool - Test of PooledConnection [com.mchange.v2.c3p0.impl.NewPooledConnection@56e6950d] on IDLE CHECK has SUCCEEDED.
18:54:17.565 [C3P0PooledConnectionPoolManager[identityToken->z8kfsx9q1sr6dtukt760d|39a8312f]-HelperThread-#2] DEBUG c.m.v.c.i.C3P0PooledConnectionPool - Testing PooledConnection [com.mchange.v2.c3p0.impl.NewPooledConnection@7dfe0279] on IDLE CHECK.
18:54:17.569 [C3P0PooledConnectionPoolManager[identityToken->z8kfsx9q1sr6dtukt760d|39a8312f]-HelperThread-#2] DEBUG c.m.v.c3p0.stmt.GooGooStatementCache - checkinAll(): com.mchange.v2.c3p0.stmt.GlobalMaxOnlyStatementCache stats -- total size: 0; checked out: 0; num connections: 0; num keys: 0
18:54:17.569 [C3P0PooledConnectionPoolManager[identityToken->z8kfsx9q1sr6dtukt760d|39a8312f]-HelperThread-#2] DEBUG c.m.v.c.i.C3P0PooledConnectionPool - Test of PooledConnection [com.mchange.v2.c3p0.impl.NewPooledConnection@7dfe0279] on IDLE CHECK has SUCCEEDED.
18:54:17.569 [C3P0PooledConnectionPoolManager[identityToken->z8kfsx9q1sr6dtukt760d|39a8312f]-HelperThread-#0] DEBUG c.m.v.c3p0.stmt.GooGooStatementCache - checkinAll(): com.mchange.v2.c3p0.stmt.GlobalMaxOnlyStatementCache stats -- total size: 0; checked out: 0; num connections: 0; num keys: 0
18:54:17.569 [C3P0PooledConnectionPoolManager[identityToken->z8kfsx9q1sr6dtukt760d|39a8312f]-HelperThread-#0] DEBUG c.m.v.c.i.C3P0PooledConnectionPool - Test of PooledConnection [com.mchange.v2.c3p0.impl.NewPooledConnection@2897ddf9] on IDLE CHECK has SUCCEEDED.
18:54:27.456 [C3P0PooledConnectionPoolManager[identityToken->z8kfsx9q1sr6dtukt760d|39a8312f]-AdminTaskTimer] DEBUG c.m.v.a.ThreadPoolAsynchronousRunner - com.mchange.v2.async.ThreadPoolAsynchronousRunner$DeadlockDetector@6c477ebd -- Running DeadlockDetector[Exiting. No pending tasks.]
18:54:27.559 [C3P0PooledConnectionPoolManager[identityToken->z8kfsx9q1sr6dtukt760d|39a8312f]-AdminTaskTimer] DEBUG c.m.v.resourcepool.BasicResourcePool - Refurbishing idle resources - Wed Oct 04 18:54:27 ART 2017 [com.mchange.v2.resourcepool.BasicResourcePool@3fb6cf60]
18:54:27.560 [C3P0PooledConnectionPoolManager[identityToken->z8kfsx9q1sr6dtukt760d|39a8312f]-AdminTaskTimer] DEBUG c.m.v.a.ThreadPoolAsynchronousRunner - com.mchange.v2.async.ThreadPoolAsynchronousRunner@35390ee3: Adding task to queue -- com.mchange.v2.resourcepool.BasicResourcePool$AsyncTestIdleResourceTask@24b742f9
18:54:27.560 [C3P0PooledConnectionPoolManager[identityToken->z8kfsx9q1sr6dtukt760d|39a8312f]-AdminTaskTimer] DEBUG c.m.v.a.ThreadPoolAsynchronousRunner - com.mchange.v2.async.ThreadPoolAsynchronousRunner@35390ee3: Adding task to queue -- com.mchange.v2.resourcepool.BasicResourcePool$AsyncTestIdleResourceTask@572653a
18:54:27.560 [C3P0PooledConnectionPoolManager[identityToken->z8kfsx9q1sr6dtukt760d|39a8312f]-AdminTaskTimer] DEBUG c.m.v.a.ThreadPoolAsynchronousRunner - com.mchange.v2.async.ThreadPoolAsynchronousRunner@35390ee3: Adding task to queue -- com.mchange.v2.resourcepool.BasicResourcePool$AsyncTestIdleResourceTask@5c893258
18:54:27.560 [C3P0PooledConnectionPoolManager[identityToken->z8kfsx9q1sr6dtukt760d|39a8312f]-AdminTaskTimer] DEBUG c.m.v.a.ThreadPoolAsynchronousRunner - com.mchange.v2.async.ThreadPoolAsynchronousRunner@35390ee3: Adding task to queue -- com.mchange.v2.resourcepool.BasicResourcePool$AsyncTestIdleResourceTask@1c678c23
18:54:27.560 [C3P0PooledConnectionPoolManager[identityToken->z8kfsx9q1sr6dtukt760d|39a8312f]-AdminTaskTimer] DEBUG c.m.v.a.ThreadPoolAsynchronousRunner - com.mchange.v2.async.ThreadPoolAsynchronousRunner@35390ee3: Adding task to queue -- com.mchange.v2.resourcepool.BasicResourcePool$AsyncTestIdleResourceTask@259a5dc
18:54:27.560 [C3P0PooledConnectionPoolManager[identityToken->z8kfsx9q1sr6dtukt760d|39a8312f]-AdminTaskTimer] DEBUG c.m.v.resourcepool.BasicResourcePool - trace com.mchange.v2.resourcepool.BasicResourcePool@3fb6cf60 [managed: 5, unused: 5, excluded: 0] (e.g. com.mchange.v2.c3p0.impl.NewPooledConnection@7dfe0279)
18:54:27.560 [C3P0PooledConnectionPoolManager[identityToken->z8kfsx9q1sr6dtukt760d|39a8312f]-HelperThread-#0] DEBUG c.m.v.c.i.C3P0PooledConnectionPool - Testing PooledConnection [com.mchange.v2.c3p0.impl.NewPooledConnection@6701da80] on IDLE CHECK.
18:54:27.561 [C3P0PooledConnectionPoolManager[identityToken->z8kfsx9q1sr6dtukt760d|39a8312f]-HelperThread-#2] DEBUG c.m.v.c.i.C3P0PooledConnectionPool - Testing PooledConnection [com.mchange.v2.c3p0.impl.NewPooledConnection@45c64b7c] on IDLE CHECK.
18:54:27.561 [C3P0PooledConnectionPoolManager[identityToken->z8kfsx9q1sr6dtukt760d|39a8312f]-HelperThread-#1] DEBUG c.m.v.c.i.C3P0PooledConnectionPool - Testing PooledConnection [com.mchange.v2.c3p0.impl.NewPooledConnection@56e6950d] on IDLE CHECK.
18:54:27.563 [C3P0PooledConnectionPoolManager[identityToken->z8kfsx9q1sr6dtukt760d|39a8312f]-HelperThread-#0] DEBUG c.m.v.c3p0.stmt.GooGooStatementCache - checkinAll(): com.mchange.v2.c3p0.stmt.GlobalMaxOnlyStatementCache stats -- total size: 0; checked out: 0; num connections: 0; num keys: 0
18:54:27.563 [C3P0PooledConnectionPoolManager[identityToken->z8kfsx9q1sr6dtukt760d|39a8312f]-HelperThread-#1] DEBUG c.m.v.c3p0.stmt.GooGooStatementCache - checkinAll(): com.mchange.v2.c3p0.stmt.GlobalMaxOnlyStatementCache stats -- total size: 0; checked out: 0; num connections: 0; num keys: 0
18:54:27.563 [C3P0PooledConnectionPoolManager[identityToken->z8kfsx9q1sr6dtukt760d|39a8312f]-HelperThread-#0] DEBUG c.m.v.c.i.C3P0PooledConnectionPool - Test of PooledConnection [com.mchange.v2.c3p0.impl.NewPooledConnection@6701da80] on IDLE CHECK has SUCCEEDED.
18:54:27.563 [C3P0PooledConnectionPoolManager[identityToken->z8kfsx9q1sr6dtukt760d|39a8312f]-HelperThread-#1] DEBUG c.m.v.c.i.C3P0PooledConnectionPool - Test of PooledConnection [com.mchange.v2.c3p0.impl.NewPooledConnection@56e6950d] on IDLE CHECK has SUCCEEDED.
18:54:27.563 [C3P0PooledConnectionPoolManager[identityToken->z8kfsx9q1sr6dtukt760d|39a8312f]-HelperThread-#0] DEBUG c.m.v.c.i.C3P0PooledConnectionPool - Testing PooledConnection [com.mchange.v2.c3p0.impl.NewPooledConnection@2897ddf9] on IDLE CHECK.
18:54:27.564 [C3P0PooledConnectionPoolManager[identityToken->z8kfsx9q1sr6dtukt760d|39a8312f]-HelperThread-#1] DEBUG c.m.v.c.i.C3P0PooledConnectionPool - Testing PooledConnection [com.mchange.v2.c3p0.impl.NewPooledConnection@7dfe0279] on IDLE CHECK.
18:54:27.565 [C3P0PooledConnectionPoolManager[identityToken->z8kfsx9q1sr6dtukt760d|39a8312f]-HelperThread-#0] DEBUG c.m.v.c3p0.stmt.GooGooStatementCache - checkinAll(): com.mchange.v2.c3p0.stmt.GlobalMaxOnlyStatementCache stats -- total size: 0; checked out: 0; num connections: 0; num keys: 0
18:54:27.566 [C3P0PooledConnectionPoolManager[identityToken->z8kfsx9q1sr6dtukt760d|39a8312f]-HelperThread-#0] DEBUG c.m.v.c.i.C3P0PooledConnectionPool - Test of PooledConnection [com.mchange.v2.c3p0.impl.NewPooledConnection@2897ddf9] on IDLE CHECK has SUCCEEDED.
18:54:27.566 [C3P0PooledConnectionPoolManager[identityToken->z8kfsx9q1sr6dtukt760d|39a8312f]-HelperThread-#1] DEBUG c.m.v.c3p0.stmt.GooGooStatementCache - checkinAll(): com.mchange.v2.c3p0.stmt.GlobalMaxOnlyStatementCache stats -- total size: 0; checked out: 0; num connections: 0; num keys: 0
18:54:27.567 [C3P0PooledConnectionPoolManager[identityToken->z8kfsx9q1sr6dtukt760d|39a8312f]-HelperThread-#1] DEBUG c.m.v.c.i.C3P0PooledConnectionPool - Test of PooledConnection [com.mchange.v2.c3p0.impl.NewPooledConnection@7dfe0279] on IDLE CHECK has SUCCEEDED.
18:54:27.567 [C3P0PooledConnectionPoolManager[identityToken->z8kfsx9q1sr6dtukt760d|39a8312f]-HelperThread-#2] DEBUG c.m.v.c3p0.stmt.GooGooStatementCache - checkinAll(): com.mchange.v2.c3p0.stmt.GlobalMaxOnlyStatementCache stats -- total size: 0; checked out: 0; num connections: 0; num keys: 0
18:54:27.567 [C3P0PooledConnectionPoolManager[identityToken->z8kfsx9q1sr6dtukt760d|39a8312f]-HelperThread-#2] DEBUG c.m.v.c.i.C3P0PooledConnectionPool - Test of PooledConnection [com.mchange.v2.c3p0.impl.NewPooledConnection@45c64b7c] on IDLE CHECK has SUCCEEDED.
18:54:37.456 [C3P0PooledConnectionPoolManager[identityToken->z8kfsx9q1sr6dtukt760d|39a8312f]-AdminTaskTimer] DEBUG c.m.v.a.ThreadPoolAsynchronousRunner - com.mchange.v2.async.ThreadPoolAsynchronousRunner$DeadlockDetector@6c477ebd -- Running DeadlockDetector[Exiting. No pending tasks.]
18:54:37.559 [C3P0PooledConnectionPoolManager[identityToken->z8kfsx9q1sr6dtukt760d|39a8312f]-AdminTaskTimer] DEBUG c.m.v.resourcepool.BasicResourcePool - Refurbishing idle resources - Wed Oct 04 18:54:37 ART 2017 [com.mchange.v2.resourcepool.BasicResourcePool@3fb6cf60]
18:54:37.560 [C3P0PooledConnectionPoolManager[identityToken->z8kfsx9q1sr6dtukt760d|39a8312f]-AdminTaskTimer] DEBUG c.m.v.a.ThreadPoolAsynchronousRunner - com.mchange.v2.async.ThreadPoolAsynchronousRunner@35390ee3: Adding task to queue -- com.mchange.v2.resourcepool.BasicResourcePool$AsyncTestIdleResourceTask@14145b18
18:54:37.560 [C3P0PooledConnectionPoolManager[identityToken->z8kfsx9q1sr6dtukt760d|39a8312f]-AdminTaskTimer] DEBUG c.m.v.a.ThreadPoolAsynchronousRunner - com.mchange.v2.async.ThreadPoolAsynchronousRunner@35390ee3: Adding task to queue -- com.mchange.v2.resourcepool.BasicResourcePool$AsyncTestIdleResourceTask@11aa030
18:54:37.560 [C3P0PooledConnectionPoolManager[identityToken->z8kfsx9q1sr6dtukt760d|39a8312f]-AdminTaskTimer] DEBUG c.m.v.a.ThreadPoolAsynchronousRunner - com.mchange.v2.async.ThreadPoolAsynchronousRunner@35390ee3: Adding task to queue -- com.mchange.v2.resourcepool.BasicResourcePool$AsyncTestIdleResourceTask@213c22a4
18:54:37.560 [C3P0PooledConnectionPoolManager[identityToken->z8kfsx9q1sr6dtukt760d|39a8312f]-AdminTaskTimer] DEBUG c.m.v.a.ThreadPoolAsynchronousRunner - com.mchange.v2.async.ThreadPoolAsynchronousRunner@35390ee3: Adding task to queue -- com.mchange.v2.resourcepool.BasicResourcePool$AsyncTestIdleResourceTask@6e04041a
18:54:37.560 [C3P0PooledConnectionPoolManager[identityToken->z8kfsx9q1sr6dtukt760d|39a8312f]-AdminTaskTimer] DEBUG c.m.v.a.ThreadPoolAsynchronousRunner - com.mchange.v2.async.ThreadPoolAsynchronousRunner@35390ee3: Adding task to queue -- com.mchange.v2.resourcepool.BasicResourcePool$AsyncTestIdleResourceTask@58fe4e59
18:54:37.560 [C3P0PooledConnectionPoolManager[identityToken->z8kfsx9q1sr6dtukt760d|39a8312f]-AdminTaskTimer] DEBUG c.m.v.resourcepool.BasicResourcePool - trace com.mchange.v2.resourcepool.BasicResourcePool@3fb6cf60 [managed: 5, unused: 5, excluded: 0] (e.g. com.mchange.v2.c3p0.impl.NewPooledConnection@7dfe0279)
18:54:37.560 [C3P0PooledConnectionPoolManager[identityToken->z8kfsx9q1sr6dtukt760d|39a8312f]-HelperThread-#2] DEBUG c.m.v.c.i.C3P0PooledConnectionPool - Testing PooledConnection [com.mchange.v2.c3p0.impl.NewPooledConnection@6701da80] on IDLE CHECK.
18:54:37.561 [C3P0PooledConnectionPoolManager[identityToken->z8kfsx9q1sr6dtukt760d|39a8312f]-HelperThread-#1] DEBUG c.m.v.c.i.C3P0PooledConnectionPool - Testing PooledConnection [com.mchange.v2.c3p0.impl.NewPooledConnection@45c64b7c] on IDLE CHECK.
18:54:37.561 [C3P0PooledConnectionPoolManager[identityToken->z8kfsx9q1sr6dtukt760d|39a8312f]-HelperThread-#0] DEBUG c.m.v.c.i.C3P0PooledConnectionPool - Testing PooledConnection [com.mchange.v2.c3p0.impl.NewPooledConnection@56e6950d] on IDLE CHECK.
18:54:37.564 [C3P0PooledConnectionPoolManager[identityToken->z8kfsx9q1sr6dtukt760d|39a8312f]-HelperThread-#2] DEBUG c.m.v.c3p0.stmt.GooGooStatementCache - checkinAll(): com.mchange.v2.c3p0.stmt.GlobalMaxOnlyStatementCache stats -- total size: 0; checked out: 0; num connections: 0; num keys: 0
18:54:37.565 [C3P0PooledConnectionPoolManager[identityToken->z8kfsx9q1sr6dtukt760d|39a8312f]-HelperThread-#2] DEBUG c.m.v.c.i.C3P0PooledConnectionPool - Test of PooledConnection [com.mchange.v2.c3p0.impl.NewPooledConnection@6701da80] on IDLE CHECK has SUCCEEDED.
18:54:37.565 [C3P0PooledConnectionPoolManager[identityToken->z8kfsx9q1sr6dtukt760d|39a8312f]-HelperThread-#1] DEBUG c.m.v.c3p0.stmt.GooGooStatementCache - checkinAll(): com.mchange.v2.c3p0.stmt.GlobalMaxOnlyStatementCache stats -- total size: 0; checked out: 0; num connections: 0; num keys: 0
18:54:37.565 [C3P0PooledConnectionPoolManager[identityToken->z8kfsx9q1sr6dtukt760d|39a8312f]-HelperThread-#2] DEBUG c.m.v.c.i.C3P0PooledConnectionPool - Testing PooledConnection [com.mchange.v2.c3p0.impl.NewPooledConnection@2897ddf9] on IDLE CHECK.
18:54:37.565 [C3P0PooledConnectionPoolManager[identityToken->z8kfsx9q1sr6dtukt760d|39a8312f]-HelperThread-#1] DEBUG c.m.v.c.i.C3P0PooledConnectionPool - Test of PooledConnection [com.mchange.v2.c3p0.impl.NewPooledConnection@45c64b7c] on IDLE CHECK has SUCCEEDED.
18:54:37.565 [C3P0PooledConnectionPoolManager[identityToken->z8kfsx9q1sr6dtukt760d|39a8312f]-HelperThread-#1] DEBUG c.m.v.c.i.C3P0PooledConnectionPool - Testing PooledConnection [com.mchange.v2.c3p0.impl.NewPooledConnection@7dfe0279] on IDLE CHECK.
18:54:37.566 [C3P0PooledConnectionPoolManager[identityToken->z8kfsx9q1sr6dtukt760d|39a8312f]-HelperThread-#0] DEBUG c.m.v.c3p0.stmt.GooGooStatementCache - checkinAll(): com.mchange.v2.c3p0.stmt.GlobalMaxOnlyStatementCache stats -- total size: 0; checked out: 0; num connections: 0; num keys: 0
18:54:37.567 [C3P0PooledConnectionPoolManager[identityToken->z8kfsx9q1sr6dtukt760d|39a8312f]-HelperThread-#0] DEBUG c.m.v.c.i.C3P0PooledConnectionPool - Test of PooledConnection [com.mchange.v2.c3p0.impl.NewPooledConnection@56e6950d] on IDLE CHECK has SUCCEEDED.
18:54:37.567 [C3P0PooledConnectionPoolManager[identityToken->z8kfsx9q1sr6dtukt760d|39a8312f]-HelperThread-#1] DEBUG c.m.v.c3p0.stmt.GooGooStatementCache - checkinAll(): com.mchange.v2.c3p0.stmt.GlobalMaxOnlyStatementCache stats -- total size: 0; checked out: 0; num connections: 0; num keys: 0
18:54:37.567 [C3P0PooledConnectionPoolManager[identityToken->z8kfsx9q1sr6dtukt760d|39a8312f]-HelperThread-#1] DEBUG c.m.v.c.i.C3P0PooledConnectionPool - Test of PooledConnection [com.mchange.v2.c3p0.impl.NewPooledConnection@7dfe0279] on IDLE CHECK has SUCCEEDED.
18:54:37.567 [C3P0PooledConnectionPoolManager[identityToken->z8kfsx9q1sr6dtukt760d|39a8312f]-HelperThread-#2] DEBUG c.m.v.c3p0.stmt.GooGooStatementCache - checkinAll(): com.mchange.v2.c3p0.stmt.GlobalMaxOnlyStatementCache stats -- total size: 0; checked out: 0; num connections: 0; num keys: 0
18:54:37.568 [C3P0PooledConnectionPoolManager[identityToken->z8kfsx9q1sr6dtukt760d|39a8312f]-HelperThread-#2] DEBUG c.m.v.c.i.C3P0PooledConnectionPool - Test of PooledConnection [com.mchange.v2.c3p0.impl.NewPooledConnection@2897ddf9] on IDLE CHECK has SUCCEEDED.
18:54:45.618 [main] ERROR c.f.s.m.d.hibernate.DetalleticketDAO - null
java.lang.NullPointerException: null
	at com.fabiocompany.supermercadosdeltaplus.persistence.dao.hibernate.GenericDAO.getSession(GenericDAO.java:62) ~[classes/:na]
	at com.fabiocompany.supermercadosdeltaplus.model.dao.hibernate.DetalleticketDAO.detalleDeTickets(DetalleticketDAO.java:33) ~[classes/:na]
	at com.fabiocompany.supermercadosdeltaplus.model.service.impl.DetalleticketService.ofertarProducto(DetalleticketService.java:43) [classes/:na]
	at com.fabiocompany.supermercadosdeltaplus.test.OfertarProductoTest.probarServicioDeNegocio(OfertarProductoTest.java:20) [test-classes/:na]
	at sun.reflect.NativeMethodAccessorImpl.invoke0(Native Method) ~[na:1.8.0_144]
	at sun.reflect.NativeMethodAccessorImpl.invoke(NativeMethodAccessorImpl.java:62) ~[na:1.8.0_144]
	at sun.reflect.DelegatingMethodAccessorImpl.invoke(DelegatingMethodAccessorImpl.java:43) ~[na:1.8.0_144]
	at java.lang.reflect.Method.invoke(Method.java:498) ~[na:1.8.0_144]
	at org.junit.runners.model.FrameworkMethod$1.runReflectiveCall(FrameworkMethod.java:50) [junit-4.12.jar:4.12]
	at org.junit.internal.runners.model.ReflectiveCallable.run(ReflectiveCallable.java:12) [junit-4.12.jar:4.12]
	at org.junit.runners.model.FrameworkMethod.invokeExplosively(FrameworkMethod.java:47) [junit-4.12.jar:4.12]
	at org.junit.internal.runners.statements.InvokeMethod.evaluate(InvokeMethod.java:17) [junit-4.12.jar:4.12]
	at org.junit.runners.ParentRunner.runLeaf(ParentRunner.java:325) [junit-4.12.jar:4.12]
	at org.junit.runners.BlockJUnit4ClassRunner.runChild(BlockJUnit4ClassRunner.java:78) [junit-4.12.jar:4.12]
	at org.junit.runners.BlockJUnit4ClassRunner.runChild(BlockJUnit4ClassRunner.java:57) [junit-4.12.jar:4.12]
	at org.junit.runners.ParentRunner$3.run(ParentRunner.java:290) [junit-4.12.jar:4.12]
	at org.junit.runners.ParentRunner$1.schedule(ParentRunner.java:71) [junit-4.12.jar:4.12]
	at org.junit.runners.ParentRunner.runChildren(ParentRunner.java:288) [junit-4.12.jar:4.12]
	at org.junit.runners.ParentRunner.access$000(ParentRunner.java:58) [junit-4.12.jar:4.12]
	at org.junit.runners.ParentRunner$2.evaluate(ParentRunner.java:268) [junit-4.12.jar:4.12]
	at org.junit.runners.ParentRunner.run(ParentRunner.java:363) [junit-4.12.jar:4.12]
	at org.apache.maven.surefire.junit4.JUnit4Provider.execute(JUnit4Provider.java:283) [surefire-junit4-2.18.1.jar:2.18.1]
	at org.apache.maven.surefire.junit4.JUnit4Provider.executeWithRerun(JUnit4Provider.java:173) [surefire-junit4-2.18.1.jar:2.18.1]
	at org.apache.maven.surefire.junit4.JUnit4Provider.executeTestSet(JUnit4Provider.java:153) [surefire-junit4-2.18.1.jar:2.18.1]
	at org.apache.maven.surefire.junit4.JUnit4Provider.invoke(JUnit4Provider.java:128) [surefire-junit4-2.18.1.jar:2.18.1]
	at org.apache.maven.surefire.booter.ForkedBooter.invokeProviderInSameClassLoader(ForkedBooter.java:203) [surefire-booter-2.18.1.jar:2.18.1]
	at org.apache.maven.surefire.booter.ForkedBooter.runSuitesInProcess(ForkedBooter.java:155) [surefire-booter-2.18.1.jar:2.18.1]
	at org.apache.maven.surefire.booter.ForkedBooter.main(ForkedBooter.java:103) [surefire-booter-2.18.1.jar:2.18.1]
18:54:47.367 [main] ERROR c.f.s.m.s.impl.DetalleticketService - null
com.fabiocompany.supermercadosdeltaplus.persistence.exception.PersistenceException: null
	at com.fabiocompany.supermercadosdeltaplus.model.dao.hibernate.DetalleticketDAO.detalleDeTickets(DetalleticketDAO.java:36) ~[classes/:na]
	at com.fabiocompany.supermercadosdeltaplus.model.service.impl.DetalleticketService.ofertarProducto(DetalleticketService.java:43) ~[classes/:na]
	at com.fabiocompany.supermercadosdeltaplus.test.OfertarProductoTest.probarServicioDeNegocio(OfertarProductoTest.java:20) [test-classes/:na]
	at sun.reflect.NativeMethodAccessorImpl.invoke0(Native Method) ~[na:1.8.0_144]
	at sun.reflect.NativeMethodAccessorImpl.invoke(NativeMethodAccessorImpl.java:62) ~[na:1.8.0_144]
	at sun.reflect.DelegatingMethodAccessorImpl.invoke(DelegatingMethodAccessorImpl.java:43) ~[na:1.8.0_144]
	at java.lang.reflect.Method.invoke(Method.java:498) ~[na:1.8.0_144]
	at org.junit.runners.model.FrameworkMethod$1.runReflectiveCall(FrameworkMethod.java:50) [junit-4.12.jar:4.12]
	at org.junit.internal.runners.model.ReflectiveCallable.run(ReflectiveCallable.java:12) [junit-4.12.jar:4.12]
	at org.junit.runners.model.FrameworkMethod.invokeExplosively(FrameworkMethod.java:47) [junit-4.12.jar:4.12]
	at org.junit.internal.runners.statements.InvokeMethod.evaluate(InvokeMethod.java:17) [junit-4.12.jar:4.12]
	at org.junit.runners.ParentRunner.runLeaf(ParentRunner.java:325) [junit-4.12.jar:4.12]
	at org.junit.runners.BlockJUnit4ClassRunner.runChild(BlockJUnit4ClassRunner.java:78) [junit-4.12.jar:4.12]
	at org.junit.runners.BlockJUnit4ClassRunner.runChild(BlockJUnit4ClassRunner.java:57) [junit-4.12.jar:4.12]
	at org.junit.runners.ParentRunner$3.run(ParentRunner.java:290) [junit-4.12.jar:4.12]
	at org.junit.runners.ParentRunner$1.schedule(ParentRunner.java:71) [junit-4.12.jar:4.12]
	at org.junit.runners.ParentRunner.runChildren(ParentRunner.java:288) [junit-4.12.jar:4.12]
	at org.junit.runners.ParentRunner.access$000(ParentRunner.java:58) [junit-4.12.jar:4.12]
	at org.junit.runners.ParentRunner$2.evaluate(ParentRunner.java:268) [junit-4.12.jar:4.12]
	at org.junit.runners.ParentRunner.run(ParentRunner.java:363) [junit-4.12.jar:4.12]
	at org.apache.maven.surefire.junit4.JUnit4Provider.execute(JUnit4Provider.java:283) [surefire-junit4-2.18.1.jar:2.18.1]
	at org.apache.maven.surefire.junit4.JUnit4Provider.executeWithRerun(JUnit4Provider.java:173) [surefire-junit4-2.18.1.jar:2.18.1]
	at org.apache.maven.surefire.junit4.JUnit4Provider.executeTestSet(JUnit4Provider.java:153) [surefire-junit4-2.18.1.jar:2.18.1]
	at org.apache.maven.surefire.junit4.JUnit4Provider.invoke(JUnit4Provider.java:128) [surefire-junit4-2.18.1.jar:2.18.1]
	at org.apache.maven.surefire.booter.ForkedBooter.invokeProviderInSameClassLoader(ForkedBooter.java:203) [surefire-booter-2.18.1.jar:2.18.1]
	at org.apache.maven.surefire.booter.ForkedBooter.runSuitesInProcess(ForkedBooter.java:155) [surefire-booter-2.18.1.jar:2.18.1]
	at org.apache.maven.surefire.booter.ForkedBooter.main(ForkedBooter.java:103) [surefire-booter-2.18.1.jar:2.18.1]
Caused by: java.lang.NullPointerException: null
	at com.fabiocompany.supermercadosdeltaplus.persistence.dao.hibernate.GenericDAO.getSession(GenericDAO.java:62) ~[classes/:na]
	at com.fabiocompany.supermercadosdeltaplus.model.dao.hibernate.DetalleticketDAO.detalleDeTickets(DetalleticketDAO.java:33) ~[classes/:na]
	... 26 common frames omitted
18:54:47.456 [C3P0PooledConnectionPoolManager[identityToken->z8kfsx9q1sr6dtukt760d|39a8312f]-AdminTaskTimer] DEBUG c.m.v.a.ThreadPoolAsynchronousRunner - com.mchange.v2.async.ThreadPoolAsynchronousRunner$DeadlockDetector@6c477ebd -- Running DeadlockDetector[Exiting. No pending tasks.]
18:54:47.559 [C3P0PooledConnectionPoolManager[identityToken->z8kfsx9q1sr6dtukt760d|39a8312f]-AdminTaskTimer] DEBUG c.m.v.resourcepool.BasicResourcePool - Refurbishing idle resources - Wed Oct 04 18:54:47 ART 2017 [com.mchange.v2.resourcepool.BasicResourcePool@3fb6cf60]
18:54:47.559 [C3P0PooledConnectionPoolManager[identityToken->z8kfsx9q1sr6dtukt760d|39a8312f]-AdminTaskTimer] DEBUG c.m.v.a.ThreadPoolAsynchronousRunner - com.mchange.v2.async.ThreadPoolAsynchronousRunner@35390ee3: Adding task to queue -- com.mchange.v2.resourcepool.BasicResourcePool$AsyncTestIdleResourceTask@cb16e56
18:54:47.559 [C3P0PooledConnectionPoolManager[identityToken->z8kfsx9q1sr6dtukt760d|39a8312f]-AdminTaskTimer] DEBUG c.m.v.a.ThreadPoolAsynchronousRunner - com.mchange.v2.async.ThreadPoolAsynchronousRunner@35390ee3: Adding task to queue -- com.mchange.v2.resourcepool.BasicResourcePool$AsyncTestIdleResourceTask@4cd85466
18:54:47.560 [C3P0PooledConnectionPoolManager[identityToken->z8kfsx9q1sr6dtukt760d|39a8312f]-AdminTaskTimer] DEBUG c.m.v.a.ThreadPoolAsynchronousRunner - com.mchange.v2.async.ThreadPoolAsynchronousRunner@35390ee3: Adding task to queue -- com.mchange.v2.resourcepool.BasicResourcePool$AsyncTestIdleResourceTask@232bd33
18:54:47.560 [C3P0PooledConnectionPoolManager[identityToken->z8kfsx9q1sr6dtukt760d|39a8312f]-AdminTaskTimer] DEBUG c.m.v.a.ThreadPoolAsynchronousRunner - com.mchange.v2.async.ThreadPoolAsynchronousRunner@35390ee3: Adding task to queue -- com.mchange.v2.resourcepool.BasicResourcePool$AsyncTestIdleResourceTask@2894b7aa
18:54:47.560 [C3P0PooledConnectionPoolManager[identityToken->z8kfsx9q1sr6dtukt760d|39a8312f]-AdminTaskTimer] DEBUG c.m.v.a.ThreadPoolAsynchronousRunner - com.mchange.v2.async.ThreadPoolAsynchronousRunner@35390ee3: Adding task to queue -- com.mchange.v2.resourcepool.BasicResourcePool$AsyncTestIdleResourceTask@2f50af30
18:54:47.560 [C3P0PooledConnectionPoolManager[identityToken->z8kfsx9q1sr6dtukt760d|39a8312f]-AdminTaskTimer] DEBUG c.m.v.resourcepool.BasicResourcePool - trace com.mchange.v2.resourcepool.BasicResourcePool@3fb6cf60 [managed: 5, unused: 5, excluded: 0] (e.g. com.mchange.v2.c3p0.impl.NewPooledConnection@7dfe0279)
18:54:47.560 [C3P0PooledConnectionPoolManager[identityToken->z8kfsx9q1sr6dtukt760d|39a8312f]-HelperThread-#2] DEBUG c.m.v.c.i.C3P0PooledConnectionPool - Testing PooledConnection [com.mchange.v2.c3p0.impl.NewPooledConnection@6701da80] on IDLE CHECK.
18:54:47.561 [C3P0PooledConnectionPoolManager[identityToken->z8kfsx9q1sr6dtukt760d|39a8312f]-HelperThread-#1] DEBUG c.m.v.c.i.C3P0PooledConnectionPool - Testing PooledConnection [com.mchange.v2.c3p0.impl.NewPooledConnection@45c64b7c] on IDLE CHECK.
18:54:47.563 [C3P0PooledConnectionPoolManager[identityToken->z8kfsx9q1sr6dtukt760d|39a8312f]-HelperThread-#0] DEBUG c.m.v.c.i.C3P0PooledConnectionPool - Testing PooledConnection [com.mchange.v2.c3p0.impl.NewPooledConnection@56e6950d] on IDLE CHECK.
18:54:47.565 [C3P0PooledConnectionPoolManager[identityToken->z8kfsx9q1sr6dtukt760d|39a8312f]-HelperThread-#1] DEBUG c.m.v.c3p0.stmt.GooGooStatementCache - checkinAll(): com.mchange.v2.c3p0.stmt.GlobalMaxOnlyStatementCache stats -- total size: 0; checked out: 0; num connections: 0; num keys: 0
18:54:47.565 [C3P0PooledConnectionPoolManager[identityToken->z8kfsx9q1sr6dtukt760d|39a8312f]-HelperThread-#1] DEBUG c.m.v.c.i.C3P0PooledConnectionPool - Test of PooledConnection [com.mchange.v2.c3p0.impl.NewPooledConnection@45c64b7c] on IDLE CHECK has SUCCEEDED.
18:54:47.566 [C3P0PooledConnectionPoolManager[identityToken->z8kfsx9q1sr6dtukt760d|39a8312f]-HelperThread-#1] DEBUG c.m.v.c.i.C3P0PooledConnectionPool - Testing PooledConnection [com.mchange.v2.c3p0.impl.NewPooledConnection@2897ddf9] on IDLE CHECK.
18:54:47.567 [C3P0PooledConnectionPoolManager[identityToken->z8kfsx9q1sr6dtukt760d|39a8312f]-HelperThread-#2] DEBUG c.m.v.c3p0.stmt.GooGooStatementCache - checkinAll(): com.mchange.v2.c3p0.stmt.GlobalMaxOnlyStatementCache stats -- total size: 0; checked out: 0; num connections: 0; num keys: 0
18:54:47.567 [C3P0PooledConnectionPoolManager[identityToken->z8kfsx9q1sr6dtukt760d|39a8312f]-HelperThread-#2] DEBUG c.m.v.c.i.C3P0PooledConnectionPool - Test of PooledConnection [com.mchange.v2.c3p0.impl.NewPooledConnection@6701da80] on IDLE CHECK has SUCCEEDED.
18:54:47.567 [C3P0PooledConnectionPoolManager[identityToken->z8kfsx9q1sr6dtukt760d|39a8312f]-HelperThread-#2] DEBUG c.m.v.c.i.C3P0PooledConnectionPool - Testing PooledConnection [com.mchange.v2.c3p0.impl.NewPooledConnection@7dfe0279] on IDLE CHECK.
18:54:47.568 [C3P0PooledConnectionPoolManager[identityToken->z8kfsx9q1sr6dtukt760d|39a8312f]-HelperThread-#0] DEBUG c.m.v.c3p0.stmt.GooGooStatementCache - checkinAll(): com.mchange.v2.c3p0.stmt.GlobalMaxOnlyStatementCache stats -- total size: 0; checked out: 0; num connections: 0; num keys: 0
18:54:47.568 [C3P0PooledConnectionPoolManager[identityToken->z8kfsx9q1sr6dtukt760d|39a8312f]-HelperThread-#2] DEBUG c.m.v.c3p0.stmt.GooGooStatementCache - checkinAll(): com.mchange.v2.c3p0.stmt.GlobalMaxOnlyStatementCache stats -- total size: 0; checked out: 0; num connections: 0; num keys: 0
18:54:47.568 [C3P0PooledConnectionPoolManager[identityToken->z8kfsx9q1sr6dtukt760d|39a8312f]-HelperThread-#0] DEBUG c.m.v.c.i.C3P0PooledConnectionPool - Test of PooledConnection [com.mchange.v2.c3p0.impl.NewPooledConnection@56e6950d] on IDLE CHECK has SUCCEEDED.
18:54:47.568 [C3P0PooledConnectionPoolManager[identityToken->z8kfsx9q1sr6dtukt760d|39a8312f]-HelperThread-#2] DEBUG c.m.v.c.i.C3P0PooledConnectionPool - Test of PooledConnection [com.mchange.v2.c3p0.impl.NewPooledConnection@7dfe0279] on IDLE CHECK has SUCCEEDED.
18:54:47.573 [C3P0PooledConnectionPoolManager[identityToken->z8kfsx9q1sr6dtukt760d|39a8312f]-HelperThread-#1] DEBUG c.m.v.c3p0.stmt.GooGooStatementCache - checkinAll(): com.mchange.v2.c3p0.stmt.GlobalMaxOnlyStatementCache stats -- total size: 0; checked out: 0; num connections: 0; num keys: 0
18:54:47.574 [C3P0PooledConnectionPoolManager[identityToken->z8kfsx9q1sr6dtukt760d|39a8312f]-HelperThread-#1] DEBUG c.m.v.c.i.C3P0PooledConnectionPool - Test of PooledConnection [com.mchange.v2.c3p0.impl.NewPooledConnection@2897ddf9] on IDLE CHECK has SUCCEEDED.
]]></system-out>
    <system-err><![CDATA[Wed Oct 04 18:53:58 ART 2017 WARN: Establishing SSL connection without server's identity verification is not recommended. According to MySQL 5.5.45+, 5.6.26+ and 5.7.6+ requirements SSL connection must be established by default if explicit option isn't set. For compliance with existing applications not using SSL the verifyServerCertificate property is set to 'false'. You need either to explicitly disable SSL by setting useSSL=false, or set useSSL=true and provide truststore for server certificate verification.
Wed Oct 04 18:53:58 ART 2017 WARN: Establishing SSL connection without server's identity verification is not recommended. According to MySQL 5.5.45+, 5.6.26+ and 5.7.6+ requirements SSL connection must be established by default if explicit option isn't set. For compliance with existing applications not using SSL the verifyServerCertificate property is set to 'false'. You need either to explicitly disable SSL by setting useSSL=false, or set useSSL=true and provide truststore for server certificate verification.
Wed Oct 04 18:53:58 ART 2017 WARN: Establishing SSL connection without server's identity verification is not recommended. According to MySQL 5.5.45+, 5.6.26+ and 5.7.6+ requirements SSL connection must be established by default if explicit option isn't set. For compliance with existing applications not using SSL the verifyServerCertificate property is set to 'false'. You need either to explicitly disable SSL by setting useSSL=false, or set useSSL=true and provide truststore for server certificate verification.
Wed Oct 04 18:53:59 ART 2017 WARN: Establishing SSL connection without server's identity verification is not recommended. According to MySQL 5.5.45+, 5.6.26+ and 5.7.6+ requirements SSL connection must be established by default if explicit option isn't set. For compliance with existing applications not using SSL the verifyServerCertificate property is set to 'false'. You need either to explicitly disable SSL by setting useSSL=false, or set useSSL=true and provide truststore for server certificate verification.
Wed Oct 04 18:53:59 ART 2017 WARN: Establishing SSL connection without server's identity verification is not recommended. According to MySQL 5.5.45+, 5.6.26+ and 5.7.6+ requirements SSL connection must be established by default if explicit option isn't set. For compliance with existing applications not using SSL the verifyServerCertificate property is set to 'false'. You need either to explicitly disable SSL by setting useSSL=false, or set useSSL=true and provide truststore for server certificate verification.
]]></system-err>
  </testcase>
</testsuite>