<?xml version="1.0" encoding="UTF-8"?>
<testsuite name="com.fabiocompany.supermercadosdeltaplus.test.SupermercadosDeltaPlusTest" time="20.082" tests="1" errors="1" skipped="0" failures="0">
  <properties>
    <property name="java.runtime.name" value="Java(TM) SE Runtime Environment"/>
    <property name="sun.boot.library.path" value="/usr/java/jdk1.8.0_144/jre/lib/amd64"/>
    <property name="java.vm.version" value="25.144-b01"/>
    <property name="java.vm.vendor" value="Oracle Corporation"/>
    <property name="java.vendor.url" value="http://java.oracle.com/"/>
    <property name="path.separator" value=":"/>
    <property name="guice.disable.misplaced.annotation.check" value="true"/>
    <property name="java.vm.name" value="Java HotSpot(TM) 64-Bit Server VM"/>
    <property name="file.encoding.pkg" value="sun.io"/>
    <property name="user.country" value="AR"/>
    <property name="sun.java.launcher" value="SUN_STANDARD"/>
    <property name="sun.os.patch.level" value="unknown"/>
    <property name="java.vm.specification.name" value="Java Virtual Machine Specification"/>
    <property name="user.dir" value="/home/fabio/Documentos/facu/ingweb3/repoingweb3personal/supermercadosdeltaplusModulo"/>
    <property name="java.runtime.version" value="1.8.0_144-b01"/>
    <property name="java.awt.graphicsenv" value="sun.awt.X11GraphicsEnvironment"/>
    <property name="java.endorsed.dirs" value="/usr/java/jdk1.8.0_144/jre/lib/endorsed"/>
    <property name="os.arch" value="amd64"/>
    <property name="java.io.tmpdir" value="/tmp"/>
    <property name="line.separator" value="&#10;"/>
    <property name="java.vm.specification.vendor" value="Oracle Corporation"/>
    <property name="os.name" value="Linux"/>
    <property name="maven.ext.class.path" value="/home/fabio/netbeans-8.2/java/maven-nblib/netbeans-eventspy.jar"/>
    <property name="classworlds.conf" value="/home/fabio/netbeans-8.2/java/maven/bin/m2.conf"/>
    <property name="sun.jnu.encoding" value="UTF-8"/>
    <property name="java.library.path" value="/usr/java/jdk1.8.0_144/jre/lib/amd64:/usr/java/jdk1.8.0_144/jre/lib/i386::/usr/java/packages/lib/amd64:/usr/lib64:/lib64:/lib:/usr/lib"/>
    <property name="java.specification.name" value="Java Platform API Specification"/>
    <property name="java.class.version" value="52.0"/>
    <property name="sun.management.compiler" value="HotSpot 64-Bit Tiered Compilers"/>
    <property name="os.version" value="4.4.0-96-generic"/>
    <property name="user.home" value="/home/fabio"/>
    <property name="user.timezone" value="America/Argentina/Cordoba"/>
    <property name="java.awt.printerjob" value="sun.print.PSPrinterJob"/>
    <property name="file.encoding" value="UTF-8"/>
    <property name="java.specification.version" value="1.8"/>
    <property name="user.name" value="fabio"/>
    <property name="java.class.path" value="/home/fabio/netbeans-8.2/java/maven/boot/plexus-classworlds-2.4.jar"/>
    <property name="java.vm.specification.version" value="1.8"/>
    <property name="sun.arch.data.model" value="64"/>
    <property name="java.home" value="/usr/java/jdk1.8.0_144/jre"/>
    <property name="sun.java.command" value="org.codehaus.plexus.classworlds.launcher.Launcher -Dmaven.ext.class.path=/home/fabio/netbeans-8.2/java/maven-nblib/netbeans-eventspy.jar clean install"/>
    <property name="java.specification.vendor" value="Oracle Corporation"/>
    <property name="user.language" value="es"/>
    <property name="awt.toolkit" value="sun.awt.X11.XToolkit"/>
    <property name="java.vm.info" value="mixed mode"/>
    <property name="java.version" value="1.8.0_144"/>
    <property name="java.ext.dirs" value="/usr/java/jdk1.8.0_144/jre/lib/ext:/usr/java/packages/lib/ext"/>
    <property name="securerandom.source" value="file:/dev/./urandom"/>
    <property name="sun.boot.class.path" value="/usr/java/jdk1.8.0_144/jre/lib/resources.jar:/usr/java/jdk1.8.0_144/jre/lib/rt.jar:/usr/java/jdk1.8.0_144/jre/lib/sunrsasign.jar:/usr/java/jdk1.8.0_144/jre/lib/jsse.jar:/usr/java/jdk1.8.0_144/jre/lib/jce.jar:/usr/java/jdk1.8.0_144/jre/lib/charsets.jar:/usr/java/jdk1.8.0_144/jre/lib/jfr.jar:/usr/java/jdk1.8.0_144/jre/classes"/>
    <property name="java.vendor" value="Oracle Corporation"/>
    <property name="maven.home" value="/home/fabio/netbeans-8.2/java/maven"/>
    <property name="file.separator" value="/"/>
    <property name="java.vendor.url.bug" value="http://bugreport.sun.com/bugreport/"/>
    <property name="sun.cpu.endian" value="little"/>
    <property name="sun.io.unicode.encoding" value="UnicodeLittle"/>
    <property name="sun.desktop" value="gnome"/>
    <property name="sun.cpu.isalist" value=""/>
  </properties>
  <testcase name="guardarUsuario" classname="com.fabiocompany.supermercadosdeltaplus.test.SupermercadosDeltaPlusTest" time="20.082">
    <error message="object references an unsaved transient instance - save the transient instance before flushing: com.fabiocompany.supermercadosdeltaplus.model.Tipodepago" type="com.fabiocompany.supermercadosdeltaplus.service.exception.ServiceException">com.fabiocompany.supermercadosdeltaplus.service.exception.ServiceException: object references an unsaved transient instance - save the transient instance before flushing: com.fabiocompany.supermercadosdeltaplus.model.Tipodepago
	at org.hibernate.engine.internal.ForeignKeys.getEntityIdentifierIfNotUnsaved(ForeignKeys.java:294)
	at org.hibernate.type.EntityType.getIdentifier(EntityType.java:537)
	at org.hibernate.type.ManyToOneType.isDirty(ManyToOneType.java:311)
	at org.hibernate.type.ManyToOneType.isDirty(ManyToOneType.java:321)
	at org.hibernate.type.TypeHelper.findDirty(TypeHelper.java:310)
	at org.hibernate.persister.entity.AbstractEntityPersister.findDirty(AbstractEntityPersister.java:4243)
	at org.hibernate.event.internal.DefaultFlushEntityEventListener.dirtyCheck(DefaultFlushEntityEventListener.java:546)
	at org.hibernate.event.internal.DefaultFlushEntityEventListener.isUpdateNecessary(DefaultFlushEntityEventListener.java:232)
	at org.hibernate.event.internal.DefaultFlushEntityEventListener.onFlushEntity(DefaultFlushEntityEventListener.java:159)
	at org.hibernate.event.internal.AbstractFlushingEventListener.flushEntities(AbstractFlushingEventListener.java:231)
	at org.hibernate.event.internal.AbstractFlushingEventListener.flushEverythingToExecutions(AbstractFlushingEventListener.java:102)
	at org.hibernate.event.internal.DefaultFlushEventListener.onFlush(DefaultFlushEventListener.java:55)
	at org.hibernate.internal.SessionImpl.flush(SessionImpl.java:1258)
	at org.hibernate.internal.SessionImpl.managedFlush(SessionImpl.java:425)
	at org.hibernate.engine.transaction.internal.jdbc.JdbcTransaction.beforeTransactionCommit(JdbcTransaction.java:101)
	at org.hibernate.engine.transaction.spi.AbstractTransactionImpl.commit(AbstractTransactionImpl.java:177)
	at com.fabiocompany.supermercadosdeltaplus.persistence.dao.hibernate.GenericDAO.saveOrUpdate(GenericDAO.java:159)
	at com.fabiocompany.supermercadosdeltaplus.service.impl.GenericService.saveOrUpdate(GenericService.java:74)
	at com.fabiocompany.supermercadosdeltaplus.test.SupermercadosDeltaPlusTest.guardarUsuario(SupermercadosDeltaPlusTest.java:136)
</error>
    <system-out><![CDATA[13:56:35.536 [main] DEBUG org.jboss.logging - Logging Provider: org.jboss.logging.Slf4jLoggerProvider
13:56:35.576 [main] DEBUG org.hibernate.type.BasicTypeRegistry - Adding type registration boolean -> org.hibernate.type.BooleanType@7e0b0338
13:56:35.577 [main] DEBUG org.hibernate.type.BasicTypeRegistry - Adding type registration boolean -> org.hibernate.type.BooleanType@7e0b0338
13:56:35.577 [main] DEBUG org.hibernate.type.BasicTypeRegistry - Adding type registration java.lang.Boolean -> org.hibernate.type.BooleanType@7e0b0338
13:56:35.579 [main] DEBUG org.hibernate.type.BasicTypeRegistry - Adding type registration numeric_boolean -> org.hibernate.type.NumericBooleanType@3c0f93f1
13:56:35.583 [main] DEBUG org.hibernate.type.BasicTypeRegistry - Adding type registration true_false -> org.hibernate.type.TrueFalseType@3327bd23
13:56:35.586 [main] DEBUG org.hibernate.type.BasicTypeRegistry - Adding type registration yes_no -> org.hibernate.type.YesNoType@52a86356
13:56:35.590 [main] DEBUG org.hibernate.type.BasicTypeRegistry - Adding type registration byte -> org.hibernate.type.ByteType@20398b7c
13:56:35.591 [main] DEBUG org.hibernate.type.BasicTypeRegistry - Adding type registration byte -> org.hibernate.type.ByteType@20398b7c
13:56:35.592 [main] DEBUG org.hibernate.type.BasicTypeRegistry - Adding type registration java.lang.Byte -> org.hibernate.type.ByteType@20398b7c
13:56:35.594 [main] DEBUG org.hibernate.type.BasicTypeRegistry - Adding type registration character -> org.hibernate.type.CharacterType@4e9ba398
13:56:35.594 [main] DEBUG org.hibernate.type.BasicTypeRegistry - Adding type registration char -> org.hibernate.type.CharacterType@4e9ba398
13:56:35.595 [main] DEBUG org.hibernate.type.BasicTypeRegistry - Adding type registration java.lang.Character -> org.hibernate.type.CharacterType@4e9ba398
13:56:35.598 [main] DEBUG org.hibernate.type.BasicTypeRegistry - Adding type registration short -> org.hibernate.type.ShortType@6b09bb57
13:56:35.599 [main] DEBUG org.hibernate.type.BasicTypeRegistry - Adding type registration short -> org.hibernate.type.ShortType@6b09bb57
13:56:35.601 [main] DEBUG org.hibernate.type.BasicTypeRegistry - Adding type registration java.lang.Short -> org.hibernate.type.ShortType@6b09bb57
13:56:35.604 [main] DEBUG org.hibernate.type.BasicTypeRegistry - Adding type registration integer -> org.hibernate.type.IntegerType@185d8b6
13:56:35.604 [main] DEBUG org.hibernate.type.BasicTypeRegistry - Adding type registration int -> org.hibernate.type.IntegerType@185d8b6
13:56:35.605 [main] DEBUG org.hibernate.type.BasicTypeRegistry - Adding type registration java.lang.Integer -> org.hibernate.type.IntegerType@185d8b6
13:56:35.608 [main] DEBUG org.hibernate.type.BasicTypeRegistry - Adding type registration long -> org.hibernate.type.LongType@3b0143d3
13:56:35.608 [main] DEBUG org.hibernate.type.BasicTypeRegistry - Adding type registration long -> org.hibernate.type.LongType@3b0143d3
13:56:35.610 [main] DEBUG org.hibernate.type.BasicTypeRegistry - Adding type registration java.lang.Long -> org.hibernate.type.LongType@3b0143d3
13:56:35.613 [main] DEBUG org.hibernate.type.BasicTypeRegistry - Adding type registration float -> org.hibernate.type.FloatType@1d16f93d
13:56:35.613 [main] DEBUG org.hibernate.type.BasicTypeRegistry - Adding type registration float -> org.hibernate.type.FloatType@1d16f93d
13:56:35.613 [main] DEBUG org.hibernate.type.BasicTypeRegistry - Adding type registration java.lang.Float -> org.hibernate.type.FloatType@1d16f93d
13:56:35.619 [main] DEBUG org.hibernate.type.BasicTypeRegistry - Adding type registration double -> org.hibernate.type.DoubleType@7fac631b
13:56:35.619 [main] DEBUG org.hibernate.type.BasicTypeRegistry - Adding type registration double -> org.hibernate.type.DoubleType@7fac631b
13:56:35.620 [main] DEBUG org.hibernate.type.BasicTypeRegistry - Adding type registration java.lang.Double -> org.hibernate.type.DoubleType@7fac631b
13:56:35.623 [main] DEBUG org.hibernate.type.BasicTypeRegistry - Adding type registration big_decimal -> org.hibernate.type.BigDecimalType@5c5a1b69
13:56:35.623 [main] DEBUG org.hibernate.type.BasicTypeRegistry - Adding type registration java.math.BigDecimal -> org.hibernate.type.BigDecimalType@5c5a1b69
13:56:35.626 [main] DEBUG org.hibernate.type.BasicTypeRegistry - Adding type registration big_integer -> org.hibernate.type.BigIntegerType@578486a3
13:56:35.627 [main] DEBUG org.hibernate.type.BasicTypeRegistry - Adding type registration java.math.BigInteger -> org.hibernate.type.BigIntegerType@578486a3
13:56:35.629 [main] DEBUG org.hibernate.type.BasicTypeRegistry - Adding type registration string -> org.hibernate.type.StringType@50b494a6
13:56:35.629 [main] DEBUG org.hibernate.type.BasicTypeRegistry - Adding type registration java.lang.String -> org.hibernate.type.StringType@50b494a6
13:56:35.631 [main] DEBUG org.hibernate.type.BasicTypeRegistry - Adding type registration nstring -> org.hibernate.type.StringNVarcharType@cd2dae5
13:56:35.634 [main] DEBUG org.hibernate.type.BasicTypeRegistry - Adding type registration ncharacter -> org.hibernate.type.CharacterNCharType@22a67b4
13:56:35.637 [main] DEBUG org.hibernate.type.BasicTypeRegistry - Adding type registration url -> org.hibernate.type.UrlType@6737fd8f
13:56:35.637 [main] DEBUG org.hibernate.type.BasicTypeRegistry - Adding type registration java.net.URL -> org.hibernate.type.UrlType@6737fd8f
13:56:35.640 [main] DEBUG org.hibernate.type.BasicTypeRegistry - Adding type registration date -> org.hibernate.type.DateType@6c49835d
13:56:35.640 [main] DEBUG org.hibernate.type.BasicTypeRegistry - Adding type registration java.sql.Date -> org.hibernate.type.DateType@6c49835d
13:56:35.643 [main] DEBUG org.hibernate.type.BasicTypeRegistry - Adding type registration time -> org.hibernate.type.TimeType@1e6d1014
13:56:35.644 [main] DEBUG org.hibernate.type.BasicTypeRegistry - Adding type registration java.sql.Time -> org.hibernate.type.TimeType@1e6d1014
13:56:35.646 [main] DEBUG org.hibernate.type.BasicTypeRegistry - Adding type registration timestamp -> org.hibernate.type.TimestampType@26aa12dd
13:56:35.647 [main] DEBUG org.hibernate.type.BasicTypeRegistry - Adding type registration java.sql.Timestamp -> org.hibernate.type.TimestampType@26aa12dd
13:56:35.647 [main] DEBUG org.hibernate.type.BasicTypeRegistry - Adding type registration java.util.Date -> org.hibernate.type.TimestampType@26aa12dd
13:56:35.650 [main] DEBUG org.hibernate.type.BasicTypeRegistry - Adding type registration dbtimestamp -> org.hibernate.type.DbTimestampType@71bbf57e
13:56:35.653 [main] DEBUG org.hibernate.type.BasicTypeRegistry - Adding type registration calendar -> org.hibernate.type.CalendarType@4e7dc304
13:56:35.653 [main] DEBUG org.hibernate.type.BasicTypeRegistry - Adding type registration java.util.Calendar -> org.hibernate.type.CalendarType@4e7dc304
13:56:35.653 [main] DEBUG org.hibernate.type.BasicTypeRegistry - Adding type registration java.util.GregorianCalendar -> org.hibernate.type.CalendarType@4e7dc304
13:56:35.655 [main] DEBUG org.hibernate.type.BasicTypeRegistry - Adding type registration calendar_date -> org.hibernate.type.CalendarDateType@48503868
13:56:35.658 [main] DEBUG org.hibernate.type.BasicTypeRegistry - Adding type registration locale -> org.hibernate.type.LocaleType@396f6598
13:56:35.658 [main] DEBUG org.hibernate.type.BasicTypeRegistry - Adding type registration java.util.Locale -> org.hibernate.type.LocaleType@396f6598
13:56:35.660 [main] DEBUG org.hibernate.type.BasicTypeRegistry - Adding type registration currency -> org.hibernate.type.CurrencyType@1e965684
13:56:35.660 [main] DEBUG org.hibernate.type.BasicTypeRegistry - Adding type registration java.util.Currency -> org.hibernate.type.CurrencyType@1e965684
13:56:35.662 [main] DEBUG org.hibernate.type.BasicTypeRegistry - Adding type registration timezone -> org.hibernate.type.TimeZoneType@15d0c81b
13:56:35.662 [main] DEBUG org.hibernate.type.BasicTypeRegistry - Adding type registration java.util.TimeZone -> org.hibernate.type.TimeZoneType@15d0c81b
13:56:35.663 [main] DEBUG org.hibernate.type.BasicTypeRegistry - Adding type registration class -> org.hibernate.type.ClassType@3712b94
13:56:35.664 [main] DEBUG org.hibernate.type.BasicTypeRegistry - Adding type registration java.lang.Class -> org.hibernate.type.ClassType@3712b94
13:56:35.666 [main] DEBUG org.hibernate.type.BasicTypeRegistry - Adding type registration uuid-binary -> org.hibernate.type.UUIDBinaryType@1f57539
13:56:35.667 [main] DEBUG org.hibernate.type.BasicTypeRegistry - Adding type registration java.util.UUID -> org.hibernate.type.UUIDBinaryType@1f57539
13:56:35.668 [main] DEBUG org.hibernate.type.BasicTypeRegistry - Adding type registration uuid-char -> org.hibernate.type.UUIDCharType@6ee52dcd
13:56:35.670 [main] DEBUG org.hibernate.type.BasicTypeRegistry - Adding type registration pg-uuid -> org.hibernate.type.PostgresUUIDType@1877ab81
13:56:35.672 [main] DEBUG org.hibernate.type.BasicTypeRegistry - Adding type registration binary -> org.hibernate.type.BinaryType@5faeada1
13:56:35.672 [main] DEBUG org.hibernate.type.BasicTypeRegistry - Adding type registration byte[] -> org.hibernate.type.BinaryType@5faeada1
13:56:35.672 [main] DEBUG org.hibernate.type.BasicTypeRegistry - Adding type registration [B -> org.hibernate.type.BinaryType@5faeada1
13:56:35.674 [main] DEBUG org.hibernate.type.BasicTypeRegistry - Adding type registration wrapper-binary -> org.hibernate.type.WrapperBinaryType@33c7e1bb
13:56:35.675 [main] DEBUG org.hibernate.type.BasicTypeRegistry - Adding type registration Byte[] -> org.hibernate.type.WrapperBinaryType@33c7e1bb
13:56:35.675 [main] DEBUG org.hibernate.type.BasicTypeRegistry - Adding type registration [Ljava.lang.Byte; -> org.hibernate.type.WrapperBinaryType@33c7e1bb
13:56:35.677 [main] DEBUG org.hibernate.type.BasicTypeRegistry - Adding type registration image -> org.hibernate.type.ImageType@17d677df
13:56:35.679 [main] DEBUG org.hibernate.type.BasicTypeRegistry - Adding type registration characters -> org.hibernate.type.CharArrayType@4b553d26
13:56:35.679 [main] DEBUG org.hibernate.type.BasicTypeRegistry - Adding type registration char[] -> org.hibernate.type.CharArrayType@4b553d26
13:56:35.679 [main] DEBUG org.hibernate.type.BasicTypeRegistry - Adding type registration [C -> org.hibernate.type.CharArrayType@4b553d26
13:56:35.681 [main] DEBUG org.hibernate.type.BasicTypeRegistry - Adding type registration wrapper-characters -> org.hibernate.type.CharacterArrayType@2a742aa2
13:56:35.682 [main] DEBUG org.hibernate.type.BasicTypeRegistry - Adding type registration [Ljava.lang.Character; -> org.hibernate.type.CharacterArrayType@2a742aa2
13:56:35.682 [main] DEBUG org.hibernate.type.BasicTypeRegistry - Adding type registration Character[] -> org.hibernate.type.CharacterArrayType@2a742aa2
13:56:35.684 [main] DEBUG org.hibernate.type.BasicTypeRegistry - Adding type registration text -> org.hibernate.type.TextType@7e2d773b
13:56:35.685 [main] DEBUG org.hibernate.type.BasicTypeRegistry - Adding type registration ntext -> org.hibernate.type.NTextType@51e2adc7
13:56:35.692 [main] DEBUG org.hibernate.type.BasicTypeRegistry - Adding type registration blob -> org.hibernate.type.BlobType@26a7b76d
13:56:35.693 [main] DEBUG org.hibernate.type.BasicTypeRegistry - Adding type registration java.sql.Blob -> org.hibernate.type.BlobType@26a7b76d
13:56:35.694 [main] DEBUG org.hibernate.type.BasicTypeRegistry - Adding type registration materialized_blob -> org.hibernate.type.MaterializedBlobType@1500955a
13:56:35.701 [main] DEBUG org.hibernate.type.BasicTypeRegistry - Adding type registration clob -> org.hibernate.type.ClobType@50d0686
13:56:35.701 [main] DEBUG org.hibernate.type.BasicTypeRegistry - Adding type registration java.sql.Clob -> org.hibernate.type.ClobType@50d0686
13:56:35.705 [main] DEBUG org.hibernate.type.BasicTypeRegistry - Adding type registration nclob -> org.hibernate.type.NClobType@491cc5c9
13:56:35.706 [main] DEBUG org.hibernate.type.BasicTypeRegistry - Adding type registration java.sql.NClob -> org.hibernate.type.NClobType@491cc5c9
13:56:35.707 [main] DEBUG org.hibernate.type.BasicTypeRegistry - Adding type registration materialized_clob -> org.hibernate.type.MaterializedClobType@462d5aee
13:56:35.708 [main] DEBUG org.hibernate.type.BasicTypeRegistry - Adding type registration materialized_nclob -> org.hibernate.type.MaterializedNClobType@4a87761d
13:56:35.711 [main] DEBUG org.hibernate.type.BasicTypeRegistry - Adding type registration serializable -> org.hibernate.type.SerializableType@6950e31
13:56:35.716 [main] DEBUG org.hibernate.type.BasicTypeRegistry - Adding type registration object -> org.hibernate.type.ObjectType@5891e32e
13:56:35.717 [main] DEBUG org.hibernate.type.BasicTypeRegistry - Adding type registration java.lang.Object -> org.hibernate.type.ObjectType@5891e32e
13:56:35.719 [main] DEBUG org.hibernate.type.BasicTypeRegistry - Adding type registration imm_date -> org.hibernate.type.AdaptedImmutableType@74a10858
13:56:35.720 [main] DEBUG org.hibernate.type.BasicTypeRegistry - Adding type registration imm_time -> org.hibernate.type.AdaptedImmutableType@23fe1d71
13:56:35.720 [main] DEBUG org.hibernate.type.BasicTypeRegistry - Adding type registration imm_timestamp -> org.hibernate.type.AdaptedImmutableType@28ac3dc3
13:56:35.720 [main] DEBUG org.hibernate.type.BasicTypeRegistry - Adding type registration imm_dbtimestamp -> org.hibernate.type.AdaptedImmutableType@32eebfca
13:56:35.721 [main] DEBUG org.hibernate.type.BasicTypeRegistry - Adding type registration imm_calendar -> org.hibernate.type.AdaptedImmutableType@4e718207
13:56:35.721 [main] DEBUG org.hibernate.type.BasicTypeRegistry - Adding type registration imm_calendar_date -> org.hibernate.type.AdaptedImmutableType@1d371b2d
13:56:35.722 [main] DEBUG org.hibernate.type.BasicTypeRegistry - Adding type registration imm_binary -> org.hibernate.type.AdaptedImmutableType@543c6f6d
13:56:35.722 [main] DEBUG org.hibernate.type.BasicTypeRegistry - Adding type registration imm_serializable -> org.hibernate.type.AdaptedImmutableType@13eb8acf
13:56:35.758 [main] INFO  o.h.annotations.common.Version - HCANN000001: Hibernate Commons Annotations {4.0.4.Final}
13:56:35.779 [main] INFO  org.hibernate.Version - HHH000412: Hibernate Core {4.3.11.Final}
13:56:35.786 [main] INFO  org.hibernate.cfg.Environment - HHH000206: hibernate.properties not found
13:56:35.790 [main] INFO  org.hibernate.cfg.Environment - HHH000021: Bytecode provider name : javassist
13:56:35.812 [main] DEBUG o.h.i.f.i.DefaultIdentifierGeneratorFactory - Registering IdentifierGenerator strategy [uuid2] -> [org.hibernate.id.UUIDGenerator]
13:56:35.814 [main] DEBUG o.h.i.f.i.DefaultIdentifierGeneratorFactory - Registering IdentifierGenerator strategy [guid] -> [org.hibernate.id.GUIDGenerator]
13:56:35.816 [main] DEBUG o.h.i.f.i.DefaultIdentifierGeneratorFactory - Registering IdentifierGenerator strategy [uuid] -> [org.hibernate.id.UUIDHexGenerator]
13:56:35.817 [main] DEBUG o.h.i.f.i.DefaultIdentifierGeneratorFactory - Registering IdentifierGenerator strategy [uuid.hex] -> [org.hibernate.id.UUIDHexGenerator]
13:56:35.820 [main] DEBUG o.h.i.f.i.DefaultIdentifierGeneratorFactory - Registering IdentifierGenerator strategy [hilo] -> [org.hibernate.id.TableHiLoGenerator]
13:56:35.820 [main] DEBUG o.h.i.f.i.DefaultIdentifierGeneratorFactory - Registering IdentifierGenerator strategy [assigned] -> [org.hibernate.id.Assigned]
13:56:35.822 [main] DEBUG o.h.i.f.i.DefaultIdentifierGeneratorFactory - Registering IdentifierGenerator strategy [identity] -> [org.hibernate.id.IdentityGenerator]
13:56:35.823 [main] DEBUG o.h.i.f.i.DefaultIdentifierGeneratorFactory - Registering IdentifierGenerator strategy [select] -> [org.hibernate.id.SelectGenerator]
13:56:35.824 [main] DEBUG o.h.i.f.i.DefaultIdentifierGeneratorFactory - Registering IdentifierGenerator strategy [sequence] -> [org.hibernate.id.SequenceGenerator]
13:56:35.825 [main] DEBUG o.h.i.f.i.DefaultIdentifierGeneratorFactory - Registering IdentifierGenerator strategy [seqhilo] -> [org.hibernate.id.SequenceHiLoGenerator]
13:56:35.825 [main] DEBUG o.h.i.f.i.DefaultIdentifierGeneratorFactory - Registering IdentifierGenerator strategy [increment] -> [org.hibernate.id.IncrementGenerator]
13:56:35.826 [main] DEBUG o.h.i.f.i.DefaultIdentifierGeneratorFactory - Registering IdentifierGenerator strategy [foreign] -> [org.hibernate.id.ForeignGenerator]
13:56:35.826 [main] DEBUG o.h.i.f.i.DefaultIdentifierGeneratorFactory - Registering IdentifierGenerator strategy [sequence-identity] -> [org.hibernate.id.SequenceIdentityGenerator]
13:56:35.827 [main] DEBUG o.h.i.f.i.DefaultIdentifierGeneratorFactory - Registering IdentifierGenerator strategy [enhanced-sequence] -> [org.hibernate.id.enhanced.SequenceStyleGenerator]
13:56:35.828 [main] DEBUG o.h.i.f.i.DefaultIdentifierGeneratorFactory - Registering IdentifierGenerator strategy [enhanced-table] -> [org.hibernate.id.enhanced.TableGenerator]
13:56:35.833 [main] INFO  org.hibernate.cfg.Configuration - HHH000043: Configuring from resource: /hibernate.cfg.xml
13:56:35.833 [main] INFO  org.hibernate.cfg.Configuration - HHH000040: Configuration resource: /hibernate.cfg.xml
13:56:35.887 [main] DEBUG o.h.i.util.xml.DTDEntityResolver - Trying to resolve system-id [http://hibernate.sourceforge.net/hibernate-configuration-3.0.dtd]
13:56:35.888 [main] WARN  o.h.i.util.xml.DTDEntityResolver - HHH000223: Recognized obsolete hibernate namespace http://hibernate.sourceforge.net/. Use namespace http://www.hibernate.org/dtd/ instead. Refer to Hibernate 3.6 Migration Guide!
13:56:35.888 [main] DEBUG o.h.i.util.xml.DTDEntityResolver - Attempting to resolve on classpath under org/hibernate/
13:56:35.889 [main] DEBUG o.h.i.util.xml.DTDEntityResolver - Located [http://hibernate.sourceforge.net/hibernate-configuration-3.0.dtd] in classpath
13:56:35.913 [main] DEBUG org.hibernate.cfg.Configuration - hibernate.dialect=org.hibernate.dialect.MySQLDialect
13:56:35.914 [main] DEBUG org.hibernate.cfg.Configuration - hibernate.connection.driver_class=com.mysql.jdbc.Driver
13:56:35.914 [main] DEBUG org.hibernate.cfg.Configuration - hibernate.connection.url=jdbc:mysql://localhost:3306/supermercadosdeltaplus
13:56:35.914 [main] DEBUG org.hibernate.cfg.Configuration - hibernate.connection.username=root
13:56:35.914 [main] DEBUG org.hibernate.cfg.Configuration - hibernate.connection.password=root
13:56:35.915 [main] DEBUG org.hibernate.cfg.Configuration - hibernate.current_session_context_class=thread
13:56:35.917 [main] DEBUG org.hibernate.cfg.Configuration - hibernate.c3p0.timeout=3600
13:56:35.917 [main] DEBUG org.hibernate.cfg.Configuration - hibernate.c3p0.maxIdleTime=3600
13:56:35.917 [main] DEBUG org.hibernate.cfg.Configuration - hibernate.c3p0.acquire_increment=3
13:56:35.917 [main] DEBUG org.hibernate.cfg.Configuration - hibernate.c3p0.idle_test_period=10
13:56:35.917 [main] DEBUG org.hibernate.cfg.Configuration - hibernate.c3p0.min_size=5
13:56:35.918 [main] DEBUG org.hibernate.cfg.Configuration - hibernate.c3p0.max_size=75
13:56:35.918 [main] DEBUG org.hibernate.cfg.Configuration - hibernate.c3p0.max_statements=10
13:56:35.918 [main] DEBUG org.hibernate.cfg.Configuration - hibernate.c3p0.preferredTestQuery=select 1
13:56:35.918 [main] DEBUG org.hibernate.cfg.Configuration - hibernate.c3p0.testConnectionOnCheckout=true
13:56:35.918 [main] DEBUG org.hibernate.cfg.Configuration - show_sql=true
13:56:35.919 [main] DEBUG org.hibernate.cfg.Configuration - format_sql=true
13:56:35.919 [main] DEBUG org.hibernate.cfg.Configuration - hbm2ddl.auto=create
13:56:35.919 [main] DEBUG org.hibernate.cfg.Configuration - Session-factory config [null] named class [com.fabiocompany.supermercadosdeltaplus.model.Cabeceraticket] for mapping
13:56:35.929 [main] DEBUG org.hibernate.cfg.Configuration - Session-factory config [null] named class [com.fabiocompany.supermercadosdeltaplus.model.Detalleoferta] for mapping
13:56:35.930 [main] DEBUG org.hibernate.cfg.Configuration - Session-factory config [null] named class [com.fabiocompany.supermercadosdeltaplus.model.Detalleticket] for mapping
13:56:35.931 [main] DEBUG org.hibernate.cfg.Configuration - Session-factory config [null] named class [com.fabiocompany.supermercadosdeltaplus.model.Personausuario] for mapping
13:56:35.932 [main] DEBUG org.hibernate.cfg.Configuration - Session-factory config [null] named class [com.fabiocompany.supermercadosdeltaplus.model.Producto] for mapping
13:56:35.934 [main] DEBUG org.hibernate.cfg.Configuration - Session-factory config [null] named class [com.fabiocompany.supermercadosdeltaplus.model.Tarjeta] for mapping
13:56:35.935 [main] DEBUG org.hibernate.cfg.Configuration - Session-factory config [null] named class [com.fabiocompany.supermercadosdeltaplus.model.Tipodepago] for mapping
13:56:35.936 [main] DEBUG org.hibernate.cfg.Configuration - Session-factory config [null] named class [com.fabiocompany.supermercadosdeltaplus.model.Usuario] for mapping
13:56:35.937 [main] INFO  org.hibernate.cfg.Configuration - HHH000041: Configured SessionFactory: null
13:56:35.937 [main] DEBUG org.hibernate.cfg.Configuration - Properties: {show_sql=true, java.vendor=Oracle Corporation, localRepository=/home/fabio/.m2/repository, sun.java.launcher=SUN_STANDARD, hibernate.connection.url=jdbc:mysql://localhost:3306/supermercadosdeltaplus, sun.management.compiler=HotSpot 64-Bit Tiered Compilers, hbm2ddl.auto=create, os.name=Linux, sun.boot.class.path=/usr/java/jdk1.8.0_144/jre/lib/resources.jar:/usr/java/jdk1.8.0_144/jre/lib/rt.jar:/usr/java/jdk1.8.0_144/jre/lib/sunrsasign.jar:/usr/java/jdk1.8.0_144/jre/lib/jsse.jar:/usr/java/jdk1.8.0_144/jre/lib/jce.jar:/usr/java/jdk1.8.0_144/jre/lib/charsets.jar:/usr/java/jdk1.8.0_144/jre/lib/jfr.jar:/usr/java/jdk1.8.0_144/jre/classes, hibernate.current_session_context_class=thread, sun.desktop=gnome, hibernate.c3p0.max_size=75, java.vm.specification.vendor=Oracle Corporation, java.runtime.version=1.8.0_144-b01, hibernate.c3p0.min_size=5, user.name=fabio, hibernate.c3p0.timeout=3600, user.language=es, sun.boot.library.path=/usr/java/jdk1.8.0_144/jre/lib/amd64, hibernate.c3p0.preferredTestQuery=select 1, java.version=1.8.0_144, user.timezone=America/Argentina/Cordoba, sun.arch.data.model=64, java.endorsed.dirs=/usr/java/jdk1.8.0_144/jre/lib/endorsed, sun.cpu.isalist=, sun.jnu.encoding=UTF-8, file.encoding.pkg=sun.io, file.separator=/, java.specification.name=Java Platform API Specification, hibernate.format_sql=true, java.class.version=52.0, user.country=AR, java.home=/usr/java/jdk1.8.0_144/jre, java.vm.info=mixed mode, os.version=4.4.0-96-generic, surefire.real.class.path=/home/fabio/Documentos/facu/ingweb3/repoingweb3personal/supermercadosdeltaplusModulo/target/surefire/surefirebooter4329583612822188093.jar, path.separator=:, java.vm.version=25.144-b01, hibernate.connection.password=root, maven.ext.class.path=/home/fabio/netbeans-8.2/java/maven-nblib/netbeans-eventspy.jar, java.awt.printerjob=sun.print.PSPrinterJob, sun.io.unicode.encoding=UnicodeLittle, awt.toolkit=sun.awt.X11.XToolkit, hibernate.connection.username=root, user.home=/home/fabio, java.specification.vendor=Oracle Corporation, hibernate.hbm2ddl.auto=create, java.library.path=/usr/java/jdk1.8.0_144/jre/lib/amd64:/usr/java/jdk1.8.0_144/jre/lib/i386::/usr/java/packages/lib/amd64:/usr/lib64:/lib64:/lib:/usr/lib, java.vendor.url=http://java.oracle.com/, hibernate.c3p0.maxIdleTime=3600, hibernate.connection.driver_class=com.mysql.jdbc.Driver, java.vm.vendor=Oracle Corporation, hibernate.dialect=org.hibernate.dialect.MySQLDialect, java.runtime.name=Java(TM) SE Runtime Environment, sun.java.command=/home/fabio/Documentos/facu/ingweb3/repoingweb3personal/supermercadosdeltaplusModulo/target/surefire/surefirebooter4329583612822188093.jar /home/fabio/Documentos/facu/ingweb3/repoingweb3personal/supermercadosdeltaplusModulo/target/surefire/surefire4005907616847565486tmp /home/fabio/Documentos/facu/ingweb3/repoingweb3personal/supermercadosdeltaplusModulo/target/surefire/surefire_04008999896279349844tmp, java.class.path=/home/fabio/Documentos/facu/ingweb3/repoingweb3personal/supermercadosdeltaplusModulo/target/test-classes:/home/fabio/Documentos/facu/ingweb3/repoingweb3personal/supermercadosdeltaplusModulo/target/classes:/home/fabio/.m2/repository/org/hibernate/hibernate-entitymanager/4.3.1.Final/hibernate-entitymanager-4.3.1.Final.jar:/home/fabio/.m2/repository/org/jboss/logging/jboss-logging/3.3.1.Final/jboss-logging-3.3.1.Final.jar:/home/fabio/.m2/repository/org/jboss/logging/jboss-logging-annotations/1.2.0.Beta1/jboss-logging-annotations-1.2.0.Beta1.jar:/home/fabio/.m2/repository/dom4j/dom4j/1.6.1/dom4j-1.6.1.jar:/home/fabio/.m2/repository/org/hibernate/common/hibernate-commons-annotations/4.0.4.Final/hibernate-commons-annotations-4.0.4.Final.jar:/home/fabio/.m2/repository/org/jboss/spec/javax/transaction/jboss-transaction-api_1.2_spec/1.0.0.Final/jboss-transaction-api_1.2_spec-1.0.0.Final.jar:/home/fabio/.m2/repository/org/javassist/javassist/3.21.0-GA/javassist-3.21.0-GA.jar:/home/fabio/.m2/repository/junit/junit/4.12/junit-4.12.jar:/home/fabio/.m2/repository/org/hamcrest/hamcrest-core/1.3/hamcrest-core-1.3.jar:/home/fabio/.m2/repository/org/hibernate/javax/persistence/hibernate-jpa-2.1-api/1.0.0.Final/hibernate-jpa-2.1-api-1.0.0.Final.jar:/home/fabio/.m2/repository/javax/javaee-web-api/7.0/javaee-web-api-7.0.jar:/home/fabio/.m2/repository/org/springframework/boot/spring-boot-starter-web/1.5.6.RELEASE/spring-boot-starter-web-1.5.6.RELEASE.jar:/home/fabio/.m2/repository/org/springframework/boot/spring-boot-starter/1.5.6.RELEASE/spring-boot-starter-1.5.6.RELEASE.jar:/home/fabio/.m2/repository/org/springframework/boot/spring-boot/1.5.6.RELEASE/spring-boot-1.5.6.RELEASE.jar:/home/fabio/.m2/repository/org/springframework/boot/spring-boot-autoconfigure/1.5.6.RELEASE/spring-boot-autoconfigure-1.5.6.RELEASE.jar:/home/fabio/.m2/repository/org/springframework/boot/spring-boot-starter-logging/1.5.6.RELEASE/spring-boot-starter-logging-1.5.6.RELEASE.jar:/home/fabio/.m2/repository/org/slf4j/jul-to-slf4j/1.7.25/jul-to-slf4j-1.7.25.jar:/home/fabio/.m2/repository/org/slf4j/log4j-over-slf4j/1.7.25/log4j-over-slf4j-1.7.25.jar:/home/fabio/.m2/repository/org/yaml/snakeyaml/1.17/snakeyaml-1.17.jar:/home/fabio/.m2/repository/org/springframework/boot/spring-boot-starter-tomcat/1.5.6.RELEASE/spring-boot-starter-tomcat-1.5.6.RELEASE.jar:/home/fabio/.m2/repository/org/apache/tomcat/embed/tomcat-embed-core/8.5.16/tomcat-embed-core-8.5.16.jar:/home/fabio/.m2/repository/org/apache/tomcat/embed/tomcat-embed-el/8.5.16/tomcat-embed-el-8.5.16.jar:/home/fabio/.m2/repository/org/apache/tomcat/embed/tomcat-embed-websocket/8.5.16/tomcat-embed-websocket-8.5.16.jar:/home/fabio/.m2/repository/com/fasterxml/jackson/core/jackson-databind/2.8.9/jackson-databind-2.8.9.jar:/home/fabio/.m2/repository/com/fasterxml/jackson/core/jackson-annotations/2.8.0/jackson-annotations-2.8.0.jar:/home/fabio/.m2/repository/com/fasterxml/jackson/core/jackson-core/2.8.9/jackson-core-2.8.9.jar:/home/fabio/.m2/repository/org/springframework/boot/spring-boot-starter-actuator/1.5.6.RELEASE/spring-boot-starter-actuator-1.5.6.RELEASE.jar:/home/fabio/.m2/repository/org/springframework/boot/spring-boot-actuator/1.5.6.RELEASE/spring-boot-actuator-1.5.6.RELEASE.jar:/home/fabio/.m2/repository/org/aspectj/aspectjweaver/1.8.10/aspectjweaver-1.8.10.jar:/home/fabio/.m2/repository/org/springframework/spring-core/4.3.10.RELEASE/spring-core-4.3.10.RELEASE.jar:/home/fabio/.m2/repository/org/springframework/spring-context/4.3.10.RELEASE/spring-context-4.3.10.RELEASE.jar:/home/fabio/.m2/repository/org/springframework/spring-beans/4.3.10.RELEASE/spring-beans-4.3.10.RELEASE.jar:/home/fabio/.m2/repository/org/springframework/spring-expression/4.3.10.RELEASE/spring-expression-4.3.10.RELEASE.jar:/home/fabio/.m2/repository/org/springframework/spring-aspects/4.3.10.RELEASE/spring-aspects-4.3.10.RELEASE.jar:/home/fabio/.m2/repository/org/springframework/spring-webmvc/4.3.10.RELEASE/spring-webmvc-4.3.10.RELEASE.jar:/home/fabio/.m2/repository/org/springframework/spring-web/4.3.10.RELEASE/spring-web-4.3.10.RELEASE.jar:/home/fabio/.m2/repository/org/springframework/spring-oxm/4.3.10.RELEASE/spring-oxm-4.3.10.RELEASE.jar:/home/fabio/.m2/repository/org/springframework/spring-tx/4.3.10.RELEASE/spring-tx-4.3.10.RELEASE.jar:/home/fabio/.m2/repository/org/springframework/spring-aop/4.3.10.RELEASE/spring-aop-4.3.10.RELEASE.jar:/home/fabio/.m2/repository/org/springframework/spring-orm/4.3.10.RELEASE/spring-orm-4.3.10.RELEASE.jar:/home/fabio/.m2/repository/org/springframework/spring-jdbc/4.3.10.RELEASE/spring-jdbc-4.3.10.RELEASE.jar:/home/fabio/.m2/repository/org/springframework/boot/spring-boot-starter-security/1.5.6.RELEASE/spring-boot-starter-security-1.5.6.RELEASE.jar:/home/fabio/.m2/repository/org/springframework/security/spring-security-config/4.2.3.RELEASE/spring-security-config-4.2.3.RELEASE.jar:/home/fabio/.m2/repository/org/springframework/security/spring-security-core/4.2.3.RELEASE/spring-security-core-4.2.3.RELEASE.jar:/home/fabio/.m2/repository/org/springframework/security/spring-security-web/4.2.3.RELEASE/spring-security-web-4.2.3.RELEASE.jar:/home/fabio/.m2/repository/org/slf4j/slf4j-api/1.7.25/slf4j-api-1.7.25.jar:/home/fabio/.m2/repository/ch/qos/logback/logback-classic/1.1.3/logback-classic-1.1.3.jar:/home/fabio/.m2/repository/ch/qos/logback/logback-core/1.1.3/logback-core-1.1.3.jar:/home/fabio/.m2/repository/org/slf4j/jcl-over-slf4j/1.7.25/jcl-over-slf4j-1.7.25.jar:/home/fabio/.m2/repository/commons-dbutils/commons-dbutils/1.6/commons-dbutils-1.6.jar:/home/fabio/.m2/repository/org/hibernate/hibernate-core/4.3.11.Final/hibernate-core-4.3.11.Final.jar:/home/fabio/.m2/repository/antlr/antlr/2.7.7/antlr-2.7.7.jar:/home/fabio/.m2/repository/org/jboss/jandex/1.1.0.Final/jandex-1.1.0.Final.jar:/home/fabio/.m2/repository/org/hibernate/hibernate-c3p0/4.3.11.Final/hibernate-c3p0-4.3.11.Final.jar:/home/fabio/.m2/repository/com/mchange/c3p0/0.9.2.1/c3p0-0.9.2.1.jar:/home/fabio/.m2/repository/com/mchange/mchange-commons-java/0.2.3.4/mchange-commons-java-0.2.3.4.jar:/home/fabio/.m2/repository/org/hibernate/hibernate-validator/5.3.5.Final/hibernate-validator-5.3.5.Final.jar:/home/fabio/.m2/repository/com/fasterxml/classmate/1.3.3/classmate-1.3.3.jar:/home/fabio/.m2/repository/javax/validation/validation-api/1.1.0.Final/validation-api-1.1.0.Final.jar:/home/fabio/.m2/repository/org/jooq/jooq/3.9.4/jooq-3.9.4.jar:/home/fabio/.m2/repository/mysql/mysql-connector-java/5.1.43/mysql-connector-java-5.1.43.jar:, hibernate.bytecode.use_reflection_optimizer=false, java.vm.specification.name=Java Virtual Machine Specification, hibernate.c3p0.testConnectionOnCheckout=true, java.vm.specification.version=1.8, sun.cpu.endian=little, sun.os.patch.level=unknown, surefire.test.class.path=/home/fabio/Documentos/facu/ingweb3/repoingweb3personal/supermercadosdeltaplusModulo/target/test-classes:/home/fabio/Documentos/facu/ingweb3/repoingweb3personal/supermercadosdeltaplusModulo/target/classes:/home/fabio/.m2/repository/org/hibernate/hibernate-entitymanager/4.3.1.Final/hibernate-entitymanager-4.3.1.Final.jar:/home/fabio/.m2/repository/org/jboss/logging/jboss-logging/3.3.1.Final/jboss-logging-3.3.1.Final.jar:/home/fabio/.m2/repository/org/jboss/logging/jboss-logging-annotations/1.2.0.Beta1/jboss-logging-annotations-1.2.0.Beta1.jar:/home/fabio/.m2/repository/dom4j/dom4j/1.6.1/dom4j-1.6.1.jar:/home/fabio/.m2/repository/org/hibernate/common/hibernate-commons-annotations/4.0.4.Final/hibernate-commons-annotations-4.0.4.Final.jar:/home/fabio/.m2/repository/org/jboss/spec/javax/transaction/jboss-transaction-api_1.2_spec/1.0.0.Final/jboss-transaction-api_1.2_spec-1.0.0.Final.jar:/home/fabio/.m2/repository/org/javassist/javassist/3.21.0-GA/javassist-3.21.0-GA.jar:/home/fabio/.m2/repository/junit/junit/4.12/junit-4.12.jar:/home/fabio/.m2/repository/org/hamcrest/hamcrest-core/1.3/hamcrest-core-1.3.jar:/home/fabio/.m2/repository/org/hibernate/javax/persistence/hibernate-jpa-2.1-api/1.0.0.Final/hibernate-jpa-2.1-api-1.0.0.Final.jar:/home/fabio/.m2/repository/javax/javaee-web-api/7.0/javaee-web-api-7.0.jar:/home/fabio/.m2/repository/org/springframework/boot/spring-boot-starter-web/1.5.6.RELEASE/spring-boot-starter-web-1.5.6.RELEASE.jar:/home/fabio/.m2/repository/org/springframework/boot/spring-boot-starter/1.5.6.RELEASE/spring-boot-starter-1.5.6.RELEASE.jar:/home/fabio/.m2/repository/org/springframework/boot/spring-boot/1.5.6.RELEASE/spring-boot-1.5.6.RELEASE.jar:/home/fabio/.m2/repository/org/springframework/boot/spring-boot-autoconfigure/1.5.6.RELEASE/spring-boot-autoconfigure-1.5.6.RELEASE.jar:/home/fabio/.m2/repository/org/springframework/boot/spring-boot-starter-logging/1.5.6.RELEASE/spring-boot-starter-logging-1.5.6.RELEASE.jar:/home/fabio/.m2/repository/org/slf4j/jul-to-slf4j/1.7.25/jul-to-slf4j-1.7.25.jar:/home/fabio/.m2/repository/org/slf4j/log4j-over-slf4j/1.7.25/log4j-over-slf4j-1.7.25.jar:/home/fabio/.m2/repository/org/yaml/snakeyaml/1.17/snakeyaml-1.17.jar:/home/fabio/.m2/repository/org/springframework/boot/spring-boot-starter-tomcat/1.5.6.RELEASE/spring-boot-starter-tomcat-1.5.6.RELEASE.jar:/home/fabio/.m2/repository/org/apache/tomcat/embed/tomcat-embed-core/8.5.16/tomcat-embed-core-8.5.16.jar:/home/fabio/.m2/repository/org/apache/tomcat/embed/tomcat-embed-el/8.5.16/tomcat-embed-el-8.5.16.jar:/home/fabio/.m2/repository/org/apache/tomcat/embed/tomcat-embed-websocket/8.5.16/tomcat-embed-websocket-8.5.16.jar:/home/fabio/.m2/repository/com/fasterxml/jackson/core/jackson-databind/2.8.9/jackson-databind-2.8.9.jar:/home/fabio/.m2/repository/com/fasterxml/jackson/core/jackson-annotations/2.8.0/jackson-annotations-2.8.0.jar:/home/fabio/.m2/repository/com/fasterxml/jackson/core/jackson-core/2.8.9/jackson-core-2.8.9.jar:/home/fabio/.m2/repository/org/springframework/boot/spring-boot-starter-actuator/1.5.6.RELEASE/spring-boot-starter-actuator-1.5.6.RELEASE.jar:/home/fabio/.m2/repository/org/springframework/boot/spring-boot-actuator/1.5.6.RELEASE/spring-boot-actuator-1.5.6.RELEASE.jar:/home/fabio/.m2/repository/org/aspectj/aspectjweaver/1.8.10/aspectjweaver-1.8.10.jar:/home/fabio/.m2/repository/org/springframework/spring-core/4.3.10.RELEASE/spring-core-4.3.10.RELEASE.jar:/home/fabio/.m2/repository/org/springframework/spring-context/4.3.10.RELEASE/spring-context-4.3.10.RELEASE.jar:/home/fabio/.m2/repository/org/springframework/spring-beans/4.3.10.RELEASE/spring-beans-4.3.10.RELEASE.jar:/home/fabio/.m2/repository/org/springframework/spring-expression/4.3.10.RELEASE/spring-expression-4.3.10.RELEASE.jar:/home/fabio/.m2/repository/org/springframework/spring-aspects/4.3.10.RELEASE/spring-aspects-4.3.10.RELEASE.jar:/home/fabio/.m2/repository/org/springframework/spring-webmvc/4.3.10.RELEASE/spring-webmvc-4.3.10.RELEASE.jar:/home/fabio/.m2/repository/org/springframework/spring-web/4.3.10.RELEASE/spring-web-4.3.10.RELEASE.jar:/home/fabio/.m2/repository/org/springframework/spring-oxm/4.3.10.RELEASE/spring-oxm-4.3.10.RELEASE.jar:/home/fabio/.m2/repository/org/springframework/spring-tx/4.3.10.RELEASE/spring-tx-4.3.10.RELEASE.jar:/home/fabio/.m2/repository/org/springframework/spring-aop/4.3.10.RELEASE/spring-aop-4.3.10.RELEASE.jar:/home/fabio/.m2/repository/org/springframework/spring-orm/4.3.10.RELEASE/spring-orm-4.3.10.RELEASE.jar:/home/fabio/.m2/repository/org/springframework/spring-jdbc/4.3.10.RELEASE/spring-jdbc-4.3.10.RELEASE.jar:/home/fabio/.m2/repository/org/springframework/boot/spring-boot-starter-security/1.5.6.RELEASE/spring-boot-starter-security-1.5.6.RELEASE.jar:/home/fabio/.m2/repository/org/springframework/security/spring-security-config/4.2.3.RELEASE/spring-security-config-4.2.3.RELEASE.jar:/home/fabio/.m2/repository/org/springframework/security/spring-security-core/4.2.3.RELEASE/spring-security-core-4.2.3.RELEASE.jar:/home/fabio/.m2/repository/org/springframework/security/spring-security-web/4.2.3.RELEASE/spring-security-web-4.2.3.RELEASE.jar:/home/fabio/.m2/repository/org/slf4j/slf4j-api/1.7.25/slf4j-api-1.7.25.jar:/home/fabio/.m2/repository/ch/qos/logback/logback-classic/1.1.3/logback-classic-1.1.3.jar:/home/fabio/.m2/repository/ch/qos/logback/logback-core/1.1.3/logback-core-1.1.3.jar:/home/fabio/.m2/repository/org/slf4j/jcl-over-slf4j/1.7.25/jcl-over-slf4j-1.7.25.jar:/home/fabio/.m2/repository/commons-dbutils/commons-dbutils/1.6/commons-dbutils-1.6.jar:/home/fabio/.m2/repository/org/hibernate/hibernate-core/4.3.11.Final/hibernate-core-4.3.11.Final.jar:/home/fabio/.m2/repository/antlr/antlr/2.7.7/antlr-2.7.7.jar:/home/fabio/.m2/repository/org/jboss/jandex/1.1.0.Final/jandex-1.1.0.Final.jar:/home/fabio/.m2/repository/org/hibernate/hibernate-c3p0/4.3.11.Final/hibernate-c3p0-4.3.11.Final.jar:/home/fabio/.m2/repository/com/mchange/c3p0/0.9.2.1/c3p0-0.9.2.1.jar:/home/fabio/.m2/repository/com/mchange/mchange-commons-java/0.2.3.4/mchange-commons-java-0.2.3.4.jar:/home/fabio/.m2/repository/org/hibernate/hibernate-validator/5.3.5.Final/hibernate-validator-5.3.5.Final.jar:/home/fabio/.m2/repository/com/fasterxml/classmate/1.3.3/classmate-1.3.3.jar:/home/fabio/.m2/repository/javax/validation/validation-api/1.1.0.Final/validation-api-1.1.0.Final.jar:/home/fabio/.m2/repository/org/jooq/jooq/3.9.4/jooq-3.9.4.jar:/home/fabio/.m2/repository/mysql/mysql-connector-java/5.1.43/mysql-connector-java-5.1.43.jar:, java.io.tmpdir=/tmp, java.vendor.url.bug=http://bugreport.sun.com/bugreport/, os.arch=amd64, java.awt.graphicsenv=sun.awt.X11GraphicsEnvironment, java.ext.dirs=/usr/java/jdk1.8.0_144/jre/lib/ext:/usr/java/packages/lib/ext, user.dir=/home/fabio/Documentos/facu/ingweb3/repoingweb3personal/supermercadosdeltaplusModulo, hibernate.c3p0.idle_test_period=10, line.separator=
, java.vm.name=Java HotSpot(TM) 64-Bit Server VM, basedir=/home/fabio/Documentos/facu/ingweb3/repoingweb3personal/supermercadosdeltaplusModulo, hibernate.c3p0.acquire_increment=3, file.encoding=UTF-8, format_sql=true, java.specification.version=1.8, hibernate.show_sql=true, hibernate.c3p0.max_statements=10}
13:56:35.956 [main] DEBUG o.h.i.internal.IntegratorServiceImpl - Adding Integrator [org.hibernate.cfg.beanvalidation.BeanValidationIntegrator].
13:56:35.959 [main] DEBUG o.h.i.internal.IntegratorServiceImpl - Adding Integrator [org.hibernate.secure.spi.JaccIntegrator].
13:56:35.962 [main] DEBUG o.h.i.internal.IntegratorServiceImpl - Adding Integrator [org.hibernate.cache.internal.CollectionCacheInvalidator].
13:56:35.988 [main] DEBUG o.h.b.r.s.i.StrategySelectorImpl - Registering named strategy selector [org.hibernate.dialect.Dialect] : [MySQL5] -> [org.hibernate.dialect.MySQL5Dialect] (replacing [org.hibernate.dialect.MySQL5Dialect])
13:56:35.990 [main] DEBUG o.h.b.r.s.i.StrategySelectorImpl - Registering named strategy selector [org.hibernate.dialect.Dialect] : [MySQL5InnoDB] -> [org.hibernate.dialect.MySQL5InnoDBDialect] (replacing [org.hibernate.dialect.MySQL5InnoDBDialect])
13:56:36.065 [main] DEBUG o.h.service.spi.ServiceBinding - Overriding existing service binding [org.hibernate.secure.spi.JaccService]
13:56:36.066 [main] DEBUG org.hibernate.cfg.Configuration - Preparing to build session factory with filters : {}
13:56:36.090 [main] INFO  o.h.c.i.C3P0ConnectionProvider - HHH010002: C3P0 using driver: com.mysql.jdbc.Driver at URL: jdbc:mysql://localhost:3306/supermercadosdeltaplus
13:56:36.090 [main] INFO  o.h.c.i.C3P0ConnectionProvider - HHH000046: Connection properties: {user=root, password=****}
13:56:36.090 [main] INFO  o.h.c.i.C3P0ConnectionProvider - HHH000006: Autocommit mode: false
13:56:36.105 [main] WARN  o.h.c.i.C3P0ConnectionProvider - HHH010001: Both hibernate-style property 'hibernate.c3p0.timeout' and c3p0-style property 'hibernate.c3p0.maxIdleTime' have been set in Hibernate properties.  Hibernate-style property 'hibernate.c3p0.timeout' will be used and c3p0-style property 'hibernate.c3p0.maxIdleTime' will be ignored!
13:56:36.124 [main] INFO  com.mchange.v2.log.MLog - MLog clients using log4j logging.
13:56:36.295 [main] INFO  com.mchange.v2.c3p0.C3P0Registry - Initializing c3p0-0.9.2.1 [built 20-March-2013 10:47:27 +0000; debug? true; trace: 10]
13:56:36.314 [main] DEBUG c.m.v.c.m.DynamicPooledDataSourceManagerMBean - MBean: com.mchange.v2.c3p0:type=PooledDataSource,identityToken=z8kfsx9q1mqsllcezswow|131ef10,name=z8kfsx9q1mqsllcezswow|131ef10 registered.
13:56:36.335 [main] DEBUG c.m.v.c.m.DynamicPooledDataSourceManagerMBean - MBean: com.mchange.v2.c3p0:type=PooledDataSource,identityToken=z8kfsx9q1mqsllcezswow|131ef10,name=z8kfsx9q1mqsllcezswow|131ef10 unregistered, in order to be reregistered after update.
13:56:36.335 [main] DEBUG c.m.v.c.m.DynamicPooledDataSourceManagerMBean - MBean: com.mchange.v2.c3p0:type=PooledDataSource,identityToken=z8kfsx9q1mqsllcezswow|131ef10,name=z8kfsx9q1mqsllcezswow|131ef10 registered.
13:56:36.373 [main] INFO  c.m.v.c.i.AbstractPoolBackedDataSource - Initializing c3p0 pool... com.mchange.v2.c3p0.PoolBackedDataSource@637e215c [ connectionPoolDataSource -> com.mchange.v2.c3p0.WrapperConnectionPoolDataSource@c316c260 [ acquireIncrement -> 3, acquireRetryAttempts -> 30, acquireRetryDelay -> 1000, autoCommitOnClose -> false, automaticTestTable -> null, breakAfterAcquireFailure -> false, checkoutTimeout -> 0, connectionCustomizerClassName -> null, connectionTesterClassName -> com.mchange.v2.c3p0.impl.DefaultConnectionTester, debugUnreturnedConnectionStackTraces -> false, factoryClassLocation -> null, forceIgnoreUnresolvedTransactions -> false, identityToken -> z8kfsx9q1mqsllcezswow|279fedbd, idleConnectionTestPeriod -> 10, initialPoolSize -> 5, maxAdministrativeTaskTime -> 0, maxConnectionAge -> 0, maxIdleTime -> 3600, maxIdleTimeExcessConnections -> 0, maxPoolSize -> 75, maxStatements -> 10, maxStatementsPerConnection -> 0, minPoolSize -> 5, nestedDataSource -> com.mchange.v2.c3p0.DriverManagerDataSource@5beb15c [ description -> null, driverClass -> null, factoryClassLocation -> null, identityToken -> z8kfsx9q1mqsllcezswow|55141def, jdbcUrl -> jdbc:mysql://localhost:3306/supermercadosdeltaplus, properties -> {user=******, password=******} ], preferredTestQuery -> select 1, propertyCycle -> 0, statementCacheNumDeferredCloseThreads -> 0, testConnectionOnCheckin -> false, testConnectionOnCheckout -> true, unreturnedConnectionTimeout -> 0, usesTraditionalReflectiveProxies -> false; userOverrides: {} ], dataSourceName -> null, factoryClassLocation -> null, identityToken -> z8kfsx9q1mqsllcezswow|131ef10, numHelperThreads -> 3 ]
13:56:36.393 [main] DEBUG c.m.v.resourcepool.BasicResourcePool - incremented pending_acquires: 1
13:56:36.393 [main] DEBUG c.m.v.resourcepool.BasicResourcePool - Starting acquisition series. Incremented pending_acquires [1],  attempts_remaining: 30
13:56:36.393 [main] DEBUG c.m.v.a.ThreadPoolAsynchronousRunner - com.mchange.v2.async.ThreadPoolAsynchronousRunner@4470f8a6: Adding task to queue -- com.mchange.v2.resourcepool.BasicResourcePool$ScatteredAcquireTask@7c83dc97
13:56:36.393 [main] DEBUG c.m.v.resourcepool.BasicResourcePool - incremented pending_acquires: 2
13:56:36.393 [main] DEBUG c.m.v.resourcepool.BasicResourcePool - Starting acquisition series. Incremented pending_acquires [2],  attempts_remaining: 30
13:56:36.393 [main] DEBUG c.m.v.a.ThreadPoolAsynchronousRunner - com.mchange.v2.async.ThreadPoolAsynchronousRunner@4470f8a6: Adding task to queue -- com.mchange.v2.resourcepool.BasicResourcePool$ScatteredAcquireTask@7748410a
13:56:36.393 [main] DEBUG c.m.v.resourcepool.BasicResourcePool - incremented pending_acquires: 3
13:56:36.393 [main] DEBUG c.m.v.resourcepool.BasicResourcePool - Starting acquisition series. Incremented pending_acquires [3],  attempts_remaining: 30
13:56:36.393 [main] DEBUG c.m.v.a.ThreadPoolAsynchronousRunner - com.mchange.v2.async.ThreadPoolAsynchronousRunner@4470f8a6: Adding task to queue -- com.mchange.v2.resourcepool.BasicResourcePool$ScatteredAcquireTask@740773a3
13:56:36.393 [main] DEBUG c.m.v.resourcepool.BasicResourcePool - incremented pending_acquires: 4
13:56:36.393 [main] DEBUG c.m.v.resourcepool.BasicResourcePool - Starting acquisition series. Incremented pending_acquires [4],  attempts_remaining: 30
13:56:36.393 [main] DEBUG c.m.v.a.ThreadPoolAsynchronousRunner - com.mchange.v2.async.ThreadPoolAsynchronousRunner@4470f8a6: Adding task to queue -- com.mchange.v2.resourcepool.BasicResourcePool$ScatteredAcquireTask@37f1104d
13:56:36.394 [main] DEBUG c.m.v.resourcepool.BasicResourcePool - incremented pending_acquires: 5
13:56:36.394 [main] DEBUG c.m.v.resourcepool.BasicResourcePool - Starting acquisition series. Incremented pending_acquires [5],  attempts_remaining: 30
13:56:36.394 [main] DEBUG c.m.v.a.ThreadPoolAsynchronousRunner - com.mchange.v2.async.ThreadPoolAsynchronousRunner@4470f8a6: Adding task to queue -- com.mchange.v2.resourcepool.BasicResourcePool$ScatteredAcquireTask@55740540
13:56:36.394 [main] DEBUG c.m.v.resourcepool.BasicResourcePool - com.mchange.v2.resourcepool.BasicResourcePool@60015ef5 config: [start -> 5; min -> 5; max -> 75; inc -> 3; num_acq_attempts -> 30; acq_attempt_delay -> 1000; check_idle_resources_delay -> 10000; mox_resource_age -> 0; max_idle_time -> 3600000; excess_max_idle_time -> 0; destroy_unreturned_resc_time -> 0; expiration_enforcement_delay -> 900000; break_on_acquisition_failure -> false; debug_store_checkout_exceptions -> false]
13:56:36.394 [main] DEBUG c.m.v.c.i.C3P0PooledConnectionPoolManager - Created new pool for auth, username (masked): 'ro******'.
13:56:36.394 [main] DEBUG c.m.v.resourcepool.BasicResourcePool - acquire test -- pool size: 0; target_pool_size: 5; desired target? 1
13:56:36.394 [main] DEBUG c.m.v.resourcepool.BasicResourcePool - awaitAvailable(): [unknown]
13:56:36.395 [main] DEBUG c.m.v.resourcepool.BasicResourcePool - trace com.mchange.v2.resourcepool.BasicResourcePool@60015ef5 [managed: 0, unused: 0, excluded: 0]
13:56:37.611 [C3P0PooledConnectionPoolManager[identityToken->z8kfsx9q1mqsllcezswow|131ef10]-HelperThread-#2] DEBUG c.m.v.c3p0.stmt.GooGooStatementCache - checkinAll(): com.mchange.v2.c3p0.stmt.GlobalMaxOnlyStatementCache stats -- total size: 0; checked out: 0; num connections: 0; num keys: 0
13:56:37.611 [C3P0PooledConnectionPoolManager[identityToken->z8kfsx9q1mqsllcezswow|131ef10]-HelperThread-#1] DEBUG c.m.v.c3p0.stmt.GooGooStatementCache - checkinAll(): com.mchange.v2.c3p0.stmt.GlobalMaxOnlyStatementCache stats -- total size: 0; checked out: 0; num connections: 0; num keys: 0
13:56:37.612 [C3P0PooledConnectionPoolManager[identityToken->z8kfsx9q1mqsllcezswow|131ef10]-HelperThread-#1] DEBUG c.m.v.c.i.C3P0PooledConnectionPool - com.mchange.v2.c3p0.impl.C3P0PooledConnectionPool$1PooledConnectionResourcePoolManager@69e9d0d2.acquireResource() returning. 
13:56:37.612 [C3P0PooledConnectionPoolManager[identityToken->z8kfsx9q1mqsllcezswow|131ef10]-HelperThread-#2] DEBUG c.m.v.c.i.C3P0PooledConnectionPool - com.mchange.v2.c3p0.impl.C3P0PooledConnectionPool$1PooledConnectionResourcePoolManager@69e9d0d2.acquireResource() returning. 
13:56:37.613 [C3P0PooledConnectionPoolManager[identityToken->z8kfsx9q1mqsllcezswow|131ef10]-HelperThread-#1] DEBUG c.m.v.resourcepool.BasicResourcePool - trace com.mchange.v2.resourcepool.BasicResourcePool@60015ef5 [managed: 1, unused: 1, excluded: 0]
13:56:37.613 [C3P0PooledConnectionPoolManager[identityToken->z8kfsx9q1mqsllcezswow|131ef10]-HelperThread-#1] DEBUG c.m.v.resourcepool.BasicResourcePool - decremented pending_acquires: 4
13:56:37.613 [C3P0PooledConnectionPoolManager[identityToken->z8kfsx9q1mqsllcezswow|131ef10]-HelperThread-#0] DEBUG c.m.v.c3p0.stmt.GooGooStatementCache - checkinAll(): com.mchange.v2.c3p0.stmt.GlobalMaxOnlyStatementCache stats -- total size: 0; checked out: 0; num connections: 0; num keys: 0
13:56:37.613 [C3P0PooledConnectionPoolManager[identityToken->z8kfsx9q1mqsllcezswow|131ef10]-HelperThread-#0] DEBUG c.m.v.c.i.C3P0PooledConnectionPool - com.mchange.v2.c3p0.impl.C3P0PooledConnectionPool$1PooledConnectionResourcePoolManager@69e9d0d2.acquireResource() returning. 
13:56:37.614 [C3P0PooledConnectionPoolManager[identityToken->z8kfsx9q1mqsllcezswow|131ef10]-HelperThread-#0] DEBUG c.m.v.resourcepool.BasicResourcePool - trace com.mchange.v2.resourcepool.BasicResourcePool@60015ef5 [managed: 2, unused: 2, excluded: 0] (e.g. com.mchange.v2.c3p0.impl.NewPooledConnection@5d89954f)
13:56:37.614 [C3P0PooledConnectionPoolManager[identityToken->z8kfsx9q1mqsllcezswow|131ef10]-HelperThread-#0] DEBUG c.m.v.resourcepool.BasicResourcePool - decremented pending_acquires: 3
13:56:37.614 [C3P0PooledConnectionPoolManager[identityToken->z8kfsx9q1mqsllcezswow|131ef10]-HelperThread-#0] DEBUG c.m.v.resourcepool.BasicResourcePool - Acquisition series terminated successfully. Decremented pending_acquires [3],  attempts_remaining: 30
13:56:37.615 [C3P0PooledConnectionPoolManager[identityToken->z8kfsx9q1mqsllcezswow|131ef10]-HelperThread-#2] DEBUG c.m.v.resourcepool.BasicResourcePool - trace com.mchange.v2.resourcepool.BasicResourcePool@60015ef5 [managed: 3, unused: 3, excluded: 0] (e.g. com.mchange.v2.c3p0.impl.NewPooledConnection@5d89954f)
13:56:37.615 [C3P0PooledConnectionPoolManager[identityToken->z8kfsx9q1mqsllcezswow|131ef10]-HelperThread-#2] DEBUG c.m.v.resourcepool.BasicResourcePool - decremented pending_acquires: 2
13:56:37.615 [C3P0PooledConnectionPoolManager[identityToken->z8kfsx9q1mqsllcezswow|131ef10]-HelperThread-#2] DEBUG c.m.v.resourcepool.BasicResourcePool - Acquisition series terminated successfully. Decremented pending_acquires [2],  attempts_remaining: 30
13:56:37.615 [main] DEBUG c.m.v.c.i.C3P0PooledConnectionPool - Testing PooledConnection [com.mchange.v2.c3p0.impl.NewPooledConnection@375f4405] on CHECKOUT.
13:56:37.624 [C3P0PooledConnectionPoolManager[identityToken->z8kfsx9q1mqsllcezswow|131ef10]-HelperThread-#1] DEBUG c.m.v.resourcepool.BasicResourcePool - Acquisition series terminated successfully. Decremented pending_acquires [2],  attempts_remaining: 30
13:56:37.654 [main] DEBUG c.m.v.c3p0.stmt.GooGooStatementCache - checkinAll(): com.mchange.v2.c3p0.stmt.GlobalMaxOnlyStatementCache stats -- total size: 0; checked out: 0; num connections: 0; num keys: 0
13:56:37.655 [main] DEBUG c.m.v.c.i.C3P0PooledConnectionPool - Test of PooledConnection [com.mchange.v2.c3p0.impl.NewPooledConnection@375f4405] on CHECKOUT has SUCCEEDED.
13:56:37.655 [main] DEBUG c.m.v.resourcepool.BasicResourcePool - trace com.mchange.v2.resourcepool.BasicResourcePool@60015ef5 [managed: 3, unused: 2, excluded: 0] (e.g. com.mchange.v2.c3p0.impl.NewPooledConnection@5d89954f)
13:56:37.677 [main] DEBUG o.h.e.jdbc.internal.JdbcServicesImpl - Database ->
       name : MySQL
    version : 5.7.19
      major : 5
      minor : 7
13:56:37.682 [main] DEBUG o.h.e.jdbc.internal.JdbcServicesImpl - Driver ->
       name : MySQL Connector Java
    version : mysql-connector-java-5.1.43 ( Revision: 1d14b699eff3e6112aaedb1cbe5a151ab81f98f1 )
      major : 5
      minor : 1
13:56:37.686 [main] DEBUG o.h.e.jdbc.internal.JdbcServicesImpl - JDBC version : 4.0
13:56:37.692 [main] DEBUG o.h.e.j.c.i.StandardRefCursorSupport - Unexpected error trying to gauge level of JDBC REF_CURSOR support : null
13:56:37.792 [C3P0PooledConnectionPoolManager[identityToken->z8kfsx9q1mqsllcezswow|131ef10]-HelperThread-#2] DEBUG c.m.v.c3p0.stmt.GooGooStatementCache - checkinAll(): com.mchange.v2.c3p0.stmt.GlobalMaxOnlyStatementCache stats -- total size: 0; checked out: 0; num connections: 0; num keys: 0
13:56:37.792 [C3P0PooledConnectionPoolManager[identityToken->z8kfsx9q1mqsllcezswow|131ef10]-HelperThread-#2] DEBUG c.m.v.c.i.C3P0PooledConnectionPool - com.mchange.v2.c3p0.impl.C3P0PooledConnectionPool$1PooledConnectionResourcePoolManager@69e9d0d2.acquireResource() returning. 
13:56:37.793 [C3P0PooledConnectionPoolManager[identityToken->z8kfsx9q1mqsllcezswow|131ef10]-HelperThread-#2] DEBUG c.m.v.resourcepool.BasicResourcePool - trace com.mchange.v2.resourcepool.BasicResourcePool@60015ef5 [managed: 4, unused: 3, excluded: 0] (e.g. com.mchange.v2.c3p0.impl.NewPooledConnection@5d89954f)
13:56:37.793 [C3P0PooledConnectionPoolManager[identityToken->z8kfsx9q1mqsllcezswow|131ef10]-HelperThread-#2] DEBUG c.m.v.resourcepool.BasicResourcePool - decremented pending_acquires: 1
13:56:37.793 [C3P0PooledConnectionPoolManager[identityToken->z8kfsx9q1mqsllcezswow|131ef10]-HelperThread-#2] DEBUG c.m.v.resourcepool.BasicResourcePool - Acquisition series terminated successfully. Decremented pending_acquires [1],  attempts_remaining: 30
13:56:37.795 [main] INFO  org.hibernate.dialect.Dialect - HHH000400: Using dialect: org.hibernate.dialect.MySQLDialect
13:56:37.807 [C3P0PooledConnectionPoolManager[identityToken->z8kfsx9q1mqsllcezswow|131ef10]-HelperThread-#0] DEBUG c.m.v.c3p0.stmt.GooGooStatementCache - checkinAll(): com.mchange.v2.c3p0.stmt.GlobalMaxOnlyStatementCache stats -- total size: 0; checked out: 0; num connections: 0; num keys: 0
13:56:37.807 [C3P0PooledConnectionPoolManager[identityToken->z8kfsx9q1mqsllcezswow|131ef10]-HelperThread-#0] DEBUG c.m.v.c.i.C3P0PooledConnectionPool - com.mchange.v2.c3p0.impl.C3P0PooledConnectionPool$1PooledConnectionResourcePoolManager@69e9d0d2.acquireResource() returning. 
13:56:37.808 [C3P0PooledConnectionPoolManager[identityToken->z8kfsx9q1mqsllcezswow|131ef10]-HelperThread-#0] DEBUG c.m.v.resourcepool.BasicResourcePool - trace com.mchange.v2.resourcepool.BasicResourcePool@60015ef5 [managed: 5, unused: 4, excluded: 0] (e.g. com.mchange.v2.c3p0.impl.NewPooledConnection@5d89954f)
13:56:37.808 [C3P0PooledConnectionPoolManager[identityToken->z8kfsx9q1mqsllcezswow|131ef10]-HelperThread-#0] DEBUG c.m.v.resourcepool.BasicResourcePool - decremented pending_acquires: 0
13:56:37.808 [C3P0PooledConnectionPoolManager[identityToken->z8kfsx9q1mqsllcezswow|131ef10]-HelperThread-#0] DEBUG c.m.v.resourcepool.BasicResourcePool - Acquisition series terminated successfully. Decremented pending_acquires [0],  attempts_remaining: 30
13:56:37.841 [main] INFO  o.h.e.j.internal.LobCreatorBuilder - HHH000424: Disabling contextual LOB creation as createClob() method threw error : java.lang.reflect.InvocationTargetException
13:56:37.841 [main] DEBUG c.m.v.c3p0.stmt.GooGooStatementCache - checkinAll(): com.mchange.v2.c3p0.stmt.GlobalMaxOnlyStatementCache stats -- total size: 0; checked out: 0; num connections: 0; num keys: 0
13:56:37.844 [main] DEBUG c.m.v.a.ThreadPoolAsynchronousRunner - com.mchange.v2.async.ThreadPoolAsynchronousRunner@4470f8a6: Adding task to queue -- com.mchange.v2.resourcepool.BasicResourcePool$1RefurbishCheckinResourceTask@6631f5ca
13:56:37.855 [main] DEBUG c.m.v.resourcepool.BasicResourcePool - trace com.mchange.v2.resourcepool.BasicResourcePool@60015ef5 [managed: 5, unused: 4, excluded: 0] (e.g. com.mchange.v2.c3p0.impl.NewPooledConnection@5d89954f)
13:56:37.856 [C3P0PooledConnectionPoolManager[identityToken->z8kfsx9q1mqsllcezswow|131ef10]-HelperThread-#0] DEBUG c.m.v.c3p0.stmt.GooGooStatementCache - checkinAll(): com.mchange.v2.c3p0.stmt.GlobalMaxOnlyStatementCache stats -- total size: 0; checked out: 0; num connections: 0; num keys: 0
13:56:38.018 [main] DEBUG org.hibernate.cfg.Configuration - Processing hbm.xml files
13:56:38.018 [main] DEBUG org.hibernate.cfg.Configuration - Process annotated classes
13:56:38.028 [main] DEBUG org.hibernate.cfg.AnnotationBinder - Binding entity from annotated class: com.fabiocompany.supermercadosdeltaplus.model.Cabeceraticket
13:56:38.056 [main] DEBUG org.hibernate.cfg.Ejb3Column - Binding column: Ejb3DiscriminatorColumn{logicalColumnName'DTYPE', discriminatorTypeName='string'}
13:56:38.058 [main] DEBUG org.hibernate.cfg.AnnotationBinder - No value specified for 'javax.persistence.sharedCache.mode'; using UNSPECIFIED
13:56:38.064 [main] DEBUG o.h.cfg.annotations.EntityBinder - Import with entity name Cabeceraticket
13:56:38.067 [main] DEBUG o.h.cfg.annotations.EntityBinder - Bind entity com.fabiocompany.supermercadosdeltaplus.model.Cabeceraticket on table cabeceraticket
13:56:38.142 [main] DEBUG org.hibernate.cfg.Ejb3Column - Binding column: Ejb3Column{table=org.hibernate.mapping.Table(cabeceraticket), mappingColumn=idticket, insertable=true, updatable=true, unique=false}
13:56:38.151 [main] DEBUG o.h.cfg.annotations.PropertyBinder - MetadataSourceProcessor property idticket with lazy=false
13:56:38.154 [main] DEBUG o.h.cfg.AbstractPropertyHolder - Attempting to locate auto-apply AttributeConverter for property [com.fabiocompany.supermercadosdeltaplus.model.Cabeceraticket:idticket]
13:56:38.157 [main] DEBUG o.h.c.annotations.SimpleValueBinder - building SimpleValue for idticket
13:56:38.160 [main] DEBUG o.h.cfg.annotations.PropertyBinder - Building property idticket
13:56:38.170 [main] DEBUG org.hibernate.cfg.Ejb3Column - Binding column: Ejb3JoinColumn{logicalColumnName='idticket', referencedColumn='', mappedBy=''}
13:56:38.171 [main] DEBUG org.hibernate.cfg.Ejb3Column - Binding column: Ejb3Column{table=org.hibernate.mapping.Table(cabeceraticket), mappingColumn=detalletickets, insertable=true, updatable=true, unique=false}
13:56:38.173 [main] DEBUG org.hibernate.cfg.Ejb3Column - Binding column: Ejb3Column{table=org.hibernate.mapping.Table(cabeceraticket), mappingColumn=idx, insertable=true, updatable=true, unique=false}
13:56:38.186 [main] DEBUG org.hibernate.cfg.Ejb3Column - Binding column: Ejb3Column{table=org.hibernate.mapping.Table(cabeceraticket), mappingColumn=element, insertable=true, updatable=true, unique=false}
13:56:38.187 [main] DEBUG org.hibernate.cfg.Ejb3Column - Binding column: Ejb3Column{table=org.hibernate.mapping.Table(cabeceraticket), mappingColumn=detalletickets_KEY, insertable=true, updatable=true, unique=false}
13:56:38.187 [main] DEBUG org.hibernate.cfg.Ejb3Column - Binding column: Ejb3JoinColumn{logicalColumnName='detalletickets_KEY', referencedColumn='null', mappedBy='null'}
13:56:38.189 [main] DEBUG org.hibernate.cfg.Ejb3Column - Binding column: Ejb3JoinColumn{logicalColumnName='null', referencedColumn='null', mappedBy=''}
13:56:38.190 [main] DEBUG org.hibernate.cfg.Ejb3Column - Binding column: Ejb3JoinColumn{logicalColumnName='null', referencedColumn='null', mappedBy=''}
13:56:38.191 [main] DEBUG o.h.cfg.annotations.CollectionBinder - Collection role: com.fabiocompany.supermercadosdeltaplus.model.Cabeceraticket.detalletickets
13:56:38.194 [main] DEBUG o.h.cfg.annotations.PropertyBinder - Building property detalletickets
13:56:38.195 [main] DEBUG org.hibernate.cfg.Ejb3Column - Binding column: Ejb3Column{table=org.hibernate.mapping.Table(cabeceraticket), mappingColumn=fecha, insertable=true, updatable=true, unique=false}
13:56:38.195 [main] DEBUG o.h.cfg.annotations.PropertyBinder - MetadataSourceProcessor property fecha with lazy=false
13:56:38.196 [main] DEBUG o.h.cfg.AbstractPropertyHolder - Attempting to locate auto-apply AttributeConverter for property [com.fabiocompany.supermercadosdeltaplus.model.Cabeceraticket:fecha]
13:56:38.196 [main] DEBUG o.h.c.annotations.SimpleValueBinder - building SimpleValue for fecha
13:56:38.196 [main] DEBUG o.h.cfg.annotations.PropertyBinder - Building property fecha
13:56:38.196 [main] DEBUG org.hibernate.cfg.Ejb3Column - Binding column: Ejb3JoinColumn{logicalColumnName='idusuario', referencedColumn='', mappedBy=''}
13:56:38.196 [main] DEBUG org.hibernate.cfg.Ejb3Column - Binding column: Ejb3Column{table=org.hibernate.mapping.Table(cabeceraticket), mappingColumn=usuario, insertable=true, updatable=true, unique=false}
13:56:38.199 [main] DEBUG o.h.cfg.annotations.PropertyBinder - Building property usuario
13:56:38.202 [main] DEBUG org.hibernate.cfg.AnnotationBinder - Binding entity from annotated class: com.fabiocompany.supermercadosdeltaplus.model.Detalleoferta
13:56:38.202 [main] DEBUG org.hibernate.cfg.Ejb3Column - Binding column: Ejb3DiscriminatorColumn{logicalColumnName'DTYPE', discriminatorTypeName='string'}
13:56:38.202 [main] DEBUG org.hibernate.cfg.AnnotationBinder - No value specified for 'javax.persistence.sharedCache.mode'; using UNSPECIFIED
13:56:38.202 [main] DEBUG o.h.cfg.annotations.EntityBinder - Import with entity name Detalleoferta
13:56:38.203 [main] DEBUG o.h.cfg.annotations.EntityBinder - Bind entity com.fabiocompany.supermercadosdeltaplus.model.Detalleoferta on table detalleoferta
13:56:38.207 [main] DEBUG org.hibernate.cfg.Ejb3Column - Binding column: Ejb3Column{table=org.hibernate.mapping.Table(detalleoferta), mappingColumn=iddetalleoferta, insertable=true, updatable=true, unique=false}
13:56:38.207 [main] DEBUG o.h.cfg.annotations.PropertyBinder - MetadataSourceProcessor property iddetalleoferta with lazy=false
13:56:38.207 [main] DEBUG o.h.cfg.AbstractPropertyHolder - Attempting to locate auto-apply AttributeConverter for property [com.fabiocompany.supermercadosdeltaplus.model.Detalleoferta:iddetalleoferta]
13:56:38.207 [main] DEBUG o.h.c.annotations.SimpleValueBinder - building SimpleValue for iddetalleoferta
13:56:38.207 [main] DEBUG o.h.cfg.annotations.PropertyBinder - Building property iddetalleoferta
13:56:38.208 [main] DEBUG org.hibernate.cfg.Ejb3Column - Binding column: Ejb3Column{table=org.hibernate.mapping.Table(detalleoferta), mappingColumn=descripciondepromocion, insertable=true, updatable=true, unique=false}
13:56:38.208 [main] DEBUG o.h.cfg.annotations.PropertyBinder - MetadataSourceProcessor property descripciondepromocion with lazy=false
13:56:38.208 [main] DEBUG o.h.cfg.AbstractPropertyHolder - Attempting to locate auto-apply AttributeConverter for property [com.fabiocompany.supermercadosdeltaplus.model.Detalleoferta:descripciondepromocion]
13:56:38.208 [main] DEBUG o.h.c.annotations.SimpleValueBinder - building SimpleValue for descripciondepromocion
13:56:38.208 [main] DEBUG o.h.cfg.annotations.PropertyBinder - Building property descripciondepromocion
13:56:38.209 [main] DEBUG org.hibernate.cfg.Ejb3Column - Binding column: Ejb3Column{table=org.hibernate.mapping.Table(detalleoferta), mappingColumn=null, insertable=true, updatable=true, unique=false}
13:56:38.209 [main] DEBUG org.hibernate.cfg.Ejb3Column - Binding column: Ejb3Column{table=org.hibernate.mapping.Table(detalleoferta), mappingColumn=element, insertable=true, updatable=true, unique=false}
13:56:38.209 [main] DEBUG org.hibernate.cfg.Ejb3Column - Binding column: Ejb3Column{table=org.hibernate.mapping.Table(detalleoferta), mappingColumn=detalletickets_KEY, insertable=true, updatable=true, unique=false}
13:56:38.209 [main] DEBUG org.hibernate.cfg.Ejb3Column - Binding column: Ejb3JoinColumn{logicalColumnName='detalletickets_KEY', referencedColumn='null', mappedBy='null'}
13:56:38.210 [main] DEBUG org.hibernate.cfg.Ejb3Column - Binding column: Ejb3JoinColumn{logicalColumnName='null', referencedColumn='null', mappedBy='detalleofertas'}
13:56:38.210 [main] DEBUG org.hibernate.cfg.Ejb3Column - Binding column: Ejb3JoinColumn{logicalColumnName='null', referencedColumn='null', mappedBy='detalleofertas'}
13:56:38.210 [main] DEBUG o.h.cfg.annotations.CollectionBinder - Collection role: com.fabiocompany.supermercadosdeltaplus.model.Detalleoferta.detalletickets
13:56:38.210 [main] DEBUG o.h.cfg.annotations.PropertyBinder - Building property detalletickets
13:56:38.211 [main] DEBUG org.hibernate.cfg.Ejb3Column - Binding column: Ejb3Column{table=org.hibernate.mapping.Table(detalleoferta), mappingColumn=montodedescuento, insertable=true, updatable=true, unique=false}
13:56:38.211 [main] DEBUG o.h.cfg.annotations.PropertyBinder - MetadataSourceProcessor property montodedescuento with lazy=false
13:56:38.211 [main] DEBUG o.h.cfg.AbstractPropertyHolder - Attempting to locate auto-apply AttributeConverter for property [com.fabiocompany.supermercadosdeltaplus.model.Detalleoferta:montodedescuento]
13:56:38.211 [main] DEBUG o.h.c.annotations.SimpleValueBinder - building SimpleValue for montodedescuento
13:56:38.211 [main] DEBUG o.h.cfg.annotations.PropertyBinder - Building property montodedescuento
13:56:38.211 [main] DEBUG org.hibernate.cfg.AnnotationBinder - Binding entity from annotated class: com.fabiocompany.supermercadosdeltaplus.model.Detalleticket
13:56:38.212 [main] DEBUG org.hibernate.cfg.Ejb3Column - Binding column: Ejb3DiscriminatorColumn{logicalColumnName'DTYPE', discriminatorTypeName='string'}
13:56:38.212 [main] DEBUG org.hibernate.cfg.AnnotationBinder - No value specified for 'javax.persistence.sharedCache.mode'; using UNSPECIFIED
13:56:38.212 [main] DEBUG o.h.cfg.annotations.EntityBinder - Import with entity name Detalleticket
13:56:38.212 [main] DEBUG o.h.cfg.annotations.EntityBinder - Bind entity com.fabiocompany.supermercadosdeltaplus.model.Detalleticket on table detalleticket
13:56:38.220 [main] DEBUG org.hibernate.cfg.Ejb3Column - Binding column: Ejb3Column{table=org.hibernate.mapping.Table(detalleticket), mappingColumn=iddetalleticket, insertable=true, updatable=true, unique=false}
13:56:38.221 [main] DEBUG o.h.cfg.annotations.PropertyBinder - MetadataSourceProcessor property iddetalleticket with lazy=false
13:56:38.221 [main] DEBUG o.h.cfg.AbstractPropertyHolder - Attempting to locate auto-apply AttributeConverter for property [com.fabiocompany.supermercadosdeltaplus.model.Detalleticket:iddetalleticket]
13:56:38.221 [main] DEBUG o.h.c.annotations.SimpleValueBinder - building SimpleValue for iddetalleticket
13:56:38.221 [main] DEBUG o.h.cfg.annotations.PropertyBinder - Building property iddetalleticket
13:56:38.222 [main] DEBUG org.hibernate.cfg.Ejb3Column - Binding column: Ejb3JoinColumn{logicalColumnName='idticket', referencedColumn='', mappedBy=''}
13:56:38.222 [main] DEBUG org.hibernate.cfg.Ejb3Column - Binding column: Ejb3Column{table=org.hibernate.mapping.Table(detalleticket), mappingColumn=cabeceraticket, insertable=true, updatable=true, unique=false}
13:56:38.222 [main] DEBUG o.h.cfg.annotations.PropertyBinder - Building property cabeceraticket
13:56:38.223 [main] DEBUG org.hibernate.cfg.Ejb3Column - Binding column: Ejb3Column{table=org.hibernate.mapping.Table(detalleticket), mappingColumn=cantidad, insertable=true, updatable=true, unique=false}
13:56:38.223 [main] DEBUG o.h.cfg.annotations.PropertyBinder - MetadataSourceProcessor property cantidad with lazy=false
13:56:38.223 [main] DEBUG o.h.cfg.AbstractPropertyHolder - Attempting to locate auto-apply AttributeConverter for property [com.fabiocompany.supermercadosdeltaplus.model.Detalleticket:cantidad]
13:56:38.223 [main] DEBUG o.h.c.annotations.SimpleValueBinder - building SimpleValue for cantidad
13:56:38.223 [main] DEBUG o.h.cfg.annotations.PropertyBinder - Building property cantidad
13:56:38.224 [main] DEBUG org.hibernate.cfg.Ejb3Column - Binding column: Ejb3Column{table=org.hibernate.mapping.Table(detalleticket), mappingColumn=cantidadporproducto, insertable=true, updatable=true, unique=false}
13:56:38.224 [main] DEBUG o.h.cfg.annotations.PropertyBinder - MetadataSourceProcessor property cantidadporproducto with lazy=false
13:56:38.224 [main] DEBUG o.h.cfg.AbstractPropertyHolder - Attempting to locate auto-apply AttributeConverter for property [com.fabiocompany.supermercadosdeltaplus.model.Detalleticket:cantidadporproducto]
13:56:38.224 [main] DEBUG o.h.c.annotations.SimpleValueBinder - building SimpleValue for cantidadporproducto
13:56:38.224 [main] DEBUG o.h.cfg.annotations.PropertyBinder - Building property cantidadporproducto
13:56:38.225 [main] DEBUG org.hibernate.cfg.Ejb3Column - Binding column: Ejb3Column{table=org.hibernate.mapping.Table(detalleticket), mappingColumn=null, insertable=true, updatable=true, unique=false}
13:56:38.225 [main] DEBUG org.hibernate.cfg.Ejb3Column - Binding column: Ejb3Column{table=org.hibernate.mapping.Table(detalleticket), mappingColumn=element, insertable=true, updatable=true, unique=false}
13:56:38.225 [main] DEBUG org.hibernate.cfg.Ejb3Column - Binding column: Ejb3Column{table=org.hibernate.mapping.Table(detalleticket), mappingColumn=detalleofertas_KEY, insertable=true, updatable=true, unique=false}
13:56:38.225 [main] DEBUG org.hibernate.cfg.Ejb3Column - Binding column: Ejb3JoinColumn{logicalColumnName='detalleofertas_KEY', referencedColumn='null', mappedBy='null'}
13:56:38.226 [main] DEBUG org.hibernate.cfg.Ejb3Column - Binding column: Ejb3JoinColumn{logicalColumnName='iddetalleticket', referencedColumn='', mappedBy=''}
13:56:38.226 [main] DEBUG org.hibernate.cfg.Ejb3Column - Binding column: Ejb3JoinColumn{logicalColumnName='iddetalleoferta', referencedColumn='', mappedBy=''}
13:56:38.226 [main] DEBUG o.h.cfg.annotations.CollectionBinder - Collection role: com.fabiocompany.supermercadosdeltaplus.model.Detalleticket.detalleofertas
13:56:38.226 [main] DEBUG o.h.cfg.annotations.PropertyBinder - Building property detalleofertas
13:56:38.227 [main] DEBUG org.hibernate.cfg.Ejb3Column - Binding column: Ejb3Column{table=org.hibernate.mapping.Table(detalleticket), mappingColumn=montodepago, insertable=true, updatable=true, unique=false}
13:56:38.227 [main] DEBUG o.h.cfg.annotations.PropertyBinder - MetadataSourceProcessor property montodepago with lazy=false
13:56:38.227 [main] DEBUG o.h.cfg.AbstractPropertyHolder - Attempting to locate auto-apply AttributeConverter for property [com.fabiocompany.supermercadosdeltaplus.model.Detalleticket:montodepago]
13:56:38.228 [main] DEBUG o.h.c.annotations.SimpleValueBinder - building SimpleValue for montodepago
13:56:38.228 [main] DEBUG o.h.cfg.annotations.PropertyBinder - Building property montodepago
13:56:38.228 [main] DEBUG org.hibernate.cfg.Ejb3Column - Binding column: Ejb3Column{table=org.hibernate.mapping.Table(detalleticket), mappingColumn=null, insertable=true, updatable=true, unique=false}
13:56:38.228 [main] DEBUG org.hibernate.cfg.Ejb3Column - Binding column: Ejb3Column{table=org.hibernate.mapping.Table(detalleticket), mappingColumn=element, insertable=true, updatable=true, unique=false}
13:56:38.229 [main] DEBUG org.hibernate.cfg.Ejb3Column - Binding column: Ejb3Column{table=org.hibernate.mapping.Table(detalleticket), mappingColumn=productos_KEY, insertable=true, updatable=true, unique=false}
13:56:38.229 [main] DEBUG org.hibernate.cfg.Ejb3Column - Binding column: Ejb3JoinColumn{logicalColumnName='productos_KEY', referencedColumn='null', mappedBy='null'}
13:56:38.229 [main] DEBUG org.hibernate.cfg.Ejb3Column - Binding column: Ejb3JoinColumn{logicalColumnName='iddetalleticket', referencedColumn='', mappedBy=''}
13:56:38.229 [main] DEBUG org.hibernate.cfg.Ejb3Column - Binding column: Ejb3JoinColumn{logicalColumnName='idproducto', referencedColumn='', mappedBy=''}
13:56:38.229 [main] DEBUG o.h.cfg.annotations.CollectionBinder - Collection role: com.fabiocompany.supermercadosdeltaplus.model.Detalleticket.productos
13:56:38.229 [main] DEBUG o.h.cfg.annotations.PropertyBinder - Building property productos
13:56:38.230 [main] DEBUG org.hibernate.cfg.Ejb3Column - Binding column: Ejb3Column{table=org.hibernate.mapping.Table(detalleticket), mappingColumn=subtotal, insertable=true, updatable=true, unique=false}
13:56:38.230 [main] DEBUG o.h.cfg.annotations.PropertyBinder - MetadataSourceProcessor property subtotal with lazy=false
13:56:38.230 [main] DEBUG o.h.cfg.AbstractPropertyHolder - Attempting to locate auto-apply AttributeConverter for property [com.fabiocompany.supermercadosdeltaplus.model.Detalleticket:subtotal]
13:56:38.230 [main] DEBUG o.h.c.annotations.SimpleValueBinder - building SimpleValue for subtotal
13:56:38.230 [main] DEBUG o.h.cfg.annotations.PropertyBinder - Building property subtotal
13:56:38.231 [main] DEBUG org.hibernate.cfg.Ejb3Column - Binding column: Ejb3JoinColumn{logicalColumnName='idtipodepago', referencedColumn='', mappedBy=''}
13:56:38.231 [main] DEBUG org.hibernate.cfg.Ejb3Column - Binding column: Ejb3Column{table=org.hibernate.mapping.Table(detalleticket), mappingColumn=tipodepago, insertable=true, updatable=true, unique=false}
13:56:38.231 [main] DEBUG o.h.cfg.annotations.PropertyBinder - Building property tipodepago
13:56:38.232 [main] DEBUG org.hibernate.cfg.Ejb3Column - Binding column: Ejb3Column{table=org.hibernate.mapping.Table(detalleticket), mappingColumn=total, insertable=true, updatable=true, unique=false}
13:56:38.232 [main] DEBUG o.h.cfg.annotations.PropertyBinder - MetadataSourceProcessor property total with lazy=false
13:56:38.232 [main] DEBUG o.h.cfg.AbstractPropertyHolder - Attempting to locate auto-apply AttributeConverter for property [com.fabiocompany.supermercadosdeltaplus.model.Detalleticket:total]
13:56:38.232 [main] DEBUG o.h.c.annotations.SimpleValueBinder - building SimpleValue for total
13:56:38.232 [main] DEBUG o.h.cfg.annotations.PropertyBinder - Building property total
13:56:38.232 [main] DEBUG org.hibernate.cfg.AnnotationBinder - Binding entity from annotated class: com.fabiocompany.supermercadosdeltaplus.model.Personausuario
13:56:38.233 [main] DEBUG org.hibernate.cfg.Ejb3Column - Binding column: Ejb3DiscriminatorColumn{logicalColumnName'DTYPE', discriminatorTypeName='string'}
13:56:38.233 [main] DEBUG org.hibernate.cfg.AnnotationBinder - No value specified for 'javax.persistence.sharedCache.mode'; using UNSPECIFIED
13:56:38.233 [main] DEBUG o.h.cfg.annotations.EntityBinder - Import with entity name Personausuario
13:56:38.233 [main] DEBUG o.h.cfg.annotations.EntityBinder - Bind entity com.fabiocompany.supermercadosdeltaplus.model.Personausuario on table personausuario
13:56:38.236 [main] DEBUG org.hibernate.cfg.Ejb3Column - Binding column: Ejb3Column{table=org.hibernate.mapping.Table(personausuario), mappingColumn=idpersonausuario, insertable=true, updatable=true, unique=false}
13:56:38.236 [main] DEBUG o.h.cfg.annotations.PropertyBinder - MetadataSourceProcessor property idpersonausuario with lazy=false
13:56:38.236 [main] DEBUG o.h.cfg.AbstractPropertyHolder - Attempting to locate auto-apply AttributeConverter for property [com.fabiocompany.supermercadosdeltaplus.model.Personausuario:idpersonausuario]
13:56:38.237 [main] DEBUG o.h.c.annotations.SimpleValueBinder - building SimpleValue for idpersonausuario
13:56:38.237 [main] DEBUG o.h.cfg.annotations.PropertyBinder - Building property idpersonausuario
13:56:38.237 [main] DEBUG org.hibernate.cfg.Ejb3Column - Binding column: Ejb3Column{table=org.hibernate.mapping.Table(personausuario), mappingColumn=correo, insertable=true, updatable=true, unique=false}
13:56:38.237 [main] DEBUG o.h.cfg.annotations.PropertyBinder - MetadataSourceProcessor property correo with lazy=false
13:56:38.238 [main] DEBUG o.h.cfg.AbstractPropertyHolder - Attempting to locate auto-apply AttributeConverter for property [com.fabiocompany.supermercadosdeltaplus.model.Personausuario:correo]
13:56:38.238 [main] DEBUG o.h.c.annotations.SimpleValueBinder - building SimpleValue for correo
13:56:38.238 [main] DEBUG o.h.cfg.annotations.PropertyBinder - Building property correo
13:56:38.238 [main] DEBUG org.hibernate.cfg.Ejb3Column - Binding column: Ejb3Column{table=org.hibernate.mapping.Table(personausuario), mappingColumn=dnipersonausuario, insertable=true, updatable=true, unique=false}
13:56:38.238 [main] DEBUG o.h.cfg.annotations.PropertyBinder - MetadataSourceProcessor property dnipersonausuario with lazy=false
13:56:38.238 [main] DEBUG o.h.cfg.AbstractPropertyHolder - Attempting to locate auto-apply AttributeConverter for property [com.fabiocompany.supermercadosdeltaplus.model.Personausuario:dnipersonausuario]
13:56:38.239 [main] DEBUG o.h.c.annotations.SimpleValueBinder - building SimpleValue for dnipersonausuario
13:56:38.239 [main] DEBUG o.h.cfg.annotations.PropertyBinder - Building property dnipersonausuario
13:56:38.239 [main] DEBUG org.hibernate.cfg.Ejb3Column - Binding column: Ejb3Column{table=org.hibernate.mapping.Table(personausuario), mappingColumn=nombrepersonausuario, insertable=true, updatable=true, unique=false}
13:56:38.239 [main] DEBUG o.h.cfg.annotations.PropertyBinder - MetadataSourceProcessor property nombrepersonausuario with lazy=false
13:56:38.239 [main] DEBUG o.h.cfg.AbstractPropertyHolder - Attempting to locate auto-apply AttributeConverter for property [com.fabiocompany.supermercadosdeltaplus.model.Personausuario:nombrepersonausuario]
13:56:38.240 [main] DEBUG o.h.c.annotations.SimpleValueBinder - building SimpleValue for nombrepersonausuario
13:56:38.240 [main] DEBUG o.h.cfg.annotations.PropertyBinder - Building property nombrepersonausuario
13:56:38.240 [main] DEBUG org.hibernate.cfg.Ejb3Column - Binding column: Ejb3Column{table=org.hibernate.mapping.Table(personausuario), mappingColumn=numerodetelefono, insertable=true, updatable=true, unique=false}
13:56:38.240 [main] DEBUG o.h.cfg.annotations.PropertyBinder - MetadataSourceProcessor property numerodetelefono with lazy=false
13:56:38.240 [main] DEBUG o.h.cfg.AbstractPropertyHolder - Attempting to locate auto-apply AttributeConverter for property [com.fabiocompany.supermercadosdeltaplus.model.Personausuario:numerodetelefono]
13:56:38.241 [main] DEBUG o.h.c.annotations.SimpleValueBinder - building SimpleValue for numerodetelefono
13:56:38.241 [main] DEBUG o.h.cfg.annotations.PropertyBinder - Building property numerodetelefono
13:56:38.241 [main] DEBUG org.hibernate.cfg.AnnotationBinder - Binding entity from annotated class: com.fabiocompany.supermercadosdeltaplus.model.Producto
13:56:38.241 [main] DEBUG org.hibernate.cfg.Ejb3Column - Binding column: Ejb3DiscriminatorColumn{logicalColumnName'DTYPE', discriminatorTypeName='string'}
13:56:38.241 [main] DEBUG org.hibernate.cfg.AnnotationBinder - No value specified for 'javax.persistence.sharedCache.mode'; using UNSPECIFIED
13:56:38.241 [main] DEBUG o.h.cfg.annotations.EntityBinder - Import with entity name Producto
13:56:38.242 [main] DEBUG o.h.cfg.annotations.EntityBinder - Bind entity com.fabiocompany.supermercadosdeltaplus.model.Producto on table producto
13:56:38.244 [main] DEBUG org.hibernate.cfg.Ejb3Column - Binding column: Ejb3Column{table=org.hibernate.mapping.Table(producto), mappingColumn=idproducto, insertable=true, updatable=true, unique=false}
13:56:38.245 [main] DEBUG o.h.cfg.annotations.PropertyBinder - MetadataSourceProcessor property idproducto with lazy=false
13:56:38.245 [main] DEBUG o.h.cfg.AbstractPropertyHolder - Attempting to locate auto-apply AttributeConverter for property [com.fabiocompany.supermercadosdeltaplus.model.Producto:idproducto]
13:56:38.245 [main] DEBUG o.h.c.annotations.SimpleValueBinder - building SimpleValue for idproducto
13:56:38.245 [main] DEBUG o.h.cfg.annotations.PropertyBinder - Building property idproducto
13:56:38.245 [main] DEBUG org.hibernate.cfg.Ejb3Column - Binding column: Ejb3Column{table=org.hibernate.mapping.Table(producto), mappingColumn=descripcion, insertable=true, updatable=true, unique=false}
13:56:38.246 [main] DEBUG o.h.cfg.annotations.PropertyBinder - MetadataSourceProcessor property descripcion with lazy=false
13:56:38.246 [main] DEBUG o.h.cfg.AbstractPropertyHolder - Attempting to locate auto-apply AttributeConverter for property [com.fabiocompany.supermercadosdeltaplus.model.Producto:descripcion]
13:56:38.246 [main] DEBUG o.h.c.annotations.SimpleValueBinder - building SimpleValue for descripcion
13:56:38.246 [main] DEBUG o.h.cfg.annotations.PropertyBinder - Building property descripcion
13:56:38.247 [main] DEBUG org.hibernate.cfg.Ejb3Column - Binding column: Ejb3Column{table=org.hibernate.mapping.Table(producto), mappingColumn=null, insertable=true, updatable=true, unique=false}
13:56:38.247 [main] DEBUG org.hibernate.cfg.Ejb3Column - Binding column: Ejb3Column{table=org.hibernate.mapping.Table(producto), mappingColumn=element, insertable=true, updatable=true, unique=false}
13:56:38.247 [main] DEBUG org.hibernate.cfg.Ejb3Column - Binding column: Ejb3Column{table=org.hibernate.mapping.Table(producto), mappingColumn=detalletickets_KEY, insertable=true, updatable=true, unique=false}
13:56:38.247 [main] DEBUG org.hibernate.cfg.Ejb3Column - Binding column: Ejb3JoinColumn{logicalColumnName='detalletickets_KEY', referencedColumn='null', mappedBy='null'}
13:56:38.247 [main] DEBUG org.hibernate.cfg.Ejb3Column - Binding column: Ejb3JoinColumn{logicalColumnName='null', referencedColumn='null', mappedBy='productos'}
13:56:38.248 [main] DEBUG org.hibernate.cfg.Ejb3Column - Binding column: Ejb3JoinColumn{logicalColumnName='null', referencedColumn='null', mappedBy='productos'}
13:56:38.248 [main] DEBUG o.h.cfg.annotations.CollectionBinder - Collection role: com.fabiocompany.supermercadosdeltaplus.model.Producto.detalletickets
13:56:38.248 [main] DEBUG o.h.cfg.annotations.PropertyBinder - Building property detalletickets
13:56:38.248 [main] DEBUG org.hibernate.cfg.Ejb3Column - Binding column: Ejb3Column{table=org.hibernate.mapping.Table(producto), mappingColumn=precio, insertable=true, updatable=true, unique=false}
13:56:38.248 [main] DEBUG o.h.cfg.annotations.PropertyBinder - MetadataSourceProcessor property precio with lazy=false
13:56:38.248 [main] DEBUG o.h.cfg.AbstractPropertyHolder - Attempting to locate auto-apply AttributeConverter for property [com.fabiocompany.supermercadosdeltaplus.model.Producto:precio]
13:56:38.249 [main] DEBUG o.h.c.annotations.SimpleValueBinder - building SimpleValue for precio
13:56:38.249 [main] DEBUG o.h.cfg.annotations.PropertyBinder - Building property precio
13:56:38.249 [main] DEBUG org.hibernate.cfg.AnnotationBinder - Binding entity from annotated class: com.fabiocompany.supermercadosdeltaplus.model.Tarjeta
13:56:38.249 [main] DEBUG org.hibernate.cfg.Ejb3Column - Binding column: Ejb3DiscriminatorColumn{logicalColumnName'DTYPE', discriminatorTypeName='string'}
13:56:38.249 [main] DEBUG org.hibernate.cfg.AnnotationBinder - No value specified for 'javax.persistence.sharedCache.mode'; using UNSPECIFIED
13:56:38.249 [main] DEBUG o.h.cfg.annotations.EntityBinder - Import with entity name Tarjeta
13:56:38.250 [main] DEBUG o.h.cfg.annotations.EntityBinder - Bind entity com.fabiocompany.supermercadosdeltaplus.model.Tarjeta on table tarjeta
13:56:38.252 [main] DEBUG org.hibernate.cfg.Ejb3Column - Binding column: Ejb3Column{table=org.hibernate.mapping.Table(tarjeta), mappingColumn=idtarjeta, insertable=true, updatable=true, unique=false}
13:56:38.252 [main] DEBUG o.h.cfg.annotations.PropertyBinder - MetadataSourceProcessor property idtarjeta with lazy=false
13:56:38.252 [main] DEBUG o.h.cfg.AbstractPropertyHolder - Attempting to locate auto-apply AttributeConverter for property [com.fabiocompany.supermercadosdeltaplus.model.Tarjeta:idtarjeta]
13:56:38.253 [main] DEBUG o.h.c.annotations.SimpleValueBinder - building SimpleValue for idtarjeta
13:56:38.253 [main] DEBUG o.h.cfg.annotations.PropertyBinder - Building property idtarjeta
13:56:38.253 [main] DEBUG org.hibernate.cfg.Ejb3Column - Binding column: Ejb3Column{table=org.hibernate.mapping.Table(tarjeta), mappingColumn=nombretarjeta, insertable=true, updatable=true, unique=false}
13:56:38.253 [main] DEBUG o.h.cfg.annotations.PropertyBinder - MetadataSourceProcessor property nombretarjeta with lazy=false
13:56:38.254 [main] DEBUG o.h.cfg.AbstractPropertyHolder - Attempting to locate auto-apply AttributeConverter for property [com.fabiocompany.supermercadosdeltaplus.model.Tarjeta:nombretarjeta]
13:56:38.254 [main] DEBUG o.h.c.annotations.SimpleValueBinder - building SimpleValue for nombretarjeta
13:56:38.254 [main] DEBUG o.h.cfg.annotations.PropertyBinder - Building property nombretarjeta
13:56:38.254 [main] DEBUG org.hibernate.cfg.Ejb3Column - Binding column: Ejb3Column{table=org.hibernate.mapping.Table(tarjeta), mappingColumn=numtarjeta, insertable=true, updatable=true, unique=false}
13:56:38.254 [main] DEBUG o.h.cfg.annotations.PropertyBinder - MetadataSourceProcessor property numtarjeta with lazy=false
13:56:38.254 [main] DEBUG o.h.cfg.AbstractPropertyHolder - Attempting to locate auto-apply AttributeConverter for property [com.fabiocompany.supermercadosdeltaplus.model.Tarjeta:numtarjeta]
13:56:38.255 [main] DEBUG o.h.c.annotations.SimpleValueBinder - building SimpleValue for numtarjeta
13:56:38.255 [main] DEBUG o.h.cfg.annotations.PropertyBinder - Building property numtarjeta
13:56:38.255 [main] DEBUG org.hibernate.cfg.Ejb3Column - Binding column: Ejb3JoinColumn{logicalColumnName='idtipodepago', referencedColumn='', mappedBy=''}
13:56:38.255 [main] DEBUG org.hibernate.cfg.Ejb3Column - Binding column: Ejb3Column{table=org.hibernate.mapping.Table(tarjeta), mappingColumn=tipodepago, insertable=true, updatable=true, unique=false}
13:56:38.255 [main] DEBUG o.h.cfg.annotations.PropertyBinder - Building property tipodepago
13:56:38.256 [main] DEBUG org.hibernate.cfg.AnnotationBinder - Binding entity from annotated class: com.fabiocompany.supermercadosdeltaplus.model.Tipodepago
13:56:38.256 [main] DEBUG org.hibernate.cfg.Ejb3Column - Binding column: Ejb3DiscriminatorColumn{logicalColumnName'DTYPE', discriminatorTypeName='string'}
13:56:38.256 [main] DEBUG org.hibernate.cfg.AnnotationBinder - No value specified for 'javax.persistence.sharedCache.mode'; using UNSPECIFIED
13:56:38.256 [main] DEBUG o.h.cfg.annotations.EntityBinder - Import with entity name Tipodepago
13:56:38.256 [main] DEBUG o.h.cfg.annotations.EntityBinder - Bind entity com.fabiocompany.supermercadosdeltaplus.model.Tipodepago on table tipodepago
13:56:38.260 [main] DEBUG org.hibernate.cfg.Ejb3Column - Binding column: Ejb3Column{table=org.hibernate.mapping.Table(tipodepago), mappingColumn=idtipodepago, insertable=true, updatable=true, unique=false}
13:56:38.260 [main] DEBUG o.h.cfg.annotations.PropertyBinder - MetadataSourceProcessor property idtipodepago with lazy=false
13:56:38.260 [main] DEBUG o.h.cfg.AbstractPropertyHolder - Attempting to locate auto-apply AttributeConverter for property [com.fabiocompany.supermercadosdeltaplus.model.Tipodepago:idtipodepago]
13:56:38.260 [main] DEBUG o.h.c.annotations.SimpleValueBinder - building SimpleValue for idtipodepago
13:56:38.260 [main] DEBUG o.h.cfg.annotations.PropertyBinder - Building property idtipodepago
13:56:38.261 [main] DEBUG org.hibernate.cfg.Ejb3Column - Binding column: Ejb3Column{table=org.hibernate.mapping.Table(tipodepago), mappingColumn=descripciontipodepago, insertable=true, updatable=true, unique=false}
13:56:38.261 [main] DEBUG o.h.cfg.annotations.PropertyBinder - MetadataSourceProcessor property descripciontipodepago with lazy=false
13:56:38.261 [main] DEBUG o.h.cfg.AbstractPropertyHolder - Attempting to locate auto-apply AttributeConverter for property [com.fabiocompany.supermercadosdeltaplus.model.Tipodepago:descripciontipodepago]
13:56:38.261 [main] DEBUG o.h.c.annotations.SimpleValueBinder - building SimpleValue for descripciontipodepago
13:56:38.261 [main] DEBUG o.h.cfg.annotations.PropertyBinder - Building property descripciontipodepago
13:56:38.261 [main] DEBUG org.hibernate.cfg.Ejb3Column - Binding column: Ejb3JoinColumn{logicalColumnName='idtipodepago', referencedColumn='', mappedBy=''}
13:56:38.262 [main] DEBUG org.hibernate.cfg.Ejb3Column - Binding column: Ejb3Column{table=org.hibernate.mapping.Table(tipodepago), mappingColumn=detalletickets, insertable=true, updatable=true, unique=false}
13:56:38.262 [main] DEBUG org.hibernate.cfg.Ejb3Column - Binding column: Ejb3Column{table=org.hibernate.mapping.Table(tipodepago), mappingColumn=idx, insertable=true, updatable=true, unique=false}
13:56:38.262 [main] DEBUG org.hibernate.cfg.Ejb3Column - Binding column: Ejb3Column{table=org.hibernate.mapping.Table(tipodepago), mappingColumn=element, insertable=true, updatable=true, unique=false}
13:56:38.263 [main] DEBUG org.hibernate.cfg.Ejb3Column - Binding column: Ejb3Column{table=org.hibernate.mapping.Table(tipodepago), mappingColumn=detalletickets_KEY, insertable=true, updatable=true, unique=false}
13:56:38.263 [main] DEBUG org.hibernate.cfg.Ejb3Column - Binding column: Ejb3JoinColumn{logicalColumnName='detalletickets_KEY', referencedColumn='null', mappedBy='null'}
13:56:38.263 [main] DEBUG org.hibernate.cfg.Ejb3Column - Binding column: Ejb3JoinColumn{logicalColumnName='null', referencedColumn='null', mappedBy=''}
13:56:38.263 [main] DEBUG org.hibernate.cfg.Ejb3Column - Binding column: Ejb3JoinColumn{logicalColumnName='null', referencedColumn='null', mappedBy=''}
13:56:38.263 [main] DEBUG o.h.cfg.annotations.CollectionBinder - Collection role: com.fabiocompany.supermercadosdeltaplus.model.Tipodepago.detalletickets
13:56:38.263 [main] DEBUG o.h.cfg.annotations.PropertyBinder - Building property detalletickets
13:56:38.264 [main] DEBUG org.hibernate.cfg.Ejb3Column - Binding column: Ejb3JoinColumn{logicalColumnName='idtipodepago', referencedColumn='', mappedBy=''}
13:56:38.264 [main] DEBUG org.hibernate.cfg.Ejb3Column - Binding column: Ejb3Column{table=org.hibernate.mapping.Table(tipodepago), mappingColumn=tarjetas, insertable=true, updatable=true, unique=false}
13:56:38.264 [main] DEBUG org.hibernate.cfg.Ejb3Column - Binding column: Ejb3Column{table=org.hibernate.mapping.Table(tipodepago), mappingColumn=idx, insertable=true, updatable=true, unique=false}
13:56:38.264 [main] DEBUG org.hibernate.cfg.Ejb3Column - Binding column: Ejb3Column{table=org.hibernate.mapping.Table(tipodepago), mappingColumn=element, insertable=true, updatable=true, unique=false}
13:56:38.265 [main] DEBUG org.hibernate.cfg.Ejb3Column - Binding column: Ejb3Column{table=org.hibernate.mapping.Table(tipodepago), mappingColumn=tarjetas_KEY, insertable=true, updatable=true, unique=false}
13:56:38.265 [main] DEBUG org.hibernate.cfg.Ejb3Column - Binding column: Ejb3JoinColumn{logicalColumnName='tarjetas_KEY', referencedColumn='null', mappedBy='null'}
13:56:38.265 [main] DEBUG org.hibernate.cfg.Ejb3Column - Binding column: Ejb3JoinColumn{logicalColumnName='null', referencedColumn='null', mappedBy=''}
13:56:38.265 [main] DEBUG org.hibernate.cfg.Ejb3Column - Binding column: Ejb3JoinColumn{logicalColumnName='null', referencedColumn='null', mappedBy=''}
13:56:38.265 [main] DEBUG o.h.cfg.annotations.CollectionBinder - Collection role: com.fabiocompany.supermercadosdeltaplus.model.Tipodepago.tarjetas
13:56:38.265 [main] DEBUG o.h.cfg.annotations.PropertyBinder - Building property tarjetas
13:56:38.266 [main] DEBUG org.hibernate.cfg.AnnotationBinder - Binding entity from annotated class: com.fabiocompany.supermercadosdeltaplus.model.Usuario
13:56:38.266 [main] DEBUG org.hibernate.cfg.Ejb3Column - Binding column: Ejb3DiscriminatorColumn{logicalColumnName'DTYPE', discriminatorTypeName='string'}
13:56:38.266 [main] DEBUG org.hibernate.cfg.AnnotationBinder - No value specified for 'javax.persistence.sharedCache.mode'; using UNSPECIFIED
13:56:38.266 [main] DEBUG o.h.cfg.annotations.EntityBinder - Import with entity name Usuario
13:56:38.266 [main] DEBUG o.h.cfg.annotations.EntityBinder - Bind entity com.fabiocompany.supermercadosdeltaplus.model.Usuario on table usuario
13:56:38.274 [main] DEBUG org.hibernate.cfg.Ejb3Column - Binding column: Ejb3Column{table=org.hibernate.mapping.Table(usuario), mappingColumn=idusuario, insertable=true, updatable=true, unique=false}
13:56:38.275 [main] DEBUG o.h.cfg.annotations.PropertyBinder - MetadataSourceProcessor property idusuario with lazy=false
13:56:38.275 [main] DEBUG o.h.cfg.AbstractPropertyHolder - Attempting to locate auto-apply AttributeConverter for property [com.fabiocompany.supermercadosdeltaplus.model.Usuario:idusuario]
13:56:38.275 [main] DEBUG o.h.c.annotations.SimpleValueBinder - building SimpleValue for idusuario
13:56:38.275 [main] DEBUG o.h.cfg.annotations.PropertyBinder - Building property idusuario
13:56:38.276 [main] DEBUG org.hibernate.cfg.Ejb3Column - Binding column: Ejb3JoinColumn{logicalColumnName='idusuario', referencedColumn='', mappedBy=''}
13:56:38.276 [main] DEBUG org.hibernate.cfg.Ejb3Column - Binding column: Ejb3Column{table=org.hibernate.mapping.Table(usuario), mappingColumn=cabeceratickets, insertable=true, updatable=true, unique=false}
13:56:38.276 [main] DEBUG org.hibernate.cfg.Ejb3Column - Binding column: Ejb3Column{table=org.hibernate.mapping.Table(usuario), mappingColumn=idx, insertable=true, updatable=true, unique=false}
13:56:38.277 [main] DEBUG org.hibernate.cfg.Ejb3Column - Binding column: Ejb3Column{table=org.hibernate.mapping.Table(usuario), mappingColumn=element, insertable=true, updatable=true, unique=false}
13:56:38.277 [main] DEBUG org.hibernate.cfg.Ejb3Column - Binding column: Ejb3Column{table=org.hibernate.mapping.Table(usuario), mappingColumn=cabeceratickets_KEY, insertable=true, updatable=true, unique=false}
13:56:38.277 [main] DEBUG org.hibernate.cfg.Ejb3Column - Binding column: Ejb3JoinColumn{logicalColumnName='cabeceratickets_KEY', referencedColumn='null', mappedBy='null'}
13:56:38.277 [main] DEBUG org.hibernate.cfg.Ejb3Column - Binding column: Ejb3JoinColumn{logicalColumnName='null', referencedColumn='null', mappedBy=''}
13:56:38.277 [main] DEBUG org.hibernate.cfg.Ejb3Column - Binding column: Ejb3JoinColumn{logicalColumnName='null', referencedColumn='null', mappedBy=''}
13:56:38.277 [main] DEBUG o.h.cfg.annotations.CollectionBinder - Collection role: com.fabiocompany.supermercadosdeltaplus.model.Usuario.cabeceratickets
13:56:38.278 [main] DEBUG o.h.cfg.annotations.PropertyBinder - Building property cabeceratickets
13:56:38.278 [main] DEBUG org.hibernate.cfg.Ejb3Column - Binding column: Ejb3Column{table=org.hibernate.mapping.Table(usuario), mappingColumn=contraseniausuario, insertable=true, updatable=true, unique=false}
13:56:38.278 [main] DEBUG o.h.cfg.annotations.PropertyBinder - MetadataSourceProcessor property contraseniausuario with lazy=false
13:56:38.278 [main] DEBUG o.h.cfg.AbstractPropertyHolder - Attempting to locate auto-apply AttributeConverter for property [com.fabiocompany.supermercadosdeltaplus.model.Usuario:contraseniausuario]
13:56:38.278 [main] DEBUG o.h.c.annotations.SimpleValueBinder - building SimpleValue for contraseniausuario
13:56:38.278 [main] DEBUG o.h.cfg.annotations.PropertyBinder - Building property contraseniausuario
13:56:38.279 [main] DEBUG org.hibernate.cfg.Ejb3Column - Binding column: Ejb3Column{table=org.hibernate.mapping.Table(usuario), mappingColumn=nombreusuario, insertable=true, updatable=true, unique=false}
13:56:38.279 [main] DEBUG o.h.cfg.annotations.PropertyBinder - MetadataSourceProcessor property nombreusuario with lazy=false
13:56:38.279 [main] DEBUG o.h.cfg.AbstractPropertyHolder - Attempting to locate auto-apply AttributeConverter for property [com.fabiocompany.supermercadosdeltaplus.model.Usuario:nombreusuario]
13:56:38.279 [main] DEBUG o.h.c.annotations.SimpleValueBinder - building SimpleValue for nombreusuario
13:56:38.279 [main] DEBUG o.h.cfg.annotations.PropertyBinder - Building property nombreusuario
13:56:38.280 [main] DEBUG org.hibernate.cfg.Ejb3Column - Binding column: Ejb3JoinColumn{logicalColumnName='null', referencedColumn='null', mappedBy=''}
13:56:38.280 [main] DEBUG org.hibernate.cfg.Ejb3Column - Binding column: Ejb3Column{table=org.hibernate.mapping.Table(usuario), mappingColumn=personausuario, insertable=true, updatable=true, unique=false}
13:56:38.285 [main] DEBUG org.hibernate.cfg.Ejb3Column - Binding column: Ejb3Column{table=org.hibernate.mapping.Table(usuario), mappingColumn=tipodeusuario, insertable=true, updatable=true, unique=false}
13:56:38.286 [main] DEBUG o.h.cfg.annotations.PropertyBinder - MetadataSourceProcessor property tipodeusuario with lazy=false
13:56:38.286 [main] DEBUG o.h.cfg.AbstractPropertyHolder - Attempting to locate auto-apply AttributeConverter for property [com.fabiocompany.supermercadosdeltaplus.model.Usuario:tipodeusuario]
13:56:38.286 [main] DEBUG o.h.c.annotations.SimpleValueBinder - building SimpleValue for tipodeusuario
13:56:38.286 [main] DEBUG o.h.cfg.annotations.PropertyBinder - Building property tipodeusuario
13:56:38.296 [main] DEBUG o.h.c.annotations.SimpleValueBinder - Starting fillSimpleValue for idticket
13:56:38.297 [main] DEBUG o.h.c.annotations.SimpleValueBinder - Starting fillSimpleValue for fecha
13:56:38.297 [main] DEBUG o.h.c.annotations.SimpleValueBinder - Starting fillSimpleValue for iddetalleoferta
13:56:38.297 [main] DEBUG o.h.c.annotations.SimpleValueBinder - Starting fillSimpleValue for descripciondepromocion
13:56:38.297 [main] DEBUG o.h.c.annotations.SimpleValueBinder - Starting fillSimpleValue for montodedescuento
13:56:38.297 [main] DEBUG o.h.c.annotations.SimpleValueBinder - Starting fillSimpleValue for iddetalleticket
13:56:38.298 [main] DEBUG o.h.c.annotations.SimpleValueBinder - Starting fillSimpleValue for cantidad
13:56:38.298 [main] DEBUG o.h.c.annotations.SimpleValueBinder - Starting fillSimpleValue for cantidadporproducto
13:56:38.298 [main] DEBUG o.h.c.annotations.SimpleValueBinder - Starting fillSimpleValue for montodepago
13:56:38.298 [main] DEBUG o.h.c.annotations.SimpleValueBinder - Starting fillSimpleValue for subtotal
13:56:38.298 [main] DEBUG o.h.c.annotations.SimpleValueBinder - Starting fillSimpleValue for total
13:56:38.298 [main] DEBUG o.h.c.annotations.SimpleValueBinder - Starting fillSimpleValue for idpersonausuario
13:56:38.298 [main] DEBUG o.h.c.annotations.SimpleValueBinder - Starting fillSimpleValue for correo
13:56:38.298 [main] DEBUG o.h.c.annotations.SimpleValueBinder - Starting fillSimpleValue for dnipersonausuario
13:56:38.298 [main] DEBUG o.h.c.annotations.SimpleValueBinder - Starting fillSimpleValue for nombrepersonausuario
13:56:38.298 [main] DEBUG o.h.c.annotations.SimpleValueBinder - Starting fillSimpleValue for numerodetelefono
13:56:38.299 [main] DEBUG o.h.c.annotations.SimpleValueBinder - Starting fillSimpleValue for idproducto
13:56:38.299 [main] DEBUG o.h.c.annotations.SimpleValueBinder - Starting fillSimpleValue for descripcion
13:56:38.299 [main] DEBUG o.h.c.annotations.SimpleValueBinder - Starting fillSimpleValue for precio
13:56:38.299 [main] DEBUG o.h.c.annotations.SimpleValueBinder - Starting fillSimpleValue for idtarjeta
13:56:38.299 [main] DEBUG o.h.c.annotations.SimpleValueBinder - Starting fillSimpleValue for nombretarjeta
13:56:38.300 [main] DEBUG o.h.c.annotations.SimpleValueBinder - Starting fillSimpleValue for numtarjeta
13:56:38.300 [main] DEBUG o.h.c.annotations.SimpleValueBinder - Starting fillSimpleValue for idtipodepago
13:56:38.300 [main] DEBUG o.h.c.annotations.SimpleValueBinder - Starting fillSimpleValue for descripciontipodepago
13:56:38.300 [main] DEBUG o.h.c.annotations.SimpleValueBinder - Starting fillSimpleValue for idusuario
13:56:38.300 [main] DEBUG o.h.c.annotations.SimpleValueBinder - Starting fillSimpleValue for contraseniausuario
13:56:38.300 [main] DEBUG o.h.c.annotations.SimpleValueBinder - Starting fillSimpleValue for nombreusuario
13:56:38.300 [main] DEBUG o.h.c.annotations.SimpleValueBinder - Starting fillSimpleValue for tipodeusuario
13:56:38.304 [main] DEBUG org.hibernate.cfg.Configuration - Processing fk mappings (*ToOne and JoinedSubclass)
13:56:38.314 [main] DEBUG org.hibernate.cfg.Configuration - Processing extends queue
13:56:38.314 [main] DEBUG org.hibernate.cfg.Configuration - Processing extends queue
13:56:38.314 [main] DEBUG org.hibernate.cfg.Configuration - Processing collection mappings
13:56:38.317 [main] DEBUG o.h.cfg.annotations.PropertyBinder - Building property personausuario
13:56:38.317 [main] DEBUG o.hibernate.cfg.CollectionSecondPass - Second pass for collection: com.fabiocompany.supermercadosdeltaplus.model.Usuario.cabeceratickets
13:56:38.318 [main] DEBUG o.h.cfg.annotations.CollectionBinder - Binding a OneToMany: com.fabiocompany.supermercadosdeltaplus.model.Usuario.cabeceratickets through a foreign key
13:56:38.319 [main] DEBUG o.h.cfg.annotations.CollectionBinder - Mapping collection: com.fabiocompany.supermercadosdeltaplus.model.Usuario.cabeceratickets -> cabeceraticket
13:56:38.322 [main] DEBUG o.hibernate.cfg.CollectionSecondPass - Mapped collection key: idusuario, one-to-many: com.fabiocompany.supermercadosdeltaplus.model.Cabeceraticket
13:56:38.323 [main] DEBUG o.hibernate.cfg.CollectionSecondPass - Second pass for collection: com.fabiocompany.supermercadosdeltaplus.model.Tipodepago.tarjetas
13:56:38.323 [main] DEBUG o.h.cfg.annotations.CollectionBinder - Binding a OneToMany: com.fabiocompany.supermercadosdeltaplus.model.Tipodepago.tarjetas through a foreign key
13:56:38.323 [main] DEBUG o.h.cfg.annotations.CollectionBinder - Mapping collection: com.fabiocompany.supermercadosdeltaplus.model.Tipodepago.tarjetas -> tarjeta
13:56:38.323 [main] DEBUG o.hibernate.cfg.CollectionSecondPass - Mapped collection key: idtipodepago, one-to-many: com.fabiocompany.supermercadosdeltaplus.model.Tarjeta
13:56:38.323 [main] DEBUG o.hibernate.cfg.CollectionSecondPass - Second pass for collection: com.fabiocompany.supermercadosdeltaplus.model.Tipodepago.detalletickets
13:56:38.324 [main] DEBUG o.h.cfg.annotations.CollectionBinder - Binding a OneToMany: com.fabiocompany.supermercadosdeltaplus.model.Tipodepago.detalletickets through a foreign key
13:56:38.324 [main] DEBUG o.h.cfg.annotations.CollectionBinder - Mapping collection: com.fabiocompany.supermercadosdeltaplus.model.Tipodepago.detalletickets -> detalleticket
13:56:38.324 [main] DEBUG o.hibernate.cfg.CollectionSecondPass - Mapped collection key: idtipodepago, one-to-many: com.fabiocompany.supermercadosdeltaplus.model.Detalleticket
13:56:38.324 [main] DEBUG o.hibernate.cfg.CollectionSecondPass - Second pass for collection: com.fabiocompany.supermercadosdeltaplus.model.Detalleticket.productos
13:56:38.324 [main] DEBUG o.h.cfg.annotations.CollectionBinder - Binding as ManyToMany: com.fabiocompany.supermercadosdeltaplus.model.Detalleticket.productos
13:56:38.327 [main] DEBUG o.hibernate.cfg.CollectionSecondPass - Mapped collection key: iddetalleticket, element: idproducto
13:56:38.327 [main] DEBUG o.hibernate.cfg.CollectionSecondPass - Second pass for collection: com.fabiocompany.supermercadosdeltaplus.model.Detalleticket.detalleofertas
13:56:38.327 [main] DEBUG o.h.cfg.annotations.CollectionBinder - Binding as ManyToMany: com.fabiocompany.supermercadosdeltaplus.model.Detalleticket.detalleofertas
13:56:38.327 [main] DEBUG o.hibernate.cfg.CollectionSecondPass - Mapped collection key: iddetalleticket, element: iddetalleoferta
13:56:38.327 [main] DEBUG o.hibernate.cfg.CollectionSecondPass - Second pass for collection: com.fabiocompany.supermercadosdeltaplus.model.Cabeceraticket.detalletickets
13:56:38.328 [main] DEBUG o.h.cfg.annotations.CollectionBinder - Binding a OneToMany: com.fabiocompany.supermercadosdeltaplus.model.Cabeceraticket.detalletickets through a foreign key
13:56:38.328 [main] DEBUG o.h.cfg.annotations.CollectionBinder - Mapping collection: com.fabiocompany.supermercadosdeltaplus.model.Cabeceraticket.detalletickets -> detalleticket
13:56:38.328 [main] DEBUG o.hibernate.cfg.CollectionSecondPass - Mapped collection key: idticket, one-to-many: com.fabiocompany.supermercadosdeltaplus.model.Detalleticket
13:56:38.328 [main] DEBUG o.hibernate.cfg.CollectionSecondPass - Second pass for collection: com.fabiocompany.supermercadosdeltaplus.model.Detalleoferta.detalletickets
13:56:38.329 [main] DEBUG o.h.cfg.annotations.CollectionBinder - Binding as ManyToMany: com.fabiocompany.supermercadosdeltaplus.model.Detalleoferta.detalletickets
13:56:38.329 [main] DEBUG o.h.cfg.annotations.TableBinder - Retrieving property com.fabiocompany.supermercadosdeltaplus.model.Detalleticket.detalleofertas
13:56:38.330 [main] DEBUG o.hibernate.cfg.CollectionSecondPass - Mapped collection key: iddetalleoferta, element: iddetalleticket
13:56:38.330 [main] DEBUG o.hibernate.cfg.CollectionSecondPass - Second pass for collection: com.fabiocompany.supermercadosdeltaplus.model.Producto.detalletickets
13:56:38.330 [main] DEBUG o.h.cfg.annotations.CollectionBinder - Binding as ManyToMany: com.fabiocompany.supermercadosdeltaplus.model.Producto.detalletickets
13:56:38.330 [main] DEBUG o.h.cfg.annotations.TableBinder - Retrieving property com.fabiocompany.supermercadosdeltaplus.model.Detalleticket.productos
13:56:38.330 [main] DEBUG o.hibernate.cfg.CollectionSecondPass - Mapped collection key: idproducto, element: iddetalleticket
13:56:38.330 [main] DEBUG org.hibernate.cfg.Configuration - Processing native query and ResultSetMapping mappings
13:56:38.330 [main] DEBUG org.hibernate.cfg.Configuration - Processing association property references
13:56:38.330 [main] DEBUG org.hibernate.cfg.Configuration - Creating tables' unique integer identifiers
13:56:38.330 [main] DEBUG org.hibernate.cfg.Configuration - Processing foreign key constraints
13:56:38.331 [main] DEBUG org.hibernate.cfg.Configuration - Resolving reference to class: com.fabiocompany.supermercadosdeltaplus.model.Usuario
13:56:38.331 [main] DEBUG org.hibernate.cfg.Configuration - Resolving reference to class: com.fabiocompany.supermercadosdeltaplus.model.Cabeceraticket
13:56:38.331 [main] DEBUG org.hibernate.cfg.Configuration - Resolving reference to class: com.fabiocompany.supermercadosdeltaplus.model.Tipodepago
13:56:38.331 [main] DEBUG org.hibernate.cfg.Configuration - Resolving reference to class: com.fabiocompany.supermercadosdeltaplus.model.Tipodepago
13:56:38.331 [main] DEBUG org.hibernate.cfg.Configuration - Resolving reference to class: com.fabiocompany.supermercadosdeltaplus.model.Detalleoferta
13:56:38.332 [main] DEBUG org.hibernate.cfg.Configuration - Resolving reference to class: com.fabiocompany.supermercadosdeltaplus.model.Detalleticket
13:56:38.332 [main] DEBUG org.hibernate.cfg.Configuration - Resolving reference to class: com.fabiocompany.supermercadosdeltaplus.model.Producto
13:56:38.332 [main] DEBUG org.hibernate.cfg.Configuration - Resolving reference to class: com.fabiocompany.supermercadosdeltaplus.model.Detalleticket
13:56:38.339 [main] DEBUG o.h.e.t.j.p.i.JtaPlatformInitiator - No JtaPlatform was specified, checking resolver
13:56:38.340 [main] DEBUG o.h.e.t.j.p.i.JtaPlatformResolverInitiator - No JtaPlatformResolver was specified, using default [org.hibernate.engine.transaction.jta.platform.internal.StandardJtaPlatformResolver]
13:56:38.345 [main] DEBUG o.h.e.t.j.p.i.StandardJtaPlatformResolver - Could not resolve JtaPlatform, using default [org.hibernate.engine.transaction.jta.platform.internal.NoJtaPlatform]
13:56:38.348 [main] DEBUG org.hibernate.cfg.SettingsFactory - Automatic flush during beforeCompletion(): disabled
13:56:38.348 [main] DEBUG org.hibernate.cfg.SettingsFactory - Automatic session close at end of transaction: disabled
13:56:38.348 [main] DEBUG org.hibernate.cfg.SettingsFactory - JDBC batch size: 15
13:56:38.348 [main] DEBUG org.hibernate.cfg.SettingsFactory - JDBC batch updates for versioned data: disabled
13:56:38.349 [main] DEBUG org.hibernate.cfg.SettingsFactory - Scrollable result sets: enabled
13:56:38.349 [main] DEBUG org.hibernate.cfg.SettingsFactory - Wrap result sets: disabled
13:56:38.349 [main] DEBUG org.hibernate.cfg.SettingsFactory - JDBC3 getGeneratedKeys(): enabled
13:56:38.349 [main] DEBUG org.hibernate.cfg.SettingsFactory - multi-tenancy strategy : NONE
13:56:38.349 [main] DEBUG org.hibernate.cfg.SettingsFactory - Connection release mode: auto
13:56:38.349 [main] INFO  o.h.e.t.i.TransactionFactoryInitiator - HHH000399: Using default transaction strategy (direct JDBC transactions)
13:56:38.352 [main] DEBUG org.hibernate.cfg.SettingsFactory - Using BatchFetchStyle : LEGACY
13:56:38.353 [main] DEBUG org.hibernate.cfg.SettingsFactory - Maximum outer join fetch depth: 2
13:56:38.353 [main] DEBUG org.hibernate.cfg.SettingsFactory - Default batch fetch size: 1
13:56:38.353 [main] DEBUG org.hibernate.cfg.SettingsFactory - Generate SQL with comments: disabled
13:56:38.353 [main] DEBUG org.hibernate.cfg.SettingsFactory - Order SQL updates by primary key: disabled
13:56:38.353 [main] DEBUG org.hibernate.cfg.SettingsFactory - Order SQL inserts for batching: disabled
13:56:38.353 [main] DEBUG org.hibernate.cfg.SettingsFactory - Default null ordering: none
13:56:38.354 [main] DEBUG org.hibernate.cfg.SettingsFactory - Query translator: org.hibernate.hql.internal.ast.ASTQueryTranslatorFactory
13:56:38.357 [main] INFO  o.h.h.i.a.ASTQueryTranslatorFactory - HHH000397: Using ASTQueryTranslatorFactory
13:56:38.357 [main] DEBUG org.hibernate.cfg.SettingsFactory - Query language substitutions: {}
13:56:38.357 [main] DEBUG org.hibernate.cfg.SettingsFactory - JPA-QL strict compliance: disabled
13:56:38.357 [main] DEBUG org.hibernate.cfg.SettingsFactory - Second-level cache: enabled
13:56:38.357 [main] DEBUG org.hibernate.cfg.SettingsFactory - Query cache: disabled
13:56:38.358 [main] DEBUG o.h.c.i.RegionFactoryInitiator - Cache region factory : org.hibernate.cache.internal.NoCachingRegionFactory
13:56:38.361 [main] DEBUG org.hibernate.cfg.SettingsFactory - Optimize cache for minimal puts: disabled
13:56:38.361 [main] DEBUG org.hibernate.cfg.SettingsFactory - Structured second-level cache entries: disabled
13:56:38.361 [main] DEBUG org.hibernate.cfg.SettingsFactory - Second-level cache direct-reference entries: disabled
13:56:38.361 [main] DEBUG org.hibernate.cfg.SettingsFactory - Automatic eviction of collection cache: disabled
13:56:38.362 [main] DEBUG org.hibernate.cfg.SettingsFactory - Statistics: disabled
13:56:38.362 [main] DEBUG org.hibernate.cfg.SettingsFactory - Deleted entity synthetic identifier rollback: disabled
13:56:38.362 [main] DEBUG org.hibernate.cfg.SettingsFactory - Default entity-mode: pojo
13:56:38.362 [main] DEBUG org.hibernate.cfg.SettingsFactory - Named query checking : enabled
13:56:38.362 [main] DEBUG org.hibernate.cfg.SettingsFactory - Check Nullability in Core (should be disabled when Bean Validation is on): enabled
13:56:38.362 [main] DEBUG org.hibernate.cfg.SettingsFactory - Allow initialization of lazy state outside session : : disabled
13:56:38.362 [main] DEBUG org.hibernate.cfg.SettingsFactory - JTA Track by Thread: enabled
13:56:38.373 [main] DEBUG o.h.internal.SessionFactoryImpl - Building session factory
13:56:38.384 [main] DEBUG o.h.internal.SessionFactoryImpl - Session factory constructed with filter configurations : {}
13:56:38.384 [main] DEBUG o.h.internal.SessionFactoryImpl - Instantiating session factory with properties: {java.vendor=Oracle Corporation, show_sql=true, localRepository=/home/fabio/.m2/repository, sun.java.launcher=SUN_STANDARD, hibernate.connection.url=jdbc:mysql://localhost:3306/supermercadosdeltaplus, sun.management.compiler=HotSpot 64-Bit Tiered Compilers, os.name=Linux, hbm2ddl.auto=create, sun.boot.class.path=/usr/java/jdk1.8.0_144/jre/lib/resources.jar:/usr/java/jdk1.8.0_144/jre/lib/rt.jar:/usr/java/jdk1.8.0_144/jre/lib/sunrsasign.jar:/usr/java/jdk1.8.0_144/jre/lib/jsse.jar:/usr/java/jdk1.8.0_144/jre/lib/jce.jar:/usr/java/jdk1.8.0_144/jre/lib/charsets.jar:/usr/java/jdk1.8.0_144/jre/lib/jfr.jar:/usr/java/jdk1.8.0_144/jre/classes, hibernate.current_session_context_class=thread, sun.desktop=gnome, hibernate.c3p0.max_size=75, java.vm.specification.vendor=Oracle Corporation, java.runtime.version=1.8.0_144-b01, hibernate.c3p0.min_size=5, user.name=fabio, hibernate.c3p0.timeout=3600, user.language=es, sun.boot.library.path=/usr/java/jdk1.8.0_144/jre/lib/amd64, hibernate.c3p0.preferredTestQuery=select 1, java.version=1.8.0_144, user.timezone=America/Argentina/Cordoba, sun.arch.data.model=64, java.endorsed.dirs=/usr/java/jdk1.8.0_144/jre/lib/endorsed, sun.cpu.isalist=, sun.jnu.encoding=UTF-8, file.encoding.pkg=sun.io, file.separator=/, java.specification.name=Java Platform API Specification, hibernate.format_sql=true, java.class.version=52.0, user.country=AR, java.home=/usr/java/jdk1.8.0_144/jre, java.vm.info=mixed mode, os.version=4.4.0-96-generic, surefire.real.class.path=/home/fabio/Documentos/facu/ingweb3/repoingweb3personal/supermercadosdeltaplusModulo/target/surefire/surefirebooter4329583612822188093.jar, path.separator=:, java.vm.version=25.144-b01, hibernate.connection.password=root, maven.ext.class.path=/home/fabio/netbeans-8.2/java/maven-nblib/netbeans-eventspy.jar, java.awt.printerjob=sun.print.PSPrinterJob, sun.io.unicode.encoding=UnicodeLittle, awt.toolkit=sun.awt.X11.XToolkit, hibernate.connection.username=root, user.home=/home/fabio, java.specification.vendor=Oracle Corporation, hibernate.hbm2ddl.auto=create, java.library.path=/usr/java/jdk1.8.0_144/jre/lib/amd64:/usr/java/jdk1.8.0_144/jre/lib/i386::/usr/java/packages/lib/amd64:/usr/lib64:/lib64:/lib:/usr/lib, java.vendor.url=http://java.oracle.com/, hibernate.c3p0.maxIdleTime=3600, hibernate.connection.driver_class=com.mysql.jdbc.Driver, java.vm.vendor=Oracle Corporation, hibernate.dialect=org.hibernate.dialect.MySQLDialect, java.runtime.name=Java(TM) SE Runtime Environment, sun.java.command=/home/fabio/Documentos/facu/ingweb3/repoingweb3personal/supermercadosdeltaplusModulo/target/surefire/surefirebooter4329583612822188093.jar /home/fabio/Documentos/facu/ingweb3/repoingweb3personal/supermercadosdeltaplusModulo/target/surefire/surefire4005907616847565486tmp /home/fabio/Documentos/facu/ingweb3/repoingweb3personal/supermercadosdeltaplusModulo/target/surefire/surefire_04008999896279349844tmp, java.class.path=/home/fabio/Documentos/facu/ingweb3/repoingweb3personal/supermercadosdeltaplusModulo/target/test-classes:/home/fabio/Documentos/facu/ingweb3/repoingweb3personal/supermercadosdeltaplusModulo/target/classes:/home/fabio/.m2/repository/org/hibernate/hibernate-entitymanager/4.3.1.Final/hibernate-entitymanager-4.3.1.Final.jar:/home/fabio/.m2/repository/org/jboss/logging/jboss-logging/3.3.1.Final/jboss-logging-3.3.1.Final.jar:/home/fabio/.m2/repository/org/jboss/logging/jboss-logging-annotations/1.2.0.Beta1/jboss-logging-annotations-1.2.0.Beta1.jar:/home/fabio/.m2/repository/dom4j/dom4j/1.6.1/dom4j-1.6.1.jar:/home/fabio/.m2/repository/org/hibernate/common/hibernate-commons-annotations/4.0.4.Final/hibernate-commons-annotations-4.0.4.Final.jar:/home/fabio/.m2/repository/org/jboss/spec/javax/transaction/jboss-transaction-api_1.2_spec/1.0.0.Final/jboss-transaction-api_1.2_spec-1.0.0.Final.jar:/home/fabio/.m2/repository/org/javassist/javassist/3.21.0-GA/javassist-3.21.0-GA.jar:/home/fabio/.m2/repository/junit/junit/4.12/junit-4.12.jar:/home/fabio/.m2/repository/org/hamcrest/hamcrest-core/1.3/hamcrest-core-1.3.jar:/home/fabio/.m2/repository/org/hibernate/javax/persistence/hibernate-jpa-2.1-api/1.0.0.Final/hibernate-jpa-2.1-api-1.0.0.Final.jar:/home/fabio/.m2/repository/javax/javaee-web-api/7.0/javaee-web-api-7.0.jar:/home/fabio/.m2/repository/org/springframework/boot/spring-boot-starter-web/1.5.6.RELEASE/spring-boot-starter-web-1.5.6.RELEASE.jar:/home/fabio/.m2/repository/org/springframework/boot/spring-boot-starter/1.5.6.RELEASE/spring-boot-starter-1.5.6.RELEASE.jar:/home/fabio/.m2/repository/org/springframework/boot/spring-boot/1.5.6.RELEASE/spring-boot-1.5.6.RELEASE.jar:/home/fabio/.m2/repository/org/springframework/boot/spring-boot-autoconfigure/1.5.6.RELEASE/spring-boot-autoconfigure-1.5.6.RELEASE.jar:/home/fabio/.m2/repository/org/springframework/boot/spring-boot-starter-logging/1.5.6.RELEASE/spring-boot-starter-logging-1.5.6.RELEASE.jar:/home/fabio/.m2/repository/org/slf4j/jul-to-slf4j/1.7.25/jul-to-slf4j-1.7.25.jar:/home/fabio/.m2/repository/org/slf4j/log4j-over-slf4j/1.7.25/log4j-over-slf4j-1.7.25.jar:/home/fabio/.m2/repository/org/yaml/snakeyaml/1.17/snakeyaml-1.17.jar:/home/fabio/.m2/repository/org/springframework/boot/spring-boot-starter-tomcat/1.5.6.RELEASE/spring-boot-starter-tomcat-1.5.6.RELEASE.jar:/home/fabio/.m2/repository/org/apache/tomcat/embed/tomcat-embed-core/8.5.16/tomcat-embed-core-8.5.16.jar:/home/fabio/.m2/repository/org/apache/tomcat/embed/tomcat-embed-el/8.5.16/tomcat-embed-el-8.5.16.jar:/home/fabio/.m2/repository/org/apache/tomcat/embed/tomcat-embed-websocket/8.5.16/tomcat-embed-websocket-8.5.16.jar:/home/fabio/.m2/repository/com/fasterxml/jackson/core/jackson-databind/2.8.9/jackson-databind-2.8.9.jar:/home/fabio/.m2/repository/com/fasterxml/jackson/core/jackson-annotations/2.8.0/jackson-annotations-2.8.0.jar:/home/fabio/.m2/repository/com/fasterxml/jackson/core/jackson-core/2.8.9/jackson-core-2.8.9.jar:/home/fabio/.m2/repository/org/springframework/boot/spring-boot-starter-actuator/1.5.6.RELEASE/spring-boot-starter-actuator-1.5.6.RELEASE.jar:/home/fabio/.m2/repository/org/springframework/boot/spring-boot-actuator/1.5.6.RELEASE/spring-boot-actuator-1.5.6.RELEASE.jar:/home/fabio/.m2/repository/org/aspectj/aspectjweaver/1.8.10/aspectjweaver-1.8.10.jar:/home/fabio/.m2/repository/org/springframework/spring-core/4.3.10.RELEASE/spring-core-4.3.10.RELEASE.jar:/home/fabio/.m2/repository/org/springframework/spring-context/4.3.10.RELEASE/spring-context-4.3.10.RELEASE.jar:/home/fabio/.m2/repository/org/springframework/spring-beans/4.3.10.RELEASE/spring-beans-4.3.10.RELEASE.jar:/home/fabio/.m2/repository/org/springframework/spring-expression/4.3.10.RELEASE/spring-expression-4.3.10.RELEASE.jar:/home/fabio/.m2/repository/org/springframework/spring-aspects/4.3.10.RELEASE/spring-aspects-4.3.10.RELEASE.jar:/home/fabio/.m2/repository/org/springframework/spring-webmvc/4.3.10.RELEASE/spring-webmvc-4.3.10.RELEASE.jar:/home/fabio/.m2/repository/org/springframework/spring-web/4.3.10.RELEASE/spring-web-4.3.10.RELEASE.jar:/home/fabio/.m2/repository/org/springframework/spring-oxm/4.3.10.RELEASE/spring-oxm-4.3.10.RELEASE.jar:/home/fabio/.m2/repository/org/springframework/spring-tx/4.3.10.RELEASE/spring-tx-4.3.10.RELEASE.jar:/home/fabio/.m2/repository/org/springframework/spring-aop/4.3.10.RELEASE/spring-aop-4.3.10.RELEASE.jar:/home/fabio/.m2/repository/org/springframework/spring-orm/4.3.10.RELEASE/spring-orm-4.3.10.RELEASE.jar:/home/fabio/.m2/repository/org/springframework/spring-jdbc/4.3.10.RELEASE/spring-jdbc-4.3.10.RELEASE.jar:/home/fabio/.m2/repository/org/springframework/boot/spring-boot-starter-security/1.5.6.RELEASE/spring-boot-starter-security-1.5.6.RELEASE.jar:/home/fabio/.m2/repository/org/springframework/security/spring-security-config/4.2.3.RELEASE/spring-security-config-4.2.3.RELEASE.jar:/home/fabio/.m2/repository/org/springframework/security/spring-security-core/4.2.3.RELEASE/spring-security-core-4.2.3.RELEASE.jar:/home/fabio/.m2/repository/org/springframework/security/spring-security-web/4.2.3.RELEASE/spring-security-web-4.2.3.RELEASE.jar:/home/fabio/.m2/repository/org/slf4j/slf4j-api/1.7.25/slf4j-api-1.7.25.jar:/home/fabio/.m2/repository/ch/qos/logback/logback-classic/1.1.3/logback-classic-1.1.3.jar:/home/fabio/.m2/repository/ch/qos/logback/logback-core/1.1.3/logback-core-1.1.3.jar:/home/fabio/.m2/repository/org/slf4j/jcl-over-slf4j/1.7.25/jcl-over-slf4j-1.7.25.jar:/home/fabio/.m2/repository/commons-dbutils/commons-dbutils/1.6/commons-dbutils-1.6.jar:/home/fabio/.m2/repository/org/hibernate/hibernate-core/4.3.11.Final/hibernate-core-4.3.11.Final.jar:/home/fabio/.m2/repository/antlr/antlr/2.7.7/antlr-2.7.7.jar:/home/fabio/.m2/repository/org/jboss/jandex/1.1.0.Final/jandex-1.1.0.Final.jar:/home/fabio/.m2/repository/org/hibernate/hibernate-c3p0/4.3.11.Final/hibernate-c3p0-4.3.11.Final.jar:/home/fabio/.m2/repository/com/mchange/c3p0/0.9.2.1/c3p0-0.9.2.1.jar:/home/fabio/.m2/repository/com/mchange/mchange-commons-java/0.2.3.4/mchange-commons-java-0.2.3.4.jar:/home/fabio/.m2/repository/org/hibernate/hibernate-validator/5.3.5.Final/hibernate-validator-5.3.5.Final.jar:/home/fabio/.m2/repository/com/fasterxml/classmate/1.3.3/classmate-1.3.3.jar:/home/fabio/.m2/repository/javax/validation/validation-api/1.1.0.Final/validation-api-1.1.0.Final.jar:/home/fabio/.m2/repository/org/jooq/jooq/3.9.4/jooq-3.9.4.jar:/home/fabio/.m2/repository/mysql/mysql-connector-java/5.1.43/mysql-connector-java-5.1.43.jar:, hibernate.bytecode.use_reflection_optimizer=false, java.vm.specification.name=Java Virtual Machine Specification, hibernate.c3p0.testConnectionOnCheckout=true, java.vm.specification.version=1.8, sun.cpu.endian=little, sun.os.patch.level=unknown, surefire.test.class.path=/home/fabio/Documentos/facu/ingweb3/repoingweb3personal/supermercadosdeltaplusModulo/target/test-classes:/home/fabio/Documentos/facu/ingweb3/repoingweb3personal/supermercadosdeltaplusModulo/target/classes:/home/fabio/.m2/repository/org/hibernate/hibernate-entitymanager/4.3.1.Final/hibernate-entitymanager-4.3.1.Final.jar:/home/fabio/.m2/repository/org/jboss/logging/jboss-logging/3.3.1.Final/jboss-logging-3.3.1.Final.jar:/home/fabio/.m2/repository/org/jboss/logging/jboss-logging-annotations/1.2.0.Beta1/jboss-logging-annotations-1.2.0.Beta1.jar:/home/fabio/.m2/repository/dom4j/dom4j/1.6.1/dom4j-1.6.1.jar:/home/fabio/.m2/repository/org/hibernate/common/hibernate-commons-annotations/4.0.4.Final/hibernate-commons-annotations-4.0.4.Final.jar:/home/fabio/.m2/repository/org/jboss/spec/javax/transaction/jboss-transaction-api_1.2_spec/1.0.0.Final/jboss-transaction-api_1.2_spec-1.0.0.Final.jar:/home/fabio/.m2/repository/org/javassist/javassist/3.21.0-GA/javassist-3.21.0-GA.jar:/home/fabio/.m2/repository/junit/junit/4.12/junit-4.12.jar:/home/fabio/.m2/repository/org/hamcrest/hamcrest-core/1.3/hamcrest-core-1.3.jar:/home/fabio/.m2/repository/org/hibernate/javax/persistence/hibernate-jpa-2.1-api/1.0.0.Final/hibernate-jpa-2.1-api-1.0.0.Final.jar:/home/fabio/.m2/repository/javax/javaee-web-api/7.0/javaee-web-api-7.0.jar:/home/fabio/.m2/repository/org/springframework/boot/spring-boot-starter-web/1.5.6.RELEASE/spring-boot-starter-web-1.5.6.RELEASE.jar:/home/fabio/.m2/repository/org/springframework/boot/spring-boot-starter/1.5.6.RELEASE/spring-boot-starter-1.5.6.RELEASE.jar:/home/fabio/.m2/repository/org/springframework/boot/spring-boot/1.5.6.RELEASE/spring-boot-1.5.6.RELEASE.jar:/home/fabio/.m2/repository/org/springframework/boot/spring-boot-autoconfigure/1.5.6.RELEASE/spring-boot-autoconfigure-1.5.6.RELEASE.jar:/home/fabio/.m2/repository/org/springframework/boot/spring-boot-starter-logging/1.5.6.RELEASE/spring-boot-starter-logging-1.5.6.RELEASE.jar:/home/fabio/.m2/repository/org/slf4j/jul-to-slf4j/1.7.25/jul-to-slf4j-1.7.25.jar:/home/fabio/.m2/repository/org/slf4j/log4j-over-slf4j/1.7.25/log4j-over-slf4j-1.7.25.jar:/home/fabio/.m2/repository/org/yaml/snakeyaml/1.17/snakeyaml-1.17.jar:/home/fabio/.m2/repository/org/springframework/boot/spring-boot-starter-tomcat/1.5.6.RELEASE/spring-boot-starter-tomcat-1.5.6.RELEASE.jar:/home/fabio/.m2/repository/org/apache/tomcat/embed/tomcat-embed-core/8.5.16/tomcat-embed-core-8.5.16.jar:/home/fabio/.m2/repository/org/apache/tomcat/embed/tomcat-embed-el/8.5.16/tomcat-embed-el-8.5.16.jar:/home/fabio/.m2/repository/org/apache/tomcat/embed/tomcat-embed-websocket/8.5.16/tomcat-embed-websocket-8.5.16.jar:/home/fabio/.m2/repository/com/fasterxml/jackson/core/jackson-databind/2.8.9/jackson-databind-2.8.9.jar:/home/fabio/.m2/repository/com/fasterxml/jackson/core/jackson-annotations/2.8.0/jackson-annotations-2.8.0.jar:/home/fabio/.m2/repository/com/fasterxml/jackson/core/jackson-core/2.8.9/jackson-core-2.8.9.jar:/home/fabio/.m2/repository/org/springframework/boot/spring-boot-starter-actuator/1.5.6.RELEASE/spring-boot-starter-actuator-1.5.6.RELEASE.jar:/home/fabio/.m2/repository/org/springframework/boot/spring-boot-actuator/1.5.6.RELEASE/spring-boot-actuator-1.5.6.RELEASE.jar:/home/fabio/.m2/repository/org/aspectj/aspectjweaver/1.8.10/aspectjweaver-1.8.10.jar:/home/fabio/.m2/repository/org/springframework/spring-core/4.3.10.RELEASE/spring-core-4.3.10.RELEASE.jar:/home/fabio/.m2/repository/org/springframework/spring-context/4.3.10.RELEASE/spring-context-4.3.10.RELEASE.jar:/home/fabio/.m2/repository/org/springframework/spring-beans/4.3.10.RELEASE/spring-beans-4.3.10.RELEASE.jar:/home/fabio/.m2/repository/org/springframework/spring-expression/4.3.10.RELEASE/spring-expression-4.3.10.RELEASE.jar:/home/fabio/.m2/repository/org/springframework/spring-aspects/4.3.10.RELEASE/spring-aspects-4.3.10.RELEASE.jar:/home/fabio/.m2/repository/org/springframework/spring-webmvc/4.3.10.RELEASE/spring-webmvc-4.3.10.RELEASE.jar:/home/fabio/.m2/repository/org/springframework/spring-web/4.3.10.RELEASE/spring-web-4.3.10.RELEASE.jar:/home/fabio/.m2/repository/org/springframework/spring-oxm/4.3.10.RELEASE/spring-oxm-4.3.10.RELEASE.jar:/home/fabio/.m2/repository/org/springframework/spring-tx/4.3.10.RELEASE/spring-tx-4.3.10.RELEASE.jar:/home/fabio/.m2/repository/org/springframework/spring-aop/4.3.10.RELEASE/spring-aop-4.3.10.RELEASE.jar:/home/fabio/.m2/repository/org/springframework/spring-orm/4.3.10.RELEASE/spring-orm-4.3.10.RELEASE.jar:/home/fabio/.m2/repository/org/springframework/spring-jdbc/4.3.10.RELEASE/spring-jdbc-4.3.10.RELEASE.jar:/home/fabio/.m2/repository/org/springframework/boot/spring-boot-starter-security/1.5.6.RELEASE/spring-boot-starter-security-1.5.6.RELEASE.jar:/home/fabio/.m2/repository/org/springframework/security/spring-security-config/4.2.3.RELEASE/spring-security-config-4.2.3.RELEASE.jar:/home/fabio/.m2/repository/org/springframework/security/spring-security-core/4.2.3.RELEASE/spring-security-core-4.2.3.RELEASE.jar:/home/fabio/.m2/repository/org/springframework/security/spring-security-web/4.2.3.RELEASE/spring-security-web-4.2.3.RELEASE.jar:/home/fabio/.m2/repository/org/slf4j/slf4j-api/1.7.25/slf4j-api-1.7.25.jar:/home/fabio/.m2/repository/ch/qos/logback/logback-classic/1.1.3/logback-classic-1.1.3.jar:/home/fabio/.m2/repository/ch/qos/logback/logback-core/1.1.3/logback-core-1.1.3.jar:/home/fabio/.m2/repository/org/slf4j/jcl-over-slf4j/1.7.25/jcl-over-slf4j-1.7.25.jar:/home/fabio/.m2/repository/commons-dbutils/commons-dbutils/1.6/commons-dbutils-1.6.jar:/home/fabio/.m2/repository/org/hibernate/hibernate-core/4.3.11.Final/hibernate-core-4.3.11.Final.jar:/home/fabio/.m2/repository/antlr/antlr/2.7.7/antlr-2.7.7.jar:/home/fabio/.m2/repository/org/jboss/jandex/1.1.0.Final/jandex-1.1.0.Final.jar:/home/fabio/.m2/repository/org/hibernate/hibernate-c3p0/4.3.11.Final/hibernate-c3p0-4.3.11.Final.jar:/home/fabio/.m2/repository/com/mchange/c3p0/0.9.2.1/c3p0-0.9.2.1.jar:/home/fabio/.m2/repository/com/mchange/mchange-commons-java/0.2.3.4/mchange-commons-java-0.2.3.4.jar:/home/fabio/.m2/repository/org/hibernate/hibernate-validator/5.3.5.Final/hibernate-validator-5.3.5.Final.jar:/home/fabio/.m2/repository/com/fasterxml/classmate/1.3.3/classmate-1.3.3.jar:/home/fabio/.m2/repository/javax/validation/validation-api/1.1.0.Final/validation-api-1.1.0.Final.jar:/home/fabio/.m2/repository/org/jooq/jooq/3.9.4/jooq-3.9.4.jar:/home/fabio/.m2/repository/mysql/mysql-connector-java/5.1.43/mysql-connector-java-5.1.43.jar:, java.io.tmpdir=/tmp, java.vendor.url.bug=http://bugreport.sun.com/bugreport/, os.arch=amd64, java.awt.graphicsenv=sun.awt.X11GraphicsEnvironment, java.ext.dirs=/usr/java/jdk1.8.0_144/jre/lib/ext:/usr/java/packages/lib/ext, user.dir=/home/fabio/Documentos/facu/ingweb3/repoingweb3personal/supermercadosdeltaplusModulo, hibernate.c3p0.idle_test_period=10, line.separator=
, java.vm.name=Java HotSpot(TM) 64-Bit Server VM, basedir=/home/fabio/Documentos/facu/ingweb3/repoingweb3personal/supermercadosdeltaplusModulo, hibernate.c3p0.acquire_increment=3, file.encoding=UTF-8, format_sql=true, java.specification.version=1.8, hibernate.c3p0.max_statements=10, hibernate.show_sql=true}
13:56:38.420 [main] INFO  o.h.validator.internal.util.Version - HV000001: Hibernate Validator 5.3.5.Final
13:56:38.445 [main] DEBUG o.h.v.i.e.r.DefaultTraversableResolver - Found javax.persistence.Persistence on classpath containing 'getPersistenceUtil'. Assuming JPA 2 environment. Trying to instantiate JPA aware TraversableResolver
13:56:38.448 [main] DEBUG o.h.v.i.e.r.DefaultTraversableResolver - Instantiated JPA aware TraversableResolver of type org.hibernate.validator.internal.engine.resolver.JPATraversableResolver.
13:56:38.452 [main] DEBUG o.h.v.i.xml.ValidationXmlParser - Trying to load META-INF/validation.xml for XML based Validator configuration.
13:56:38.454 [main] DEBUG o.h.v.i.xml.ResourceLoaderHelper - Trying to load META-INF/validation.xml via TCCL
13:56:38.454 [main] DEBUG o.h.v.i.xml.ResourceLoaderHelper - Trying to load META-INF/validation.xml via Hibernate Validator's class loader
13:56:38.455 [main] DEBUG o.h.v.i.xml.ValidationXmlParser - No META-INF/validation.xml found. Using annotation based configuration only.
13:56:38.474 [main] DEBUG o.h.c.b.TypeSafeActivator - Unable to acquire Bean Validation ValidatorFactory, skipping activation
13:56:38.475 [main] DEBUG o.h.secure.spi.JaccIntegrator - Skipping JACC integration as it was not enabled
13:56:38.476 [main] DEBUG o.h.i.f.i.DefaultIdentifierGeneratorFactory - Setting dialect [org.hibernate.dialect.MySQLDialect]
13:56:38.477 [main] DEBUG o.h.i.f.i.DefaultIdentifierGeneratorFactory - Setting dialect [org.hibernate.dialect.MySQLDialect]
13:56:38.477 [main] DEBUG o.h.i.f.i.DefaultIdentifierGeneratorFactory - Setting dialect [org.hibernate.dialect.MySQLDialect]
13:56:38.477 [main] DEBUG o.h.i.f.i.DefaultIdentifierGeneratorFactory - Setting dialect [org.hibernate.dialect.MySQLDialect]
13:56:38.477 [main] DEBUG o.h.i.f.i.DefaultIdentifierGeneratorFactory - Setting dialect [org.hibernate.dialect.MySQLDialect]
13:56:38.478 [main] DEBUG o.h.i.f.i.DefaultIdentifierGeneratorFactory - Setting dialect [org.hibernate.dialect.MySQLDialect]
13:56:38.478 [main] DEBUG o.h.i.f.i.DefaultIdentifierGeneratorFactory - Setting dialect [org.hibernate.dialect.MySQLDialect]
13:56:38.478 [main] DEBUG o.h.i.f.i.DefaultIdentifierGeneratorFactory - Setting dialect [org.hibernate.dialect.MySQLDialect]
13:56:38.663 [main] DEBUG o.h.p.c.AbstractCollectionPersister - Static SQL for collection: com.fabiocompany.supermercadosdeltaplus.model.Tipodepago.tarjetas
13:56:38.663 [main] DEBUG o.h.p.c.AbstractCollectionPersister -  Row insert: update tarjeta set idtipodepago=? where idtarjeta=?
13:56:38.663 [main] DEBUG o.h.p.c.AbstractCollectionPersister -  Row update: update tarjeta set  where idtarjeta=?
13:56:38.663 [main] DEBUG o.h.p.c.AbstractCollectionPersister -  Row delete: update tarjeta set idtipodepago=null where idtipodepago=? and idtarjeta=?
13:56:38.663 [main] DEBUG o.h.p.c.AbstractCollectionPersister -  One-shot delete: update tarjeta set idtipodepago=null where idtipodepago=?
13:56:38.666 [main] DEBUG o.h.p.c.AbstractCollectionPersister - Static SQL for collection: com.fabiocompany.supermercadosdeltaplus.model.Detalleticket.detalleofertas
13:56:38.667 [main] DEBUG o.h.p.c.AbstractCollectionPersister -  Row insert: insert into ticketsyofertas (iddetalleticket, iddetalleoferta) values (?, ?)
13:56:38.667 [main] DEBUG o.h.p.c.AbstractCollectionPersister -  Row update: update ticketsyofertas set iddetalleoferta=? where iddetalleticket=? and iddetalleoferta=?
13:56:38.667 [main] DEBUG o.h.p.c.AbstractCollectionPersister -  Row delete: delete from ticketsyofertas where iddetalleticket=? and iddetalleoferta=?
13:56:38.667 [main] DEBUG o.h.p.c.AbstractCollectionPersister -  One-shot delete: delete from ticketsyofertas where iddetalleticket=?
13:56:38.667 [main] DEBUG o.h.p.c.AbstractCollectionPersister - Static SQL for collection: com.fabiocompany.supermercadosdeltaplus.model.Producto.detalletickets
13:56:38.667 [main] DEBUG o.h.p.c.AbstractCollectionPersister -  Row insert: insert into ticketsyproductos (idproducto, iddetalleticket) values (?, ?)
13:56:38.667 [main] DEBUG o.h.p.c.AbstractCollectionPersister -  Row update: update ticketsyproductos set iddetalleticket=? where idproducto=? and iddetalleticket=?
13:56:38.668 [main] DEBUG o.h.p.c.AbstractCollectionPersister -  Row delete: delete from ticketsyproductos where idproducto=? and iddetalleticket=?
13:56:38.668 [main] DEBUG o.h.p.c.AbstractCollectionPersister -  One-shot delete: delete from ticketsyproductos where idproducto=?
13:56:38.668 [main] DEBUG o.h.p.c.AbstractCollectionPersister - Static SQL for collection: com.fabiocompany.supermercadosdeltaplus.model.Tipodepago.detalletickets
13:56:38.668 [main] DEBUG o.h.p.c.AbstractCollectionPersister -  Row insert: update detalleticket set idtipodepago=? where iddetalleticket=?
13:56:38.668 [main] DEBUG o.h.p.c.AbstractCollectionPersister -  Row update: update detalleticket set  where iddetalleticket=?
13:56:38.668 [main] DEBUG o.h.p.c.AbstractCollectionPersister -  Row delete: update detalleticket set idtipodepago=null where idtipodepago=? and iddetalleticket=?
13:56:38.668 [main] DEBUG o.h.p.c.AbstractCollectionPersister -  One-shot delete: update detalleticket set idtipodepago=null where idtipodepago=?
13:56:38.669 [main] DEBUG o.h.p.c.AbstractCollectionPersister - Static SQL for collection: com.fabiocompany.supermercadosdeltaplus.model.Detalleticket.productos
13:56:38.669 [main] DEBUG o.h.p.c.AbstractCollectionPersister -  Row insert: insert into ticketsyproductos (iddetalleticket, idproducto) values (?, ?)
13:56:38.669 [main] DEBUG o.h.p.c.AbstractCollectionPersister -  Row update: update ticketsyproductos set idproducto=? where iddetalleticket=? and idproducto=?
13:56:38.669 [main] DEBUG o.h.p.c.AbstractCollectionPersister -  Row delete: delete from ticketsyproductos where iddetalleticket=? and idproducto=?
13:56:38.669 [main] DEBUG o.h.p.c.AbstractCollectionPersister -  One-shot delete: delete from ticketsyproductos where iddetalleticket=?
13:56:38.669 [main] DEBUG o.h.p.c.AbstractCollectionPersister - Static SQL for collection: com.fabiocompany.supermercadosdeltaplus.model.Usuario.cabeceratickets
13:56:38.669 [main] DEBUG o.h.p.c.AbstractCollectionPersister -  Row insert: update cabeceraticket set idusuario=? where idticket=?
13:56:38.670 [main] DEBUG o.h.p.c.AbstractCollectionPersister -  Row update: update cabeceraticket set  where idticket=?
13:56:38.670 [main] DEBUG o.h.p.c.AbstractCollectionPersister -  Row delete: update cabeceraticket set idusuario=null where idusuario=? and idticket=?
13:56:38.670 [main] DEBUG o.h.p.c.AbstractCollectionPersister -  One-shot delete: update cabeceraticket set idusuario=null where idusuario=?
13:56:38.670 [main] DEBUG o.h.p.c.AbstractCollectionPersister - Static SQL for collection: com.fabiocompany.supermercadosdeltaplus.model.Cabeceraticket.detalletickets
13:56:38.670 [main] DEBUG o.h.p.c.AbstractCollectionPersister -  Row insert: update detalleticket set idticket=? where iddetalleticket=?
13:56:38.670 [main] DEBUG o.h.p.c.AbstractCollectionPersister -  Row update: update detalleticket set  where iddetalleticket=?
13:56:38.670 [main] DEBUG o.h.p.c.AbstractCollectionPersister -  Row delete: update detalleticket set idticket=null where idticket=? and iddetalleticket=?
13:56:38.670 [main] DEBUG o.h.p.c.AbstractCollectionPersister -  One-shot delete: update detalleticket set idticket=null where idticket=?
13:56:38.671 [main] DEBUG o.h.p.c.AbstractCollectionPersister - Static SQL for collection: com.fabiocompany.supermercadosdeltaplus.model.Detalleoferta.detalletickets
13:56:38.671 [main] DEBUG o.h.p.c.AbstractCollectionPersister -  Row insert: insert into ticketsyofertas (iddetalleoferta, iddetalleticket) values (?, ?)
13:56:38.671 [main] DEBUG o.h.p.c.AbstractCollectionPersister -  Row update: update ticketsyofertas set iddetalleticket=? where iddetalleoferta=? and iddetalleticket=?
13:56:38.671 [main] DEBUG o.h.p.c.AbstractCollectionPersister -  Row delete: delete from ticketsyofertas where iddetalleoferta=? and iddetalleticket=?
13:56:38.671 [main] DEBUG o.h.p.c.AbstractCollectionPersister -  One-shot delete: delete from ticketsyofertas where iddetalleoferta=?
13:56:38.679 [main] DEBUG o.h.p.entity.AbstractEntityPersister - Static SQL for entity: com.fabiocompany.supermercadosdeltaplus.model.Cabeceraticket
13:56:38.680 [main] DEBUG o.h.p.entity.AbstractEntityPersister -  Version select: select idticket from cabeceraticket where idticket =?
13:56:38.680 [main] DEBUG o.h.p.entity.AbstractEntityPersister -  Snapshot select: select cabecerati_.idticket, cabecerati_.fecha as fecha2_0_, cabecerati_.idusuario as idusuari3_0_ from cabeceraticket cabecerati_ where cabecerati_.idticket=?
13:56:38.680 [main] DEBUG o.h.p.entity.AbstractEntityPersister -  Insert 0: insert into cabeceraticket (fecha, idusuario, idticket) values (?, ?, ?)
13:56:38.680 [main] DEBUG o.h.p.entity.AbstractEntityPersister -  Update 0: update cabeceraticket set fecha=?, idusuario=? where idticket=?
13:56:38.680 [main] DEBUG o.h.p.entity.AbstractEntityPersister -  Delete 0: delete from cabeceraticket where idticket=?
13:56:38.680 [main] DEBUG o.h.p.entity.AbstractEntityPersister -  Identity insert: insert into cabeceraticket (fecha, idusuario) values (?, ?)
13:56:38.706 [main] DEBUG o.h.l.p.b.i.spaces.QuerySpacesImpl - Adding QuerySpace : uid = <gen:0> -> org.hibernate.loader.plan.build.internal.spaces.EntityQuerySpaceImpl@13d73fa]
13:56:38.707 [main] DEBUG o.h.p.w.spi.MetamodelGraphWalker - Visiting attribute path : detalletickets
13:56:38.710 [main] DEBUG o.h.p.w.spi.MetamodelGraphWalker - Visiting attribute path : fecha
13:56:38.710 [main] DEBUG o.h.p.w.spi.MetamodelGraphWalker - Visiting attribute path : usuario
13:56:38.712 [main] DEBUG o.h.l.p.b.i.spaces.QuerySpacesImpl - Adding QuerySpace : uid = <gen:1> -> org.hibernate.loader.plan.build.internal.spaces.EntityQuerySpaceImpl@758705fa]
13:56:38.714 [main] DEBUG o.h.p.w.spi.MetamodelGraphWalker - Visiting attribute path : usuario.cabeceratickets
13:56:38.714 [main] DEBUG o.h.p.w.spi.MetamodelGraphWalker - Property path deemed to be circular : usuario.cabeceratickets
13:56:38.714 [main] DEBUG o.h.p.w.spi.MetamodelGraphWalker - Visiting attribute path : usuario.contraseniausuario
13:56:38.714 [main] DEBUG o.h.p.w.spi.MetamodelGraphWalker - Visiting attribute path : usuario.nombreusuario
13:56:38.714 [main] DEBUG o.h.p.w.spi.MetamodelGraphWalker - Visiting attribute path : usuario.tipodeusuario
13:56:38.714 [main] DEBUG o.h.p.w.spi.MetamodelGraphWalker - Visiting attribute path : usuario.personausuario
13:56:38.714 [main] DEBUG o.h.l.p.b.i.spaces.QuerySpacesImpl - Adding QuerySpace : uid = <gen:2> -> org.hibernate.loader.plan.build.internal.spaces.EntityQuerySpaceImpl@550a1967]
13:56:38.714 [main] DEBUG o.h.p.w.spi.MetamodelGraphWalker - Visiting attribute path : usuario.personausuario.correo
13:56:38.714 [main] DEBUG o.h.p.w.spi.MetamodelGraphWalker - Visiting attribute path : usuario.personausuario.dnipersonausuario
13:56:38.714 [main] DEBUG o.h.p.w.spi.MetamodelGraphWalker - Visiting attribute path : usuario.personausuario.nombrepersonausuario
13:56:38.714 [main] DEBUG o.h.p.w.spi.MetamodelGraphWalker - Visiting attribute path : usuario.personausuario.numerodetelefono
13:56:38.715 [main] DEBUG o.h.l.p.b.i.FetchStyleLoadPlanBuildingAssociationVisitationStrategy - Building LoadPlan...
13:56:38.730 [main] DEBUG o.h.l.p.e.i.LoadQueryJoinAndFetchProcessor - processing queryspace <gen:0>
13:56:38.737 [main] DEBUG o.h.l.p.b.spi.LoadPlanTreePrinter - LoadPlan(entity=com.fabiocompany.supermercadosdeltaplus.model.Cabeceraticket)
    - Returns
       - EntityReturnImpl(entity=com.fabiocompany.supermercadosdeltaplus.model.Cabeceraticket, querySpaceUid=<gen:0>, path=com.fabiocompany.supermercadosdeltaplus.model.Cabeceraticket)
          - EntityAttributeFetchImpl(entity=com.fabiocompany.supermercadosdeltaplus.model.Usuario, querySpaceUid=<gen:1>, path=com.fabiocompany.supermercadosdeltaplus.model.Cabeceraticket.usuario)
             - EntityAttributeFetchImpl(entity=com.fabiocompany.supermercadosdeltaplus.model.Personausuario, querySpaceUid=<gen:2>, path=com.fabiocompany.supermercadosdeltaplus.model.Cabeceraticket.usuario.personausuario)
    - QuerySpaces
       - EntityQuerySpaceImpl(uid=<gen:0>, entity=com.fabiocompany.supermercadosdeltaplus.model.Cabeceraticket)
          - SQL table alias mapping - cabecerati0_
          - alias suffix - 0_
          - suffixed key columns - {idticket1_0_0_}
          - JOIN (JoinDefinedByMetadata(usuario)) : <gen:0> -> <gen:1>
             - EntityQuerySpaceImpl(uid=<gen:1>, entity=com.fabiocompany.supermercadosdeltaplus.model.Usuario)
                - SQL table alias mapping - usuario1_
                - alias suffix - 1_
                - suffixed key columns - {idusuari1_9_1_}
                - JOIN (JoinDefinedByMetadata(personausuario)) : <gen:1> -> <gen:2>
                   - EntityQuerySpaceImpl(uid=<gen:2>, entity=com.fabiocompany.supermercadosdeltaplus.model.Personausuario)
                      - SQL table alias mapping - personausu2_
                      - alias suffix - 2_
                      - suffixed key columns - {idperson1_3_2_}

13:56:38.739 [main] DEBUG o.h.loader.entity.plan.EntityLoader - Static select for entity com.fabiocompany.supermercadosdeltaplus.model.Cabeceraticket [NONE]: select cabecerati0_.idticket as idticket1_0_0_, cabecerati0_.fecha as fecha2_0_0_, cabecerati0_.idusuario as idusuari3_0_0_, usuario1_.idusuario as idusuari1_9_1_, usuario1_.contraseniausuario as contrase2_9_1_, usuario1_.nombreusuario as nombreus3_9_1_, usuario1_.tipodeusuario as tipodeus4_9_1_, personausu2_.idpersonausuario as idperson1_3_2_, personausu2_.correo as correo2_3_2_, personausu2_.dnipersonausuario as dniperso3_3_2_, personausu2_.nombrepersonausuario as nombrepe4_3_2_, personausu2_.numerodetelefono as numerode5_3_2_ from cabeceraticket cabecerati0_ left outer join usuario usuario1_ on cabecerati0_.idusuario=usuario1_.idusuario left outer join personausuario personausu2_ on usuario1_.idusuario=personausu2_.idpersonausuario where cabecerati0_.idticket=?
13:56:38.740 [main] DEBUG o.h.l.p.b.i.spaces.QuerySpacesImpl - Adding QuerySpace : uid = <gen:0> -> org.hibernate.loader.plan.build.internal.spaces.EntityQuerySpaceImpl@61f05988]
13:56:38.740 [main] DEBUG o.h.p.w.spi.MetamodelGraphWalker - Visiting attribute path : detalletickets
13:56:38.740 [main] DEBUG o.h.p.w.spi.MetamodelGraphWalker - Visiting attribute path : fecha
13:56:38.740 [main] DEBUG o.h.p.w.spi.MetamodelGraphWalker - Visiting attribute path : usuario
13:56:38.740 [main] DEBUG o.h.l.p.b.i.spaces.QuerySpacesImpl - Adding QuerySpace : uid = <gen:1> -> org.hibernate.loader.plan.build.internal.spaces.EntityQuerySpaceImpl@fade1fc]
13:56:38.740 [main] DEBUG o.h.p.w.spi.MetamodelGraphWalker - Visiting attribute path : usuario.cabeceratickets
13:56:38.740 [main] DEBUG o.h.p.w.spi.MetamodelGraphWalker - Property path deemed to be circular : usuario.cabeceratickets
13:56:38.740 [main] DEBUG o.h.p.w.spi.MetamodelGraphWalker - Visiting attribute path : usuario.contraseniausuario
13:56:38.740 [main] DEBUG o.h.p.w.spi.MetamodelGraphWalker - Visiting attribute path : usuario.nombreusuario
13:56:38.740 [main] DEBUG o.h.p.w.spi.MetamodelGraphWalker - Visiting attribute path : usuario.tipodeusuario
13:56:38.740 [main] DEBUG o.h.p.w.spi.MetamodelGraphWalker - Visiting attribute path : usuario.personausuario
13:56:38.740 [main] DEBUG o.h.l.p.b.i.spaces.QuerySpacesImpl - Adding QuerySpace : uid = <gen:2> -> org.hibernate.loader.plan.build.internal.spaces.EntityQuerySpaceImpl@41dd05a]
13:56:38.740 [main] DEBUG o.h.p.w.spi.MetamodelGraphWalker - Visiting attribute path : usuario.personausuario.correo
13:56:38.740 [main] DEBUG o.h.p.w.spi.MetamodelGraphWalker - Visiting attribute path : usuario.personausuario.dnipersonausuario
13:56:38.740 [main] DEBUG o.h.p.w.spi.MetamodelGraphWalker - Visiting attribute path : usuario.personausuario.nombrepersonausuario
13:56:38.740 [main] DEBUG o.h.p.w.spi.MetamodelGraphWalker - Visiting attribute path : usuario.personausuario.numerodetelefono
13:56:38.741 [main] DEBUG o.h.l.p.b.i.FetchStyleLoadPlanBuildingAssociationVisitationStrategy - Building LoadPlan...
13:56:38.741 [main] DEBUG o.h.l.p.e.i.LoadQueryJoinAndFetchProcessor - processing queryspace <gen:0>
13:56:38.742 [main] DEBUG o.h.l.p.b.spi.LoadPlanTreePrinter - LoadPlan(entity=com.fabiocompany.supermercadosdeltaplus.model.Cabeceraticket)
    - Returns
       - EntityReturnImpl(entity=com.fabiocompany.supermercadosdeltaplus.model.Cabeceraticket, querySpaceUid=<gen:0>, path=com.fabiocompany.supermercadosdeltaplus.model.Cabeceraticket)
          - EntityAttributeFetchImpl(entity=com.fabiocompany.supermercadosdeltaplus.model.Usuario, querySpaceUid=<gen:1>, path=com.fabiocompany.supermercadosdeltaplus.model.Cabeceraticket.usuario)
             - EntityAttributeFetchImpl(entity=com.fabiocompany.supermercadosdeltaplus.model.Personausuario, querySpaceUid=<gen:2>, path=com.fabiocompany.supermercadosdeltaplus.model.Cabeceraticket.usuario.personausuario)
    - QuerySpaces
       - EntityQuerySpaceImpl(uid=<gen:0>, entity=com.fabiocompany.supermercadosdeltaplus.model.Cabeceraticket)
          - SQL table alias mapping - cabecerati0_
          - alias suffix - 0_
          - suffixed key columns - {idticket1_0_0_}
          - JOIN (JoinDefinedByMetadata(usuario)) : <gen:0> -> <gen:1>
             - EntityQuerySpaceImpl(uid=<gen:1>, entity=com.fabiocompany.supermercadosdeltaplus.model.Usuario)
                - SQL table alias mapping - usuario1_
                - alias suffix - 1_
                - suffixed key columns - {idusuari1_9_1_}
                - JOIN (JoinDefinedByMetadata(personausuario)) : <gen:1> -> <gen:2>
                   - EntityQuerySpaceImpl(uid=<gen:2>, entity=com.fabiocompany.supermercadosdeltaplus.model.Personausuario)
                      - SQL table alias mapping - personausu2_
                      - alias suffix - 2_
                      - suffixed key columns - {idperson1_3_2_}

13:56:38.742 [main] DEBUG o.h.loader.entity.plan.EntityLoader - Static select for entity com.fabiocompany.supermercadosdeltaplus.model.Cabeceraticket [READ]: select cabecerati0_.idticket as idticket1_0_0_, cabecerati0_.fecha as fecha2_0_0_, cabecerati0_.idusuario as idusuari3_0_0_, usuario1_.idusuario as idusuari1_9_1_, usuario1_.contraseniausuario as contrase2_9_1_, usuario1_.nombreusuario as nombreus3_9_1_, usuario1_.tipodeusuario as tipodeus4_9_1_, personausu2_.idpersonausuario as idperson1_3_2_, personausu2_.correo as correo2_3_2_, personausu2_.dnipersonausuario as dniperso3_3_2_, personausu2_.nombrepersonausuario as nombrepe4_3_2_, personausu2_.numerodetelefono as numerode5_3_2_ from cabeceraticket cabecerati0_ left outer join usuario usuario1_ on cabecerati0_.idusuario=usuario1_.idusuario left outer join personausuario personausu2_ on usuario1_.idusuario=personausu2_.idpersonausuario where cabecerati0_.idticket=?
13:56:38.742 [main] DEBUG o.h.l.p.b.i.spaces.QuerySpacesImpl - Adding QuerySpace : uid = <gen:0> -> org.hibernate.loader.plan.build.internal.spaces.EntityQuerySpaceImpl@178213b]
13:56:38.742 [main] DEBUG o.h.p.w.spi.MetamodelGraphWalker - Visiting attribute path : detalletickets
13:56:38.742 [main] DEBUG o.h.p.w.spi.MetamodelGraphWalker - Visiting attribute path : fecha
13:56:38.742 [main] DEBUG o.h.p.w.spi.MetamodelGraphWalker - Visiting attribute path : usuario
13:56:38.742 [main] DEBUG o.h.l.p.b.i.spaces.QuerySpacesImpl - Adding QuerySpace : uid = <gen:1> -> org.hibernate.loader.plan.build.internal.spaces.EntityQuerySpaceImpl@1b765a2c]
13:56:38.743 [main] DEBUG o.h.l.p.b.i.FetchStyleLoadPlanBuildingAssociationVisitationStrategy - Building LoadPlan...
13:56:38.743 [main] DEBUG o.h.l.p.e.i.LoadQueryJoinAndFetchProcessor - processing queryspace <gen:0>
13:56:38.744 [main] DEBUG o.h.l.p.b.spi.LoadPlanTreePrinter - LoadPlan(entity=com.fabiocompany.supermercadosdeltaplus.model.Cabeceraticket)
    - Returns
       - EntityReturnImpl(entity=com.fabiocompany.supermercadosdeltaplus.model.Cabeceraticket, querySpaceUid=<gen:0>, path=com.fabiocompany.supermercadosdeltaplus.model.Cabeceraticket)
          - EntityAttributeFetchImpl(entity=com.fabiocompany.supermercadosdeltaplus.model.Usuario, querySpaceUid=<gen:1>, path=com.fabiocompany.supermercadosdeltaplus.model.Cabeceraticket.usuario)
    - QuerySpaces
       - EntityQuerySpaceImpl(uid=<gen:0>, entity=com.fabiocompany.supermercadosdeltaplus.model.Cabeceraticket)
          - SQL table alias mapping - cabecerati0_
          - alias suffix - 0_
          - suffixed key columns - {idticket1_0_0_}

13:56:38.744 [main] DEBUG o.h.loader.entity.plan.EntityLoader - Static select for entity com.fabiocompany.supermercadosdeltaplus.model.Cabeceraticket [UPGRADE]: select cabecerati0_.idticket as idticket1_0_0_, cabecerati0_.fecha as fecha2_0_0_, cabecerati0_.idusuario as idusuari3_0_0_ from cabeceraticket cabecerati0_ where cabecerati0_.idticket=? for update
13:56:38.744 [main] DEBUG o.h.l.p.b.i.spaces.QuerySpacesImpl - Adding QuerySpace : uid = <gen:0> -> org.hibernate.loader.plan.build.internal.spaces.EntityQuerySpaceImpl@2e8e8225]
13:56:38.744 [main] DEBUG o.h.p.w.spi.MetamodelGraphWalker - Visiting attribute path : detalletickets
13:56:38.744 [main] DEBUG o.h.p.w.spi.MetamodelGraphWalker - Visiting attribute path : fecha
13:56:38.744 [main] DEBUG o.h.p.w.spi.MetamodelGraphWalker - Visiting attribute path : usuario
13:56:38.744 [main] DEBUG o.h.l.p.b.i.spaces.QuerySpacesImpl - Adding QuerySpace : uid = <gen:1> -> org.hibernate.loader.plan.build.internal.spaces.EntityQuerySpaceImpl@18920cc]
13:56:38.744 [main] DEBUG o.h.l.p.b.i.FetchStyleLoadPlanBuildingAssociationVisitationStrategy - Building LoadPlan...
13:56:38.745 [main] DEBUG o.h.l.p.e.i.LoadQueryJoinAndFetchProcessor - processing queryspace <gen:0>
13:56:38.745 [main] DEBUG o.h.l.p.b.spi.LoadPlanTreePrinter - LoadPlan(entity=com.fabiocompany.supermercadosdeltaplus.model.Cabeceraticket)
    - Returns
       - EntityReturnImpl(entity=com.fabiocompany.supermercadosdeltaplus.model.Cabeceraticket, querySpaceUid=<gen:0>, path=com.fabiocompany.supermercadosdeltaplus.model.Cabeceraticket)
          - EntityAttributeFetchImpl(entity=com.fabiocompany.supermercadosdeltaplus.model.Usuario, querySpaceUid=<gen:1>, path=com.fabiocompany.supermercadosdeltaplus.model.Cabeceraticket.usuario)
    - QuerySpaces
       - EntityQuerySpaceImpl(uid=<gen:0>, entity=com.fabiocompany.supermercadosdeltaplus.model.Cabeceraticket)
          - SQL table alias mapping - cabecerati0_
          - alias suffix - 0_
          - suffixed key columns - {idticket1_0_0_}

13:56:38.745 [main] DEBUG o.h.loader.entity.plan.EntityLoader - Static select for entity com.fabiocompany.supermercadosdeltaplus.model.Cabeceraticket [UPGRADE_NOWAIT]: select cabecerati0_.idticket as idticket1_0_0_, cabecerati0_.fecha as fecha2_0_0_, cabecerati0_.idusuario as idusuari3_0_0_ from cabeceraticket cabecerati0_ where cabecerati0_.idticket=? for update
13:56:38.746 [main] DEBUG o.h.l.p.b.i.spaces.QuerySpacesImpl - Adding QuerySpace : uid = <gen:0> -> org.hibernate.loader.plan.build.internal.spaces.EntityQuerySpaceImpl@2807bdeb]
13:56:38.746 [main] DEBUG o.h.p.w.spi.MetamodelGraphWalker - Visiting attribute path : detalletickets
13:56:38.746 [main] DEBUG o.h.p.w.spi.MetamodelGraphWalker - Visiting attribute path : fecha
13:56:38.746 [main] DEBUG o.h.p.w.spi.MetamodelGraphWalker - Visiting attribute path : usuario
13:56:38.746 [main] DEBUG o.h.l.p.b.i.spaces.QuerySpacesImpl - Adding QuerySpace : uid = <gen:1> -> org.hibernate.loader.plan.build.internal.spaces.EntityQuerySpaceImpl@6492fab5]
13:56:38.746 [main] DEBUG o.h.l.p.b.i.FetchStyleLoadPlanBuildingAssociationVisitationStrategy - Building LoadPlan...
13:56:38.746 [main] DEBUG o.h.l.p.e.i.LoadQueryJoinAndFetchProcessor - processing queryspace <gen:0>
13:56:38.747 [main] DEBUG o.h.l.p.b.spi.LoadPlanTreePrinter - LoadPlan(entity=com.fabiocompany.supermercadosdeltaplus.model.Cabeceraticket)
    - Returns
       - EntityReturnImpl(entity=com.fabiocompany.supermercadosdeltaplus.model.Cabeceraticket, querySpaceUid=<gen:0>, path=com.fabiocompany.supermercadosdeltaplus.model.Cabeceraticket)
          - EntityAttributeFetchImpl(entity=com.fabiocompany.supermercadosdeltaplus.model.Usuario, querySpaceUid=<gen:1>, path=com.fabiocompany.supermercadosdeltaplus.model.Cabeceraticket.usuario)
    - QuerySpaces
       - EntityQuerySpaceImpl(uid=<gen:0>, entity=com.fabiocompany.supermercadosdeltaplus.model.Cabeceraticket)
          - SQL table alias mapping - cabecerati0_
          - alias suffix - 0_
          - suffixed key columns - {idticket1_0_0_}

13:56:38.747 [main] DEBUG o.h.loader.entity.plan.EntityLoader - Static select for entity com.fabiocompany.supermercadosdeltaplus.model.Cabeceraticket [UPGRADE_SKIPLOCKED]: select cabecerati0_.idticket as idticket1_0_0_, cabecerati0_.fecha as fecha2_0_0_, cabecerati0_.idusuario as idusuari3_0_0_ from cabeceraticket cabecerati0_ where cabecerati0_.idticket=? for update
13:56:38.747 [main] DEBUG o.h.l.p.b.i.spaces.QuerySpacesImpl - Adding QuerySpace : uid = <gen:0> -> org.hibernate.loader.plan.build.internal.spaces.EntityQuerySpaceImpl@2c5529ab]
13:56:38.747 [main] DEBUG o.h.p.w.spi.MetamodelGraphWalker - Visiting attribute path : detalletickets
13:56:38.748 [main] DEBUG o.h.p.w.spi.MetamodelGraphWalker - Visiting attribute path : fecha
13:56:38.748 [main] DEBUG o.h.p.w.spi.MetamodelGraphWalker - Visiting attribute path : usuario
13:56:38.748 [main] DEBUG o.h.l.p.b.i.spaces.QuerySpacesImpl - Adding QuerySpace : uid = <gen:1> -> org.hibernate.loader.plan.build.internal.spaces.EntityQuerySpaceImpl@5f6722d3]
13:56:38.748 [main] DEBUG o.h.l.p.b.i.FetchStyleLoadPlanBuildingAssociationVisitationStrategy - Building LoadPlan...
13:56:38.748 [main] DEBUG o.h.l.p.e.i.LoadQueryJoinAndFetchProcessor - processing queryspace <gen:0>
13:56:38.749 [main] DEBUG o.h.l.p.b.spi.LoadPlanTreePrinter - LoadPlan(entity=com.fabiocompany.supermercadosdeltaplus.model.Cabeceraticket)
    - Returns
       - EntityReturnImpl(entity=com.fabiocompany.supermercadosdeltaplus.model.Cabeceraticket, querySpaceUid=<gen:0>, path=com.fabiocompany.supermercadosdeltaplus.model.Cabeceraticket)
          - EntityAttributeFetchImpl(entity=com.fabiocompany.supermercadosdeltaplus.model.Usuario, querySpaceUid=<gen:1>, path=com.fabiocompany.supermercadosdeltaplus.model.Cabeceraticket.usuario)
    - QuerySpaces
       - EntityQuerySpaceImpl(uid=<gen:0>, entity=com.fabiocompany.supermercadosdeltaplus.model.Cabeceraticket)
          - SQL table alias mapping - cabecerati0_
          - alias suffix - 0_
          - suffixed key columns - {idticket1_0_0_}

13:56:38.749 [main] DEBUG o.h.loader.entity.plan.EntityLoader - Static select for entity com.fabiocompany.supermercadosdeltaplus.model.Cabeceraticket [FORCE]: select cabecerati0_.idticket as idticket1_0_0_, cabecerati0_.fecha as fecha2_0_0_, cabecerati0_.idusuario as idusuari3_0_0_ from cabeceraticket cabecerati0_ where cabecerati0_.idticket=? for update
13:56:38.749 [main] DEBUG o.h.l.p.b.i.spaces.QuerySpacesImpl - Adding QuerySpace : uid = <gen:0> -> org.hibernate.loader.plan.build.internal.spaces.EntityQuerySpaceImpl@2c532cd8]
13:56:38.749 [main] DEBUG o.h.p.w.spi.MetamodelGraphWalker - Visiting attribute path : detalletickets
13:56:38.749 [main] DEBUG o.h.p.w.spi.MetamodelGraphWalker - Visiting attribute path : fecha
13:56:38.749 [main] DEBUG o.h.p.w.spi.MetamodelGraphWalker - Visiting attribute path : usuario
13:56:38.750 [main] DEBUG o.h.l.p.b.i.spaces.QuerySpacesImpl - Adding QuerySpace : uid = <gen:1> -> org.hibernate.loader.plan.build.internal.spaces.EntityQuerySpaceImpl@51972dc7]
13:56:38.750 [main] DEBUG o.h.l.p.b.i.FetchStyleLoadPlanBuildingAssociationVisitationStrategy - Building LoadPlan...
13:56:38.750 [main] DEBUG o.h.l.p.e.i.LoadQueryJoinAndFetchProcessor - processing queryspace <gen:0>
13:56:38.750 [main] DEBUG o.h.l.p.b.spi.LoadPlanTreePrinter - LoadPlan(entity=com.fabiocompany.supermercadosdeltaplus.model.Cabeceraticket)
    - Returns
       - EntityReturnImpl(entity=com.fabiocompany.supermercadosdeltaplus.model.Cabeceraticket, querySpaceUid=<gen:0>, path=com.fabiocompany.supermercadosdeltaplus.model.Cabeceraticket)
          - EntityAttributeFetchImpl(entity=com.fabiocompany.supermercadosdeltaplus.model.Usuario, querySpaceUid=<gen:1>, path=com.fabiocompany.supermercadosdeltaplus.model.Cabeceraticket.usuario)
    - QuerySpaces
       - EntityQuerySpaceImpl(uid=<gen:0>, entity=com.fabiocompany.supermercadosdeltaplus.model.Cabeceraticket)
          - SQL table alias mapping - cabecerati0_
          - alias suffix - 0_
          - suffixed key columns - {idticket1_0_0_}

13:56:38.751 [main] DEBUG o.h.loader.entity.plan.EntityLoader - Static select for entity com.fabiocompany.supermercadosdeltaplus.model.Cabeceraticket [PESSIMISTIC_READ]: select cabecerati0_.idticket as idticket1_0_0_, cabecerati0_.fecha as fecha2_0_0_, cabecerati0_.idusuario as idusuari3_0_0_ from cabeceraticket cabecerati0_ where cabecerati0_.idticket=? lock in share mode
13:56:38.751 [main] DEBUG o.h.l.p.b.i.spaces.QuerySpacesImpl - Adding QuerySpace : uid = <gen:0> -> org.hibernate.loader.plan.build.internal.spaces.EntityQuerySpaceImpl@3700ec9c]
13:56:38.751 [main] DEBUG o.h.p.w.spi.MetamodelGraphWalker - Visiting attribute path : detalletickets
13:56:38.751 [main] DEBUG o.h.p.w.spi.MetamodelGraphWalker - Visiting attribute path : fecha
13:56:38.751 [main] DEBUG o.h.p.w.spi.MetamodelGraphWalker - Visiting attribute path : usuario
13:56:38.751 [main] DEBUG o.h.l.p.b.i.spaces.QuerySpacesImpl - Adding QuerySpace : uid = <gen:1> -> org.hibernate.loader.plan.build.internal.spaces.EntityQuerySpaceImpl@5911e990]
13:56:38.751 [main] DEBUG o.h.l.p.b.i.FetchStyleLoadPlanBuildingAssociationVisitationStrategy - Building LoadPlan...
13:56:38.752 [main] DEBUG o.h.l.p.e.i.LoadQueryJoinAndFetchProcessor - processing queryspace <gen:0>
13:56:38.752 [main] DEBUG o.h.l.p.b.spi.LoadPlanTreePrinter - LoadPlan(entity=com.fabiocompany.supermercadosdeltaplus.model.Cabeceraticket)
    - Returns
       - EntityReturnImpl(entity=com.fabiocompany.supermercadosdeltaplus.model.Cabeceraticket, querySpaceUid=<gen:0>, path=com.fabiocompany.supermercadosdeltaplus.model.Cabeceraticket)
          - EntityAttributeFetchImpl(entity=com.fabiocompany.supermercadosdeltaplus.model.Usuario, querySpaceUid=<gen:1>, path=com.fabiocompany.supermercadosdeltaplus.model.Cabeceraticket.usuario)
    - QuerySpaces
       - EntityQuerySpaceImpl(uid=<gen:0>, entity=com.fabiocompany.supermercadosdeltaplus.model.Cabeceraticket)
          - SQL table alias mapping - cabecerati0_
          - alias suffix - 0_
          - suffixed key columns - {idticket1_0_0_}

13:56:38.752 [main] DEBUG o.h.loader.entity.plan.EntityLoader - Static select for entity com.fabiocompany.supermercadosdeltaplus.model.Cabeceraticket [PESSIMISTIC_WRITE]: select cabecerati0_.idticket as idticket1_0_0_, cabecerati0_.fecha as fecha2_0_0_, cabecerati0_.idusuario as idusuari3_0_0_ from cabeceraticket cabecerati0_ where cabecerati0_.idticket=? for update
13:56:38.753 [main] DEBUG o.h.l.p.b.i.spaces.QuerySpacesImpl - Adding QuerySpace : uid = <gen:0> -> org.hibernate.loader.plan.build.internal.spaces.EntityQuerySpaceImpl@31000e60]
13:56:38.753 [main] DEBUG o.h.p.w.spi.MetamodelGraphWalker - Visiting attribute path : detalletickets
13:56:38.753 [main] DEBUG o.h.p.w.spi.MetamodelGraphWalker - Visiting attribute path : fecha
13:56:38.753 [main] DEBUG o.h.p.w.spi.MetamodelGraphWalker - Visiting attribute path : usuario
13:56:38.753 [main] DEBUG o.h.l.p.b.i.spaces.QuerySpacesImpl - Adding QuerySpace : uid = <gen:1> -> org.hibernate.loader.plan.build.internal.spaces.EntityQuerySpaceImpl@24d09c1]
13:56:38.753 [main] DEBUG o.h.l.p.b.i.FetchStyleLoadPlanBuildingAssociationVisitationStrategy - Building LoadPlan...
13:56:38.753 [main] DEBUG o.h.l.p.e.i.LoadQueryJoinAndFetchProcessor - processing queryspace <gen:0>
13:56:38.754 [main] DEBUG o.h.l.p.b.spi.LoadPlanTreePrinter - LoadPlan(entity=com.fabiocompany.supermercadosdeltaplus.model.Cabeceraticket)
    - Returns
       - EntityReturnImpl(entity=com.fabiocompany.supermercadosdeltaplus.model.Cabeceraticket, querySpaceUid=<gen:0>, path=com.fabiocompany.supermercadosdeltaplus.model.Cabeceraticket)
          - EntityAttributeFetchImpl(entity=com.fabiocompany.supermercadosdeltaplus.model.Usuario, querySpaceUid=<gen:1>, path=com.fabiocompany.supermercadosdeltaplus.model.Cabeceraticket.usuario)
    - QuerySpaces
       - EntityQuerySpaceImpl(uid=<gen:0>, entity=com.fabiocompany.supermercadosdeltaplus.model.Cabeceraticket)
          - SQL table alias mapping - cabecerati0_
          - alias suffix - 0_
          - suffixed key columns - {idticket1_0_0_}

13:56:38.754 [main] DEBUG o.h.loader.entity.plan.EntityLoader - Static select for entity com.fabiocompany.supermercadosdeltaplus.model.Cabeceraticket [PESSIMISTIC_FORCE_INCREMENT]: select cabecerati0_.idticket as idticket1_0_0_, cabecerati0_.fecha as fecha2_0_0_, cabecerati0_.idusuario as idusuari3_0_0_ from cabeceraticket cabecerati0_ where cabecerati0_.idticket=? for update
13:56:38.754 [main] DEBUG o.h.l.p.b.i.spaces.QuerySpacesImpl - Adding QuerySpace : uid = <gen:0> -> org.hibernate.loader.plan.build.internal.spaces.EntityQuerySpaceImpl@54c62d71]
13:56:38.754 [main] DEBUG o.h.p.w.spi.MetamodelGraphWalker - Visiting attribute path : detalletickets
13:56:38.754 [main] DEBUG o.h.p.w.spi.MetamodelGraphWalker - Visiting attribute path : fecha
13:56:38.754 [main] DEBUG o.h.p.w.spi.MetamodelGraphWalker - Visiting attribute path : usuario
13:56:38.754 [main] DEBUG o.h.l.p.b.i.spaces.QuerySpacesImpl - Adding QuerySpace : uid = <gen:1> -> org.hibernate.loader.plan.build.internal.spaces.EntityQuerySpaceImpl@47f4e407]
13:56:38.759 [main] DEBUG o.h.l.p.b.i.FetchStyleLoadPlanBuildingAssociationVisitationStrategy - Building LoadPlan...
13:56:38.760 [main] DEBUG o.h.l.p.e.i.LoadQueryJoinAndFetchProcessor - processing queryspace <gen:0>
13:56:38.760 [main] DEBUG o.h.l.p.b.spi.LoadPlanTreePrinter - LoadPlan(entity=com.fabiocompany.supermercadosdeltaplus.model.Cabeceraticket)
    - Returns
       - EntityReturnImpl(entity=com.fabiocompany.supermercadosdeltaplus.model.Cabeceraticket, querySpaceUid=<gen:0>, path=com.fabiocompany.supermercadosdeltaplus.model.Cabeceraticket)
          - EntityAttributeFetchImpl(entity=com.fabiocompany.supermercadosdeltaplus.model.Usuario, querySpaceUid=<gen:1>, path=com.fabiocompany.supermercadosdeltaplus.model.Cabeceraticket.usuario)
    - QuerySpaces
       - EntityQuerySpaceImpl(uid=<gen:0>, entity=com.fabiocompany.supermercadosdeltaplus.model.Cabeceraticket)
          - SQL table alias mapping - cabecerati0_
          - alias suffix - 0_
          - suffixed key columns - {idticket1_0_0_}

13:56:38.761 [main] DEBUG o.h.loader.entity.plan.EntityLoader - Static select for entity com.fabiocompany.supermercadosdeltaplus.model.Cabeceraticket [OPTIMISTIC]: select cabecerati0_.idticket as idticket1_0_0_, cabecerati0_.fecha as fecha2_0_0_, cabecerati0_.idusuario as idusuari3_0_0_ from cabeceraticket cabecerati0_ where cabecerati0_.idticket=?
13:56:38.761 [main] DEBUG o.h.l.p.b.i.spaces.QuerySpacesImpl - Adding QuerySpace : uid = <gen:0> -> org.hibernate.loader.plan.build.internal.spaces.EntityQuerySpaceImpl@2d1dee39]
13:56:38.761 [main] DEBUG o.h.p.w.spi.MetamodelGraphWalker - Visiting attribute path : detalletickets
13:56:38.761 [main] DEBUG o.h.p.w.spi.MetamodelGraphWalker - Visiting attribute path : fecha
13:56:38.761 [main] DEBUG o.h.p.w.spi.MetamodelGraphWalker - Visiting attribute path : usuario
13:56:38.761 [main] DEBUG o.h.l.p.b.i.spaces.QuerySpacesImpl - Adding QuerySpace : uid = <gen:1> -> org.hibernate.loader.plan.build.internal.spaces.EntityQuerySpaceImpl@fc258b1]
13:56:38.762 [main] DEBUG o.h.l.p.b.i.FetchStyleLoadPlanBuildingAssociationVisitationStrategy - Building LoadPlan...
13:56:38.762 [main] DEBUG o.h.l.p.e.i.LoadQueryJoinAndFetchProcessor - processing queryspace <gen:0>
13:56:38.762 [main] DEBUG o.h.l.p.b.spi.LoadPlanTreePrinter - LoadPlan(entity=com.fabiocompany.supermercadosdeltaplus.model.Cabeceraticket)
    - Returns
       - EntityReturnImpl(entity=com.fabiocompany.supermercadosdeltaplus.model.Cabeceraticket, querySpaceUid=<gen:0>, path=com.fabiocompany.supermercadosdeltaplus.model.Cabeceraticket)
          - EntityAttributeFetchImpl(entity=com.fabiocompany.supermercadosdeltaplus.model.Usuario, querySpaceUid=<gen:1>, path=com.fabiocompany.supermercadosdeltaplus.model.Cabeceraticket.usuario)
    - QuerySpaces
       - EntityQuerySpaceImpl(uid=<gen:0>, entity=com.fabiocompany.supermercadosdeltaplus.model.Cabeceraticket)
          - SQL table alias mapping - cabecerati0_
          - alias suffix - 0_
          - suffixed key columns - {idticket1_0_0_}

13:56:38.763 [main] DEBUG o.h.loader.entity.plan.EntityLoader - Static select for entity com.fabiocompany.supermercadosdeltaplus.model.Cabeceraticket [OPTIMISTIC_FORCE_INCREMENT]: select cabecerati0_.idticket as idticket1_0_0_, cabecerati0_.fecha as fecha2_0_0_, cabecerati0_.idusuario as idusuari3_0_0_ from cabeceraticket cabecerati0_ where cabecerati0_.idticket=?
13:56:38.783 [main] DEBUG org.hibernate.loader.Loader - Static select for action ACTION_MERGE on entity com.fabiocompany.supermercadosdeltaplus.model.Cabeceraticket: select cabecerati0_.idticket as idticket1_0_1_, cabecerati0_.fecha as fecha2_0_1_, cabecerati0_.idusuario as idusuari3_0_1_, detalletic1_.idticket as idticket7_0_3_, detalletic1_.iddetalleticket as iddetall1_2_3_, detalletic1_.iddetalleticket as iddetall1_2_0_, detalletic1_.idticket as idticket7_2_0_, detalletic1_.cantidad as cantidad2_2_0_, detalletic1_.cantidadporproducto as cantidad3_2_0_, detalletic1_.montodepago as montodep4_2_0_, detalletic1_.subtotal as subtotal5_2_0_, detalletic1_.idtipodepago as idtipode8_2_0_, detalletic1_.total as total6_2_0_ from cabeceraticket cabecerati0_ left outer join detalleticket detalletic1_ on cabecerati0_.idticket=detalletic1_.idticket where cabecerati0_.idticket=?
13:56:38.784 [main] DEBUG org.hibernate.loader.Loader - Static select for action ACTION_REFRESH on entity com.fabiocompany.supermercadosdeltaplus.model.Cabeceraticket: select cabecerati0_.idticket as idticket1_0_1_, cabecerati0_.fecha as fecha2_0_1_, cabecerati0_.idusuario as idusuari3_0_1_, detalletic1_.idticket as idticket7_0_3_, detalletic1_.iddetalleticket as iddetall1_2_3_, detalletic1_.iddetalleticket as iddetall1_2_0_, detalletic1_.idticket as idticket7_2_0_, detalletic1_.cantidad as cantidad2_2_0_, detalletic1_.cantidadporproducto as cantidad3_2_0_, detalletic1_.montodepago as montodep4_2_0_, detalletic1_.subtotal as subtotal5_2_0_, detalletic1_.idtipodepago as idtipode8_2_0_, detalletic1_.total as total6_2_0_ from cabeceraticket cabecerati0_ left outer join detalleticket detalletic1_ on cabecerati0_.idticket=detalletic1_.idticket where cabecerati0_.idticket=?
13:56:38.784 [main] DEBUG o.h.p.entity.AbstractEntityPersister - Static SQL for entity: com.fabiocompany.supermercadosdeltaplus.model.Tarjeta
13:56:38.784 [main] DEBUG o.h.p.entity.AbstractEntityPersister -  Version select: select idtarjeta from tarjeta where idtarjeta =?
13:56:38.784 [main] DEBUG o.h.p.entity.AbstractEntityPersister -  Snapshot select: select tarjeta_.idtarjeta, tarjeta_.nombretarjeta as nombreta2_5_, tarjeta_.numtarjeta as numtarje3_5_, tarjeta_.idtipodepago as idtipode4_5_ from tarjeta tarjeta_ where tarjeta_.idtarjeta=?
13:56:38.784 [main] DEBUG o.h.p.entity.AbstractEntityPersister -  Insert 0: insert into tarjeta (nombretarjeta, numtarjeta, idtipodepago, idtarjeta) values (?, ?, ?, ?)
13:56:38.784 [main] DEBUG o.h.p.entity.AbstractEntityPersister -  Update 0: update tarjeta set nombretarjeta=?, numtarjeta=?, idtipodepago=? where idtarjeta=?
13:56:38.784 [main] DEBUG o.h.p.entity.AbstractEntityPersister -  Delete 0: delete from tarjeta where idtarjeta=?
13:56:38.784 [main] DEBUG o.h.p.entity.AbstractEntityPersister -  Identity insert: insert into tarjeta (nombretarjeta, numtarjeta, idtipodepago) values (?, ?, ?)
13:56:38.784 [main] DEBUG o.h.l.p.b.i.spaces.QuerySpacesImpl - Adding QuerySpace : uid = <gen:0> -> org.hibernate.loader.plan.build.internal.spaces.EntityQuerySpaceImpl@44040454]
13:56:38.785 [main] DEBUG o.h.p.w.spi.MetamodelGraphWalker - Visiting attribute path : nombretarjeta
13:56:38.785 [main] DEBUG o.h.p.w.spi.MetamodelGraphWalker - Visiting attribute path : numtarjeta
13:56:38.785 [main] DEBUG o.h.p.w.spi.MetamodelGraphWalker - Visiting attribute path : tipodepago
13:56:38.785 [main] DEBUG o.h.l.p.b.i.spaces.QuerySpacesImpl - Adding QuerySpace : uid = <gen:1> -> org.hibernate.loader.plan.build.internal.spaces.EntityQuerySpaceImpl@18bc345]
13:56:38.785 [main] DEBUG o.h.p.w.spi.MetamodelGraphWalker - Visiting attribute path : tipodepago.descripciontipodepago
13:56:38.785 [main] DEBUG o.h.p.w.spi.MetamodelGraphWalker - Visiting attribute path : tipodepago.detalletickets
13:56:38.785 [main] DEBUG o.h.p.w.spi.MetamodelGraphWalker - Visiting attribute path : tipodepago.tarjetas
13:56:38.785 [main] DEBUG o.h.p.w.spi.MetamodelGraphWalker - Property path deemed to be circular : tipodepago.tarjetas
13:56:38.785 [main] DEBUG o.h.l.p.b.i.FetchStyleLoadPlanBuildingAssociationVisitationStrategy - Building LoadPlan...
13:56:38.786 [main] DEBUG o.h.l.p.e.i.LoadQueryJoinAndFetchProcessor - processing queryspace <gen:0>
13:56:38.786 [main] DEBUG o.h.l.p.b.spi.LoadPlanTreePrinter - LoadPlan(entity=com.fabiocompany.supermercadosdeltaplus.model.Tarjeta)
    - Returns
       - EntityReturnImpl(entity=com.fabiocompany.supermercadosdeltaplus.model.Tarjeta, querySpaceUid=<gen:0>, path=com.fabiocompany.supermercadosdeltaplus.model.Tarjeta)
          - EntityAttributeFetchImpl(entity=com.fabiocompany.supermercadosdeltaplus.model.Tipodepago, querySpaceUid=<gen:1>, path=com.fabiocompany.supermercadosdeltaplus.model.Tarjeta.tipodepago)
    - QuerySpaces
       - EntityQuerySpaceImpl(uid=<gen:0>, entity=com.fabiocompany.supermercadosdeltaplus.model.Tarjeta)
          - SQL table alias mapping - tarjeta0_
          - alias suffix - 0_
          - suffixed key columns - {idtarjet1_5_0_}
          - JOIN (JoinDefinedByMetadata(tipodepago)) : <gen:0> -> <gen:1>
             - EntityQuerySpaceImpl(uid=<gen:1>, entity=com.fabiocompany.supermercadosdeltaplus.model.Tipodepago)
                - SQL table alias mapping - tipodepago1_
                - alias suffix - 1_
                - suffixed key columns - {idtipode1_8_1_}

13:56:38.786 [main] DEBUG o.h.loader.entity.plan.EntityLoader - Static select for entity com.fabiocompany.supermercadosdeltaplus.model.Tarjeta [NONE]: select tarjeta0_.idtarjeta as idtarjet1_5_0_, tarjeta0_.nombretarjeta as nombreta2_5_0_, tarjeta0_.numtarjeta as numtarje3_5_0_, tarjeta0_.idtipodepago as idtipode4_5_0_, tipodepago1_.idtipodepago as idtipode1_8_1_, tipodepago1_.descripciontipodepago as descripc2_8_1_ from tarjeta tarjeta0_ left outer join tipodepago tipodepago1_ on tarjeta0_.idtipodepago=tipodepago1_.idtipodepago where tarjeta0_.idtarjeta=?
13:56:38.787 [main] DEBUG o.h.l.p.b.i.spaces.QuerySpacesImpl - Adding QuerySpace : uid = <gen:0> -> org.hibernate.loader.plan.build.internal.spaces.EntityQuerySpaceImpl@26bab2f1]
13:56:38.787 [main] DEBUG o.h.p.w.spi.MetamodelGraphWalker - Visiting attribute path : nombretarjeta
13:56:38.787 [main] DEBUG o.h.p.w.spi.MetamodelGraphWalker - Visiting attribute path : numtarjeta
13:56:38.787 [main] DEBUG o.h.p.w.spi.MetamodelGraphWalker - Visiting attribute path : tipodepago
13:56:38.787 [main] DEBUG o.h.l.p.b.i.spaces.QuerySpacesImpl - Adding QuerySpace : uid = <gen:1> -> org.hibernate.loader.plan.build.internal.spaces.EntityQuerySpaceImpl@68ead359]
13:56:38.787 [main] DEBUG o.h.p.w.spi.MetamodelGraphWalker - Visiting attribute path : tipodepago.descripciontipodepago
13:56:38.787 [main] DEBUG o.h.p.w.spi.MetamodelGraphWalker - Visiting attribute path : tipodepago.detalletickets
13:56:38.787 [main] DEBUG o.h.p.w.spi.MetamodelGraphWalker - Visiting attribute path : tipodepago.tarjetas
13:56:38.787 [main] DEBUG o.h.p.w.spi.MetamodelGraphWalker - Property path deemed to be circular : tipodepago.tarjetas
13:56:38.787 [main] DEBUG o.h.l.p.b.i.FetchStyleLoadPlanBuildingAssociationVisitationStrategy - Building LoadPlan...
13:56:38.788 [main] DEBUG o.h.l.p.e.i.LoadQueryJoinAndFetchProcessor - processing queryspace <gen:0>
13:56:38.788 [main] DEBUG o.h.l.p.b.spi.LoadPlanTreePrinter - LoadPlan(entity=com.fabiocompany.supermercadosdeltaplus.model.Tarjeta)
    - Returns
       - EntityReturnImpl(entity=com.fabiocompany.supermercadosdeltaplus.model.Tarjeta, querySpaceUid=<gen:0>, path=com.fabiocompany.supermercadosdeltaplus.model.Tarjeta)
          - EntityAttributeFetchImpl(entity=com.fabiocompany.supermercadosdeltaplus.model.Tipodepago, querySpaceUid=<gen:1>, path=com.fabiocompany.supermercadosdeltaplus.model.Tarjeta.tipodepago)
    - QuerySpaces
       - EntityQuerySpaceImpl(uid=<gen:0>, entity=com.fabiocompany.supermercadosdeltaplus.model.Tarjeta)
          - SQL table alias mapping - tarjeta0_
          - alias suffix - 0_
          - suffixed key columns - {idtarjet1_5_0_}
          - JOIN (JoinDefinedByMetadata(tipodepago)) : <gen:0> -> <gen:1>
             - EntityQuerySpaceImpl(uid=<gen:1>, entity=com.fabiocompany.supermercadosdeltaplus.model.Tipodepago)
                - SQL table alias mapping - tipodepago1_
                - alias suffix - 1_
                - suffixed key columns - {idtipode1_8_1_}

13:56:38.788 [main] DEBUG o.h.loader.entity.plan.EntityLoader - Static select for entity com.fabiocompany.supermercadosdeltaplus.model.Tarjeta [READ]: select tarjeta0_.idtarjeta as idtarjet1_5_0_, tarjeta0_.nombretarjeta as nombreta2_5_0_, tarjeta0_.numtarjeta as numtarje3_5_0_, tarjeta0_.idtipodepago as idtipode4_5_0_, tipodepago1_.idtipodepago as idtipode1_8_1_, tipodepago1_.descripciontipodepago as descripc2_8_1_ from tarjeta tarjeta0_ left outer join tipodepago tipodepago1_ on tarjeta0_.idtipodepago=tipodepago1_.idtipodepago where tarjeta0_.idtarjeta=?
13:56:38.789 [main] DEBUG o.h.l.p.b.i.spaces.QuerySpacesImpl - Adding QuerySpace : uid = <gen:0> -> org.hibernate.loader.plan.build.internal.spaces.EntityQuerySpaceImpl@180da663]
13:56:38.789 [main] DEBUG o.h.p.w.spi.MetamodelGraphWalker - Visiting attribute path : nombretarjeta
13:56:38.789 [main] DEBUG o.h.p.w.spi.MetamodelGraphWalker - Visiting attribute path : numtarjeta
13:56:38.789 [main] DEBUG o.h.p.w.spi.MetamodelGraphWalker - Visiting attribute path : tipodepago
13:56:38.789 [main] DEBUG o.h.l.p.b.i.spaces.QuerySpacesImpl - Adding QuerySpace : uid = <gen:1> -> org.hibernate.loader.plan.build.internal.spaces.EntityQuerySpaceImpl@340da44c]
13:56:38.789 [main] DEBUG o.h.l.p.b.i.FetchStyleLoadPlanBuildingAssociationVisitationStrategy - Building LoadPlan...
13:56:38.789 [main] DEBUG o.h.l.p.e.i.LoadQueryJoinAndFetchProcessor - processing queryspace <gen:0>
13:56:38.790 [main] DEBUG o.h.l.p.b.spi.LoadPlanTreePrinter - LoadPlan(entity=com.fabiocompany.supermercadosdeltaplus.model.Tarjeta)
    - Returns
       - EntityReturnImpl(entity=com.fabiocompany.supermercadosdeltaplus.model.Tarjeta, querySpaceUid=<gen:0>, path=com.fabiocompany.supermercadosdeltaplus.model.Tarjeta)
          - EntityAttributeFetchImpl(entity=com.fabiocompany.supermercadosdeltaplus.model.Tipodepago, querySpaceUid=<gen:1>, path=com.fabiocompany.supermercadosdeltaplus.model.Tarjeta.tipodepago)
    - QuerySpaces
       - EntityQuerySpaceImpl(uid=<gen:0>, entity=com.fabiocompany.supermercadosdeltaplus.model.Tarjeta)
          - SQL table alias mapping - tarjeta0_
          - alias suffix - 0_
          - suffixed key columns - {idtarjet1_5_0_}

13:56:38.790 [main] DEBUG o.h.loader.entity.plan.EntityLoader - Static select for entity com.fabiocompany.supermercadosdeltaplus.model.Tarjeta [UPGRADE]: select tarjeta0_.idtarjeta as idtarjet1_5_0_, tarjeta0_.nombretarjeta as nombreta2_5_0_, tarjeta0_.numtarjeta as numtarje3_5_0_, tarjeta0_.idtipodepago as idtipode4_5_0_ from tarjeta tarjeta0_ where tarjeta0_.idtarjeta=? for update
13:56:38.790 [main] DEBUG o.h.l.p.b.i.spaces.QuerySpacesImpl - Adding QuerySpace : uid = <gen:0> -> org.hibernate.loader.plan.build.internal.spaces.EntityQuerySpaceImpl@424ebba3]
13:56:38.790 [main] DEBUG o.h.p.w.spi.MetamodelGraphWalker - Visiting attribute path : nombretarjeta
13:56:38.790 [main] DEBUG o.h.p.w.spi.MetamodelGraphWalker - Visiting attribute path : numtarjeta
13:56:38.790 [main] DEBUG o.h.p.w.spi.MetamodelGraphWalker - Visiting attribute path : tipodepago
13:56:38.790 [main] DEBUG o.h.l.p.b.i.spaces.QuerySpacesImpl - Adding QuerySpace : uid = <gen:1> -> org.hibernate.loader.plan.build.internal.spaces.EntityQuerySpaceImpl@2320fa6f]
13:56:38.790 [main] DEBUG o.h.l.p.b.i.FetchStyleLoadPlanBuildingAssociationVisitationStrategy - Building LoadPlan...
13:56:38.790 [main] DEBUG o.h.l.p.e.i.LoadQueryJoinAndFetchProcessor - processing queryspace <gen:0>
13:56:38.791 [main] DEBUG o.h.l.p.b.spi.LoadPlanTreePrinter - LoadPlan(entity=com.fabiocompany.supermercadosdeltaplus.model.Tarjeta)
    - Returns
       - EntityReturnImpl(entity=com.fabiocompany.supermercadosdeltaplus.model.Tarjeta, querySpaceUid=<gen:0>, path=com.fabiocompany.supermercadosdeltaplus.model.Tarjeta)
          - EntityAttributeFetchImpl(entity=com.fabiocompany.supermercadosdeltaplus.model.Tipodepago, querySpaceUid=<gen:1>, path=com.fabiocompany.supermercadosdeltaplus.model.Tarjeta.tipodepago)
    - QuerySpaces
       - EntityQuerySpaceImpl(uid=<gen:0>, entity=com.fabiocompany.supermercadosdeltaplus.model.Tarjeta)
          - SQL table alias mapping - tarjeta0_
          - alias suffix - 0_
          - suffixed key columns - {idtarjet1_5_0_}

13:56:38.791 [main] DEBUG o.h.loader.entity.plan.EntityLoader - Static select for entity com.fabiocompany.supermercadosdeltaplus.model.Tarjeta [UPGRADE_NOWAIT]: select tarjeta0_.idtarjeta as idtarjet1_5_0_, tarjeta0_.nombretarjeta as nombreta2_5_0_, tarjeta0_.numtarjeta as numtarje3_5_0_, tarjeta0_.idtipodepago as idtipode4_5_0_ from tarjeta tarjeta0_ where tarjeta0_.idtarjeta=? for update
13:56:38.791 [main] DEBUG o.h.l.p.b.i.spaces.QuerySpacesImpl - Adding QuerySpace : uid = <gen:0> -> org.hibernate.loader.plan.build.internal.spaces.EntityQuerySpaceImpl@7a560583]
13:56:38.791 [main] DEBUG o.h.p.w.spi.MetamodelGraphWalker - Visiting attribute path : nombretarjeta
13:56:38.791 [main] DEBUG o.h.p.w.spi.MetamodelGraphWalker - Visiting attribute path : numtarjeta
13:56:38.791 [main] DEBUG o.h.p.w.spi.MetamodelGraphWalker - Visiting attribute path : tipodepago
13:56:38.792 [main] DEBUG o.h.l.p.b.i.spaces.QuerySpacesImpl - Adding QuerySpace : uid = <gen:1> -> org.hibernate.loader.plan.build.internal.spaces.EntityQuerySpaceImpl@53f0a4cb]
13:56:38.792 [main] DEBUG o.h.l.p.b.i.FetchStyleLoadPlanBuildingAssociationVisitationStrategy - Building LoadPlan...
13:56:38.792 [main] DEBUG o.h.l.p.e.i.LoadQueryJoinAndFetchProcessor - processing queryspace <gen:0>
13:56:38.792 [main] DEBUG o.h.l.p.b.spi.LoadPlanTreePrinter - LoadPlan(entity=com.fabiocompany.supermercadosdeltaplus.model.Tarjeta)
    - Returns
       - EntityReturnImpl(entity=com.fabiocompany.supermercadosdeltaplus.model.Tarjeta, querySpaceUid=<gen:0>, path=com.fabiocompany.supermercadosdeltaplus.model.Tarjeta)
          - EntityAttributeFetchImpl(entity=com.fabiocompany.supermercadosdeltaplus.model.Tipodepago, querySpaceUid=<gen:1>, path=com.fabiocompany.supermercadosdeltaplus.model.Tarjeta.tipodepago)
    - QuerySpaces
       - EntityQuerySpaceImpl(uid=<gen:0>, entity=com.fabiocompany.supermercadosdeltaplus.model.Tarjeta)
          - SQL table alias mapping - tarjeta0_
          - alias suffix - 0_
          - suffixed key columns - {idtarjet1_5_0_}

13:56:38.793 [main] DEBUG o.h.loader.entity.plan.EntityLoader - Static select for entity com.fabiocompany.supermercadosdeltaplus.model.Tarjeta [UPGRADE_SKIPLOCKED]: select tarjeta0_.idtarjeta as idtarjet1_5_0_, tarjeta0_.nombretarjeta as nombreta2_5_0_, tarjeta0_.numtarjeta as numtarje3_5_0_, tarjeta0_.idtipodepago as idtipode4_5_0_ from tarjeta tarjeta0_ where tarjeta0_.idtarjeta=? for update
13:56:38.793 [main] DEBUG o.h.l.p.b.i.spaces.QuerySpacesImpl - Adding QuerySpace : uid = <gen:0> -> org.hibernate.loader.plan.build.internal.spaces.EntityQuerySpaceImpl@77a7cf58]
13:56:38.793 [main] DEBUG o.h.p.w.spi.MetamodelGraphWalker - Visiting attribute path : nombretarjeta
13:56:38.793 [main] DEBUG o.h.p.w.spi.MetamodelGraphWalker - Visiting attribute path : numtarjeta
13:56:38.793 [main] DEBUG o.h.p.w.spi.MetamodelGraphWalker - Visiting attribute path : tipodepago
13:56:38.793 [main] DEBUG o.h.l.p.b.i.spaces.QuerySpacesImpl - Adding QuerySpace : uid = <gen:1> -> org.hibernate.loader.plan.build.internal.spaces.EntityQuerySpaceImpl@616fe72b]
13:56:38.793 [main] DEBUG o.h.l.p.b.i.FetchStyleLoadPlanBuildingAssociationVisitationStrategy - Building LoadPlan...
13:56:38.793 [main] DEBUG o.h.l.p.e.i.LoadQueryJoinAndFetchProcessor - processing queryspace <gen:0>
13:56:38.794 [main] DEBUG o.h.l.p.b.spi.LoadPlanTreePrinter - LoadPlan(entity=com.fabiocompany.supermercadosdeltaplus.model.Tarjeta)
    - Returns
       - EntityReturnImpl(entity=com.fabiocompany.supermercadosdeltaplus.model.Tarjeta, querySpaceUid=<gen:0>, path=com.fabiocompany.supermercadosdeltaplus.model.Tarjeta)
          - EntityAttributeFetchImpl(entity=com.fabiocompany.supermercadosdeltaplus.model.Tipodepago, querySpaceUid=<gen:1>, path=com.fabiocompany.supermercadosdeltaplus.model.Tarjeta.tipodepago)
    - QuerySpaces
       - EntityQuerySpaceImpl(uid=<gen:0>, entity=com.fabiocompany.supermercadosdeltaplus.model.Tarjeta)
          - SQL table alias mapping - tarjeta0_
          - alias suffix - 0_
          - suffixed key columns - {idtarjet1_5_0_}

13:56:38.794 [main] DEBUG o.h.loader.entity.plan.EntityLoader - Static select for entity com.fabiocompany.supermercadosdeltaplus.model.Tarjeta [FORCE]: select tarjeta0_.idtarjeta as idtarjet1_5_0_, tarjeta0_.nombretarjeta as nombreta2_5_0_, tarjeta0_.numtarjeta as numtarje3_5_0_, tarjeta0_.idtipodepago as idtipode4_5_0_ from tarjeta tarjeta0_ where tarjeta0_.idtarjeta=? for update
13:56:38.794 [main] DEBUG o.h.l.p.b.i.spaces.QuerySpacesImpl - Adding QuerySpace : uid = <gen:0> -> org.hibernate.loader.plan.build.internal.spaces.EntityQuerySpaceImpl@37efd131]
13:56:38.794 [main] DEBUG o.h.p.w.spi.MetamodelGraphWalker - Visiting attribute path : nombretarjeta
13:56:38.794 [main] DEBUG o.h.p.w.spi.MetamodelGraphWalker - Visiting attribute path : numtarjeta
13:56:38.794 [main] DEBUG o.h.p.w.spi.MetamodelGraphWalker - Visiting attribute path : tipodepago
13:56:38.795 [main] DEBUG o.h.l.p.b.i.spaces.QuerySpacesImpl - Adding QuerySpace : uid = <gen:1> -> org.hibernate.loader.plan.build.internal.spaces.EntityQuerySpaceImpl@7e5d9a50]
13:56:38.795 [main] DEBUG o.h.l.p.b.i.FetchStyleLoadPlanBuildingAssociationVisitationStrategy - Building LoadPlan...
13:56:38.795 [main] DEBUG o.h.l.p.e.i.LoadQueryJoinAndFetchProcessor - processing queryspace <gen:0>
13:56:38.795 [main] DEBUG o.h.l.p.b.spi.LoadPlanTreePrinter - LoadPlan(entity=com.fabiocompany.supermercadosdeltaplus.model.Tarjeta)
    - Returns
       - EntityReturnImpl(entity=com.fabiocompany.supermercadosdeltaplus.model.Tarjeta, querySpaceUid=<gen:0>, path=com.fabiocompany.supermercadosdeltaplus.model.Tarjeta)
          - EntityAttributeFetchImpl(entity=com.fabiocompany.supermercadosdeltaplus.model.Tipodepago, querySpaceUid=<gen:1>, path=com.fabiocompany.supermercadosdeltaplus.model.Tarjeta.tipodepago)
    - QuerySpaces
       - EntityQuerySpaceImpl(uid=<gen:0>, entity=com.fabiocompany.supermercadosdeltaplus.model.Tarjeta)
          - SQL table alias mapping - tarjeta0_
          - alias suffix - 0_
          - suffixed key columns - {idtarjet1_5_0_}

13:56:38.796 [main] DEBUG o.h.loader.entity.plan.EntityLoader - Static select for entity com.fabiocompany.supermercadosdeltaplus.model.Tarjeta [PESSIMISTIC_READ]: select tarjeta0_.idtarjeta as idtarjet1_5_0_, tarjeta0_.nombretarjeta as nombreta2_5_0_, tarjeta0_.numtarjeta as numtarje3_5_0_, tarjeta0_.idtipodepago as idtipode4_5_0_ from tarjeta tarjeta0_ where tarjeta0_.idtarjeta=? lock in share mode
13:56:38.796 [main] DEBUG o.h.l.p.b.i.spaces.QuerySpacesImpl - Adding QuerySpace : uid = <gen:0> -> org.hibernate.loader.plan.build.internal.spaces.EntityQuerySpaceImpl@60957c0f]
13:56:38.796 [main] DEBUG o.h.p.w.spi.MetamodelGraphWalker - Visiting attribute path : nombretarjeta
13:56:38.796 [main] DEBUG o.h.p.w.spi.MetamodelGraphWalker - Visiting attribute path : numtarjeta
13:56:38.796 [main] DEBUG o.h.p.w.spi.MetamodelGraphWalker - Visiting attribute path : tipodepago
13:56:38.796 [main] DEBUG o.h.l.p.b.i.spaces.QuerySpacesImpl - Adding QuerySpace : uid = <gen:1> -> org.hibernate.loader.plan.build.internal.spaces.EntityQuerySpaceImpl@fcb4004]
13:56:38.796 [main] DEBUG o.h.l.p.b.i.FetchStyleLoadPlanBuildingAssociationVisitationStrategy - Building LoadPlan...
13:56:38.796 [main] DEBUG o.h.l.p.e.i.LoadQueryJoinAndFetchProcessor - processing queryspace <gen:0>
13:56:38.797 [main] DEBUG o.h.l.p.b.spi.LoadPlanTreePrinter - LoadPlan(entity=com.fabiocompany.supermercadosdeltaplus.model.Tarjeta)
    - Returns
       - EntityReturnImpl(entity=com.fabiocompany.supermercadosdeltaplus.model.Tarjeta, querySpaceUid=<gen:0>, path=com.fabiocompany.supermercadosdeltaplus.model.Tarjeta)
          - EntityAttributeFetchImpl(entity=com.fabiocompany.supermercadosdeltaplus.model.Tipodepago, querySpaceUid=<gen:1>, path=com.fabiocompany.supermercadosdeltaplus.model.Tarjeta.tipodepago)
    - QuerySpaces
       - EntityQuerySpaceImpl(uid=<gen:0>, entity=com.fabiocompany.supermercadosdeltaplus.model.Tarjeta)
          - SQL table alias mapping - tarjeta0_
          - alias suffix - 0_
          - suffixed key columns - {idtarjet1_5_0_}

13:56:38.797 [main] DEBUG o.h.loader.entity.plan.EntityLoader - Static select for entity com.fabiocompany.supermercadosdeltaplus.model.Tarjeta [PESSIMISTIC_WRITE]: select tarjeta0_.idtarjeta as idtarjet1_5_0_, tarjeta0_.nombretarjeta as nombreta2_5_0_, tarjeta0_.numtarjeta as numtarje3_5_0_, tarjeta0_.idtipodepago as idtipode4_5_0_ from tarjeta tarjeta0_ where tarjeta0_.idtarjeta=? for update
13:56:38.797 [main] DEBUG o.h.l.p.b.i.spaces.QuerySpacesImpl - Adding QuerySpace : uid = <gen:0> -> org.hibernate.loader.plan.build.internal.spaces.EntityQuerySpaceImpl@1dd6d4b7]
13:56:38.797 [main] DEBUG o.h.p.w.spi.MetamodelGraphWalker - Visiting attribute path : nombretarjeta
13:56:38.797 [main] DEBUG o.h.p.w.spi.MetamodelGraphWalker - Visiting attribute path : numtarjeta
13:56:38.797 [main] DEBUG o.h.p.w.spi.MetamodelGraphWalker - Visiting attribute path : tipodepago
13:56:38.798 [main] DEBUG o.h.l.p.b.i.spaces.QuerySpacesImpl - Adding QuerySpace : uid = <gen:1> -> org.hibernate.loader.plan.build.internal.spaces.EntityQuerySpaceImpl@2dd29a59]
13:56:38.798 [main] DEBUG o.h.l.p.b.i.FetchStyleLoadPlanBuildingAssociationVisitationStrategy - Building LoadPlan...
13:56:38.798 [main] DEBUG o.h.l.p.e.i.LoadQueryJoinAndFetchProcessor - processing queryspace <gen:0>
13:56:38.798 [main] DEBUG o.h.l.p.b.spi.LoadPlanTreePrinter - LoadPlan(entity=com.fabiocompany.supermercadosdeltaplus.model.Tarjeta)
    - Returns
       - EntityReturnImpl(entity=com.fabiocompany.supermercadosdeltaplus.model.Tarjeta, querySpaceUid=<gen:0>, path=com.fabiocompany.supermercadosdeltaplus.model.Tarjeta)
          - EntityAttributeFetchImpl(entity=com.fabiocompany.supermercadosdeltaplus.model.Tipodepago, querySpaceUid=<gen:1>, path=com.fabiocompany.supermercadosdeltaplus.model.Tarjeta.tipodepago)
    - QuerySpaces
       - EntityQuerySpaceImpl(uid=<gen:0>, entity=com.fabiocompany.supermercadosdeltaplus.model.Tarjeta)
          - SQL table alias mapping - tarjeta0_
          - alias suffix - 0_
          - suffixed key columns - {idtarjet1_5_0_}

13:56:38.799 [main] DEBUG o.h.loader.entity.plan.EntityLoader - Static select for entity com.fabiocompany.supermercadosdeltaplus.model.Tarjeta [PESSIMISTIC_FORCE_INCREMENT]: select tarjeta0_.idtarjeta as idtarjet1_5_0_, tarjeta0_.nombretarjeta as nombreta2_5_0_, tarjeta0_.numtarjeta as numtarje3_5_0_, tarjeta0_.idtipodepago as idtipode4_5_0_ from tarjeta tarjeta0_ where tarjeta0_.idtarjeta=? for update
13:56:38.799 [main] DEBUG o.h.l.p.b.i.spaces.QuerySpacesImpl - Adding QuerySpace : uid = <gen:0> -> org.hibernate.loader.plan.build.internal.spaces.EntityQuerySpaceImpl@784c3487]
13:56:38.799 [main] DEBUG o.h.p.w.spi.MetamodelGraphWalker - Visiting attribute path : nombretarjeta
13:56:38.799 [main] DEBUG o.h.p.w.spi.MetamodelGraphWalker - Visiting attribute path : numtarjeta
13:56:38.799 [main] DEBUG o.h.p.w.spi.MetamodelGraphWalker - Visiting attribute path : tipodepago
13:56:38.799 [main] DEBUG o.h.l.p.b.i.spaces.QuerySpacesImpl - Adding QuerySpace : uid = <gen:1> -> org.hibernate.loader.plan.build.internal.spaces.EntityQuerySpaceImpl@40dff0b7]
13:56:38.799 [main] DEBUG o.h.l.p.b.i.FetchStyleLoadPlanBuildingAssociationVisitationStrategy - Building LoadPlan...
13:56:38.799 [main] DEBUG o.h.l.p.e.i.LoadQueryJoinAndFetchProcessor - processing queryspace <gen:0>
13:56:38.800 [main] DEBUG o.h.l.p.b.spi.LoadPlanTreePrinter - LoadPlan(entity=com.fabiocompany.supermercadosdeltaplus.model.Tarjeta)
    - Returns
       - EntityReturnImpl(entity=com.fabiocompany.supermercadosdeltaplus.model.Tarjeta, querySpaceUid=<gen:0>, path=com.fabiocompany.supermercadosdeltaplus.model.Tarjeta)
          - EntityAttributeFetchImpl(entity=com.fabiocompany.supermercadosdeltaplus.model.Tipodepago, querySpaceUid=<gen:1>, path=com.fabiocompany.supermercadosdeltaplus.model.Tarjeta.tipodepago)
    - QuerySpaces
       - EntityQuerySpaceImpl(uid=<gen:0>, entity=com.fabiocompany.supermercadosdeltaplus.model.Tarjeta)
          - SQL table alias mapping - tarjeta0_
          - alias suffix - 0_
          - suffixed key columns - {idtarjet1_5_0_}

13:56:38.800 [main] DEBUG o.h.loader.entity.plan.EntityLoader - Static select for entity com.fabiocompany.supermercadosdeltaplus.model.Tarjeta [OPTIMISTIC]: select tarjeta0_.idtarjeta as idtarjet1_5_0_, tarjeta0_.nombretarjeta as nombreta2_5_0_, tarjeta0_.numtarjeta as numtarje3_5_0_, tarjeta0_.idtipodepago as idtipode4_5_0_ from tarjeta tarjeta0_ where tarjeta0_.idtarjeta=?
13:56:38.800 [main] DEBUG o.h.l.p.b.i.spaces.QuerySpacesImpl - Adding QuerySpace : uid = <gen:0> -> org.hibernate.loader.plan.build.internal.spaces.EntityQuerySpaceImpl@7966baa7]
13:56:38.800 [main] DEBUG o.h.p.w.spi.MetamodelGraphWalker - Visiting attribute path : nombretarjeta
13:56:38.800 [main] DEBUG o.h.p.w.spi.MetamodelGraphWalker - Visiting attribute path : numtarjeta
13:56:38.800 [main] DEBUG o.h.p.w.spi.MetamodelGraphWalker - Visiting attribute path : tipodepago
13:56:38.800 [main] DEBUG o.h.l.p.b.i.spaces.QuerySpacesImpl - Adding QuerySpace : uid = <gen:1> -> org.hibernate.loader.plan.build.internal.spaces.EntityQuerySpaceImpl@1253e7cb]
13:56:38.801 [main] DEBUG o.h.l.p.b.i.FetchStyleLoadPlanBuildingAssociationVisitationStrategy - Building LoadPlan...
13:56:38.801 [main] DEBUG o.h.l.p.e.i.LoadQueryJoinAndFetchProcessor - processing queryspace <gen:0>
13:56:38.801 [main] DEBUG o.h.l.p.b.spi.LoadPlanTreePrinter - LoadPlan(entity=com.fabiocompany.supermercadosdeltaplus.model.Tarjeta)
    - Returns
       - EntityReturnImpl(entity=com.fabiocompany.supermercadosdeltaplus.model.Tarjeta, querySpaceUid=<gen:0>, path=com.fabiocompany.supermercadosdeltaplus.model.Tarjeta)
          - EntityAttributeFetchImpl(entity=com.fabiocompany.supermercadosdeltaplus.model.Tipodepago, querySpaceUid=<gen:1>, path=com.fabiocompany.supermercadosdeltaplus.model.Tarjeta.tipodepago)
    - QuerySpaces
       - EntityQuerySpaceImpl(uid=<gen:0>, entity=com.fabiocompany.supermercadosdeltaplus.model.Tarjeta)
          - SQL table alias mapping - tarjeta0_
          - alias suffix - 0_
          - suffixed key columns - {idtarjet1_5_0_}

13:56:38.801 [main] DEBUG o.h.loader.entity.plan.EntityLoader - Static select for entity com.fabiocompany.supermercadosdeltaplus.model.Tarjeta [OPTIMISTIC_FORCE_INCREMENT]: select tarjeta0_.idtarjeta as idtarjet1_5_0_, tarjeta0_.nombretarjeta as nombreta2_5_0_, tarjeta0_.numtarjeta as numtarje3_5_0_, tarjeta0_.idtipodepago as idtipode4_5_0_ from tarjeta tarjeta0_ where tarjeta0_.idtarjeta=?
13:56:38.802 [main] DEBUG org.hibernate.loader.Loader - Static select for action ACTION_MERGE on entity com.fabiocompany.supermercadosdeltaplus.model.Tarjeta: select tarjeta0_.idtarjeta as idtarjet1_5_0_, tarjeta0_.nombretarjeta as nombreta2_5_0_, tarjeta0_.numtarjeta as numtarje3_5_0_, tarjeta0_.idtipodepago as idtipode4_5_0_ from tarjeta tarjeta0_ where tarjeta0_.idtarjeta=?
13:56:38.802 [main] DEBUG org.hibernate.loader.Loader - Static select for action ACTION_REFRESH on entity com.fabiocompany.supermercadosdeltaplus.model.Tarjeta: select tarjeta0_.idtarjeta as idtarjet1_5_0_, tarjeta0_.nombretarjeta as nombreta2_5_0_, tarjeta0_.numtarjeta as numtarje3_5_0_, tarjeta0_.idtipodepago as idtipode4_5_0_ from tarjeta tarjeta0_ where tarjeta0_.idtarjeta=?
13:56:38.802 [main] DEBUG o.h.p.entity.AbstractEntityPersister - Static SQL for entity: com.fabiocompany.supermercadosdeltaplus.model.Personausuario
13:56:38.802 [main] DEBUG o.h.p.entity.AbstractEntityPersister -  Version select: select idpersonausuario from personausuario where idpersonausuario =?
13:56:38.802 [main] DEBUG o.h.p.entity.AbstractEntityPersister -  Snapshot select: select personausu_.idpersonausuario, personausu_.correo as correo2_3_, personausu_.dnipersonausuario as dniperso3_3_, personausu_.nombrepersonausuario as nombrepe4_3_, personausu_.numerodetelefono as numerode5_3_ from personausuario personausu_ where personausu_.idpersonausuario=?
13:56:38.803 [main] DEBUG o.h.p.entity.AbstractEntityPersister -  Insert 0: insert into personausuario (correo, dnipersonausuario, nombrepersonausuario, numerodetelefono, idpersonausuario) values (?, ?, ?, ?, ?)
13:56:38.803 [main] DEBUG o.h.p.entity.AbstractEntityPersister -  Update 0: update personausuario set correo=?, dnipersonausuario=?, nombrepersonausuario=?, numerodetelefono=? where idpersonausuario=?
13:56:38.803 [main] DEBUG o.h.p.entity.AbstractEntityPersister -  Delete 0: delete from personausuario where idpersonausuario=?
13:56:38.803 [main] DEBUG o.h.p.entity.AbstractEntityPersister -  Identity insert: insert into personausuario (correo, dnipersonausuario, nombrepersonausuario, numerodetelefono) values (?, ?, ?, ?)
13:56:38.803 [main] DEBUG o.h.l.p.b.i.spaces.QuerySpacesImpl - Adding QuerySpace : uid = <gen:0> -> org.hibernate.loader.plan.build.internal.spaces.EntityQuerySpaceImpl@2d36e77e]
13:56:38.803 [main] DEBUG o.h.p.w.spi.MetamodelGraphWalker - Visiting attribute path : correo
13:56:38.803 [main] DEBUG o.h.p.w.spi.MetamodelGraphWalker - Visiting attribute path : dnipersonausuario
13:56:38.803 [main] DEBUG o.h.p.w.spi.MetamodelGraphWalker - Visiting attribute path : nombrepersonausuario
13:56:38.803 [main] DEBUG o.h.p.w.spi.MetamodelGraphWalker - Visiting attribute path : numerodetelefono
13:56:38.803 [main] DEBUG o.h.l.p.b.i.FetchStyleLoadPlanBuildingAssociationVisitationStrategy - Building LoadPlan...
13:56:38.804 [main] DEBUG o.h.l.p.e.i.LoadQueryJoinAndFetchProcessor - processing queryspace <gen:0>
13:56:38.804 [main] DEBUG o.h.l.p.b.spi.LoadPlanTreePrinter - LoadPlan(entity=com.fabiocompany.supermercadosdeltaplus.model.Personausuario)
    - Returns
       - EntityReturnImpl(entity=com.fabiocompany.supermercadosdeltaplus.model.Personausuario, querySpaceUid=<gen:0>, path=com.fabiocompany.supermercadosdeltaplus.model.Personausuario)
    - QuerySpaces
       - EntityQuerySpaceImpl(uid=<gen:0>, entity=com.fabiocompany.supermercadosdeltaplus.model.Personausuario)
          - SQL table alias mapping - personausu0_
          - alias suffix - 0_
          - suffixed key columns - {idperson1_3_0_}

13:56:38.804 [main] DEBUG o.h.loader.entity.plan.EntityLoader - Static select for entity com.fabiocompany.supermercadosdeltaplus.model.Personausuario [NONE]: select personausu0_.idpersonausuario as idperson1_3_0_, personausu0_.correo as correo2_3_0_, personausu0_.dnipersonausuario as dniperso3_3_0_, personausu0_.nombrepersonausuario as nombrepe4_3_0_, personausu0_.numerodetelefono as numerode5_3_0_ from personausuario personausu0_ where personausu0_.idpersonausuario=?
13:56:38.804 [main] DEBUG o.h.l.p.b.i.spaces.QuerySpacesImpl - Adding QuerySpace : uid = <gen:0> -> org.hibernate.loader.plan.build.internal.spaces.EntityQuerySpaceImpl@3b0c9195]
13:56:38.804 [main] DEBUG o.h.p.w.spi.MetamodelGraphWalker - Visiting attribute path : correo
13:56:38.804 [main] DEBUG o.h.p.w.spi.MetamodelGraphWalker - Visiting attribute path : dnipersonausuario
13:56:38.804 [main] DEBUG o.h.p.w.spi.MetamodelGraphWalker - Visiting attribute path : nombrepersonausuario
13:56:38.804 [main] DEBUG o.h.p.w.spi.MetamodelGraphWalker - Visiting attribute path : numerodetelefono
13:56:38.805 [main] DEBUG o.h.l.p.b.i.FetchStyleLoadPlanBuildingAssociationVisitationStrategy - Building LoadPlan...
13:56:38.805 [main] DEBUG o.h.l.p.e.i.LoadQueryJoinAndFetchProcessor - processing queryspace <gen:0>
13:56:38.805 [main] DEBUG o.h.l.p.b.spi.LoadPlanTreePrinter - LoadPlan(entity=com.fabiocompany.supermercadosdeltaplus.model.Personausuario)
    - Returns
       - EntityReturnImpl(entity=com.fabiocompany.supermercadosdeltaplus.model.Personausuario, querySpaceUid=<gen:0>, path=com.fabiocompany.supermercadosdeltaplus.model.Personausuario)
    - QuerySpaces
       - EntityQuerySpaceImpl(uid=<gen:0>, entity=com.fabiocompany.supermercadosdeltaplus.model.Personausuario)
          - SQL table alias mapping - personausu0_
          - alias suffix - 0_
          - suffixed key columns - {idperson1_3_0_}

13:56:38.805 [main] DEBUG o.h.loader.entity.plan.EntityLoader - Static select for entity com.fabiocompany.supermercadosdeltaplus.model.Personausuario [READ]: select personausu0_.idpersonausuario as idperson1_3_0_, personausu0_.correo as correo2_3_0_, personausu0_.dnipersonausuario as dniperso3_3_0_, personausu0_.nombrepersonausuario as nombrepe4_3_0_, personausu0_.numerodetelefono as numerode5_3_0_ from personausuario personausu0_ where personausu0_.idpersonausuario=?
13:56:38.805 [main] DEBUG o.h.l.p.b.i.spaces.QuerySpacesImpl - Adding QuerySpace : uid = <gen:0> -> org.hibernate.loader.plan.build.internal.spaces.EntityQuerySpaceImpl@2c7b5824]
13:56:38.805 [main] DEBUG o.h.p.w.spi.MetamodelGraphWalker - Visiting attribute path : correo
13:56:38.805 [main] DEBUG o.h.p.w.spi.MetamodelGraphWalker - Visiting attribute path : dnipersonausuario
13:56:38.806 [main] DEBUG o.h.p.w.spi.MetamodelGraphWalker - Visiting attribute path : nombrepersonausuario
13:56:38.806 [main] DEBUG o.h.p.w.spi.MetamodelGraphWalker - Visiting attribute path : numerodetelefono
13:56:38.806 [main] DEBUG o.h.l.p.b.i.FetchStyleLoadPlanBuildingAssociationVisitationStrategy - Building LoadPlan...
13:56:38.806 [main] DEBUG o.h.l.p.e.i.LoadQueryJoinAndFetchProcessor - processing queryspace <gen:0>
13:56:38.806 [main] DEBUG o.h.l.p.b.spi.LoadPlanTreePrinter - LoadPlan(entity=com.fabiocompany.supermercadosdeltaplus.model.Personausuario)
    - Returns
       - EntityReturnImpl(entity=com.fabiocompany.supermercadosdeltaplus.model.Personausuario, querySpaceUid=<gen:0>, path=com.fabiocompany.supermercadosdeltaplus.model.Personausuario)
    - QuerySpaces
       - EntityQuerySpaceImpl(uid=<gen:0>, entity=com.fabiocompany.supermercadosdeltaplus.model.Personausuario)
          - SQL table alias mapping - personausu0_
          - alias suffix - 0_
          - suffixed key columns - {idperson1_3_0_}

13:56:38.806 [main] DEBUG o.h.loader.entity.plan.EntityLoader - Static select for entity com.fabiocompany.supermercadosdeltaplus.model.Personausuario [UPGRADE]: select personausu0_.idpersonausuario as idperson1_3_0_, personausu0_.correo as correo2_3_0_, personausu0_.dnipersonausuario as dniperso3_3_0_, personausu0_.nombrepersonausuario as nombrepe4_3_0_, personausu0_.numerodetelefono as numerode5_3_0_ from personausuario personausu0_ where personausu0_.idpersonausuario=? for update
13:56:38.806 [main] DEBUG o.h.l.p.b.i.spaces.QuerySpacesImpl - Adding QuerySpace : uid = <gen:0> -> org.hibernate.loader.plan.build.internal.spaces.EntityQuerySpaceImpl@5cdd09b1]
13:56:38.807 [main] DEBUG o.h.p.w.spi.MetamodelGraphWalker - Visiting attribute path : correo
13:56:38.807 [main] DEBUG o.h.p.w.spi.MetamodelGraphWalker - Visiting attribute path : dnipersonausuario
13:56:38.807 [main] DEBUG o.h.p.w.spi.MetamodelGraphWalker - Visiting attribute path : nombrepersonausuario
13:56:38.807 [main] DEBUG o.h.p.w.spi.MetamodelGraphWalker - Visiting attribute path : numerodetelefono
13:56:38.807 [main] DEBUG o.h.l.p.b.i.FetchStyleLoadPlanBuildingAssociationVisitationStrategy - Building LoadPlan...
13:56:38.807 [main] DEBUG o.h.l.p.e.i.LoadQueryJoinAndFetchProcessor - processing queryspace <gen:0>
13:56:38.807 [main] DEBUG o.h.l.p.b.spi.LoadPlanTreePrinter - LoadPlan(entity=com.fabiocompany.supermercadosdeltaplus.model.Personausuario)
    - Returns
       - EntityReturnImpl(entity=com.fabiocompany.supermercadosdeltaplus.model.Personausuario, querySpaceUid=<gen:0>, path=com.fabiocompany.supermercadosdeltaplus.model.Personausuario)
    - QuerySpaces
       - EntityQuerySpaceImpl(uid=<gen:0>, entity=com.fabiocompany.supermercadosdeltaplus.model.Personausuario)
          - SQL table alias mapping - personausu0_
          - alias suffix - 0_
          - suffixed key columns - {idperson1_3_0_}

13:56:38.808 [main] DEBUG o.h.loader.entity.plan.EntityLoader - Static select for entity com.fabiocompany.supermercadosdeltaplus.model.Personausuario [UPGRADE_NOWAIT]: select personausu0_.idpersonausuario as idperson1_3_0_, personausu0_.correo as correo2_3_0_, personausu0_.dnipersonausuario as dniperso3_3_0_, personausu0_.nombrepersonausuario as nombrepe4_3_0_, personausu0_.numerodetelefono as numerode5_3_0_ from personausuario personausu0_ where personausu0_.idpersonausuario=? for update
13:56:38.808 [main] DEBUG o.h.l.p.b.i.spaces.QuerySpacesImpl - Adding QuerySpace : uid = <gen:0> -> org.hibernate.loader.plan.build.internal.spaces.EntityQuerySpaceImpl@7e8dcdaa]
13:56:38.808 [main] DEBUG o.h.p.w.spi.MetamodelGraphWalker - Visiting attribute path : correo
13:56:38.808 [main] DEBUG o.h.p.w.spi.MetamodelGraphWalker - Visiting attribute path : dnipersonausuario
13:56:38.808 [main] DEBUG o.h.p.w.spi.MetamodelGraphWalker - Visiting attribute path : nombrepersonausuario
13:56:38.808 [main] DEBUG o.h.p.w.spi.MetamodelGraphWalker - Visiting attribute path : numerodetelefono
13:56:38.808 [main] DEBUG o.h.l.p.b.i.FetchStyleLoadPlanBuildingAssociationVisitationStrategy - Building LoadPlan...
13:56:38.808 [main] DEBUG o.h.l.p.e.i.LoadQueryJoinAndFetchProcessor - processing queryspace <gen:0>
13:56:38.809 [main] DEBUG o.h.l.p.b.spi.LoadPlanTreePrinter - LoadPlan(entity=com.fabiocompany.supermercadosdeltaplus.model.Personausuario)
    - Returns
       - EntityReturnImpl(entity=com.fabiocompany.supermercadosdeltaplus.model.Personausuario, querySpaceUid=<gen:0>, path=com.fabiocompany.supermercadosdeltaplus.model.Personausuario)
    - QuerySpaces
       - EntityQuerySpaceImpl(uid=<gen:0>, entity=com.fabiocompany.supermercadosdeltaplus.model.Personausuario)
          - SQL table alias mapping - personausu0_
          - alias suffix - 0_
          - suffixed key columns - {idperson1_3_0_}

13:56:38.809 [main] DEBUG o.h.loader.entity.plan.EntityLoader - Static select for entity com.fabiocompany.supermercadosdeltaplus.model.Personausuario [UPGRADE_SKIPLOCKED]: select personausu0_.idpersonausuario as idperson1_3_0_, personausu0_.correo as correo2_3_0_, personausu0_.dnipersonausuario as dniperso3_3_0_, personausu0_.nombrepersonausuario as nombrepe4_3_0_, personausu0_.numerodetelefono as numerode5_3_0_ from personausuario personausu0_ where personausu0_.idpersonausuario=? for update
13:56:38.809 [main] DEBUG o.h.l.p.b.i.spaces.QuerySpacesImpl - Adding QuerySpace : uid = <gen:0> -> org.hibernate.loader.plan.build.internal.spaces.EntityQuerySpaceImpl@5cbe877d]
13:56:38.809 [main] DEBUG o.h.p.w.spi.MetamodelGraphWalker - Visiting attribute path : correo
13:56:38.809 [main] DEBUG o.h.p.w.spi.MetamodelGraphWalker - Visiting attribute path : dnipersonausuario
13:56:38.809 [main] DEBUG o.h.p.w.spi.MetamodelGraphWalker - Visiting attribute path : nombrepersonausuario
13:56:38.809 [main] DEBUG o.h.p.w.spi.MetamodelGraphWalker - Visiting attribute path : numerodetelefono
13:56:38.809 [main] DEBUG o.h.l.p.b.i.FetchStyleLoadPlanBuildingAssociationVisitationStrategy - Building LoadPlan...
13:56:38.809 [main] DEBUG o.h.l.p.e.i.LoadQueryJoinAndFetchProcessor - processing queryspace <gen:0>
13:56:38.810 [main] DEBUG o.h.l.p.b.spi.LoadPlanTreePrinter - LoadPlan(entity=com.fabiocompany.supermercadosdeltaplus.model.Personausuario)
    - Returns
       - EntityReturnImpl(entity=com.fabiocompany.supermercadosdeltaplus.model.Personausuario, querySpaceUid=<gen:0>, path=com.fabiocompany.supermercadosdeltaplus.model.Personausuario)
    - QuerySpaces
       - EntityQuerySpaceImpl(uid=<gen:0>, entity=com.fabiocompany.supermercadosdeltaplus.model.Personausuario)
          - SQL table alias mapping - personausu0_
          - alias suffix - 0_
          - suffixed key columns - {idperson1_3_0_}

13:56:38.810 [main] DEBUG o.h.loader.entity.plan.EntityLoader - Static select for entity com.fabiocompany.supermercadosdeltaplus.model.Personausuario [FORCE]: select personausu0_.idpersonausuario as idperson1_3_0_, personausu0_.correo as correo2_3_0_, personausu0_.dnipersonausuario as dniperso3_3_0_, personausu0_.nombrepersonausuario as nombrepe4_3_0_, personausu0_.numerodetelefono as numerode5_3_0_ from personausuario personausu0_ where personausu0_.idpersonausuario=? for update
13:56:38.810 [main] DEBUG o.h.l.p.b.i.spaces.QuerySpacesImpl - Adding QuerySpace : uid = <gen:0> -> org.hibernate.loader.plan.build.internal.spaces.EntityQuerySpaceImpl@4cf8b2dc]
13:56:38.810 [main] DEBUG o.h.p.w.spi.MetamodelGraphWalker - Visiting attribute path : correo
13:56:38.810 [main] DEBUG o.h.p.w.spi.MetamodelGraphWalker - Visiting attribute path : dnipersonausuario
13:56:38.810 [main] DEBUG o.h.p.w.spi.MetamodelGraphWalker - Visiting attribute path : nombrepersonausuario
13:56:38.810 [main] DEBUG o.h.p.w.spi.MetamodelGraphWalker - Visiting attribute path : numerodetelefono
13:56:38.810 [main] DEBUG o.h.l.p.b.i.FetchStyleLoadPlanBuildingAssociationVisitationStrategy - Building LoadPlan...
13:56:38.810 [main] DEBUG o.h.l.p.e.i.LoadQueryJoinAndFetchProcessor - processing queryspace <gen:0>
13:56:38.811 [main] DEBUG o.h.l.p.b.spi.LoadPlanTreePrinter - LoadPlan(entity=com.fabiocompany.supermercadosdeltaplus.model.Personausuario)
    - Returns
       - EntityReturnImpl(entity=com.fabiocompany.supermercadosdeltaplus.model.Personausuario, querySpaceUid=<gen:0>, path=com.fabiocompany.supermercadosdeltaplus.model.Personausuario)
    - QuerySpaces
       - EntityQuerySpaceImpl(uid=<gen:0>, entity=com.fabiocompany.supermercadosdeltaplus.model.Personausuario)
          - SQL table alias mapping - personausu0_
          - alias suffix - 0_
          - suffixed key columns - {idperson1_3_0_}

13:56:38.811 [main] DEBUG o.h.loader.entity.plan.EntityLoader - Static select for entity com.fabiocompany.supermercadosdeltaplus.model.Personausuario [PESSIMISTIC_READ]: select personausu0_.idpersonausuario as idperson1_3_0_, personausu0_.correo as correo2_3_0_, personausu0_.dnipersonausuario as dniperso3_3_0_, personausu0_.nombrepersonausuario as nombrepe4_3_0_, personausu0_.numerodetelefono as numerode5_3_0_ from personausuario personausu0_ where personausu0_.idpersonausuario=? lock in share mode
13:56:38.811 [main] DEBUG o.h.l.p.b.i.spaces.QuerySpacesImpl - Adding QuerySpace : uid = <gen:0> -> org.hibernate.loader.plan.build.internal.spaces.EntityQuerySpaceImpl@5829e4f4]
13:56:38.811 [main] DEBUG o.h.p.w.spi.MetamodelGraphWalker - Visiting attribute path : correo
13:56:38.811 [main] DEBUG o.h.p.w.spi.MetamodelGraphWalker - Visiting attribute path : dnipersonausuario
13:56:38.811 [main] DEBUG o.h.p.w.spi.MetamodelGraphWalker - Visiting attribute path : nombrepersonausuario
13:56:38.811 [main] DEBUG o.h.p.w.spi.MetamodelGraphWalker - Visiting attribute path : numerodetelefono
13:56:38.811 [main] DEBUG o.h.l.p.b.i.FetchStyleLoadPlanBuildingAssociationVisitationStrategy - Building LoadPlan...
13:56:38.812 [main] DEBUG o.h.l.p.e.i.LoadQueryJoinAndFetchProcessor - processing queryspace <gen:0>
13:56:38.812 [main] DEBUG o.h.l.p.b.spi.LoadPlanTreePrinter - LoadPlan(entity=com.fabiocompany.supermercadosdeltaplus.model.Personausuario)
    - Returns
       - EntityReturnImpl(entity=com.fabiocompany.supermercadosdeltaplus.model.Personausuario, querySpaceUid=<gen:0>, path=com.fabiocompany.supermercadosdeltaplus.model.Personausuario)
    - QuerySpaces
       - EntityQuerySpaceImpl(uid=<gen:0>, entity=com.fabiocompany.supermercadosdeltaplus.model.Personausuario)
          - SQL table alias mapping - personausu0_
          - alias suffix - 0_
          - suffixed key columns - {idperson1_3_0_}

13:56:38.812 [main] DEBUG o.h.loader.entity.plan.EntityLoader - Static select for entity com.fabiocompany.supermercadosdeltaplus.model.Personausuario [PESSIMISTIC_WRITE]: select personausu0_.idpersonausuario as idperson1_3_0_, personausu0_.correo as correo2_3_0_, personausu0_.dnipersonausuario as dniperso3_3_0_, personausu0_.nombrepersonausuario as nombrepe4_3_0_, personausu0_.numerodetelefono as numerode5_3_0_ from personausuario personausu0_ where personausu0_.idpersonausuario=? for update
13:56:38.812 [main] DEBUG o.h.l.p.b.i.spaces.QuerySpacesImpl - Adding QuerySpace : uid = <gen:0> -> org.hibernate.loader.plan.build.internal.spaces.EntityQuerySpaceImpl@4bff64c2]
13:56:38.812 [main] DEBUG o.h.p.w.spi.MetamodelGraphWalker - Visiting attribute path : correo
13:56:38.812 [main] DEBUG o.h.p.w.spi.MetamodelGraphWalker - Visiting attribute path : dnipersonausuario
13:56:38.812 [main] DEBUG o.h.p.w.spi.MetamodelGraphWalker - Visiting attribute path : nombrepersonausuario
13:56:38.812 [main] DEBUG o.h.p.w.spi.MetamodelGraphWalker - Visiting attribute path : numerodetelefono
13:56:38.813 [main] DEBUG o.h.l.p.b.i.FetchStyleLoadPlanBuildingAssociationVisitationStrategy - Building LoadPlan...
13:56:38.813 [main] DEBUG o.h.l.p.e.i.LoadQueryJoinAndFetchProcessor - processing queryspace <gen:0>
13:56:38.813 [main] DEBUG o.h.l.p.b.spi.LoadPlanTreePrinter - LoadPlan(entity=com.fabiocompany.supermercadosdeltaplus.model.Personausuario)
    - Returns
       - EntityReturnImpl(entity=com.fabiocompany.supermercadosdeltaplus.model.Personausuario, querySpaceUid=<gen:0>, path=com.fabiocompany.supermercadosdeltaplus.model.Personausuario)
    - QuerySpaces
       - EntityQuerySpaceImpl(uid=<gen:0>, entity=com.fabiocompany.supermercadosdeltaplus.model.Personausuario)
          - SQL table alias mapping - personausu0_
          - alias suffix - 0_
          - suffixed key columns - {idperson1_3_0_}

13:56:38.813 [main] DEBUG o.h.loader.entity.plan.EntityLoader - Static select for entity com.fabiocompany.supermercadosdeltaplus.model.Personausuario [PESSIMISTIC_FORCE_INCREMENT]: select personausu0_.idpersonausuario as idperson1_3_0_, personausu0_.correo as correo2_3_0_, personausu0_.dnipersonausuario as dniperso3_3_0_, personausu0_.nombrepersonausuario as nombrepe4_3_0_, personausu0_.numerodetelefono as numerode5_3_0_ from personausuario personausu0_ where personausu0_.idpersonausuario=? for update
13:56:38.813 [main] DEBUG o.h.l.p.b.i.spaces.QuerySpacesImpl - Adding QuerySpace : uid = <gen:0> -> org.hibernate.loader.plan.build.internal.spaces.EntityQuerySpaceImpl@c35172e]
13:56:38.813 [main] DEBUG o.h.p.w.spi.MetamodelGraphWalker - Visiting attribute path : correo
13:56:38.813 [main] DEBUG o.h.p.w.spi.MetamodelGraphWalker - Visiting attribute path : dnipersonausuario
13:56:38.814 [main] DEBUG o.h.p.w.spi.MetamodelGraphWalker - Visiting attribute path : nombrepersonausuario
13:56:38.814 [main] DEBUG o.h.p.w.spi.MetamodelGraphWalker - Visiting attribute path : numerodetelefono
13:56:38.814 [main] DEBUG o.h.l.p.b.i.FetchStyleLoadPlanBuildingAssociationVisitationStrategy - Building LoadPlan...
13:56:38.814 [main] DEBUG o.h.l.p.e.i.LoadQueryJoinAndFetchProcessor - processing queryspace <gen:0>
13:56:38.814 [main] DEBUG o.h.l.p.b.spi.LoadPlanTreePrinter - LoadPlan(entity=com.fabiocompany.supermercadosdeltaplus.model.Personausuario)
    - Returns
       - EntityReturnImpl(entity=com.fabiocompany.supermercadosdeltaplus.model.Personausuario, querySpaceUid=<gen:0>, path=com.fabiocompany.supermercadosdeltaplus.model.Personausuario)
    - QuerySpaces
       - EntityQuerySpaceImpl(uid=<gen:0>, entity=com.fabiocompany.supermercadosdeltaplus.model.Personausuario)
          - SQL table alias mapping - personausu0_
          - alias suffix - 0_
          - suffixed key columns - {idperson1_3_0_}

13:56:38.814 [main] DEBUG o.h.loader.entity.plan.EntityLoader - Static select for entity com.fabiocompany.supermercadosdeltaplus.model.Personausuario [OPTIMISTIC]: select personausu0_.idpersonausuario as idperson1_3_0_, personausu0_.correo as correo2_3_0_, personausu0_.dnipersonausuario as dniperso3_3_0_, personausu0_.nombrepersonausuario as nombrepe4_3_0_, personausu0_.numerodetelefono as numerode5_3_0_ from personausuario personausu0_ where personausu0_.idpersonausuario=?
13:56:38.814 [main] DEBUG o.h.l.p.b.i.spaces.QuerySpacesImpl - Adding QuerySpace : uid = <gen:0> -> org.hibernate.loader.plan.build.internal.spaces.EntityQuerySpaceImpl@3cc41abc]
13:56:38.815 [main] DEBUG o.h.p.w.spi.MetamodelGraphWalker - Visiting attribute path : correo
13:56:38.815 [main] DEBUG o.h.p.w.spi.MetamodelGraphWalker - Visiting attribute path : dnipersonausuario
13:56:38.815 [main] DEBUG o.h.p.w.spi.MetamodelGraphWalker - Visiting attribute path : nombrepersonausuario
13:56:38.815 [main] DEBUG o.h.p.w.spi.MetamodelGraphWalker - Visiting attribute path : numerodetelefono
13:56:38.815 [main] DEBUG o.h.l.p.b.i.FetchStyleLoadPlanBuildingAssociationVisitationStrategy - Building LoadPlan...
13:56:38.815 [main] DEBUG o.h.l.p.e.i.LoadQueryJoinAndFetchProcessor - processing queryspace <gen:0>
13:56:38.815 [main] DEBUG o.h.l.p.b.spi.LoadPlanTreePrinter - LoadPlan(entity=com.fabiocompany.supermercadosdeltaplus.model.Personausuario)
    - Returns
       - EntityReturnImpl(entity=com.fabiocompany.supermercadosdeltaplus.model.Personausuario, querySpaceUid=<gen:0>, path=com.fabiocompany.supermercadosdeltaplus.model.Personausuario)
    - QuerySpaces
       - EntityQuerySpaceImpl(uid=<gen:0>, entity=com.fabiocompany.supermercadosdeltaplus.model.Personausuario)
          - SQL table alias mapping - personausu0_
          - alias suffix - 0_
          - suffixed key columns - {idperson1_3_0_}

13:56:38.815 [main] DEBUG o.h.loader.entity.plan.EntityLoader - Static select for entity com.fabiocompany.supermercadosdeltaplus.model.Personausuario [OPTIMISTIC_FORCE_INCREMENT]: select personausu0_.idpersonausuario as idperson1_3_0_, personausu0_.correo as correo2_3_0_, personausu0_.dnipersonausuario as dniperso3_3_0_, personausu0_.nombrepersonausuario as nombrepe4_3_0_, personausu0_.numerodetelefono as numerode5_3_0_ from personausuario personausu0_ where personausu0_.idpersonausuario=?
13:56:38.816 [main] DEBUG org.hibernate.loader.Loader - Static select for action ACTION_MERGE on entity com.fabiocompany.supermercadosdeltaplus.model.Personausuario: select personausu0_.idpersonausuario as idperson1_3_0_, personausu0_.correo as correo2_3_0_, personausu0_.dnipersonausuario as dniperso3_3_0_, personausu0_.nombrepersonausuario as nombrepe4_3_0_, personausu0_.numerodetelefono as numerode5_3_0_ from personausuario personausu0_ where personausu0_.idpersonausuario=?
13:56:38.816 [main] DEBUG org.hibernate.loader.Loader - Static select for action ACTION_REFRESH on entity com.fabiocompany.supermercadosdeltaplus.model.Personausuario: select personausu0_.idpersonausuario as idperson1_3_0_, personausu0_.correo as correo2_3_0_, personausu0_.dnipersonausuario as dniperso3_3_0_, personausu0_.nombrepersonausuario as nombrepe4_3_0_, personausu0_.numerodetelefono as numerode5_3_0_ from personausuario personausu0_ where personausu0_.idpersonausuario=?
13:56:38.817 [main] DEBUG o.h.p.entity.AbstractEntityPersister - Static SQL for entity: com.fabiocompany.supermercadosdeltaplus.model.Usuario
13:56:38.817 [main] DEBUG o.h.p.entity.AbstractEntityPersister -  Version select: select idusuario from usuario where idusuario =?
13:56:38.817 [main] DEBUG o.h.p.entity.AbstractEntityPersister -  Snapshot select: select usuario_.idusuario, usuario_.contraseniausuario as contrase2_9_, usuario_.nombreusuario as nombreus3_9_, usuario_.tipodeusuario as tipodeus4_9_ from usuario usuario_ where usuario_.idusuario=?
13:56:38.817 [main] DEBUG o.h.p.entity.AbstractEntityPersister -  Insert 0: insert into usuario (contraseniausuario, nombreusuario, tipodeusuario, idusuario) values (?, ?, ?, ?)
13:56:38.817 [main] DEBUG o.h.p.entity.AbstractEntityPersister -  Update 0: update usuario set contraseniausuario=?, nombreusuario=?, tipodeusuario=? where idusuario=?
13:56:38.817 [main] DEBUG o.h.p.entity.AbstractEntityPersister -  Delete 0: delete from usuario where idusuario=?
13:56:38.817 [main] DEBUG o.h.p.entity.AbstractEntityPersister -  Identity insert: insert into usuario (contraseniausuario, nombreusuario, tipodeusuario) values (?, ?, ?)
13:56:38.817 [main] DEBUG o.h.l.p.b.i.spaces.QuerySpacesImpl - Adding QuerySpace : uid = <gen:0> -> org.hibernate.loader.plan.build.internal.spaces.EntityQuerySpaceImpl@61ce23ac]
13:56:38.817 [main] DEBUG o.h.p.w.spi.MetamodelGraphWalker - Visiting attribute path : cabeceratickets
13:56:38.817 [main] DEBUG o.h.p.w.spi.MetamodelGraphWalker - Visiting attribute path : contraseniausuario
13:56:38.817 [main] DEBUG o.h.p.w.spi.MetamodelGraphWalker - Visiting attribute path : nombreusuario
13:56:38.817 [main] DEBUG o.h.p.w.spi.MetamodelGraphWalker - Visiting attribute path : tipodeusuario
13:56:38.817 [main] DEBUG o.h.p.w.spi.MetamodelGraphWalker - Visiting attribute path : personausuario
13:56:38.818 [main] DEBUG o.h.l.p.b.i.spaces.QuerySpacesImpl - Adding QuerySpace : uid = <gen:1> -> org.hibernate.loader.plan.build.internal.spaces.EntityQuerySpaceImpl@1c3b9394]
13:56:38.818 [main] DEBUG o.h.p.w.spi.MetamodelGraphWalker - Visiting attribute path : personausuario.correo
13:56:38.818 [main] DEBUG o.h.p.w.spi.MetamodelGraphWalker - Visiting attribute path : personausuario.dnipersonausuario
13:56:38.818 [main] DEBUG o.h.p.w.spi.MetamodelGraphWalker - Visiting attribute path : personausuario.nombrepersonausuario
13:56:38.818 [main] DEBUG o.h.p.w.spi.MetamodelGraphWalker - Visiting attribute path : personausuario.numerodetelefono
13:56:38.818 [main] DEBUG o.h.l.p.b.i.FetchStyleLoadPlanBuildingAssociationVisitationStrategy - Building LoadPlan...
13:56:38.818 [main] DEBUG o.h.l.p.e.i.LoadQueryJoinAndFetchProcessor - processing queryspace <gen:0>
13:56:38.819 [main] DEBUG o.h.l.p.b.spi.LoadPlanTreePrinter - LoadPlan(entity=com.fabiocompany.supermercadosdeltaplus.model.Usuario)
    - Returns
       - EntityReturnImpl(entity=com.fabiocompany.supermercadosdeltaplus.model.Usuario, querySpaceUid=<gen:0>, path=com.fabiocompany.supermercadosdeltaplus.model.Usuario)
          - EntityAttributeFetchImpl(entity=com.fabiocompany.supermercadosdeltaplus.model.Personausuario, querySpaceUid=<gen:1>, path=com.fabiocompany.supermercadosdeltaplus.model.Usuario.personausuario)
    - QuerySpaces
       - EntityQuerySpaceImpl(uid=<gen:0>, entity=com.fabiocompany.supermercadosdeltaplus.model.Usuario)
          - SQL table alias mapping - usuario0_
          - alias suffix - 0_
          - suffixed key columns - {idusuari1_9_0_}
          - JOIN (JoinDefinedByMetadata(personausuario)) : <gen:0> -> <gen:1>
             - EntityQuerySpaceImpl(uid=<gen:1>, entity=com.fabiocompany.supermercadosdeltaplus.model.Personausuario)
                - SQL table alias mapping - personausu1_
                - alias suffix - 1_
                - suffixed key columns - {idperson1_3_1_}

13:56:38.819 [main] DEBUG o.h.loader.entity.plan.EntityLoader - Static select for entity com.fabiocompany.supermercadosdeltaplus.model.Usuario [NONE]: select usuario0_.idusuario as idusuari1_9_0_, usuario0_.contraseniausuario as contrase2_9_0_, usuario0_.nombreusuario as nombreus3_9_0_, usuario0_.tipodeusuario as tipodeus4_9_0_, personausu1_.idpersonausuario as idperson1_3_1_, personausu1_.correo as correo2_3_1_, personausu1_.dnipersonausuario as dniperso3_3_1_, personausu1_.nombrepersonausuario as nombrepe4_3_1_, personausu1_.numerodetelefono as numerode5_3_1_ from usuario usuario0_ left outer join personausuario personausu1_ on usuario0_.idusuario=personausu1_.idpersonausuario where usuario0_.idusuario=?
13:56:38.819 [main] DEBUG o.h.l.p.b.i.spaces.QuerySpacesImpl - Adding QuerySpace : uid = <gen:0> -> org.hibernate.loader.plan.build.internal.spaces.EntityQuerySpaceImpl@7f6f61c8]
13:56:38.820 [main] DEBUG o.h.p.w.spi.MetamodelGraphWalker - Visiting attribute path : cabeceratickets
13:56:38.820 [main] DEBUG o.h.p.w.spi.MetamodelGraphWalker - Visiting attribute path : contraseniausuario
13:56:38.820 [main] DEBUG o.h.p.w.spi.MetamodelGraphWalker - Visiting attribute path : nombreusuario
13:56:38.820 [main] DEBUG o.h.p.w.spi.MetamodelGraphWalker - Visiting attribute path : tipodeusuario
13:56:38.820 [main] DEBUG o.h.p.w.spi.MetamodelGraphWalker - Visiting attribute path : personausuario
13:56:38.820 [main] DEBUG o.h.l.p.b.i.spaces.QuerySpacesImpl - Adding QuerySpace : uid = <gen:1> -> org.hibernate.loader.plan.build.internal.spaces.EntityQuerySpaceImpl@ccb4b1b]
13:56:38.820 [main] DEBUG o.h.p.w.spi.MetamodelGraphWalker - Visiting attribute path : personausuario.correo
13:56:38.820 [main] DEBUG o.h.p.w.spi.MetamodelGraphWalker - Visiting attribute path : personausuario.dnipersonausuario
13:56:38.820 [main] DEBUG o.h.p.w.spi.MetamodelGraphWalker - Visiting attribute path : personausuario.nombrepersonausuario
13:56:38.820 [main] DEBUG o.h.p.w.spi.MetamodelGraphWalker - Visiting attribute path : personausuario.numerodetelefono
13:56:38.820 [main] DEBUG o.h.l.p.b.i.FetchStyleLoadPlanBuildingAssociationVisitationStrategy - Building LoadPlan...
13:56:38.821 [main] DEBUG o.h.l.p.e.i.LoadQueryJoinAndFetchProcessor - processing queryspace <gen:0>
13:56:38.822 [main] DEBUG o.h.l.p.b.spi.LoadPlanTreePrinter - LoadPlan(entity=com.fabiocompany.supermercadosdeltaplus.model.Usuario)
    - Returns
       - EntityReturnImpl(entity=com.fabiocompany.supermercadosdeltaplus.model.Usuario, querySpaceUid=<gen:0>, path=com.fabiocompany.supermercadosdeltaplus.model.Usuario)
          - EntityAttributeFetchImpl(entity=com.fabiocompany.supermercadosdeltaplus.model.Personausuario, querySpaceUid=<gen:1>, path=com.fabiocompany.supermercadosdeltaplus.model.Usuario.personausuario)
    - QuerySpaces
       - EntityQuerySpaceImpl(uid=<gen:0>, entity=com.fabiocompany.supermercadosdeltaplus.model.Usuario)
          - SQL table alias mapping - usuario0_
          - alias suffix - 0_
          - suffixed key columns - {idusuari1_9_0_}
          - JOIN (JoinDefinedByMetadata(personausuario)) : <gen:0> -> <gen:1>
             - EntityQuerySpaceImpl(uid=<gen:1>, entity=com.fabiocompany.supermercadosdeltaplus.model.Personausuario)
                - SQL table alias mapping - personausu1_
                - alias suffix - 1_
                - suffixed key columns - {idperson1_3_1_}

13:56:38.822 [main] DEBUG o.h.loader.entity.plan.EntityLoader - Static select for entity com.fabiocompany.supermercadosdeltaplus.model.Usuario [READ]: select usuario0_.idusuario as idusuari1_9_0_, usuario0_.contraseniausuario as contrase2_9_0_, usuario0_.nombreusuario as nombreus3_9_0_, usuario0_.tipodeusuario as tipodeus4_9_0_, personausu1_.idpersonausuario as idperson1_3_1_, personausu1_.correo as correo2_3_1_, personausu1_.dnipersonausuario as dniperso3_3_1_, personausu1_.nombrepersonausuario as nombrepe4_3_1_, personausu1_.numerodetelefono as numerode5_3_1_ from usuario usuario0_ left outer join personausuario personausu1_ on usuario0_.idusuario=personausu1_.idpersonausuario where usuario0_.idusuario=?
13:56:38.822 [main] DEBUG o.h.l.p.b.i.spaces.QuerySpacesImpl - Adding QuerySpace : uid = <gen:0> -> org.hibernate.loader.plan.build.internal.spaces.EntityQuerySpaceImpl@ec2cc4]
13:56:38.822 [main] DEBUG o.h.p.w.spi.MetamodelGraphWalker - Visiting attribute path : cabeceratickets
13:56:38.822 [main] DEBUG o.h.p.w.spi.MetamodelGraphWalker - Visiting attribute path : contraseniausuario
13:56:38.822 [main] DEBUG o.h.p.w.spi.MetamodelGraphWalker - Visiting attribute path : nombreusuario
13:56:38.822 [main] DEBUG o.h.p.w.spi.MetamodelGraphWalker - Visiting attribute path : tipodeusuario
13:56:38.822 [main] DEBUG o.h.p.w.spi.MetamodelGraphWalker - Visiting attribute path : personausuario
13:56:38.822 [main] DEBUG o.h.l.p.b.i.spaces.QuerySpacesImpl - Adding QuerySpace : uid = <gen:1> -> org.hibernate.loader.plan.build.internal.spaces.EntityQuerySpaceImpl@7c1e2a2d]
13:56:38.823 [main] DEBUG o.h.l.p.b.i.FetchStyleLoadPlanBuildingAssociationVisitationStrategy - Building LoadPlan...
13:56:38.823 [main] DEBUG o.h.l.p.e.i.LoadQueryJoinAndFetchProcessor - processing queryspace <gen:0>
13:56:38.823 [main] DEBUG o.h.l.p.b.spi.LoadPlanTreePrinter - LoadPlan(entity=com.fabiocompany.supermercadosdeltaplus.model.Usuario)
    - Returns
       - EntityReturnImpl(entity=com.fabiocompany.supermercadosdeltaplus.model.Usuario, querySpaceUid=<gen:0>, path=com.fabiocompany.supermercadosdeltaplus.model.Usuario)
          - EntityAttributeFetchImpl(entity=com.fabiocompany.supermercadosdeltaplus.model.Personausuario, querySpaceUid=<gen:1>, path=com.fabiocompany.supermercadosdeltaplus.model.Usuario.personausuario)
    - QuerySpaces
       - EntityQuerySpaceImpl(uid=<gen:0>, entity=com.fabiocompany.supermercadosdeltaplus.model.Usuario)
          - SQL table alias mapping - usuario0_
          - alias suffix - 0_
          - suffixed key columns - {idusuari1_9_0_}

13:56:38.823 [main] DEBUG o.h.loader.entity.plan.EntityLoader - Static select for entity com.fabiocompany.supermercadosdeltaplus.model.Usuario [UPGRADE]: select usuario0_.idusuario as idusuari1_9_0_, usuario0_.contraseniausuario as contrase2_9_0_, usuario0_.nombreusuario as nombreus3_9_0_, usuario0_.tipodeusuario as tipodeus4_9_0_ from usuario usuario0_ where usuario0_.idusuario=? for update
13:56:38.824 [main] DEBUG o.h.l.p.b.i.spaces.QuerySpacesImpl - Adding QuerySpace : uid = <gen:0> -> org.hibernate.loader.plan.build.internal.spaces.EntityQuerySpaceImpl@333dd51e]
13:56:38.824 [main] DEBUG o.h.p.w.spi.MetamodelGraphWalker - Visiting attribute path : cabeceratickets
13:56:38.824 [main] DEBUG o.h.p.w.spi.MetamodelGraphWalker - Visiting attribute path : contraseniausuario
13:56:38.824 [main] DEBUG o.h.p.w.spi.MetamodelGraphWalker - Visiting attribute path : nombreusuario
13:56:38.824 [main] DEBUG o.h.p.w.spi.MetamodelGraphWalker - Visiting attribute path : tipodeusuario
13:56:38.824 [main] DEBUG o.h.p.w.spi.MetamodelGraphWalker - Visiting attribute path : personausuario
13:56:38.824 [main] DEBUG o.h.l.p.b.i.spaces.QuerySpacesImpl - Adding QuerySpace : uid = <gen:1> -> org.hibernate.loader.plan.build.internal.spaces.EntityQuerySpaceImpl@2101b44a]
13:56:38.824 [main] DEBUG o.h.l.p.b.i.FetchStyleLoadPlanBuildingAssociationVisitationStrategy - Building LoadPlan...
13:56:38.825 [main] DEBUG o.h.l.p.e.i.LoadQueryJoinAndFetchProcessor - processing queryspace <gen:0>
13:56:38.825 [main] DEBUG o.h.l.p.b.spi.LoadPlanTreePrinter - LoadPlan(entity=com.fabiocompany.supermercadosdeltaplus.model.Usuario)
    - Returns
       - EntityReturnImpl(entity=com.fabiocompany.supermercadosdeltaplus.model.Usuario, querySpaceUid=<gen:0>, path=com.fabiocompany.supermercadosdeltaplus.model.Usuario)
          - EntityAttributeFetchImpl(entity=com.fabiocompany.supermercadosdeltaplus.model.Personausuario, querySpaceUid=<gen:1>, path=com.fabiocompany.supermercadosdeltaplus.model.Usuario.personausuario)
    - QuerySpaces
       - EntityQuerySpaceImpl(uid=<gen:0>, entity=com.fabiocompany.supermercadosdeltaplus.model.Usuario)
          - SQL table alias mapping - usuario0_
          - alias suffix - 0_
          - suffixed key columns - {idusuari1_9_0_}

13:56:38.825 [main] DEBUG o.h.loader.entity.plan.EntityLoader - Static select for entity com.fabiocompany.supermercadosdeltaplus.model.Usuario [UPGRADE_NOWAIT]: select usuario0_.idusuario as idusuari1_9_0_, usuario0_.contraseniausuario as contrase2_9_0_, usuario0_.nombreusuario as nombreus3_9_0_, usuario0_.tipodeusuario as tipodeus4_9_0_ from usuario usuario0_ where usuario0_.idusuario=? for update
13:56:38.825 [main] DEBUG o.h.l.p.b.i.spaces.QuerySpacesImpl - Adding QuerySpace : uid = <gen:0> -> org.hibernate.loader.plan.build.internal.spaces.EntityQuerySpaceImpl@2cc3ad05]
13:56:38.826 [main] DEBUG o.h.p.w.spi.MetamodelGraphWalker - Visiting attribute path : cabeceratickets
13:56:38.826 [main] DEBUG o.h.p.w.spi.MetamodelGraphWalker - Visiting attribute path : contraseniausuario
13:56:38.826 [main] DEBUG o.h.p.w.spi.MetamodelGraphWalker - Visiting attribute path : nombreusuario
13:56:38.826 [main] DEBUG o.h.p.w.spi.MetamodelGraphWalker - Visiting attribute path : tipodeusuario
13:56:38.826 [main] DEBUG o.h.p.w.spi.MetamodelGraphWalker - Visiting attribute path : personausuario
13:56:38.826 [main] DEBUG o.h.l.p.b.i.spaces.QuerySpacesImpl - Adding QuerySpace : uid = <gen:1> -> org.hibernate.loader.plan.build.internal.spaces.EntityQuerySpaceImpl@119020fb]
13:56:38.826 [main] DEBUG o.h.l.p.b.i.FetchStyleLoadPlanBuildingAssociationVisitationStrategy - Building LoadPlan...
13:56:38.826 [main] DEBUG o.h.l.p.e.i.LoadQueryJoinAndFetchProcessor - processing queryspace <gen:0>
13:56:38.828 [main] DEBUG o.h.l.p.b.spi.LoadPlanTreePrinter - LoadPlan(entity=com.fabiocompany.supermercadosdeltaplus.model.Usuario)
    - Returns
       - EntityReturnImpl(entity=com.fabiocompany.supermercadosdeltaplus.model.Usuario, querySpaceUid=<gen:0>, path=com.fabiocompany.supermercadosdeltaplus.model.Usuario)
          - EntityAttributeFetchImpl(entity=com.fabiocompany.supermercadosdeltaplus.model.Personausuario, querySpaceUid=<gen:1>, path=com.fabiocompany.supermercadosdeltaplus.model.Usuario.personausuario)
    - QuerySpaces
       - EntityQuerySpaceImpl(uid=<gen:0>, entity=com.fabiocompany.supermercadosdeltaplus.model.Usuario)
          - SQL table alias mapping - usuario0_
          - alias suffix - 0_
          - suffixed key columns - {idusuari1_9_0_}

13:56:38.829 [main] DEBUG o.h.loader.entity.plan.EntityLoader - Static select for entity com.fabiocompany.supermercadosdeltaplus.model.Usuario [UPGRADE_SKIPLOCKED]: select usuario0_.idusuario as idusuari1_9_0_, usuario0_.contraseniausuario as contrase2_9_0_, usuario0_.nombreusuario as nombreus3_9_0_, usuario0_.tipodeusuario as tipodeus4_9_0_ from usuario usuario0_ where usuario0_.idusuario=? for update
13:56:38.829 [main] DEBUG o.h.l.p.b.i.spaces.QuerySpacesImpl - Adding QuerySpace : uid = <gen:0> -> org.hibernate.loader.plan.build.internal.spaces.EntityQuerySpaceImpl@3d9f6567]
13:56:38.829 [main] DEBUG o.h.p.w.spi.MetamodelGraphWalker - Visiting attribute path : cabeceratickets
13:56:38.829 [main] DEBUG o.h.p.w.spi.MetamodelGraphWalker - Visiting attribute path : contraseniausuario
13:56:38.829 [main] DEBUG o.h.p.w.spi.MetamodelGraphWalker - Visiting attribute path : nombreusuario
13:56:38.829 [main] DEBUG o.h.p.w.spi.MetamodelGraphWalker - Visiting attribute path : tipodeusuario
13:56:38.829 [main] DEBUG o.h.p.w.spi.MetamodelGraphWalker - Visiting attribute path : personausuario
13:56:38.829 [main] DEBUG o.h.l.p.b.i.spaces.QuerySpacesImpl - Adding QuerySpace : uid = <gen:1> -> org.hibernate.loader.plan.build.internal.spaces.EntityQuerySpaceImpl@25e2ab5a]
13:56:38.829 [main] DEBUG o.h.l.p.b.i.FetchStyleLoadPlanBuildingAssociationVisitationStrategy - Building LoadPlan...
13:56:38.830 [main] DEBUG o.h.l.p.e.i.LoadQueryJoinAndFetchProcessor - processing queryspace <gen:0>
13:56:38.830 [main] DEBUG o.h.l.p.b.spi.LoadPlanTreePrinter - LoadPlan(entity=com.fabiocompany.supermercadosdeltaplus.model.Usuario)
    - Returns
       - EntityReturnImpl(entity=com.fabiocompany.supermercadosdeltaplus.model.Usuario, querySpaceUid=<gen:0>, path=com.fabiocompany.supermercadosdeltaplus.model.Usuario)
          - EntityAttributeFetchImpl(entity=com.fabiocompany.supermercadosdeltaplus.model.Personausuario, querySpaceUid=<gen:1>, path=com.fabiocompany.supermercadosdeltaplus.model.Usuario.personausuario)
    - QuerySpaces
       - EntityQuerySpaceImpl(uid=<gen:0>, entity=com.fabiocompany.supermercadosdeltaplus.model.Usuario)
          - SQL table alias mapping - usuario0_
          - alias suffix - 0_
          - suffixed key columns - {idusuari1_9_0_}

13:56:38.830 [main] DEBUG o.h.loader.entity.plan.EntityLoader - Static select for entity com.fabiocompany.supermercadosdeltaplus.model.Usuario [FORCE]: select usuario0_.idusuario as idusuari1_9_0_, usuario0_.contraseniausuario as contrase2_9_0_, usuario0_.nombreusuario as nombreus3_9_0_, usuario0_.tipodeusuario as tipodeus4_9_0_ from usuario usuario0_ where usuario0_.idusuario=? for update
13:56:38.830 [main] DEBUG o.h.l.p.b.i.spaces.QuerySpacesImpl - Adding QuerySpace : uid = <gen:0> -> org.hibernate.loader.plan.build.internal.spaces.EntityQuerySpaceImpl@35e5d0e5]
13:56:38.831 [main] DEBUG o.h.p.w.spi.MetamodelGraphWalker - Visiting attribute path : cabeceratickets
13:56:38.831 [main] DEBUG o.h.p.w.spi.MetamodelGraphWalker - Visiting attribute path : contraseniausuario
13:56:38.831 [main] DEBUG o.h.p.w.spi.MetamodelGraphWalker - Visiting attribute path : nombreusuario
13:56:38.831 [main] DEBUG o.h.p.w.spi.MetamodelGraphWalker - Visiting attribute path : tipodeusuario
13:56:38.831 [main] DEBUG o.h.p.w.spi.MetamodelGraphWalker - Visiting attribute path : personausuario
13:56:38.831 [main] DEBUG o.h.l.p.b.i.spaces.QuerySpacesImpl - Adding QuerySpace : uid = <gen:1> -> org.hibernate.loader.plan.build.internal.spaces.EntityQuerySpaceImpl@55562aa9]
13:56:38.831 [main] DEBUG o.h.l.p.b.i.FetchStyleLoadPlanBuildingAssociationVisitationStrategy - Building LoadPlan...
13:56:38.831 [main] DEBUG o.h.l.p.e.i.LoadQueryJoinAndFetchProcessor - processing queryspace <gen:0>
13:56:38.832 [main] DEBUG o.h.l.p.b.spi.LoadPlanTreePrinter - LoadPlan(entity=com.fabiocompany.supermercadosdeltaplus.model.Usuario)
    - Returns
       - EntityReturnImpl(entity=com.fabiocompany.supermercadosdeltaplus.model.Usuario, querySpaceUid=<gen:0>, path=com.fabiocompany.supermercadosdeltaplus.model.Usuario)
          - EntityAttributeFetchImpl(entity=com.fabiocompany.supermercadosdeltaplus.model.Personausuario, querySpaceUid=<gen:1>, path=com.fabiocompany.supermercadosdeltaplus.model.Usuario.personausuario)
    - QuerySpaces
       - EntityQuerySpaceImpl(uid=<gen:0>, entity=com.fabiocompany.supermercadosdeltaplus.model.Usuario)
          - SQL table alias mapping - usuario0_
          - alias suffix - 0_
          - suffixed key columns - {idusuari1_9_0_}

13:56:38.832 [main] DEBUG o.h.loader.entity.plan.EntityLoader - Static select for entity com.fabiocompany.supermercadosdeltaplus.model.Usuario [PESSIMISTIC_READ]: select usuario0_.idusuario as idusuari1_9_0_, usuario0_.contraseniausuario as contrase2_9_0_, usuario0_.nombreusuario as nombreus3_9_0_, usuario0_.tipodeusuario as tipodeus4_9_0_ from usuario usuario0_ where usuario0_.idusuario=? lock in share mode
13:56:38.832 [main] DEBUG o.h.l.p.b.i.spaces.QuerySpacesImpl - Adding QuerySpace : uid = <gen:0> -> org.hibernate.loader.plan.build.internal.spaces.EntityQuerySpaceImpl@655ef322]
13:56:38.832 [main] DEBUG o.h.p.w.spi.MetamodelGraphWalker - Visiting attribute path : cabeceratickets
13:56:38.832 [main] DEBUG o.h.p.w.spi.MetamodelGraphWalker - Visiting attribute path : contraseniausuario
13:56:38.832 [main] DEBUG o.h.p.w.spi.MetamodelGraphWalker - Visiting attribute path : nombreusuario
13:56:38.832 [main] DEBUG o.h.p.w.spi.MetamodelGraphWalker - Visiting attribute path : tipodeusuario
13:56:38.833 [main] DEBUG o.h.p.w.spi.MetamodelGraphWalker - Visiting attribute path : personausuario
13:56:38.833 [main] DEBUG o.h.l.p.b.i.spaces.QuerySpacesImpl - Adding QuerySpace : uid = <gen:1> -> org.hibernate.loader.plan.build.internal.spaces.EntityQuerySpaceImpl@3401a114]
13:56:38.833 [main] DEBUG o.h.l.p.b.i.FetchStyleLoadPlanBuildingAssociationVisitationStrategy - Building LoadPlan...
13:56:38.833 [main] DEBUG o.h.l.p.e.i.LoadQueryJoinAndFetchProcessor - processing queryspace <gen:0>
13:56:38.834 [main] DEBUG o.h.l.p.b.spi.LoadPlanTreePrinter - LoadPlan(entity=com.fabiocompany.supermercadosdeltaplus.model.Usuario)
    - Returns
       - EntityReturnImpl(entity=com.fabiocompany.supermercadosdeltaplus.model.Usuario, querySpaceUid=<gen:0>, path=com.fabiocompany.supermercadosdeltaplus.model.Usuario)
          - EntityAttributeFetchImpl(entity=com.fabiocompany.supermercadosdeltaplus.model.Personausuario, querySpaceUid=<gen:1>, path=com.fabiocompany.supermercadosdeltaplus.model.Usuario.personausuario)
    - QuerySpaces
       - EntityQuerySpaceImpl(uid=<gen:0>, entity=com.fabiocompany.supermercadosdeltaplus.model.Usuario)
          - SQL table alias mapping - usuario0_
          - alias suffix - 0_
          - suffixed key columns - {idusuari1_9_0_}

13:56:38.834 [main] DEBUG o.h.loader.entity.plan.EntityLoader - Static select for entity com.fabiocompany.supermercadosdeltaplus.model.Usuario [PESSIMISTIC_WRITE]: select usuario0_.idusuario as idusuari1_9_0_, usuario0_.contraseniausuario as contrase2_9_0_, usuario0_.nombreusuario as nombreus3_9_0_, usuario0_.tipodeusuario as tipodeus4_9_0_ from usuario usuario0_ where usuario0_.idusuario=? for update
13:56:38.834 [main] DEBUG o.h.l.p.b.i.spaces.QuerySpacesImpl - Adding QuerySpace : uid = <gen:0> -> org.hibernate.loader.plan.build.internal.spaces.EntityQuerySpaceImpl@5066d65f]
13:56:38.834 [main] DEBUG o.h.p.w.spi.MetamodelGraphWalker - Visiting attribute path : cabeceratickets
13:56:38.834 [main] DEBUG o.h.p.w.spi.MetamodelGraphWalker - Visiting attribute path : contraseniausuario
13:56:38.834 [main] DEBUG o.h.p.w.spi.MetamodelGraphWalker - Visiting attribute path : nombreusuario
13:56:38.834 [main] DEBUG o.h.p.w.spi.MetamodelGraphWalker - Visiting attribute path : tipodeusuario
13:56:38.834 [main] DEBUG o.h.p.w.spi.MetamodelGraphWalker - Visiting attribute path : personausuario
13:56:38.834 [main] DEBUG o.h.l.p.b.i.spaces.QuerySpacesImpl - Adding QuerySpace : uid = <gen:1> -> org.hibernate.loader.plan.build.internal.spaces.EntityQuerySpaceImpl@77d2e85]
13:56:38.835 [main] DEBUG o.h.l.p.b.i.FetchStyleLoadPlanBuildingAssociationVisitationStrategy - Building LoadPlan...
13:56:38.835 [main] DEBUG o.h.l.p.e.i.LoadQueryJoinAndFetchProcessor - processing queryspace <gen:0>
13:56:38.835 [main] DEBUG o.h.l.p.b.spi.LoadPlanTreePrinter - LoadPlan(entity=com.fabiocompany.supermercadosdeltaplus.model.Usuario)
    - Returns
       - EntityReturnImpl(entity=com.fabiocompany.supermercadosdeltaplus.model.Usuario, querySpaceUid=<gen:0>, path=com.fabiocompany.supermercadosdeltaplus.model.Usuario)
          - EntityAttributeFetchImpl(entity=com.fabiocompany.supermercadosdeltaplus.model.Personausuario, querySpaceUid=<gen:1>, path=com.fabiocompany.supermercadosdeltaplus.model.Usuario.personausuario)
    - QuerySpaces
       - EntityQuerySpaceImpl(uid=<gen:0>, entity=com.fabiocompany.supermercadosdeltaplus.model.Usuario)
          - SQL table alias mapping - usuario0_
          - alias suffix - 0_
          - suffixed key columns - {idusuari1_9_0_}

13:56:38.836 [main] DEBUG o.h.loader.entity.plan.EntityLoader - Static select for entity com.fabiocompany.supermercadosdeltaplus.model.Usuario [PESSIMISTIC_FORCE_INCREMENT]: select usuario0_.idusuario as idusuari1_9_0_, usuario0_.contraseniausuario as contrase2_9_0_, usuario0_.nombreusuario as nombreus3_9_0_, usuario0_.tipodeusuario as tipodeus4_9_0_ from usuario usuario0_ where usuario0_.idusuario=? for update
13:56:38.836 [main] DEBUG o.h.l.p.b.i.spaces.QuerySpacesImpl - Adding QuerySpace : uid = <gen:0> -> org.hibernate.loader.plan.build.internal.spaces.EntityQuerySpaceImpl@3ecd267f]
13:56:38.836 [main] DEBUG o.h.p.w.spi.MetamodelGraphWalker - Visiting attribute path : cabeceratickets
13:56:38.836 [main] DEBUG o.h.p.w.spi.MetamodelGraphWalker - Visiting attribute path : contraseniausuario
13:56:38.836 [main] DEBUG o.h.p.w.spi.MetamodelGraphWalker - Visiting attribute path : nombreusuario
13:56:38.836 [main] DEBUG o.h.p.w.spi.MetamodelGraphWalker - Visiting attribute path : tipodeusuario
13:56:38.836 [main] DEBUG o.h.p.w.spi.MetamodelGraphWalker - Visiting attribute path : personausuario
13:56:38.836 [main] DEBUG o.h.l.p.b.i.spaces.QuerySpacesImpl - Adding QuerySpace : uid = <gen:1> -> org.hibernate.loader.plan.build.internal.spaces.EntityQuerySpaceImpl@555cf22]
13:56:38.836 [main] DEBUG o.h.l.p.b.i.FetchStyleLoadPlanBuildingAssociationVisitationStrategy - Building LoadPlan...
13:56:38.837 [main] DEBUG o.h.l.p.e.i.LoadQueryJoinAndFetchProcessor - processing queryspace <gen:0>
13:56:38.837 [main] DEBUG o.h.l.p.b.spi.LoadPlanTreePrinter - LoadPlan(entity=com.fabiocompany.supermercadosdeltaplus.model.Usuario)
    - Returns
       - EntityReturnImpl(entity=com.fabiocompany.supermercadosdeltaplus.model.Usuario, querySpaceUid=<gen:0>, path=com.fabiocompany.supermercadosdeltaplus.model.Usuario)
          - EntityAttributeFetchImpl(entity=com.fabiocompany.supermercadosdeltaplus.model.Personausuario, querySpaceUid=<gen:1>, path=com.fabiocompany.supermercadosdeltaplus.model.Usuario.personausuario)
    - QuerySpaces
       - EntityQuerySpaceImpl(uid=<gen:0>, entity=com.fabiocompany.supermercadosdeltaplus.model.Usuario)
          - SQL table alias mapping - usuario0_
          - alias suffix - 0_
          - suffixed key columns - {idusuari1_9_0_}

13:56:38.837 [main] DEBUG o.h.loader.entity.plan.EntityLoader - Static select for entity com.fabiocompany.supermercadosdeltaplus.model.Usuario [OPTIMISTIC]: select usuario0_.idusuario as idusuari1_9_0_, usuario0_.contraseniausuario as contrase2_9_0_, usuario0_.nombreusuario as nombreus3_9_0_, usuario0_.tipodeusuario as tipodeus4_9_0_ from usuario usuario0_ where usuario0_.idusuario=?
13:56:38.838 [main] DEBUG o.h.l.p.b.i.spaces.QuerySpacesImpl - Adding QuerySpace : uid = <gen:0> -> org.hibernate.loader.plan.build.internal.spaces.EntityQuerySpaceImpl@6bb2d00b]
13:56:38.838 [main] DEBUG o.h.p.w.spi.MetamodelGraphWalker - Visiting attribute path : cabeceratickets
13:56:38.838 [main] DEBUG o.h.p.w.spi.MetamodelGraphWalker - Visiting attribute path : contraseniausuario
13:56:38.838 [main] DEBUG o.h.p.w.spi.MetamodelGraphWalker - Visiting attribute path : nombreusuario
13:56:38.838 [main] DEBUG o.h.p.w.spi.MetamodelGraphWalker - Visiting attribute path : tipodeusuario
13:56:38.838 [main] DEBUG o.h.p.w.spi.MetamodelGraphWalker - Visiting attribute path : personausuario
13:56:38.838 [main] DEBUG o.h.l.p.b.i.spaces.QuerySpacesImpl - Adding QuerySpace : uid = <gen:1> -> org.hibernate.loader.plan.build.internal.spaces.EntityQuerySpaceImpl@1a9c38eb]
13:56:38.838 [main] DEBUG o.h.l.p.b.i.FetchStyleLoadPlanBuildingAssociationVisitationStrategy - Building LoadPlan...
13:56:38.839 [main] DEBUG o.h.l.p.e.i.LoadQueryJoinAndFetchProcessor - processing queryspace <gen:0>
13:56:38.839 [main] DEBUG o.h.l.p.b.spi.LoadPlanTreePrinter - LoadPlan(entity=com.fabiocompany.supermercadosdeltaplus.model.Usuario)
    - Returns
       - EntityReturnImpl(entity=com.fabiocompany.supermercadosdeltaplus.model.Usuario, querySpaceUid=<gen:0>, path=com.fabiocompany.supermercadosdeltaplus.model.Usuario)
          - EntityAttributeFetchImpl(entity=com.fabiocompany.supermercadosdeltaplus.model.Personausuario, querySpaceUid=<gen:1>, path=com.fabiocompany.supermercadosdeltaplus.model.Usuario.personausuario)
    - QuerySpaces
       - EntityQuerySpaceImpl(uid=<gen:0>, entity=com.fabiocompany.supermercadosdeltaplus.model.Usuario)
          - SQL table alias mapping - usuario0_
          - alias suffix - 0_
          - suffixed key columns - {idusuari1_9_0_}

13:56:38.839 [main] DEBUG o.h.loader.entity.plan.EntityLoader - Static select for entity com.fabiocompany.supermercadosdeltaplus.model.Usuario [OPTIMISTIC_FORCE_INCREMENT]: select usuario0_.idusuario as idusuari1_9_0_, usuario0_.contraseniausuario as contrase2_9_0_, usuario0_.nombreusuario as nombreus3_9_0_, usuario0_.tipodeusuario as tipodeus4_9_0_ from usuario usuario0_ where usuario0_.idusuario=?
13:56:38.840 [main] DEBUG org.hibernate.loader.Loader - Static select for action ACTION_MERGE on entity com.fabiocompany.supermercadosdeltaplus.model.Usuario: select usuario0_.idusuario as idusuari1_9_2_, usuario0_.contraseniausuario as contrase2_9_2_, usuario0_.nombreusuario as nombreus3_9_2_, usuario0_.tipodeusuario as tipodeus4_9_2_, cabecerati1_.idusuario as idusuari3_9_4_, cabecerati1_.idticket as idticket1_0_4_, cabecerati1_.idticket as idticket1_0_0_, cabecerati1_.fecha as fecha2_0_0_, cabecerati1_.idusuario as idusuari3_0_0_, personausu2_.idpersonausuario as idperson1_3_1_, personausu2_.correo as correo2_3_1_, personausu2_.dnipersonausuario as dniperso3_3_1_, personausu2_.nombrepersonausuario as nombrepe4_3_1_, personausu2_.numerodetelefono as numerode5_3_1_ from usuario usuario0_ left outer join cabeceraticket cabecerati1_ on usuario0_.idusuario=cabecerati1_.idusuario left outer join personausuario personausu2_ on usuario0_.idusuario=personausu2_.idpersonausuario where usuario0_.idusuario=?
13:56:38.841 [main] DEBUG org.hibernate.loader.Loader - Static select for action ACTION_REFRESH on entity com.fabiocompany.supermercadosdeltaplus.model.Usuario: select usuario0_.idusuario as idusuari1_9_2_, usuario0_.contraseniausuario as contrase2_9_2_, usuario0_.nombreusuario as nombreus3_9_2_, usuario0_.tipodeusuario as tipodeus4_9_2_, cabecerati1_.idusuario as idusuari3_9_4_, cabecerati1_.idticket as idticket1_0_4_, cabecerati1_.idticket as idticket1_0_0_, cabecerati1_.fecha as fecha2_0_0_, cabecerati1_.idusuario as idusuari3_0_0_, personausu2_.idpersonausuario as idperson1_3_1_, personausu2_.correo as correo2_3_1_, personausu2_.dnipersonausuario as dniperso3_3_1_, personausu2_.nombrepersonausuario as nombrepe4_3_1_, personausu2_.numerodetelefono as numerode5_3_1_ from usuario usuario0_ left outer join cabeceraticket cabecerati1_ on usuario0_.idusuario=cabecerati1_.idusuario left outer join personausuario personausu2_ on usuario0_.idusuario=personausu2_.idpersonausuario where usuario0_.idusuario=?
13:56:38.841 [main] DEBUG o.h.p.entity.AbstractEntityPersister - Static SQL for entity: com.fabiocompany.supermercadosdeltaplus.model.Detalleticket
13:56:38.841 [main] DEBUG o.h.p.entity.AbstractEntityPersister -  Version select: select iddetalleticket from detalleticket where iddetalleticket =?
13:56:38.841 [main] DEBUG o.h.p.entity.AbstractEntityPersister -  Snapshot select: select detalletic_.iddetalleticket, detalletic_.idticket as idticket7_2_, detalletic_.cantidad as cantidad2_2_, detalletic_.cantidadporproducto as cantidad3_2_, detalletic_.montodepago as montodep4_2_, detalletic_.subtotal as subtotal5_2_, detalletic_.idtipodepago as idtipode8_2_, detalletic_.total as total6_2_ from detalleticket detalletic_ where detalletic_.iddetalleticket=?
13:56:38.841 [main] DEBUG o.h.p.entity.AbstractEntityPersister -  Insert 0: insert into detalleticket (idticket, cantidad, cantidadporproducto, montodepago, subtotal, idtipodepago, total, iddetalleticket) values (?, ?, ?, ?, ?, ?, ?, ?)
13:56:38.841 [main] DEBUG o.h.p.entity.AbstractEntityPersister -  Update 0: update detalleticket set idticket=?, cantidad=?, cantidadporproducto=?, montodepago=?, subtotal=?, idtipodepago=?, total=? where iddetalleticket=?
13:56:38.842 [main] DEBUG o.h.p.entity.AbstractEntityPersister -  Delete 0: delete from detalleticket where iddetalleticket=?
13:56:38.842 [main] DEBUG o.h.p.entity.AbstractEntityPersister -  Identity insert: insert into detalleticket (idticket, cantidad, cantidadporproducto, montodepago, subtotal, idtipodepago, total) values (?, ?, ?, ?, ?, ?, ?)
13:56:38.842 [main] DEBUG o.h.l.p.b.i.spaces.QuerySpacesImpl - Adding QuerySpace : uid = <gen:0> -> org.hibernate.loader.plan.build.internal.spaces.EntityQuerySpaceImpl@319bc845]
13:56:38.842 [main] DEBUG o.h.p.w.spi.MetamodelGraphWalker - Visiting attribute path : cabeceraticket
13:56:38.842 [main] DEBUG o.h.l.p.b.i.spaces.QuerySpacesImpl - Adding QuerySpace : uid = <gen:1> -> org.hibernate.loader.plan.build.internal.spaces.EntityQuerySpaceImpl@2f4205be]
13:56:38.842 [main] DEBUG o.h.p.w.spi.MetamodelGraphWalker - Visiting attribute path : cabeceraticket.detalletickets
13:56:38.842 [main] DEBUG o.h.p.w.spi.MetamodelGraphWalker - Property path deemed to be circular : cabeceraticket.detalletickets
13:56:38.842 [main] DEBUG o.h.p.w.spi.MetamodelGraphWalker - Visiting attribute path : cabeceraticket.fecha
13:56:38.842 [main] DEBUG o.h.p.w.spi.MetamodelGraphWalker - Visiting attribute path : cabeceraticket.usuario
13:56:38.843 [main] DEBUG o.h.l.p.b.i.spaces.QuerySpacesImpl - Adding QuerySpace : uid = <gen:2> -> org.hibernate.loader.plan.build.internal.spaces.EntityQuerySpaceImpl@3bd418e4]
13:56:38.843 [main] DEBUG o.h.p.w.spi.MetamodelGraphWalker - Visiting attribute path : cabeceraticket.usuario.cabeceratickets
13:56:38.843 [main] DEBUG o.h.p.w.spi.MetamodelGraphWalker - Property path deemed to be circular : cabeceraticket.usuario.cabeceratickets
13:56:38.843 [main] DEBUG o.h.p.w.spi.MetamodelGraphWalker - Visiting attribute path : cabeceraticket.usuario.contraseniausuario
13:56:38.843 [main] DEBUG o.h.p.w.spi.MetamodelGraphWalker - Visiting attribute path : cabeceraticket.usuario.nombreusuario
13:56:38.843 [main] DEBUG o.h.p.w.spi.MetamodelGraphWalker - Visiting attribute path : cabeceraticket.usuario.tipodeusuario
13:56:38.843 [main] DEBUG o.h.p.w.spi.MetamodelGraphWalker - Visiting attribute path : cabeceraticket.usuario.personausuario
13:56:38.843 [main] DEBUG o.h.l.p.b.i.spaces.QuerySpacesImpl - Adding QuerySpace : uid = <gen:3> -> org.hibernate.loader.plan.build.internal.spaces.EntityQuerySpaceImpl@6b98a075]
13:56:38.843 [main] DEBUG o.h.p.w.spi.MetamodelGraphWalker - Visiting attribute path : cantidad
13:56:38.843 [main] DEBUG o.h.p.w.spi.MetamodelGraphWalker - Visiting attribute path : cantidadporproducto
13:56:38.843 [main] DEBUG o.h.p.w.spi.MetamodelGraphWalker - Visiting attribute path : detalleofertas
13:56:38.843 [main] DEBUG o.h.p.w.spi.MetamodelGraphWalker - Visiting attribute path : montodepago
13:56:38.843 [main] DEBUG o.h.p.w.spi.MetamodelGraphWalker - Visiting attribute path : productos
13:56:38.844 [main] DEBUG o.h.p.w.spi.MetamodelGraphWalker - Visiting attribute path : subtotal
13:56:38.844 [main] DEBUG o.h.p.w.spi.MetamodelGraphWalker - Visiting attribute path : tipodepago
13:56:38.844 [main] DEBUG o.h.l.p.b.i.spaces.QuerySpacesImpl - Adding QuerySpace : uid = <gen:4> -> org.hibernate.loader.plan.build.internal.spaces.EntityQuerySpaceImpl@2e61d218]
13:56:38.844 [main] DEBUG o.h.p.w.spi.MetamodelGraphWalker - Visiting attribute path : tipodepago.descripciontipodepago
13:56:38.844 [main] DEBUG o.h.p.w.spi.MetamodelGraphWalker - Visiting attribute path : tipodepago.detalletickets
13:56:38.844 [main] DEBUG o.h.p.w.spi.MetamodelGraphWalker - Property path deemed to be circular : tipodepago.detalletickets
13:56:38.844 [main] DEBUG o.h.p.w.spi.MetamodelGraphWalker - Visiting attribute path : tipodepago.tarjetas
13:56:38.844 [main] DEBUG o.h.p.w.spi.MetamodelGraphWalker - Visiting attribute path : total
13:56:38.844 [main] DEBUG o.h.l.p.b.i.FetchStyleLoadPlanBuildingAssociationVisitationStrategy - Building LoadPlan...
13:56:38.845 [main] DEBUG o.h.l.p.e.i.LoadQueryJoinAndFetchProcessor - processing queryspace <gen:0>
13:56:38.846 [main] DEBUG o.h.l.p.b.spi.LoadPlanTreePrinter - LoadPlan(entity=com.fabiocompany.supermercadosdeltaplus.model.Detalleticket)
    - Returns
       - EntityReturnImpl(entity=com.fabiocompany.supermercadosdeltaplus.model.Detalleticket, querySpaceUid=<gen:0>, path=com.fabiocompany.supermercadosdeltaplus.model.Detalleticket)
          - EntityAttributeFetchImpl(entity=com.fabiocompany.supermercadosdeltaplus.model.Cabeceraticket, querySpaceUid=<gen:1>, path=com.fabiocompany.supermercadosdeltaplus.model.Detalleticket.cabeceraticket)
             - EntityAttributeFetchImpl(entity=com.fabiocompany.supermercadosdeltaplus.model.Usuario, querySpaceUid=<gen:2>, path=com.fabiocompany.supermercadosdeltaplus.model.Detalleticket.cabeceraticket.usuario)
                - EntityAttributeFetchImpl(entity=com.fabiocompany.supermercadosdeltaplus.model.Personausuario, querySpaceUid=<gen:3>, path=com.fabiocompany.supermercadosdeltaplus.model.Detalleticket.cabeceraticket.usuario.personausuario)
          - EntityAttributeFetchImpl(entity=com.fabiocompany.supermercadosdeltaplus.model.Tipodepago, querySpaceUid=<gen:4>, path=com.fabiocompany.supermercadosdeltaplus.model.Detalleticket.tipodepago)
    - QuerySpaces
       - EntityQuerySpaceImpl(uid=<gen:0>, entity=com.fabiocompany.supermercadosdeltaplus.model.Detalleticket)
          - SQL table alias mapping - detalletic0_
          - alias suffix - 0_
          - suffixed key columns - {iddetall1_2_0_}
          - JOIN (JoinDefinedByMetadata(cabeceraticket)) : <gen:0> -> <gen:1>
             - EntityQuerySpaceImpl(uid=<gen:1>, entity=com.fabiocompany.supermercadosdeltaplus.model.Cabeceraticket)
                - SQL table alias mapping - cabecerati1_
                - alias suffix - 1_
                - suffixed key columns - {idticket1_0_1_}
                - JOIN (JoinDefinedByMetadata(usuario)) : <gen:1> -> <gen:2>
                   - EntityQuerySpaceImpl(uid=<gen:2>, entity=com.fabiocompany.supermercadosdeltaplus.model.Usuario)
                      - SQL table alias mapping - usuario2_
                      - alias suffix - 2_
                      - suffixed key columns - {idusuari1_9_2_}
          - JOIN (JoinDefinedByMetadata(tipodepago)) : <gen:0> -> <gen:4>
             - EntityQuerySpaceImpl(uid=<gen:4>, entity=com.fabiocompany.supermercadosdeltaplus.model.Tipodepago)
                - SQL table alias mapping - tipodepago3_
                - alias suffix - 3_
                - suffixed key columns - {idtipode1_8_3_}

13:56:38.846 [main] DEBUG o.h.loader.entity.plan.EntityLoader - Static select for entity com.fabiocompany.supermercadosdeltaplus.model.Detalleticket [NONE]: select detalletic0_.iddetalleticket as iddetall1_2_0_, detalletic0_.idticket as idticket7_2_0_, detalletic0_.cantidad as cantidad2_2_0_, detalletic0_.cantidadporproducto as cantidad3_2_0_, detalletic0_.montodepago as montodep4_2_0_, detalletic0_.subtotal as subtotal5_2_0_, detalletic0_.idtipodepago as idtipode8_2_0_, detalletic0_.total as total6_2_0_, cabecerati1_.idticket as idticket1_0_1_, cabecerati1_.fecha as fecha2_0_1_, cabecerati1_.idusuario as idusuari3_0_1_, usuario2_.idusuario as idusuari1_9_2_, usuario2_.contraseniausuario as contrase2_9_2_, usuario2_.nombreusuario as nombreus3_9_2_, usuario2_.tipodeusuario as tipodeus4_9_2_, tipodepago3_.idtipodepago as idtipode1_8_3_, tipodepago3_.descripciontipodepago as descripc2_8_3_ from detalleticket detalletic0_ left outer join cabeceraticket cabecerati1_ on detalletic0_.idticket=cabecerati1_.idticket left outer join usuario usuario2_ on cabecerati1_.idusuario=usuario2_.idusuario left outer join tipodepago tipodepago3_ on detalletic0_.idtipodepago=tipodepago3_.idtipodepago where detalletic0_.iddetalleticket=?
13:56:38.846 [main] DEBUG o.h.l.p.b.i.spaces.QuerySpacesImpl - Adding QuerySpace : uid = <gen:0> -> org.hibernate.loader.plan.build.internal.spaces.EntityQuerySpaceImpl@20b12f8a]
13:56:38.847 [main] DEBUG o.h.p.w.spi.MetamodelGraphWalker - Visiting attribute path : cabeceraticket
13:56:38.847 [main] DEBUG o.h.l.p.b.i.spaces.QuerySpacesImpl - Adding QuerySpace : uid = <gen:1> -> org.hibernate.loader.plan.build.internal.spaces.EntityQuerySpaceImpl@2e554a3b]
13:56:38.847 [main] DEBUG o.h.p.w.spi.MetamodelGraphWalker - Visiting attribute path : cabeceraticket.detalletickets
13:56:38.847 [main] DEBUG o.h.p.w.spi.MetamodelGraphWalker - Property path deemed to be circular : cabeceraticket.detalletickets
13:56:38.847 [main] DEBUG o.h.p.w.spi.MetamodelGraphWalker - Visiting attribute path : cabeceraticket.fecha
13:56:38.847 [main] DEBUG o.h.p.w.spi.MetamodelGraphWalker - Visiting attribute path : cabeceraticket.usuario
13:56:38.847 [main] DEBUG o.h.l.p.b.i.spaces.QuerySpacesImpl - Adding QuerySpace : uid = <gen:2> -> org.hibernate.loader.plan.build.internal.spaces.EntityQuerySpaceImpl@7d42c224]
13:56:38.847 [main] DEBUG o.h.p.w.spi.MetamodelGraphWalker - Visiting attribute path : cabeceraticket.usuario.cabeceratickets
13:56:38.847 [main] DEBUG o.h.p.w.spi.MetamodelGraphWalker - Property path deemed to be circular : cabeceraticket.usuario.cabeceratickets
13:56:38.847 [main] DEBUG o.h.p.w.spi.MetamodelGraphWalker - Visiting attribute path : cabeceraticket.usuario.contraseniausuario
13:56:38.847 [main] DEBUG o.h.p.w.spi.MetamodelGraphWalker - Visiting attribute path : cabeceraticket.usuario.nombreusuario
13:56:38.847 [main] DEBUG o.h.p.w.spi.MetamodelGraphWalker - Visiting attribute path : cabeceraticket.usuario.tipodeusuario
13:56:38.848 [main] DEBUG o.h.p.w.spi.MetamodelGraphWalker - Visiting attribute path : cabeceraticket.usuario.personausuario
13:56:38.848 [main] DEBUG o.h.l.p.b.i.spaces.QuerySpacesImpl - Adding QuerySpace : uid = <gen:3> -> org.hibernate.loader.plan.build.internal.spaces.EntityQuerySpaceImpl@522a32b1]
13:56:38.848 [main] DEBUG o.h.p.w.spi.MetamodelGraphWalker - Visiting attribute path : cantidad
13:56:38.848 [main] DEBUG o.h.p.w.spi.MetamodelGraphWalker - Visiting attribute path : cantidadporproducto
13:56:38.848 [main] DEBUG o.h.p.w.spi.MetamodelGraphWalker - Visiting attribute path : detalleofertas
13:56:38.848 [main] DEBUG o.h.p.w.spi.MetamodelGraphWalker - Visiting attribute path : montodepago
13:56:38.848 [main] DEBUG o.h.p.w.spi.MetamodelGraphWalker - Visiting attribute path : productos
13:56:38.848 [main] DEBUG o.h.p.w.spi.MetamodelGraphWalker - Visiting attribute path : subtotal
13:56:38.848 [main] DEBUG o.h.p.w.spi.MetamodelGraphWalker - Visiting attribute path : tipodepago
13:56:38.848 [main] DEBUG o.h.l.p.b.i.spaces.QuerySpacesImpl - Adding QuerySpace : uid = <gen:4> -> org.hibernate.loader.plan.build.internal.spaces.EntityQuerySpaceImpl@35390ee3]
13:56:38.848 [main] DEBUG o.h.p.w.spi.MetamodelGraphWalker - Visiting attribute path : tipodepago.descripciontipodepago
13:56:38.848 [main] DEBUG o.h.p.w.spi.MetamodelGraphWalker - Visiting attribute path : tipodepago.detalletickets
13:56:38.849 [main] DEBUG o.h.p.w.spi.MetamodelGraphWalker - Property path deemed to be circular : tipodepago.detalletickets
13:56:38.849 [main] DEBUG o.h.p.w.spi.MetamodelGraphWalker - Visiting attribute path : tipodepago.tarjetas
13:56:38.849 [main] DEBUG o.h.p.w.spi.MetamodelGraphWalker - Visiting attribute path : total
13:56:38.849 [main] DEBUG o.h.l.p.b.i.FetchStyleLoadPlanBuildingAssociationVisitationStrategy - Building LoadPlan...
13:56:38.849 [main] DEBUG o.h.l.p.e.i.LoadQueryJoinAndFetchProcessor - processing queryspace <gen:0>
13:56:38.852 [main] DEBUG o.h.l.p.b.spi.LoadPlanTreePrinter - LoadPlan(entity=com.fabiocompany.supermercadosdeltaplus.model.Detalleticket)
    - Returns
       - EntityReturnImpl(entity=com.fabiocompany.supermercadosdeltaplus.model.Detalleticket, querySpaceUid=<gen:0>, path=com.fabiocompany.supermercadosdeltaplus.model.Detalleticket)
          - EntityAttributeFetchImpl(entity=com.fabiocompany.supermercadosdeltaplus.model.Cabeceraticket, querySpaceUid=<gen:1>, path=com.fabiocompany.supermercadosdeltaplus.model.Detalleticket.cabeceraticket)
             - EntityAttributeFetchImpl(entity=com.fabiocompany.supermercadosdeltaplus.model.Usuario, querySpaceUid=<gen:2>, path=com.fabiocompany.supermercadosdeltaplus.model.Detalleticket.cabeceraticket.usuario)
                - EntityAttributeFetchImpl(entity=com.fabiocompany.supermercadosdeltaplus.model.Personausuario, querySpaceUid=<gen:3>, path=com.fabiocompany.supermercadosdeltaplus.model.Detalleticket.cabeceraticket.usuario.personausuario)
          - EntityAttributeFetchImpl(entity=com.fabiocompany.supermercadosdeltaplus.model.Tipodepago, querySpaceUid=<gen:4>, path=com.fabiocompany.supermercadosdeltaplus.model.Detalleticket.tipodepago)
    - QuerySpaces
       - EntityQuerySpaceImpl(uid=<gen:0>, entity=com.fabiocompany.supermercadosdeltaplus.model.Detalleticket)
          - SQL table alias mapping - detalletic0_
          - alias suffix - 0_
          - suffixed key columns - {iddetall1_2_0_}
          - JOIN (JoinDefinedByMetadata(cabeceraticket)) : <gen:0> -> <gen:1>
             - EntityQuerySpaceImpl(uid=<gen:1>, entity=com.fabiocompany.supermercadosdeltaplus.model.Cabeceraticket)
                - SQL table alias mapping - cabecerati1_
                - alias suffix - 1_
                - suffixed key columns - {idticket1_0_1_}
                - JOIN (JoinDefinedByMetadata(usuario)) : <gen:1> -> <gen:2>
                   - EntityQuerySpaceImpl(uid=<gen:2>, entity=com.fabiocompany.supermercadosdeltaplus.model.Usuario)
                      - SQL table alias mapping - usuario2_
                      - alias suffix - 2_
                      - suffixed key columns - {idusuari1_9_2_}
          - JOIN (JoinDefinedByMetadata(tipodepago)) : <gen:0> -> <gen:4>
             - EntityQuerySpaceImpl(uid=<gen:4>, entity=com.fabiocompany.supermercadosdeltaplus.model.Tipodepago)
                - SQL table alias mapping - tipodepago3_
                - alias suffix - 3_
                - suffixed key columns - {idtipode1_8_3_}

13:56:38.853 [main] DEBUG o.h.loader.entity.plan.EntityLoader - Static select for entity com.fabiocompany.supermercadosdeltaplus.model.Detalleticket [READ]: select detalletic0_.iddetalleticket as iddetall1_2_0_, detalletic0_.idticket as idticket7_2_0_, detalletic0_.cantidad as cantidad2_2_0_, detalletic0_.cantidadporproducto as cantidad3_2_0_, detalletic0_.montodepago as montodep4_2_0_, detalletic0_.subtotal as subtotal5_2_0_, detalletic0_.idtipodepago as idtipode8_2_0_, detalletic0_.total as total6_2_0_, cabecerati1_.idticket as idticket1_0_1_, cabecerati1_.fecha as fecha2_0_1_, cabecerati1_.idusuario as idusuari3_0_1_, usuario2_.idusuario as idusuari1_9_2_, usuario2_.contraseniausuario as contrase2_9_2_, usuario2_.nombreusuario as nombreus3_9_2_, usuario2_.tipodeusuario as tipodeus4_9_2_, tipodepago3_.idtipodepago as idtipode1_8_3_, tipodepago3_.descripciontipodepago as descripc2_8_3_ from detalleticket detalletic0_ left outer join cabeceraticket cabecerati1_ on detalletic0_.idticket=cabecerati1_.idticket left outer join usuario usuario2_ on cabecerati1_.idusuario=usuario2_.idusuario left outer join tipodepago tipodepago3_ on detalletic0_.idtipodepago=tipodepago3_.idtipodepago where detalletic0_.iddetalleticket=?
13:56:38.853 [main] DEBUG o.h.l.p.b.i.spaces.QuerySpacesImpl - Adding QuerySpace : uid = <gen:0> -> org.hibernate.loader.plan.build.internal.spaces.EntityQuerySpaceImpl@5ddea849]
13:56:38.853 [main] DEBUG o.h.p.w.spi.MetamodelGraphWalker - Visiting attribute path : cabeceraticket
13:56:38.853 [main] DEBUG o.h.l.p.b.i.spaces.QuerySpacesImpl - Adding QuerySpace : uid = <gen:1> -> org.hibernate.loader.plan.build.internal.spaces.EntityQuerySpaceImpl@23d1e5d0]
13:56:38.853 [main] DEBUG o.h.p.w.spi.MetamodelGraphWalker - Visiting attribute path : cantidad
13:56:38.853 [main] DEBUG o.h.p.w.spi.MetamodelGraphWalker - Visiting attribute path : cantidadporproducto
13:56:38.853 [main] DEBUG o.h.p.w.spi.MetamodelGraphWalker - Visiting attribute path : detalleofertas
13:56:38.853 [main] DEBUG o.h.p.w.spi.MetamodelGraphWalker - Visiting attribute path : montodepago
13:56:38.853 [main] DEBUG o.h.p.w.spi.MetamodelGraphWalker - Visiting attribute path : productos
13:56:38.853 [main] DEBUG o.h.p.w.spi.MetamodelGraphWalker - Visiting attribute path : subtotal
13:56:38.853 [main] DEBUG o.h.p.w.spi.MetamodelGraphWalker - Visiting attribute path : tipodepago
13:56:38.862 [main] DEBUG o.h.l.p.b.i.spaces.QuerySpacesImpl - Adding QuerySpace : uid = <gen:2> -> org.hibernate.loader.plan.build.internal.spaces.EntityQuerySpaceImpl@704f1591]
13:56:38.862 [main] DEBUG o.h.p.w.spi.MetamodelGraphWalker - Visiting attribute path : total
13:56:38.862 [main] DEBUG o.h.l.p.b.i.FetchStyleLoadPlanBuildingAssociationVisitationStrategy - Building LoadPlan...
13:56:38.863 [main] DEBUG o.h.l.p.e.i.LoadQueryJoinAndFetchProcessor - processing queryspace <gen:0>
13:56:38.864 [main] DEBUG o.h.l.p.b.spi.LoadPlanTreePrinter - LoadPlan(entity=com.fabiocompany.supermercadosdeltaplus.model.Detalleticket)
    - Returns
       - EntityReturnImpl(entity=com.fabiocompany.supermercadosdeltaplus.model.Detalleticket, querySpaceUid=<gen:0>, path=com.fabiocompany.supermercadosdeltaplus.model.Detalleticket)
          - EntityAttributeFetchImpl(entity=com.fabiocompany.supermercadosdeltaplus.model.Cabeceraticket, querySpaceUid=<gen:1>, path=com.fabiocompany.supermercadosdeltaplus.model.Detalleticket.cabeceraticket)
          - EntityAttributeFetchImpl(entity=com.fabiocompany.supermercadosdeltaplus.model.Tipodepago, querySpaceUid=<gen:2>, path=com.fabiocompany.supermercadosdeltaplus.model.Detalleticket.tipodepago)
    - QuerySpaces
       - EntityQuerySpaceImpl(uid=<gen:0>, entity=com.fabiocompany.supermercadosdeltaplus.model.Detalleticket)
          - SQL table alias mapping - detalletic0_
          - alias suffix - 0_
          - suffixed key columns - {iddetall1_2_0_}

13:56:38.864 [main] DEBUG o.h.loader.entity.plan.EntityLoader - Static select for entity com.fabiocompany.supermercadosdeltaplus.model.Detalleticket [UPGRADE]: select detalletic0_.iddetalleticket as iddetall1_2_0_, detalletic0_.idticket as idticket7_2_0_, detalletic0_.cantidad as cantidad2_2_0_, detalletic0_.cantidadporproducto as cantidad3_2_0_, detalletic0_.montodepago as montodep4_2_0_, detalletic0_.subtotal as subtotal5_2_0_, detalletic0_.idtipodepago as idtipode8_2_0_, detalletic0_.total as total6_2_0_ from detalleticket detalletic0_ where detalletic0_.iddetalleticket=? for update
13:56:38.864 [main] DEBUG o.h.l.p.b.i.spaces.QuerySpacesImpl - Adding QuerySpace : uid = <gen:0> -> org.hibernate.loader.plan.build.internal.spaces.EntityQuerySpaceImpl@58fb7731]
13:56:38.864 [main] DEBUG o.h.p.w.spi.MetamodelGraphWalker - Visiting attribute path : cabeceraticket
13:56:38.864 [main] DEBUG o.h.l.p.b.i.spaces.QuerySpacesImpl - Adding QuerySpace : uid = <gen:1> -> org.hibernate.loader.plan.build.internal.spaces.EntityQuerySpaceImpl@3fb6cf60]
13:56:38.864 [main] DEBUG o.h.p.w.spi.MetamodelGraphWalker - Visiting attribute path : cantidad
13:56:38.864 [main] DEBUG o.h.p.w.spi.MetamodelGraphWalker - Visiting attribute path : cantidadporproducto
13:56:38.864 [main] DEBUG o.h.p.w.spi.MetamodelGraphWalker - Visiting attribute path : detalleofertas
13:56:38.865 [main] DEBUG o.h.p.w.spi.MetamodelGraphWalker - Visiting attribute path : montodepago
13:56:38.865 [main] DEBUG o.h.p.w.spi.MetamodelGraphWalker - Visiting attribute path : productos
13:56:38.865 [main] DEBUG o.h.p.w.spi.MetamodelGraphWalker - Visiting attribute path : subtotal
13:56:38.865 [main] DEBUG o.h.p.w.spi.MetamodelGraphWalker - Visiting attribute path : tipodepago
13:56:38.865 [main] DEBUG o.h.l.p.b.i.spaces.QuerySpacesImpl - Adding QuerySpace : uid = <gen:2> -> org.hibernate.loader.plan.build.internal.spaces.EntityQuerySpaceImpl@37ddb69a]
13:56:38.865 [main] DEBUG o.h.p.w.spi.MetamodelGraphWalker - Visiting attribute path : total
13:56:38.865 [main] DEBUG o.h.l.p.b.i.FetchStyleLoadPlanBuildingAssociationVisitationStrategy - Building LoadPlan...
13:56:38.865 [main] DEBUG o.h.l.p.e.i.LoadQueryJoinAndFetchProcessor - processing queryspace <gen:0>
13:56:38.866 [main] DEBUG o.h.l.p.b.spi.LoadPlanTreePrinter - LoadPlan(entity=com.fabiocompany.supermercadosdeltaplus.model.Detalleticket)
    - Returns
       - EntityReturnImpl(entity=com.fabiocompany.supermercadosdeltaplus.model.Detalleticket, querySpaceUid=<gen:0>, path=com.fabiocompany.supermercadosdeltaplus.model.Detalleticket)
          - EntityAttributeFetchImpl(entity=com.fabiocompany.supermercadosdeltaplus.model.Cabeceraticket, querySpaceUid=<gen:1>, path=com.fabiocompany.supermercadosdeltaplus.model.Detalleticket.cabeceraticket)
          - EntityAttributeFetchImpl(entity=com.fabiocompany.supermercadosdeltaplus.model.Tipodepago, querySpaceUid=<gen:2>, path=com.fabiocompany.supermercadosdeltaplus.model.Detalleticket.tipodepago)
    - QuerySpaces
       - EntityQuerySpaceImpl(uid=<gen:0>, entity=com.fabiocompany.supermercadosdeltaplus.model.Detalleticket)
          - SQL table alias mapping - detalletic0_
          - alias suffix - 0_
          - suffixed key columns - {iddetall1_2_0_}

13:56:38.866 [main] DEBUG o.h.loader.entity.plan.EntityLoader - Static select for entity com.fabiocompany.supermercadosdeltaplus.model.Detalleticket [UPGRADE_NOWAIT]: select detalletic0_.iddetalleticket as iddetall1_2_0_, detalletic0_.idticket as idticket7_2_0_, detalletic0_.cantidad as cantidad2_2_0_, detalletic0_.cantidadporproducto as cantidad3_2_0_, detalletic0_.montodepago as montodep4_2_0_, detalletic0_.subtotal as subtotal5_2_0_, detalletic0_.idtipodepago as idtipode8_2_0_, detalletic0_.total as total6_2_0_ from detalleticket detalletic0_ where detalletic0_.iddetalleticket=? for update
13:56:38.866 [main] DEBUG o.h.l.p.b.i.spaces.QuerySpacesImpl - Adding QuerySpace : uid = <gen:0> -> org.hibernate.loader.plan.build.internal.spaces.EntityQuerySpaceImpl@349c1daf]
13:56:38.867 [main] DEBUG o.h.p.w.spi.MetamodelGraphWalker - Visiting attribute path : cabeceraticket
13:56:38.867 [main] DEBUG o.h.l.p.b.i.spaces.QuerySpacesImpl - Adding QuerySpace : uid = <gen:1> -> org.hibernate.loader.plan.build.internal.spaces.EntityQuerySpaceImpl@4b9df8a]
13:56:38.867 [main] DEBUG o.h.p.w.spi.MetamodelGraphWalker - Visiting attribute path : cantidad
13:56:38.867 [main] DEBUG o.h.p.w.spi.MetamodelGraphWalker - Visiting attribute path : cantidadporproducto
13:56:38.867 [main] DEBUG o.h.p.w.spi.MetamodelGraphWalker - Visiting attribute path : detalleofertas
13:56:38.867 [main] DEBUG o.h.p.w.spi.MetamodelGraphWalker - Visiting attribute path : montodepago
13:56:38.867 [main] DEBUG o.h.p.w.spi.MetamodelGraphWalker - Visiting attribute path : productos
13:56:38.867 [main] DEBUG o.h.p.w.spi.MetamodelGraphWalker - Visiting attribute path : subtotal
13:56:38.867 [main] DEBUG o.h.p.w.spi.MetamodelGraphWalker - Visiting attribute path : tipodepago
13:56:38.867 [main] DEBUG o.h.l.p.b.i.spaces.QuerySpacesImpl - Adding QuerySpace : uid = <gen:2> -> org.hibernate.loader.plan.build.internal.spaces.EntityQuerySpaceImpl@5e8ac0e1]
13:56:38.867 [main] DEBUG o.h.p.w.spi.MetamodelGraphWalker - Visiting attribute path : total
13:56:38.867 [main] DEBUG o.h.l.p.b.i.FetchStyleLoadPlanBuildingAssociationVisitationStrategy - Building LoadPlan...
13:56:38.868 [main] DEBUG o.h.l.p.e.i.LoadQueryJoinAndFetchProcessor - processing queryspace <gen:0>
13:56:38.868 [main] DEBUG o.h.l.p.b.spi.LoadPlanTreePrinter - LoadPlan(entity=com.fabiocompany.supermercadosdeltaplus.model.Detalleticket)
    - Returns
       - EntityReturnImpl(entity=com.fabiocompany.supermercadosdeltaplus.model.Detalleticket, querySpaceUid=<gen:0>, path=com.fabiocompany.supermercadosdeltaplus.model.Detalleticket)
          - EntityAttributeFetchImpl(entity=com.fabiocompany.supermercadosdeltaplus.model.Cabeceraticket, querySpaceUid=<gen:1>, path=com.fabiocompany.supermercadosdeltaplus.model.Detalleticket.cabeceraticket)
          - EntityAttributeFetchImpl(entity=com.fabiocompany.supermercadosdeltaplus.model.Tipodepago, querySpaceUid=<gen:2>, path=com.fabiocompany.supermercadosdeltaplus.model.Detalleticket.tipodepago)
    - QuerySpaces
       - EntityQuerySpaceImpl(uid=<gen:0>, entity=com.fabiocompany.supermercadosdeltaplus.model.Detalleticket)
          - SQL table alias mapping - detalletic0_
          - alias suffix - 0_
          - suffixed key columns - {iddetall1_2_0_}

13:56:38.869 [main] DEBUG o.h.loader.entity.plan.EntityLoader - Static select for entity com.fabiocompany.supermercadosdeltaplus.model.Detalleticket [UPGRADE_SKIPLOCKED]: select detalletic0_.iddetalleticket as iddetall1_2_0_, detalletic0_.idticket as idticket7_2_0_, detalletic0_.cantidad as cantidad2_2_0_, detalletic0_.cantidadporproducto as cantidad3_2_0_, detalletic0_.montodepago as montodep4_2_0_, detalletic0_.subtotal as subtotal5_2_0_, detalletic0_.idtipodepago as idtipode8_2_0_, detalletic0_.total as total6_2_0_ from detalleticket detalletic0_ where detalletic0_.iddetalleticket=? for update
13:56:38.869 [main] DEBUG o.h.l.p.b.i.spaces.QuerySpacesImpl - Adding QuerySpace : uid = <gen:0> -> org.hibernate.loader.plan.build.internal.spaces.EntityQuerySpaceImpl@aafcffa]
13:56:38.869 [main] DEBUG o.h.p.w.spi.MetamodelGraphWalker - Visiting attribute path : cabeceraticket
13:56:38.869 [main] DEBUG o.h.l.p.b.i.spaces.QuerySpacesImpl - Adding QuerySpace : uid = <gen:1> -> org.hibernate.loader.plan.build.internal.spaces.EntityQuerySpaceImpl@235a0c16]
13:56:38.869 [main] DEBUG o.h.p.w.spi.MetamodelGraphWalker - Visiting attribute path : cantidad
13:56:38.869 [main] DEBUG o.h.p.w.spi.MetamodelGraphWalker - Visiting attribute path : cantidadporproducto
13:56:38.869 [main] DEBUG o.h.p.w.spi.MetamodelGraphWalker - Visiting attribute path : detalleofertas
13:56:38.869 [main] DEBUG o.h.p.w.spi.MetamodelGraphWalker - Visiting attribute path : montodepago
13:56:38.869 [main] DEBUG o.h.p.w.spi.MetamodelGraphWalker - Visiting attribute path : productos
13:56:38.869 [main] DEBUG o.h.p.w.spi.MetamodelGraphWalker - Visiting attribute path : subtotal
13:56:38.869 [main] DEBUG o.h.p.w.spi.MetamodelGraphWalker - Visiting attribute path : tipodepago
13:56:38.870 [main] DEBUG o.h.l.p.b.i.spaces.QuerySpacesImpl - Adding QuerySpace : uid = <gen:2> -> org.hibernate.loader.plan.build.internal.spaces.EntityQuerySpaceImpl@2b5f4d54]
13:56:38.870 [main] DEBUG o.h.p.w.spi.MetamodelGraphWalker - Visiting attribute path : total
13:56:38.870 [main] DEBUG o.h.l.p.b.i.FetchStyleLoadPlanBuildingAssociationVisitationStrategy - Building LoadPlan...
13:56:38.870 [main] DEBUG o.h.l.p.e.i.LoadQueryJoinAndFetchProcessor - processing queryspace <gen:0>
13:56:38.871 [main] DEBUG o.h.l.p.b.spi.LoadPlanTreePrinter - LoadPlan(entity=com.fabiocompany.supermercadosdeltaplus.model.Detalleticket)
    - Returns
       - EntityReturnImpl(entity=com.fabiocompany.supermercadosdeltaplus.model.Detalleticket, querySpaceUid=<gen:0>, path=com.fabiocompany.supermercadosdeltaplus.model.Detalleticket)
          - EntityAttributeFetchImpl(entity=com.fabiocompany.supermercadosdeltaplus.model.Cabeceraticket, querySpaceUid=<gen:1>, path=com.fabiocompany.supermercadosdeltaplus.model.Detalleticket.cabeceraticket)
          - EntityAttributeFetchImpl(entity=com.fabiocompany.supermercadosdeltaplus.model.Tipodepago, querySpaceUid=<gen:2>, path=com.fabiocompany.supermercadosdeltaplus.model.Detalleticket.tipodepago)
    - QuerySpaces
       - EntityQuerySpaceImpl(uid=<gen:0>, entity=com.fabiocompany.supermercadosdeltaplus.model.Detalleticket)
          - SQL table alias mapping - detalletic0_
          - alias suffix - 0_
          - suffixed key columns - {iddetall1_2_0_}

13:56:38.871 [main] DEBUG o.h.loader.entity.plan.EntityLoader - Static select for entity com.fabiocompany.supermercadosdeltaplus.model.Detalleticket [FORCE]: select detalletic0_.iddetalleticket as iddetall1_2_0_, detalletic0_.idticket as idticket7_2_0_, detalletic0_.cantidad as cantidad2_2_0_, detalletic0_.cantidadporproducto as cantidad3_2_0_, detalletic0_.montodepago as montodep4_2_0_, detalletic0_.subtotal as subtotal5_2_0_, detalletic0_.idtipodepago as idtipode8_2_0_, detalletic0_.total as total6_2_0_ from detalleticket detalletic0_ where detalletic0_.iddetalleticket=? for update
13:56:38.871 [main] DEBUG o.h.l.p.b.i.spaces.QuerySpacesImpl - Adding QuerySpace : uid = <gen:0> -> org.hibernate.loader.plan.build.internal.spaces.EntityQuerySpaceImpl@5f7b97da]
13:56:38.871 [main] DEBUG o.h.p.w.spi.MetamodelGraphWalker - Visiting attribute path : cabeceraticket
13:56:38.872 [main] DEBUG o.h.l.p.b.i.spaces.QuerySpacesImpl - Adding QuerySpace : uid = <gen:1> -> org.hibernate.loader.plan.build.internal.spaces.EntityQuerySpaceImpl@6b7906b3]
13:56:38.872 [main] DEBUG o.h.p.w.spi.MetamodelGraphWalker - Visiting attribute path : cantidad
13:56:38.872 [main] DEBUG o.h.p.w.spi.MetamodelGraphWalker - Visiting attribute path : cantidadporproducto
13:56:38.872 [main] DEBUG o.h.p.w.spi.MetamodelGraphWalker - Visiting attribute path : detalleofertas
13:56:38.872 [main] DEBUG o.h.p.w.spi.MetamodelGraphWalker - Visiting attribute path : montodepago
13:56:38.872 [main] DEBUG o.h.p.w.spi.MetamodelGraphWalker - Visiting attribute path : productos
13:56:38.872 [main] DEBUG o.h.p.w.spi.MetamodelGraphWalker - Visiting attribute path : subtotal
13:56:38.872 [main] DEBUG o.h.p.w.spi.MetamodelGraphWalker - Visiting attribute path : tipodepago
13:56:38.872 [main] DEBUG o.h.l.p.b.i.spaces.QuerySpacesImpl - Adding QuerySpace : uid = <gen:2> -> org.hibernate.loader.plan.build.internal.spaces.EntityQuerySpaceImpl@3a1dd365]
13:56:38.872 [main] DEBUG o.h.p.w.spi.MetamodelGraphWalker - Visiting attribute path : total
13:56:38.872 [main] DEBUG o.h.l.p.b.i.FetchStyleLoadPlanBuildingAssociationVisitationStrategy - Building LoadPlan...
13:56:38.873 [main] DEBUG o.h.l.p.e.i.LoadQueryJoinAndFetchProcessor - processing queryspace <gen:0>
13:56:38.873 [main] DEBUG o.h.l.p.b.spi.LoadPlanTreePrinter - LoadPlan(entity=com.fabiocompany.supermercadosdeltaplus.model.Detalleticket)
    - Returns
       - EntityReturnImpl(entity=com.fabiocompany.supermercadosdeltaplus.model.Detalleticket, querySpaceUid=<gen:0>, path=com.fabiocompany.supermercadosdeltaplus.model.Detalleticket)
          - EntityAttributeFetchImpl(entity=com.fabiocompany.supermercadosdeltaplus.model.Cabeceraticket, querySpaceUid=<gen:1>, path=com.fabiocompany.supermercadosdeltaplus.model.Detalleticket.cabeceraticket)
          - EntityAttributeFetchImpl(entity=com.fabiocompany.supermercadosdeltaplus.model.Tipodepago, querySpaceUid=<gen:2>, path=com.fabiocompany.supermercadosdeltaplus.model.Detalleticket.tipodepago)
    - QuerySpaces
       - EntityQuerySpaceImpl(uid=<gen:0>, entity=com.fabiocompany.supermercadosdeltaplus.model.Detalleticket)
          - SQL table alias mapping - detalletic0_
          - alias suffix - 0_
          - suffixed key columns - {iddetall1_2_0_}

13:56:38.873 [main] DEBUG o.h.loader.entity.plan.EntityLoader - Static select for entity com.fabiocompany.supermercadosdeltaplus.model.Detalleticket [PESSIMISTIC_READ]: select detalletic0_.iddetalleticket as iddetall1_2_0_, detalletic0_.idticket as idticket7_2_0_, detalletic0_.cantidad as cantidad2_2_0_, detalletic0_.cantidadporproducto as cantidad3_2_0_, detalletic0_.montodepago as montodep4_2_0_, detalletic0_.subtotal as subtotal5_2_0_, detalletic0_.idtipodepago as idtipode8_2_0_, detalletic0_.total as total6_2_0_ from detalleticket detalletic0_ where detalletic0_.iddetalleticket=? lock in share mode
13:56:38.874 [main] DEBUG o.h.l.p.b.i.spaces.QuerySpacesImpl - Adding QuerySpace : uid = <gen:0> -> org.hibernate.loader.plan.build.internal.spaces.EntityQuerySpaceImpl@395b56bb]
13:56:38.874 [main] DEBUG o.h.p.w.spi.MetamodelGraphWalker - Visiting attribute path : cabeceraticket
13:56:38.874 [main] DEBUG o.h.l.p.b.i.spaces.QuerySpacesImpl - Adding QuerySpace : uid = <gen:1> -> org.hibernate.loader.plan.build.internal.spaces.EntityQuerySpaceImpl@68044f4]
13:56:38.874 [main] DEBUG o.h.p.w.spi.MetamodelGraphWalker - Visiting attribute path : cantidad
13:56:38.874 [main] DEBUG o.h.p.w.spi.MetamodelGraphWalker - Visiting attribute path : cantidadporproducto
13:56:38.874 [main] DEBUG o.h.p.w.spi.MetamodelGraphWalker - Visiting attribute path : detalleofertas
13:56:38.874 [main] DEBUG o.h.p.w.spi.MetamodelGraphWalker - Visiting attribute path : montodepago
13:56:38.874 [main] DEBUG o.h.p.w.spi.MetamodelGraphWalker - Visiting attribute path : productos
13:56:38.874 [main] DEBUG o.h.p.w.spi.MetamodelGraphWalker - Visiting attribute path : subtotal
13:56:38.874 [main] DEBUG o.h.p.w.spi.MetamodelGraphWalker - Visiting attribute path : tipodepago
13:56:38.874 [main] DEBUG o.h.l.p.b.i.spaces.QuerySpacesImpl - Adding QuerySpace : uid = <gen:2> -> org.hibernate.loader.plan.build.internal.spaces.EntityQuerySpaceImpl@52d239ba]
13:56:38.874 [main] DEBUG o.h.p.w.spi.MetamodelGraphWalker - Visiting attribute path : total
13:56:38.874 [main] DEBUG o.h.l.p.b.i.FetchStyleLoadPlanBuildingAssociationVisitationStrategy - Building LoadPlan...
13:56:38.875 [main] DEBUG o.h.l.p.e.i.LoadQueryJoinAndFetchProcessor - processing queryspace <gen:0>
13:56:38.881 [main] DEBUG o.h.l.p.b.spi.LoadPlanTreePrinter - LoadPlan(entity=com.fabiocompany.supermercadosdeltaplus.model.Detalleticket)
    - Returns
       - EntityReturnImpl(entity=com.fabiocompany.supermercadosdeltaplus.model.Detalleticket, querySpaceUid=<gen:0>, path=com.fabiocompany.supermercadosdeltaplus.model.Detalleticket)
          - EntityAttributeFetchImpl(entity=com.fabiocompany.supermercadosdeltaplus.model.Cabeceraticket, querySpaceUid=<gen:1>, path=com.fabiocompany.supermercadosdeltaplus.model.Detalleticket.cabeceraticket)
          - EntityAttributeFetchImpl(entity=com.fabiocompany.supermercadosdeltaplus.model.Tipodepago, querySpaceUid=<gen:2>, path=com.fabiocompany.supermercadosdeltaplus.model.Detalleticket.tipodepago)
    - QuerySpaces
       - EntityQuerySpaceImpl(uid=<gen:0>, entity=com.fabiocompany.supermercadosdeltaplus.model.Detalleticket)
          - SQL table alias mapping - detalletic0_
          - alias suffix - 0_
          - suffixed key columns - {iddetall1_2_0_}

13:56:38.882 [main] DEBUG o.h.loader.entity.plan.EntityLoader - Static select for entity com.fabiocompany.supermercadosdeltaplus.model.Detalleticket [PESSIMISTIC_WRITE]: select detalletic0_.iddetalleticket as iddetall1_2_0_, detalletic0_.idticket as idticket7_2_0_, detalletic0_.cantidad as cantidad2_2_0_, detalletic0_.cantidadporproducto as cantidad3_2_0_, detalletic0_.montodepago as montodep4_2_0_, detalletic0_.subtotal as subtotal5_2_0_, detalletic0_.idtipodepago as idtipode8_2_0_, detalletic0_.total as total6_2_0_ from detalleticket detalletic0_ where detalletic0_.iddetalleticket=? for update
13:56:38.883 [main] DEBUG o.h.l.p.b.i.spaces.QuerySpacesImpl - Adding QuerySpace : uid = <gen:0> -> org.hibernate.loader.plan.build.internal.spaces.EntityQuerySpaceImpl@315f43d5]
13:56:38.884 [main] DEBUG o.h.p.w.spi.MetamodelGraphWalker - Visiting attribute path : cabeceraticket
13:56:38.884 [main] DEBUG o.h.l.p.b.i.spaces.QuerySpacesImpl - Adding QuerySpace : uid = <gen:1> -> org.hibernate.loader.plan.build.internal.spaces.EntityQuerySpaceImpl@6c5945a7]
13:56:38.884 [main] DEBUG o.h.p.w.spi.MetamodelGraphWalker - Visiting attribute path : cantidad
13:56:38.884 [main] DEBUG o.h.p.w.spi.MetamodelGraphWalker - Visiting attribute path : cantidadporproducto
13:56:38.885 [main] DEBUG o.h.p.w.spi.MetamodelGraphWalker - Visiting attribute path : detalleofertas
13:56:38.885 [main] DEBUG o.h.p.w.spi.MetamodelGraphWalker - Visiting attribute path : montodepago
13:56:38.885 [main] DEBUG o.h.p.w.spi.MetamodelGraphWalker - Visiting attribute path : productos
13:56:38.885 [main] DEBUG o.h.p.w.spi.MetamodelGraphWalker - Visiting attribute path : subtotal
13:56:38.885 [main] DEBUG o.h.p.w.spi.MetamodelGraphWalker - Visiting attribute path : tipodepago
13:56:38.885 [main] DEBUG o.h.l.p.b.i.spaces.QuerySpacesImpl - Adding QuerySpace : uid = <gen:2> -> org.hibernate.loader.plan.build.internal.spaces.EntityQuerySpaceImpl@2f05be7f]
13:56:38.885 [main] DEBUG o.h.p.w.spi.MetamodelGraphWalker - Visiting attribute path : total
13:56:38.885 [main] DEBUG o.h.l.p.b.i.FetchStyleLoadPlanBuildingAssociationVisitationStrategy - Building LoadPlan...
13:56:38.885 [main] DEBUG o.h.l.p.e.i.LoadQueryJoinAndFetchProcessor - processing queryspace <gen:0>
13:56:38.887 [main] DEBUG o.h.l.p.b.spi.LoadPlanTreePrinter - LoadPlan(entity=com.fabiocompany.supermercadosdeltaplus.model.Detalleticket)
    - Returns
       - EntityReturnImpl(entity=com.fabiocompany.supermercadosdeltaplus.model.Detalleticket, querySpaceUid=<gen:0>, path=com.fabiocompany.supermercadosdeltaplus.model.Detalleticket)
          - EntityAttributeFetchImpl(entity=com.fabiocompany.supermercadosdeltaplus.model.Cabeceraticket, querySpaceUid=<gen:1>, path=com.fabiocompany.supermercadosdeltaplus.model.Detalleticket.cabeceraticket)
          - EntityAttributeFetchImpl(entity=com.fabiocompany.supermercadosdeltaplus.model.Tipodepago, querySpaceUid=<gen:2>, path=com.fabiocompany.supermercadosdeltaplus.model.Detalleticket.tipodepago)
    - QuerySpaces
       - EntityQuerySpaceImpl(uid=<gen:0>, entity=com.fabiocompany.supermercadosdeltaplus.model.Detalleticket)
          - SQL table alias mapping - detalletic0_
          - alias suffix - 0_
          - suffixed key columns - {iddetall1_2_0_}

13:56:38.887 [main] DEBUG o.h.loader.entity.plan.EntityLoader - Static select for entity com.fabiocompany.supermercadosdeltaplus.model.Detalleticket [PESSIMISTIC_FORCE_INCREMENT]: select detalletic0_.iddetalleticket as iddetall1_2_0_, detalletic0_.idticket as idticket7_2_0_, detalletic0_.cantidad as cantidad2_2_0_, detalletic0_.cantidadporproducto as cantidad3_2_0_, detalletic0_.montodepago as montodep4_2_0_, detalletic0_.subtotal as subtotal5_2_0_, detalletic0_.idtipodepago as idtipode8_2_0_, detalletic0_.total as total6_2_0_ from detalleticket detalletic0_ where detalletic0_.iddetalleticket=? for update
13:56:38.887 [main] DEBUG o.h.l.p.b.i.spaces.QuerySpacesImpl - Adding QuerySpace : uid = <gen:0> -> org.hibernate.loader.plan.build.internal.spaces.EntityQuerySpaceImpl@640f11a1]
13:56:38.887 [main] DEBUG o.h.p.w.spi.MetamodelGraphWalker - Visiting attribute path : cabeceraticket
13:56:38.888 [main] DEBUG o.h.l.p.b.i.spaces.QuerySpacesImpl - Adding QuerySpace : uid = <gen:1> -> org.hibernate.loader.plan.build.internal.spaces.EntityQuerySpaceImpl@7ac2e39b]
13:56:38.888 [main] DEBUG o.h.p.w.spi.MetamodelGraphWalker - Visiting attribute path : cantidad
13:56:38.888 [main] DEBUG o.h.p.w.spi.MetamodelGraphWalker - Visiting attribute path : cantidadporproducto
13:56:38.888 [main] DEBUG o.h.p.w.spi.MetamodelGraphWalker - Visiting attribute path : detalleofertas
13:56:38.888 [main] DEBUG o.h.p.w.spi.MetamodelGraphWalker - Visiting attribute path : montodepago
13:56:38.888 [main] DEBUG o.h.p.w.spi.MetamodelGraphWalker - Visiting attribute path : productos
13:56:38.888 [main] DEBUG o.h.p.w.spi.MetamodelGraphWalker - Visiting attribute path : subtotal
13:56:38.888 [main] DEBUG o.h.p.w.spi.MetamodelGraphWalker - Visiting attribute path : tipodepago
13:56:38.888 [main] DEBUG o.h.l.p.b.i.spaces.QuerySpacesImpl - Adding QuerySpace : uid = <gen:2> -> org.hibernate.loader.plan.build.internal.spaces.EntityQuerySpaceImpl@78365cfa]
13:56:38.888 [main] DEBUG o.h.p.w.spi.MetamodelGraphWalker - Visiting attribute path : total
13:56:38.888 [main] DEBUG o.h.l.p.b.i.FetchStyleLoadPlanBuildingAssociationVisitationStrategy - Building LoadPlan...
13:56:38.890 [main] DEBUG o.h.l.p.e.i.LoadQueryJoinAndFetchProcessor - processing queryspace <gen:0>
13:56:38.901 [main] DEBUG o.h.l.p.b.spi.LoadPlanTreePrinter - LoadPlan(entity=com.fabiocompany.supermercadosdeltaplus.model.Detalleticket)
    - Returns
       - EntityReturnImpl(entity=com.fabiocompany.supermercadosdeltaplus.model.Detalleticket, querySpaceUid=<gen:0>, path=com.fabiocompany.supermercadosdeltaplus.model.Detalleticket)
          - EntityAttributeFetchImpl(entity=com.fabiocompany.supermercadosdeltaplus.model.Cabeceraticket, querySpaceUid=<gen:1>, path=com.fabiocompany.supermercadosdeltaplus.model.Detalleticket.cabeceraticket)
          - EntityAttributeFetchImpl(entity=com.fabiocompany.supermercadosdeltaplus.model.Tipodepago, querySpaceUid=<gen:2>, path=com.fabiocompany.supermercadosdeltaplus.model.Detalleticket.tipodepago)
    - QuerySpaces
       - EntityQuerySpaceImpl(uid=<gen:0>, entity=com.fabiocompany.supermercadosdeltaplus.model.Detalleticket)
          - SQL table alias mapping - detalletic0_
          - alias suffix - 0_
          - suffixed key columns - {iddetall1_2_0_}

13:56:38.901 [main] DEBUG o.h.loader.entity.plan.EntityLoader - Static select for entity com.fabiocompany.supermercadosdeltaplus.model.Detalleticket [OPTIMISTIC]: select detalletic0_.iddetalleticket as iddetall1_2_0_, detalletic0_.idticket as idticket7_2_0_, detalletic0_.cantidad as cantidad2_2_0_, detalletic0_.cantidadporproducto as cantidad3_2_0_, detalletic0_.montodepago as montodep4_2_0_, detalletic0_.subtotal as subtotal5_2_0_, detalletic0_.idtipodepago as idtipode8_2_0_, detalletic0_.total as total6_2_0_ from detalleticket detalletic0_ where detalletic0_.iddetalleticket=?
13:56:38.902 [main] DEBUG o.h.l.p.b.i.spaces.QuerySpacesImpl - Adding QuerySpace : uid = <gen:0> -> org.hibernate.loader.plan.build.internal.spaces.EntityQuerySpaceImpl@64a8c844]
13:56:38.902 [main] DEBUG o.h.p.w.spi.MetamodelGraphWalker - Visiting attribute path : cabeceraticket
13:56:38.903 [main] DEBUG o.h.l.p.b.i.spaces.QuerySpacesImpl - Adding QuerySpace : uid = <gen:1> -> org.hibernate.loader.plan.build.internal.spaces.EntityQuerySpaceImpl@52de51b6]
13:56:38.903 [main] DEBUG o.h.p.w.spi.MetamodelGraphWalker - Visiting attribute path : cantidad
13:56:38.904 [main] DEBUG o.h.p.w.spi.MetamodelGraphWalker - Visiting attribute path : cantidadporproducto
13:56:38.904 [main] DEBUG o.h.p.w.spi.MetamodelGraphWalker - Visiting attribute path : detalleofertas
13:56:38.904 [main] DEBUG o.h.p.w.spi.MetamodelGraphWalker - Visiting attribute path : montodepago
13:56:38.904 [main] DEBUG o.h.p.w.spi.MetamodelGraphWalker - Visiting attribute path : productos
13:56:38.904 [main] DEBUG o.h.p.w.spi.MetamodelGraphWalker - Visiting attribute path : subtotal
13:56:38.904 [main] DEBUG o.h.p.w.spi.MetamodelGraphWalker - Visiting attribute path : tipodepago
13:56:38.904 [main] DEBUG o.h.l.p.b.i.spaces.QuerySpacesImpl - Adding QuerySpace : uid = <gen:2> -> org.hibernate.loader.plan.build.internal.spaces.EntityQuerySpaceImpl@18c5069b]
13:56:38.905 [main] DEBUG o.h.p.w.spi.MetamodelGraphWalker - Visiting attribute path : total
13:56:38.906 [main] DEBUG o.h.l.p.b.i.FetchStyleLoadPlanBuildingAssociationVisitationStrategy - Building LoadPlan...
13:56:38.907 [main] DEBUG o.h.l.p.e.i.LoadQueryJoinAndFetchProcessor - processing queryspace <gen:0>
13:56:38.910 [main] DEBUG o.h.l.p.b.spi.LoadPlanTreePrinter - LoadPlan(entity=com.fabiocompany.supermercadosdeltaplus.model.Detalleticket)
    - Returns
       - EntityReturnImpl(entity=com.fabiocompany.supermercadosdeltaplus.model.Detalleticket, querySpaceUid=<gen:0>, path=com.fabiocompany.supermercadosdeltaplus.model.Detalleticket)
          - EntityAttributeFetchImpl(entity=com.fabiocompany.supermercadosdeltaplus.model.Cabeceraticket, querySpaceUid=<gen:1>, path=com.fabiocompany.supermercadosdeltaplus.model.Detalleticket.cabeceraticket)
          - EntityAttributeFetchImpl(entity=com.fabiocompany.supermercadosdeltaplus.model.Tipodepago, querySpaceUid=<gen:2>, path=com.fabiocompany.supermercadosdeltaplus.model.Detalleticket.tipodepago)
    - QuerySpaces
       - EntityQuerySpaceImpl(uid=<gen:0>, entity=com.fabiocompany.supermercadosdeltaplus.model.Detalleticket)
          - SQL table alias mapping - detalletic0_
          - alias suffix - 0_
          - suffixed key columns - {iddetall1_2_0_}

13:56:38.910 [main] DEBUG o.h.loader.entity.plan.EntityLoader - Static select for entity com.fabiocompany.supermercadosdeltaplus.model.Detalleticket [OPTIMISTIC_FORCE_INCREMENT]: select detalletic0_.iddetalleticket as iddetall1_2_0_, detalletic0_.idticket as idticket7_2_0_, detalletic0_.cantidad as cantidad2_2_0_, detalletic0_.cantidadporproducto as cantidad3_2_0_, detalletic0_.montodepago as montodep4_2_0_, detalletic0_.subtotal as subtotal5_2_0_, detalletic0_.idtipodepago as idtipode8_2_0_, detalletic0_.total as total6_2_0_ from detalleticket detalletic0_ where detalletic0_.iddetalleticket=?
13:56:38.914 [main] DEBUG org.hibernate.loader.Loader - Static select for action ACTION_MERGE on entity com.fabiocompany.supermercadosdeltaplus.model.Detalleticket: select detalletic0_.iddetalleticket as iddetall1_2_1_, detalletic0_.idticket as idticket7_2_1_, detalletic0_.cantidad as cantidad2_2_1_, detalletic0_.cantidadporproducto as cantidad3_2_1_, detalletic0_.montodepago as montodep4_2_1_, detalletic0_.subtotal as subtotal5_2_1_, detalletic0_.idtipodepago as idtipode8_2_1_, detalletic0_.total as total6_2_1_, detalleofe1_.iddetalleticket as iddetall1_2_3_, detalleofe2_.iddetalleoferta as iddetall2_6_3_, detalleofe2_.iddetalleoferta as iddetall1_1_0_, detalleofe2_.descripciondepromocion as descripc2_1_0_, detalleofe2_.montodedescuento as montoded3_1_0_ from detalleticket detalletic0_ left outer join ticketsyofertas detalleofe1_ on detalletic0_.iddetalleticket=detalleofe1_.iddetalleticket left outer join detalleoferta detalleofe2_ on detalleofe1_.iddetalleoferta=detalleofe2_.iddetalleoferta where detalletic0_.iddetalleticket=?
13:56:38.919 [main] DEBUG org.hibernate.loader.Loader - Static select for action ACTION_REFRESH on entity com.fabiocompany.supermercadosdeltaplus.model.Detalleticket: select detalletic0_.iddetalleticket as iddetall1_2_1_, detalletic0_.idticket as idticket7_2_1_, detalletic0_.cantidad as cantidad2_2_1_, detalletic0_.cantidadporproducto as cantidad3_2_1_, detalletic0_.montodepago as montodep4_2_1_, detalletic0_.subtotal as subtotal5_2_1_, detalletic0_.idtipodepago as idtipode8_2_1_, detalletic0_.total as total6_2_1_, detalleofe1_.iddetalleticket as iddetall1_2_3_, detalleofe2_.iddetalleoferta as iddetall2_6_3_, detalleofe2_.iddetalleoferta as iddetall1_1_0_, detalleofe2_.descripciondepromocion as descripc2_1_0_, detalleofe2_.montodedescuento as montoded3_1_0_ from detalleticket detalletic0_ left outer join ticketsyofertas detalleofe1_ on detalletic0_.iddetalleticket=detalleofe1_.iddetalleticket left outer join detalleoferta detalleofe2_ on detalleofe1_.iddetalleoferta=detalleofe2_.iddetalleoferta where detalletic0_.iddetalleticket=?
13:56:38.920 [main] DEBUG o.h.p.entity.AbstractEntityPersister - Static SQL for entity: com.fabiocompany.supermercadosdeltaplus.model.Tipodepago
13:56:38.920 [main] DEBUG o.h.p.entity.AbstractEntityPersister -  Version select: select idtipodepago from tipodepago where idtipodepago =?
13:56:38.920 [main] DEBUG o.h.p.entity.AbstractEntityPersister -  Snapshot select: select tipodepago_.idtipodepago, tipodepago_.descripciontipodepago as descripc2_8_ from tipodepago tipodepago_ where tipodepago_.idtipodepago=?
13:56:38.920 [main] DEBUG o.h.p.entity.AbstractEntityPersister -  Insert 0: insert into tipodepago (descripciontipodepago, idtipodepago) values (?, ?)
13:56:38.920 [main] DEBUG o.h.p.entity.AbstractEntityPersister -  Update 0: update tipodepago set descripciontipodepago=? where idtipodepago=?
13:56:38.920 [main] DEBUG o.h.p.entity.AbstractEntityPersister -  Delete 0: delete from tipodepago where idtipodepago=?
13:56:38.920 [main] DEBUG o.h.p.entity.AbstractEntityPersister -  Identity insert: insert into tipodepago (descripciontipodepago) values (?)
13:56:38.920 [main] DEBUG o.h.l.p.b.i.spaces.QuerySpacesImpl - Adding QuerySpace : uid = <gen:0> -> org.hibernate.loader.plan.build.internal.spaces.EntityQuerySpaceImpl@485e36bc]
13:56:38.920 [main] DEBUG o.h.p.w.spi.MetamodelGraphWalker - Visiting attribute path : descripciontipodepago
13:56:38.920 [main] DEBUG o.h.p.w.spi.MetamodelGraphWalker - Visiting attribute path : detalletickets
13:56:38.920 [main] DEBUG o.h.p.w.spi.MetamodelGraphWalker - Visiting attribute path : tarjetas
13:56:38.921 [main] DEBUG o.h.l.p.b.i.FetchStyleLoadPlanBuildingAssociationVisitationStrategy - Building LoadPlan...
13:56:38.921 [main] DEBUG o.h.l.p.e.i.LoadQueryJoinAndFetchProcessor - processing queryspace <gen:0>
13:56:38.921 [main] DEBUG o.h.l.p.b.spi.LoadPlanTreePrinter - LoadPlan(entity=com.fabiocompany.supermercadosdeltaplus.model.Tipodepago)
    - Returns
       - EntityReturnImpl(entity=com.fabiocompany.supermercadosdeltaplus.model.Tipodepago, querySpaceUid=<gen:0>, path=com.fabiocompany.supermercadosdeltaplus.model.Tipodepago)
    - QuerySpaces
       - EntityQuerySpaceImpl(uid=<gen:0>, entity=com.fabiocompany.supermercadosdeltaplus.model.Tipodepago)
          - SQL table alias mapping - tipodepago0_
          - alias suffix - 0_
          - suffixed key columns - {idtipode1_8_0_}

13:56:38.921 [main] DEBUG o.h.loader.entity.plan.EntityLoader - Static select for entity com.fabiocompany.supermercadosdeltaplus.model.Tipodepago [NONE]: select tipodepago0_.idtipodepago as idtipode1_8_0_, tipodepago0_.descripciontipodepago as descripc2_8_0_ from tipodepago tipodepago0_ where tipodepago0_.idtipodepago=?
13:56:38.922 [main] DEBUG o.h.l.p.b.i.spaces.QuerySpacesImpl - Adding QuerySpace : uid = <gen:0> -> org.hibernate.loader.plan.build.internal.spaces.EntityQuerySpaceImpl@2a79d4b1]
13:56:38.922 [main] DEBUG o.h.p.w.spi.MetamodelGraphWalker - Visiting attribute path : descripciontipodepago
13:56:38.922 [main] DEBUG o.h.p.w.spi.MetamodelGraphWalker - Visiting attribute path : detalletickets
13:56:38.923 [main] DEBUG o.h.p.w.spi.MetamodelGraphWalker - Visiting attribute path : tarjetas
13:56:38.928 [main] DEBUG o.h.l.p.b.i.FetchStyleLoadPlanBuildingAssociationVisitationStrategy - Building LoadPlan...
13:56:38.928 [main] DEBUG o.h.l.p.e.i.LoadQueryJoinAndFetchProcessor - processing queryspace <gen:0>
13:56:38.929 [main] DEBUG o.h.l.p.b.spi.LoadPlanTreePrinter - LoadPlan(entity=com.fabiocompany.supermercadosdeltaplus.model.Tipodepago)
    - Returns
       - EntityReturnImpl(entity=com.fabiocompany.supermercadosdeltaplus.model.Tipodepago, querySpaceUid=<gen:0>, path=com.fabiocompany.supermercadosdeltaplus.model.Tipodepago)
    - QuerySpaces
       - EntityQuerySpaceImpl(uid=<gen:0>, entity=com.fabiocompany.supermercadosdeltaplus.model.Tipodepago)
          - SQL table alias mapping - tipodepago0_
          - alias suffix - 0_
          - suffixed key columns - {idtipode1_8_0_}

13:56:38.929 [main] DEBUG o.h.loader.entity.plan.EntityLoader - Static select for entity com.fabiocompany.supermercadosdeltaplus.model.Tipodepago [READ]: select tipodepago0_.idtipodepago as idtipode1_8_0_, tipodepago0_.descripciontipodepago as descripc2_8_0_ from tipodepago tipodepago0_ where tipodepago0_.idtipodepago=?
13:56:38.930 [main] DEBUG o.h.l.p.b.i.spaces.QuerySpacesImpl - Adding QuerySpace : uid = <gen:0> -> org.hibernate.loader.plan.build.internal.spaces.EntityQuerySpaceImpl@17cdf2d0]
13:56:38.931 [main] DEBUG o.h.p.w.spi.MetamodelGraphWalker - Visiting attribute path : descripciontipodepago
13:56:38.931 [main] DEBUG o.h.p.w.spi.MetamodelGraphWalker - Visiting attribute path : detalletickets
13:56:38.931 [main] DEBUG o.h.p.w.spi.MetamodelGraphWalker - Visiting attribute path : tarjetas
13:56:38.932 [main] DEBUG o.h.l.p.b.i.FetchStyleLoadPlanBuildingAssociationVisitationStrategy - Building LoadPlan...
13:56:38.935 [main] DEBUG o.h.l.p.e.i.LoadQueryJoinAndFetchProcessor - processing queryspace <gen:0>
13:56:38.941 [main] DEBUG o.h.l.p.b.spi.LoadPlanTreePrinter - LoadPlan(entity=com.fabiocompany.supermercadosdeltaplus.model.Tipodepago)
    - Returns
       - EntityReturnImpl(entity=com.fabiocompany.supermercadosdeltaplus.model.Tipodepago, querySpaceUid=<gen:0>, path=com.fabiocompany.supermercadosdeltaplus.model.Tipodepago)
    - QuerySpaces
       - EntityQuerySpaceImpl(uid=<gen:0>, entity=com.fabiocompany.supermercadosdeltaplus.model.Tipodepago)
          - SQL table alias mapping - tipodepago0_
          - alias suffix - 0_
          - suffixed key columns - {idtipode1_8_0_}

13:56:38.942 [main] DEBUG o.h.loader.entity.plan.EntityLoader - Static select for entity com.fabiocompany.supermercadosdeltaplus.model.Tipodepago [UPGRADE]: select tipodepago0_.idtipodepago as idtipode1_8_0_, tipodepago0_.descripciontipodepago as descripc2_8_0_ from tipodepago tipodepago0_ where tipodepago0_.idtipodepago=? for update
13:56:38.942 [main] DEBUG o.h.l.p.b.i.spaces.QuerySpacesImpl - Adding QuerySpace : uid = <gen:0> -> org.hibernate.loader.plan.build.internal.spaces.EntityQuerySpaceImpl@736d6a5c]
13:56:38.952 [main] DEBUG o.h.p.w.spi.MetamodelGraphWalker - Visiting attribute path : descripciontipodepago
13:56:38.952 [main] DEBUG o.h.p.w.spi.MetamodelGraphWalker - Visiting attribute path : detalletickets
13:56:38.952 [main] DEBUG o.h.p.w.spi.MetamodelGraphWalker - Visiting attribute path : tarjetas
13:56:38.959 [main] DEBUG o.h.l.p.b.i.FetchStyleLoadPlanBuildingAssociationVisitationStrategy - Building LoadPlan...
13:56:38.960 [main] DEBUG o.h.l.p.e.i.LoadQueryJoinAndFetchProcessor - processing queryspace <gen:0>
13:56:38.961 [main] DEBUG o.h.l.p.b.spi.LoadPlanTreePrinter - LoadPlan(entity=com.fabiocompany.supermercadosdeltaplus.model.Tipodepago)
    - Returns
       - EntityReturnImpl(entity=com.fabiocompany.supermercadosdeltaplus.model.Tipodepago, querySpaceUid=<gen:0>, path=com.fabiocompany.supermercadosdeltaplus.model.Tipodepago)
    - QuerySpaces
       - EntityQuerySpaceImpl(uid=<gen:0>, entity=com.fabiocompany.supermercadosdeltaplus.model.Tipodepago)
          - SQL table alias mapping - tipodepago0_
          - alias suffix - 0_
          - suffixed key columns - {idtipode1_8_0_}

13:56:38.961 [main] DEBUG o.h.loader.entity.plan.EntityLoader - Static select for entity com.fabiocompany.supermercadosdeltaplus.model.Tipodepago [UPGRADE_NOWAIT]: select tipodepago0_.idtipodepago as idtipode1_8_0_, tipodepago0_.descripciontipodepago as descripc2_8_0_ from tipodepago tipodepago0_ where tipodepago0_.idtipodepago=? for update
13:56:38.962 [main] DEBUG o.h.l.p.b.i.spaces.QuerySpacesImpl - Adding QuerySpace : uid = <gen:0> -> org.hibernate.loader.plan.build.internal.spaces.EntityQuerySpaceImpl@5b529706]
13:56:38.962 [main] DEBUG o.h.p.w.spi.MetamodelGraphWalker - Visiting attribute path : descripciontipodepago
13:56:38.962 [main] DEBUG o.h.p.w.spi.MetamodelGraphWalker - Visiting attribute path : detalletickets
13:56:38.963 [main] DEBUG o.h.p.w.spi.MetamodelGraphWalker - Visiting attribute path : tarjetas
13:56:38.964 [main] DEBUG o.h.l.p.b.i.FetchStyleLoadPlanBuildingAssociationVisitationStrategy - Building LoadPlan...
13:56:38.964 [main] DEBUG o.h.l.p.e.i.LoadQueryJoinAndFetchProcessor - processing queryspace <gen:0>
13:56:38.965 [main] DEBUG o.h.l.p.b.spi.LoadPlanTreePrinter - LoadPlan(entity=com.fabiocompany.supermercadosdeltaplus.model.Tipodepago)
    - Returns
       - EntityReturnImpl(entity=com.fabiocompany.supermercadosdeltaplus.model.Tipodepago, querySpaceUid=<gen:0>, path=com.fabiocompany.supermercadosdeltaplus.model.Tipodepago)
    - QuerySpaces
       - EntityQuerySpaceImpl(uid=<gen:0>, entity=com.fabiocompany.supermercadosdeltaplus.model.Tipodepago)
          - SQL table alias mapping - tipodepago0_
          - alias suffix - 0_
          - suffixed key columns - {idtipode1_8_0_}

13:56:38.965 [main] DEBUG o.h.loader.entity.plan.EntityLoader - Static select for entity com.fabiocompany.supermercadosdeltaplus.model.Tipodepago [UPGRADE_SKIPLOCKED]: select tipodepago0_.idtipodepago as idtipode1_8_0_, tipodepago0_.descripciontipodepago as descripc2_8_0_ from tipodepago tipodepago0_ where tipodepago0_.idtipodepago=? for update
13:56:38.965 [main] DEBUG o.h.l.p.b.i.spaces.QuerySpacesImpl - Adding QuerySpace : uid = <gen:0> -> org.hibernate.loader.plan.build.internal.spaces.EntityQuerySpaceImpl@7b5a12ae]
13:56:38.965 [main] DEBUG o.h.p.w.spi.MetamodelGraphWalker - Visiting attribute path : descripciontipodepago
13:56:38.965 [main] DEBUG o.h.p.w.spi.MetamodelGraphWalker - Visiting attribute path : detalletickets
13:56:38.966 [main] DEBUG o.h.p.w.spi.MetamodelGraphWalker - Visiting attribute path : tarjetas
13:56:38.966 [main] DEBUG o.h.l.p.b.i.FetchStyleLoadPlanBuildingAssociationVisitationStrategy - Building LoadPlan...
13:56:38.967 [main] DEBUG o.h.l.p.e.i.LoadQueryJoinAndFetchProcessor - processing queryspace <gen:0>
13:56:38.967 [main] DEBUG o.h.l.p.b.spi.LoadPlanTreePrinter - LoadPlan(entity=com.fabiocompany.supermercadosdeltaplus.model.Tipodepago)
    - Returns
       - EntityReturnImpl(entity=com.fabiocompany.supermercadosdeltaplus.model.Tipodepago, querySpaceUid=<gen:0>, path=com.fabiocompany.supermercadosdeltaplus.model.Tipodepago)
    - QuerySpaces
       - EntityQuerySpaceImpl(uid=<gen:0>, entity=com.fabiocompany.supermercadosdeltaplus.model.Tipodepago)
          - SQL table alias mapping - tipodepago0_
          - alias suffix - 0_
          - suffixed key columns - {idtipode1_8_0_}

13:56:38.967 [main] DEBUG o.h.loader.entity.plan.EntityLoader - Static select for entity com.fabiocompany.supermercadosdeltaplus.model.Tipodepago [FORCE]: select tipodepago0_.idtipodepago as idtipode1_8_0_, tipodepago0_.descripciontipodepago as descripc2_8_0_ from tipodepago tipodepago0_ where tipodepago0_.idtipodepago=? for update
13:56:38.967 [main] DEBUG o.h.l.p.b.i.spaces.QuerySpacesImpl - Adding QuerySpace : uid = <gen:0> -> org.hibernate.loader.plan.build.internal.spaces.EntityQuerySpaceImpl@1af687fe]
13:56:38.968 [main] DEBUG o.h.p.w.spi.MetamodelGraphWalker - Visiting attribute path : descripciontipodepago
13:56:38.968 [main] DEBUG o.h.p.w.spi.MetamodelGraphWalker - Visiting attribute path : detalletickets
13:56:38.968 [main] DEBUG o.h.p.w.spi.MetamodelGraphWalker - Visiting attribute path : tarjetas
13:56:38.968 [main] DEBUG o.h.l.p.b.i.FetchStyleLoadPlanBuildingAssociationVisitationStrategy - Building LoadPlan...
13:56:38.968 [main] DEBUG o.h.l.p.e.i.LoadQueryJoinAndFetchProcessor - processing queryspace <gen:0>
13:56:38.970 [main] DEBUG o.h.l.p.b.spi.LoadPlanTreePrinter - LoadPlan(entity=com.fabiocompany.supermercadosdeltaplus.model.Tipodepago)
    - Returns
       - EntityReturnImpl(entity=com.fabiocompany.supermercadosdeltaplus.model.Tipodepago, querySpaceUid=<gen:0>, path=com.fabiocompany.supermercadosdeltaplus.model.Tipodepago)
    - QuerySpaces
       - EntityQuerySpaceImpl(uid=<gen:0>, entity=com.fabiocompany.supermercadosdeltaplus.model.Tipodepago)
          - SQL table alias mapping - tipodepago0_
          - alias suffix - 0_
          - suffixed key columns - {idtipode1_8_0_}

13:56:38.971 [main] DEBUG o.h.loader.entity.plan.EntityLoader - Static select for entity com.fabiocompany.supermercadosdeltaplus.model.Tipodepago [PESSIMISTIC_READ]: select tipodepago0_.idtipodepago as idtipode1_8_0_, tipodepago0_.descripciontipodepago as descripc2_8_0_ from tipodepago tipodepago0_ where tipodepago0_.idtipodepago=? lock in share mode
13:56:38.971 [main] DEBUG o.h.l.p.b.i.spaces.QuerySpacesImpl - Adding QuerySpace : uid = <gen:0> -> org.hibernate.loader.plan.build.internal.spaces.EntityQuerySpaceImpl@3f390d63]
13:56:38.972 [main] DEBUG o.h.p.w.spi.MetamodelGraphWalker - Visiting attribute path : descripciontipodepago
13:56:38.972 [main] DEBUG o.h.p.w.spi.MetamodelGraphWalker - Visiting attribute path : detalletickets
13:56:38.972 [main] DEBUG o.h.p.w.spi.MetamodelGraphWalker - Visiting attribute path : tarjetas
13:56:38.974 [main] DEBUG o.h.l.p.b.i.FetchStyleLoadPlanBuildingAssociationVisitationStrategy - Building LoadPlan...
13:56:38.974 [main] DEBUG o.h.l.p.e.i.LoadQueryJoinAndFetchProcessor - processing queryspace <gen:0>
13:56:38.977 [main] DEBUG o.h.l.p.b.spi.LoadPlanTreePrinter - LoadPlan(entity=com.fabiocompany.supermercadosdeltaplus.model.Tipodepago)
    - Returns
       - EntityReturnImpl(entity=com.fabiocompany.supermercadosdeltaplus.model.Tipodepago, querySpaceUid=<gen:0>, path=com.fabiocompany.supermercadosdeltaplus.model.Tipodepago)
    - QuerySpaces
       - EntityQuerySpaceImpl(uid=<gen:0>, entity=com.fabiocompany.supermercadosdeltaplus.model.Tipodepago)
          - SQL table alias mapping - tipodepago0_
          - alias suffix - 0_
          - suffixed key columns - {idtipode1_8_0_}

13:56:38.977 [main] DEBUG o.h.loader.entity.plan.EntityLoader - Static select for entity com.fabiocompany.supermercadosdeltaplus.model.Tipodepago [PESSIMISTIC_WRITE]: select tipodepago0_.idtipodepago as idtipode1_8_0_, tipodepago0_.descripciontipodepago as descripc2_8_0_ from tipodepago tipodepago0_ where tipodepago0_.idtipodepago=? for update
13:56:38.977 [main] DEBUG o.h.l.p.b.i.spaces.QuerySpacesImpl - Adding QuerySpace : uid = <gen:0> -> org.hibernate.loader.plan.build.internal.spaces.EntityQuerySpaceImpl@5a411614]
13:56:38.977 [main] DEBUG o.h.p.w.spi.MetamodelGraphWalker - Visiting attribute path : descripciontipodepago
13:56:38.977 [main] DEBUG o.h.p.w.spi.MetamodelGraphWalker - Visiting attribute path : detalletickets
13:56:38.977 [main] DEBUG o.h.p.w.spi.MetamodelGraphWalker - Visiting attribute path : tarjetas
13:56:38.977 [main] DEBUG o.h.l.p.b.i.FetchStyleLoadPlanBuildingAssociationVisitationStrategy - Building LoadPlan...
13:56:38.978 [main] DEBUG o.h.l.p.e.i.LoadQueryJoinAndFetchProcessor - processing queryspace <gen:0>
13:56:38.984 [main] DEBUG o.h.l.p.b.spi.LoadPlanTreePrinter - LoadPlan(entity=com.fabiocompany.supermercadosdeltaplus.model.Tipodepago)
    - Returns
       - EntityReturnImpl(entity=com.fabiocompany.supermercadosdeltaplus.model.Tipodepago, querySpaceUid=<gen:0>, path=com.fabiocompany.supermercadosdeltaplus.model.Tipodepago)
    - QuerySpaces
       - EntityQuerySpaceImpl(uid=<gen:0>, entity=com.fabiocompany.supermercadosdeltaplus.model.Tipodepago)
          - SQL table alias mapping - tipodepago0_
          - alias suffix - 0_
          - suffixed key columns - {idtipode1_8_0_}

13:56:38.984 [main] DEBUG o.h.loader.entity.plan.EntityLoader - Static select for entity com.fabiocompany.supermercadosdeltaplus.model.Tipodepago [PESSIMISTIC_FORCE_INCREMENT]: select tipodepago0_.idtipodepago as idtipode1_8_0_, tipodepago0_.descripciontipodepago as descripc2_8_0_ from tipodepago tipodepago0_ where tipodepago0_.idtipodepago=? for update
13:56:38.984 [main] DEBUG o.h.l.p.b.i.spaces.QuerySpacesImpl - Adding QuerySpace : uid = <gen:0> -> org.hibernate.loader.plan.build.internal.spaces.EntityQuerySpaceImpl@54d18072]
13:56:38.984 [main] DEBUG o.h.p.w.spi.MetamodelGraphWalker - Visiting attribute path : descripciontipodepago
13:56:38.985 [main] DEBUG o.h.p.w.spi.MetamodelGraphWalker - Visiting attribute path : detalletickets
13:56:38.985 [main] DEBUG o.h.p.w.spi.MetamodelGraphWalker - Visiting attribute path : tarjetas
13:56:38.985 [main] DEBUG o.h.l.p.b.i.FetchStyleLoadPlanBuildingAssociationVisitationStrategy - Building LoadPlan...
13:56:38.985 [main] DEBUG o.h.l.p.e.i.LoadQueryJoinAndFetchProcessor - processing queryspace <gen:0>
13:56:38.987 [main] DEBUG o.h.l.p.b.spi.LoadPlanTreePrinter - LoadPlan(entity=com.fabiocompany.supermercadosdeltaplus.model.Tipodepago)
    - Returns
       - EntityReturnImpl(entity=com.fabiocompany.supermercadosdeltaplus.model.Tipodepago, querySpaceUid=<gen:0>, path=com.fabiocompany.supermercadosdeltaplus.model.Tipodepago)
    - QuerySpaces
       - EntityQuerySpaceImpl(uid=<gen:0>, entity=com.fabiocompany.supermercadosdeltaplus.model.Tipodepago)
          - SQL table alias mapping - tipodepago0_
          - alias suffix - 0_
          - suffixed key columns - {idtipode1_8_0_}

13:56:38.987 [main] DEBUG o.h.loader.entity.plan.EntityLoader - Static select for entity com.fabiocompany.supermercadosdeltaplus.model.Tipodepago [OPTIMISTIC]: select tipodepago0_.idtipodepago as idtipode1_8_0_, tipodepago0_.descripciontipodepago as descripc2_8_0_ from tipodepago tipodepago0_ where tipodepago0_.idtipodepago=?
13:56:38.987 [main] DEBUG o.h.l.p.b.i.spaces.QuerySpacesImpl - Adding QuerySpace : uid = <gen:0> -> org.hibernate.loader.plan.build.internal.spaces.EntityQuerySpaceImpl@47a5b70d]
13:56:38.987 [main] DEBUG o.h.p.w.spi.MetamodelGraphWalker - Visiting attribute path : descripciontipodepago
13:56:38.987 [main] DEBUG o.h.p.w.spi.MetamodelGraphWalker - Visiting attribute path : detalletickets
13:56:38.987 [main] DEBUG o.h.p.w.spi.MetamodelGraphWalker - Visiting attribute path : tarjetas
13:56:38.987 [main] DEBUG o.h.l.p.b.i.FetchStyleLoadPlanBuildingAssociationVisitationStrategy - Building LoadPlan...
13:56:38.987 [main] DEBUG o.h.l.p.e.i.LoadQueryJoinAndFetchProcessor - processing queryspace <gen:0>
13:56:38.988 [main] DEBUG o.h.l.p.b.spi.LoadPlanTreePrinter - LoadPlan(entity=com.fabiocompany.supermercadosdeltaplus.model.Tipodepago)
    - Returns
       - EntityReturnImpl(entity=com.fabiocompany.supermercadosdeltaplus.model.Tipodepago, querySpaceUid=<gen:0>, path=com.fabiocompany.supermercadosdeltaplus.model.Tipodepago)
    - QuerySpaces
       - EntityQuerySpaceImpl(uid=<gen:0>, entity=com.fabiocompany.supermercadosdeltaplus.model.Tipodepago)
          - SQL table alias mapping - tipodepago0_
          - alias suffix - 0_
          - suffixed key columns - {idtipode1_8_0_}

13:56:38.988 [main] DEBUG o.h.loader.entity.plan.EntityLoader - Static select for entity com.fabiocompany.supermercadosdeltaplus.model.Tipodepago [OPTIMISTIC_FORCE_INCREMENT]: select tipodepago0_.idtipodepago as idtipode1_8_0_, tipodepago0_.descripciontipodepago as descripc2_8_0_ from tipodepago tipodepago0_ where tipodepago0_.idtipodepago=?
13:56:38.988 [main] DEBUG org.hibernate.loader.Loader - Static select for action ACTION_MERGE on entity com.fabiocompany.supermercadosdeltaplus.model.Tipodepago: select tipodepago0_.idtipodepago as idtipode1_8_1_, tipodepago0_.descripciontipodepago as descripc2_8_1_, detalletic1_.idtipodepago as idtipode8_8_3_, detalletic1_.iddetalleticket as iddetall1_2_3_, detalletic1_.iddetalleticket as iddetall1_2_0_, detalletic1_.idticket as idticket7_2_0_, detalletic1_.cantidad as cantidad2_2_0_, detalletic1_.cantidadporproducto as cantidad3_2_0_, detalletic1_.montodepago as montodep4_2_0_, detalletic1_.subtotal as subtotal5_2_0_, detalletic1_.idtipodepago as idtipode8_2_0_, detalletic1_.total as total6_2_0_ from tipodepago tipodepago0_ left outer join detalleticket detalletic1_ on tipodepago0_.idtipodepago=detalletic1_.idtipodepago where tipodepago0_.idtipodepago=?
13:56:38.989 [main] DEBUG org.hibernate.loader.Loader - Static select for action ACTION_REFRESH on entity com.fabiocompany.supermercadosdeltaplus.model.Tipodepago: select tipodepago0_.idtipodepago as idtipode1_8_1_, tipodepago0_.descripciontipodepago as descripc2_8_1_, detalletic1_.idtipodepago as idtipode8_8_3_, detalletic1_.iddetalleticket as iddetall1_2_3_, detalletic1_.iddetalleticket as iddetall1_2_0_, detalletic1_.idticket as idticket7_2_0_, detalletic1_.cantidad as cantidad2_2_0_, detalletic1_.cantidadporproducto as cantidad3_2_0_, detalletic1_.montodepago as montodep4_2_0_, detalletic1_.subtotal as subtotal5_2_0_, detalletic1_.idtipodepago as idtipode8_2_0_, detalletic1_.total as total6_2_0_ from tipodepago tipodepago0_ left outer join detalleticket detalletic1_ on tipodepago0_.idtipodepago=detalletic1_.idtipodepago where tipodepago0_.idtipodepago=?
13:56:38.989 [main] DEBUG o.h.p.entity.AbstractEntityPersister - Static SQL for entity: com.fabiocompany.supermercadosdeltaplus.model.Detalleoferta
13:56:38.989 [main] DEBUG o.h.p.entity.AbstractEntityPersister -  Version select: select iddetalleoferta from detalleoferta where iddetalleoferta =?
13:56:38.989 [main] DEBUG o.h.p.entity.AbstractEntityPersister -  Snapshot select: select detalleofe_.iddetalleoferta, detalleofe_.descripciondepromocion as descripc2_1_, detalleofe_.montodedescuento as montoded3_1_ from detalleoferta detalleofe_ where detalleofe_.iddetalleoferta=?
13:56:38.989 [main] DEBUG o.h.p.entity.AbstractEntityPersister -  Insert 0: insert into detalleoferta (descripciondepromocion, montodedescuento, iddetalleoferta) values (?, ?, ?)
13:56:38.989 [main] DEBUG o.h.p.entity.AbstractEntityPersister -  Update 0: update detalleoferta set descripciondepromocion=?, montodedescuento=? where iddetalleoferta=?
13:56:38.989 [main] DEBUG o.h.p.entity.AbstractEntityPersister -  Delete 0: delete from detalleoferta where iddetalleoferta=?
13:56:38.989 [main] DEBUG o.h.p.entity.AbstractEntityPersister -  Identity insert: insert into detalleoferta (descripciondepromocion, montodedescuento) values (?, ?)
13:56:38.990 [main] DEBUG o.h.l.p.b.i.spaces.QuerySpacesImpl - Adding QuerySpace : uid = <gen:0> -> org.hibernate.loader.plan.build.internal.spaces.EntityQuerySpaceImpl@1a45193b]
13:56:38.990 [main] DEBUG o.h.p.w.spi.MetamodelGraphWalker - Visiting attribute path : descripciondepromocion
13:56:38.990 [main] DEBUG o.h.p.w.spi.MetamodelGraphWalker - Visiting attribute path : detalletickets
13:56:38.990 [main] DEBUG o.h.p.w.spi.MetamodelGraphWalker - Visiting attribute path : montodedescuento
13:56:38.990 [main] DEBUG o.h.l.p.b.i.FetchStyleLoadPlanBuildingAssociationVisitationStrategy - Building LoadPlan...
13:56:38.990 [main] DEBUG o.h.l.p.e.i.LoadQueryJoinAndFetchProcessor - processing queryspace <gen:0>
13:56:38.991 [main] DEBUG o.h.l.p.b.spi.LoadPlanTreePrinter - LoadPlan(entity=com.fabiocompany.supermercadosdeltaplus.model.Detalleoferta)
    - Returns
       - EntityReturnImpl(entity=com.fabiocompany.supermercadosdeltaplus.model.Detalleoferta, querySpaceUid=<gen:0>, path=com.fabiocompany.supermercadosdeltaplus.model.Detalleoferta)
    - QuerySpaces
       - EntityQuerySpaceImpl(uid=<gen:0>, entity=com.fabiocompany.supermercadosdeltaplus.model.Detalleoferta)
          - SQL table alias mapping - detalleofe0_
          - alias suffix - 0_
          - suffixed key columns - {iddetall1_1_0_}

13:56:38.991 [main] DEBUG o.h.loader.entity.plan.EntityLoader - Static select for entity com.fabiocompany.supermercadosdeltaplus.model.Detalleoferta [NONE]: select detalleofe0_.iddetalleoferta as iddetall1_1_0_, detalleofe0_.descripciondepromocion as descripc2_1_0_, detalleofe0_.montodedescuento as montoded3_1_0_ from detalleoferta detalleofe0_ where detalleofe0_.iddetalleoferta=?
13:56:38.991 [main] DEBUG o.h.l.p.b.i.spaces.QuerySpacesImpl - Adding QuerySpace : uid = <gen:0> -> org.hibernate.loader.plan.build.internal.spaces.EntityQuerySpaceImpl@5286c33a]
13:56:38.991 [main] DEBUG o.h.p.w.spi.MetamodelGraphWalker - Visiting attribute path : descripciondepromocion
13:56:38.991 [main] DEBUG o.h.p.w.spi.MetamodelGraphWalker - Visiting attribute path : detalletickets
13:56:38.991 [main] DEBUG o.h.p.w.spi.MetamodelGraphWalker - Visiting attribute path : montodedescuento
13:56:38.991 [main] DEBUG o.h.l.p.b.i.FetchStyleLoadPlanBuildingAssociationVisitationStrategy - Building LoadPlan...
13:56:38.991 [main] DEBUG o.h.l.p.e.i.LoadQueryJoinAndFetchProcessor - processing queryspace <gen:0>
13:56:38.992 [main] DEBUG o.h.l.p.b.spi.LoadPlanTreePrinter - LoadPlan(entity=com.fabiocompany.supermercadosdeltaplus.model.Detalleoferta)
    - Returns
       - EntityReturnImpl(entity=com.fabiocompany.supermercadosdeltaplus.model.Detalleoferta, querySpaceUid=<gen:0>, path=com.fabiocompany.supermercadosdeltaplus.model.Detalleoferta)
    - QuerySpaces
       - EntityQuerySpaceImpl(uid=<gen:0>, entity=com.fabiocompany.supermercadosdeltaplus.model.Detalleoferta)
          - SQL table alias mapping - detalleofe0_
          - alias suffix - 0_
          - suffixed key columns - {iddetall1_1_0_}

13:56:38.992 [main] DEBUG o.h.loader.entity.plan.EntityLoader - Static select for entity com.fabiocompany.supermercadosdeltaplus.model.Detalleoferta [READ]: select detalleofe0_.iddetalleoferta as iddetall1_1_0_, detalleofe0_.descripciondepromocion as descripc2_1_0_, detalleofe0_.montodedescuento as montoded3_1_0_ from detalleoferta detalleofe0_ where detalleofe0_.iddetalleoferta=?
13:56:38.992 [main] DEBUG o.h.l.p.b.i.spaces.QuerySpacesImpl - Adding QuerySpace : uid = <gen:0> -> org.hibernate.loader.plan.build.internal.spaces.EntityQuerySpaceImpl@5c530d1e]
13:56:38.992 [main] DEBUG o.h.p.w.spi.MetamodelGraphWalker - Visiting attribute path : descripciondepromocion
13:56:38.992 [main] DEBUG o.h.p.w.spi.MetamodelGraphWalker - Visiting attribute path : detalletickets
13:56:38.992 [main] DEBUG o.h.p.w.spi.MetamodelGraphWalker - Visiting attribute path : montodedescuento
13:56:38.992 [main] DEBUG o.h.l.p.b.i.FetchStyleLoadPlanBuildingAssociationVisitationStrategy - Building LoadPlan...
13:56:38.993 [main] DEBUG o.h.l.p.e.i.LoadQueryJoinAndFetchProcessor - processing queryspace <gen:0>
13:56:38.993 [main] DEBUG o.h.l.p.b.spi.LoadPlanTreePrinter - LoadPlan(entity=com.fabiocompany.supermercadosdeltaplus.model.Detalleoferta)
    - Returns
       - EntityReturnImpl(entity=com.fabiocompany.supermercadosdeltaplus.model.Detalleoferta, querySpaceUid=<gen:0>, path=com.fabiocompany.supermercadosdeltaplus.model.Detalleoferta)
    - QuerySpaces
       - EntityQuerySpaceImpl(uid=<gen:0>, entity=com.fabiocompany.supermercadosdeltaplus.model.Detalleoferta)
          - SQL table alias mapping - detalleofe0_
          - alias suffix - 0_
          - suffixed key columns - {iddetall1_1_0_}

13:56:38.993 [main] DEBUG o.h.loader.entity.plan.EntityLoader - Static select for entity com.fabiocompany.supermercadosdeltaplus.model.Detalleoferta [UPGRADE]: select detalleofe0_.iddetalleoferta as iddetall1_1_0_, detalleofe0_.descripciondepromocion as descripc2_1_0_, detalleofe0_.montodedescuento as montoded3_1_0_ from detalleoferta detalleofe0_ where detalleofe0_.iddetalleoferta=? for update
13:56:38.993 [main] DEBUG o.h.l.p.b.i.spaces.QuerySpacesImpl - Adding QuerySpace : uid = <gen:0> -> org.hibernate.loader.plan.build.internal.spaces.EntityQuerySpaceImpl@85e6769]
13:56:38.993 [main] DEBUG o.h.p.w.spi.MetamodelGraphWalker - Visiting attribute path : descripciondepromocion
13:56:38.993 [main] DEBUG o.h.p.w.spi.MetamodelGraphWalker - Visiting attribute path : detalletickets
13:56:38.993 [main] DEBUG o.h.p.w.spi.MetamodelGraphWalker - Visiting attribute path : montodedescuento
13:56:38.993 [main] DEBUG o.h.l.p.b.i.FetchStyleLoadPlanBuildingAssociationVisitationStrategy - Building LoadPlan...
13:56:38.994 [main] DEBUG o.h.l.p.e.i.LoadQueryJoinAndFetchProcessor - processing queryspace <gen:0>
13:56:38.994 [main] DEBUG o.h.l.p.b.spi.LoadPlanTreePrinter - LoadPlan(entity=com.fabiocompany.supermercadosdeltaplus.model.Detalleoferta)
    - Returns
       - EntityReturnImpl(entity=com.fabiocompany.supermercadosdeltaplus.model.Detalleoferta, querySpaceUid=<gen:0>, path=com.fabiocompany.supermercadosdeltaplus.model.Detalleoferta)
    - QuerySpaces
       - EntityQuerySpaceImpl(uid=<gen:0>, entity=com.fabiocompany.supermercadosdeltaplus.model.Detalleoferta)
          - SQL table alias mapping - detalleofe0_
          - alias suffix - 0_
          - suffixed key columns - {iddetall1_1_0_}

13:56:38.994 [main] DEBUG o.h.loader.entity.plan.EntityLoader - Static select for entity com.fabiocompany.supermercadosdeltaplus.model.Detalleoferta [UPGRADE_NOWAIT]: select detalleofe0_.iddetalleoferta as iddetall1_1_0_, detalleofe0_.descripciondepromocion as descripc2_1_0_, detalleofe0_.montodedescuento as montoded3_1_0_ from detalleoferta detalleofe0_ where detalleofe0_.iddetalleoferta=? for update
13:56:38.994 [main] DEBUG o.h.l.p.b.i.spaces.QuerySpacesImpl - Adding QuerySpace : uid = <gen:0> -> org.hibernate.loader.plan.build.internal.spaces.EntityQuerySpaceImpl@48a12036]
13:56:38.994 [main] DEBUG o.h.p.w.spi.MetamodelGraphWalker - Visiting attribute path : descripciondepromocion
13:56:38.994 [main] DEBUG o.h.p.w.spi.MetamodelGraphWalker - Visiting attribute path : detalletickets
13:56:38.994 [main] DEBUG o.h.p.w.spi.MetamodelGraphWalker - Visiting attribute path : montodedescuento
13:56:38.995 [main] DEBUG o.h.l.p.b.i.FetchStyleLoadPlanBuildingAssociationVisitationStrategy - Building LoadPlan...
13:56:38.995 [main] DEBUG o.h.l.p.e.i.LoadQueryJoinAndFetchProcessor - processing queryspace <gen:0>
13:56:38.995 [main] DEBUG o.h.l.p.b.spi.LoadPlanTreePrinter - LoadPlan(entity=com.fabiocompany.supermercadosdeltaplus.model.Detalleoferta)
    - Returns
       - EntityReturnImpl(entity=com.fabiocompany.supermercadosdeltaplus.model.Detalleoferta, querySpaceUid=<gen:0>, path=com.fabiocompany.supermercadosdeltaplus.model.Detalleoferta)
    - QuerySpaces
       - EntityQuerySpaceImpl(uid=<gen:0>, entity=com.fabiocompany.supermercadosdeltaplus.model.Detalleoferta)
          - SQL table alias mapping - detalleofe0_
          - alias suffix - 0_
          - suffixed key columns - {iddetall1_1_0_}

13:56:39.000 [main] DEBUG o.h.loader.entity.plan.EntityLoader - Static select for entity com.fabiocompany.supermercadosdeltaplus.model.Detalleoferta [UPGRADE_SKIPLOCKED]: select detalleofe0_.iddetalleoferta as iddetall1_1_0_, detalleofe0_.descripciondepromocion as descripc2_1_0_, detalleofe0_.montodedescuento as montoded3_1_0_ from detalleoferta detalleofe0_ where detalleofe0_.iddetalleoferta=? for update
13:56:39.002 [main] DEBUG o.h.l.p.b.i.spaces.QuerySpacesImpl - Adding QuerySpace : uid = <gen:0> -> org.hibernate.loader.plan.build.internal.spaces.EntityQuerySpaceImpl@70efb718]
13:56:39.003 [main] DEBUG o.h.p.w.spi.MetamodelGraphWalker - Visiting attribute path : descripciondepromocion
13:56:39.003 [main] DEBUG o.h.p.w.spi.MetamodelGraphWalker - Visiting attribute path : detalletickets
13:56:39.003 [main] DEBUG o.h.p.w.spi.MetamodelGraphWalker - Visiting attribute path : montodedescuento
13:56:39.004 [main] DEBUG o.h.l.p.b.i.FetchStyleLoadPlanBuildingAssociationVisitationStrategy - Building LoadPlan...
13:56:39.005 [main] DEBUG o.h.l.p.e.i.LoadQueryJoinAndFetchProcessor - processing queryspace <gen:0>
13:56:39.006 [main] DEBUG o.h.l.p.b.spi.LoadPlanTreePrinter - LoadPlan(entity=com.fabiocompany.supermercadosdeltaplus.model.Detalleoferta)
    - Returns
       - EntityReturnImpl(entity=com.fabiocompany.supermercadosdeltaplus.model.Detalleoferta, querySpaceUid=<gen:0>, path=com.fabiocompany.supermercadosdeltaplus.model.Detalleoferta)
    - QuerySpaces
       - EntityQuerySpaceImpl(uid=<gen:0>, entity=com.fabiocompany.supermercadosdeltaplus.model.Detalleoferta)
          - SQL table alias mapping - detalleofe0_
          - alias suffix - 0_
          - suffixed key columns - {iddetall1_1_0_}

13:56:39.006 [main] DEBUG o.h.loader.entity.plan.EntityLoader - Static select for entity com.fabiocompany.supermercadosdeltaplus.model.Detalleoferta [FORCE]: select detalleofe0_.iddetalleoferta as iddetall1_1_0_, detalleofe0_.descripciondepromocion as descripc2_1_0_, detalleofe0_.montodedescuento as montoded3_1_0_ from detalleoferta detalleofe0_ where detalleofe0_.iddetalleoferta=? for update
13:56:39.006 [main] DEBUG o.h.l.p.b.i.spaces.QuerySpacesImpl - Adding QuerySpace : uid = <gen:0> -> org.hibernate.loader.plan.build.internal.spaces.EntityQuerySpaceImpl@4a11eb84]
13:56:39.007 [main] DEBUG o.h.p.w.spi.MetamodelGraphWalker - Visiting attribute path : descripciondepromocion
13:56:39.007 [main] DEBUG o.h.p.w.spi.MetamodelGraphWalker - Visiting attribute path : detalletickets
13:56:39.007 [main] DEBUG o.h.p.w.spi.MetamodelGraphWalker - Visiting attribute path : montodedescuento
13:56:39.007 [main] DEBUG o.h.l.p.b.i.FetchStyleLoadPlanBuildingAssociationVisitationStrategy - Building LoadPlan...
13:56:39.007 [main] DEBUG o.h.l.p.e.i.LoadQueryJoinAndFetchProcessor - processing queryspace <gen:0>
13:56:39.008 [main] DEBUG o.h.l.p.b.spi.LoadPlanTreePrinter - LoadPlan(entity=com.fabiocompany.supermercadosdeltaplus.model.Detalleoferta)
    - Returns
       - EntityReturnImpl(entity=com.fabiocompany.supermercadosdeltaplus.model.Detalleoferta, querySpaceUid=<gen:0>, path=com.fabiocompany.supermercadosdeltaplus.model.Detalleoferta)
    - QuerySpaces
       - EntityQuerySpaceImpl(uid=<gen:0>, entity=com.fabiocompany.supermercadosdeltaplus.model.Detalleoferta)
          - SQL table alias mapping - detalleofe0_
          - alias suffix - 0_
          - suffixed key columns - {iddetall1_1_0_}

13:56:39.009 [main] DEBUG o.h.loader.entity.plan.EntityLoader - Static select for entity com.fabiocompany.supermercadosdeltaplus.model.Detalleoferta [PESSIMISTIC_READ]: select detalleofe0_.iddetalleoferta as iddetall1_1_0_, detalleofe0_.descripciondepromocion as descripc2_1_0_, detalleofe0_.montodedescuento as montoded3_1_0_ from detalleoferta detalleofe0_ where detalleofe0_.iddetalleoferta=? lock in share mode
13:56:39.009 [main] DEBUG o.h.l.p.b.i.spaces.QuerySpacesImpl - Adding QuerySpace : uid = <gen:0> -> org.hibernate.loader.plan.build.internal.spaces.EntityQuerySpaceImpl@435fb7b5]
13:56:39.010 [main] DEBUG o.h.p.w.spi.MetamodelGraphWalker - Visiting attribute path : descripciondepromocion
13:56:39.010 [main] DEBUG o.h.p.w.spi.MetamodelGraphWalker - Visiting attribute path : detalletickets
13:56:39.010 [main] DEBUG o.h.p.w.spi.MetamodelGraphWalker - Visiting attribute path : montodedescuento
13:56:39.010 [main] DEBUG o.h.l.p.b.i.FetchStyleLoadPlanBuildingAssociationVisitationStrategy - Building LoadPlan...
13:56:39.012 [main] DEBUG o.h.l.p.e.i.LoadQueryJoinAndFetchProcessor - processing queryspace <gen:0>
13:56:39.014 [main] DEBUG o.h.l.p.b.spi.LoadPlanTreePrinter - LoadPlan(entity=com.fabiocompany.supermercadosdeltaplus.model.Detalleoferta)
    - Returns
       - EntityReturnImpl(entity=com.fabiocompany.supermercadosdeltaplus.model.Detalleoferta, querySpaceUid=<gen:0>, path=com.fabiocompany.supermercadosdeltaplus.model.Detalleoferta)
    - QuerySpaces
       - EntityQuerySpaceImpl(uid=<gen:0>, entity=com.fabiocompany.supermercadosdeltaplus.model.Detalleoferta)
          - SQL table alias mapping - detalleofe0_
          - alias suffix - 0_
          - suffixed key columns - {iddetall1_1_0_}

13:56:39.014 [main] DEBUG o.h.loader.entity.plan.EntityLoader - Static select for entity com.fabiocompany.supermercadosdeltaplus.model.Detalleoferta [PESSIMISTIC_WRITE]: select detalleofe0_.iddetalleoferta as iddetall1_1_0_, detalleofe0_.descripciondepromocion as descripc2_1_0_, detalleofe0_.montodedescuento as montoded3_1_0_ from detalleoferta detalleofe0_ where detalleofe0_.iddetalleoferta=? for update
13:56:39.015 [main] DEBUG o.h.l.p.b.i.spaces.QuerySpacesImpl - Adding QuerySpace : uid = <gen:0> -> org.hibernate.loader.plan.build.internal.spaces.EntityQuerySpaceImpl@b7838a9]
13:56:39.015 [main] DEBUG o.h.p.w.spi.MetamodelGraphWalker - Visiting attribute path : descripciondepromocion
13:56:39.015 [main] DEBUG o.h.p.w.spi.MetamodelGraphWalker - Visiting attribute path : detalletickets
13:56:39.015 [main] DEBUG o.h.p.w.spi.MetamodelGraphWalker - Visiting attribute path : montodedescuento
13:56:39.015 [main] DEBUG o.h.l.p.b.i.FetchStyleLoadPlanBuildingAssociationVisitationStrategy - Building LoadPlan...
13:56:39.016 [main] DEBUG o.h.l.p.e.i.LoadQueryJoinAndFetchProcessor - processing queryspace <gen:0>
13:56:39.017 [main] DEBUG o.h.l.p.b.spi.LoadPlanTreePrinter - LoadPlan(entity=com.fabiocompany.supermercadosdeltaplus.model.Detalleoferta)
    - Returns
       - EntityReturnImpl(entity=com.fabiocompany.supermercadosdeltaplus.model.Detalleoferta, querySpaceUid=<gen:0>, path=com.fabiocompany.supermercadosdeltaplus.model.Detalleoferta)
    - QuerySpaces
       - EntityQuerySpaceImpl(uid=<gen:0>, entity=com.fabiocompany.supermercadosdeltaplus.model.Detalleoferta)
          - SQL table alias mapping - detalleofe0_
          - alias suffix - 0_
          - suffixed key columns - {iddetall1_1_0_}

13:56:39.017 [main] DEBUG o.h.loader.entity.plan.EntityLoader - Static select for entity com.fabiocompany.supermercadosdeltaplus.model.Detalleoferta [PESSIMISTIC_FORCE_INCREMENT]: select detalleofe0_.iddetalleoferta as iddetall1_1_0_, detalleofe0_.descripciondepromocion as descripc2_1_0_, detalleofe0_.montodedescuento as montoded3_1_0_ from detalleoferta detalleofe0_ where detalleofe0_.iddetalleoferta=? for update
13:56:39.018 [main] DEBUG o.h.l.p.b.i.spaces.QuerySpacesImpl - Adding QuerySpace : uid = <gen:0> -> org.hibernate.loader.plan.build.internal.spaces.EntityQuerySpaceImpl@5733f295]
13:56:39.018 [main] DEBUG o.h.p.w.spi.MetamodelGraphWalker - Visiting attribute path : descripciondepromocion
13:56:39.018 [main] DEBUG o.h.p.w.spi.MetamodelGraphWalker - Visiting attribute path : detalletickets
13:56:39.018 [main] DEBUG o.h.p.w.spi.MetamodelGraphWalker - Visiting attribute path : montodedescuento
13:56:39.018 [main] DEBUG o.h.l.p.b.i.FetchStyleLoadPlanBuildingAssociationVisitationStrategy - Building LoadPlan...
13:56:39.019 [main] DEBUG o.h.l.p.e.i.LoadQueryJoinAndFetchProcessor - processing queryspace <gen:0>
13:56:39.019 [main] DEBUG o.h.l.p.b.spi.LoadPlanTreePrinter - LoadPlan(entity=com.fabiocompany.supermercadosdeltaplus.model.Detalleoferta)
    - Returns
       - EntityReturnImpl(entity=com.fabiocompany.supermercadosdeltaplus.model.Detalleoferta, querySpaceUid=<gen:0>, path=com.fabiocompany.supermercadosdeltaplus.model.Detalleoferta)
    - QuerySpaces
       - EntityQuerySpaceImpl(uid=<gen:0>, entity=com.fabiocompany.supermercadosdeltaplus.model.Detalleoferta)
          - SQL table alias mapping - detalleofe0_
          - alias suffix - 0_
          - suffixed key columns - {iddetall1_1_0_}

13:56:39.019 [main] DEBUG o.h.loader.entity.plan.EntityLoader - Static select for entity com.fabiocompany.supermercadosdeltaplus.model.Detalleoferta [OPTIMISTIC]: select detalleofe0_.iddetalleoferta as iddetall1_1_0_, detalleofe0_.descripciondepromocion as descripc2_1_0_, detalleofe0_.montodedescuento as montoded3_1_0_ from detalleoferta detalleofe0_ where detalleofe0_.iddetalleoferta=?
13:56:39.020 [main] DEBUG o.h.l.p.b.i.spaces.QuerySpacesImpl - Adding QuerySpace : uid = <gen:0> -> org.hibernate.loader.plan.build.internal.spaces.EntityQuerySpaceImpl@56c698e3]
13:56:39.020 [main] DEBUG o.h.p.w.spi.MetamodelGraphWalker - Visiting attribute path : descripciondepromocion
13:56:39.020 [main] DEBUG o.h.p.w.spi.MetamodelGraphWalker - Visiting attribute path : detalletickets
13:56:39.020 [main] DEBUG o.h.p.w.spi.MetamodelGraphWalker - Visiting attribute path : montodedescuento
13:56:39.020 [main] DEBUG o.h.l.p.b.i.FetchStyleLoadPlanBuildingAssociationVisitationStrategy - Building LoadPlan...
13:56:39.021 [main] DEBUG o.h.l.p.e.i.LoadQueryJoinAndFetchProcessor - processing queryspace <gen:0>
13:56:39.021 [main] DEBUG o.h.l.p.b.spi.LoadPlanTreePrinter - LoadPlan(entity=com.fabiocompany.supermercadosdeltaplus.model.Detalleoferta)
    - Returns
       - EntityReturnImpl(entity=com.fabiocompany.supermercadosdeltaplus.model.Detalleoferta, querySpaceUid=<gen:0>, path=com.fabiocompany.supermercadosdeltaplus.model.Detalleoferta)
    - QuerySpaces
       - EntityQuerySpaceImpl(uid=<gen:0>, entity=com.fabiocompany.supermercadosdeltaplus.model.Detalleoferta)
          - SQL table alias mapping - detalleofe0_
          - alias suffix - 0_
          - suffixed key columns - {iddetall1_1_0_}

13:56:39.021 [main] DEBUG o.h.loader.entity.plan.EntityLoader - Static select for entity com.fabiocompany.supermercadosdeltaplus.model.Detalleoferta [OPTIMISTIC_FORCE_INCREMENT]: select detalleofe0_.iddetalleoferta as iddetall1_1_0_, detalleofe0_.descripciondepromocion as descripc2_1_0_, detalleofe0_.montodedescuento as montoded3_1_0_ from detalleoferta detalleofe0_ where detalleofe0_.iddetalleoferta=?
13:56:39.022 [main] DEBUG org.hibernate.loader.Loader - Static select for action ACTION_MERGE on entity com.fabiocompany.supermercadosdeltaplus.model.Detalleoferta: select detalleofe0_.iddetalleoferta as iddetall1_1_1_, detalleofe0_.descripciondepromocion as descripc2_1_1_, detalleofe0_.montodedescuento as montoded3_1_1_, detalletic1_.iddetalleoferta as iddetall2_1_3_, detalletic2_.iddetalleticket as iddetall1_6_3_, detalletic2_.iddetalleticket as iddetall1_2_0_, detalletic2_.idticket as idticket7_2_0_, detalletic2_.cantidad as cantidad2_2_0_, detalletic2_.cantidadporproducto as cantidad3_2_0_, detalletic2_.montodepago as montodep4_2_0_, detalletic2_.subtotal as subtotal5_2_0_, detalletic2_.idtipodepago as idtipode8_2_0_, detalletic2_.total as total6_2_0_ from detalleoferta detalleofe0_ left outer join ticketsyofertas detalletic1_ on detalleofe0_.iddetalleoferta=detalletic1_.iddetalleoferta left outer join detalleticket detalletic2_ on detalletic1_.iddetalleticket=detalletic2_.iddetalleticket where detalleofe0_.iddetalleoferta=?
13:56:39.023 [main] DEBUG org.hibernate.loader.Loader - Static select for action ACTION_REFRESH on entity com.fabiocompany.supermercadosdeltaplus.model.Detalleoferta: select detalleofe0_.iddetalleoferta as iddetall1_1_1_, detalleofe0_.descripciondepromocion as descripc2_1_1_, detalleofe0_.montodedescuento as montoded3_1_1_, detalletic1_.iddetalleoferta as iddetall2_1_3_, detalletic2_.iddetalleticket as iddetall1_6_3_, detalletic2_.iddetalleticket as iddetall1_2_0_, detalletic2_.idticket as idticket7_2_0_, detalletic2_.cantidad as cantidad2_2_0_, detalletic2_.cantidadporproducto as cantidad3_2_0_, detalletic2_.montodepago as montodep4_2_0_, detalletic2_.subtotal as subtotal5_2_0_, detalletic2_.idtipodepago as idtipode8_2_0_, detalletic2_.total as total6_2_0_ from detalleoferta detalleofe0_ left outer join ticketsyofertas detalletic1_ on detalleofe0_.iddetalleoferta=detalletic1_.iddetalleoferta left outer join detalleticket detalletic2_ on detalletic1_.iddetalleticket=detalletic2_.iddetalleticket where detalleofe0_.iddetalleoferta=?
13:56:39.023 [main] DEBUG o.h.p.entity.AbstractEntityPersister - Static SQL for entity: com.fabiocompany.supermercadosdeltaplus.model.Producto
13:56:39.024 [main] DEBUG o.h.p.entity.AbstractEntityPersister -  Version select: select idproducto from producto where idproducto =?
13:56:39.024 [main] DEBUG o.h.p.entity.AbstractEntityPersister -  Snapshot select: select producto_.idproducto, producto_.descripcion as descripc2_4_, producto_.precio as precio3_4_ from producto producto_ where producto_.idproducto=?
13:56:39.024 [main] DEBUG o.h.p.entity.AbstractEntityPersister -  Insert 0: insert into producto (descripcion, precio, idproducto) values (?, ?, ?)
13:56:39.024 [main] DEBUG o.h.p.entity.AbstractEntityPersister -  Update 0: update producto set descripcion=?, precio=? where idproducto=?
13:56:39.024 [main] DEBUG o.h.p.entity.AbstractEntityPersister -  Delete 0: delete from producto where idproducto=?
13:56:39.024 [main] DEBUG o.h.p.entity.AbstractEntityPersister -  Identity insert: insert into producto (descripcion, precio) values (?, ?)
13:56:39.024 [main] DEBUG o.h.l.p.b.i.spaces.QuerySpacesImpl - Adding QuerySpace : uid = <gen:0> -> org.hibernate.loader.plan.build.internal.spaces.EntityQuerySpaceImpl@f478a81]
13:56:39.025 [main] DEBUG o.h.p.w.spi.MetamodelGraphWalker - Visiting attribute path : descripcion
13:56:39.025 [main] DEBUG o.h.p.w.spi.MetamodelGraphWalker - Visiting attribute path : detalletickets
13:56:39.025 [main] DEBUG o.h.p.w.spi.MetamodelGraphWalker - Visiting attribute path : precio
13:56:39.025 [main] DEBUG o.h.l.p.b.i.FetchStyleLoadPlanBuildingAssociationVisitationStrategy - Building LoadPlan...
13:56:39.026 [main] DEBUG o.h.l.p.e.i.LoadQueryJoinAndFetchProcessor - processing queryspace <gen:0>
13:56:39.026 [main] DEBUG o.h.l.p.b.spi.LoadPlanTreePrinter - LoadPlan(entity=com.fabiocompany.supermercadosdeltaplus.model.Producto)
    - Returns
       - EntityReturnImpl(entity=com.fabiocompany.supermercadosdeltaplus.model.Producto, querySpaceUid=<gen:0>, path=com.fabiocompany.supermercadosdeltaplus.model.Producto)
    - QuerySpaces
       - EntityQuerySpaceImpl(uid=<gen:0>, entity=com.fabiocompany.supermercadosdeltaplus.model.Producto)
          - SQL table alias mapping - producto0_
          - alias suffix - 0_
          - suffixed key columns - {idproduc1_4_0_}

13:56:39.026 [main] DEBUG o.h.loader.entity.plan.EntityLoader - Static select for entity com.fabiocompany.supermercadosdeltaplus.model.Producto [NONE]: select producto0_.idproducto as idproduc1_4_0_, producto0_.descripcion as descripc2_4_0_, producto0_.precio as precio3_4_0_ from producto producto0_ where producto0_.idproducto=?
13:56:39.027 [main] DEBUG o.h.l.p.b.i.spaces.QuerySpacesImpl - Adding QuerySpace : uid = <gen:0> -> org.hibernate.loader.plan.build.internal.spaces.EntityQuerySpaceImpl@7bb6ab3a]
13:56:39.027 [main] DEBUG o.h.p.w.spi.MetamodelGraphWalker - Visiting attribute path : descripcion
13:56:39.027 [main] DEBUG o.h.p.w.spi.MetamodelGraphWalker - Visiting attribute path : detalletickets
13:56:39.027 [main] DEBUG o.h.p.w.spi.MetamodelGraphWalker - Visiting attribute path : precio
13:56:39.027 [main] DEBUG o.h.l.p.b.i.FetchStyleLoadPlanBuildingAssociationVisitationStrategy - Building LoadPlan...
13:56:39.028 [main] DEBUG o.h.l.p.e.i.LoadQueryJoinAndFetchProcessor - processing queryspace <gen:0>
13:56:39.028 [main] DEBUG o.h.l.p.b.spi.LoadPlanTreePrinter - LoadPlan(entity=com.fabiocompany.supermercadosdeltaplus.model.Producto)
    - Returns
       - EntityReturnImpl(entity=com.fabiocompany.supermercadosdeltaplus.model.Producto, querySpaceUid=<gen:0>, path=com.fabiocompany.supermercadosdeltaplus.model.Producto)
    - QuerySpaces
       - EntityQuerySpaceImpl(uid=<gen:0>, entity=com.fabiocompany.supermercadosdeltaplus.model.Producto)
          - SQL table alias mapping - producto0_
          - alias suffix - 0_
          - suffixed key columns - {idproduc1_4_0_}

13:56:39.029 [main] DEBUG o.h.loader.entity.plan.EntityLoader - Static select for entity com.fabiocompany.supermercadosdeltaplus.model.Producto [READ]: select producto0_.idproducto as idproduc1_4_0_, producto0_.descripcion as descripc2_4_0_, producto0_.precio as precio3_4_0_ from producto producto0_ where producto0_.idproducto=?
13:56:39.029 [main] DEBUG o.h.l.p.b.i.spaces.QuerySpacesImpl - Adding QuerySpace : uid = <gen:0> -> org.hibernate.loader.plan.build.internal.spaces.EntityQuerySpaceImpl@4c4748bf]
13:56:39.030 [main] DEBUG o.h.p.w.spi.MetamodelGraphWalker - Visiting attribute path : descripcion
13:56:39.030 [main] DEBUG o.h.p.w.spi.MetamodelGraphWalker - Visiting attribute path : detalletickets
13:56:39.030 [main] DEBUG o.h.p.w.spi.MetamodelGraphWalker - Visiting attribute path : precio
13:56:39.031 [main] DEBUG o.h.l.p.b.i.FetchStyleLoadPlanBuildingAssociationVisitationStrategy - Building LoadPlan...
13:56:39.031 [main] DEBUG o.h.l.p.e.i.LoadQueryJoinAndFetchProcessor - processing queryspace <gen:0>
13:56:39.032 [main] DEBUG o.h.l.p.b.spi.LoadPlanTreePrinter - LoadPlan(entity=com.fabiocompany.supermercadosdeltaplus.model.Producto)
    - Returns
       - EntityReturnImpl(entity=com.fabiocompany.supermercadosdeltaplus.model.Producto, querySpaceUid=<gen:0>, path=com.fabiocompany.supermercadosdeltaplus.model.Producto)
    - QuerySpaces
       - EntityQuerySpaceImpl(uid=<gen:0>, entity=com.fabiocompany.supermercadosdeltaplus.model.Producto)
          - SQL table alias mapping - producto0_
          - alias suffix - 0_
          - suffixed key columns - {idproduc1_4_0_}

13:56:39.033 [main] DEBUG o.h.loader.entity.plan.EntityLoader - Static select for entity com.fabiocompany.supermercadosdeltaplus.model.Producto [UPGRADE]: select producto0_.idproducto as idproduc1_4_0_, producto0_.descripcion as descripc2_4_0_, producto0_.precio as precio3_4_0_ from producto producto0_ where producto0_.idproducto=? for update
13:56:39.033 [main] DEBUG o.h.l.p.b.i.spaces.QuerySpacesImpl - Adding QuerySpace : uid = <gen:0> -> org.hibernate.loader.plan.build.internal.spaces.EntityQuerySpaceImpl@32c8e539]
13:56:39.033 [main] DEBUG o.h.p.w.spi.MetamodelGraphWalker - Visiting attribute path : descripcion
13:56:39.034 [main] DEBUG o.h.p.w.spi.MetamodelGraphWalker - Visiting attribute path : detalletickets
13:56:39.034 [main] DEBUG o.h.p.w.spi.MetamodelGraphWalker - Visiting attribute path : precio
13:56:39.034 [main] DEBUG o.h.l.p.b.i.FetchStyleLoadPlanBuildingAssociationVisitationStrategy - Building LoadPlan...
13:56:39.035 [main] DEBUG o.h.l.p.e.i.LoadQueryJoinAndFetchProcessor - processing queryspace <gen:0>
13:56:39.036 [main] DEBUG o.h.l.p.b.spi.LoadPlanTreePrinter - LoadPlan(entity=com.fabiocompany.supermercadosdeltaplus.model.Producto)
    - Returns
       - EntityReturnImpl(entity=com.fabiocompany.supermercadosdeltaplus.model.Producto, querySpaceUid=<gen:0>, path=com.fabiocompany.supermercadosdeltaplus.model.Producto)
    - QuerySpaces
       - EntityQuerySpaceImpl(uid=<gen:0>, entity=com.fabiocompany.supermercadosdeltaplus.model.Producto)
          - SQL table alias mapping - producto0_
          - alias suffix - 0_
          - suffixed key columns - {idproduc1_4_0_}

13:56:39.037 [main] DEBUG o.h.loader.entity.plan.EntityLoader - Static select for entity com.fabiocompany.supermercadosdeltaplus.model.Producto [UPGRADE_NOWAIT]: select producto0_.idproducto as idproduc1_4_0_, producto0_.descripcion as descripc2_4_0_, producto0_.precio as precio3_4_0_ from producto producto0_ where producto0_.idproducto=? for update
13:56:39.037 [main] DEBUG o.h.l.p.b.i.spaces.QuerySpacesImpl - Adding QuerySpace : uid = <gen:0> -> org.hibernate.loader.plan.build.internal.spaces.EntityQuerySpaceImpl@5a85c92]
13:56:39.037 [main] DEBUG o.h.p.w.spi.MetamodelGraphWalker - Visiting attribute path : descripcion
13:56:39.037 [main] DEBUG o.h.p.w.spi.MetamodelGraphWalker - Visiting attribute path : detalletickets
13:56:39.038 [main] DEBUG o.h.p.w.spi.MetamodelGraphWalker - Visiting attribute path : precio
13:56:39.038 [main] DEBUG o.h.l.p.b.i.FetchStyleLoadPlanBuildingAssociationVisitationStrategy - Building LoadPlan...
13:56:39.038 [main] DEBUG o.h.l.p.e.i.LoadQueryJoinAndFetchProcessor - processing queryspace <gen:0>
13:56:39.039 [main] DEBUG o.h.l.p.b.spi.LoadPlanTreePrinter - LoadPlan(entity=com.fabiocompany.supermercadosdeltaplus.model.Producto)
    - Returns
       - EntityReturnImpl(entity=com.fabiocompany.supermercadosdeltaplus.model.Producto, querySpaceUid=<gen:0>, path=com.fabiocompany.supermercadosdeltaplus.model.Producto)
    - QuerySpaces
       - EntityQuerySpaceImpl(uid=<gen:0>, entity=com.fabiocompany.supermercadosdeltaplus.model.Producto)
          - SQL table alias mapping - producto0_
          - alias suffix - 0_
          - suffixed key columns - {idproduc1_4_0_}

13:56:39.039 [main] DEBUG o.h.loader.entity.plan.EntityLoader - Static select for entity com.fabiocompany.supermercadosdeltaplus.model.Producto [UPGRADE_SKIPLOCKED]: select producto0_.idproducto as idproduc1_4_0_, producto0_.descripcion as descripc2_4_0_, producto0_.precio as precio3_4_0_ from producto producto0_ where producto0_.idproducto=? for update
13:56:39.039 [main] DEBUG o.h.l.p.b.i.spaces.QuerySpacesImpl - Adding QuerySpace : uid = <gen:0> -> org.hibernate.loader.plan.build.internal.spaces.EntityQuerySpaceImpl@4795ded0]
13:56:39.039 [main] DEBUG o.h.p.w.spi.MetamodelGraphWalker - Visiting attribute path : descripcion
13:56:39.040 [main] DEBUG o.h.p.w.spi.MetamodelGraphWalker - Visiting attribute path : detalletickets
13:56:39.040 [main] DEBUG o.h.p.w.spi.MetamodelGraphWalker - Visiting attribute path : precio
13:56:39.040 [main] DEBUG o.h.l.p.b.i.FetchStyleLoadPlanBuildingAssociationVisitationStrategy - Building LoadPlan...
13:56:39.040 [main] DEBUG o.h.l.p.e.i.LoadQueryJoinAndFetchProcessor - processing queryspace <gen:0>
13:56:39.040 [main] DEBUG o.h.l.p.b.spi.LoadPlanTreePrinter - LoadPlan(entity=com.fabiocompany.supermercadosdeltaplus.model.Producto)
    - Returns
       - EntityReturnImpl(entity=com.fabiocompany.supermercadosdeltaplus.model.Producto, querySpaceUid=<gen:0>, path=com.fabiocompany.supermercadosdeltaplus.model.Producto)
    - QuerySpaces
       - EntityQuerySpaceImpl(uid=<gen:0>, entity=com.fabiocompany.supermercadosdeltaplus.model.Producto)
          - SQL table alias mapping - producto0_
          - alias suffix - 0_
          - suffixed key columns - {idproduc1_4_0_}

13:56:39.040 [main] DEBUG o.h.loader.entity.plan.EntityLoader - Static select for entity com.fabiocompany.supermercadosdeltaplus.model.Producto [FORCE]: select producto0_.idproducto as idproduc1_4_0_, producto0_.descripcion as descripc2_4_0_, producto0_.precio as precio3_4_0_ from producto producto0_ where producto0_.idproducto=? for update
13:56:39.041 [main] DEBUG o.h.l.p.b.i.spaces.QuerySpacesImpl - Adding QuerySpace : uid = <gen:0> -> org.hibernate.loader.plan.build.internal.spaces.EntityQuerySpaceImpl@14d14731]
13:56:39.041 [main] DEBUG o.h.p.w.spi.MetamodelGraphWalker - Visiting attribute path : descripcion
13:56:39.041 [main] DEBUG o.h.p.w.spi.MetamodelGraphWalker - Visiting attribute path : detalletickets
13:56:39.041 [main] DEBUG o.h.p.w.spi.MetamodelGraphWalker - Visiting attribute path : precio
13:56:39.041 [main] DEBUG o.h.l.p.b.i.FetchStyleLoadPlanBuildingAssociationVisitationStrategy - Building LoadPlan...
13:56:39.041 [main] DEBUG o.h.l.p.e.i.LoadQueryJoinAndFetchProcessor - processing queryspace <gen:0>
13:56:39.042 [main] DEBUG o.h.l.p.b.spi.LoadPlanTreePrinter - LoadPlan(entity=com.fabiocompany.supermercadosdeltaplus.model.Producto)
    - Returns
       - EntityReturnImpl(entity=com.fabiocompany.supermercadosdeltaplus.model.Producto, querySpaceUid=<gen:0>, path=com.fabiocompany.supermercadosdeltaplus.model.Producto)
    - QuerySpaces
       - EntityQuerySpaceImpl(uid=<gen:0>, entity=com.fabiocompany.supermercadosdeltaplus.model.Producto)
          - SQL table alias mapping - producto0_
          - alias suffix - 0_
          - suffixed key columns - {idproduc1_4_0_}

13:56:39.042 [main] DEBUG o.h.loader.entity.plan.EntityLoader - Static select for entity com.fabiocompany.supermercadosdeltaplus.model.Producto [PESSIMISTIC_READ]: select producto0_.idproducto as idproduc1_4_0_, producto0_.descripcion as descripc2_4_0_, producto0_.precio as precio3_4_0_ from producto producto0_ where producto0_.idproducto=? lock in share mode
13:56:39.042 [main] DEBUG o.h.l.p.b.i.spaces.QuerySpacesImpl - Adding QuerySpace : uid = <gen:0> -> org.hibernate.loader.plan.build.internal.spaces.EntityQuerySpaceImpl@47c4ecdc]
13:56:39.042 [main] DEBUG o.h.p.w.spi.MetamodelGraphWalker - Visiting attribute path : descripcion
13:56:39.042 [main] DEBUG o.h.p.w.spi.MetamodelGraphWalker - Visiting attribute path : detalletickets
13:56:39.042 [main] DEBUG o.h.p.w.spi.MetamodelGraphWalker - Visiting attribute path : precio
13:56:39.042 [main] DEBUG o.h.l.p.b.i.FetchStyleLoadPlanBuildingAssociationVisitationStrategy - Building LoadPlan...
13:56:39.043 [main] DEBUG o.h.l.p.e.i.LoadQueryJoinAndFetchProcessor - processing queryspace <gen:0>
13:56:39.045 [main] DEBUG o.h.l.p.b.spi.LoadPlanTreePrinter - LoadPlan(entity=com.fabiocompany.supermercadosdeltaplus.model.Producto)
    - Returns
       - EntityReturnImpl(entity=com.fabiocompany.supermercadosdeltaplus.model.Producto, querySpaceUid=<gen:0>, path=com.fabiocompany.supermercadosdeltaplus.model.Producto)
    - QuerySpaces
       - EntityQuerySpaceImpl(uid=<gen:0>, entity=com.fabiocompany.supermercadosdeltaplus.model.Producto)
          - SQL table alias mapping - producto0_
          - alias suffix - 0_
          - suffixed key columns - {idproduc1_4_0_}

13:56:39.045 [main] DEBUG o.h.loader.entity.plan.EntityLoader - Static select for entity com.fabiocompany.supermercadosdeltaplus.model.Producto [PESSIMISTIC_WRITE]: select producto0_.idproducto as idproduc1_4_0_, producto0_.descripcion as descripc2_4_0_, producto0_.precio as precio3_4_0_ from producto producto0_ where producto0_.idproducto=? for update
13:56:39.045 [main] DEBUG o.h.l.p.b.i.spaces.QuerySpacesImpl - Adding QuerySpace : uid = <gen:0> -> org.hibernate.loader.plan.build.internal.spaces.EntityQuerySpaceImpl@5c8504fd]
13:56:39.045 [main] DEBUG o.h.p.w.spi.MetamodelGraphWalker - Visiting attribute path : descripcion
13:56:39.045 [main] DEBUG o.h.p.w.spi.MetamodelGraphWalker - Visiting attribute path : detalletickets
13:56:39.046 [main] DEBUG o.h.p.w.spi.MetamodelGraphWalker - Visiting attribute path : precio
13:56:39.046 [main] DEBUG o.h.l.p.b.i.FetchStyleLoadPlanBuildingAssociationVisitationStrategy - Building LoadPlan...
13:56:39.046 [main] DEBUG o.h.l.p.e.i.LoadQueryJoinAndFetchProcessor - processing queryspace <gen:0>
13:56:39.046 [main] DEBUG o.h.l.p.b.spi.LoadPlanTreePrinter - LoadPlan(entity=com.fabiocompany.supermercadosdeltaplus.model.Producto)
    - Returns
       - EntityReturnImpl(entity=com.fabiocompany.supermercadosdeltaplus.model.Producto, querySpaceUid=<gen:0>, path=com.fabiocompany.supermercadosdeltaplus.model.Producto)
    - QuerySpaces
       - EntityQuerySpaceImpl(uid=<gen:0>, entity=com.fabiocompany.supermercadosdeltaplus.model.Producto)
          - SQL table alias mapping - producto0_
          - alias suffix - 0_
          - suffixed key columns - {idproduc1_4_0_}

13:56:39.047 [main] DEBUG o.h.loader.entity.plan.EntityLoader - Static select for entity com.fabiocompany.supermercadosdeltaplus.model.Producto [PESSIMISTIC_FORCE_INCREMENT]: select producto0_.idproducto as idproduc1_4_0_, producto0_.descripcion as descripc2_4_0_, producto0_.precio as precio3_4_0_ from producto producto0_ where producto0_.idproducto=? for update
13:56:39.047 [main] DEBUG o.h.l.p.b.i.spaces.QuerySpacesImpl - Adding QuerySpace : uid = <gen:0> -> org.hibernate.loader.plan.build.internal.spaces.EntityQuerySpaceImpl@6475472c]
13:56:39.047 [main] DEBUG o.h.p.w.spi.MetamodelGraphWalker - Visiting attribute path : descripcion
13:56:39.047 [main] DEBUG o.h.p.w.spi.MetamodelGraphWalker - Visiting attribute path : detalletickets
13:56:39.047 [main] DEBUG o.h.p.w.spi.MetamodelGraphWalker - Visiting attribute path : precio
13:56:39.047 [main] DEBUG o.h.l.p.b.i.FetchStyleLoadPlanBuildingAssociationVisitationStrategy - Building LoadPlan...
13:56:39.047 [main] DEBUG o.h.l.p.e.i.LoadQueryJoinAndFetchProcessor - processing queryspace <gen:0>
13:56:39.048 [main] DEBUG o.h.l.p.b.spi.LoadPlanTreePrinter - LoadPlan(entity=com.fabiocompany.supermercadosdeltaplus.model.Producto)
    - Returns
       - EntityReturnImpl(entity=com.fabiocompany.supermercadosdeltaplus.model.Producto, querySpaceUid=<gen:0>, path=com.fabiocompany.supermercadosdeltaplus.model.Producto)
    - QuerySpaces
       - EntityQuerySpaceImpl(uid=<gen:0>, entity=com.fabiocompany.supermercadosdeltaplus.model.Producto)
          - SQL table alias mapping - producto0_
          - alias suffix - 0_
          - suffixed key columns - {idproduc1_4_0_}

13:56:39.050 [main] DEBUG o.h.loader.entity.plan.EntityLoader - Static select for entity com.fabiocompany.supermercadosdeltaplus.model.Producto [OPTIMISTIC]: select producto0_.idproducto as idproduc1_4_0_, producto0_.descripcion as descripc2_4_0_, producto0_.precio as precio3_4_0_ from producto producto0_ where producto0_.idproducto=?
13:56:39.050 [main] DEBUG o.h.l.p.b.i.spaces.QuerySpacesImpl - Adding QuerySpace : uid = <gen:0> -> org.hibernate.loader.plan.build.internal.spaces.EntityQuerySpaceImpl@4bd1f8dd]
13:56:39.050 [main] DEBUG o.h.p.w.spi.MetamodelGraphWalker - Visiting attribute path : descripcion
13:56:39.050 [main] DEBUG o.h.p.w.spi.MetamodelGraphWalker - Visiting attribute path : detalletickets
13:56:39.051 [main] DEBUG o.h.p.w.spi.MetamodelGraphWalker - Visiting attribute path : precio
13:56:39.051 [main] DEBUG o.h.l.p.b.i.FetchStyleLoadPlanBuildingAssociationVisitationStrategy - Building LoadPlan...
13:56:39.052 [main] DEBUG o.h.l.p.e.i.LoadQueryJoinAndFetchProcessor - processing queryspace <gen:0>
13:56:39.054 [main] DEBUG o.h.l.p.b.spi.LoadPlanTreePrinter - LoadPlan(entity=com.fabiocompany.supermercadosdeltaplus.model.Producto)
    - Returns
       - EntityReturnImpl(entity=com.fabiocompany.supermercadosdeltaplus.model.Producto, querySpaceUid=<gen:0>, path=com.fabiocompany.supermercadosdeltaplus.model.Producto)
    - QuerySpaces
       - EntityQuerySpaceImpl(uid=<gen:0>, entity=com.fabiocompany.supermercadosdeltaplus.model.Producto)
          - SQL table alias mapping - producto0_
          - alias suffix - 0_
          - suffixed key columns - {idproduc1_4_0_}

13:56:39.055 [main] DEBUG o.h.loader.entity.plan.EntityLoader - Static select for entity com.fabiocompany.supermercadosdeltaplus.model.Producto [OPTIMISTIC_FORCE_INCREMENT]: select producto0_.idproducto as idproduc1_4_0_, producto0_.descripcion as descripc2_4_0_, producto0_.precio as precio3_4_0_ from producto producto0_ where producto0_.idproducto=?
13:56:39.055 [main] DEBUG org.hibernate.loader.Loader - Static select for action ACTION_MERGE on entity com.fabiocompany.supermercadosdeltaplus.model.Producto: select producto0_.idproducto as idproduc1_4_1_, producto0_.descripcion as descripc2_4_1_, producto0_.precio as precio3_4_1_, detalletic1_.idproducto as idproduc2_4_3_, detalletic2_.iddetalleticket as iddetall1_7_3_, detalletic2_.iddetalleticket as iddetall1_2_0_, detalletic2_.idticket as idticket7_2_0_, detalletic2_.cantidad as cantidad2_2_0_, detalletic2_.cantidadporproducto as cantidad3_2_0_, detalletic2_.montodepago as montodep4_2_0_, detalletic2_.subtotal as subtotal5_2_0_, detalletic2_.idtipodepago as idtipode8_2_0_, detalletic2_.total as total6_2_0_ from producto producto0_ left outer join ticketsyproductos detalletic1_ on producto0_.idproducto=detalletic1_.idproducto left outer join detalleticket detalletic2_ on detalletic1_.iddetalleticket=detalletic2_.iddetalleticket where producto0_.idproducto=?
13:56:39.056 [main] DEBUG org.hibernate.loader.Loader - Static select for action ACTION_REFRESH on entity com.fabiocompany.supermercadosdeltaplus.model.Producto: select producto0_.idproducto as idproduc1_4_1_, producto0_.descripcion as descripc2_4_1_, producto0_.precio as precio3_4_1_, detalletic1_.idproducto as idproduc2_4_3_, detalletic2_.iddetalleticket as iddetall1_7_3_, detalletic2_.iddetalleticket as iddetall1_2_0_, detalletic2_.idticket as idticket7_2_0_, detalletic2_.cantidad as cantidad2_2_0_, detalletic2_.cantidadporproducto as cantidad3_2_0_, detalletic2_.montodepago as montodep4_2_0_, detalletic2_.subtotal as subtotal5_2_0_, detalletic2_.idtipodepago as idtipode8_2_0_, detalletic2_.total as total6_2_0_ from producto producto0_ left outer join ticketsyproductos detalletic1_ on producto0_.idproducto=detalletic1_.idproducto left outer join detalleticket detalletic2_ on detalletic1_.iddetalleticket=detalletic2_.iddetalleticket where producto0_.idproducto=?
13:56:39.068 [main] DEBUG o.h.l.p.b.i.spaces.QuerySpacesImpl - Adding QuerySpace : uid = <gen:0> -> org.hibernate.loader.plan.build.internal.spaces.CollectionQuerySpaceImpl@3381b4fc]
13:56:39.068 [main] DEBUG o.h.l.p.b.i.spaces.QuerySpacesImpl - Adding QuerySpace : uid = <gen:1> -> org.hibernate.loader.plan.build.internal.spaces.EntityQuerySpaceImpl@6bea52d4]
13:56:39.070 [main] DEBUG o.h.p.w.spi.MetamodelGraphWalker - Visiting attribute path : nombretarjeta
13:56:39.071 [main] DEBUG o.h.p.w.spi.MetamodelGraphWalker - Visiting attribute path : numtarjeta
13:56:39.071 [main] DEBUG o.h.p.w.spi.MetamodelGraphWalker - Visiting attribute path : tipodepago
13:56:39.071 [main] DEBUG o.h.p.w.spi.MetamodelGraphWalker - Property path deemed to be circular : tipodepago
13:56:39.071 [main] DEBUG o.h.l.p.b.i.FetchStyleLoadPlanBuildingAssociationVisitationStrategy - Building LoadPlan...
13:56:39.075 [main] DEBUG o.h.l.p.e.i.LoadQueryJoinAndFetchProcessor - processing queryspace <gen:0>
13:56:39.076 [main] DEBUG o.h.l.p.b.spi.LoadPlanTreePrinter - LoadPlan(collection=com.fabiocompany.supermercadosdeltaplus.model.Tipodepago.tarjetas)
    - Returns
       - CollectionReturnImpl(collection=com.fabiocompany.supermercadosdeltaplus.model.Tipodepago.tarjetas, querySpaceUid=<gen:0>, path=[com.fabiocompany.supermercadosdeltaplus.model.Tipodepago.tarjetas])
          - (collection element) CollectionFetchableElementEntityGraph(entity=com.fabiocompany.supermercadosdeltaplus.model.Tarjeta, querySpaceUid=<gen:1>, path=[com.fabiocompany.supermercadosdeltaplus.model.Tipodepago.tarjetas].<elements>)
    - QuerySpaces
       - CollectionQuerySpaceImpl(uid=<gen:0>, collection=com.fabiocompany.supermercadosdeltaplus.model.Tipodepago.tarjetas)
          - SQL table alias mapping - tarjetas0_
          - alias suffix - 0_
          - suffixed key columns - {idtipode4_8_0_}
          - entity-element alias suffix - 1_
          - 1_entity-element suffixed key columns - idtarjet1_5_1_
          - JOIN (JoinDefinedByMetadata(elements)) : <gen:0> -> <gen:1>
             - EntityQuerySpaceImpl(uid=<gen:1>, entity=com.fabiocompany.supermercadosdeltaplus.model.Tarjeta)
                - SQL table alias mapping - tarjetas0_
                - alias suffix - 1_
                - suffixed key columns - {idtarjet1_5_1_}

13:56:39.077 [main] DEBUG o.h.l.c.plan.CollectionLoader - Static select for collection com.fabiocompany.supermercadosdeltaplus.model.Tipodepago.tarjetas: select tarjetas0_.idtipodepago as idtipode4_8_0_, tarjetas0_.idtarjeta as idtarjet1_5_0_, tarjetas0_.idtarjeta as idtarjet1_5_1_, tarjetas0_.nombretarjeta as nombreta2_5_1_, tarjetas0_.numtarjeta as numtarje3_5_1_, tarjetas0_.idtipodepago as idtipode4_5_1_ from tarjeta tarjetas0_ where tarjetas0_.idtipodepago=?
13:56:39.078 [main] DEBUG o.h.l.p.b.i.spaces.QuerySpacesImpl - Adding QuerySpace : uid = <gen:0> -> org.hibernate.loader.plan.build.internal.spaces.CollectionQuerySpaceImpl@7c541c15]
13:56:39.078 [main] DEBUG o.h.l.p.b.i.spaces.QuerySpacesImpl - Adding QuerySpace : uid = <gen:1> -> org.hibernate.loader.plan.build.internal.spaces.EntityQuerySpaceImpl@3542162a]
13:56:39.078 [main] DEBUG o.h.p.w.spi.MetamodelGraphWalker - Visiting attribute path : descripciondepromocion
13:56:39.078 [main] DEBUG o.h.p.w.spi.MetamodelGraphWalker - Visiting attribute path : detalletickets
13:56:39.078 [main] DEBUG o.h.p.w.spi.MetamodelGraphWalker - Property path deemed to be circular : detalletickets
13:56:39.078 [main] DEBUG o.h.p.w.spi.MetamodelGraphWalker - Visiting attribute path : montodedescuento
13:56:39.079 [main] DEBUG o.h.l.p.b.i.FetchStyleLoadPlanBuildingAssociationVisitationStrategy - Building LoadPlan...
13:56:39.079 [main] DEBUG o.h.l.p.e.i.LoadQueryJoinAndFetchProcessor - processing queryspace <gen:0>
13:56:39.080 [main] DEBUG o.h.l.p.b.spi.LoadPlanTreePrinter - LoadPlan(collection=com.fabiocompany.supermercadosdeltaplus.model.Detalleticket.detalleofertas)
    - Returns
       - CollectionReturnImpl(collection=com.fabiocompany.supermercadosdeltaplus.model.Detalleticket.detalleofertas, querySpaceUid=<gen:0>, path=[com.fabiocompany.supermercadosdeltaplus.model.Detalleticket.detalleofertas])
          - (collection element) CollectionFetchableElementEntityGraph(entity=com.fabiocompany.supermercadosdeltaplus.model.Detalleoferta, querySpaceUid=<gen:1>, path=[com.fabiocompany.supermercadosdeltaplus.model.Detalleticket.detalleofertas].<elements>)
    - QuerySpaces
       - CollectionQuerySpaceImpl(uid=<gen:0>, collection=com.fabiocompany.supermercadosdeltaplus.model.Detalleticket.detalleofertas)
          - SQL table alias mapping - detalleofe0_
          - alias suffix - 0_
          - suffixed key columns - {iddetall1_2_0_}
          - entity-element alias suffix - 1_
          - 1_entity-element suffixed key columns - iddetall1_1_1_
          - JOIN (JoinDefinedByMetadata(elements)) : <gen:0> -> <gen:1>
             - EntityQuerySpaceImpl(uid=<gen:1>, entity=com.fabiocompany.supermercadosdeltaplus.model.Detalleoferta)
                - SQL table alias mapping - detalleofe1_
                - alias suffix - 1_
                - suffixed key columns - {iddetall1_1_1_}

13:56:39.080 [main] DEBUG o.h.l.c.plan.CollectionLoader - Static select for collection com.fabiocompany.supermercadosdeltaplus.model.Detalleticket.detalleofertas: select detalleofe0_.iddetalleticket as iddetall1_2_0_, detalleofe0_.iddetalleoferta as iddetall2_6_0_, detalleofe1_.iddetalleoferta as iddetall1_1_1_, detalleofe1_.descripciondepromocion as descripc2_1_1_, detalleofe1_.montodedescuento as montoded3_1_1_ from ticketsyofertas detalleofe0_ inner join detalleoferta detalleofe1_ on detalleofe0_.iddetalleoferta=detalleofe1_.iddetalleoferta where detalleofe0_.iddetalleticket=?
13:56:39.080 [main] DEBUG o.h.l.p.b.i.spaces.QuerySpacesImpl - Adding QuerySpace : uid = <gen:0> -> org.hibernate.loader.plan.build.internal.spaces.CollectionQuerySpaceImpl@1e7aa82b]
13:56:39.080 [main] DEBUG o.h.l.p.b.i.spaces.QuerySpacesImpl - Adding QuerySpace : uid = <gen:1> -> org.hibernate.loader.plan.build.internal.spaces.EntityQuerySpaceImpl@3b2c0e88]
13:56:39.081 [main] DEBUG o.h.p.w.spi.MetamodelGraphWalker - Visiting attribute path : cabeceraticket
13:56:39.081 [main] DEBUG o.h.l.p.b.i.spaces.QuerySpacesImpl - Adding QuerySpace : uid = <gen:2> -> org.hibernate.loader.plan.build.internal.spaces.EntityQuerySpaceImpl@476b0ae6]
13:56:39.081 [main] DEBUG o.h.p.w.spi.MetamodelGraphWalker - Visiting attribute path : cabeceraticket.detalletickets
13:56:39.081 [main] DEBUG o.h.p.w.spi.MetamodelGraphWalker - Property path deemed to be circular : cabeceraticket.detalletickets
13:56:39.081 [main] DEBUG o.h.p.w.spi.MetamodelGraphWalker - Visiting attribute path : cabeceraticket.fecha
13:56:39.081 [main] DEBUG o.h.p.w.spi.MetamodelGraphWalker - Visiting attribute path : cabeceraticket.usuario
13:56:39.081 [main] DEBUG o.h.l.p.b.i.spaces.QuerySpacesImpl - Adding QuerySpace : uid = <gen:3> -> org.hibernate.loader.plan.build.internal.spaces.EntityQuerySpaceImpl@655f7ea]
13:56:39.081 [main] DEBUG o.h.p.w.spi.MetamodelGraphWalker - Visiting attribute path : cabeceraticket.usuario.cabeceratickets
13:56:39.082 [main] DEBUG o.h.p.w.spi.MetamodelGraphWalker - Property path deemed to be circular : cabeceraticket.usuario.cabeceratickets
13:56:39.082 [main] DEBUG o.h.p.w.spi.MetamodelGraphWalker - Visiting attribute path : cabeceraticket.usuario.contraseniausuario
13:56:39.082 [main] DEBUG o.h.p.w.spi.MetamodelGraphWalker - Visiting attribute path : cabeceraticket.usuario.nombreusuario
13:56:39.082 [main] DEBUG o.h.p.w.spi.MetamodelGraphWalker - Visiting attribute path : cabeceraticket.usuario.tipodeusuario
13:56:39.082 [main] DEBUG o.h.p.w.spi.MetamodelGraphWalker - Visiting attribute path : cabeceraticket.usuario.personausuario
13:56:39.082 [main] DEBUG o.h.l.p.b.i.spaces.QuerySpacesImpl - Adding QuerySpace : uid = <gen:4> -> org.hibernate.loader.plan.build.internal.spaces.EntityQuerySpaceImpl@4b3a45f1]
13:56:39.082 [main] DEBUG o.h.p.w.spi.MetamodelGraphWalker - Visiting attribute path : cantidad
13:56:39.082 [main] DEBUG o.h.p.w.spi.MetamodelGraphWalker - Visiting attribute path : cantidadporproducto
13:56:39.082 [main] DEBUG o.h.p.w.spi.MetamodelGraphWalker - Visiting attribute path : detalleofertas
13:56:39.082 [main] DEBUG o.h.p.w.spi.MetamodelGraphWalker - Visiting attribute path : montodepago
13:56:39.082 [main] DEBUG o.h.p.w.spi.MetamodelGraphWalker - Visiting attribute path : productos
13:56:39.082 [main] DEBUG o.h.p.w.spi.MetamodelGraphWalker - Property path deemed to be circular : productos
13:56:39.082 [main] DEBUG o.h.p.w.spi.MetamodelGraphWalker - Visiting attribute path : subtotal
13:56:39.082 [main] DEBUG o.h.p.w.spi.MetamodelGraphWalker - Visiting attribute path : tipodepago
13:56:39.082 [main] DEBUG o.h.l.p.b.i.spaces.QuerySpacesImpl - Adding QuerySpace : uid = <gen:5> -> org.hibernate.loader.plan.build.internal.spaces.EntityQuerySpaceImpl@17a87e37]
13:56:39.082 [main] DEBUG o.h.p.w.spi.MetamodelGraphWalker - Visiting attribute path : tipodepago.descripciontipodepago
13:56:39.083 [main] DEBUG o.h.p.w.spi.MetamodelGraphWalker - Visiting attribute path : tipodepago.detalletickets
13:56:39.083 [main] DEBUG o.h.p.w.spi.MetamodelGraphWalker - Property path deemed to be circular : tipodepago.detalletickets
13:56:39.083 [main] DEBUG o.h.p.w.spi.MetamodelGraphWalker - Visiting attribute path : tipodepago.tarjetas
13:56:39.083 [main] DEBUG o.h.p.w.spi.MetamodelGraphWalker - Visiting attribute path : total
13:56:39.083 [main] DEBUG o.h.l.p.b.i.FetchStyleLoadPlanBuildingAssociationVisitationStrategy - Building LoadPlan...
13:56:39.083 [main] DEBUG o.h.l.p.e.i.LoadQueryJoinAndFetchProcessor - processing queryspace <gen:0>
13:56:39.085 [main] DEBUG o.h.l.p.b.spi.LoadPlanTreePrinter - LoadPlan(collection=com.fabiocompany.supermercadosdeltaplus.model.Producto.detalletickets)
    - Returns
       - CollectionReturnImpl(collection=com.fabiocompany.supermercadosdeltaplus.model.Producto.detalletickets, querySpaceUid=<gen:0>, path=[com.fabiocompany.supermercadosdeltaplus.model.Producto.detalletickets])
          - (collection element) CollectionFetchableElementEntityGraph(entity=com.fabiocompany.supermercadosdeltaplus.model.Detalleticket, querySpaceUid=<gen:1>, path=[com.fabiocompany.supermercadosdeltaplus.model.Producto.detalletickets].<elements>)
             - EntityAttributeFetchImpl(entity=com.fabiocompany.supermercadosdeltaplus.model.Cabeceraticket, querySpaceUid=<gen:2>, path=[com.fabiocompany.supermercadosdeltaplus.model.Producto.detalletickets].<elements>.cabeceraticket)
                - EntityAttributeFetchImpl(entity=com.fabiocompany.supermercadosdeltaplus.model.Usuario, querySpaceUid=<gen:3>, path=[com.fabiocompany.supermercadosdeltaplus.model.Producto.detalletickets].<elements>.cabeceraticket.usuario)
                   - EntityAttributeFetchImpl(entity=com.fabiocompany.supermercadosdeltaplus.model.Personausuario, querySpaceUid=<gen:4>, path=[com.fabiocompany.supermercadosdeltaplus.model.Producto.detalletickets].<elements>.cabeceraticket.usuario.personausuario)
             - EntityAttributeFetchImpl(entity=com.fabiocompany.supermercadosdeltaplus.model.Tipodepago, querySpaceUid=<gen:5>, path=[com.fabiocompany.supermercadosdeltaplus.model.Producto.detalletickets].<elements>.tipodepago)
    - QuerySpaces
       - CollectionQuerySpaceImpl(uid=<gen:0>, collection=com.fabiocompany.supermercadosdeltaplus.model.Producto.detalletickets)
          - SQL table alias mapping - detalletic0_
          - alias suffix - 0_
          - suffixed key columns - {idproduc2_4_0_}
          - entity-element alias suffix - 1_
          - 1_entity-element suffixed key columns - iddetall1_2_1_
          - JOIN (JoinDefinedByMetadata(elements)) : <gen:0> -> <gen:1>
             - EntityQuerySpaceImpl(uid=<gen:1>, entity=com.fabiocompany.supermercadosdeltaplus.model.Detalleticket)
                - SQL table alias mapping - detalletic1_
                - alias suffix - 1_
                - suffixed key columns - {iddetall1_2_1_}
                - JOIN (JoinDefinedByMetadata(cabeceraticket)) : <gen:1> -> <gen:2>
                   - EntityQuerySpaceImpl(uid=<gen:2>, entity=com.fabiocompany.supermercadosdeltaplus.model.Cabeceraticket)
                      - SQL table alias mapping - cabecerati2_
                      - alias suffix - 2_
                      - suffixed key columns - {idticket1_0_2_}
                      - JOIN (JoinDefinedByMetadata(usuario)) : <gen:2> -> <gen:3>
                         - EntityQuerySpaceImpl(uid=<gen:3>, entity=com.fabiocompany.supermercadosdeltaplus.model.Usuario)
                            - SQL table alias mapping - usuario3_
                            - alias suffix - 3_
                            - suffixed key columns - {idusuari1_9_3_}
                - JOIN (JoinDefinedByMetadata(tipodepago)) : <gen:1> -> <gen:5>
                   - EntityQuerySpaceImpl(uid=<gen:5>, entity=com.fabiocompany.supermercadosdeltaplus.model.Tipodepago)
                      - SQL table alias mapping - tipodepago4_
                      - alias suffix - 4_
                      - suffixed key columns - {idtipode1_8_4_}

13:56:39.085 [main] DEBUG o.h.l.c.plan.CollectionLoader - Static select for collection com.fabiocompany.supermercadosdeltaplus.model.Producto.detalletickets: select detalletic0_.idproducto as idproduc2_4_0_, detalletic0_.iddetalleticket as iddetall1_7_0_, detalletic1_.iddetalleticket as iddetall1_2_1_, detalletic1_.idticket as idticket7_2_1_, detalletic1_.cantidad as cantidad2_2_1_, detalletic1_.cantidadporproducto as cantidad3_2_1_, detalletic1_.montodepago as montodep4_2_1_, detalletic1_.subtotal as subtotal5_2_1_, detalletic1_.idtipodepago as idtipode8_2_1_, detalletic1_.total as total6_2_1_, cabecerati2_.idticket as idticket1_0_2_, cabecerati2_.fecha as fecha2_0_2_, cabecerati2_.idusuario as idusuari3_0_2_, usuario3_.idusuario as idusuari1_9_3_, usuario3_.contraseniausuario as contrase2_9_3_, usuario3_.nombreusuario as nombreus3_9_3_, usuario3_.tipodeusuario as tipodeus4_9_3_, tipodepago4_.idtipodepago as idtipode1_8_4_, tipodepago4_.descripciontipodepago as descripc2_8_4_ from ticketsyproductos detalletic0_ inner join detalleticket detalletic1_ on detalletic0_.iddetalleticket=detalletic1_.iddetalleticket left outer join cabeceraticket cabecerati2_ on detalletic1_.idticket=cabecerati2_.idticket left outer join usuario usuario3_ on cabecerati2_.idusuario=usuario3_.idusuario left outer join tipodepago tipodepago4_ on detalletic1_.idtipodepago=tipodepago4_.idtipodepago where detalletic0_.idproducto=?
13:56:39.085 [main] DEBUG o.h.l.p.b.i.spaces.QuerySpacesImpl - Adding QuerySpace : uid = <gen:0> -> org.hibernate.loader.plan.build.internal.spaces.CollectionQuerySpaceImpl@20a14b55]
13:56:39.085 [main] DEBUG o.h.l.p.b.i.spaces.QuerySpacesImpl - Adding QuerySpace : uid = <gen:1> -> org.hibernate.loader.plan.build.internal.spaces.EntityQuerySpaceImpl@39ad977d]
13:56:39.085 [main] DEBUG o.h.p.w.spi.MetamodelGraphWalker - Visiting attribute path : cabeceraticket
13:56:39.086 [main] DEBUG o.h.l.p.b.i.spaces.QuerySpacesImpl - Adding QuerySpace : uid = <gen:2> -> org.hibernate.loader.plan.build.internal.spaces.EntityQuerySpaceImpl@20f12539]
13:56:39.086 [main] DEBUG o.h.p.w.spi.MetamodelGraphWalker - Visiting attribute path : cabeceraticket.detalletickets
13:56:39.086 [main] DEBUG o.h.p.w.spi.MetamodelGraphWalker - Property path deemed to be circular : cabeceraticket.detalletickets
13:56:39.086 [main] DEBUG o.h.p.w.spi.MetamodelGraphWalker - Visiting attribute path : cabeceraticket.fecha
13:56:39.086 [main] DEBUG o.h.p.w.spi.MetamodelGraphWalker - Visiting attribute path : cabeceraticket.usuario
13:56:39.086 [main] DEBUG o.h.l.p.b.i.spaces.QuerySpacesImpl - Adding QuerySpace : uid = <gen:3> -> org.hibernate.loader.plan.build.internal.spaces.EntityQuerySpaceImpl@18025ced]
13:56:39.086 [main] DEBUG o.h.p.w.spi.MetamodelGraphWalker - Visiting attribute path : cabeceraticket.usuario.cabeceratickets
13:56:39.086 [main] DEBUG o.h.p.w.spi.MetamodelGraphWalker - Property path deemed to be circular : cabeceraticket.usuario.cabeceratickets
13:56:39.086 [main] DEBUG o.h.p.w.spi.MetamodelGraphWalker - Visiting attribute path : cabeceraticket.usuario.contraseniausuario
13:56:39.086 [main] DEBUG o.h.p.w.spi.MetamodelGraphWalker - Visiting attribute path : cabeceraticket.usuario.nombreusuario
13:56:39.086 [main] DEBUG o.h.p.w.spi.MetamodelGraphWalker - Visiting attribute path : cabeceraticket.usuario.tipodeusuario
13:56:39.086 [main] DEBUG o.h.p.w.spi.MetamodelGraphWalker - Visiting attribute path : cabeceraticket.usuario.personausuario
13:56:39.086 [main] DEBUG o.h.l.p.b.i.spaces.QuerySpacesImpl - Adding QuerySpace : uid = <gen:4> -> org.hibernate.loader.plan.build.internal.spaces.EntityQuerySpaceImpl@3a3e4aff]
13:56:39.086 [main] DEBUG o.h.p.w.spi.MetamodelGraphWalker - Visiting attribute path : cantidad
13:56:39.087 [main] DEBUG o.h.p.w.spi.MetamodelGraphWalker - Visiting attribute path : cantidadporproducto
13:56:39.087 [main] DEBUG o.h.p.w.spi.MetamodelGraphWalker - Visiting attribute path : detalleofertas
13:56:39.087 [main] DEBUG o.h.p.w.spi.MetamodelGraphWalker - Visiting attribute path : montodepago
13:56:39.087 [main] DEBUG o.h.p.w.spi.MetamodelGraphWalker - Visiting attribute path : productos
13:56:39.087 [main] DEBUG o.h.p.w.spi.MetamodelGraphWalker - Visiting attribute path : subtotal
13:56:39.087 [main] DEBUG o.h.p.w.spi.MetamodelGraphWalker - Visiting attribute path : tipodepago
13:56:39.087 [main] DEBUG o.h.p.w.spi.MetamodelGraphWalker - Property path deemed to be circular : tipodepago
13:56:39.087 [main] DEBUG o.h.p.w.spi.MetamodelGraphWalker - Visiting attribute path : total
13:56:39.087 [main] DEBUG o.h.l.p.b.i.FetchStyleLoadPlanBuildingAssociationVisitationStrategy - Building LoadPlan...
13:56:39.087 [main] DEBUG o.h.l.p.e.i.LoadQueryJoinAndFetchProcessor - processing queryspace <gen:0>
13:56:39.088 [main] DEBUG o.h.l.p.b.spi.LoadPlanTreePrinter - LoadPlan(collection=com.fabiocompany.supermercadosdeltaplus.model.Tipodepago.detalletickets)
    - Returns
       - CollectionReturnImpl(collection=com.fabiocompany.supermercadosdeltaplus.model.Tipodepago.detalletickets, querySpaceUid=<gen:0>, path=[com.fabiocompany.supermercadosdeltaplus.model.Tipodepago.detalletickets])
          - (collection element) CollectionFetchableElementEntityGraph(entity=com.fabiocompany.supermercadosdeltaplus.model.Detalleticket, querySpaceUid=<gen:1>, path=[com.fabiocompany.supermercadosdeltaplus.model.Tipodepago.detalletickets].<elements>)
             - EntityAttributeFetchImpl(entity=com.fabiocompany.supermercadosdeltaplus.model.Cabeceraticket, querySpaceUid=<gen:2>, path=[com.fabiocompany.supermercadosdeltaplus.model.Tipodepago.detalletickets].<elements>.cabeceraticket)
                - EntityAttributeFetchImpl(entity=com.fabiocompany.supermercadosdeltaplus.model.Usuario, querySpaceUid=<gen:3>, path=[com.fabiocompany.supermercadosdeltaplus.model.Tipodepago.detalletickets].<elements>.cabeceraticket.usuario)
                   - EntityAttributeFetchImpl(entity=com.fabiocompany.supermercadosdeltaplus.model.Personausuario, querySpaceUid=<gen:4>, path=[com.fabiocompany.supermercadosdeltaplus.model.Tipodepago.detalletickets].<elements>.cabeceraticket.usuario.personausuario)
    - QuerySpaces
       - CollectionQuerySpaceImpl(uid=<gen:0>, collection=com.fabiocompany.supermercadosdeltaplus.model.Tipodepago.detalletickets)
          - SQL table alias mapping - detalletic0_
          - alias suffix - 0_
          - suffixed key columns - {idtipode8_8_0_}
          - entity-element alias suffix - 1_
          - 1_entity-element suffixed key columns - iddetall1_2_1_
          - JOIN (JoinDefinedByMetadata(elements)) : <gen:0> -> <gen:1>
             - EntityQuerySpaceImpl(uid=<gen:1>, entity=com.fabiocompany.supermercadosdeltaplus.model.Detalleticket)
                - SQL table alias mapping - detalletic0_
                - alias suffix - 1_
                - suffixed key columns - {iddetall1_2_1_}
                - JOIN (JoinDefinedByMetadata(cabeceraticket)) : <gen:1> -> <gen:2>
                   - EntityQuerySpaceImpl(uid=<gen:2>, entity=com.fabiocompany.supermercadosdeltaplus.model.Cabeceraticket)
                      - SQL table alias mapping - cabecerati1_
                      - alias suffix - 2_
                      - suffixed key columns - {idticket1_0_2_}
                      - JOIN (JoinDefinedByMetadata(usuario)) : <gen:2> -> <gen:3>
                         - EntityQuerySpaceImpl(uid=<gen:3>, entity=com.fabiocompany.supermercadosdeltaplus.model.Usuario)
                            - SQL table alias mapping - usuario2_
                            - alias suffix - 3_
                            - suffixed key columns - {idusuari1_9_3_}

13:56:39.089 [main] DEBUG o.h.l.c.plan.CollectionLoader - Static select for collection com.fabiocompany.supermercadosdeltaplus.model.Tipodepago.detalletickets: select detalletic0_.idtipodepago as idtipode8_8_0_, detalletic0_.iddetalleticket as iddetall1_2_0_, detalletic0_.iddetalleticket as iddetall1_2_1_, detalletic0_.idticket as idticket7_2_1_, detalletic0_.cantidad as cantidad2_2_1_, detalletic0_.cantidadporproducto as cantidad3_2_1_, detalletic0_.montodepago as montodep4_2_1_, detalletic0_.subtotal as subtotal5_2_1_, detalletic0_.idtipodepago as idtipode8_2_1_, detalletic0_.total as total6_2_1_, cabecerati1_.idticket as idticket1_0_2_, cabecerati1_.fecha as fecha2_0_2_, cabecerati1_.idusuario as idusuari3_0_2_, usuario2_.idusuario as idusuari1_9_3_, usuario2_.contraseniausuario as contrase2_9_3_, usuario2_.nombreusuario as nombreus3_9_3_, usuario2_.tipodeusuario as tipodeus4_9_3_ from detalleticket detalletic0_ left outer join cabeceraticket cabecerati1_ on detalletic0_.idticket=cabecerati1_.idticket left outer join usuario usuario2_ on cabecerati1_.idusuario=usuario2_.idusuario where detalletic0_.idtipodepago=?
13:56:39.089 [main] DEBUG o.h.l.p.b.i.spaces.QuerySpacesImpl - Adding QuerySpace : uid = <gen:0> -> org.hibernate.loader.plan.build.internal.spaces.CollectionQuerySpaceImpl@5d2a4eed]
13:56:39.089 [main] DEBUG o.h.l.p.b.i.spaces.QuerySpacesImpl - Adding QuerySpace : uid = <gen:1> -> org.hibernate.loader.plan.build.internal.spaces.EntityQuerySpaceImpl@57459491]
13:56:39.089 [main] DEBUG o.h.p.w.spi.MetamodelGraphWalker - Visiting attribute path : descripcion
13:56:39.089 [main] DEBUG o.h.p.w.spi.MetamodelGraphWalker - Visiting attribute path : detalletickets
13:56:39.089 [main] DEBUG o.h.p.w.spi.MetamodelGraphWalker - Property path deemed to be circular : detalletickets
13:56:39.089 [main] DEBUG o.h.p.w.spi.MetamodelGraphWalker - Visiting attribute path : precio
13:56:39.089 [main] DEBUG o.h.l.p.b.i.FetchStyleLoadPlanBuildingAssociationVisitationStrategy - Building LoadPlan...
13:56:39.090 [main] DEBUG o.h.l.p.e.i.LoadQueryJoinAndFetchProcessor - processing queryspace <gen:0>
13:56:39.090 [main] DEBUG o.h.l.p.b.spi.LoadPlanTreePrinter - LoadPlan(collection=com.fabiocompany.supermercadosdeltaplus.model.Detalleticket.productos)
    - Returns
       - CollectionReturnImpl(collection=com.fabiocompany.supermercadosdeltaplus.model.Detalleticket.productos, querySpaceUid=<gen:0>, path=[com.fabiocompany.supermercadosdeltaplus.model.Detalleticket.productos])
          - (collection element) CollectionFetchableElementEntityGraph(entity=com.fabiocompany.supermercadosdeltaplus.model.Producto, querySpaceUid=<gen:1>, path=[com.fabiocompany.supermercadosdeltaplus.model.Detalleticket.productos].<elements>)
    - QuerySpaces
       - CollectionQuerySpaceImpl(uid=<gen:0>, collection=com.fabiocompany.supermercadosdeltaplus.model.Detalleticket.productos)
          - SQL table alias mapping - productos0_
          - alias suffix - 0_
          - suffixed key columns - {iddetall1_2_0_}
          - entity-element alias suffix - 1_
          - 1_entity-element suffixed key columns - idproduc1_4_1_
          - JOIN (JoinDefinedByMetadata(elements)) : <gen:0> -> <gen:1>
             - EntityQuerySpaceImpl(uid=<gen:1>, entity=com.fabiocompany.supermercadosdeltaplus.model.Producto)
                - SQL table alias mapping - producto1_
                - alias suffix - 1_
                - suffixed key columns - {idproduc1_4_1_}

13:56:39.090 [main] DEBUG o.h.l.c.plan.CollectionLoader - Static select for collection com.fabiocompany.supermercadosdeltaplus.model.Detalleticket.productos: select productos0_.iddetalleticket as iddetall1_2_0_, productos0_.idproducto as idproduc2_7_0_, producto1_.idproducto as idproduc1_4_1_, producto1_.descripcion as descripc2_4_1_, producto1_.precio as precio3_4_1_ from ticketsyproductos productos0_ inner join producto producto1_ on productos0_.idproducto=producto1_.idproducto where productos0_.iddetalleticket=?
13:56:39.090 [main] DEBUG o.h.l.p.b.i.spaces.QuerySpacesImpl - Adding QuerySpace : uid = <gen:0> -> org.hibernate.loader.plan.build.internal.spaces.CollectionQuerySpaceImpl@78fbff54]
13:56:39.090 [main] DEBUG o.h.l.p.b.i.spaces.QuerySpacesImpl - Adding QuerySpace : uid = <gen:1> -> org.hibernate.loader.plan.build.internal.spaces.EntityQuerySpaceImpl@3e10dc6]
13:56:39.091 [main] DEBUG o.h.p.w.spi.MetamodelGraphWalker - Visiting attribute path : detalletickets
13:56:39.091 [main] DEBUG o.h.p.w.spi.MetamodelGraphWalker - Visiting attribute path : fecha
13:56:39.091 [main] DEBUG o.h.p.w.spi.MetamodelGraphWalker - Visiting attribute path : usuario
13:56:39.091 [main] DEBUG o.h.p.w.spi.MetamodelGraphWalker - Property path deemed to be circular : usuario
13:56:39.091 [main] DEBUG o.h.l.p.b.i.FetchStyleLoadPlanBuildingAssociationVisitationStrategy - Building LoadPlan...
13:56:39.091 [main] DEBUG o.h.l.p.e.i.LoadQueryJoinAndFetchProcessor - processing queryspace <gen:0>
13:56:39.092 [main] DEBUG o.h.l.p.b.spi.LoadPlanTreePrinter - LoadPlan(collection=com.fabiocompany.supermercadosdeltaplus.model.Usuario.cabeceratickets)
    - Returns
       - CollectionReturnImpl(collection=com.fabiocompany.supermercadosdeltaplus.model.Usuario.cabeceratickets, querySpaceUid=<gen:0>, path=[com.fabiocompany.supermercadosdeltaplus.model.Usuario.cabeceratickets])
          - (collection element) CollectionFetchableElementEntityGraph(entity=com.fabiocompany.supermercadosdeltaplus.model.Cabeceraticket, querySpaceUid=<gen:1>, path=[com.fabiocompany.supermercadosdeltaplus.model.Usuario.cabeceratickets].<elements>)
    - QuerySpaces
       - CollectionQuerySpaceImpl(uid=<gen:0>, collection=com.fabiocompany.supermercadosdeltaplus.model.Usuario.cabeceratickets)
          - SQL table alias mapping - cabecerati0_
          - alias suffix - 0_
          - suffixed key columns - {idusuari3_9_0_}
          - entity-element alias suffix - 1_
          - 1_entity-element suffixed key columns - idticket1_0_1_
          - JOIN (JoinDefinedByMetadata(elements)) : <gen:0> -> <gen:1>
             - EntityQuerySpaceImpl(uid=<gen:1>, entity=com.fabiocompany.supermercadosdeltaplus.model.Cabeceraticket)
                - SQL table alias mapping - cabecerati0_
                - alias suffix - 1_
                - suffixed key columns - {idticket1_0_1_}

13:56:39.092 [main] DEBUG o.h.l.c.plan.CollectionLoader - Static select for collection com.fabiocompany.supermercadosdeltaplus.model.Usuario.cabeceratickets: select cabecerati0_.idusuario as idusuari3_9_0_, cabecerati0_.idticket as idticket1_0_0_, cabecerati0_.idticket as idticket1_0_1_, cabecerati0_.fecha as fecha2_0_1_, cabecerati0_.idusuario as idusuari3_0_1_ from cabeceraticket cabecerati0_ where cabecerati0_.idusuario=?
13:56:39.092 [main] DEBUG o.h.l.p.b.i.spaces.QuerySpacesImpl - Adding QuerySpace : uid = <gen:0> -> org.hibernate.loader.plan.build.internal.spaces.CollectionQuerySpaceImpl@62452cc9]
13:56:39.092 [main] DEBUG o.h.l.p.b.i.spaces.QuerySpacesImpl - Adding QuerySpace : uid = <gen:1> -> org.hibernate.loader.plan.build.internal.spaces.EntityQuerySpaceImpl@6941827a]
13:56:39.092 [main] DEBUG o.h.p.w.spi.MetamodelGraphWalker - Visiting attribute path : cabeceraticket
13:56:39.092 [main] DEBUG o.h.p.w.spi.MetamodelGraphWalker - Property path deemed to be circular : cabeceraticket
13:56:39.093 [main] DEBUG o.h.p.w.spi.MetamodelGraphWalker - Visiting attribute path : cantidad
13:56:39.093 [main] DEBUG o.h.p.w.spi.MetamodelGraphWalker - Visiting attribute path : cantidadporproducto
13:56:39.093 [main] DEBUG o.h.p.w.spi.MetamodelGraphWalker - Visiting attribute path : detalleofertas
13:56:39.093 [main] DEBUG o.h.p.w.spi.MetamodelGraphWalker - Visiting attribute path : montodepago
13:56:39.093 [main] DEBUG o.h.p.w.spi.MetamodelGraphWalker - Visiting attribute path : productos
13:56:39.093 [main] DEBUG o.h.p.w.spi.MetamodelGraphWalker - Visiting attribute path : subtotal
13:56:39.093 [main] DEBUG o.h.p.w.spi.MetamodelGraphWalker - Visiting attribute path : tipodepago
13:56:39.093 [main] DEBUG o.h.l.p.b.i.spaces.QuerySpacesImpl - Adding QuerySpace : uid = <gen:2> -> org.hibernate.loader.plan.build.internal.spaces.EntityQuerySpaceImpl@1021f6c9]
13:56:39.093 [main] DEBUG o.h.p.w.spi.MetamodelGraphWalker - Visiting attribute path : tipodepago.descripciontipodepago
13:56:39.093 [main] DEBUG o.h.p.w.spi.MetamodelGraphWalker - Visiting attribute path : tipodepago.detalletickets
13:56:39.093 [main] DEBUG o.h.p.w.spi.MetamodelGraphWalker - Property path deemed to be circular : tipodepago.detalletickets
13:56:39.093 [main] DEBUG o.h.p.w.spi.MetamodelGraphWalker - Visiting attribute path : tipodepago.tarjetas
13:56:39.093 [main] DEBUG o.h.p.w.spi.MetamodelGraphWalker - Visiting attribute path : total
13:56:39.093 [main] DEBUG o.h.l.p.b.i.FetchStyleLoadPlanBuildingAssociationVisitationStrategy - Building LoadPlan...
13:56:39.094 [main] DEBUG o.h.l.p.e.i.LoadQueryJoinAndFetchProcessor - processing queryspace <gen:0>
13:56:39.095 [main] DEBUG o.h.l.p.b.spi.LoadPlanTreePrinter - LoadPlan(collection=com.fabiocompany.supermercadosdeltaplus.model.Cabeceraticket.detalletickets)
    - Returns
       - CollectionReturnImpl(collection=com.fabiocompany.supermercadosdeltaplus.model.Cabeceraticket.detalletickets, querySpaceUid=<gen:0>, path=[com.fabiocompany.supermercadosdeltaplus.model.Cabeceraticket.detalletickets])
          - (collection element) CollectionFetchableElementEntityGraph(entity=com.fabiocompany.supermercadosdeltaplus.model.Detalleticket, querySpaceUid=<gen:1>, path=[com.fabiocompany.supermercadosdeltaplus.model.Cabeceraticket.detalletickets].<elements>)
             - EntityAttributeFetchImpl(entity=com.fabiocompany.supermercadosdeltaplus.model.Tipodepago, querySpaceUid=<gen:2>, path=[com.fabiocompany.supermercadosdeltaplus.model.Cabeceraticket.detalletickets].<elements>.tipodepago)
    - QuerySpaces
       - CollectionQuerySpaceImpl(uid=<gen:0>, collection=com.fabiocompany.supermercadosdeltaplus.model.Cabeceraticket.detalletickets)
          - SQL table alias mapping - detalletic0_
          - alias suffix - 0_
          - suffixed key columns - {idticket7_0_0_}
          - entity-element alias suffix - 1_
          - 1_entity-element suffixed key columns - iddetall1_2_1_
          - JOIN (JoinDefinedByMetadata(elements)) : <gen:0> -> <gen:1>
             - EntityQuerySpaceImpl(uid=<gen:1>, entity=com.fabiocompany.supermercadosdeltaplus.model.Detalleticket)
                - SQL table alias mapping - detalletic0_
                - alias suffix - 1_
                - suffixed key columns - {iddetall1_2_1_}
                - JOIN (JoinDefinedByMetadata(tipodepago)) : <gen:1> -> <gen:2>
                   - EntityQuerySpaceImpl(uid=<gen:2>, entity=com.fabiocompany.supermercadosdeltaplus.model.Tipodepago)
                      - SQL table alias mapping - tipodepago1_
                      - alias suffix - 2_
                      - suffixed key columns - {idtipode1_8_2_}

13:56:39.095 [main] DEBUG o.h.l.c.plan.CollectionLoader - Static select for collection com.fabiocompany.supermercadosdeltaplus.model.Cabeceraticket.detalletickets: select detalletic0_.idticket as idticket7_0_0_, detalletic0_.iddetalleticket as iddetall1_2_0_, detalletic0_.iddetalleticket as iddetall1_2_1_, detalletic0_.idticket as idticket7_2_1_, detalletic0_.cantidad as cantidad2_2_1_, detalletic0_.cantidadporproducto as cantidad3_2_1_, detalletic0_.montodepago as montodep4_2_1_, detalletic0_.subtotal as subtotal5_2_1_, detalletic0_.idtipodepago as idtipode8_2_1_, detalletic0_.total as total6_2_1_, tipodepago1_.idtipodepago as idtipode1_8_2_, tipodepago1_.descripciontipodepago as descripc2_8_2_ from detalleticket detalletic0_ left outer join tipodepago tipodepago1_ on detalletic0_.idtipodepago=tipodepago1_.idtipodepago where detalletic0_.idticket=?
13:56:39.095 [main] DEBUG o.h.l.p.b.i.spaces.QuerySpacesImpl - Adding QuerySpace : uid = <gen:0> -> org.hibernate.loader.plan.build.internal.spaces.CollectionQuerySpaceImpl@488eb7f2]
13:56:39.095 [main] DEBUG o.h.l.p.b.i.spaces.QuerySpacesImpl - Adding QuerySpace : uid = <gen:1> -> org.hibernate.loader.plan.build.internal.spaces.EntityQuerySpaceImpl@5e81e5ac]
13:56:39.095 [main] DEBUG o.h.p.w.spi.MetamodelGraphWalker - Visiting attribute path : cabeceraticket
13:56:39.095 [main] DEBUG o.h.l.p.b.i.spaces.QuerySpacesImpl - Adding QuerySpace : uid = <gen:2> -> org.hibernate.loader.plan.build.internal.spaces.EntityQuerySpaceImpl@3e7634b9]
13:56:39.095 [main] DEBUG o.h.p.w.spi.MetamodelGraphWalker - Visiting attribute path : cabeceraticket.detalletickets
13:56:39.095 [main] DEBUG o.h.p.w.spi.MetamodelGraphWalker - Property path deemed to be circular : cabeceraticket.detalletickets
13:56:39.095 [main] DEBUG o.h.p.w.spi.MetamodelGraphWalker - Visiting attribute path : cabeceraticket.fecha
13:56:39.096 [main] DEBUG o.h.p.w.spi.MetamodelGraphWalker - Visiting attribute path : cabeceraticket.usuario
13:56:39.096 [main] DEBUG o.h.l.p.b.i.spaces.QuerySpacesImpl - Adding QuerySpace : uid = <gen:3> -> org.hibernate.loader.plan.build.internal.spaces.EntityQuerySpaceImpl@6035b93b]
13:56:39.096 [main] DEBUG o.h.p.w.spi.MetamodelGraphWalker - Visiting attribute path : cabeceraticket.usuario.cabeceratickets
13:56:39.096 [main] DEBUG o.h.p.w.spi.MetamodelGraphWalker - Property path deemed to be circular : cabeceraticket.usuario.cabeceratickets
13:56:39.096 [main] DEBUG o.h.p.w.spi.MetamodelGraphWalker - Visiting attribute path : cabeceraticket.usuario.contraseniausuario
13:56:39.096 [main] DEBUG o.h.p.w.spi.MetamodelGraphWalker - Visiting attribute path : cabeceraticket.usuario.nombreusuario
13:56:39.096 [main] DEBUG o.h.p.w.spi.MetamodelGraphWalker - Visiting attribute path : cabeceraticket.usuario.tipodeusuario
13:56:39.096 [main] DEBUG o.h.p.w.spi.MetamodelGraphWalker - Visiting attribute path : cabeceraticket.usuario.personausuario
13:56:39.096 [main] DEBUG o.h.l.p.b.i.spaces.QuerySpacesImpl - Adding QuerySpace : uid = <gen:4> -> org.hibernate.loader.plan.build.internal.spaces.EntityQuerySpaceImpl@3dd1dc90]
13:56:39.096 [main] DEBUG o.h.p.w.spi.MetamodelGraphWalker - Visiting attribute path : cantidad
13:56:39.096 [main] DEBUG o.h.p.w.spi.MetamodelGraphWalker - Visiting attribute path : cantidadporproducto
13:56:39.096 [main] DEBUG o.h.p.w.spi.MetamodelGraphWalker - Visiting attribute path : detalleofertas
13:56:39.096 [main] DEBUG o.h.p.w.spi.MetamodelGraphWalker - Property path deemed to be circular : detalleofertas
13:56:39.096 [main] DEBUG o.h.p.w.spi.MetamodelGraphWalker - Visiting attribute path : montodepago
13:56:39.096 [main] DEBUG o.h.p.w.spi.MetamodelGraphWalker - Visiting attribute path : productos
13:56:39.096 [main] DEBUG o.h.p.w.spi.MetamodelGraphWalker - Visiting attribute path : subtotal
13:56:39.096 [main] DEBUG o.h.p.w.spi.MetamodelGraphWalker - Visiting attribute path : tipodepago
13:56:39.096 [main] DEBUG o.h.l.p.b.i.spaces.QuerySpacesImpl - Adding QuerySpace : uid = <gen:5> -> org.hibernate.loader.plan.build.internal.spaces.EntityQuerySpaceImpl@abf688e]
13:56:39.097 [main] DEBUG o.h.p.w.spi.MetamodelGraphWalker - Visiting attribute path : tipodepago.descripciontipodepago
13:56:39.097 [main] DEBUG o.h.p.w.spi.MetamodelGraphWalker - Visiting attribute path : tipodepago.detalletickets
13:56:39.097 [main] DEBUG o.h.p.w.spi.MetamodelGraphWalker - Property path deemed to be circular : tipodepago.detalletickets
13:56:39.097 [main] DEBUG o.h.p.w.spi.MetamodelGraphWalker - Visiting attribute path : tipodepago.tarjetas
13:56:39.097 [main] DEBUG o.h.p.w.spi.MetamodelGraphWalker - Visiting attribute path : total
13:56:39.097 [main] DEBUG o.h.l.p.b.i.FetchStyleLoadPlanBuildingAssociationVisitationStrategy - Building LoadPlan...
13:56:39.097 [main] DEBUG o.h.l.p.e.i.LoadQueryJoinAndFetchProcessor - processing queryspace <gen:0>
13:56:39.100 [main] DEBUG o.h.l.p.b.spi.LoadPlanTreePrinter - LoadPlan(collection=com.fabiocompany.supermercadosdeltaplus.model.Detalleoferta.detalletickets)
    - Returns
       - CollectionReturnImpl(collection=com.fabiocompany.supermercadosdeltaplus.model.Detalleoferta.detalletickets, querySpaceUid=<gen:0>, path=[com.fabiocompany.supermercadosdeltaplus.model.Detalleoferta.detalletickets])
          - (collection element) CollectionFetchableElementEntityGraph(entity=com.fabiocompany.supermercadosdeltaplus.model.Detalleticket, querySpaceUid=<gen:1>, path=[com.fabiocompany.supermercadosdeltaplus.model.Detalleoferta.detalletickets].<elements>)
             - EntityAttributeFetchImpl(entity=com.fabiocompany.supermercadosdeltaplus.model.Cabeceraticket, querySpaceUid=<gen:2>, path=[com.fabiocompany.supermercadosdeltaplus.model.Detalleoferta.detalletickets].<elements>.cabeceraticket)
                - EntityAttributeFetchImpl(entity=com.fabiocompany.supermercadosdeltaplus.model.Usuario, querySpaceUid=<gen:3>, path=[com.fabiocompany.supermercadosdeltaplus.model.Detalleoferta.detalletickets].<elements>.cabeceraticket.usuario)
                   - EntityAttributeFetchImpl(entity=com.fabiocompany.supermercadosdeltaplus.model.Personausuario, querySpaceUid=<gen:4>, path=[com.fabiocompany.supermercadosdeltaplus.model.Detalleoferta.detalletickets].<elements>.cabeceraticket.usuario.personausuario)
             - EntityAttributeFetchImpl(entity=com.fabiocompany.supermercadosdeltaplus.model.Tipodepago, querySpaceUid=<gen:5>, path=[com.fabiocompany.supermercadosdeltaplus.model.Detalleoferta.detalletickets].<elements>.tipodepago)
    - QuerySpaces
       - CollectionQuerySpaceImpl(uid=<gen:0>, collection=com.fabiocompany.supermercadosdeltaplus.model.Detalleoferta.detalletickets)
          - SQL table alias mapping - detalletic0_
          - alias suffix - 0_
          - suffixed key columns - {iddetall2_1_0_}
          - entity-element alias suffix - 1_
          - 1_entity-element suffixed key columns - iddetall1_2_1_
          - JOIN (JoinDefinedByMetadata(elements)) : <gen:0> -> <gen:1>
             - EntityQuerySpaceImpl(uid=<gen:1>, entity=com.fabiocompany.supermercadosdeltaplus.model.Detalleticket)
                - SQL table alias mapping - detalletic1_
                - alias suffix - 1_
                - suffixed key columns - {iddetall1_2_1_}
                - JOIN (JoinDefinedByMetadata(cabeceraticket)) : <gen:1> -> <gen:2>
                   - EntityQuerySpaceImpl(uid=<gen:2>, entity=com.fabiocompany.supermercadosdeltaplus.model.Cabeceraticket)
                      - SQL table alias mapping - cabecerati2_
                      - alias suffix - 2_
                      - suffixed key columns - {idticket1_0_2_}
                      - JOIN (JoinDefinedByMetadata(usuario)) : <gen:2> -> <gen:3>
                         - EntityQuerySpaceImpl(uid=<gen:3>, entity=com.fabiocompany.supermercadosdeltaplus.model.Usuario)
                            - SQL table alias mapping - usuario3_
                            - alias suffix - 3_
                            - suffixed key columns - {idusuari1_9_3_}
                - JOIN (JoinDefinedByMetadata(tipodepago)) : <gen:1> -> <gen:5>
                   - EntityQuerySpaceImpl(uid=<gen:5>, entity=com.fabiocompany.supermercadosdeltaplus.model.Tipodepago)
                      - SQL table alias mapping - tipodepago4_
                      - alias suffix - 4_
                      - suffixed key columns - {idtipode1_8_4_}

13:56:39.100 [main] DEBUG o.h.l.c.plan.CollectionLoader - Static select for collection com.fabiocompany.supermercadosdeltaplus.model.Detalleoferta.detalletickets: select detalletic0_.iddetalleoferta as iddetall2_1_0_, detalletic0_.iddetalleticket as iddetall1_6_0_, detalletic1_.iddetalleticket as iddetall1_2_1_, detalletic1_.idticket as idticket7_2_1_, detalletic1_.cantidad as cantidad2_2_1_, detalletic1_.cantidadporproducto as cantidad3_2_1_, detalletic1_.montodepago as montodep4_2_1_, detalletic1_.subtotal as subtotal5_2_1_, detalletic1_.idtipodepago as idtipode8_2_1_, detalletic1_.total as total6_2_1_, cabecerati2_.idticket as idticket1_0_2_, cabecerati2_.fecha as fecha2_0_2_, cabecerati2_.idusuario as idusuari3_0_2_, usuario3_.idusuario as idusuari1_9_3_, usuario3_.contraseniausuario as contrase2_9_3_, usuario3_.nombreusuario as nombreus3_9_3_, usuario3_.tipodeusuario as tipodeus4_9_3_, tipodepago4_.idtipodepago as idtipode1_8_4_, tipodepago4_.descripciontipodepago as descripc2_8_4_ from ticketsyofertas detalletic0_ inner join detalleticket detalletic1_ on detalletic0_.iddetalleticket=detalletic1_.iddetalleticket left outer join cabeceraticket cabecerati2_ on detalletic1_.idticket=cabecerati2_.idticket left outer join usuario usuario3_ on cabecerati2_.idusuario=usuario3_.idusuario left outer join tipodepago tipodepago4_ on detalletic1_.idtipodepago=tipodepago4_.idtipodepago where detalletic0_.iddetalleoferta=?
13:56:39.104 [main] DEBUG o.h.internal.SessionFactoryRegistry - Initializing SessionFactoryRegistry : org.hibernate.internal.SessionFactoryRegistry@665df3c6
13:56:39.108 [main] DEBUG o.h.internal.SessionFactoryRegistry - Registering SessionFactory: 34d464ba-7fbd-4d50-a14b-568dd5dcfad2 (<unnamed>)
13:56:39.108 [main] DEBUG o.h.internal.SessionFactoryRegistry - Not binding SessionFactory to JNDI, no JNDI name configured
13:56:39.108 [main] DEBUG o.h.internal.SessionFactoryImpl - Instantiated session factory
13:56:39.118 [main] DEBUG org.hibernate.cfg.Configuration - Processing hbm.xml files
13:56:39.118 [main] DEBUG org.hibernate.cfg.Configuration - Process annotated classes
13:56:39.118 [main] DEBUG org.hibernate.cfg.Configuration - Processing fk mappings (*ToOne and JoinedSubclass)
13:56:39.118 [main] DEBUG org.hibernate.cfg.Configuration - Processing extends queue
13:56:39.118 [main] DEBUG org.hibernate.cfg.Configuration - Processing extends queue
13:56:39.118 [main] DEBUG org.hibernate.cfg.Configuration - Processing collection mappings
13:56:39.118 [main] DEBUG org.hibernate.cfg.Configuration - Processing native query and ResultSetMapping mappings
13:56:39.118 [main] DEBUG org.hibernate.cfg.Configuration - Processing association property references
13:56:39.118 [main] DEBUG org.hibernate.cfg.Configuration - Creating tables' unique integer identifiers
13:56:39.118 [main] DEBUG org.hibernate.cfg.Configuration - Processing foreign key constraints
13:56:39.118 [main] DEBUG org.hibernate.cfg.Configuration - Resolving reference to class: com.fabiocompany.supermercadosdeltaplus.model.Usuario
13:56:39.118 [main] DEBUG org.hibernate.cfg.Configuration - Resolving reference to class: com.fabiocompany.supermercadosdeltaplus.model.Cabeceraticket
13:56:39.118 [main] DEBUG org.hibernate.cfg.Configuration - Resolving reference to class: com.fabiocompany.supermercadosdeltaplus.model.Tipodepago
13:56:39.118 [main] DEBUG org.hibernate.cfg.Configuration - Resolving reference to class: com.fabiocompany.supermercadosdeltaplus.model.Tipodepago
13:56:39.119 [main] DEBUG org.hibernate.cfg.Configuration - Resolving reference to class: com.fabiocompany.supermercadosdeltaplus.model.Detalleoferta
13:56:39.119 [main] DEBUG org.hibernate.cfg.Configuration - Resolving reference to class: com.fabiocompany.supermercadosdeltaplus.model.Detalleticket
13:56:39.119 [main] DEBUG org.hibernate.cfg.Configuration - Resolving reference to class: com.fabiocompany.supermercadosdeltaplus.model.Producto
13:56:39.119 [main] DEBUG org.hibernate.cfg.Configuration - Resolving reference to class: com.fabiocompany.supermercadosdeltaplus.model.Detalleticket
13:56:39.119 [main] DEBUG o.h.i.f.i.DefaultIdentifierGeneratorFactory - Setting dialect [org.hibernate.dialect.MySQLDialect]
13:56:39.121 [main] DEBUG o.h.i.f.i.DefaultIdentifierGeneratorFactory - Setting dialect [org.hibernate.dialect.MySQLDialect]
13:56:39.121 [main] DEBUG o.h.i.f.i.DefaultIdentifierGeneratorFactory - Setting dialect [org.hibernate.dialect.MySQLDialect]
13:56:39.121 [main] DEBUG o.h.i.f.i.DefaultIdentifierGeneratorFactory - Setting dialect [org.hibernate.dialect.MySQLDialect]
13:56:39.121 [main] DEBUG o.h.i.f.i.DefaultIdentifierGeneratorFactory - Setting dialect [org.hibernate.dialect.MySQLDialect]
13:56:39.121 [main] DEBUG o.h.i.f.i.DefaultIdentifierGeneratorFactory - Setting dialect [org.hibernate.dialect.MySQLDialect]
13:56:39.121 [main] DEBUG o.h.i.f.i.DefaultIdentifierGeneratorFactory - Setting dialect [org.hibernate.dialect.MySQLDialect]
13:56:39.121 [main] DEBUG o.h.i.f.i.DefaultIdentifierGeneratorFactory - Setting dialect [org.hibernate.dialect.MySQLDialect]
13:56:39.128 [main] DEBUG org.hibernate.cfg.Configuration - Processing hbm.xml files
13:56:39.129 [main] DEBUG org.hibernate.cfg.Configuration - Process annotated classes
13:56:39.129 [main] DEBUG org.hibernate.cfg.Configuration - Processing fk mappings (*ToOne and JoinedSubclass)
13:56:39.129 [main] DEBUG org.hibernate.cfg.Configuration - Processing extends queue
13:56:39.129 [main] DEBUG org.hibernate.cfg.Configuration - Processing extends queue
13:56:39.129 [main] DEBUG org.hibernate.cfg.Configuration - Processing collection mappings
13:56:39.129 [main] DEBUG org.hibernate.cfg.Configuration - Processing native query and ResultSetMapping mappings
13:56:39.129 [main] DEBUG org.hibernate.cfg.Configuration - Processing association property references
13:56:39.129 [main] DEBUG org.hibernate.cfg.Configuration - Creating tables' unique integer identifiers
13:56:39.129 [main] DEBUG org.hibernate.cfg.Configuration - Processing foreign key constraints
13:56:39.129 [main] DEBUG org.hibernate.cfg.Configuration - Resolving reference to class: com.fabiocompany.supermercadosdeltaplus.model.Usuario
13:56:39.129 [main] DEBUG org.hibernate.cfg.Configuration - Resolving reference to class: com.fabiocompany.supermercadosdeltaplus.model.Cabeceraticket
13:56:39.129 [main] DEBUG org.hibernate.cfg.Configuration - Resolving reference to class: com.fabiocompany.supermercadosdeltaplus.model.Tipodepago
13:56:39.129 [main] DEBUG org.hibernate.cfg.Configuration - Resolving reference to class: com.fabiocompany.supermercadosdeltaplus.model.Tipodepago
13:56:39.129 [main] DEBUG org.hibernate.cfg.Configuration - Resolving reference to class: com.fabiocompany.supermercadosdeltaplus.model.Detalleoferta
13:56:39.129 [main] DEBUG org.hibernate.cfg.Configuration - Resolving reference to class: com.fabiocompany.supermercadosdeltaplus.model.Detalleticket
13:56:39.129 [main] DEBUG org.hibernate.cfg.Configuration - Resolving reference to class: com.fabiocompany.supermercadosdeltaplus.model.Producto
13:56:39.129 [main] DEBUG org.hibernate.cfg.Configuration - Resolving reference to class: com.fabiocompany.supermercadosdeltaplus.model.Detalleticket
13:56:39.130 [main] DEBUG o.h.i.f.i.DefaultIdentifierGeneratorFactory - Setting dialect [org.hibernate.dialect.MySQLDialect]
13:56:39.130 [main] DEBUG o.h.i.f.i.DefaultIdentifierGeneratorFactory - Setting dialect [org.hibernate.dialect.MySQLDialect]
13:56:39.130 [main] DEBUG o.h.i.f.i.DefaultIdentifierGeneratorFactory - Setting dialect [org.hibernate.dialect.MySQLDialect]
13:56:39.131 [main] DEBUG o.h.i.f.i.DefaultIdentifierGeneratorFactory - Setting dialect [org.hibernate.dialect.MySQLDialect]
13:56:39.131 [main] DEBUG o.h.i.f.i.DefaultIdentifierGeneratorFactory - Setting dialect [org.hibernate.dialect.MySQLDialect]
13:56:39.131 [main] DEBUG o.h.i.f.i.DefaultIdentifierGeneratorFactory - Setting dialect [org.hibernate.dialect.MySQLDialect]
13:56:39.131 [main] DEBUG o.h.i.f.i.DefaultIdentifierGeneratorFactory - Setting dialect [org.hibernate.dialect.MySQLDialect]
13:56:39.131 [main] DEBUG o.h.i.f.i.DefaultIdentifierGeneratorFactory - Setting dialect [org.hibernate.dialect.MySQLDialect]
13:56:39.132 [main] DEBUG o.h.i.f.i.DefaultIdentifierGeneratorFactory - Setting dialect [org.hibernate.dialect.MySQLDialect]
13:56:39.132 [main] DEBUG o.h.i.f.i.DefaultIdentifierGeneratorFactory - Setting dialect [org.hibernate.dialect.MySQLDialect]
13:56:39.132 [main] DEBUG o.h.i.f.i.DefaultIdentifierGeneratorFactory - Setting dialect [org.hibernate.dialect.MySQLDialect]
13:56:39.132 [main] DEBUG o.h.i.f.i.DefaultIdentifierGeneratorFactory - Setting dialect [org.hibernate.dialect.MySQLDialect]
13:56:39.133 [main] DEBUG o.h.i.f.i.DefaultIdentifierGeneratorFactory - Setting dialect [org.hibernate.dialect.MySQLDialect]
13:56:39.133 [main] DEBUG o.h.i.f.i.DefaultIdentifierGeneratorFactory - Setting dialect [org.hibernate.dialect.MySQLDialect]
13:56:39.133 [main] DEBUG o.h.i.f.i.DefaultIdentifierGeneratorFactory - Setting dialect [org.hibernate.dialect.MySQLDialect]
13:56:39.133 [main] DEBUG o.h.i.f.i.DefaultIdentifierGeneratorFactory - Setting dialect [org.hibernate.dialect.MySQLDialect]
13:56:39.141 [main] INFO  o.h.tool.hbm2ddl.SchemaExport - HHH000227: Running hbm2ddl schema export
13:56:39.142 [main] DEBUG o.h.tool.hbm2ddl.SchemaExport - Import file not found: /import.sql
13:56:39.154 [main] DEBUG c.m.v.c.i.C3P0PooledConnectionPool - Testing PooledConnection [com.mchange.v2.c3p0.impl.NewPooledConnection@375f4405] on CHECKOUT.
13:56:39.156 [main] DEBUG c.m.v.c3p0.stmt.GooGooStatementCache - checkinAll(): com.mchange.v2.c3p0.stmt.GlobalMaxOnlyStatementCache stats -- total size: 0; checked out: 0; num connections: 0; num keys: 0
13:56:39.156 [main] DEBUG c.m.v.c.i.C3P0PooledConnectionPool - Test of PooledConnection [com.mchange.v2.c3p0.impl.NewPooledConnection@375f4405] on CHECKOUT has SUCCEEDED.
13:56:39.156 [main] DEBUG c.m.v.resourcepool.BasicResourcePool - trace com.mchange.v2.resourcepool.BasicResourcePool@60015ef5 [managed: 5, unused: 4, excluded: 0] (e.g. com.mchange.v2.c3p0.impl.NewPooledConnection@5d89954f)
13:56:39.161 [main] DEBUG org.hibernate.SQL - 
    alter table cabeceraticket 
        drop 
        foreign key FK_qui7ixjy3hjmayulkuek5yuwr
Hibernate: 
    alter table cabeceraticket 
        drop 
        foreign key FK_qui7ixjy3hjmayulkuek5yuwr
13:56:39.313 [main] DEBUG org.hibernate.SQL - 
    alter table detalleticket 
        drop 
        foreign key FK_15yxgmo96f96jiiqc2u3njuhs
Hibernate: 
    alter table detalleticket 
        drop 
        foreign key FK_15yxgmo96f96jiiqc2u3njuhs
13:56:39.425 [main] DEBUG org.hibernate.SQL - 
    alter table detalleticket 
        drop 
        foreign key FK_1ut6nit8eqoshirpgqdaopwmr
Hibernate: 
    alter table detalleticket 
        drop 
        foreign key FK_1ut6nit8eqoshirpgqdaopwmr
13:56:39.548 [main] DEBUG org.hibernate.SQL - 
    alter table tarjeta 
        drop 
        foreign key FK_t9n19g2g52f57st0tvswpx6na
Hibernate: 
    alter table tarjeta 
        drop 
        foreign key FK_t9n19g2g52f57st0tvswpx6na
13:56:39.707 [main] DEBUG org.hibernate.SQL - 
    alter table ticketsyofertas 
        drop 
        foreign key FK_l1nov9sn9queoor19q2y1ujc4
Hibernate: 
    alter table ticketsyofertas 
        drop 
        foreign key FK_l1nov9sn9queoor19q2y1ujc4
13:56:39.818 [main] DEBUG org.hibernate.SQL - 
    alter table ticketsyofertas 
        drop 
        foreign key FK_i2dcekvfv4h2ng1n4kmq8ljl8
Hibernate: 
    alter table ticketsyofertas 
        drop 
        foreign key FK_i2dcekvfv4h2ng1n4kmq8ljl8
13:56:40.019 [main] DEBUG org.hibernate.SQL - 
    alter table ticketsyproductos 
        drop 
        foreign key FK_50t6yq5kid4npqbhdr4a1etua
Hibernate: 
    alter table ticketsyproductos 
        drop 
        foreign key FK_50t6yq5kid4npqbhdr4a1etua
13:56:40.143 [main] DEBUG org.hibernate.SQL - 
    alter table ticketsyproductos 
        drop 
        foreign key FK_n7lvm0x8cnv4jxrhfpkp2toek
Hibernate: 
    alter table ticketsyproductos 
        drop 
        foreign key FK_n7lvm0x8cnv4jxrhfpkp2toek
13:56:40.232 [main] DEBUG org.hibernate.SQL - 
    drop table if exists cabeceraticket
Hibernate: 
    drop table if exists cabeceraticket
13:56:40.456 [main] DEBUG org.hibernate.SQL - 
    drop table if exists detalleoferta
Hibernate: 
    drop table if exists detalleoferta
13:56:40.634 [main] DEBUG org.hibernate.SQL - 
    drop table if exists detalleticket
Hibernate: 
    drop table if exists detalleticket
13:56:40.961 [main] DEBUG org.hibernate.SQL - 
    drop table if exists personausuario
Hibernate: 
    drop table if exists personausuario
13:56:41.204 [main] DEBUG org.hibernate.SQL - 
    drop table if exists producto
Hibernate: 
    drop table if exists producto
13:56:41.427 [main] DEBUG org.hibernate.SQL - 
    drop table if exists tarjeta
Hibernate: 
    drop table if exists tarjeta
13:56:41.652 [main] DEBUG org.hibernate.SQL - 
    drop table if exists ticketsyofertas
Hibernate: 
    drop table if exists ticketsyofertas
13:56:41.843 [main] DEBUG org.hibernate.SQL - 
    drop table if exists ticketsyproductos
Hibernate: 
    drop table if exists ticketsyproductos
13:56:42.182 [main] DEBUG org.hibernate.SQL - 
    drop table if exists tipodepago
Hibernate: 
    drop table if exists tipodepago
13:56:42.414 [main] DEBUG org.hibernate.SQL - 
    drop table if exists usuario
Hibernate: 
    drop table if exists usuario
13:56:42.604 [main] DEBUG org.hibernate.SQL - 
    create table cabeceraticket (
        idticket integer not null auto_increment,
        fecha varchar(255),
        idusuario integer,
        primary key (idticket)
    )
Hibernate: 
    create table cabeceraticket (
        idticket integer not null auto_increment,
        fecha varchar(255),
        idusuario integer,
        primary key (idticket)
    )
13:56:42.972 [main] DEBUG org.hibernate.SQL - 
    create table detalleoferta (
        iddetalleoferta integer not null auto_increment,
        descripciondepromocion varchar(255),
        montodedescuento double precision,
        primary key (iddetalleoferta)
    )
Hibernate: 
    create table detalleoferta (
        iddetalleoferta integer not null auto_increment,
        descripciondepromocion varchar(255),
        montodedescuento double precision,
        primary key (iddetalleoferta)
    )
13:56:43.340 [main] DEBUG org.hibernate.SQL - 
    create table detalleticket (
        iddetalleticket integer not null auto_increment,
        cantidad integer,
        cantidadporproducto integer,
        montodepago double precision,
        subtotal double precision,
        total double precision,
        idticket integer,
        idtipodepago integer,
        primary key (iddetalleticket)
    )
Hibernate: 
    create table detalleticket (
        iddetalleticket integer not null auto_increment,
        cantidad integer,
        cantidadporproducto integer,
        montodepago double precision,
        subtotal double precision,
        total double precision,
        idticket integer,
        idtipodepago integer,
        primary key (iddetalleticket)
    )
13:56:43.677 [main] DEBUG org.hibernate.SQL - 
    create table personausuario (
        idpersonausuario integer not null auto_increment,
        correo varchar(255),
        dnipersonausuario varchar(255),
        nombrepersonausuario varchar(255),
        numerodetelefono varchar(255),
        primary key (idpersonausuario)
    )
Hibernate: 
    create table personausuario (
        idpersonausuario integer not null auto_increment,
        correo varchar(255),
        dnipersonausuario varchar(255),
        nombrepersonausuario varchar(255),
        numerodetelefono varchar(255),
        primary key (idpersonausuario)
    )
13:56:44.257 [main] DEBUG org.hibernate.SQL - 
    create table producto (
        idproducto integer not null auto_increment,
        descripcion varchar(255),
        precio double precision,
        primary key (idproducto)
    )
Hibernate: 
    create table producto (
        idproducto integer not null auto_increment,
        descripcion varchar(255),
        precio double precision,
        primary key (idproducto)
    )
13:56:44.626 [main] DEBUG org.hibernate.SQL - 
    create table tarjeta (
        idtarjeta integer not null auto_increment,
        nombretarjeta varchar(255),
        numtarjeta varchar(255),
        idtipodepago integer,
        primary key (idtarjeta)
    )
Hibernate: 
    create table tarjeta (
        idtarjeta integer not null auto_increment,
        nombretarjeta varchar(255),
        numtarjeta varchar(255),
        idtipodepago integer,
        primary key (idtarjeta)
    )
13:56:45.072 [main] DEBUG org.hibernate.SQL - 
    create table ticketsyofertas (
        iddetalleticket integer not null,
        iddetalleoferta integer not null,
        primary key (iddetalleticket, iddetalleoferta)
    )
Hibernate: 
    create table ticketsyofertas (
        iddetalleticket integer not null,
        iddetalleoferta integer not null,
        primary key (iddetalleticket, iddetalleoferta)
    )
13:56:45.418 [main] DEBUG org.hibernate.SQL - 
    create table ticketsyproductos (
        iddetalleticket integer not null,
        idproducto integer not null,
        primary key (iddetalleticket, idproducto)
    )
Hibernate: 
    create table ticketsyproductos (
        iddetalleticket integer not null,
        idproducto integer not null,
        primary key (iddetalleticket, idproducto)
    )
13:56:45.775 [main] DEBUG org.hibernate.SQL - 
    create table tipodepago (
        idtipodepago integer not null auto_increment,
        descripciontipodepago varchar(255),
        primary key (idtipodepago)
    )
Hibernate: 
    create table tipodepago (
        idtipodepago integer not null auto_increment,
        descripciontipodepago varchar(255),
        primary key (idtipodepago)
    )
13:56:46.190 [main] DEBUG org.hibernate.SQL - 
    create table usuario (
        idusuario integer not null auto_increment,
        contraseniausuario varchar(255),
        nombreusuario varchar(255),
        tipodeusuario varchar(255),
        primary key (idusuario)
    )
Hibernate: 
    create table usuario (
        idusuario integer not null auto_increment,
        contraseniausuario varchar(255),
        nombreusuario varchar(255),
        tipodeusuario varchar(255),
        primary key (idusuario)
    )
13:56:46.372 [C3P0PooledConnectionPoolManager[identityToken->z8kfsx9q1mqsllcezswow|131ef10]-AdminTaskTimer] DEBUG c.m.v.a.ThreadPoolAsynchronousRunner - com.mchange.v2.async.ThreadPoolAsynchronousRunner$DeadlockDetector@57c7f12b -- Running DeadlockDetector[Exiting. No pending tasks.]
13:56:46.394 [C3P0PooledConnectionPoolManager[identityToken->z8kfsx9q1mqsllcezswow|131ef10]-AdminTaskTimer] DEBUG c.m.v.resourcepool.BasicResourcePool - Refurbishing idle resources - Sat Sep 30 13:56:46 ART 2017 [com.mchange.v2.resourcepool.BasicResourcePool@60015ef5]
13:56:46.396 [C3P0PooledConnectionPoolManager[identityToken->z8kfsx9q1mqsllcezswow|131ef10]-AdminTaskTimer] DEBUG c.m.v.a.ThreadPoolAsynchronousRunner - com.mchange.v2.async.ThreadPoolAsynchronousRunner@4470f8a6: Adding task to queue -- com.mchange.v2.resourcepool.BasicResourcePool$AsyncTestIdleResourceTask@183d0f98
13:56:46.396 [C3P0PooledConnectionPoolManager[identityToken->z8kfsx9q1mqsllcezswow|131ef10]-AdminTaskTimer] DEBUG c.m.v.a.ThreadPoolAsynchronousRunner - com.mchange.v2.async.ThreadPoolAsynchronousRunner@4470f8a6: Adding task to queue -- com.mchange.v2.resourcepool.BasicResourcePool$AsyncTestIdleResourceTask@701bfb1d
13:56:46.396 [C3P0PooledConnectionPoolManager[identityToken->z8kfsx9q1mqsllcezswow|131ef10]-AdminTaskTimer] DEBUG c.m.v.a.ThreadPoolAsynchronousRunner - com.mchange.v2.async.ThreadPoolAsynchronousRunner@4470f8a6: Adding task to queue -- com.mchange.v2.resourcepool.BasicResourcePool$AsyncTestIdleResourceTask@29efd5a0
13:56:46.396 [C3P0PooledConnectionPoolManager[identityToken->z8kfsx9q1mqsllcezswow|131ef10]-AdminTaskTimer] DEBUG c.m.v.a.ThreadPoolAsynchronousRunner - com.mchange.v2.async.ThreadPoolAsynchronousRunner@4470f8a6: Adding task to queue -- com.mchange.v2.resourcepool.BasicResourcePool$AsyncTestIdleResourceTask@8237f84
13:56:46.396 [C3P0PooledConnectionPoolManager[identityToken->z8kfsx9q1mqsllcezswow|131ef10]-AdminTaskTimer] DEBUG c.m.v.resourcepool.BasicResourcePool - trace com.mchange.v2.resourcepool.BasicResourcePool@60015ef5 [managed: 5, unused: 4, excluded: 0] (e.g. com.mchange.v2.c3p0.impl.NewPooledConnection@5d89954f)
13:56:46.397 [C3P0PooledConnectionPoolManager[identityToken->z8kfsx9q1mqsllcezswow|131ef10]-HelperThread-#1] DEBUG c.m.v.c.i.C3P0PooledConnectionPool - Testing PooledConnection [com.mchange.v2.c3p0.impl.NewPooledConnection@7425e860] on IDLE CHECK.
13:56:46.397 [C3P0PooledConnectionPoolManager[identityToken->z8kfsx9q1mqsllcezswow|131ef10]-HelperThread-#0] DEBUG c.m.v.c.i.C3P0PooledConnectionPool - Testing PooledConnection [com.mchange.v2.c3p0.impl.NewPooledConnection@3f9bc16b] on IDLE CHECK.
13:56:46.398 [C3P0PooledConnectionPoolManager[identityToken->z8kfsx9q1mqsllcezswow|131ef10]-HelperThread-#2] DEBUG c.m.v.c.i.C3P0PooledConnectionPool - Testing PooledConnection [com.mchange.v2.c3p0.impl.NewPooledConnection@4186e351] on IDLE CHECK.
13:56:46.398 [C3P0PooledConnectionPoolManager[identityToken->z8kfsx9q1mqsllcezswow|131ef10]-HelperThread-#2] DEBUG c.m.v.c3p0.stmt.GooGooStatementCache - checkinAll(): com.mchange.v2.c3p0.stmt.GlobalMaxOnlyStatementCache stats -- total size: 0; checked out: 0; num connections: 0; num keys: 0
13:56:46.398 [C3P0PooledConnectionPoolManager[identityToken->z8kfsx9q1mqsllcezswow|131ef10]-HelperThread-#1] DEBUG c.m.v.c3p0.stmt.GooGooStatementCache - checkinAll(): com.mchange.v2.c3p0.stmt.GlobalMaxOnlyStatementCache stats -- total size: 0; checked out: 0; num connections: 0; num keys: 0
13:56:46.399 [C3P0PooledConnectionPoolManager[identityToken->z8kfsx9q1mqsllcezswow|131ef10]-HelperThread-#1] DEBUG c.m.v.c.i.C3P0PooledConnectionPool - Test of PooledConnection [com.mchange.v2.c3p0.impl.NewPooledConnection@7425e860] on IDLE CHECK has SUCCEEDED.
13:56:46.398 [C3P0PooledConnectionPoolManager[identityToken->z8kfsx9q1mqsllcezswow|131ef10]-HelperThread-#2] DEBUG c.m.v.c.i.C3P0PooledConnectionPool - Test of PooledConnection [com.mchange.v2.c3p0.impl.NewPooledConnection@4186e351] on IDLE CHECK has SUCCEEDED.
13:56:46.399 [C3P0PooledConnectionPoolManager[identityToken->z8kfsx9q1mqsllcezswow|131ef10]-HelperThread-#1] DEBUG c.m.v.c.i.C3P0PooledConnectionPool - Testing PooledConnection [com.mchange.v2.c3p0.impl.NewPooledConnection@5d89954f] on IDLE CHECK.
13:56:46.400 [C3P0PooledConnectionPoolManager[identityToken->z8kfsx9q1mqsllcezswow|131ef10]-HelperThread-#1] DEBUG c.m.v.c3p0.stmt.GooGooStatementCache - checkinAll(): com.mchange.v2.c3p0.stmt.GlobalMaxOnlyStatementCache stats -- total size: 0; checked out: 0; num connections: 0; num keys: 0
13:56:46.400 [C3P0PooledConnectionPoolManager[identityToken->z8kfsx9q1mqsllcezswow|131ef10]-HelperThread-#1] DEBUG c.m.v.c.i.C3P0PooledConnectionPool - Test of PooledConnection [com.mchange.v2.c3p0.impl.NewPooledConnection@5d89954f] on IDLE CHECK has SUCCEEDED.
13:56:46.400 [C3P0PooledConnectionPoolManager[identityToken->z8kfsx9q1mqsllcezswow|131ef10]-HelperThread-#0] DEBUG c.m.v.c3p0.stmt.GooGooStatementCache - checkinAll(): com.mchange.v2.c3p0.stmt.GlobalMaxOnlyStatementCache stats -- total size: 0; checked out: 0; num connections: 0; num keys: 0
13:56:46.400 [C3P0PooledConnectionPoolManager[identityToken->z8kfsx9q1mqsllcezswow|131ef10]-HelperThread-#0] DEBUG c.m.v.c.i.C3P0PooledConnectionPool - Test of PooledConnection [com.mchange.v2.c3p0.impl.NewPooledConnection@3f9bc16b] on IDLE CHECK has SUCCEEDED.
13:56:46.536 [main] DEBUG org.hibernate.SQL - 
    alter table cabeceraticket 
        add constraint FK_qui7ixjy3hjmayulkuek5yuwr 
        foreign key (idusuario) 
        references usuario (idusuario)
Hibernate: 
    alter table cabeceraticket 
        add constraint FK_qui7ixjy3hjmayulkuek5yuwr 
        foreign key (idusuario) 
        references usuario (idusuario)
13:56:47.574 [main] DEBUG org.hibernate.SQL - 
    alter table detalleticket 
        add constraint FK_15yxgmo96f96jiiqc2u3njuhs 
        foreign key (idticket) 
        references cabeceraticket (idticket)
Hibernate: 
    alter table detalleticket 
        add constraint FK_15yxgmo96f96jiiqc2u3njuhs 
        foreign key (idticket) 
        references cabeceraticket (idticket)
13:56:48.577 [main] DEBUG org.hibernate.SQL - 
    alter table detalleticket 
        add constraint FK_1ut6nit8eqoshirpgqdaopwmr 
        foreign key (idtipodepago) 
        references tipodepago (idtipodepago)
Hibernate: 
    alter table detalleticket 
        add constraint FK_1ut6nit8eqoshirpgqdaopwmr 
        foreign key (idtipodepago) 
        references tipodepago (idtipodepago)
13:56:49.528 [main] DEBUG org.hibernate.SQL - 
    alter table tarjeta 
        add constraint FK_t9n19g2g52f57st0tvswpx6na 
        foreign key (idtipodepago) 
        references tipodepago (idtipodepago)
Hibernate: 
    alter table tarjeta 
        add constraint FK_t9n19g2g52f57st0tvswpx6na 
        foreign key (idtipodepago) 
        references tipodepago (idtipodepago)
13:56:50.521 [main] DEBUG org.hibernate.SQL - 
    alter table ticketsyofertas 
        add constraint FK_l1nov9sn9queoor19q2y1ujc4 
        foreign key (iddetalleoferta) 
        references detalleoferta (iddetalleoferta)
Hibernate: 
    alter table ticketsyofertas 
        add constraint FK_l1nov9sn9queoor19q2y1ujc4 
        foreign key (iddetalleoferta) 
        references detalleoferta (iddetalleoferta)
13:56:51.538 [main] DEBUG org.hibernate.SQL - 
    alter table ticketsyofertas 
        add constraint FK_i2dcekvfv4h2ng1n4kmq8ljl8 
        foreign key (iddetalleticket) 
        references detalleticket (iddetalleticket)
Hibernate: 
    alter table ticketsyofertas 
        add constraint FK_i2dcekvfv4h2ng1n4kmq8ljl8 
        foreign key (iddetalleticket) 
        references detalleticket (iddetalleticket)
13:56:52.656 [main] DEBUG org.hibernate.SQL - 
    alter table ticketsyproductos 
        add constraint FK_50t6yq5kid4npqbhdr4a1etua 
        foreign key (idproducto) 
        references producto (idproducto)
Hibernate: 
    alter table ticketsyproductos 
        add constraint FK_50t6yq5kid4npqbhdr4a1etua 
        foreign key (idproducto) 
        references producto (idproducto)
13:56:53.604 [main] DEBUG org.hibernate.SQL - 
    alter table ticketsyproductos 
        add constraint FK_n7lvm0x8cnv4jxrhfpkp2toek 
        foreign key (iddetalleticket) 
        references detalleticket (iddetalleticket)
Hibernate: 
    alter table ticketsyproductos 
        add constraint FK_n7lvm0x8cnv4jxrhfpkp2toek 
        foreign key (iddetalleticket) 
        references detalleticket (iddetalleticket)
13:56:54.610 [main] DEBUG c.m.v.c3p0.stmt.GooGooStatementCache - checkinAll(): com.mchange.v2.c3p0.stmt.GlobalMaxOnlyStatementCache stats -- total size: 0; checked out: 0; num connections: 0; num keys: 0
13:56:54.611 [main] DEBUG c.m.v.a.ThreadPoolAsynchronousRunner - com.mchange.v2.async.ThreadPoolAsynchronousRunner@4470f8a6: Adding task to queue -- com.mchange.v2.resourcepool.BasicResourcePool$1RefurbishCheckinResourceTask@58359ebd
13:56:54.611 [main] DEBUG c.m.v.resourcepool.BasicResourcePool - trace com.mchange.v2.resourcepool.BasicResourcePool@60015ef5 [managed: 5, unused: 4, excluded: 0] (e.g. com.mchange.v2.c3p0.impl.NewPooledConnection@5d89954f)
13:56:54.611 [C3P0PooledConnectionPoolManager[identityToken->z8kfsx9q1mqsllcezswow|131ef10]-HelperThread-#0] DEBUG c.m.v.c3p0.stmt.GooGooStatementCache - checkinAll(): com.mchange.v2.c3p0.stmt.GlobalMaxOnlyStatementCache stats -- total size: 0; checked out: 0; num connections: 0; num keys: 0
13:56:54.611 [main] INFO  o.h.tool.hbm2ddl.SchemaExport - HHH000230: Schema export complete
13:56:54.615 [main] DEBUG o.h.internal.NamedQueryRepository - Checking 0 named HQL queries
13:56:54.615 [main] DEBUG o.h.internal.NamedQueryRepository - Checking 0 named SQL queries
13:56:54.621 [main] DEBUG o.h.s.internal.StatisticsInitiator - Statistics initialized [enabled=false]
13:56:54.677 [main] DEBUG o.h.e.t.spi.AbstractTransactionImpl - begin
13:56:54.677 [main] DEBUG o.h.e.j.i.LogicalConnectionImpl - Obtaining JDBC connection
13:56:54.677 [main] DEBUG c.m.v.c.i.C3P0PooledConnectionPool - Testing PooledConnection [com.mchange.v2.c3p0.impl.NewPooledConnection@375f4405] on CHECKOUT.
13:56:54.678 [main] DEBUG c.m.v.c3p0.stmt.GooGooStatementCache - checkinAll(): com.mchange.v2.c3p0.stmt.GlobalMaxOnlyStatementCache stats -- total size: 0; checked out: 0; num connections: 0; num keys: 0
13:56:54.679 [main] DEBUG c.m.v.c.i.C3P0PooledConnectionPool - Test of PooledConnection [com.mchange.v2.c3p0.impl.NewPooledConnection@375f4405] on CHECKOUT has SUCCEEDED.
13:56:54.679 [main] DEBUG c.m.v.resourcepool.BasicResourcePool - trace com.mchange.v2.resourcepool.BasicResourcePool@60015ef5 [managed: 5, unused: 4, excluded: 0] (e.g. com.mchange.v2.c3p0.impl.NewPooledConnection@5d89954f)
13:56:54.679 [main] DEBUG o.h.e.j.i.LogicalConnectionImpl - Obtained JDBC connection
13:56:54.680 [main] DEBUG o.h.e.t.i.jdbc.JdbcTransaction - initial autocommit status: false
13:56:54.758 [main] DEBUG org.hibernate.engine.spi.ActionQueue - Executing identity-insert immediately
13:56:54.763 [main] DEBUG org.hibernate.SQL - 
    insert 
    into
        usuario
        (contraseniausuario, nombreusuario, tipodeusuario) 
    values
        (?, ?, ?)
Hibernate: 
    insert 
    into
        usuario
        (contraseniausuario, nombreusuario, tipodeusuario) 
    values
        (?, ?, ?)
13:56:54.768 [main] DEBUG c.m.v.a.ThreadPoolAsynchronousRunner - com.mchange.v2.async.ThreadPoolAsynchronousRunner@4470f8a6: Adding task to queue -- com.mchange.v2.c3p0.stmt.GooGooStatementCache$1StmtAcquireTask@41fe9859
13:56:54.808 [main] DEBUG c.m.v.c3p0.stmt.GooGooStatementCache - cxnStmtMgr.statementSet( com.mysql.jdbc.JDBC4Connection@274f66cf ).size(): 1
13:56:54.808 [main] DEBUG c.m.v.c3p0.stmt.GooGooStatementCache - checkoutStatement: com.mchange.v2.c3p0.stmt.GlobalMaxOnlyStatementCache stats -- total size: 1; checked out: 1; num connections: 1; num keys: 1
13:56:54.823 [main] DEBUG o.h.id.IdentifierGeneratorHelper - Natively generated identity: 1
13:56:54.826 [main] DEBUG c.m.v.c3p0.stmt.GooGooStatementCache - checkinStatement(): com.mchange.v2.c3p0.stmt.GlobalMaxOnlyStatementCache stats -- total size: 1; checked out: 0; num connections: 1; num keys: 1
13:56:54.834 [main] DEBUG org.hibernate.engine.spi.ActionQueue - Executing identity-insert immediately
13:56:54.835 [main] DEBUG org.hibernate.SQL - 
    insert 
    into
        personausuario
        (correo, dnipersonausuario, nombrepersonausuario, numerodetelefono) 
    values
        (?, ?, ?, ?)
Hibernate: 
    insert 
    into
        personausuario
        (correo, dnipersonausuario, nombrepersonausuario, numerodetelefono) 
    values
        (?, ?, ?, ?)
13:56:54.837 [main] DEBUG c.m.v.a.ThreadPoolAsynchronousRunner - com.mchange.v2.async.ThreadPoolAsynchronousRunner@4470f8a6: Adding task to queue -- com.mchange.v2.c3p0.stmt.GooGooStatementCache$1StmtAcquireTask@5b6813df
13:56:54.838 [main] DEBUG c.m.v.c3p0.stmt.GooGooStatementCache - cxnStmtMgr.statementSet( com.mysql.jdbc.JDBC4Connection@274f66cf ).size(): 2
13:56:54.839 [main] DEBUG c.m.v.c3p0.stmt.GooGooStatementCache - checkoutStatement: com.mchange.v2.c3p0.stmt.GlobalMaxOnlyStatementCache stats -- total size: 2; checked out: 1; num connections: 1; num keys: 2
13:56:54.841 [main] DEBUG o.h.id.IdentifierGeneratorHelper - Natively generated identity: 1
13:56:54.843 [main] DEBUG c.m.v.c3p0.stmt.GooGooStatementCache - checkinStatement(): com.mchange.v2.c3p0.stmt.GlobalMaxOnlyStatementCache stats -- total size: 2; checked out: 0; num connections: 1; num keys: 2
13:56:54.846 [main] DEBUG o.h.e.t.spi.AbstractTransactionImpl - committing
13:56:54.848 [main] DEBUG o.h.e.i.AbstractFlushingEventListener - Processing flush-time cascades
13:56:54.850 [main] DEBUG o.h.e.i.AbstractFlushingEventListener - Dirty checking collections
13:56:54.862 [main] DEBUG o.h.engine.internal.Collections - Collection found: [com.fabiocompany.supermercadosdeltaplus.model.Usuario.cabeceratickets#1], was: [<unreferenced>] (initialized)
13:56:54.865 [main] DEBUG o.h.e.i.AbstractFlushingEventListener - Flushed: 0 insertions, 0 updates, 0 deletions to 2 objects
13:56:54.866 [main] DEBUG o.h.e.i.AbstractFlushingEventListener - Flushed: 1 (re)creations, 0 updates, 0 removals to 1 collections
13:56:54.868 [main] DEBUG o.h.internal.util.EntityPrinter - Listing entities:
13:56:54.870 [main] DEBUG o.h.internal.util.EntityPrinter - com.fabiocompany.supermercadosdeltaplus.model.Usuario{nombreusuario=fabio, tipodeusuario=administrador, cabeceratickets=[], contraseniausuario=fabio1234, personausuario=com.fabiocompany.supermercadosdeltaplus.model.Personausuario#1, idusuario=1}
13:56:54.870 [main] DEBUG o.h.internal.util.EntityPrinter - com.fabiocompany.supermercadosdeltaplus.model.Personausuario{numerodetelefono=4336578, correo=fabio@gmail.com, nombrepersonausuario=fabio, idpersonausuario=1, dnipersonausuario=31451666}
13:56:54.871 [main] DEBUG o.h.p.c.AbstractCollectionPersister - Inserting collection: [com.fabiocompany.supermercadosdeltaplus.model.Usuario.cabeceratickets#1]
13:56:54.871 [main] DEBUG o.h.p.c.AbstractCollectionPersister - Collection was empty
13:56:54.984 [main] DEBUG o.h.e.t.i.jdbc.JdbcTransaction - committed JDBC Connection
13:56:54.985 [main] DEBUG o.h.e.j.i.LogicalConnectionImpl - Releasing JDBC connection
13:56:54.986 [main] DEBUG c.m.v.c3p0.stmt.GooGooStatementCache - checkinAll(): com.mchange.v2.c3p0.stmt.GlobalMaxOnlyStatementCache stats -- total size: 2; checked out: 0; num connections: 1; num keys: 2
13:56:54.987 [main] DEBUG c.m.v.a.ThreadPoolAsynchronousRunner - com.mchange.v2.async.ThreadPoolAsynchronousRunner@4470f8a6: Adding task to queue -- com.mchange.v2.resourcepool.BasicResourcePool$1RefurbishCheckinResourceTask@303e3593
13:56:54.987 [main] DEBUG c.m.v.resourcepool.BasicResourcePool - trace com.mchange.v2.resourcepool.BasicResourcePool@60015ef5 [managed: 5, unused: 4, excluded: 0] (e.g. com.mchange.v2.c3p0.impl.NewPooledConnection@5d89954f)
13:56:54.987 [main] DEBUG o.h.e.j.i.LogicalConnectionImpl - Released JDBC connection
13:56:54.988 [C3P0PooledConnectionPoolManager[identityToken->z8kfsx9q1mqsllcezswow|131ef10]-HelperThread-#0] DEBUG c.m.v.c3p0.stmt.GooGooStatementCache - checkinAll(): com.mchange.v2.c3p0.stmt.GlobalMaxOnlyStatementCache stats -- total size: 2; checked out: 0; num connections: 1; num keys: 2
13:56:54.990 [main] DEBUG o.h.e.t.spi.AbstractTransactionImpl - begin
13:56:54.990 [main] DEBUG o.h.e.j.i.LogicalConnectionImpl - Obtaining JDBC connection
13:56:54.990 [main] DEBUG c.m.v.c.i.C3P0PooledConnectionPool - Testing PooledConnection [com.mchange.v2.c3p0.impl.NewPooledConnection@375f4405] on CHECKOUT.
13:56:54.991 [main] DEBUG c.m.v.c3p0.stmt.GooGooStatementCache - checkinAll(): com.mchange.v2.c3p0.stmt.GlobalMaxOnlyStatementCache stats -- total size: 2; checked out: 0; num connections: 1; num keys: 2
13:56:54.991 [main] DEBUG c.m.v.c.i.C3P0PooledConnectionPool - Test of PooledConnection [com.mchange.v2.c3p0.impl.NewPooledConnection@375f4405] on CHECKOUT has SUCCEEDED.
13:56:54.991 [main] DEBUG c.m.v.resourcepool.BasicResourcePool - trace com.mchange.v2.resourcepool.BasicResourcePool@60015ef5 [managed: 5, unused: 4, excluded: 0] (e.g. com.mchange.v2.c3p0.impl.NewPooledConnection@5d89954f)
13:56:54.992 [main] DEBUG o.h.e.j.i.LogicalConnectionImpl - Obtained JDBC connection
13:56:54.993 [main] DEBUG o.h.e.t.i.jdbc.JdbcTransaction - initial autocommit status: false
13:56:54.994 [main] DEBUG org.hibernate.engine.spi.ActionQueue - Executing identity-insert immediately
13:56:54.995 [main] DEBUG org.hibernate.SQL - 
    insert 
    into
        cabeceraticket
        (fecha, idusuario) 
    values
        (?, ?)
Hibernate: 
    insert 
    into
        cabeceraticket
        (fecha, idusuario) 
    values
        (?, ?)
13:56:54.997 [main] DEBUG c.m.v.a.ThreadPoolAsynchronousRunner - com.mchange.v2.async.ThreadPoolAsynchronousRunner@4470f8a6: Adding task to queue -- com.mchange.v2.c3p0.stmt.GooGooStatementCache$1StmtAcquireTask@62dae245
13:56:54.998 [main] DEBUG c.m.v.c3p0.stmt.GooGooStatementCache - cxnStmtMgr.statementSet( com.mysql.jdbc.JDBC4Connection@274f66cf ).size(): 3
13:56:54.999 [main] DEBUG c.m.v.c3p0.stmt.GooGooStatementCache - checkoutStatement: com.mchange.v2.c3p0.stmt.GlobalMaxOnlyStatementCache stats -- total size: 3; checked out: 1; num connections: 1; num keys: 3
13:56:55.004 [main] DEBUG o.h.id.IdentifierGeneratorHelper - Natively generated identity: 1
13:56:55.005 [main] DEBUG c.m.v.c3p0.stmt.GooGooStatementCache - checkinStatement(): com.mchange.v2.c3p0.stmt.GlobalMaxOnlyStatementCache stats -- total size: 3; checked out: 0; num connections: 1; num keys: 3
13:56:55.006 [main] DEBUG org.hibernate.engine.spi.ActionQueue - Executing identity-insert immediately
13:56:55.006 [main] DEBUG org.hibernate.SQL - 
    insert 
    into
        detalleticket
        (idticket, cantidad, cantidadporproducto, montodepago, subtotal, idtipodepago, total) 
    values
        (?, ?, ?, ?, ?, ?, ?)
Hibernate: 
    insert 
    into
        detalleticket
        (idticket, cantidad, cantidadporproducto, montodepago, subtotal, idtipodepago, total) 
    values
        (?, ?, ?, ?, ?, ?, ?)
13:56:55.006 [main] DEBUG c.m.v.a.ThreadPoolAsynchronousRunner - com.mchange.v2.async.ThreadPoolAsynchronousRunner@4470f8a6: Adding task to queue -- com.mchange.v2.c3p0.stmt.GooGooStatementCache$1StmtAcquireTask@2f162cc0
13:56:55.007 [main] DEBUG c.m.v.c3p0.stmt.GooGooStatementCache - cxnStmtMgr.statementSet( com.mysql.jdbc.JDBC4Connection@274f66cf ).size(): 4
13:56:55.007 [main] DEBUG c.m.v.c3p0.stmt.GooGooStatementCache - checkoutStatement: com.mchange.v2.c3p0.stmt.GlobalMaxOnlyStatementCache stats -- total size: 4; checked out: 1; num connections: 1; num keys: 4
13:56:55.010 [main] DEBUG o.h.id.IdentifierGeneratorHelper - Natively generated identity: 1
13:56:55.012 [main] DEBUG c.m.v.c3p0.stmt.GooGooStatementCache - checkinStatement(): com.mchange.v2.c3p0.stmt.GlobalMaxOnlyStatementCache stats -- total size: 4; checked out: 0; num connections: 1; num keys: 4
13:56:55.012 [main] DEBUG org.hibernate.engine.spi.ActionQueue - Executing identity-insert immediately
13:56:55.013 [main] DEBUG org.hibernate.SQL - 
    insert 
    into
        detalleoferta
        (descripciondepromocion, montodedescuento) 
    values
        (?, ?)
Hibernate: 
    insert 
    into
        detalleoferta
        (descripciondepromocion, montodedescuento) 
    values
        (?, ?)
13:56:55.013 [main] DEBUG c.m.v.a.ThreadPoolAsynchronousRunner - com.mchange.v2.async.ThreadPoolAsynchronousRunner@4470f8a6: Adding task to queue -- com.mchange.v2.c3p0.stmt.GooGooStatementCache$1StmtAcquireTask@361c294e
13:56:55.013 [main] DEBUG c.m.v.c3p0.stmt.GooGooStatementCache - cxnStmtMgr.statementSet( com.mysql.jdbc.JDBC4Connection@274f66cf ).size(): 5
13:56:55.014 [main] DEBUG c.m.v.c3p0.stmt.GooGooStatementCache - checkoutStatement: com.mchange.v2.c3p0.stmt.GlobalMaxOnlyStatementCache stats -- total size: 5; checked out: 1; num connections: 1; num keys: 5
13:56:55.016 [main] DEBUG o.h.id.IdentifierGeneratorHelper - Natively generated identity: 1
13:56:55.018 [main] DEBUG c.m.v.c3p0.stmt.GooGooStatementCache - checkinStatement(): com.mchange.v2.c3p0.stmt.GlobalMaxOnlyStatementCache stats -- total size: 5; checked out: 0; num connections: 1; num keys: 5
13:56:55.025 [main] DEBUG o.h.e.t.spi.AbstractTransactionImpl - committing
13:56:55.025 [main] DEBUG o.h.e.i.AbstractFlushingEventListener - Processing flush-time cascades
13:56:55.027 [main] DEBUG o.h.e.i.AbstractFlushingEventListener - Dirty checking collections
13:56:55.027 [main] DEBUG o.h.engine.internal.Collections - Collection found: [com.fabiocompany.supermercadosdeltaplus.model.Cabeceraticket.detalletickets#1], was: [<unreferenced>] (initialized)
13:56:55.028 [main] DEBUG o.h.e.t.spi.AbstractTransactionImpl - rolling back
13:56:55.133 [main] DEBUG o.h.e.t.i.jdbc.JdbcTransaction - rolled JDBC Connection
13:56:55.140 [main] ERROR c.f.s.p.dao.hibernate.GenericDAO - object references an unsaved transient instance - save the transient instance before flushing: com.fabiocompany.supermercadosdeltaplus.model.Tipodepago
org.hibernate.TransientObjectException: object references an unsaved transient instance - save the transient instance before flushing: com.fabiocompany.supermercadosdeltaplus.model.Tipodepago
	at org.hibernate.engine.internal.ForeignKeys.getEntityIdentifierIfNotUnsaved(ForeignKeys.java:294) ~[hibernate-core-4.3.11.Final.jar:4.3.11.Final]
	at org.hibernate.type.EntityType.getIdentifier(EntityType.java:537) ~[hibernate-core-4.3.11.Final.jar:4.3.11.Final]
	at org.hibernate.type.ManyToOneType.isDirty(ManyToOneType.java:311) ~[hibernate-core-4.3.11.Final.jar:4.3.11.Final]
	at org.hibernate.type.ManyToOneType.isDirty(ManyToOneType.java:321) ~[hibernate-core-4.3.11.Final.jar:4.3.11.Final]
	at org.hibernate.type.TypeHelper.findDirty(TypeHelper.java:310) ~[hibernate-core-4.3.11.Final.jar:4.3.11.Final]
	at org.hibernate.persister.entity.AbstractEntityPersister.findDirty(AbstractEntityPersister.java:4243) ~[hibernate-core-4.3.11.Final.jar:4.3.11.Final]
	at org.hibernate.event.internal.DefaultFlushEntityEventListener.dirtyCheck(DefaultFlushEntityEventListener.java:546) ~[hibernate-core-4.3.11.Final.jar:4.3.11.Final]
	at org.hibernate.event.internal.DefaultFlushEntityEventListener.isUpdateNecessary(DefaultFlushEntityEventListener.java:232) ~[hibernate-core-4.3.11.Final.jar:4.3.11.Final]
	at org.hibernate.event.internal.DefaultFlushEntityEventListener.onFlushEntity(DefaultFlushEntityEventListener.java:159) ~[hibernate-core-4.3.11.Final.jar:4.3.11.Final]
	at org.hibernate.event.internal.AbstractFlushingEventListener.flushEntities(AbstractFlushingEventListener.java:231) ~[hibernate-core-4.3.11.Final.jar:4.3.11.Final]
	at org.hibernate.event.internal.AbstractFlushingEventListener.flushEverythingToExecutions(AbstractFlushingEventListener.java:102) ~[hibernate-core-4.3.11.Final.jar:4.3.11.Final]
	at org.hibernate.event.internal.DefaultFlushEventListener.onFlush(DefaultFlushEventListener.java:55) ~[hibernate-core-4.3.11.Final.jar:4.3.11.Final]
	at org.hibernate.internal.SessionImpl.flush(SessionImpl.java:1258) ~[hibernate-core-4.3.11.Final.jar:4.3.11.Final]
	at org.hibernate.internal.SessionImpl.managedFlush(SessionImpl.java:425) ~[hibernate-core-4.3.11.Final.jar:4.3.11.Final]
	at org.hibernate.engine.transaction.internal.jdbc.JdbcTransaction.beforeTransactionCommit(JdbcTransaction.java:101) ~[hibernate-core-4.3.11.Final.jar:4.3.11.Final]
	at org.hibernate.engine.transaction.spi.AbstractTransactionImpl.commit(AbstractTransactionImpl.java:177) ~[hibernate-core-4.3.11.Final.jar:4.3.11.Final]
	at com.fabiocompany.supermercadosdeltaplus.persistence.dao.hibernate.GenericDAO.saveOrUpdate(GenericDAO.java:159) ~[classes/:na]
	at com.fabiocompany.supermercadosdeltaplus.service.impl.GenericService.saveOrUpdate(GenericService.java:74) [classes/:na]
	at com.fabiocompany.supermercadosdeltaplus.test.SupermercadosDeltaPlusTest.guardarUsuario(SupermercadosDeltaPlusTest.java:136) [test-classes/:na]
	at sun.reflect.NativeMethodAccessorImpl.invoke0(Native Method) ~[na:1.8.0_144]
	at sun.reflect.NativeMethodAccessorImpl.invoke(NativeMethodAccessorImpl.java:62) ~[na:1.8.0_144]
	at sun.reflect.DelegatingMethodAccessorImpl.invoke(DelegatingMethodAccessorImpl.java:43) ~[na:1.8.0_144]
	at java.lang.reflect.Method.invoke(Method.java:498) ~[na:1.8.0_144]
	at org.junit.runners.model.FrameworkMethod$1.runReflectiveCall(FrameworkMethod.java:50) [junit-4.12.jar:4.12]
	at org.junit.internal.runners.model.ReflectiveCallable.run(ReflectiveCallable.java:12) [junit-4.12.jar:4.12]
	at org.junit.runners.model.FrameworkMethod.invokeExplosively(FrameworkMethod.java:47) [junit-4.12.jar:4.12]
	at org.junit.internal.runners.statements.InvokeMethod.evaluate(InvokeMethod.java:17) [junit-4.12.jar:4.12]
	at org.junit.runners.ParentRunner.runLeaf(ParentRunner.java:325) [junit-4.12.jar:4.12]
	at org.junit.runners.BlockJUnit4ClassRunner.runChild(BlockJUnit4ClassRunner.java:78) [junit-4.12.jar:4.12]
	at org.junit.runners.BlockJUnit4ClassRunner.runChild(BlockJUnit4ClassRunner.java:57) [junit-4.12.jar:4.12]
	at org.junit.runners.ParentRunner$3.run(ParentRunner.java:290) [junit-4.12.jar:4.12]
	at org.junit.runners.ParentRunner$1.schedule(ParentRunner.java:71) [junit-4.12.jar:4.12]
	at org.junit.runners.ParentRunner.runChildren(ParentRunner.java:288) [junit-4.12.jar:4.12]
	at org.junit.runners.ParentRunner.access$000(ParentRunner.java:58) [junit-4.12.jar:4.12]
	at org.junit.runners.ParentRunner$2.evaluate(ParentRunner.java:268) [junit-4.12.jar:4.12]
	at org.junit.runners.ParentRunner.run(ParentRunner.java:363) [junit-4.12.jar:4.12]
	at org.apache.maven.surefire.junit4.JUnit4Provider.execute(JUnit4Provider.java:283) [surefire-junit4-2.18.1.jar:2.18.1]
	at org.apache.maven.surefire.junit4.JUnit4Provider.executeWithRerun(JUnit4Provider.java:173) [surefire-junit4-2.18.1.jar:2.18.1]
	at org.apache.maven.surefire.junit4.JUnit4Provider.executeTestSet(JUnit4Provider.java:153) [surefire-junit4-2.18.1.jar:2.18.1]
	at org.apache.maven.surefire.junit4.JUnit4Provider.invoke(JUnit4Provider.java:128) [surefire-junit4-2.18.1.jar:2.18.1]
	at org.apache.maven.surefire.booter.ForkedBooter.invokeProviderInSameClassLoader(ForkedBooter.java:203) [surefire-booter-2.18.1.jar:2.18.1]
	at org.apache.maven.surefire.booter.ForkedBooter.runSuitesInProcess(ForkedBooter.java:155) [surefire-booter-2.18.1.jar:2.18.1]
	at org.apache.maven.surefire.booter.ForkedBooter.main(ForkedBooter.java:103) [surefire-booter-2.18.1.jar:2.18.1]
13:56:55.142 [main] DEBUG o.h.e.j.i.LogicalConnectionImpl - Releasing JDBC connection
13:56:55.142 [main] DEBUG c.m.v.c3p0.stmt.GooGooStatementCache - checkinAll(): com.mchange.v2.c3p0.stmt.GlobalMaxOnlyStatementCache stats -- total size: 5; checked out: 0; num connections: 1; num keys: 5
13:56:55.143 [main] DEBUG c.m.v.a.ThreadPoolAsynchronousRunner - com.mchange.v2.async.ThreadPoolAsynchronousRunner@4470f8a6: Adding task to queue -- com.mchange.v2.resourcepool.BasicResourcePool$1RefurbishCheckinResourceTask@77307458
13:56:55.143 [main] DEBUG c.m.v.resourcepool.BasicResourcePool - trace com.mchange.v2.resourcepool.BasicResourcePool@60015ef5 [managed: 5, unused: 4, excluded: 0] (e.g. com.mchange.v2.c3p0.impl.NewPooledConnection@5d89954f)
13:56:55.143 [main] DEBUG o.h.e.j.i.LogicalConnectionImpl - Released JDBC connection
13:56:55.143 [C3P0PooledConnectionPoolManager[identityToken->z8kfsx9q1mqsllcezswow|131ef10]-HelperThread-#0] DEBUG c.m.v.c3p0.stmt.GooGooStatementCache - checkinAll(): com.mchange.v2.c3p0.stmt.GlobalMaxOnlyStatementCache stats -- total size: 5; checked out: 0; num connections: 1; num keys: 5
13:56:55.145 [main] ERROR c.f.s.service.impl.GenericService - object references an unsaved transient instance - save the transient instance before flushing: com.fabiocompany.supermercadosdeltaplus.model.Tipodepago
com.fabiocompany.supermercadosdeltaplus.persistence.exception.PersistenceException: object references an unsaved transient instance - save the transient instance before flushing: com.fabiocompany.supermercadosdeltaplus.model.Tipodepago
	at com.fabiocompany.supermercadosdeltaplus.persistence.dao.hibernate.GenericDAO.saveOrUpdate(GenericDAO.java:163) ~[classes/:na]
	at com.fabiocompany.supermercadosdeltaplus.service.impl.GenericService.saveOrUpdate(GenericService.java:74) ~[classes/:na]
	at com.fabiocompany.supermercadosdeltaplus.test.SupermercadosDeltaPlusTest.guardarUsuario(SupermercadosDeltaPlusTest.java:136) [test-classes/:na]
	at sun.reflect.NativeMethodAccessorImpl.invoke0(Native Method) ~[na:1.8.0_144]
	at sun.reflect.NativeMethodAccessorImpl.invoke(NativeMethodAccessorImpl.java:62) ~[na:1.8.0_144]
	at sun.reflect.DelegatingMethodAccessorImpl.invoke(DelegatingMethodAccessorImpl.java:43) ~[na:1.8.0_144]
	at java.lang.reflect.Method.invoke(Method.java:498) ~[na:1.8.0_144]
	at org.junit.runners.model.FrameworkMethod$1.runReflectiveCall(FrameworkMethod.java:50) [junit-4.12.jar:4.12]
	at org.junit.internal.runners.model.ReflectiveCallable.run(ReflectiveCallable.java:12) [junit-4.12.jar:4.12]
	at org.junit.runners.model.FrameworkMethod.invokeExplosively(FrameworkMethod.java:47) [junit-4.12.jar:4.12]
	at org.junit.internal.runners.statements.InvokeMethod.evaluate(InvokeMethod.java:17) [junit-4.12.jar:4.12]
	at org.junit.runners.ParentRunner.runLeaf(ParentRunner.java:325) [junit-4.12.jar:4.12]
	at org.junit.runners.BlockJUnit4ClassRunner.runChild(BlockJUnit4ClassRunner.java:78) [junit-4.12.jar:4.12]
	at org.junit.runners.BlockJUnit4ClassRunner.runChild(BlockJUnit4ClassRunner.java:57) [junit-4.12.jar:4.12]
	at org.junit.runners.ParentRunner$3.run(ParentRunner.java:290) [junit-4.12.jar:4.12]
	at org.junit.runners.ParentRunner$1.schedule(ParentRunner.java:71) [junit-4.12.jar:4.12]
	at org.junit.runners.ParentRunner.runChildren(ParentRunner.java:288) [junit-4.12.jar:4.12]
	at org.junit.runners.ParentRunner.access$000(ParentRunner.java:58) [junit-4.12.jar:4.12]
	at org.junit.runners.ParentRunner$2.evaluate(ParentRunner.java:268) [junit-4.12.jar:4.12]
	at org.junit.runners.ParentRunner.run(ParentRunner.java:363) [junit-4.12.jar:4.12]
	at org.apache.maven.surefire.junit4.JUnit4Provider.execute(JUnit4Provider.java:283) [surefire-junit4-2.18.1.jar:2.18.1]
	at org.apache.maven.surefire.junit4.JUnit4Provider.executeWithRerun(JUnit4Provider.java:173) [surefire-junit4-2.18.1.jar:2.18.1]
	at org.apache.maven.surefire.junit4.JUnit4Provider.executeTestSet(JUnit4Provider.java:153) [surefire-junit4-2.18.1.jar:2.18.1]
	at org.apache.maven.surefire.junit4.JUnit4Provider.invoke(JUnit4Provider.java:128) [surefire-junit4-2.18.1.jar:2.18.1]
	at org.apache.maven.surefire.booter.ForkedBooter.invokeProviderInSameClassLoader(ForkedBooter.java:203) [surefire-booter-2.18.1.jar:2.18.1]
	at org.apache.maven.surefire.booter.ForkedBooter.runSuitesInProcess(ForkedBooter.java:155) [surefire-booter-2.18.1.jar:2.18.1]
	at org.apache.maven.surefire.booter.ForkedBooter.main(ForkedBooter.java:103) [surefire-booter-2.18.1.jar:2.18.1]
Caused by: org.hibernate.TransientObjectException: object references an unsaved transient instance - save the transient instance before flushing: com.fabiocompany.supermercadosdeltaplus.model.Tipodepago
	at org.hibernate.engine.internal.ForeignKeys.getEntityIdentifierIfNotUnsaved(ForeignKeys.java:294) ~[hibernate-core-4.3.11.Final.jar:4.3.11.Final]
	at org.hibernate.type.EntityType.getIdentifier(EntityType.java:537) ~[hibernate-core-4.3.11.Final.jar:4.3.11.Final]
	at org.hibernate.type.ManyToOneType.isDirty(ManyToOneType.java:311) ~[hibernate-core-4.3.11.Final.jar:4.3.11.Final]
	at org.hibernate.type.ManyToOneType.isDirty(ManyToOneType.java:321) ~[hibernate-core-4.3.11.Final.jar:4.3.11.Final]
	at org.hibernate.type.TypeHelper.findDirty(TypeHelper.java:310) ~[hibernate-core-4.3.11.Final.jar:4.3.11.Final]
	at org.hibernate.persister.entity.AbstractEntityPersister.findDirty(AbstractEntityPersister.java:4243) ~[hibernate-core-4.3.11.Final.jar:4.3.11.Final]
	at org.hibernate.event.internal.DefaultFlushEntityEventListener.dirtyCheck(DefaultFlushEntityEventListener.java:546) ~[hibernate-core-4.3.11.Final.jar:4.3.11.Final]
	at org.hibernate.event.internal.DefaultFlushEntityEventListener.isUpdateNecessary(DefaultFlushEntityEventListener.java:232) ~[hibernate-core-4.3.11.Final.jar:4.3.11.Final]
	at org.hibernate.event.internal.DefaultFlushEntityEventListener.onFlushEntity(DefaultFlushEntityEventListener.java:159) ~[hibernate-core-4.3.11.Final.jar:4.3.11.Final]
	at org.hibernate.event.internal.AbstractFlushingEventListener.flushEntities(AbstractFlushingEventListener.java:231) ~[hibernate-core-4.3.11.Final.jar:4.3.11.Final]
	at org.hibernate.event.internal.AbstractFlushingEventListener.flushEverythingToExecutions(AbstractFlushingEventListener.java:102) ~[hibernate-core-4.3.11.Final.jar:4.3.11.Final]
	at org.hibernate.event.internal.DefaultFlushEventListener.onFlush(DefaultFlushEventListener.java:55) ~[hibernate-core-4.3.11.Final.jar:4.3.11.Final]
	at org.hibernate.internal.SessionImpl.flush(SessionImpl.java:1258) ~[hibernate-core-4.3.11.Final.jar:4.3.11.Final]
	at org.hibernate.internal.SessionImpl.managedFlush(SessionImpl.java:425) ~[hibernate-core-4.3.11.Final.jar:4.3.11.Final]
	at org.hibernate.engine.transaction.internal.jdbc.JdbcTransaction.beforeTransactionCommit(JdbcTransaction.java:101) ~[hibernate-core-4.3.11.Final.jar:4.3.11.Final]
	at org.hibernate.engine.transaction.spi.AbstractTransactionImpl.commit(AbstractTransactionImpl.java:177) ~[hibernate-core-4.3.11.Final.jar:4.3.11.Final]
	at com.fabiocompany.supermercadosdeltaplus.persistence.dao.hibernate.GenericDAO.saveOrUpdate(GenericDAO.java:159) ~[classes/:na]
	... 26 common frames omitted
]]></system-out>
    <system-err><![CDATA[Sat Sep 30 13:56:36 ART 2017 WARN: Establishing SSL connection without server's identity verification is not recommended. According to MySQL 5.5.45+, 5.6.26+ and 5.7.6+ requirements SSL connection must be established by default if explicit option isn't set. For compliance with existing applications not using SSL the verifyServerCertificate property is set to 'false'. You need either to explicitly disable SSL by setting useSSL=false, or set useSSL=true and provide truststore for server certificate verification.
Sat Sep 30 13:56:36 ART 2017 WARN: Establishing SSL connection without server's identity verification is not recommended. According to MySQL 5.5.45+, 5.6.26+ and 5.7.6+ requirements SSL connection must be established by default if explicit option isn't set. For compliance with existing applications not using SSL the verifyServerCertificate property is set to 'false'. You need either to explicitly disable SSL by setting useSSL=false, or set useSSL=true and provide truststore for server certificate verification.
Sat Sep 30 13:56:36 ART 2017 WARN: Establishing SSL connection without server's identity verification is not recommended. According to MySQL 5.5.45+, 5.6.26+ and 5.7.6+ requirements SSL connection must be established by default if explicit option isn't set. For compliance with existing applications not using SSL the verifyServerCertificate property is set to 'false'. You need either to explicitly disable SSL by setting useSSL=false, or set useSSL=true and provide truststore for server certificate verification.
Sat Sep 30 13:56:37 ART 2017 WARN: Establishing SSL connection without server's identity verification is not recommended. According to MySQL 5.5.45+, 5.6.26+ and 5.7.6+ requirements SSL connection must be established by default if explicit option isn't set. For compliance with existing applications not using SSL the verifyServerCertificate property is set to 'false'. You need either to explicitly disable SSL by setting useSSL=false, or set useSSL=true and provide truststore for server certificate verification.
Sat Sep 30 13:56:37 ART 2017 WARN: Establishing SSL connection without server's identity verification is not recommended. According to MySQL 5.5.45+, 5.6.26+ and 5.7.6+ requirements SSL connection must be established by default if explicit option isn't set. For compliance with existing applications not using SSL the verifyServerCertificate property is set to 'false'. You need either to explicitly disable SSL by setting useSSL=false, or set useSSL=true and provide truststore for server certificate verification.
]]></system-err>
  </testcase>
</testsuite>