<?xml version="1.0" encoding="UTF-8"?>
<testsuite name="com.fabiocompany.supermercadosdeltaplus.test.SupermercadosDeltaPlusTest" time="18.875" tests="1" errors="1" skipped="0" failures="0">
  <properties>
    <property name="java.runtime.name" value="Java(TM) SE Runtime Environment"/>
    <property name="sun.boot.library.path" value="/usr/java/jdk1.8.0_144/jre/lib/amd64"/>
    <property name="java.vm.version" value="25.144-b01"/>
    <property name="java.vm.vendor" value="Oracle Corporation"/>
    <property name="java.vendor.url" value="http://java.oracle.com/"/>
    <property name="path.separator" value=":"/>
    <property name="guice.disable.misplaced.annotation.check" value="true"/>
    <property name="java.vm.name" value="Java HotSpot(TM) 64-Bit Server VM"/>
    <property name="file.encoding.pkg" value="sun.io"/>
    <property name="user.country" value="AR"/>
    <property name="sun.java.launcher" value="SUN_STANDARD"/>
    <property name="sun.os.patch.level" value="unknown"/>
    <property name="java.vm.specification.name" value="Java Virtual Machine Specification"/>
    <property name="user.dir" value="/home/fabio/Documentos/facu/ingweb3/repoingweb3personal/supermercadosdeltaplusModulo"/>
    <property name="java.runtime.version" value="1.8.0_144-b01"/>
    <property name="java.awt.graphicsenv" value="sun.awt.X11GraphicsEnvironment"/>
    <property name="java.endorsed.dirs" value="/usr/java/jdk1.8.0_144/jre/lib/endorsed"/>
    <property name="os.arch" value="amd64"/>
    <property name="java.io.tmpdir" value="/tmp"/>
    <property name="line.separator" value="&#10;"/>
    <property name="java.vm.specification.vendor" value="Oracle Corporation"/>
    <property name="os.name" value="Linux"/>
    <property name="maven.ext.class.path" value="/home/fabio/netbeans-8.2/java/maven-nblib/netbeans-eventspy.jar"/>
    <property name="classworlds.conf" value="/home/fabio/netbeans-8.2/java/maven/bin/m2.conf"/>
    <property name="sun.jnu.encoding" value="UTF-8"/>
    <property name="java.library.path" value="/usr/java/jdk1.8.0_144/jre/lib/amd64:/usr/java/jdk1.8.0_144/jre/lib/i386::/usr/java/packages/lib/amd64:/usr/lib64:/lib64:/lib:/usr/lib"/>
    <property name="java.specification.name" value="Java Platform API Specification"/>
    <property name="java.class.version" value="52.0"/>
    <property name="sun.management.compiler" value="HotSpot 64-Bit Tiered Compilers"/>
    <property name="os.version" value="4.4.0-96-generic"/>
    <property name="user.home" value="/home/fabio"/>
    <property name="user.timezone" value="America/Argentina/Cordoba"/>
    <property name="java.awt.printerjob" value="sun.print.PSPrinterJob"/>
    <property name="file.encoding" value="UTF-8"/>
    <property name="java.specification.version" value="1.8"/>
    <property name="user.name" value="fabio"/>
    <property name="java.class.path" value="/home/fabio/netbeans-8.2/java/maven/boot/plexus-classworlds-2.4.jar"/>
    <property name="java.vm.specification.version" value="1.8"/>
    <property name="sun.arch.data.model" value="64"/>
    <property name="java.home" value="/usr/java/jdk1.8.0_144/jre"/>
    <property name="sun.java.command" value="org.codehaus.plexus.classworlds.launcher.Launcher -Dmaven.ext.class.path=/home/fabio/netbeans-8.2/java/maven-nblib/netbeans-eventspy.jar clean install"/>
    <property name="java.specification.vendor" value="Oracle Corporation"/>
    <property name="user.language" value="es"/>
    <property name="awt.toolkit" value="sun.awt.X11.XToolkit"/>
    <property name="java.vm.info" value="mixed mode"/>
    <property name="java.version" value="1.8.0_144"/>
    <property name="java.ext.dirs" value="/usr/java/jdk1.8.0_144/jre/lib/ext:/usr/java/packages/lib/ext"/>
    <property name="securerandom.source" value="file:/dev/./urandom"/>
    <property name="sun.boot.class.path" value="/usr/java/jdk1.8.0_144/jre/lib/resources.jar:/usr/java/jdk1.8.0_144/jre/lib/rt.jar:/usr/java/jdk1.8.0_144/jre/lib/sunrsasign.jar:/usr/java/jdk1.8.0_144/jre/lib/jsse.jar:/usr/java/jdk1.8.0_144/jre/lib/jce.jar:/usr/java/jdk1.8.0_144/jre/lib/charsets.jar:/usr/java/jdk1.8.0_144/jre/lib/jfr.jar:/usr/java/jdk1.8.0_144/jre/classes"/>
    <property name="java.vendor" value="Oracle Corporation"/>
    <property name="maven.home" value="/home/fabio/netbeans-8.2/java/maven"/>
    <property name="file.separator" value="/"/>
    <property name="java.vendor.url.bug" value="http://bugreport.sun.com/bugreport/"/>
    <property name="sun.cpu.endian" value="little"/>
    <property name="sun.io.unicode.encoding" value="UnicodeLittle"/>
    <property name="sun.desktop" value="gnome"/>
    <property name="sun.cpu.isalist" value=""/>
  </properties>
  <testcase name="guardarUsuario" classname="com.fabiocompany.supermercadosdeltaplus.test.SupermercadosDeltaPlusTest" time="18.875">
    <error message="object references an unsaved transient instance - save the transient instance before flushing: com.fabiocompany.supermercadosdeltaplus.model.Tipodepago" type="com.fabiocompany.supermercadosdeltaplus.service.exception.ServiceException">com.fabiocompany.supermercadosdeltaplus.service.exception.ServiceException: object references an unsaved transient instance - save the transient instance before flushing: com.fabiocompany.supermercadosdeltaplus.model.Tipodepago
	at org.hibernate.engine.internal.ForeignKeys.getEntityIdentifierIfNotUnsaved(ForeignKeys.java:294)
	at org.hibernate.type.EntityType.getIdentifier(EntityType.java:537)
	at org.hibernate.type.ManyToOneType.isDirty(ManyToOneType.java:311)
	at org.hibernate.type.ManyToOneType.isDirty(ManyToOneType.java:321)
	at org.hibernate.type.TypeHelper.findDirty(TypeHelper.java:310)
	at org.hibernate.persister.entity.AbstractEntityPersister.findDirty(AbstractEntityPersister.java:4243)
	at org.hibernate.event.internal.DefaultFlushEntityEventListener.dirtyCheck(DefaultFlushEntityEventListener.java:546)
	at org.hibernate.event.internal.DefaultFlushEntityEventListener.isUpdateNecessary(DefaultFlushEntityEventListener.java:232)
	at org.hibernate.event.internal.DefaultFlushEntityEventListener.onFlushEntity(DefaultFlushEntityEventListener.java:159)
	at org.hibernate.event.internal.AbstractFlushingEventListener.flushEntities(AbstractFlushingEventListener.java:231)
	at org.hibernate.event.internal.AbstractFlushingEventListener.flushEverythingToExecutions(AbstractFlushingEventListener.java:102)
	at org.hibernate.event.internal.DefaultFlushEventListener.onFlush(DefaultFlushEventListener.java:55)
	at org.hibernate.internal.SessionImpl.flush(SessionImpl.java:1258)
	at org.hibernate.internal.SessionImpl.managedFlush(SessionImpl.java:425)
	at org.hibernate.engine.transaction.internal.jdbc.JdbcTransaction.beforeTransactionCommit(JdbcTransaction.java:101)
	at org.hibernate.engine.transaction.spi.AbstractTransactionImpl.commit(AbstractTransactionImpl.java:177)
	at com.fabiocompany.supermercadosdeltaplus.persistence.dao.hibernate.GenericDAO.saveOrUpdate(GenericDAO.java:159)
	at com.fabiocompany.supermercadosdeltaplus.service.impl.GenericService.saveOrUpdate(GenericService.java:74)
	at com.fabiocompany.supermercadosdeltaplus.test.SupermercadosDeltaPlusTest.guardarUsuario(SupermercadosDeltaPlusTest.java:136)
</error>
    <system-out><![CDATA[12:17:51.662 [main] DEBUG org.jboss.logging - Logging Provider: org.jboss.logging.Slf4jLoggerProvider
12:17:51.698 [main] DEBUG org.hibernate.type.BasicTypeRegistry - Adding type registration boolean -> org.hibernate.type.BooleanType@7e0b0338
12:17:51.698 [main] DEBUG org.hibernate.type.BasicTypeRegistry - Adding type registration boolean -> org.hibernate.type.BooleanType@7e0b0338
12:17:51.699 [main] DEBUG org.hibernate.type.BasicTypeRegistry - Adding type registration java.lang.Boolean -> org.hibernate.type.BooleanType@7e0b0338
12:17:51.701 [main] DEBUG org.hibernate.type.BasicTypeRegistry - Adding type registration numeric_boolean -> org.hibernate.type.NumericBooleanType@3c0f93f1
12:17:51.704 [main] DEBUG org.hibernate.type.BasicTypeRegistry - Adding type registration true_false -> org.hibernate.type.TrueFalseType@3327bd23
12:17:51.706 [main] DEBUG org.hibernate.type.BasicTypeRegistry - Adding type registration yes_no -> org.hibernate.type.YesNoType@52a86356
12:17:51.710 [main] DEBUG org.hibernate.type.BasicTypeRegistry - Adding type registration byte -> org.hibernate.type.ByteType@20398b7c
12:17:51.711 [main] DEBUG org.hibernate.type.BasicTypeRegistry - Adding type registration byte -> org.hibernate.type.ByteType@20398b7c
12:17:51.712 [main] DEBUG org.hibernate.type.BasicTypeRegistry - Adding type registration java.lang.Byte -> org.hibernate.type.ByteType@20398b7c
12:17:51.714 [main] DEBUG org.hibernate.type.BasicTypeRegistry - Adding type registration character -> org.hibernate.type.CharacterType@4e9ba398
12:17:51.714 [main] DEBUG org.hibernate.type.BasicTypeRegistry - Adding type registration char -> org.hibernate.type.CharacterType@4e9ba398
12:17:51.715 [main] DEBUG org.hibernate.type.BasicTypeRegistry - Adding type registration java.lang.Character -> org.hibernate.type.CharacterType@4e9ba398
12:17:51.719 [main] DEBUG org.hibernate.type.BasicTypeRegistry - Adding type registration short -> org.hibernate.type.ShortType@6b09bb57
12:17:51.719 [main] DEBUG org.hibernate.type.BasicTypeRegistry - Adding type registration short -> org.hibernate.type.ShortType@6b09bb57
12:17:51.722 [main] DEBUG org.hibernate.type.BasicTypeRegistry - Adding type registration java.lang.Short -> org.hibernate.type.ShortType@6b09bb57
12:17:51.724 [main] DEBUG org.hibernate.type.BasicTypeRegistry - Adding type registration integer -> org.hibernate.type.IntegerType@185d8b6
12:17:51.725 [main] DEBUG org.hibernate.type.BasicTypeRegistry - Adding type registration int -> org.hibernate.type.IntegerType@185d8b6
12:17:51.726 [main] DEBUG org.hibernate.type.BasicTypeRegistry - Adding type registration java.lang.Integer -> org.hibernate.type.IntegerType@185d8b6
12:17:51.728 [main] DEBUG org.hibernate.type.BasicTypeRegistry - Adding type registration long -> org.hibernate.type.LongType@3b0143d3
12:17:51.729 [main] DEBUG org.hibernate.type.BasicTypeRegistry - Adding type registration long -> org.hibernate.type.LongType@3b0143d3
12:17:51.730 [main] DEBUG org.hibernate.type.BasicTypeRegistry - Adding type registration java.lang.Long -> org.hibernate.type.LongType@3b0143d3
12:17:51.733 [main] DEBUG org.hibernate.type.BasicTypeRegistry - Adding type registration float -> org.hibernate.type.FloatType@1d16f93d
12:17:51.734 [main] DEBUG org.hibernate.type.BasicTypeRegistry - Adding type registration float -> org.hibernate.type.FloatType@1d16f93d
12:17:51.734 [main] DEBUG org.hibernate.type.BasicTypeRegistry - Adding type registration java.lang.Float -> org.hibernate.type.FloatType@1d16f93d
12:17:51.738 [main] DEBUG org.hibernate.type.BasicTypeRegistry - Adding type registration double -> org.hibernate.type.DoubleType@7fac631b
12:17:51.739 [main] DEBUG org.hibernate.type.BasicTypeRegistry - Adding type registration double -> org.hibernate.type.DoubleType@7fac631b
12:17:51.740 [main] DEBUG org.hibernate.type.BasicTypeRegistry - Adding type registration java.lang.Double -> org.hibernate.type.DoubleType@7fac631b
12:17:51.743 [main] DEBUG org.hibernate.type.BasicTypeRegistry - Adding type registration big_decimal -> org.hibernate.type.BigDecimalType@5c5a1b69
12:17:51.744 [main] DEBUG org.hibernate.type.BasicTypeRegistry - Adding type registration java.math.BigDecimal -> org.hibernate.type.BigDecimalType@5c5a1b69
12:17:51.747 [main] DEBUG org.hibernate.type.BasicTypeRegistry - Adding type registration big_integer -> org.hibernate.type.BigIntegerType@578486a3
12:17:51.747 [main] DEBUG org.hibernate.type.BasicTypeRegistry - Adding type registration java.math.BigInteger -> org.hibernate.type.BigIntegerType@578486a3
12:17:51.749 [main] DEBUG org.hibernate.type.BasicTypeRegistry - Adding type registration string -> org.hibernate.type.StringType@50b494a6
12:17:51.749 [main] DEBUG org.hibernate.type.BasicTypeRegistry - Adding type registration java.lang.String -> org.hibernate.type.StringType@50b494a6
12:17:51.751 [main] DEBUG org.hibernate.type.BasicTypeRegistry - Adding type registration nstring -> org.hibernate.type.StringNVarcharType@cd2dae5
12:17:51.753 [main] DEBUG org.hibernate.type.BasicTypeRegistry - Adding type registration ncharacter -> org.hibernate.type.CharacterNCharType@22a67b4
12:17:51.754 [main] DEBUG org.hibernate.type.BasicTypeRegistry - Adding type registration url -> org.hibernate.type.UrlType@6737fd8f
12:17:51.754 [main] DEBUG org.hibernate.type.BasicTypeRegistry - Adding type registration java.net.URL -> org.hibernate.type.UrlType@6737fd8f
12:17:51.757 [main] DEBUG org.hibernate.type.BasicTypeRegistry - Adding type registration date -> org.hibernate.type.DateType@6c49835d
12:17:51.757 [main] DEBUG org.hibernate.type.BasicTypeRegistry - Adding type registration java.sql.Date -> org.hibernate.type.DateType@6c49835d
12:17:51.759 [main] DEBUG org.hibernate.type.BasicTypeRegistry - Adding type registration time -> org.hibernate.type.TimeType@1e6d1014
12:17:51.759 [main] DEBUG org.hibernate.type.BasicTypeRegistry - Adding type registration java.sql.Time -> org.hibernate.type.TimeType@1e6d1014
12:17:51.761 [main] DEBUG org.hibernate.type.BasicTypeRegistry - Adding type registration timestamp -> org.hibernate.type.TimestampType@26aa12dd
12:17:51.762 [main] DEBUG org.hibernate.type.BasicTypeRegistry - Adding type registration java.sql.Timestamp -> org.hibernate.type.TimestampType@26aa12dd
12:17:51.762 [main] DEBUG org.hibernate.type.BasicTypeRegistry - Adding type registration java.util.Date -> org.hibernate.type.TimestampType@26aa12dd
12:17:51.764 [main] DEBUG org.hibernate.type.BasicTypeRegistry - Adding type registration dbtimestamp -> org.hibernate.type.DbTimestampType@71bbf57e
12:17:51.765 [main] DEBUG org.hibernate.type.BasicTypeRegistry - Adding type registration calendar -> org.hibernate.type.CalendarType@4e7dc304
12:17:51.766 [main] DEBUG org.hibernate.type.BasicTypeRegistry - Adding type registration java.util.Calendar -> org.hibernate.type.CalendarType@4e7dc304
12:17:51.766 [main] DEBUG org.hibernate.type.BasicTypeRegistry - Adding type registration java.util.GregorianCalendar -> org.hibernate.type.CalendarType@4e7dc304
12:17:51.767 [main] DEBUG org.hibernate.type.BasicTypeRegistry - Adding type registration calendar_date -> org.hibernate.type.CalendarDateType@48503868
12:17:51.769 [main] DEBUG org.hibernate.type.BasicTypeRegistry - Adding type registration locale -> org.hibernate.type.LocaleType@396f6598
12:17:51.770 [main] DEBUG org.hibernate.type.BasicTypeRegistry - Adding type registration java.util.Locale -> org.hibernate.type.LocaleType@396f6598
12:17:51.772 [main] DEBUG org.hibernate.type.BasicTypeRegistry - Adding type registration currency -> org.hibernate.type.CurrencyType@1e965684
12:17:51.773 [main] DEBUG org.hibernate.type.BasicTypeRegistry - Adding type registration java.util.Currency -> org.hibernate.type.CurrencyType@1e965684
12:17:51.774 [main] DEBUG org.hibernate.type.BasicTypeRegistry - Adding type registration timezone -> org.hibernate.type.TimeZoneType@15d0c81b
12:17:51.775 [main] DEBUG org.hibernate.type.BasicTypeRegistry - Adding type registration java.util.TimeZone -> org.hibernate.type.TimeZoneType@15d0c81b
12:17:51.776 [main] DEBUG org.hibernate.type.BasicTypeRegistry - Adding type registration class -> org.hibernate.type.ClassType@3712b94
12:17:51.776 [main] DEBUG org.hibernate.type.BasicTypeRegistry - Adding type registration java.lang.Class -> org.hibernate.type.ClassType@3712b94
12:17:51.778 [main] DEBUG org.hibernate.type.BasicTypeRegistry - Adding type registration uuid-binary -> org.hibernate.type.UUIDBinaryType@1f57539
12:17:51.778 [main] DEBUG org.hibernate.type.BasicTypeRegistry - Adding type registration java.util.UUID -> org.hibernate.type.UUIDBinaryType@1f57539
12:17:51.779 [main] DEBUG org.hibernate.type.BasicTypeRegistry - Adding type registration uuid-char -> org.hibernate.type.UUIDCharType@6ee52dcd
12:17:51.781 [main] DEBUG org.hibernate.type.BasicTypeRegistry - Adding type registration pg-uuid -> org.hibernate.type.PostgresUUIDType@1877ab81
12:17:51.783 [main] DEBUG org.hibernate.type.BasicTypeRegistry - Adding type registration binary -> org.hibernate.type.BinaryType@5faeada1
12:17:51.784 [main] DEBUG org.hibernate.type.BasicTypeRegistry - Adding type registration byte[] -> org.hibernate.type.BinaryType@5faeada1
12:17:51.784 [main] DEBUG org.hibernate.type.BasicTypeRegistry - Adding type registration [B -> org.hibernate.type.BinaryType@5faeada1
12:17:51.786 [main] DEBUG org.hibernate.type.BasicTypeRegistry - Adding type registration wrapper-binary -> org.hibernate.type.WrapperBinaryType@33c7e1bb
12:17:51.787 [main] DEBUG org.hibernate.type.BasicTypeRegistry - Adding type registration Byte[] -> org.hibernate.type.WrapperBinaryType@33c7e1bb
12:17:51.787 [main] DEBUG org.hibernate.type.BasicTypeRegistry - Adding type registration [Ljava.lang.Byte; -> org.hibernate.type.WrapperBinaryType@33c7e1bb
12:17:51.788 [main] DEBUG org.hibernate.type.BasicTypeRegistry - Adding type registration image -> org.hibernate.type.ImageType@17d677df
12:17:51.790 [main] DEBUG org.hibernate.type.BasicTypeRegistry - Adding type registration characters -> org.hibernate.type.CharArrayType@4b553d26
12:17:51.791 [main] DEBUG org.hibernate.type.BasicTypeRegistry - Adding type registration char[] -> org.hibernate.type.CharArrayType@4b553d26
12:17:51.791 [main] DEBUG org.hibernate.type.BasicTypeRegistry - Adding type registration [C -> org.hibernate.type.CharArrayType@4b553d26
12:17:51.793 [main] DEBUG org.hibernate.type.BasicTypeRegistry - Adding type registration wrapper-characters -> org.hibernate.type.CharacterArrayType@2a742aa2
12:17:51.793 [main] DEBUG org.hibernate.type.BasicTypeRegistry - Adding type registration [Ljava.lang.Character; -> org.hibernate.type.CharacterArrayType@2a742aa2
12:17:51.794 [main] DEBUG org.hibernate.type.BasicTypeRegistry - Adding type registration Character[] -> org.hibernate.type.CharacterArrayType@2a742aa2
12:17:51.795 [main] DEBUG org.hibernate.type.BasicTypeRegistry - Adding type registration text -> org.hibernate.type.TextType@7e2d773b
12:17:51.796 [main] DEBUG org.hibernate.type.BasicTypeRegistry - Adding type registration ntext -> org.hibernate.type.NTextType@51e2adc7
12:17:51.800 [main] DEBUG org.hibernate.type.BasicTypeRegistry - Adding type registration blob -> org.hibernate.type.BlobType@26a7b76d
12:17:51.800 [main] DEBUG org.hibernate.type.BasicTypeRegistry - Adding type registration java.sql.Blob -> org.hibernate.type.BlobType@26a7b76d
12:17:51.801 [main] DEBUG org.hibernate.type.BasicTypeRegistry - Adding type registration materialized_blob -> org.hibernate.type.MaterializedBlobType@1500955a
12:17:51.805 [main] DEBUG org.hibernate.type.BasicTypeRegistry - Adding type registration clob -> org.hibernate.type.ClobType@50d0686
12:17:51.806 [main] DEBUG org.hibernate.type.BasicTypeRegistry - Adding type registration java.sql.Clob -> org.hibernate.type.ClobType@50d0686
12:17:51.810 [main] DEBUG org.hibernate.type.BasicTypeRegistry - Adding type registration nclob -> org.hibernate.type.NClobType@491cc5c9
12:17:51.811 [main] DEBUG org.hibernate.type.BasicTypeRegistry - Adding type registration java.sql.NClob -> org.hibernate.type.NClobType@491cc5c9
12:17:51.812 [main] DEBUG org.hibernate.type.BasicTypeRegistry - Adding type registration materialized_clob -> org.hibernate.type.MaterializedClobType@462d5aee
12:17:51.813 [main] DEBUG org.hibernate.type.BasicTypeRegistry - Adding type registration materialized_nclob -> org.hibernate.type.MaterializedNClobType@4a87761d
12:17:51.815 [main] DEBUG org.hibernate.type.BasicTypeRegistry - Adding type registration serializable -> org.hibernate.type.SerializableType@6950e31
12:17:51.819 [main] DEBUG org.hibernate.type.BasicTypeRegistry - Adding type registration object -> org.hibernate.type.ObjectType@5891e32e
12:17:51.820 [main] DEBUG org.hibernate.type.BasicTypeRegistry - Adding type registration java.lang.Object -> org.hibernate.type.ObjectType@5891e32e
12:17:51.821 [main] DEBUG org.hibernate.type.BasicTypeRegistry - Adding type registration imm_date -> org.hibernate.type.AdaptedImmutableType@74a10858
12:17:51.821 [main] DEBUG org.hibernate.type.BasicTypeRegistry - Adding type registration imm_time -> org.hibernate.type.AdaptedImmutableType@23fe1d71
12:17:51.821 [main] DEBUG org.hibernate.type.BasicTypeRegistry - Adding type registration imm_timestamp -> org.hibernate.type.AdaptedImmutableType@28ac3dc3
12:17:51.822 [main] DEBUG org.hibernate.type.BasicTypeRegistry - Adding type registration imm_dbtimestamp -> org.hibernate.type.AdaptedImmutableType@32eebfca
12:17:51.822 [main] DEBUG org.hibernate.type.BasicTypeRegistry - Adding type registration imm_calendar -> org.hibernate.type.AdaptedImmutableType@4e718207
12:17:51.822 [main] DEBUG org.hibernate.type.BasicTypeRegistry - Adding type registration imm_calendar_date -> org.hibernate.type.AdaptedImmutableType@1d371b2d
12:17:51.822 [main] DEBUG org.hibernate.type.BasicTypeRegistry - Adding type registration imm_binary -> org.hibernate.type.AdaptedImmutableType@543c6f6d
12:17:51.823 [main] DEBUG org.hibernate.type.BasicTypeRegistry - Adding type registration imm_serializable -> org.hibernate.type.AdaptedImmutableType@13eb8acf
12:17:51.839 [main] INFO  o.h.annotations.common.Version - HCANN000001: Hibernate Commons Annotations {4.0.4.Final}
12:17:51.845 [main] INFO  org.hibernate.Version - HHH000412: Hibernate Core {4.3.11.Final}
12:17:51.848 [main] INFO  org.hibernate.cfg.Environment - HHH000206: hibernate.properties not found
12:17:51.850 [main] INFO  org.hibernate.cfg.Environment - HHH000021: Bytecode provider name : javassist
12:17:51.860 [main] DEBUG o.h.i.f.i.DefaultIdentifierGeneratorFactory - Registering IdentifierGenerator strategy [uuid2] -> [org.hibernate.id.UUIDGenerator]
12:17:51.861 [main] DEBUG o.h.i.f.i.DefaultIdentifierGeneratorFactory - Registering IdentifierGenerator strategy [guid] -> [org.hibernate.id.GUIDGenerator]
12:17:51.862 [main] DEBUG o.h.i.f.i.DefaultIdentifierGeneratorFactory - Registering IdentifierGenerator strategy [uuid] -> [org.hibernate.id.UUIDHexGenerator]
12:17:51.862 [main] DEBUG o.h.i.f.i.DefaultIdentifierGeneratorFactory - Registering IdentifierGenerator strategy [uuid.hex] -> [org.hibernate.id.UUIDHexGenerator]
12:17:51.864 [main] DEBUG o.h.i.f.i.DefaultIdentifierGeneratorFactory - Registering IdentifierGenerator strategy [hilo] -> [org.hibernate.id.TableHiLoGenerator]
12:17:51.865 [main] DEBUG o.h.i.f.i.DefaultIdentifierGeneratorFactory - Registering IdentifierGenerator strategy [assigned] -> [org.hibernate.id.Assigned]
12:17:51.867 [main] DEBUG o.h.i.f.i.DefaultIdentifierGeneratorFactory - Registering IdentifierGenerator strategy [identity] -> [org.hibernate.id.IdentityGenerator]
12:17:51.868 [main] DEBUG o.h.i.f.i.DefaultIdentifierGeneratorFactory - Registering IdentifierGenerator strategy [select] -> [org.hibernate.id.SelectGenerator]
12:17:51.868 [main] DEBUG o.h.i.f.i.DefaultIdentifierGeneratorFactory - Registering IdentifierGenerator strategy [sequence] -> [org.hibernate.id.SequenceGenerator]
12:17:51.869 [main] DEBUG o.h.i.f.i.DefaultIdentifierGeneratorFactory - Registering IdentifierGenerator strategy [seqhilo] -> [org.hibernate.id.SequenceHiLoGenerator]
12:17:51.869 [main] DEBUG o.h.i.f.i.DefaultIdentifierGeneratorFactory - Registering IdentifierGenerator strategy [increment] -> [org.hibernate.id.IncrementGenerator]
12:17:51.870 [main] DEBUG o.h.i.f.i.DefaultIdentifierGeneratorFactory - Registering IdentifierGenerator strategy [foreign] -> [org.hibernate.id.ForeignGenerator]
12:17:51.871 [main] DEBUG o.h.i.f.i.DefaultIdentifierGeneratorFactory - Registering IdentifierGenerator strategy [sequence-identity] -> [org.hibernate.id.SequenceIdentityGenerator]
12:17:51.872 [main] DEBUG o.h.i.f.i.DefaultIdentifierGeneratorFactory - Registering IdentifierGenerator strategy [enhanced-sequence] -> [org.hibernate.id.enhanced.SequenceStyleGenerator]
12:17:51.874 [main] DEBUG o.h.i.f.i.DefaultIdentifierGeneratorFactory - Registering IdentifierGenerator strategy [enhanced-table] -> [org.hibernate.id.enhanced.TableGenerator]
12:17:51.880 [main] INFO  org.hibernate.cfg.Configuration - HHH000043: Configuring from resource: /hibernate.cfg.xml
12:17:51.881 [main] INFO  org.hibernate.cfg.Configuration - HHH000040: Configuration resource: /hibernate.cfg.xml
12:17:51.942 [main] DEBUG o.h.i.util.xml.DTDEntityResolver - Trying to resolve system-id [http://hibernate.sourceforge.net/hibernate-configuration-3.0.dtd]
12:17:51.942 [main] WARN  o.h.i.util.xml.DTDEntityResolver - HHH000223: Recognized obsolete hibernate namespace http://hibernate.sourceforge.net/. Use namespace http://www.hibernate.org/dtd/ instead. Refer to Hibernate 3.6 Migration Guide!
12:17:51.942 [main] DEBUG o.h.i.util.xml.DTDEntityResolver - Attempting to resolve on classpath under org/hibernate/
12:17:51.944 [main] DEBUG o.h.i.util.xml.DTDEntityResolver - Located [http://hibernate.sourceforge.net/hibernate-configuration-3.0.dtd] in classpath
12:17:51.974 [main] DEBUG org.hibernate.cfg.Configuration - hibernate.dialect=org.hibernate.dialect.MySQLDialect
12:17:51.975 [main] DEBUG org.hibernate.cfg.Configuration - hibernate.connection.driver_class=com.mysql.jdbc.Driver
12:17:51.975 [main] DEBUG org.hibernate.cfg.Configuration - hibernate.connection.url=jdbc:mysql://localhost:3306/supermercadosdeltaplus
12:17:51.975 [main] DEBUG org.hibernate.cfg.Configuration - hibernate.connection.username=root
12:17:51.976 [main] DEBUG org.hibernate.cfg.Configuration - hibernate.connection.password=root
12:17:51.976 [main] DEBUG org.hibernate.cfg.Configuration - hibernate.current_session_context_class=thread
12:17:51.976 [main] DEBUG org.hibernate.cfg.Configuration - hibernate.c3p0.timeout=3600
12:17:51.976 [main] DEBUG org.hibernate.cfg.Configuration - hibernate.c3p0.maxIdleTime=3600
12:17:51.977 [main] DEBUG org.hibernate.cfg.Configuration - hibernate.c3p0.acquire_increment=3
12:17:51.977 [main] DEBUG org.hibernate.cfg.Configuration - hibernate.c3p0.idle_test_period=10
12:17:51.978 [main] DEBUG org.hibernate.cfg.Configuration - hibernate.c3p0.min_size=5
12:17:51.978 [main] DEBUG org.hibernate.cfg.Configuration - hibernate.c3p0.max_size=75
12:17:51.978 [main] DEBUG org.hibernate.cfg.Configuration - hibernate.c3p0.max_statements=10
12:17:51.978 [main] DEBUG org.hibernate.cfg.Configuration - hibernate.c3p0.preferredTestQuery=select 1
12:17:51.978 [main] DEBUG org.hibernate.cfg.Configuration - hibernate.c3p0.testConnectionOnCheckout=true
12:17:51.978 [main] DEBUG org.hibernate.cfg.Configuration - show_sql=true
12:17:51.979 [main] DEBUG org.hibernate.cfg.Configuration - format_sql=true
12:17:51.979 [main] DEBUG org.hibernate.cfg.Configuration - hbm2ddl.auto=create
12:17:51.980 [main] DEBUG org.hibernate.cfg.Configuration - Session-factory config [null] named class [com.fabiocompany.supermercadosdeltaplus.model.Cabeceraticket] for mapping
12:17:51.993 [main] DEBUG org.hibernate.cfg.Configuration - Session-factory config [null] named class [com.fabiocompany.supermercadosdeltaplus.model.Detalleoferta] for mapping
12:17:51.994 [main] DEBUG org.hibernate.cfg.Configuration - Session-factory config [null] named class [com.fabiocompany.supermercadosdeltaplus.model.Detalleticket] for mapping
12:17:51.995 [main] DEBUG org.hibernate.cfg.Configuration - Session-factory config [null] named class [com.fabiocompany.supermercadosdeltaplus.model.Personausuario] for mapping
12:17:51.997 [main] DEBUG org.hibernate.cfg.Configuration - Session-factory config [null] named class [com.fabiocompany.supermercadosdeltaplus.model.Producto] for mapping
12:17:51.998 [main] DEBUG org.hibernate.cfg.Configuration - Session-factory config [null] named class [com.fabiocompany.supermercadosdeltaplus.model.Tarjeta] for mapping
12:17:51.999 [main] DEBUG org.hibernate.cfg.Configuration - Session-factory config [null] named class [com.fabiocompany.supermercadosdeltaplus.model.Tipodepago] for mapping
12:17:52.000 [main] DEBUG org.hibernate.cfg.Configuration - Session-factory config [null] named class [com.fabiocompany.supermercadosdeltaplus.model.Usuario] for mapping
12:17:52.001 [main] INFO  org.hibernate.cfg.Configuration - HHH000041: Configured SessionFactory: null
12:17:52.002 [main] DEBUG org.hibernate.cfg.Configuration - Properties: {show_sql=true, java.vendor=Oracle Corporation, localRepository=/home/fabio/.m2/repository, sun.java.launcher=SUN_STANDARD, hibernate.connection.url=jdbc:mysql://localhost:3306/supermercadosdeltaplus, sun.management.compiler=HotSpot 64-Bit Tiered Compilers, hbm2ddl.auto=create, os.name=Linux, sun.boot.class.path=/usr/java/jdk1.8.0_144/jre/lib/resources.jar:/usr/java/jdk1.8.0_144/jre/lib/rt.jar:/usr/java/jdk1.8.0_144/jre/lib/sunrsasign.jar:/usr/java/jdk1.8.0_144/jre/lib/jsse.jar:/usr/java/jdk1.8.0_144/jre/lib/jce.jar:/usr/java/jdk1.8.0_144/jre/lib/charsets.jar:/usr/java/jdk1.8.0_144/jre/lib/jfr.jar:/usr/java/jdk1.8.0_144/jre/classes, hibernate.current_session_context_class=thread, sun.desktop=gnome, hibernate.c3p0.max_size=75, java.vm.specification.vendor=Oracle Corporation, java.runtime.version=1.8.0_144-b01, hibernate.c3p0.min_size=5, user.name=fabio, hibernate.c3p0.timeout=3600, user.language=es, sun.boot.library.path=/usr/java/jdk1.8.0_144/jre/lib/amd64, hibernate.c3p0.preferredTestQuery=select 1, java.version=1.8.0_144, user.timezone=America/Argentina/Cordoba, sun.arch.data.model=64, java.endorsed.dirs=/usr/java/jdk1.8.0_144/jre/lib/endorsed, sun.cpu.isalist=, sun.jnu.encoding=UTF-8, file.encoding.pkg=sun.io, file.separator=/, java.specification.name=Java Platform API Specification, hibernate.format_sql=true, java.class.version=52.0, user.country=AR, java.home=/usr/java/jdk1.8.0_144/jre, java.vm.info=mixed mode, os.version=4.4.0-96-generic, surefire.real.class.path=/home/fabio/Documentos/facu/ingweb3/repoingweb3personal/supermercadosdeltaplusModulo/target/surefire/surefirebooter6984664705451685622.jar, path.separator=:, java.vm.version=25.144-b01, hibernate.connection.password=root, maven.ext.class.path=/home/fabio/netbeans-8.2/java/maven-nblib/netbeans-eventspy.jar, java.awt.printerjob=sun.print.PSPrinterJob, sun.io.unicode.encoding=UnicodeLittle, awt.toolkit=sun.awt.X11.XToolkit, hibernate.connection.username=root, user.home=/home/fabio, java.specification.vendor=Oracle Corporation, hibernate.hbm2ddl.auto=create, java.library.path=/usr/java/jdk1.8.0_144/jre/lib/amd64:/usr/java/jdk1.8.0_144/jre/lib/i386::/usr/java/packages/lib/amd64:/usr/lib64:/lib64:/lib:/usr/lib, java.vendor.url=http://java.oracle.com/, hibernate.c3p0.maxIdleTime=3600, hibernate.connection.driver_class=com.mysql.jdbc.Driver, java.vm.vendor=Oracle Corporation, hibernate.dialect=org.hibernate.dialect.MySQLDialect, java.runtime.name=Java(TM) SE Runtime Environment, sun.java.command=/home/fabio/Documentos/facu/ingweb3/repoingweb3personal/supermercadosdeltaplusModulo/target/surefire/surefirebooter6984664705451685622.jar /home/fabio/Documentos/facu/ingweb3/repoingweb3personal/supermercadosdeltaplusModulo/target/surefire/surefire8510523554199667323tmp /home/fabio/Documentos/facu/ingweb3/repoingweb3personal/supermercadosdeltaplusModulo/target/surefire/surefire_05280474483860824294tmp, java.class.path=/home/fabio/Documentos/facu/ingweb3/repoingweb3personal/supermercadosdeltaplusModulo/target/test-classes:/home/fabio/Documentos/facu/ingweb3/repoingweb3personal/supermercadosdeltaplusModulo/target/classes:/home/fabio/.m2/repository/org/hibernate/hibernate-entitymanager/4.3.1.Final/hibernate-entitymanager-4.3.1.Final.jar:/home/fabio/.m2/repository/org/jboss/logging/jboss-logging/3.3.1.Final/jboss-logging-3.3.1.Final.jar:/home/fabio/.m2/repository/org/jboss/logging/jboss-logging-annotations/1.2.0.Beta1/jboss-logging-annotations-1.2.0.Beta1.jar:/home/fabio/.m2/repository/dom4j/dom4j/1.6.1/dom4j-1.6.1.jar:/home/fabio/.m2/repository/org/hibernate/common/hibernate-commons-annotations/4.0.4.Final/hibernate-commons-annotations-4.0.4.Final.jar:/home/fabio/.m2/repository/org/jboss/spec/javax/transaction/jboss-transaction-api_1.2_spec/1.0.0.Final/jboss-transaction-api_1.2_spec-1.0.0.Final.jar:/home/fabio/.m2/repository/org/javassist/javassist/3.21.0-GA/javassist-3.21.0-GA.jar:/home/fabio/.m2/repository/junit/junit/4.12/junit-4.12.jar:/home/fabio/.m2/repository/org/hamcrest/hamcrest-core/1.3/hamcrest-core-1.3.jar:/home/fabio/.m2/repository/org/hibernate/javax/persistence/hibernate-jpa-2.1-api/1.0.0.Final/hibernate-jpa-2.1-api-1.0.0.Final.jar:/home/fabio/.m2/repository/javax/javaee-web-api/7.0/javaee-web-api-7.0.jar:/home/fabio/.m2/repository/org/springframework/boot/spring-boot-starter-web/1.5.6.RELEASE/spring-boot-starter-web-1.5.6.RELEASE.jar:/home/fabio/.m2/repository/org/springframework/boot/spring-boot-starter/1.5.6.RELEASE/spring-boot-starter-1.5.6.RELEASE.jar:/home/fabio/.m2/repository/org/springframework/boot/spring-boot/1.5.6.RELEASE/spring-boot-1.5.6.RELEASE.jar:/home/fabio/.m2/repository/org/springframework/boot/spring-boot-autoconfigure/1.5.6.RELEASE/spring-boot-autoconfigure-1.5.6.RELEASE.jar:/home/fabio/.m2/repository/org/springframework/boot/spring-boot-starter-logging/1.5.6.RELEASE/spring-boot-starter-logging-1.5.6.RELEASE.jar:/home/fabio/.m2/repository/org/slf4j/jul-to-slf4j/1.7.25/jul-to-slf4j-1.7.25.jar:/home/fabio/.m2/repository/org/slf4j/log4j-over-slf4j/1.7.25/log4j-over-slf4j-1.7.25.jar:/home/fabio/.m2/repository/org/yaml/snakeyaml/1.17/snakeyaml-1.17.jar:/home/fabio/.m2/repository/org/springframework/boot/spring-boot-starter-tomcat/1.5.6.RELEASE/spring-boot-starter-tomcat-1.5.6.RELEASE.jar:/home/fabio/.m2/repository/org/apache/tomcat/embed/tomcat-embed-core/8.5.16/tomcat-embed-core-8.5.16.jar:/home/fabio/.m2/repository/org/apache/tomcat/embed/tomcat-embed-el/8.5.16/tomcat-embed-el-8.5.16.jar:/home/fabio/.m2/repository/org/apache/tomcat/embed/tomcat-embed-websocket/8.5.16/tomcat-embed-websocket-8.5.16.jar:/home/fabio/.m2/repository/com/fasterxml/jackson/core/jackson-databind/2.8.9/jackson-databind-2.8.9.jar:/home/fabio/.m2/repository/com/fasterxml/jackson/core/jackson-annotations/2.8.0/jackson-annotations-2.8.0.jar:/home/fabio/.m2/repository/com/fasterxml/jackson/core/jackson-core/2.8.9/jackson-core-2.8.9.jar:/home/fabio/.m2/repository/org/springframework/boot/spring-boot-starter-actuator/1.5.6.RELEASE/spring-boot-starter-actuator-1.5.6.RELEASE.jar:/home/fabio/.m2/repository/org/springframework/boot/spring-boot-actuator/1.5.6.RELEASE/spring-boot-actuator-1.5.6.RELEASE.jar:/home/fabio/.m2/repository/org/aspectj/aspectjweaver/1.8.10/aspectjweaver-1.8.10.jar:/home/fabio/.m2/repository/org/springframework/spring-core/4.3.10.RELEASE/spring-core-4.3.10.RELEASE.jar:/home/fabio/.m2/repository/org/springframework/spring-context/4.3.10.RELEASE/spring-context-4.3.10.RELEASE.jar:/home/fabio/.m2/repository/org/springframework/spring-beans/4.3.10.RELEASE/spring-beans-4.3.10.RELEASE.jar:/home/fabio/.m2/repository/org/springframework/spring-expression/4.3.10.RELEASE/spring-expression-4.3.10.RELEASE.jar:/home/fabio/.m2/repository/org/springframework/spring-aspects/4.3.10.RELEASE/spring-aspects-4.3.10.RELEASE.jar:/home/fabio/.m2/repository/org/springframework/spring-webmvc/4.3.10.RELEASE/spring-webmvc-4.3.10.RELEASE.jar:/home/fabio/.m2/repository/org/springframework/spring-web/4.3.10.RELEASE/spring-web-4.3.10.RELEASE.jar:/home/fabio/.m2/repository/org/springframework/spring-oxm/4.3.10.RELEASE/spring-oxm-4.3.10.RELEASE.jar:/home/fabio/.m2/repository/org/springframework/spring-tx/4.3.10.RELEASE/spring-tx-4.3.10.RELEASE.jar:/home/fabio/.m2/repository/org/springframework/spring-aop/4.3.10.RELEASE/spring-aop-4.3.10.RELEASE.jar:/home/fabio/.m2/repository/org/springframework/spring-orm/4.3.10.RELEASE/spring-orm-4.3.10.RELEASE.jar:/home/fabio/.m2/repository/org/springframework/spring-jdbc/4.3.10.RELEASE/spring-jdbc-4.3.10.RELEASE.jar:/home/fabio/.m2/repository/org/springframework/boot/spring-boot-starter-security/1.5.6.RELEASE/spring-boot-starter-security-1.5.6.RELEASE.jar:/home/fabio/.m2/repository/org/springframework/security/spring-security-config/4.2.3.RELEASE/spring-security-config-4.2.3.RELEASE.jar:/home/fabio/.m2/repository/org/springframework/security/spring-security-core/4.2.3.RELEASE/spring-security-core-4.2.3.RELEASE.jar:/home/fabio/.m2/repository/org/springframework/security/spring-security-web/4.2.3.RELEASE/spring-security-web-4.2.3.RELEASE.jar:/home/fabio/.m2/repository/org/slf4j/slf4j-api/1.7.25/slf4j-api-1.7.25.jar:/home/fabio/.m2/repository/ch/qos/logback/logback-classic/1.1.3/logback-classic-1.1.3.jar:/home/fabio/.m2/repository/ch/qos/logback/logback-core/1.1.3/logback-core-1.1.3.jar:/home/fabio/.m2/repository/org/slf4j/jcl-over-slf4j/1.7.25/jcl-over-slf4j-1.7.25.jar:/home/fabio/.m2/repository/commons-dbutils/commons-dbutils/1.6/commons-dbutils-1.6.jar:/home/fabio/.m2/repository/org/hibernate/hibernate-core/4.3.11.Final/hibernate-core-4.3.11.Final.jar:/home/fabio/.m2/repository/antlr/antlr/2.7.7/antlr-2.7.7.jar:/home/fabio/.m2/repository/org/jboss/jandex/1.1.0.Final/jandex-1.1.0.Final.jar:/home/fabio/.m2/repository/org/hibernate/hibernate-c3p0/4.3.11.Final/hibernate-c3p0-4.3.11.Final.jar:/home/fabio/.m2/repository/com/mchange/c3p0/0.9.2.1/c3p0-0.9.2.1.jar:/home/fabio/.m2/repository/com/mchange/mchange-commons-java/0.2.3.4/mchange-commons-java-0.2.3.4.jar:/home/fabio/.m2/repository/org/hibernate/hibernate-validator/5.3.5.Final/hibernate-validator-5.3.5.Final.jar:/home/fabio/.m2/repository/com/fasterxml/classmate/1.3.3/classmate-1.3.3.jar:/home/fabio/.m2/repository/javax/validation/validation-api/1.1.0.Final/validation-api-1.1.0.Final.jar:/home/fabio/.m2/repository/org/jooq/jooq/3.9.4/jooq-3.9.4.jar:/home/fabio/.m2/repository/mysql/mysql-connector-java/5.1.43/mysql-connector-java-5.1.43.jar:, hibernate.bytecode.use_reflection_optimizer=false, java.vm.specification.name=Java Virtual Machine Specification, hibernate.c3p0.testConnectionOnCheckout=true, java.vm.specification.version=1.8, sun.cpu.endian=little, sun.os.patch.level=unknown, surefire.test.class.path=/home/fabio/Documentos/facu/ingweb3/repoingweb3personal/supermercadosdeltaplusModulo/target/test-classes:/home/fabio/Documentos/facu/ingweb3/repoingweb3personal/supermercadosdeltaplusModulo/target/classes:/home/fabio/.m2/repository/org/hibernate/hibernate-entitymanager/4.3.1.Final/hibernate-entitymanager-4.3.1.Final.jar:/home/fabio/.m2/repository/org/jboss/logging/jboss-logging/3.3.1.Final/jboss-logging-3.3.1.Final.jar:/home/fabio/.m2/repository/org/jboss/logging/jboss-logging-annotations/1.2.0.Beta1/jboss-logging-annotations-1.2.0.Beta1.jar:/home/fabio/.m2/repository/dom4j/dom4j/1.6.1/dom4j-1.6.1.jar:/home/fabio/.m2/repository/org/hibernate/common/hibernate-commons-annotations/4.0.4.Final/hibernate-commons-annotations-4.0.4.Final.jar:/home/fabio/.m2/repository/org/jboss/spec/javax/transaction/jboss-transaction-api_1.2_spec/1.0.0.Final/jboss-transaction-api_1.2_spec-1.0.0.Final.jar:/home/fabio/.m2/repository/org/javassist/javassist/3.21.0-GA/javassist-3.21.0-GA.jar:/home/fabio/.m2/repository/junit/junit/4.12/junit-4.12.jar:/home/fabio/.m2/repository/org/hamcrest/hamcrest-core/1.3/hamcrest-core-1.3.jar:/home/fabio/.m2/repository/org/hibernate/javax/persistence/hibernate-jpa-2.1-api/1.0.0.Final/hibernate-jpa-2.1-api-1.0.0.Final.jar:/home/fabio/.m2/repository/javax/javaee-web-api/7.0/javaee-web-api-7.0.jar:/home/fabio/.m2/repository/org/springframework/boot/spring-boot-starter-web/1.5.6.RELEASE/spring-boot-starter-web-1.5.6.RELEASE.jar:/home/fabio/.m2/repository/org/springframework/boot/spring-boot-starter/1.5.6.RELEASE/spring-boot-starter-1.5.6.RELEASE.jar:/home/fabio/.m2/repository/org/springframework/boot/spring-boot/1.5.6.RELEASE/spring-boot-1.5.6.RELEASE.jar:/home/fabio/.m2/repository/org/springframework/boot/spring-boot-autoconfigure/1.5.6.RELEASE/spring-boot-autoconfigure-1.5.6.RELEASE.jar:/home/fabio/.m2/repository/org/springframework/boot/spring-boot-starter-logging/1.5.6.RELEASE/spring-boot-starter-logging-1.5.6.RELEASE.jar:/home/fabio/.m2/repository/org/slf4j/jul-to-slf4j/1.7.25/jul-to-slf4j-1.7.25.jar:/home/fabio/.m2/repository/org/slf4j/log4j-over-slf4j/1.7.25/log4j-over-slf4j-1.7.25.jar:/home/fabio/.m2/repository/org/yaml/snakeyaml/1.17/snakeyaml-1.17.jar:/home/fabio/.m2/repository/org/springframework/boot/spring-boot-starter-tomcat/1.5.6.RELEASE/spring-boot-starter-tomcat-1.5.6.RELEASE.jar:/home/fabio/.m2/repository/org/apache/tomcat/embed/tomcat-embed-core/8.5.16/tomcat-embed-core-8.5.16.jar:/home/fabio/.m2/repository/org/apache/tomcat/embed/tomcat-embed-el/8.5.16/tomcat-embed-el-8.5.16.jar:/home/fabio/.m2/repository/org/apache/tomcat/embed/tomcat-embed-websocket/8.5.16/tomcat-embed-websocket-8.5.16.jar:/home/fabio/.m2/repository/com/fasterxml/jackson/core/jackson-databind/2.8.9/jackson-databind-2.8.9.jar:/home/fabio/.m2/repository/com/fasterxml/jackson/core/jackson-annotations/2.8.0/jackson-annotations-2.8.0.jar:/home/fabio/.m2/repository/com/fasterxml/jackson/core/jackson-core/2.8.9/jackson-core-2.8.9.jar:/home/fabio/.m2/repository/org/springframework/boot/spring-boot-starter-actuator/1.5.6.RELEASE/spring-boot-starter-actuator-1.5.6.RELEASE.jar:/home/fabio/.m2/repository/org/springframework/boot/spring-boot-actuator/1.5.6.RELEASE/spring-boot-actuator-1.5.6.RELEASE.jar:/home/fabio/.m2/repository/org/aspectj/aspectjweaver/1.8.10/aspectjweaver-1.8.10.jar:/home/fabio/.m2/repository/org/springframework/spring-core/4.3.10.RELEASE/spring-core-4.3.10.RELEASE.jar:/home/fabio/.m2/repository/org/springframework/spring-context/4.3.10.RELEASE/spring-context-4.3.10.RELEASE.jar:/home/fabio/.m2/repository/org/springframework/spring-beans/4.3.10.RELEASE/spring-beans-4.3.10.RELEASE.jar:/home/fabio/.m2/repository/org/springframework/spring-expression/4.3.10.RELEASE/spring-expression-4.3.10.RELEASE.jar:/home/fabio/.m2/repository/org/springframework/spring-aspects/4.3.10.RELEASE/spring-aspects-4.3.10.RELEASE.jar:/home/fabio/.m2/repository/org/springframework/spring-webmvc/4.3.10.RELEASE/spring-webmvc-4.3.10.RELEASE.jar:/home/fabio/.m2/repository/org/springframework/spring-web/4.3.10.RELEASE/spring-web-4.3.10.RELEASE.jar:/home/fabio/.m2/repository/org/springframework/spring-oxm/4.3.10.RELEASE/spring-oxm-4.3.10.RELEASE.jar:/home/fabio/.m2/repository/org/springframework/spring-tx/4.3.10.RELEASE/spring-tx-4.3.10.RELEASE.jar:/home/fabio/.m2/repository/org/springframework/spring-aop/4.3.10.RELEASE/spring-aop-4.3.10.RELEASE.jar:/home/fabio/.m2/repository/org/springframework/spring-orm/4.3.10.RELEASE/spring-orm-4.3.10.RELEASE.jar:/home/fabio/.m2/repository/org/springframework/spring-jdbc/4.3.10.RELEASE/spring-jdbc-4.3.10.RELEASE.jar:/home/fabio/.m2/repository/org/springframework/boot/spring-boot-starter-security/1.5.6.RELEASE/spring-boot-starter-security-1.5.6.RELEASE.jar:/home/fabio/.m2/repository/org/springframework/security/spring-security-config/4.2.3.RELEASE/spring-security-config-4.2.3.RELEASE.jar:/home/fabio/.m2/repository/org/springframework/security/spring-security-core/4.2.3.RELEASE/spring-security-core-4.2.3.RELEASE.jar:/home/fabio/.m2/repository/org/springframework/security/spring-security-web/4.2.3.RELEASE/spring-security-web-4.2.3.RELEASE.jar:/home/fabio/.m2/repository/org/slf4j/slf4j-api/1.7.25/slf4j-api-1.7.25.jar:/home/fabio/.m2/repository/ch/qos/logback/logback-classic/1.1.3/logback-classic-1.1.3.jar:/home/fabio/.m2/repository/ch/qos/logback/logback-core/1.1.3/logback-core-1.1.3.jar:/home/fabio/.m2/repository/org/slf4j/jcl-over-slf4j/1.7.25/jcl-over-slf4j-1.7.25.jar:/home/fabio/.m2/repository/commons-dbutils/commons-dbutils/1.6/commons-dbutils-1.6.jar:/home/fabio/.m2/repository/org/hibernate/hibernate-core/4.3.11.Final/hibernate-core-4.3.11.Final.jar:/home/fabio/.m2/repository/antlr/antlr/2.7.7/antlr-2.7.7.jar:/home/fabio/.m2/repository/org/jboss/jandex/1.1.0.Final/jandex-1.1.0.Final.jar:/home/fabio/.m2/repository/org/hibernate/hibernate-c3p0/4.3.11.Final/hibernate-c3p0-4.3.11.Final.jar:/home/fabio/.m2/repository/com/mchange/c3p0/0.9.2.1/c3p0-0.9.2.1.jar:/home/fabio/.m2/repository/com/mchange/mchange-commons-java/0.2.3.4/mchange-commons-java-0.2.3.4.jar:/home/fabio/.m2/repository/org/hibernate/hibernate-validator/5.3.5.Final/hibernate-validator-5.3.5.Final.jar:/home/fabio/.m2/repository/com/fasterxml/classmate/1.3.3/classmate-1.3.3.jar:/home/fabio/.m2/repository/javax/validation/validation-api/1.1.0.Final/validation-api-1.1.0.Final.jar:/home/fabio/.m2/repository/org/jooq/jooq/3.9.4/jooq-3.9.4.jar:/home/fabio/.m2/repository/mysql/mysql-connector-java/5.1.43/mysql-connector-java-5.1.43.jar:, java.io.tmpdir=/tmp, java.vendor.url.bug=http://bugreport.sun.com/bugreport/, os.arch=amd64, java.awt.graphicsenv=sun.awt.X11GraphicsEnvironment, java.ext.dirs=/usr/java/jdk1.8.0_144/jre/lib/ext:/usr/java/packages/lib/ext, user.dir=/home/fabio/Documentos/facu/ingweb3/repoingweb3personal/supermercadosdeltaplusModulo, hibernate.c3p0.idle_test_period=10, line.separator=
, java.vm.name=Java HotSpot(TM) 64-Bit Server VM, basedir=/home/fabio/Documentos/facu/ingweb3/repoingweb3personal/supermercadosdeltaplusModulo, hibernate.c3p0.acquire_increment=3, file.encoding=UTF-8, format_sql=true, java.specification.version=1.8, hibernate.show_sql=true, hibernate.c3p0.max_statements=10}
12:17:52.022 [main] DEBUG o.h.i.internal.IntegratorServiceImpl - Adding Integrator [org.hibernate.cfg.beanvalidation.BeanValidationIntegrator].
12:17:52.027 [main] DEBUG o.h.i.internal.IntegratorServiceImpl - Adding Integrator [org.hibernate.secure.spi.JaccIntegrator].
12:17:52.031 [main] DEBUG o.h.i.internal.IntegratorServiceImpl - Adding Integrator [org.hibernate.cache.internal.CollectionCacheInvalidator].
12:17:52.064 [main] DEBUG o.h.b.r.s.i.StrategySelectorImpl - Registering named strategy selector [org.hibernate.dialect.Dialect] : [MySQL5] -> [org.hibernate.dialect.MySQL5Dialect] (replacing [org.hibernate.dialect.MySQL5Dialect])
12:17:52.065 [main] DEBUG o.h.b.r.s.i.StrategySelectorImpl - Registering named strategy selector [org.hibernate.dialect.Dialect] : [MySQL5InnoDB] -> [org.hibernate.dialect.MySQL5InnoDBDialect] (replacing [org.hibernate.dialect.MySQL5InnoDBDialect])
12:17:52.172 [main] DEBUG o.h.service.spi.ServiceBinding - Overriding existing service binding [org.hibernate.secure.spi.JaccService]
12:17:52.174 [main] DEBUG org.hibernate.cfg.Configuration - Preparing to build session factory with filters : {}
12:17:52.194 [main] INFO  o.h.c.i.C3P0ConnectionProvider - HHH010002: C3P0 using driver: com.mysql.jdbc.Driver at URL: jdbc:mysql://localhost:3306/supermercadosdeltaplus
12:17:52.194 [main] INFO  o.h.c.i.C3P0ConnectionProvider - HHH000046: Connection properties: {user=root, password=****}
12:17:52.195 [main] INFO  o.h.c.i.C3P0ConnectionProvider - HHH000006: Autocommit mode: false
12:17:52.235 [main] WARN  o.h.c.i.C3P0ConnectionProvider - HHH010001: Both hibernate-style property 'hibernate.c3p0.timeout' and c3p0-style property 'hibernate.c3p0.maxIdleTime' have been set in Hibernate properties.  Hibernate-style property 'hibernate.c3p0.timeout' will be used and c3p0-style property 'hibernate.c3p0.maxIdleTime' will be ignored!
12:17:52.251 [main] INFO  com.mchange.v2.log.MLog - MLog clients using log4j logging.
12:17:52.424 [main] INFO  com.mchange.v2.c3p0.C3P0Registry - Initializing c3p0-0.9.2.1 [built 20-March-2013 10:47:27 +0000; debug? true; trace: 10]
12:17:52.444 [main] DEBUG c.m.v.c.m.DynamicPooledDataSourceManagerMBean - MBean: com.mchange.v2.c3p0:type=PooledDataSource,identityToken=z8kfsx9q1mn9mp41y4yien|131ef10,name=z8kfsx9q1mn9mp41y4yien|131ef10 registered.
12:17:52.467 [main] DEBUG c.m.v.c.m.DynamicPooledDataSourceManagerMBean - MBean: com.mchange.v2.c3p0:type=PooledDataSource,identityToken=z8kfsx9q1mn9mp41y4yien|131ef10,name=z8kfsx9q1mn9mp41y4yien|131ef10 unregistered, in order to be reregistered after update.
12:17:52.467 [main] DEBUG c.m.v.c.m.DynamicPooledDataSourceManagerMBean - MBean: com.mchange.v2.c3p0:type=PooledDataSource,identityToken=z8kfsx9q1mn9mp41y4yien|131ef10,name=z8kfsx9q1mn9mp41y4yien|131ef10 registered.
12:17:52.520 [main] INFO  c.m.v.c.i.AbstractPoolBackedDataSource - Initializing c3p0 pool... com.mchange.v2.c3p0.PoolBackedDataSource@442a0cbb [ connectionPoolDataSource -> com.mchange.v2.c3p0.WrapperConnectionPoolDataSource@f7e842e1 [ acquireIncrement -> 3, acquireRetryAttempts -> 30, acquireRetryDelay -> 1000, autoCommitOnClose -> false, automaticTestTable -> null, breakAfterAcquireFailure -> false, checkoutTimeout -> 0, connectionCustomizerClassName -> null, connectionTesterClassName -> com.mchange.v2.c3p0.impl.DefaultConnectionTester, debugUnreturnedConnectionStackTraces -> false, factoryClassLocation -> null, forceIgnoreUnresolvedTransactions -> false, identityToken -> z8kfsx9q1mn9mp41y4yien|279fedbd, idleConnectionTestPeriod -> 10, initialPoolSize -> 5, maxAdministrativeTaskTime -> 0, maxConnectionAge -> 0, maxIdleTime -> 3600, maxIdleTimeExcessConnections -> 0, maxPoolSize -> 75, maxStatements -> 10, maxStatementsPerConnection -> 0, minPoolSize -> 5, nestedDataSource -> com.mchange.v2.c3p0.DriverManagerDataSource@3a9031dd [ description -> null, driverClass -> null, factoryClassLocation -> null, identityToken -> z8kfsx9q1mn9mp41y4yien|55141def, jdbcUrl -> jdbc:mysql://localhost:3306/supermercadosdeltaplus, properties -> {user=******, password=******} ], preferredTestQuery -> select 1, propertyCycle -> 0, statementCacheNumDeferredCloseThreads -> 0, testConnectionOnCheckin -> false, testConnectionOnCheckout -> true, unreturnedConnectionTimeout -> 0, usesTraditionalReflectiveProxies -> false; userOverrides: {} ], dataSourceName -> null, factoryClassLocation -> null, identityToken -> z8kfsx9q1mn9mp41y4yien|131ef10, numHelperThreads -> 3 ]
12:17:52.550 [main] DEBUG c.m.v.resourcepool.BasicResourcePool - incremented pending_acquires: 1
12:17:52.551 [main] DEBUG c.m.v.resourcepool.BasicResourcePool - Starting acquisition series. Incremented pending_acquires [1],  attempts_remaining: 30
12:17:52.554 [main] DEBUG c.m.v.a.ThreadPoolAsynchronousRunner - com.mchange.v2.async.ThreadPoolAsynchronousRunner@4470f8a6: Adding task to queue -- com.mchange.v2.resourcepool.BasicResourcePool$ScatteredAcquireTask@7c83dc97
12:17:52.556 [main] DEBUG c.m.v.resourcepool.BasicResourcePool - incremented pending_acquires: 2
12:17:52.556 [main] DEBUG c.m.v.resourcepool.BasicResourcePool - Starting acquisition series. Incremented pending_acquires [2],  attempts_remaining: 30
12:17:52.556 [main] DEBUG c.m.v.a.ThreadPoolAsynchronousRunner - com.mchange.v2.async.ThreadPoolAsynchronousRunner@4470f8a6: Adding task to queue -- com.mchange.v2.resourcepool.BasicResourcePool$ScatteredAcquireTask@7748410a
12:17:52.557 [main] DEBUG c.m.v.resourcepool.BasicResourcePool - incremented pending_acquires: 3
12:17:52.557 [main] DEBUG c.m.v.resourcepool.BasicResourcePool - Starting acquisition series. Incremented pending_acquires [3],  attempts_remaining: 30
12:17:52.557 [main] DEBUG c.m.v.a.ThreadPoolAsynchronousRunner - com.mchange.v2.async.ThreadPoolAsynchronousRunner@4470f8a6: Adding task to queue -- com.mchange.v2.resourcepool.BasicResourcePool$ScatteredAcquireTask@740773a3
12:17:52.557 [main] DEBUG c.m.v.resourcepool.BasicResourcePool - incremented pending_acquires: 4
12:17:52.557 [main] DEBUG c.m.v.resourcepool.BasicResourcePool - Starting acquisition series. Incremented pending_acquires [4],  attempts_remaining: 30
12:17:52.558 [main] DEBUG c.m.v.a.ThreadPoolAsynchronousRunner - com.mchange.v2.async.ThreadPoolAsynchronousRunner@4470f8a6: Adding task to queue -- com.mchange.v2.resourcepool.BasicResourcePool$ScatteredAcquireTask@37f1104d
12:17:52.558 [main] DEBUG c.m.v.resourcepool.BasicResourcePool - incremented pending_acquires: 5
12:17:52.558 [main] DEBUG c.m.v.resourcepool.BasicResourcePool - Starting acquisition series. Incremented pending_acquires [5],  attempts_remaining: 30
12:17:52.558 [main] DEBUG c.m.v.a.ThreadPoolAsynchronousRunner - com.mchange.v2.async.ThreadPoolAsynchronousRunner@4470f8a6: Adding task to queue -- com.mchange.v2.resourcepool.BasicResourcePool$ScatteredAcquireTask@55740540
12:17:52.572 [main] DEBUG c.m.v.resourcepool.BasicResourcePool - com.mchange.v2.resourcepool.BasicResourcePool@60015ef5 config: [start -> 5; min -> 5; max -> 75; inc -> 3; num_acq_attempts -> 30; acq_attempt_delay -> 1000; check_idle_resources_delay -> 10000; mox_resource_age -> 0; max_idle_time -> 3600000; excess_max_idle_time -> 0; destroy_unreturned_resc_time -> 0; expiration_enforcement_delay -> 900000; break_on_acquisition_failure -> false; debug_store_checkout_exceptions -> false]
12:17:52.573 [main] DEBUG c.m.v.c.i.C3P0PooledConnectionPoolManager - Created new pool for auth, username (masked): 'ro******'.
12:17:52.573 [main] DEBUG c.m.v.resourcepool.BasicResourcePool - acquire test -- pool size: 0; target_pool_size: 5; desired target? 1
12:17:52.573 [main] DEBUG c.m.v.resourcepool.BasicResourcePool - awaitAvailable(): [unknown]
12:17:52.573 [main] DEBUG c.m.v.resourcepool.BasicResourcePool - trace com.mchange.v2.resourcepool.BasicResourcePool@60015ef5 [managed: 0, unused: 0, excluded: 0]
12:17:53.705 [C3P0PooledConnectionPoolManager[identityToken->z8kfsx9q1mn9mp41y4yien|131ef10]-HelperThread-#2] DEBUG c.m.v.c3p0.stmt.GooGooStatementCache - checkinAll(): com.mchange.v2.c3p0.stmt.GlobalMaxOnlyStatementCache stats -- total size: 0; checked out: 0; num connections: 0; num keys: 0
12:17:53.705 [C3P0PooledConnectionPoolManager[identityToken->z8kfsx9q1mn9mp41y4yien|131ef10]-HelperThread-#0] DEBUG c.m.v.c3p0.stmt.GooGooStatementCache - checkinAll(): com.mchange.v2.c3p0.stmt.GlobalMaxOnlyStatementCache stats -- total size: 0; checked out: 0; num connections: 0; num keys: 0
12:17:53.705 [C3P0PooledConnectionPoolManager[identityToken->z8kfsx9q1mn9mp41y4yien|131ef10]-HelperThread-#2] DEBUG c.m.v.c.i.C3P0PooledConnectionPool - com.mchange.v2.c3p0.impl.C3P0PooledConnectionPool$1PooledConnectionResourcePoolManager@1036432e.acquireResource() returning. 
12:17:53.706 [C3P0PooledConnectionPoolManager[identityToken->z8kfsx9q1mn9mp41y4yien|131ef10]-HelperThread-#0] DEBUG c.m.v.c.i.C3P0PooledConnectionPool - com.mchange.v2.c3p0.impl.C3P0PooledConnectionPool$1PooledConnectionResourcePoolManager@1036432e.acquireResource() returning. 
12:17:53.707 [C3P0PooledConnectionPoolManager[identityToken->z8kfsx9q1mn9mp41y4yien|131ef10]-HelperThread-#1] DEBUG c.m.v.c3p0.stmt.GooGooStatementCache - checkinAll(): com.mchange.v2.c3p0.stmt.GlobalMaxOnlyStatementCache stats -- total size: 0; checked out: 0; num connections: 0; num keys: 0
12:17:53.707 [C3P0PooledConnectionPoolManager[identityToken->z8kfsx9q1mn9mp41y4yien|131ef10]-HelperThread-#2] DEBUG c.m.v.resourcepool.BasicResourcePool - trace com.mchange.v2.resourcepool.BasicResourcePool@60015ef5 [managed: 1, unused: 1, excluded: 0]
12:17:53.708 [C3P0PooledConnectionPoolManager[identityToken->z8kfsx9q1mn9mp41y4yien|131ef10]-HelperThread-#1] DEBUG c.m.v.c.i.C3P0PooledConnectionPool - com.mchange.v2.c3p0.impl.C3P0PooledConnectionPool$1PooledConnectionResourcePoolManager@1036432e.acquireResource() returning. 
12:17:53.708 [C3P0PooledConnectionPoolManager[identityToken->z8kfsx9q1mn9mp41y4yien|131ef10]-HelperThread-#2] DEBUG c.m.v.resourcepool.BasicResourcePool - decremented pending_acquires: 4
12:17:53.710 [C3P0PooledConnectionPoolManager[identityToken->z8kfsx9q1mn9mp41y4yien|131ef10]-HelperThread-#2] DEBUG c.m.v.resourcepool.BasicResourcePool - Acquisition series terminated successfully. Decremented pending_acquires [4],  attempts_remaining: 30
12:17:53.711 [C3P0PooledConnectionPoolManager[identityToken->z8kfsx9q1mn9mp41y4yien|131ef10]-HelperThread-#1] DEBUG c.m.v.resourcepool.BasicResourcePool - trace com.mchange.v2.resourcepool.BasicResourcePool@60015ef5 [managed: 2, unused: 2, excluded: 0] (e.g. com.mchange.v2.c3p0.impl.NewPooledConnection@6630510f)
12:17:53.712 [C3P0PooledConnectionPoolManager[identityToken->z8kfsx9q1mn9mp41y4yien|131ef10]-HelperThread-#1] DEBUG c.m.v.resourcepool.BasicResourcePool - decremented pending_acquires: 3
12:17:53.713 [C3P0PooledConnectionPoolManager[identityToken->z8kfsx9q1mn9mp41y4yien|131ef10]-HelperThread-#1] DEBUG c.m.v.resourcepool.BasicResourcePool - Acquisition series terminated successfully. Decremented pending_acquires [3],  attempts_remaining: 30
12:17:53.713 [C3P0PooledConnectionPoolManager[identityToken->z8kfsx9q1mn9mp41y4yien|131ef10]-HelperThread-#0] DEBUG c.m.v.resourcepool.BasicResourcePool - trace com.mchange.v2.resourcepool.BasicResourcePool@60015ef5 [managed: 3, unused: 3, excluded: 0] (e.g. com.mchange.v2.c3p0.impl.NewPooledConnection@6630510f)
12:17:53.714 [C3P0PooledConnectionPoolManager[identityToken->z8kfsx9q1mn9mp41y4yien|131ef10]-HelperThread-#0] DEBUG c.m.v.resourcepool.BasicResourcePool - decremented pending_acquires: 2
12:17:53.715 [C3P0PooledConnectionPoolManager[identityToken->z8kfsx9q1mn9mp41y4yien|131ef10]-HelperThread-#0] DEBUG c.m.v.resourcepool.BasicResourcePool - Acquisition series terminated successfully. Decremented pending_acquires [2],  attempts_remaining: 30
12:17:53.715 [main] DEBUG c.m.v.c.i.C3P0PooledConnectionPool - Testing PooledConnection [com.mchange.v2.c3p0.impl.NewPooledConnection@4d3be76f] on CHECKOUT.
12:17:53.780 [main] DEBUG c.m.v.c3p0.stmt.GooGooStatementCache - checkinAll(): com.mchange.v2.c3p0.stmt.GlobalMaxOnlyStatementCache stats -- total size: 0; checked out: 0; num connections: 0; num keys: 0
12:17:53.780 [main] DEBUG c.m.v.c.i.C3P0PooledConnectionPool - Test of PooledConnection [com.mchange.v2.c3p0.impl.NewPooledConnection@4d3be76f] on CHECKOUT has SUCCEEDED.
12:17:53.780 [main] DEBUG c.m.v.resourcepool.BasicResourcePool - trace com.mchange.v2.resourcepool.BasicResourcePool@60015ef5 [managed: 3, unused: 2, excluded: 0] (e.g. com.mchange.v2.c3p0.impl.NewPooledConnection@6630510f)
12:17:53.792 [main] DEBUG o.h.e.jdbc.internal.JdbcServicesImpl - Database ->
       name : MySQL
    version : 5.7.19
      major : 5
      minor : 7
12:17:53.793 [main] DEBUG o.h.e.jdbc.internal.JdbcServicesImpl - Driver ->
       name : MySQL Connector Java
    version : mysql-connector-java-5.1.43 ( Revision: 1d14b699eff3e6112aaedb1cbe5a151ab81f98f1 )
      major : 5
      minor : 1
12:17:53.793 [main] DEBUG o.h.e.jdbc.internal.JdbcServicesImpl - JDBC version : 4.0
12:17:53.796 [main] DEBUG o.h.e.j.c.i.StandardRefCursorSupport - Unexpected error trying to gauge level of JDBC REF_CURSOR support : null
12:17:53.844 [main] INFO  org.hibernate.dialect.Dialect - HHH000400: Using dialect: org.hibernate.dialect.MySQLDialect
12:17:53.874 [C3P0PooledConnectionPoolManager[identityToken->z8kfsx9q1mn9mp41y4yien|131ef10]-HelperThread-#1] DEBUG c.m.v.c3p0.stmt.GooGooStatementCache - checkinAll(): com.mchange.v2.c3p0.stmt.GlobalMaxOnlyStatementCache stats -- total size: 0; checked out: 0; num connections: 0; num keys: 0
12:17:53.874 [C3P0PooledConnectionPoolManager[identityToken->z8kfsx9q1mn9mp41y4yien|131ef10]-HelperThread-#1] DEBUG c.m.v.c.i.C3P0PooledConnectionPool - com.mchange.v2.c3p0.impl.C3P0PooledConnectionPool$1PooledConnectionResourcePoolManager@1036432e.acquireResource() returning. 
12:17:53.874 [C3P0PooledConnectionPoolManager[identityToken->z8kfsx9q1mn9mp41y4yien|131ef10]-HelperThread-#1] DEBUG c.m.v.resourcepool.BasicResourcePool - trace com.mchange.v2.resourcepool.BasicResourcePool@60015ef5 [managed: 4, unused: 3, excluded: 0] (e.g. com.mchange.v2.c3p0.impl.NewPooledConnection@6630510f)
12:17:53.874 [C3P0PooledConnectionPoolManager[identityToken->z8kfsx9q1mn9mp41y4yien|131ef10]-HelperThread-#1] DEBUG c.m.v.resourcepool.BasicResourcePool - decremented pending_acquires: 1
12:17:53.874 [C3P0PooledConnectionPoolManager[identityToken->z8kfsx9q1mn9mp41y4yien|131ef10]-HelperThread-#1] DEBUG c.m.v.resourcepool.BasicResourcePool - Acquisition series terminated successfully. Decremented pending_acquires [1],  attempts_remaining: 30
12:17:53.903 [main] INFO  o.h.e.j.internal.LobCreatorBuilder - HHH000424: Disabling contextual LOB creation as createClob() method threw error : java.lang.reflect.InvocationTargetException
12:17:53.904 [main] DEBUG c.m.v.c3p0.stmt.GooGooStatementCache - checkinAll(): com.mchange.v2.c3p0.stmt.GlobalMaxOnlyStatementCache stats -- total size: 0; checked out: 0; num connections: 0; num keys: 0
12:17:53.912 [C3P0PooledConnectionPoolManager[identityToken->z8kfsx9q1mn9mp41y4yien|131ef10]-HelperThread-#2] DEBUG c.m.v.c3p0.stmt.GooGooStatementCache - checkinAll(): com.mchange.v2.c3p0.stmt.GlobalMaxOnlyStatementCache stats -- total size: 0; checked out: 0; num connections: 0; num keys: 0
12:17:53.913 [C3P0PooledConnectionPoolManager[identityToken->z8kfsx9q1mn9mp41y4yien|131ef10]-HelperThread-#2] DEBUG c.m.v.c.i.C3P0PooledConnectionPool - com.mchange.v2.c3p0.impl.C3P0PooledConnectionPool$1PooledConnectionResourcePoolManager@1036432e.acquireResource() returning. 
12:17:53.914 [main] DEBUG c.m.v.a.ThreadPoolAsynchronousRunner - com.mchange.v2.async.ThreadPoolAsynchronousRunner@4470f8a6: Adding task to queue -- com.mchange.v2.resourcepool.BasicResourcePool$1RefurbishCheckinResourceTask@6631f5ca
12:17:53.915 [C3P0PooledConnectionPoolManager[identityToken->z8kfsx9q1mn9mp41y4yien|131ef10]-HelperThread-#1] DEBUG c.m.v.c3p0.stmt.GooGooStatementCache - checkinAll(): com.mchange.v2.c3p0.stmt.GlobalMaxOnlyStatementCache stats -- total size: 0; checked out: 0; num connections: 0; num keys: 0
12:17:53.915 [main] DEBUG c.m.v.resourcepool.BasicResourcePool - trace com.mchange.v2.resourcepool.BasicResourcePool@60015ef5 [managed: 4, unused: 3, excluded: 0] (e.g. com.mchange.v2.c3p0.impl.NewPooledConnection@6630510f)
12:17:53.922 [main] DEBUG c.m.v2.c3p0.impl.NewProxyConnection - com.mchange.v2.c3p0.impl.NewProxyConnection@5ace1ed4: close() called more than once.
12:17:53.926 [C3P0PooledConnectionPoolManager[identityToken->z8kfsx9q1mn9mp41y4yien|131ef10]-HelperThread-#2] DEBUG c.m.v.resourcepool.BasicResourcePool - trace com.mchange.v2.resourcepool.BasicResourcePool@60015ef5 [managed: 5, unused: 5, excluded: 0] (e.g. com.mchange.v2.c3p0.impl.NewPooledConnection@6630510f)
12:17:53.926 [C3P0PooledConnectionPoolManager[identityToken->z8kfsx9q1mn9mp41y4yien|131ef10]-HelperThread-#2] DEBUG c.m.v.resourcepool.BasicResourcePool - decremented pending_acquires: 0
12:17:53.927 [C3P0PooledConnectionPoolManager[identityToken->z8kfsx9q1mn9mp41y4yien|131ef10]-HelperThread-#2] DEBUG c.m.v.resourcepool.BasicResourcePool - Acquisition series terminated successfully. Decremented pending_acquires [0],  attempts_remaining: 30
12:17:54.053 [main] DEBUG org.hibernate.cfg.Configuration - Processing hbm.xml files
12:17:54.053 [main] DEBUG org.hibernate.cfg.Configuration - Process annotated classes
12:17:54.058 [main] DEBUG org.hibernate.cfg.AnnotationBinder - Binding entity from annotated class: com.fabiocompany.supermercadosdeltaplus.model.Cabeceraticket
12:17:54.079 [main] DEBUG org.hibernate.cfg.Ejb3Column - Binding column: Ejb3DiscriminatorColumn{logicalColumnName'DTYPE', discriminatorTypeName='string'}
12:17:54.081 [main] DEBUG org.hibernate.cfg.AnnotationBinder - No value specified for 'javax.persistence.sharedCache.mode'; using UNSPECIFIED
12:17:54.086 [main] DEBUG o.h.cfg.annotations.EntityBinder - Import with entity name Cabeceraticket
12:17:54.089 [main] DEBUG o.h.cfg.annotations.EntityBinder - Bind entity com.fabiocompany.supermercadosdeltaplus.model.Cabeceraticket on table cabeceraticket
12:17:54.138 [main] DEBUG org.hibernate.cfg.Ejb3Column - Binding column: Ejb3Column{table=org.hibernate.mapping.Table(cabeceraticket), mappingColumn=idticket, insertable=true, updatable=true, unique=false}
12:17:54.145 [main] DEBUG o.h.cfg.annotations.PropertyBinder - MetadataSourceProcessor property idticket with lazy=false
12:17:54.148 [main] DEBUG o.h.cfg.AbstractPropertyHolder - Attempting to locate auto-apply AttributeConverter for property [com.fabiocompany.supermercadosdeltaplus.model.Cabeceraticket:idticket]
12:17:54.151 [main] DEBUG o.h.c.annotations.SimpleValueBinder - building SimpleValue for idticket
12:17:54.154 [main] DEBUG o.h.cfg.annotations.PropertyBinder - Building property idticket
12:17:54.163 [main] DEBUG org.hibernate.cfg.Ejb3Column - Binding column: Ejb3JoinColumn{logicalColumnName='idticket', referencedColumn='', mappedBy=''}
12:17:54.164 [main] DEBUG org.hibernate.cfg.Ejb3Column - Binding column: Ejb3Column{table=org.hibernate.mapping.Table(cabeceraticket), mappingColumn=detalletickets, insertable=true, updatable=true, unique=false}
12:17:54.166 [main] DEBUG org.hibernate.cfg.Ejb3Column - Binding column: Ejb3Column{table=org.hibernate.mapping.Table(cabeceraticket), mappingColumn=idx, insertable=true, updatable=true, unique=false}
12:17:54.179 [main] DEBUG org.hibernate.cfg.Ejb3Column - Binding column: Ejb3Column{table=org.hibernate.mapping.Table(cabeceraticket), mappingColumn=element, insertable=true, updatable=true, unique=false}
12:17:54.179 [main] DEBUG org.hibernate.cfg.Ejb3Column - Binding column: Ejb3Column{table=org.hibernate.mapping.Table(cabeceraticket), mappingColumn=detalletickets_KEY, insertable=true, updatable=true, unique=false}
12:17:54.180 [main] DEBUG org.hibernate.cfg.Ejb3Column - Binding column: Ejb3JoinColumn{logicalColumnName='detalletickets_KEY', referencedColumn='null', mappedBy='null'}
12:17:54.182 [main] DEBUG org.hibernate.cfg.Ejb3Column - Binding column: Ejb3JoinColumn{logicalColumnName='null', referencedColumn='null', mappedBy=''}
12:17:54.182 [main] DEBUG org.hibernate.cfg.Ejb3Column - Binding column: Ejb3JoinColumn{logicalColumnName='null', referencedColumn='null', mappedBy=''}
12:17:54.183 [main] DEBUG o.h.cfg.annotations.CollectionBinder - Collection role: com.fabiocompany.supermercadosdeltaplus.model.Cabeceraticket.detalletickets
12:17:54.186 [main] DEBUG o.h.cfg.annotations.PropertyBinder - Building property detalletickets
12:17:54.189 [main] DEBUG org.hibernate.cfg.Ejb3Column - Binding column: Ejb3Column{table=org.hibernate.mapping.Table(cabeceraticket), mappingColumn=fecha, insertable=true, updatable=true, unique=false}
12:17:54.189 [main] DEBUG o.h.cfg.annotations.PropertyBinder - MetadataSourceProcessor property fecha with lazy=false
12:17:54.189 [main] DEBUG o.h.cfg.AbstractPropertyHolder - Attempting to locate auto-apply AttributeConverter for property [com.fabiocompany.supermercadosdeltaplus.model.Cabeceraticket:fecha]
12:17:54.190 [main] DEBUG o.h.c.annotations.SimpleValueBinder - building SimpleValue for fecha
12:17:54.190 [main] DEBUG o.h.cfg.annotations.PropertyBinder - Building property fecha
12:17:54.190 [main] DEBUG org.hibernate.cfg.Ejb3Column - Binding column: Ejb3JoinColumn{logicalColumnName='idusuario', referencedColumn='', mappedBy=''}
12:17:54.190 [main] DEBUG org.hibernate.cfg.Ejb3Column - Binding column: Ejb3Column{table=org.hibernate.mapping.Table(cabeceraticket), mappingColumn=usuario, insertable=true, updatable=true, unique=false}
12:17:54.194 [main] DEBUG o.h.cfg.annotations.PropertyBinder - Building property usuario
12:17:54.197 [main] DEBUG org.hibernate.cfg.AnnotationBinder - Binding entity from annotated class: com.fabiocompany.supermercadosdeltaplus.model.Detalleoferta
12:17:54.198 [main] DEBUG org.hibernate.cfg.Ejb3Column - Binding column: Ejb3DiscriminatorColumn{logicalColumnName'DTYPE', discriminatorTypeName='string'}
12:17:54.198 [main] DEBUG org.hibernate.cfg.AnnotationBinder - No value specified for 'javax.persistence.sharedCache.mode'; using UNSPECIFIED
12:17:54.198 [main] DEBUG o.h.cfg.annotations.EntityBinder - Import with entity name Detalleoferta
12:17:54.198 [main] DEBUG o.h.cfg.annotations.EntityBinder - Bind entity com.fabiocompany.supermercadosdeltaplus.model.Detalleoferta on table detalleoferta
12:17:54.203 [main] DEBUG org.hibernate.cfg.Ejb3Column - Binding column: Ejb3Column{table=org.hibernate.mapping.Table(detalleoferta), mappingColumn=iddetalleoferta, insertable=true, updatable=true, unique=false}
12:17:54.204 [main] DEBUG o.h.cfg.annotations.PropertyBinder - MetadataSourceProcessor property iddetalleoferta with lazy=false
12:17:54.204 [main] DEBUG o.h.cfg.AbstractPropertyHolder - Attempting to locate auto-apply AttributeConverter for property [com.fabiocompany.supermercadosdeltaplus.model.Detalleoferta:iddetalleoferta]
12:17:54.204 [main] DEBUG o.h.c.annotations.SimpleValueBinder - building SimpleValue for iddetalleoferta
12:17:54.205 [main] DEBUG o.h.cfg.annotations.PropertyBinder - Building property iddetalleoferta
12:17:54.205 [main] DEBUG org.hibernate.cfg.Ejb3Column - Binding column: Ejb3Column{table=org.hibernate.mapping.Table(detalleoferta), mappingColumn=descripciondepromocion, insertable=true, updatable=true, unique=false}
12:17:54.205 [main] DEBUG o.h.cfg.annotations.PropertyBinder - MetadataSourceProcessor property descripciondepromocion with lazy=false
12:17:54.205 [main] DEBUG o.h.cfg.AbstractPropertyHolder - Attempting to locate auto-apply AttributeConverter for property [com.fabiocompany.supermercadosdeltaplus.model.Detalleoferta:descripciondepromocion]
12:17:54.205 [main] DEBUG o.h.c.annotations.SimpleValueBinder - building SimpleValue for descripciondepromocion
12:17:54.205 [main] DEBUG o.h.cfg.annotations.PropertyBinder - Building property descripciondepromocion
12:17:54.206 [main] DEBUG org.hibernate.cfg.Ejb3Column - Binding column: Ejb3Column{table=org.hibernate.mapping.Table(detalleoferta), mappingColumn=null, insertable=true, updatable=true, unique=false}
12:17:54.206 [main] DEBUG org.hibernate.cfg.Ejb3Column - Binding column: Ejb3Column{table=org.hibernate.mapping.Table(detalleoferta), mappingColumn=element, insertable=true, updatable=true, unique=false}
12:17:54.206 [main] DEBUG org.hibernate.cfg.Ejb3Column - Binding column: Ejb3Column{table=org.hibernate.mapping.Table(detalleoferta), mappingColumn=detalletickets_KEY, insertable=true, updatable=true, unique=false}
12:17:54.207 [main] DEBUG org.hibernate.cfg.Ejb3Column - Binding column: Ejb3JoinColumn{logicalColumnName='detalletickets_KEY', referencedColumn='null', mappedBy='null'}
12:17:54.207 [main] DEBUG org.hibernate.cfg.Ejb3Column - Binding column: Ejb3JoinColumn{logicalColumnName='null', referencedColumn='null', mappedBy='detalleofertas'}
12:17:54.207 [main] DEBUG org.hibernate.cfg.Ejb3Column - Binding column: Ejb3JoinColumn{logicalColumnName='null', referencedColumn='null', mappedBy='detalleofertas'}
12:17:54.207 [main] DEBUG o.h.cfg.annotations.CollectionBinder - Collection role: com.fabiocompany.supermercadosdeltaplus.model.Detalleoferta.detalletickets
12:17:54.207 [main] DEBUG o.h.cfg.annotations.PropertyBinder - Building property detalletickets
12:17:54.208 [main] DEBUG org.hibernate.cfg.Ejb3Column - Binding column: Ejb3Column{table=org.hibernate.mapping.Table(detalleoferta), mappingColumn=montodedescuento, insertable=true, updatable=true, unique=false}
12:17:54.208 [main] DEBUG o.h.cfg.annotations.PropertyBinder - MetadataSourceProcessor property montodedescuento with lazy=false
12:17:54.209 [main] DEBUG o.h.cfg.AbstractPropertyHolder - Attempting to locate auto-apply AttributeConverter for property [com.fabiocompany.supermercadosdeltaplus.model.Detalleoferta:montodedescuento]
12:17:54.209 [main] DEBUG o.h.c.annotations.SimpleValueBinder - building SimpleValue for montodedescuento
12:17:54.209 [main] DEBUG o.h.cfg.annotations.PropertyBinder - Building property montodedescuento
12:17:54.209 [main] DEBUG org.hibernate.cfg.AnnotationBinder - Binding entity from annotated class: com.fabiocompany.supermercadosdeltaplus.model.Detalleticket
12:17:54.209 [main] DEBUG org.hibernate.cfg.Ejb3Column - Binding column: Ejb3DiscriminatorColumn{logicalColumnName'DTYPE', discriminatorTypeName='string'}
12:17:54.209 [main] DEBUG org.hibernate.cfg.AnnotationBinder - No value specified for 'javax.persistence.sharedCache.mode'; using UNSPECIFIED
12:17:54.209 [main] DEBUG o.h.cfg.annotations.EntityBinder - Import with entity name Detalleticket
12:17:54.210 [main] DEBUG o.h.cfg.annotations.EntityBinder - Bind entity com.fabiocompany.supermercadosdeltaplus.model.Detalleticket on table detalleticket
12:17:54.218 [main] DEBUG org.hibernate.cfg.Ejb3Column - Binding column: Ejb3Column{table=org.hibernate.mapping.Table(detalleticket), mappingColumn=iddetalleticket, insertable=true, updatable=true, unique=false}
12:17:54.218 [main] DEBUG o.h.cfg.annotations.PropertyBinder - MetadataSourceProcessor property iddetalleticket with lazy=false
12:17:54.218 [main] DEBUG o.h.cfg.AbstractPropertyHolder - Attempting to locate auto-apply AttributeConverter for property [com.fabiocompany.supermercadosdeltaplus.model.Detalleticket:iddetalleticket]
12:17:54.218 [main] DEBUG o.h.c.annotations.SimpleValueBinder - building SimpleValue for iddetalleticket
12:17:54.218 [main] DEBUG o.h.cfg.annotations.PropertyBinder - Building property iddetalleticket
12:17:54.219 [main] DEBUG org.hibernate.cfg.Ejb3Column - Binding column: Ejb3JoinColumn{logicalColumnName='idticket', referencedColumn='', mappedBy=''}
12:17:54.219 [main] DEBUG org.hibernate.cfg.Ejb3Column - Binding column: Ejb3Column{table=org.hibernate.mapping.Table(detalleticket), mappingColumn=cabeceraticket, insertable=true, updatable=true, unique=false}
12:17:54.219 [main] DEBUG o.h.cfg.annotations.PropertyBinder - Building property cabeceraticket
12:17:54.219 [main] DEBUG org.hibernate.cfg.Ejb3Column - Binding column: Ejb3Column{table=org.hibernate.mapping.Table(detalleticket), mappingColumn=cantidad, insertable=true, updatable=true, unique=false}
12:17:54.220 [main] DEBUG o.h.cfg.annotations.PropertyBinder - MetadataSourceProcessor property cantidad with lazy=false
12:17:54.220 [main] DEBUG o.h.cfg.AbstractPropertyHolder - Attempting to locate auto-apply AttributeConverter for property [com.fabiocompany.supermercadosdeltaplus.model.Detalleticket:cantidad]
12:17:54.220 [main] DEBUG o.h.c.annotations.SimpleValueBinder - building SimpleValue for cantidad
12:17:54.220 [main] DEBUG o.h.cfg.annotations.PropertyBinder - Building property cantidad
12:17:54.220 [main] DEBUG org.hibernate.cfg.Ejb3Column - Binding column: Ejb3Column{table=org.hibernate.mapping.Table(detalleticket), mappingColumn=cantidadporproducto, insertable=true, updatable=true, unique=false}
12:17:54.221 [main] DEBUG o.h.cfg.annotations.PropertyBinder - MetadataSourceProcessor property cantidadporproducto with lazy=false
12:17:54.221 [main] DEBUG o.h.cfg.AbstractPropertyHolder - Attempting to locate auto-apply AttributeConverter for property [com.fabiocompany.supermercadosdeltaplus.model.Detalleticket:cantidadporproducto]
12:17:54.221 [main] DEBUG o.h.c.annotations.SimpleValueBinder - building SimpleValue for cantidadporproducto
12:17:54.221 [main] DEBUG o.h.cfg.annotations.PropertyBinder - Building property cantidadporproducto
12:17:54.221 [main] DEBUG org.hibernate.cfg.Ejb3Column - Binding column: Ejb3Column{table=org.hibernate.mapping.Table(detalleticket), mappingColumn=null, insertable=true, updatable=true, unique=false}
12:17:54.222 [main] DEBUG org.hibernate.cfg.Ejb3Column - Binding column: Ejb3Column{table=org.hibernate.mapping.Table(detalleticket), mappingColumn=element, insertable=true, updatable=true, unique=false}
12:17:54.222 [main] DEBUG org.hibernate.cfg.Ejb3Column - Binding column: Ejb3Column{table=org.hibernate.mapping.Table(detalleticket), mappingColumn=detalleofertas_KEY, insertable=true, updatable=true, unique=false}
12:17:54.222 [main] DEBUG org.hibernate.cfg.Ejb3Column - Binding column: Ejb3JoinColumn{logicalColumnName='detalleofertas_KEY', referencedColumn='null', mappedBy='null'}
12:17:54.222 [main] DEBUG org.hibernate.cfg.Ejb3Column - Binding column: Ejb3JoinColumn{logicalColumnName='iddetalleticket', referencedColumn='', mappedBy=''}
12:17:54.222 [main] DEBUG org.hibernate.cfg.Ejb3Column - Binding column: Ejb3JoinColumn{logicalColumnName='iddetalleoferta', referencedColumn='', mappedBy=''}
12:17:54.223 [main] DEBUG o.h.cfg.annotations.CollectionBinder - Collection role: com.fabiocompany.supermercadosdeltaplus.model.Detalleticket.detalleofertas
12:17:54.223 [main] DEBUG o.h.cfg.annotations.PropertyBinder - Building property detalleofertas
12:17:54.224 [main] DEBUG org.hibernate.cfg.Ejb3Column - Binding column: Ejb3Column{table=org.hibernate.mapping.Table(detalleticket), mappingColumn=montodepago, insertable=true, updatable=true, unique=false}
12:17:54.224 [main] DEBUG o.h.cfg.annotations.PropertyBinder - MetadataSourceProcessor property montodepago with lazy=false
12:17:54.224 [main] DEBUG o.h.cfg.AbstractPropertyHolder - Attempting to locate auto-apply AttributeConverter for property [com.fabiocompany.supermercadosdeltaplus.model.Detalleticket:montodepago]
12:17:54.224 [main] DEBUG o.h.c.annotations.SimpleValueBinder - building SimpleValue for montodepago
12:17:54.224 [main] DEBUG o.h.cfg.annotations.PropertyBinder - Building property montodepago
12:17:54.225 [main] DEBUG org.hibernate.cfg.Ejb3Column - Binding column: Ejb3Column{table=org.hibernate.mapping.Table(detalleticket), mappingColumn=null, insertable=true, updatable=true, unique=false}
12:17:54.225 [main] DEBUG org.hibernate.cfg.Ejb3Column - Binding column: Ejb3Column{table=org.hibernate.mapping.Table(detalleticket), mappingColumn=element, insertable=true, updatable=true, unique=false}
12:17:54.225 [main] DEBUG org.hibernate.cfg.Ejb3Column - Binding column: Ejb3Column{table=org.hibernate.mapping.Table(detalleticket), mappingColumn=productos_KEY, insertable=true, updatable=true, unique=false}
12:17:54.225 [main] DEBUG org.hibernate.cfg.Ejb3Column - Binding column: Ejb3JoinColumn{logicalColumnName='productos_KEY', referencedColumn='null', mappedBy='null'}
12:17:54.226 [main] DEBUG org.hibernate.cfg.Ejb3Column - Binding column: Ejb3JoinColumn{logicalColumnName='iddetalleticket', referencedColumn='', mappedBy=''}
12:17:54.226 [main] DEBUG org.hibernate.cfg.Ejb3Column - Binding column: Ejb3JoinColumn{logicalColumnName='idproducto', referencedColumn='', mappedBy=''}
12:17:54.226 [main] DEBUG o.h.cfg.annotations.CollectionBinder - Collection role: com.fabiocompany.supermercadosdeltaplus.model.Detalleticket.productos
12:17:54.226 [main] DEBUG o.h.cfg.annotations.PropertyBinder - Building property productos
12:17:54.226 [main] DEBUG org.hibernate.cfg.Ejb3Column - Binding column: Ejb3Column{table=org.hibernate.mapping.Table(detalleticket), mappingColumn=subtotal, insertable=true, updatable=true, unique=false}
12:17:54.226 [main] DEBUG o.h.cfg.annotations.PropertyBinder - MetadataSourceProcessor property subtotal with lazy=false
12:17:54.227 [main] DEBUG o.h.cfg.AbstractPropertyHolder - Attempting to locate auto-apply AttributeConverter for property [com.fabiocompany.supermercadosdeltaplus.model.Detalleticket:subtotal]
12:17:54.227 [main] DEBUG o.h.c.annotations.SimpleValueBinder - building SimpleValue for subtotal
12:17:54.227 [main] DEBUG o.h.cfg.annotations.PropertyBinder - Building property subtotal
12:17:54.227 [main] DEBUG org.hibernate.cfg.Ejb3Column - Binding column: Ejb3JoinColumn{logicalColumnName='idtipodepago', referencedColumn='', mappedBy=''}
12:17:54.227 [main] DEBUG org.hibernate.cfg.Ejb3Column - Binding column: Ejb3Column{table=org.hibernate.mapping.Table(detalleticket), mappingColumn=tipodepago, insertable=true, updatable=true, unique=false}
12:17:54.228 [main] DEBUG o.h.cfg.annotations.PropertyBinder - Building property tipodepago
12:17:54.228 [main] DEBUG org.hibernate.cfg.Ejb3Column - Binding column: Ejb3Column{table=org.hibernate.mapping.Table(detalleticket), mappingColumn=total, insertable=true, updatable=true, unique=false}
12:17:54.228 [main] DEBUG o.h.cfg.annotations.PropertyBinder - MetadataSourceProcessor property total with lazy=false
12:17:54.228 [main] DEBUG o.h.cfg.AbstractPropertyHolder - Attempting to locate auto-apply AttributeConverter for property [com.fabiocompany.supermercadosdeltaplus.model.Detalleticket:total]
12:17:54.228 [main] DEBUG o.h.c.annotations.SimpleValueBinder - building SimpleValue for total
12:17:54.228 [main] DEBUG o.h.cfg.annotations.PropertyBinder - Building property total
12:17:54.229 [main] DEBUG org.hibernate.cfg.AnnotationBinder - Binding entity from annotated class: com.fabiocompany.supermercadosdeltaplus.model.Personausuario
12:17:54.229 [main] DEBUG org.hibernate.cfg.Ejb3Column - Binding column: Ejb3DiscriminatorColumn{logicalColumnName'DTYPE', discriminatorTypeName='string'}
12:17:54.229 [main] DEBUG org.hibernate.cfg.AnnotationBinder - No value specified for 'javax.persistence.sharedCache.mode'; using UNSPECIFIED
12:17:54.229 [main] DEBUG o.h.cfg.annotations.EntityBinder - Import with entity name Personausuario
12:17:54.229 [main] DEBUG o.h.cfg.annotations.EntityBinder - Bind entity com.fabiocompany.supermercadosdeltaplus.model.Personausuario on table personausuario
12:17:54.232 [main] DEBUG org.hibernate.cfg.Ejb3Column - Binding column: Ejb3Column{table=org.hibernate.mapping.Table(personausuario), mappingColumn=idpersonausuario, insertable=true, updatable=true, unique=false}
12:17:54.233 [main] DEBUG o.h.cfg.annotations.PropertyBinder - MetadataSourceProcessor property idpersonausuario with lazy=false
12:17:54.233 [main] DEBUG o.h.cfg.AbstractPropertyHolder - Attempting to locate auto-apply AttributeConverter for property [com.fabiocompany.supermercadosdeltaplus.model.Personausuario:idpersonausuario]
12:17:54.233 [main] DEBUG o.h.c.annotations.SimpleValueBinder - building SimpleValue for idpersonausuario
12:17:54.233 [main] DEBUG o.h.cfg.annotations.PropertyBinder - Building property idpersonausuario
12:17:54.233 [main] DEBUG org.hibernate.cfg.Ejb3Column - Binding column: Ejb3Column{table=org.hibernate.mapping.Table(personausuario), mappingColumn=correo, insertable=true, updatable=true, unique=false}
12:17:54.234 [main] DEBUG o.h.cfg.annotations.PropertyBinder - MetadataSourceProcessor property correo with lazy=false
12:17:54.234 [main] DEBUG o.h.cfg.AbstractPropertyHolder - Attempting to locate auto-apply AttributeConverter for property [com.fabiocompany.supermercadosdeltaplus.model.Personausuario:correo]
12:17:54.234 [main] DEBUG o.h.c.annotations.SimpleValueBinder - building SimpleValue for correo
12:17:54.234 [main] DEBUG o.h.cfg.annotations.PropertyBinder - Building property correo
12:17:54.234 [main] DEBUG org.hibernate.cfg.Ejb3Column - Binding column: Ejb3Column{table=org.hibernate.mapping.Table(personausuario), mappingColumn=dnipersonausuario, insertable=true, updatable=true, unique=false}
12:17:54.234 [main] DEBUG o.h.cfg.annotations.PropertyBinder - MetadataSourceProcessor property dnipersonausuario with lazy=false
12:17:54.235 [main] DEBUG o.h.cfg.AbstractPropertyHolder - Attempting to locate auto-apply AttributeConverter for property [com.fabiocompany.supermercadosdeltaplus.model.Personausuario:dnipersonausuario]
12:17:54.235 [main] DEBUG o.h.c.annotations.SimpleValueBinder - building SimpleValue for dnipersonausuario
12:17:54.235 [main] DEBUG o.h.cfg.annotations.PropertyBinder - Building property dnipersonausuario
12:17:54.235 [main] DEBUG org.hibernate.cfg.Ejb3Column - Binding column: Ejb3Column{table=org.hibernate.mapping.Table(personausuario), mappingColumn=nombrepersonausuario, insertable=true, updatable=true, unique=false}
12:17:54.235 [main] DEBUG o.h.cfg.annotations.PropertyBinder - MetadataSourceProcessor property nombrepersonausuario with lazy=false
12:17:54.235 [main] DEBUG o.h.cfg.AbstractPropertyHolder - Attempting to locate auto-apply AttributeConverter for property [com.fabiocompany.supermercadosdeltaplus.model.Personausuario:nombrepersonausuario]
12:17:54.236 [main] DEBUG o.h.c.annotations.SimpleValueBinder - building SimpleValue for nombrepersonausuario
12:17:54.236 [main] DEBUG o.h.cfg.annotations.PropertyBinder - Building property nombrepersonausuario
12:17:54.236 [main] DEBUG org.hibernate.cfg.Ejb3Column - Binding column: Ejb3Column{table=org.hibernate.mapping.Table(personausuario), mappingColumn=numerodetelefono, insertable=true, updatable=true, unique=false}
12:17:54.236 [main] DEBUG o.h.cfg.annotations.PropertyBinder - MetadataSourceProcessor property numerodetelefono with lazy=false
12:17:54.236 [main] DEBUG o.h.cfg.AbstractPropertyHolder - Attempting to locate auto-apply AttributeConverter for property [com.fabiocompany.supermercadosdeltaplus.model.Personausuario:numerodetelefono]
12:17:54.236 [main] DEBUG o.h.c.annotations.SimpleValueBinder - building SimpleValue for numerodetelefono
12:17:54.236 [main] DEBUG o.h.cfg.annotations.PropertyBinder - Building property numerodetelefono
12:17:54.237 [main] DEBUG org.hibernate.cfg.AnnotationBinder - Binding entity from annotated class: com.fabiocompany.supermercadosdeltaplus.model.Producto
12:17:54.237 [main] DEBUG org.hibernate.cfg.Ejb3Column - Binding column: Ejb3DiscriminatorColumn{logicalColumnName'DTYPE', discriminatorTypeName='string'}
12:17:54.237 [main] DEBUG org.hibernate.cfg.AnnotationBinder - No value specified for 'javax.persistence.sharedCache.mode'; using UNSPECIFIED
12:17:54.237 [main] DEBUG o.h.cfg.annotations.EntityBinder - Import with entity name Producto
12:17:54.237 [main] DEBUG o.h.cfg.annotations.EntityBinder - Bind entity com.fabiocompany.supermercadosdeltaplus.model.Producto on table producto
12:17:54.240 [main] DEBUG org.hibernate.cfg.Ejb3Column - Binding column: Ejb3Column{table=org.hibernate.mapping.Table(producto), mappingColumn=idproducto, insertable=true, updatable=true, unique=false}
12:17:54.240 [main] DEBUG o.h.cfg.annotations.PropertyBinder - MetadataSourceProcessor property idproducto with lazy=false
12:17:54.240 [main] DEBUG o.h.cfg.AbstractPropertyHolder - Attempting to locate auto-apply AttributeConverter for property [com.fabiocompany.supermercadosdeltaplus.model.Producto:idproducto]
12:17:54.240 [main] DEBUG o.h.c.annotations.SimpleValueBinder - building SimpleValue for idproducto
12:17:54.240 [main] DEBUG o.h.cfg.annotations.PropertyBinder - Building property idproducto
12:17:54.241 [main] DEBUG org.hibernate.cfg.Ejb3Column - Binding column: Ejb3Column{table=org.hibernate.mapping.Table(producto), mappingColumn=descripcion, insertable=true, updatable=true, unique=false}
12:17:54.241 [main] DEBUG o.h.cfg.annotations.PropertyBinder - MetadataSourceProcessor property descripcion with lazy=false
12:17:54.241 [main] DEBUG o.h.cfg.AbstractPropertyHolder - Attempting to locate auto-apply AttributeConverter for property [com.fabiocompany.supermercadosdeltaplus.model.Producto:descripcion]
12:17:54.241 [main] DEBUG o.h.c.annotations.SimpleValueBinder - building SimpleValue for descripcion
12:17:54.241 [main] DEBUG o.h.cfg.annotations.PropertyBinder - Building property descripcion
12:17:54.242 [main] DEBUG org.hibernate.cfg.Ejb3Column - Binding column: Ejb3Column{table=org.hibernate.mapping.Table(producto), mappingColumn=null, insertable=true, updatable=true, unique=false}
12:17:54.242 [main] DEBUG org.hibernate.cfg.Ejb3Column - Binding column: Ejb3Column{table=org.hibernate.mapping.Table(producto), mappingColumn=element, insertable=true, updatable=true, unique=false}
12:17:54.242 [main] DEBUG org.hibernate.cfg.Ejb3Column - Binding column: Ejb3Column{table=org.hibernate.mapping.Table(producto), mappingColumn=detalletickets_KEY, insertable=true, updatable=true, unique=false}
12:17:54.242 [main] DEBUG org.hibernate.cfg.Ejb3Column - Binding column: Ejb3JoinColumn{logicalColumnName='detalletickets_KEY', referencedColumn='null', mappedBy='null'}
12:17:54.243 [main] DEBUG org.hibernate.cfg.Ejb3Column - Binding column: Ejb3JoinColumn{logicalColumnName='null', referencedColumn='null', mappedBy='productos'}
12:17:54.243 [main] DEBUG org.hibernate.cfg.Ejb3Column - Binding column: Ejb3JoinColumn{logicalColumnName='null', referencedColumn='null', mappedBy='productos'}
12:17:54.243 [main] DEBUG o.h.cfg.annotations.CollectionBinder - Collection role: com.fabiocompany.supermercadosdeltaplus.model.Producto.detalletickets
12:17:54.243 [main] DEBUG o.h.cfg.annotations.PropertyBinder - Building property detalletickets
12:17:54.243 [main] DEBUG org.hibernate.cfg.Ejb3Column - Binding column: Ejb3Column{table=org.hibernate.mapping.Table(producto), mappingColumn=precio, insertable=true, updatable=true, unique=false}
12:17:54.244 [main] DEBUG o.h.cfg.annotations.PropertyBinder - MetadataSourceProcessor property precio with lazy=false
12:17:54.244 [main] DEBUG o.h.cfg.AbstractPropertyHolder - Attempting to locate auto-apply AttributeConverter for property [com.fabiocompany.supermercadosdeltaplus.model.Producto:precio]
12:17:54.244 [main] DEBUG o.h.c.annotations.SimpleValueBinder - building SimpleValue for precio
12:17:54.244 [main] DEBUG o.h.cfg.annotations.PropertyBinder - Building property precio
12:17:54.244 [main] DEBUG org.hibernate.cfg.AnnotationBinder - Binding entity from annotated class: com.fabiocompany.supermercadosdeltaplus.model.Tarjeta
12:17:54.244 [main] DEBUG org.hibernate.cfg.Ejb3Column - Binding column: Ejb3DiscriminatorColumn{logicalColumnName'DTYPE', discriminatorTypeName='string'}
12:17:54.244 [main] DEBUG org.hibernate.cfg.AnnotationBinder - No value specified for 'javax.persistence.sharedCache.mode'; using UNSPECIFIED
12:17:54.245 [main] DEBUG o.h.cfg.annotations.EntityBinder - Import with entity name Tarjeta
12:17:54.245 [main] DEBUG o.h.cfg.annotations.EntityBinder - Bind entity com.fabiocompany.supermercadosdeltaplus.model.Tarjeta on table tarjeta
12:17:54.247 [main] DEBUG org.hibernate.cfg.Ejb3Column - Binding column: Ejb3Column{table=org.hibernate.mapping.Table(tarjeta), mappingColumn=idtarjeta, insertable=true, updatable=true, unique=false}
12:17:54.247 [main] DEBUG o.h.cfg.annotations.PropertyBinder - MetadataSourceProcessor property idtarjeta with lazy=false
12:17:54.248 [main] DEBUG o.h.cfg.AbstractPropertyHolder - Attempting to locate auto-apply AttributeConverter for property [com.fabiocompany.supermercadosdeltaplus.model.Tarjeta:idtarjeta]
12:17:54.248 [main] DEBUG o.h.c.annotations.SimpleValueBinder - building SimpleValue for idtarjeta
12:17:54.248 [main] DEBUG o.h.cfg.annotations.PropertyBinder - Building property idtarjeta
12:17:54.248 [main] DEBUG org.hibernate.cfg.Ejb3Column - Binding column: Ejb3Column{table=org.hibernate.mapping.Table(tarjeta), mappingColumn=nombretarjeta, insertable=true, updatable=true, unique=false}
12:17:54.248 [main] DEBUG o.h.cfg.annotations.PropertyBinder - MetadataSourceProcessor property nombretarjeta with lazy=false
12:17:54.249 [main] DEBUG o.h.cfg.AbstractPropertyHolder - Attempting to locate auto-apply AttributeConverter for property [com.fabiocompany.supermercadosdeltaplus.model.Tarjeta:nombretarjeta]
12:17:54.249 [main] DEBUG o.h.c.annotations.SimpleValueBinder - building SimpleValue for nombretarjeta
12:17:54.249 [main] DEBUG o.h.cfg.annotations.PropertyBinder - Building property nombretarjeta
12:17:54.249 [main] DEBUG org.hibernate.cfg.Ejb3Column - Binding column: Ejb3Column{table=org.hibernate.mapping.Table(tarjeta), mappingColumn=numtarjeta, insertable=true, updatable=true, unique=false}
12:17:54.249 [main] DEBUG o.h.cfg.annotations.PropertyBinder - MetadataSourceProcessor property numtarjeta with lazy=false
12:17:54.249 [main] DEBUG o.h.cfg.AbstractPropertyHolder - Attempting to locate auto-apply AttributeConverter for property [com.fabiocompany.supermercadosdeltaplus.model.Tarjeta:numtarjeta]
12:17:54.250 [main] DEBUG o.h.c.annotations.SimpleValueBinder - building SimpleValue for numtarjeta
12:17:54.250 [main] DEBUG o.h.cfg.annotations.PropertyBinder - Building property numtarjeta
12:17:54.250 [main] DEBUG org.hibernate.cfg.Ejb3Column - Binding column: Ejb3JoinColumn{logicalColumnName='idtipodepago', referencedColumn='', mappedBy=''}
12:17:54.250 [main] DEBUG org.hibernate.cfg.Ejb3Column - Binding column: Ejb3Column{table=org.hibernate.mapping.Table(tarjeta), mappingColumn=tipodepago, insertable=true, updatable=true, unique=false}
12:17:54.250 [main] DEBUG o.h.cfg.annotations.PropertyBinder - Building property tipodepago
12:17:54.251 [main] DEBUG org.hibernate.cfg.AnnotationBinder - Binding entity from annotated class: com.fabiocompany.supermercadosdeltaplus.model.Tipodepago
12:17:54.251 [main] DEBUG org.hibernate.cfg.Ejb3Column - Binding column: Ejb3DiscriminatorColumn{logicalColumnName'DTYPE', discriminatorTypeName='string'}
12:17:54.251 [main] DEBUG org.hibernate.cfg.AnnotationBinder - No value specified for 'javax.persistence.sharedCache.mode'; using UNSPECIFIED
12:17:54.251 [main] DEBUG o.h.cfg.annotations.EntityBinder - Import with entity name Tipodepago
12:17:54.251 [main] DEBUG o.h.cfg.annotations.EntityBinder - Bind entity com.fabiocompany.supermercadosdeltaplus.model.Tipodepago on table tipodepago
12:17:54.254 [main] DEBUG org.hibernate.cfg.Ejb3Column - Binding column: Ejb3Column{table=org.hibernate.mapping.Table(tipodepago), mappingColumn=idtipodepago, insertable=true, updatable=true, unique=false}
12:17:54.255 [main] DEBUG o.h.cfg.annotations.PropertyBinder - MetadataSourceProcessor property idtipodepago with lazy=false
12:17:54.255 [main] DEBUG o.h.cfg.AbstractPropertyHolder - Attempting to locate auto-apply AttributeConverter for property [com.fabiocompany.supermercadosdeltaplus.model.Tipodepago:idtipodepago]
12:17:54.255 [main] DEBUG o.h.c.annotations.SimpleValueBinder - building SimpleValue for idtipodepago
12:17:54.255 [main] DEBUG o.h.cfg.annotations.PropertyBinder - Building property idtipodepago
12:17:54.256 [main] DEBUG org.hibernate.cfg.Ejb3Column - Binding column: Ejb3Column{table=org.hibernate.mapping.Table(tipodepago), mappingColumn=descripciontipodepago, insertable=true, updatable=true, unique=false}
12:17:54.256 [main] DEBUG o.h.cfg.annotations.PropertyBinder - MetadataSourceProcessor property descripciontipodepago with lazy=false
12:17:54.256 [main] DEBUG o.h.cfg.AbstractPropertyHolder - Attempting to locate auto-apply AttributeConverter for property [com.fabiocompany.supermercadosdeltaplus.model.Tipodepago:descripciontipodepago]
12:17:54.256 [main] DEBUG o.h.c.annotations.SimpleValueBinder - building SimpleValue for descripciontipodepago
12:17:54.256 [main] DEBUG o.h.cfg.annotations.PropertyBinder - Building property descripciontipodepago
12:17:54.256 [main] DEBUG org.hibernate.cfg.Ejb3Column - Binding column: Ejb3JoinColumn{logicalColumnName='idtipodepago', referencedColumn='', mappedBy=''}
12:17:54.257 [main] DEBUG org.hibernate.cfg.Ejb3Column - Binding column: Ejb3Column{table=org.hibernate.mapping.Table(tipodepago), mappingColumn=detalletickets, insertable=true, updatable=true, unique=false}
12:17:54.257 [main] DEBUG org.hibernate.cfg.Ejb3Column - Binding column: Ejb3Column{table=org.hibernate.mapping.Table(tipodepago), mappingColumn=idx, insertable=true, updatable=true, unique=false}
12:17:54.257 [main] DEBUG org.hibernate.cfg.Ejb3Column - Binding column: Ejb3Column{table=org.hibernate.mapping.Table(tipodepago), mappingColumn=element, insertable=true, updatable=true, unique=false}
12:17:54.257 [main] DEBUG org.hibernate.cfg.Ejb3Column - Binding column: Ejb3Column{table=org.hibernate.mapping.Table(tipodepago), mappingColumn=detalletickets_KEY, insertable=true, updatable=true, unique=false}
12:17:54.257 [main] DEBUG org.hibernate.cfg.Ejb3Column - Binding column: Ejb3JoinColumn{logicalColumnName='detalletickets_KEY', referencedColumn='null', mappedBy='null'}
12:17:54.257 [main] DEBUG org.hibernate.cfg.Ejb3Column - Binding column: Ejb3JoinColumn{logicalColumnName='null', referencedColumn='null', mappedBy=''}
12:17:54.258 [main] DEBUG org.hibernate.cfg.Ejb3Column - Binding column: Ejb3JoinColumn{logicalColumnName='null', referencedColumn='null', mappedBy=''}
12:17:54.258 [main] DEBUG o.h.cfg.annotations.CollectionBinder - Collection role: com.fabiocompany.supermercadosdeltaplus.model.Tipodepago.detalletickets
12:17:54.258 [main] DEBUG o.h.cfg.annotations.PropertyBinder - Building property detalletickets
12:17:54.258 [main] DEBUG org.hibernate.cfg.Ejb3Column - Binding column: Ejb3JoinColumn{logicalColumnName='idtipodepago', referencedColumn='', mappedBy=''}
12:17:54.258 [main] DEBUG org.hibernate.cfg.Ejb3Column - Binding column: Ejb3Column{table=org.hibernate.mapping.Table(tipodepago), mappingColumn=tarjetas, insertable=true, updatable=true, unique=false}
12:17:54.259 [main] DEBUG org.hibernate.cfg.Ejb3Column - Binding column: Ejb3Column{table=org.hibernate.mapping.Table(tipodepago), mappingColumn=idx, insertable=true, updatable=true, unique=false}
12:17:54.259 [main] DEBUG org.hibernate.cfg.Ejb3Column - Binding column: Ejb3Column{table=org.hibernate.mapping.Table(tipodepago), mappingColumn=element, insertable=true, updatable=true, unique=false}
12:17:54.259 [main] DEBUG org.hibernate.cfg.Ejb3Column - Binding column: Ejb3Column{table=org.hibernate.mapping.Table(tipodepago), mappingColumn=tarjetas_KEY, insertable=true, updatable=true, unique=false}
12:17:54.259 [main] DEBUG org.hibernate.cfg.Ejb3Column - Binding column: Ejb3JoinColumn{logicalColumnName='tarjetas_KEY', referencedColumn='null', mappedBy='null'}
12:17:54.259 [main] DEBUG org.hibernate.cfg.Ejb3Column - Binding column: Ejb3JoinColumn{logicalColumnName='null', referencedColumn='null', mappedBy=''}
12:17:54.259 [main] DEBUG org.hibernate.cfg.Ejb3Column - Binding column: Ejb3JoinColumn{logicalColumnName='null', referencedColumn='null', mappedBy=''}
12:17:54.260 [main] DEBUG o.h.cfg.annotations.CollectionBinder - Collection role: com.fabiocompany.supermercadosdeltaplus.model.Tipodepago.tarjetas
12:17:54.260 [main] DEBUG o.h.cfg.annotations.PropertyBinder - Building property tarjetas
12:17:54.260 [main] DEBUG org.hibernate.cfg.AnnotationBinder - Binding entity from annotated class: com.fabiocompany.supermercadosdeltaplus.model.Usuario
12:17:54.260 [main] DEBUG org.hibernate.cfg.Ejb3Column - Binding column: Ejb3DiscriminatorColumn{logicalColumnName'DTYPE', discriminatorTypeName='string'}
12:17:54.260 [main] DEBUG org.hibernate.cfg.AnnotationBinder - No value specified for 'javax.persistence.sharedCache.mode'; using UNSPECIFIED
12:17:54.260 [main] DEBUG o.h.cfg.annotations.EntityBinder - Import with entity name Usuario
12:17:54.261 [main] DEBUG o.h.cfg.annotations.EntityBinder - Bind entity com.fabiocompany.supermercadosdeltaplus.model.Usuario on table usuario
12:17:54.269 [main] DEBUG org.hibernate.cfg.Ejb3Column - Binding column: Ejb3Column{table=org.hibernate.mapping.Table(usuario), mappingColumn=idusuario, insertable=true, updatable=true, unique=false}
12:17:54.269 [main] DEBUG o.h.cfg.annotations.PropertyBinder - MetadataSourceProcessor property idusuario with lazy=false
12:17:54.269 [main] DEBUG o.h.cfg.AbstractPropertyHolder - Attempting to locate auto-apply AttributeConverter for property [com.fabiocompany.supermercadosdeltaplus.model.Usuario:idusuario]
12:17:54.269 [main] DEBUG o.h.c.annotations.SimpleValueBinder - building SimpleValue for idusuario
12:17:54.269 [main] DEBUG o.h.cfg.annotations.PropertyBinder - Building property idusuario
12:17:54.270 [main] DEBUG org.hibernate.cfg.Ejb3Column - Binding column: Ejb3JoinColumn{logicalColumnName='idusuario', referencedColumn='', mappedBy=''}
12:17:54.270 [main] DEBUG org.hibernate.cfg.Ejb3Column - Binding column: Ejb3Column{table=org.hibernate.mapping.Table(usuario), mappingColumn=cabeceratickets, insertable=true, updatable=true, unique=false}
12:17:54.270 [main] DEBUG org.hibernate.cfg.Ejb3Column - Binding column: Ejb3Column{table=org.hibernate.mapping.Table(usuario), mappingColumn=idx, insertable=true, updatable=true, unique=false}
12:17:54.270 [main] DEBUG org.hibernate.cfg.Ejb3Column - Binding column: Ejb3Column{table=org.hibernate.mapping.Table(usuario), mappingColumn=element, insertable=true, updatable=true, unique=false}
12:17:54.271 [main] DEBUG org.hibernate.cfg.Ejb3Column - Binding column: Ejb3Column{table=org.hibernate.mapping.Table(usuario), mappingColumn=cabeceratickets_KEY, insertable=true, updatable=true, unique=false}
12:17:54.271 [main] DEBUG org.hibernate.cfg.Ejb3Column - Binding column: Ejb3JoinColumn{logicalColumnName='cabeceratickets_KEY', referencedColumn='null', mappedBy='null'}
12:17:54.271 [main] DEBUG org.hibernate.cfg.Ejb3Column - Binding column: Ejb3JoinColumn{logicalColumnName='null', referencedColumn='null', mappedBy=''}
12:17:54.271 [main] DEBUG org.hibernate.cfg.Ejb3Column - Binding column: Ejb3JoinColumn{logicalColumnName='null', referencedColumn='null', mappedBy=''}
12:17:54.271 [main] DEBUG o.h.cfg.annotations.CollectionBinder - Collection role: com.fabiocompany.supermercadosdeltaplus.model.Usuario.cabeceratickets
12:17:54.274 [main] DEBUG o.h.cfg.annotations.PropertyBinder - Building property cabeceratickets
12:17:54.274 [main] DEBUG org.hibernate.cfg.Ejb3Column - Binding column: Ejb3Column{table=org.hibernate.mapping.Table(usuario), mappingColumn=contraseniausuario, insertable=true, updatable=true, unique=false}
12:17:54.274 [main] DEBUG o.h.cfg.annotations.PropertyBinder - MetadataSourceProcessor property contraseniausuario with lazy=false
12:17:54.274 [main] DEBUG o.h.cfg.AbstractPropertyHolder - Attempting to locate auto-apply AttributeConverter for property [com.fabiocompany.supermercadosdeltaplus.model.Usuario:contraseniausuario]
12:17:54.275 [main] DEBUG o.h.c.annotations.SimpleValueBinder - building SimpleValue for contraseniausuario
12:17:54.275 [main] DEBUG o.h.cfg.annotations.PropertyBinder - Building property contraseniausuario
12:17:54.275 [main] DEBUG org.hibernate.cfg.Ejb3Column - Binding column: Ejb3Column{table=org.hibernate.mapping.Table(usuario), mappingColumn=nombreusuario, insertable=true, updatable=true, unique=false}
12:17:54.275 [main] DEBUG o.h.cfg.annotations.PropertyBinder - MetadataSourceProcessor property nombreusuario with lazy=false
12:17:54.275 [main] DEBUG o.h.cfg.AbstractPropertyHolder - Attempting to locate auto-apply AttributeConverter for property [com.fabiocompany.supermercadosdeltaplus.model.Usuario:nombreusuario]
12:17:54.275 [main] DEBUG o.h.c.annotations.SimpleValueBinder - building SimpleValue for nombreusuario
12:17:54.276 [main] DEBUG o.h.cfg.annotations.PropertyBinder - Building property nombreusuario
12:17:54.276 [main] DEBUG org.hibernate.cfg.Ejb3Column - Binding column: Ejb3JoinColumn{logicalColumnName='null', referencedColumn='null', mappedBy=''}
12:17:54.276 [main] DEBUG org.hibernate.cfg.Ejb3Column - Binding column: Ejb3Column{table=org.hibernate.mapping.Table(usuario), mappingColumn=personausuario, insertable=true, updatable=true, unique=false}
12:17:54.279 [main] DEBUG org.hibernate.cfg.Ejb3Column - Binding column: Ejb3Column{table=org.hibernate.mapping.Table(usuario), mappingColumn=tipodeusuario, insertable=true, updatable=true, unique=false}
12:17:54.280 [main] DEBUG o.h.cfg.annotations.PropertyBinder - MetadataSourceProcessor property tipodeusuario with lazy=false
12:17:54.280 [main] DEBUG o.h.cfg.AbstractPropertyHolder - Attempting to locate auto-apply AttributeConverter for property [com.fabiocompany.supermercadosdeltaplus.model.Usuario:tipodeusuario]
12:17:54.280 [main] DEBUG o.h.c.annotations.SimpleValueBinder - building SimpleValue for tipodeusuario
12:17:54.280 [main] DEBUG o.h.cfg.annotations.PropertyBinder - Building property tipodeusuario
12:17:54.281 [main] DEBUG o.h.c.annotations.SimpleValueBinder - Starting fillSimpleValue for idticket
12:17:54.282 [main] DEBUG o.h.c.annotations.SimpleValueBinder - Starting fillSimpleValue for fecha
12:17:54.282 [main] DEBUG o.h.c.annotations.SimpleValueBinder - Starting fillSimpleValue for iddetalleoferta
12:17:54.282 [main] DEBUG o.h.c.annotations.SimpleValueBinder - Starting fillSimpleValue for descripciondepromocion
12:17:54.282 [main] DEBUG o.h.c.annotations.SimpleValueBinder - Starting fillSimpleValue for montodedescuento
12:17:54.282 [main] DEBUG o.h.c.annotations.SimpleValueBinder - Starting fillSimpleValue for iddetalleticket
12:17:54.282 [main] DEBUG o.h.c.annotations.SimpleValueBinder - Starting fillSimpleValue for cantidad
12:17:54.282 [main] DEBUG o.h.c.annotations.SimpleValueBinder - Starting fillSimpleValue for cantidadporproducto
12:17:54.282 [main] DEBUG o.h.c.annotations.SimpleValueBinder - Starting fillSimpleValue for montodepago
12:17:54.282 [main] DEBUG o.h.c.annotations.SimpleValueBinder - Starting fillSimpleValue for subtotal
12:17:54.283 [main] DEBUG o.h.c.annotations.SimpleValueBinder - Starting fillSimpleValue for total
12:17:54.283 [main] DEBUG o.h.c.annotations.SimpleValueBinder - Starting fillSimpleValue for idpersonausuario
12:17:54.283 [main] DEBUG o.h.c.annotations.SimpleValueBinder - Starting fillSimpleValue for correo
12:17:54.283 [main] DEBUG o.h.c.annotations.SimpleValueBinder - Starting fillSimpleValue for dnipersonausuario
12:17:54.283 [main] DEBUG o.h.c.annotations.SimpleValueBinder - Starting fillSimpleValue for nombrepersonausuario
12:17:54.283 [main] DEBUG o.h.c.annotations.SimpleValueBinder - Starting fillSimpleValue for numerodetelefono
12:17:54.293 [main] DEBUG o.h.c.annotations.SimpleValueBinder - Starting fillSimpleValue for idproducto
12:17:54.293 [main] DEBUG o.h.c.annotations.SimpleValueBinder - Starting fillSimpleValue for descripcion
12:17:54.293 [main] DEBUG o.h.c.annotations.SimpleValueBinder - Starting fillSimpleValue for precio
12:17:54.294 [main] DEBUG o.h.c.annotations.SimpleValueBinder - Starting fillSimpleValue for idtarjeta
12:17:54.294 [main] DEBUG o.h.c.annotations.SimpleValueBinder - Starting fillSimpleValue for nombretarjeta
12:17:54.294 [main] DEBUG o.h.c.annotations.SimpleValueBinder - Starting fillSimpleValue for numtarjeta
12:17:54.294 [main] DEBUG o.h.c.annotations.SimpleValueBinder - Starting fillSimpleValue for idtipodepago
12:17:54.294 [main] DEBUG o.h.c.annotations.SimpleValueBinder - Starting fillSimpleValue for descripciontipodepago
12:17:54.294 [main] DEBUG o.h.c.annotations.SimpleValueBinder - Starting fillSimpleValue for idusuario
12:17:54.294 [main] DEBUG o.h.c.annotations.SimpleValueBinder - Starting fillSimpleValue for contraseniausuario
12:17:54.294 [main] DEBUG o.h.c.annotations.SimpleValueBinder - Starting fillSimpleValue for nombreusuario
12:17:54.294 [main] DEBUG o.h.c.annotations.SimpleValueBinder - Starting fillSimpleValue for tipodeusuario
12:17:54.301 [main] DEBUG org.hibernate.cfg.Configuration - Processing fk mappings (*ToOne and JoinedSubclass)
12:17:54.310 [main] DEBUG org.hibernate.cfg.Configuration - Processing extends queue
12:17:54.310 [main] DEBUG org.hibernate.cfg.Configuration - Processing extends queue
12:17:54.311 [main] DEBUG org.hibernate.cfg.Configuration - Processing collection mappings
12:17:54.312 [main] DEBUG o.h.cfg.annotations.PropertyBinder - Building property personausuario
12:17:54.313 [main] DEBUG o.hibernate.cfg.CollectionSecondPass - Second pass for collection: com.fabiocompany.supermercadosdeltaplus.model.Usuario.cabeceratickets
12:17:54.313 [main] DEBUG o.h.cfg.annotations.CollectionBinder - Binding a OneToMany: com.fabiocompany.supermercadosdeltaplus.model.Usuario.cabeceratickets through a foreign key
12:17:54.314 [main] DEBUG o.h.cfg.annotations.CollectionBinder - Mapping collection: com.fabiocompany.supermercadosdeltaplus.model.Usuario.cabeceratickets -> cabeceraticket
12:17:54.317 [main] DEBUG o.hibernate.cfg.CollectionSecondPass - Mapped collection key: idusuario, one-to-many: com.fabiocompany.supermercadosdeltaplus.model.Cabeceraticket
12:17:54.317 [main] DEBUG o.hibernate.cfg.CollectionSecondPass - Second pass for collection: com.fabiocompany.supermercadosdeltaplus.model.Tipodepago.tarjetas
12:17:54.317 [main] DEBUG o.h.cfg.annotations.CollectionBinder - Binding a OneToMany: com.fabiocompany.supermercadosdeltaplus.model.Tipodepago.tarjetas through a foreign key
12:17:54.317 [main] DEBUG o.h.cfg.annotations.CollectionBinder - Mapping collection: com.fabiocompany.supermercadosdeltaplus.model.Tipodepago.tarjetas -> tarjeta
12:17:54.317 [main] DEBUG o.hibernate.cfg.CollectionSecondPass - Mapped collection key: idtipodepago, one-to-many: com.fabiocompany.supermercadosdeltaplus.model.Tarjeta
12:17:54.317 [main] DEBUG o.hibernate.cfg.CollectionSecondPass - Second pass for collection: com.fabiocompany.supermercadosdeltaplus.model.Tipodepago.detalletickets
12:17:54.317 [main] DEBUG o.h.cfg.annotations.CollectionBinder - Binding a OneToMany: com.fabiocompany.supermercadosdeltaplus.model.Tipodepago.detalletickets through a foreign key
12:17:54.318 [main] DEBUG o.h.cfg.annotations.CollectionBinder - Mapping collection: com.fabiocompany.supermercadosdeltaplus.model.Tipodepago.detalletickets -> detalleticket
12:17:54.318 [main] DEBUG o.hibernate.cfg.CollectionSecondPass - Mapped collection key: idtipodepago, one-to-many: com.fabiocompany.supermercadosdeltaplus.model.Detalleticket
12:17:54.318 [main] DEBUG o.hibernate.cfg.CollectionSecondPass - Second pass for collection: com.fabiocompany.supermercadosdeltaplus.model.Detalleticket.productos
12:17:54.318 [main] DEBUG o.h.cfg.annotations.CollectionBinder - Binding as ManyToMany: com.fabiocompany.supermercadosdeltaplus.model.Detalleticket.productos
12:17:54.321 [main] DEBUG o.hibernate.cfg.CollectionSecondPass - Mapped collection key: iddetalleticket, element: idproducto
12:17:54.321 [main] DEBUG o.hibernate.cfg.CollectionSecondPass - Second pass for collection: com.fabiocompany.supermercadosdeltaplus.model.Detalleticket.detalleofertas
12:17:54.321 [main] DEBUG o.h.cfg.annotations.CollectionBinder - Binding as ManyToMany: com.fabiocompany.supermercadosdeltaplus.model.Detalleticket.detalleofertas
12:17:54.321 [main] DEBUG o.hibernate.cfg.CollectionSecondPass - Mapped collection key: iddetalleticket, element: iddetalleoferta
12:17:54.322 [main] DEBUG o.hibernate.cfg.CollectionSecondPass - Second pass for collection: com.fabiocompany.supermercadosdeltaplus.model.Cabeceraticket.detalletickets
12:17:54.322 [main] DEBUG o.h.cfg.annotations.CollectionBinder - Binding a OneToMany: com.fabiocompany.supermercadosdeltaplus.model.Cabeceraticket.detalletickets through a foreign key
12:17:54.322 [main] DEBUG o.h.cfg.annotations.CollectionBinder - Mapping collection: com.fabiocompany.supermercadosdeltaplus.model.Cabeceraticket.detalletickets -> detalleticket
12:17:54.322 [main] DEBUG o.hibernate.cfg.CollectionSecondPass - Mapped collection key: idticket, one-to-many: com.fabiocompany.supermercadosdeltaplus.model.Detalleticket
12:17:54.322 [main] DEBUG o.hibernate.cfg.CollectionSecondPass - Second pass for collection: com.fabiocompany.supermercadosdeltaplus.model.Detalleoferta.detalletickets
12:17:54.323 [main] DEBUG o.h.cfg.annotations.CollectionBinder - Binding as ManyToMany: com.fabiocompany.supermercadosdeltaplus.model.Detalleoferta.detalletickets
12:17:54.324 [main] DEBUG o.h.cfg.annotations.TableBinder - Retrieving property com.fabiocompany.supermercadosdeltaplus.model.Detalleticket.detalleofertas
12:17:54.324 [main] DEBUG o.hibernate.cfg.CollectionSecondPass - Mapped collection key: iddetalleoferta, element: iddetalleticket
12:17:54.324 [main] DEBUG o.hibernate.cfg.CollectionSecondPass - Second pass for collection: com.fabiocompany.supermercadosdeltaplus.model.Producto.detalletickets
12:17:54.324 [main] DEBUG o.h.cfg.annotations.CollectionBinder - Binding as ManyToMany: com.fabiocompany.supermercadosdeltaplus.model.Producto.detalletickets
12:17:54.324 [main] DEBUG o.h.cfg.annotations.TableBinder - Retrieving property com.fabiocompany.supermercadosdeltaplus.model.Detalleticket.productos
12:17:54.325 [main] DEBUG o.hibernate.cfg.CollectionSecondPass - Mapped collection key: idproducto, element: iddetalleticket
12:17:54.325 [main] DEBUG org.hibernate.cfg.Configuration - Processing native query and ResultSetMapping mappings
12:17:54.325 [main] DEBUG org.hibernate.cfg.Configuration - Processing association property references
12:17:54.325 [main] DEBUG org.hibernate.cfg.Configuration - Creating tables' unique integer identifiers
12:17:54.325 [main] DEBUG org.hibernate.cfg.Configuration - Processing foreign key constraints
12:17:54.325 [main] DEBUG org.hibernate.cfg.Configuration - Resolving reference to class: com.fabiocompany.supermercadosdeltaplus.model.Usuario
12:17:54.325 [main] DEBUG org.hibernate.cfg.Configuration - Resolving reference to class: com.fabiocompany.supermercadosdeltaplus.model.Cabeceraticket
12:17:54.326 [main] DEBUG org.hibernate.cfg.Configuration - Resolving reference to class: com.fabiocompany.supermercadosdeltaplus.model.Tipodepago
12:17:54.326 [main] DEBUG org.hibernate.cfg.Configuration - Resolving reference to class: com.fabiocompany.supermercadosdeltaplus.model.Tipodepago
12:17:54.326 [main] DEBUG org.hibernate.cfg.Configuration - Resolving reference to class: com.fabiocompany.supermercadosdeltaplus.model.Detalleoferta
12:17:54.326 [main] DEBUG org.hibernate.cfg.Configuration - Resolving reference to class: com.fabiocompany.supermercadosdeltaplus.model.Detalleticket
12:17:54.326 [main] DEBUG org.hibernate.cfg.Configuration - Resolving reference to class: com.fabiocompany.supermercadosdeltaplus.model.Producto
12:17:54.326 [main] DEBUG org.hibernate.cfg.Configuration - Resolving reference to class: com.fabiocompany.supermercadosdeltaplus.model.Detalleticket
12:17:54.330 [main] DEBUG o.h.e.t.j.p.i.JtaPlatformInitiator - No JtaPlatform was specified, checking resolver
12:17:54.331 [main] DEBUG o.h.e.t.j.p.i.JtaPlatformResolverInitiator - No JtaPlatformResolver was specified, using default [org.hibernate.engine.transaction.jta.platform.internal.StandardJtaPlatformResolver]
12:17:54.335 [main] DEBUG o.h.e.t.j.p.i.StandardJtaPlatformResolver - Could not resolve JtaPlatform, using default [org.hibernate.engine.transaction.jta.platform.internal.NoJtaPlatform]
12:17:54.339 [main] DEBUG org.hibernate.cfg.SettingsFactory - Automatic flush during beforeCompletion(): disabled
12:17:54.339 [main] DEBUG org.hibernate.cfg.SettingsFactory - Automatic session close at end of transaction: disabled
12:17:54.339 [main] DEBUG org.hibernate.cfg.SettingsFactory - JDBC batch size: 15
12:17:54.339 [main] DEBUG org.hibernate.cfg.SettingsFactory - JDBC batch updates for versioned data: disabled
12:17:54.339 [main] DEBUG org.hibernate.cfg.SettingsFactory - Scrollable result sets: enabled
12:17:54.339 [main] DEBUG org.hibernate.cfg.SettingsFactory - Wrap result sets: disabled
12:17:54.339 [main] DEBUG org.hibernate.cfg.SettingsFactory - JDBC3 getGeneratedKeys(): enabled
12:17:54.339 [main] DEBUG org.hibernate.cfg.SettingsFactory - multi-tenancy strategy : NONE
12:17:54.339 [main] DEBUG org.hibernate.cfg.SettingsFactory - Connection release mode: auto
12:17:54.340 [main] INFO  o.h.e.t.i.TransactionFactoryInitiator - HHH000399: Using default transaction strategy (direct JDBC transactions)
12:17:54.343 [main] DEBUG org.hibernate.cfg.SettingsFactory - Using BatchFetchStyle : LEGACY
12:17:54.344 [main] DEBUG org.hibernate.cfg.SettingsFactory - Maximum outer join fetch depth: 2
12:17:54.344 [main] DEBUG org.hibernate.cfg.SettingsFactory - Default batch fetch size: 1
12:17:54.344 [main] DEBUG org.hibernate.cfg.SettingsFactory - Generate SQL with comments: disabled
12:17:54.344 [main] DEBUG org.hibernate.cfg.SettingsFactory - Order SQL updates by primary key: disabled
12:17:54.344 [main] DEBUG org.hibernate.cfg.SettingsFactory - Order SQL inserts for batching: disabled
12:17:54.344 [main] DEBUG org.hibernate.cfg.SettingsFactory - Default null ordering: none
12:17:54.345 [main] DEBUG org.hibernate.cfg.SettingsFactory - Query translator: org.hibernate.hql.internal.ast.ASTQueryTranslatorFactory
12:17:54.348 [main] INFO  o.h.h.i.a.ASTQueryTranslatorFactory - HHH000397: Using ASTQueryTranslatorFactory
12:17:54.348 [main] DEBUG org.hibernate.cfg.SettingsFactory - Query language substitutions: {}
12:17:54.348 [main] DEBUG org.hibernate.cfg.SettingsFactory - JPA-QL strict compliance: disabled
12:17:54.348 [main] DEBUG org.hibernate.cfg.SettingsFactory - Second-level cache: enabled
12:17:54.348 [main] DEBUG org.hibernate.cfg.SettingsFactory - Query cache: disabled
12:17:54.350 [main] DEBUG o.h.c.i.RegionFactoryInitiator - Cache region factory : org.hibernate.cache.internal.NoCachingRegionFactory
12:17:54.354 [main] DEBUG org.hibernate.cfg.SettingsFactory - Optimize cache for minimal puts: disabled
12:17:54.354 [main] DEBUG org.hibernate.cfg.SettingsFactory - Structured second-level cache entries: disabled
12:17:54.354 [main] DEBUG org.hibernate.cfg.SettingsFactory - Second-level cache direct-reference entries: disabled
12:17:54.354 [main] DEBUG org.hibernate.cfg.SettingsFactory - Automatic eviction of collection cache: disabled
12:17:54.354 [main] DEBUG org.hibernate.cfg.SettingsFactory - Statistics: disabled
12:17:54.355 [main] DEBUG org.hibernate.cfg.SettingsFactory - Deleted entity synthetic identifier rollback: disabled
12:17:54.355 [main] DEBUG org.hibernate.cfg.SettingsFactory - Default entity-mode: pojo
12:17:54.355 [main] DEBUG org.hibernate.cfg.SettingsFactory - Named query checking : enabled
12:17:54.355 [main] DEBUG org.hibernate.cfg.SettingsFactory - Check Nullability in Core (should be disabled when Bean Validation is on): enabled
12:17:54.355 [main] DEBUG org.hibernate.cfg.SettingsFactory - Allow initialization of lazy state outside session : : disabled
12:17:54.355 [main] DEBUG org.hibernate.cfg.SettingsFactory - JTA Track by Thread: enabled
12:17:54.372 [main] DEBUG o.h.internal.SessionFactoryImpl - Building session factory
12:17:54.390 [main] DEBUG o.h.internal.SessionFactoryImpl - Session factory constructed with filter configurations : {}
12:17:54.391 [main] DEBUG o.h.internal.SessionFactoryImpl - Instantiating session factory with properties: {java.vendor=Oracle Corporation, show_sql=true, localRepository=/home/fabio/.m2/repository, sun.java.launcher=SUN_STANDARD, hibernate.connection.url=jdbc:mysql://localhost:3306/supermercadosdeltaplus, sun.management.compiler=HotSpot 64-Bit Tiered Compilers, os.name=Linux, hbm2ddl.auto=create, sun.boot.class.path=/usr/java/jdk1.8.0_144/jre/lib/resources.jar:/usr/java/jdk1.8.0_144/jre/lib/rt.jar:/usr/java/jdk1.8.0_144/jre/lib/sunrsasign.jar:/usr/java/jdk1.8.0_144/jre/lib/jsse.jar:/usr/java/jdk1.8.0_144/jre/lib/jce.jar:/usr/java/jdk1.8.0_144/jre/lib/charsets.jar:/usr/java/jdk1.8.0_144/jre/lib/jfr.jar:/usr/java/jdk1.8.0_144/jre/classes, hibernate.current_session_context_class=thread, sun.desktop=gnome, hibernate.c3p0.max_size=75, java.vm.specification.vendor=Oracle Corporation, java.runtime.version=1.8.0_144-b01, hibernate.c3p0.min_size=5, user.name=fabio, hibernate.c3p0.timeout=3600, user.language=es, sun.boot.library.path=/usr/java/jdk1.8.0_144/jre/lib/amd64, hibernate.c3p0.preferredTestQuery=select 1, java.version=1.8.0_144, user.timezone=America/Argentina/Cordoba, sun.arch.data.model=64, java.endorsed.dirs=/usr/java/jdk1.8.0_144/jre/lib/endorsed, sun.cpu.isalist=, sun.jnu.encoding=UTF-8, file.encoding.pkg=sun.io, file.separator=/, java.specification.name=Java Platform API Specification, hibernate.format_sql=true, java.class.version=52.0, user.country=AR, java.home=/usr/java/jdk1.8.0_144/jre, java.vm.info=mixed mode, os.version=4.4.0-96-generic, surefire.real.class.path=/home/fabio/Documentos/facu/ingweb3/repoingweb3personal/supermercadosdeltaplusModulo/target/surefire/surefirebooter6984664705451685622.jar, path.separator=:, java.vm.version=25.144-b01, hibernate.connection.password=root, maven.ext.class.path=/home/fabio/netbeans-8.2/java/maven-nblib/netbeans-eventspy.jar, java.awt.printerjob=sun.print.PSPrinterJob, sun.io.unicode.encoding=UnicodeLittle, awt.toolkit=sun.awt.X11.XToolkit, hibernate.connection.username=root, user.home=/home/fabio, java.specification.vendor=Oracle Corporation, hibernate.hbm2ddl.auto=create, java.library.path=/usr/java/jdk1.8.0_144/jre/lib/amd64:/usr/java/jdk1.8.0_144/jre/lib/i386::/usr/java/packages/lib/amd64:/usr/lib64:/lib64:/lib:/usr/lib, java.vendor.url=http://java.oracle.com/, hibernate.c3p0.maxIdleTime=3600, hibernate.connection.driver_class=com.mysql.jdbc.Driver, java.vm.vendor=Oracle Corporation, hibernate.dialect=org.hibernate.dialect.MySQLDialect, java.runtime.name=Java(TM) SE Runtime Environment, sun.java.command=/home/fabio/Documentos/facu/ingweb3/repoingweb3personal/supermercadosdeltaplusModulo/target/surefire/surefirebooter6984664705451685622.jar /home/fabio/Documentos/facu/ingweb3/repoingweb3personal/supermercadosdeltaplusModulo/target/surefire/surefire8510523554199667323tmp /home/fabio/Documentos/facu/ingweb3/repoingweb3personal/supermercadosdeltaplusModulo/target/surefire/surefire_05280474483860824294tmp, java.class.path=/home/fabio/Documentos/facu/ingweb3/repoingweb3personal/supermercadosdeltaplusModulo/target/test-classes:/home/fabio/Documentos/facu/ingweb3/repoingweb3personal/supermercadosdeltaplusModulo/target/classes:/home/fabio/.m2/repository/org/hibernate/hibernate-entitymanager/4.3.1.Final/hibernate-entitymanager-4.3.1.Final.jar:/home/fabio/.m2/repository/org/jboss/logging/jboss-logging/3.3.1.Final/jboss-logging-3.3.1.Final.jar:/home/fabio/.m2/repository/org/jboss/logging/jboss-logging-annotations/1.2.0.Beta1/jboss-logging-annotations-1.2.0.Beta1.jar:/home/fabio/.m2/repository/dom4j/dom4j/1.6.1/dom4j-1.6.1.jar:/home/fabio/.m2/repository/org/hibernate/common/hibernate-commons-annotations/4.0.4.Final/hibernate-commons-annotations-4.0.4.Final.jar:/home/fabio/.m2/repository/org/jboss/spec/javax/transaction/jboss-transaction-api_1.2_spec/1.0.0.Final/jboss-transaction-api_1.2_spec-1.0.0.Final.jar:/home/fabio/.m2/repository/org/javassist/javassist/3.21.0-GA/javassist-3.21.0-GA.jar:/home/fabio/.m2/repository/junit/junit/4.12/junit-4.12.jar:/home/fabio/.m2/repository/org/hamcrest/hamcrest-core/1.3/hamcrest-core-1.3.jar:/home/fabio/.m2/repository/org/hibernate/javax/persistence/hibernate-jpa-2.1-api/1.0.0.Final/hibernate-jpa-2.1-api-1.0.0.Final.jar:/home/fabio/.m2/repository/javax/javaee-web-api/7.0/javaee-web-api-7.0.jar:/home/fabio/.m2/repository/org/springframework/boot/spring-boot-starter-web/1.5.6.RELEASE/spring-boot-starter-web-1.5.6.RELEASE.jar:/home/fabio/.m2/repository/org/springframework/boot/spring-boot-starter/1.5.6.RELEASE/spring-boot-starter-1.5.6.RELEASE.jar:/home/fabio/.m2/repository/org/springframework/boot/spring-boot/1.5.6.RELEASE/spring-boot-1.5.6.RELEASE.jar:/home/fabio/.m2/repository/org/springframework/boot/spring-boot-autoconfigure/1.5.6.RELEASE/spring-boot-autoconfigure-1.5.6.RELEASE.jar:/home/fabio/.m2/repository/org/springframework/boot/spring-boot-starter-logging/1.5.6.RELEASE/spring-boot-starter-logging-1.5.6.RELEASE.jar:/home/fabio/.m2/repository/org/slf4j/jul-to-slf4j/1.7.25/jul-to-slf4j-1.7.25.jar:/home/fabio/.m2/repository/org/slf4j/log4j-over-slf4j/1.7.25/log4j-over-slf4j-1.7.25.jar:/home/fabio/.m2/repository/org/yaml/snakeyaml/1.17/snakeyaml-1.17.jar:/home/fabio/.m2/repository/org/springframework/boot/spring-boot-starter-tomcat/1.5.6.RELEASE/spring-boot-starter-tomcat-1.5.6.RELEASE.jar:/home/fabio/.m2/repository/org/apache/tomcat/embed/tomcat-embed-core/8.5.16/tomcat-embed-core-8.5.16.jar:/home/fabio/.m2/repository/org/apache/tomcat/embed/tomcat-embed-el/8.5.16/tomcat-embed-el-8.5.16.jar:/home/fabio/.m2/repository/org/apache/tomcat/embed/tomcat-embed-websocket/8.5.16/tomcat-embed-websocket-8.5.16.jar:/home/fabio/.m2/repository/com/fasterxml/jackson/core/jackson-databind/2.8.9/jackson-databind-2.8.9.jar:/home/fabio/.m2/repository/com/fasterxml/jackson/core/jackson-annotations/2.8.0/jackson-annotations-2.8.0.jar:/home/fabio/.m2/repository/com/fasterxml/jackson/core/jackson-core/2.8.9/jackson-core-2.8.9.jar:/home/fabio/.m2/repository/org/springframework/boot/spring-boot-starter-actuator/1.5.6.RELEASE/spring-boot-starter-actuator-1.5.6.RELEASE.jar:/home/fabio/.m2/repository/org/springframework/boot/spring-boot-actuator/1.5.6.RELEASE/spring-boot-actuator-1.5.6.RELEASE.jar:/home/fabio/.m2/repository/org/aspectj/aspectjweaver/1.8.10/aspectjweaver-1.8.10.jar:/home/fabio/.m2/repository/org/springframework/spring-core/4.3.10.RELEASE/spring-core-4.3.10.RELEASE.jar:/home/fabio/.m2/repository/org/springframework/spring-context/4.3.10.RELEASE/spring-context-4.3.10.RELEASE.jar:/home/fabio/.m2/repository/org/springframework/spring-beans/4.3.10.RELEASE/spring-beans-4.3.10.RELEASE.jar:/home/fabio/.m2/repository/org/springframework/spring-expression/4.3.10.RELEASE/spring-expression-4.3.10.RELEASE.jar:/home/fabio/.m2/repository/org/springframework/spring-aspects/4.3.10.RELEASE/spring-aspects-4.3.10.RELEASE.jar:/home/fabio/.m2/repository/org/springframework/spring-webmvc/4.3.10.RELEASE/spring-webmvc-4.3.10.RELEASE.jar:/home/fabio/.m2/repository/org/springframework/spring-web/4.3.10.RELEASE/spring-web-4.3.10.RELEASE.jar:/home/fabio/.m2/repository/org/springframework/spring-oxm/4.3.10.RELEASE/spring-oxm-4.3.10.RELEASE.jar:/home/fabio/.m2/repository/org/springframework/spring-tx/4.3.10.RELEASE/spring-tx-4.3.10.RELEASE.jar:/home/fabio/.m2/repository/org/springframework/spring-aop/4.3.10.RELEASE/spring-aop-4.3.10.RELEASE.jar:/home/fabio/.m2/repository/org/springframework/spring-orm/4.3.10.RELEASE/spring-orm-4.3.10.RELEASE.jar:/home/fabio/.m2/repository/org/springframework/spring-jdbc/4.3.10.RELEASE/spring-jdbc-4.3.10.RELEASE.jar:/home/fabio/.m2/repository/org/springframework/boot/spring-boot-starter-security/1.5.6.RELEASE/spring-boot-starter-security-1.5.6.RELEASE.jar:/home/fabio/.m2/repository/org/springframework/security/spring-security-config/4.2.3.RELEASE/spring-security-config-4.2.3.RELEASE.jar:/home/fabio/.m2/repository/org/springframework/security/spring-security-core/4.2.3.RELEASE/spring-security-core-4.2.3.RELEASE.jar:/home/fabio/.m2/repository/org/springframework/security/spring-security-web/4.2.3.RELEASE/spring-security-web-4.2.3.RELEASE.jar:/home/fabio/.m2/repository/org/slf4j/slf4j-api/1.7.25/slf4j-api-1.7.25.jar:/home/fabio/.m2/repository/ch/qos/logback/logback-classic/1.1.3/logback-classic-1.1.3.jar:/home/fabio/.m2/repository/ch/qos/logback/logback-core/1.1.3/logback-core-1.1.3.jar:/home/fabio/.m2/repository/org/slf4j/jcl-over-slf4j/1.7.25/jcl-over-slf4j-1.7.25.jar:/home/fabio/.m2/repository/commons-dbutils/commons-dbutils/1.6/commons-dbutils-1.6.jar:/home/fabio/.m2/repository/org/hibernate/hibernate-core/4.3.11.Final/hibernate-core-4.3.11.Final.jar:/home/fabio/.m2/repository/antlr/antlr/2.7.7/antlr-2.7.7.jar:/home/fabio/.m2/repository/org/jboss/jandex/1.1.0.Final/jandex-1.1.0.Final.jar:/home/fabio/.m2/repository/org/hibernate/hibernate-c3p0/4.3.11.Final/hibernate-c3p0-4.3.11.Final.jar:/home/fabio/.m2/repository/com/mchange/c3p0/0.9.2.1/c3p0-0.9.2.1.jar:/home/fabio/.m2/repository/com/mchange/mchange-commons-java/0.2.3.4/mchange-commons-java-0.2.3.4.jar:/home/fabio/.m2/repository/org/hibernate/hibernate-validator/5.3.5.Final/hibernate-validator-5.3.5.Final.jar:/home/fabio/.m2/repository/com/fasterxml/classmate/1.3.3/classmate-1.3.3.jar:/home/fabio/.m2/repository/javax/validation/validation-api/1.1.0.Final/validation-api-1.1.0.Final.jar:/home/fabio/.m2/repository/org/jooq/jooq/3.9.4/jooq-3.9.4.jar:/home/fabio/.m2/repository/mysql/mysql-connector-java/5.1.43/mysql-connector-java-5.1.43.jar:, hibernate.bytecode.use_reflection_optimizer=false, java.vm.specification.name=Java Virtual Machine Specification, hibernate.c3p0.testConnectionOnCheckout=true, java.vm.specification.version=1.8, sun.cpu.endian=little, sun.os.patch.level=unknown, surefire.test.class.path=/home/fabio/Documentos/facu/ingweb3/repoingweb3personal/supermercadosdeltaplusModulo/target/test-classes:/home/fabio/Documentos/facu/ingweb3/repoingweb3personal/supermercadosdeltaplusModulo/target/classes:/home/fabio/.m2/repository/org/hibernate/hibernate-entitymanager/4.3.1.Final/hibernate-entitymanager-4.3.1.Final.jar:/home/fabio/.m2/repository/org/jboss/logging/jboss-logging/3.3.1.Final/jboss-logging-3.3.1.Final.jar:/home/fabio/.m2/repository/org/jboss/logging/jboss-logging-annotations/1.2.0.Beta1/jboss-logging-annotations-1.2.0.Beta1.jar:/home/fabio/.m2/repository/dom4j/dom4j/1.6.1/dom4j-1.6.1.jar:/home/fabio/.m2/repository/org/hibernate/common/hibernate-commons-annotations/4.0.4.Final/hibernate-commons-annotations-4.0.4.Final.jar:/home/fabio/.m2/repository/org/jboss/spec/javax/transaction/jboss-transaction-api_1.2_spec/1.0.0.Final/jboss-transaction-api_1.2_spec-1.0.0.Final.jar:/home/fabio/.m2/repository/org/javassist/javassist/3.21.0-GA/javassist-3.21.0-GA.jar:/home/fabio/.m2/repository/junit/junit/4.12/junit-4.12.jar:/home/fabio/.m2/repository/org/hamcrest/hamcrest-core/1.3/hamcrest-core-1.3.jar:/home/fabio/.m2/repository/org/hibernate/javax/persistence/hibernate-jpa-2.1-api/1.0.0.Final/hibernate-jpa-2.1-api-1.0.0.Final.jar:/home/fabio/.m2/repository/javax/javaee-web-api/7.0/javaee-web-api-7.0.jar:/home/fabio/.m2/repository/org/springframework/boot/spring-boot-starter-web/1.5.6.RELEASE/spring-boot-starter-web-1.5.6.RELEASE.jar:/home/fabio/.m2/repository/org/springframework/boot/spring-boot-starter/1.5.6.RELEASE/spring-boot-starter-1.5.6.RELEASE.jar:/home/fabio/.m2/repository/org/springframework/boot/spring-boot/1.5.6.RELEASE/spring-boot-1.5.6.RELEASE.jar:/home/fabio/.m2/repository/org/springframework/boot/spring-boot-autoconfigure/1.5.6.RELEASE/spring-boot-autoconfigure-1.5.6.RELEASE.jar:/home/fabio/.m2/repository/org/springframework/boot/spring-boot-starter-logging/1.5.6.RELEASE/spring-boot-starter-logging-1.5.6.RELEASE.jar:/home/fabio/.m2/repository/org/slf4j/jul-to-slf4j/1.7.25/jul-to-slf4j-1.7.25.jar:/home/fabio/.m2/repository/org/slf4j/log4j-over-slf4j/1.7.25/log4j-over-slf4j-1.7.25.jar:/home/fabio/.m2/repository/org/yaml/snakeyaml/1.17/snakeyaml-1.17.jar:/home/fabio/.m2/repository/org/springframework/boot/spring-boot-starter-tomcat/1.5.6.RELEASE/spring-boot-starter-tomcat-1.5.6.RELEASE.jar:/home/fabio/.m2/repository/org/apache/tomcat/embed/tomcat-embed-core/8.5.16/tomcat-embed-core-8.5.16.jar:/home/fabio/.m2/repository/org/apache/tomcat/embed/tomcat-embed-el/8.5.16/tomcat-embed-el-8.5.16.jar:/home/fabio/.m2/repository/org/apache/tomcat/embed/tomcat-embed-websocket/8.5.16/tomcat-embed-websocket-8.5.16.jar:/home/fabio/.m2/repository/com/fasterxml/jackson/core/jackson-databind/2.8.9/jackson-databind-2.8.9.jar:/home/fabio/.m2/repository/com/fasterxml/jackson/core/jackson-annotations/2.8.0/jackson-annotations-2.8.0.jar:/home/fabio/.m2/repository/com/fasterxml/jackson/core/jackson-core/2.8.9/jackson-core-2.8.9.jar:/home/fabio/.m2/repository/org/springframework/boot/spring-boot-starter-actuator/1.5.6.RELEASE/spring-boot-starter-actuator-1.5.6.RELEASE.jar:/home/fabio/.m2/repository/org/springframework/boot/spring-boot-actuator/1.5.6.RELEASE/spring-boot-actuator-1.5.6.RELEASE.jar:/home/fabio/.m2/repository/org/aspectj/aspectjweaver/1.8.10/aspectjweaver-1.8.10.jar:/home/fabio/.m2/repository/org/springframework/spring-core/4.3.10.RELEASE/spring-core-4.3.10.RELEASE.jar:/home/fabio/.m2/repository/org/springframework/spring-context/4.3.10.RELEASE/spring-context-4.3.10.RELEASE.jar:/home/fabio/.m2/repository/org/springframework/spring-beans/4.3.10.RELEASE/spring-beans-4.3.10.RELEASE.jar:/home/fabio/.m2/repository/org/springframework/spring-expression/4.3.10.RELEASE/spring-expression-4.3.10.RELEASE.jar:/home/fabio/.m2/repository/org/springframework/spring-aspects/4.3.10.RELEASE/spring-aspects-4.3.10.RELEASE.jar:/home/fabio/.m2/repository/org/springframework/spring-webmvc/4.3.10.RELEASE/spring-webmvc-4.3.10.RELEASE.jar:/home/fabio/.m2/repository/org/springframework/spring-web/4.3.10.RELEASE/spring-web-4.3.10.RELEASE.jar:/home/fabio/.m2/repository/org/springframework/spring-oxm/4.3.10.RELEASE/spring-oxm-4.3.10.RELEASE.jar:/home/fabio/.m2/repository/org/springframework/spring-tx/4.3.10.RELEASE/spring-tx-4.3.10.RELEASE.jar:/home/fabio/.m2/repository/org/springframework/spring-aop/4.3.10.RELEASE/spring-aop-4.3.10.RELEASE.jar:/home/fabio/.m2/repository/org/springframework/spring-orm/4.3.10.RELEASE/spring-orm-4.3.10.RELEASE.jar:/home/fabio/.m2/repository/org/springframework/spring-jdbc/4.3.10.RELEASE/spring-jdbc-4.3.10.RELEASE.jar:/home/fabio/.m2/repository/org/springframework/boot/spring-boot-starter-security/1.5.6.RELEASE/spring-boot-starter-security-1.5.6.RELEASE.jar:/home/fabio/.m2/repository/org/springframework/security/spring-security-config/4.2.3.RELEASE/spring-security-config-4.2.3.RELEASE.jar:/home/fabio/.m2/repository/org/springframework/security/spring-security-core/4.2.3.RELEASE/spring-security-core-4.2.3.RELEASE.jar:/home/fabio/.m2/repository/org/springframework/security/spring-security-web/4.2.3.RELEASE/spring-security-web-4.2.3.RELEASE.jar:/home/fabio/.m2/repository/org/slf4j/slf4j-api/1.7.25/slf4j-api-1.7.25.jar:/home/fabio/.m2/repository/ch/qos/logback/logback-classic/1.1.3/logback-classic-1.1.3.jar:/home/fabio/.m2/repository/ch/qos/logback/logback-core/1.1.3/logback-core-1.1.3.jar:/home/fabio/.m2/repository/org/slf4j/jcl-over-slf4j/1.7.25/jcl-over-slf4j-1.7.25.jar:/home/fabio/.m2/repository/commons-dbutils/commons-dbutils/1.6/commons-dbutils-1.6.jar:/home/fabio/.m2/repository/org/hibernate/hibernate-core/4.3.11.Final/hibernate-core-4.3.11.Final.jar:/home/fabio/.m2/repository/antlr/antlr/2.7.7/antlr-2.7.7.jar:/home/fabio/.m2/repository/org/jboss/jandex/1.1.0.Final/jandex-1.1.0.Final.jar:/home/fabio/.m2/repository/org/hibernate/hibernate-c3p0/4.3.11.Final/hibernate-c3p0-4.3.11.Final.jar:/home/fabio/.m2/repository/com/mchange/c3p0/0.9.2.1/c3p0-0.9.2.1.jar:/home/fabio/.m2/repository/com/mchange/mchange-commons-java/0.2.3.4/mchange-commons-java-0.2.3.4.jar:/home/fabio/.m2/repository/org/hibernate/hibernate-validator/5.3.5.Final/hibernate-validator-5.3.5.Final.jar:/home/fabio/.m2/repository/com/fasterxml/classmate/1.3.3/classmate-1.3.3.jar:/home/fabio/.m2/repository/javax/validation/validation-api/1.1.0.Final/validation-api-1.1.0.Final.jar:/home/fabio/.m2/repository/org/jooq/jooq/3.9.4/jooq-3.9.4.jar:/home/fabio/.m2/repository/mysql/mysql-connector-java/5.1.43/mysql-connector-java-5.1.43.jar:, java.io.tmpdir=/tmp, java.vendor.url.bug=http://bugreport.sun.com/bugreport/, os.arch=amd64, java.awt.graphicsenv=sun.awt.X11GraphicsEnvironment, java.ext.dirs=/usr/java/jdk1.8.0_144/jre/lib/ext:/usr/java/packages/lib/ext, user.dir=/home/fabio/Documentos/facu/ingweb3/repoingweb3personal/supermercadosdeltaplusModulo, hibernate.c3p0.idle_test_period=10, line.separator=
, java.vm.name=Java HotSpot(TM) 64-Bit Server VM, basedir=/home/fabio/Documentos/facu/ingweb3/repoingweb3personal/supermercadosdeltaplusModulo, hibernate.c3p0.acquire_increment=3, file.encoding=UTF-8, format_sql=true, java.specification.version=1.8, hibernate.c3p0.max_statements=10, hibernate.show_sql=true}
12:17:54.447 [main] INFO  o.h.validator.internal.util.Version - HV000001: Hibernate Validator 5.3.5.Final
12:17:54.476 [main] DEBUG o.h.v.i.e.r.DefaultTraversableResolver - Found javax.persistence.Persistence on classpath containing 'getPersistenceUtil'. Assuming JPA 2 environment. Trying to instantiate JPA aware TraversableResolver
12:17:54.478 [main] DEBUG o.h.v.i.e.r.DefaultTraversableResolver - Instantiated JPA aware TraversableResolver of type org.hibernate.validator.internal.engine.resolver.JPATraversableResolver.
12:17:54.483 [main] DEBUG o.h.v.i.xml.ValidationXmlParser - Trying to load META-INF/validation.xml for XML based Validator configuration.
12:17:54.485 [main] DEBUG o.h.v.i.xml.ResourceLoaderHelper - Trying to load META-INF/validation.xml via TCCL
12:17:54.486 [main] DEBUG o.h.v.i.xml.ResourceLoaderHelper - Trying to load META-INF/validation.xml via Hibernate Validator's class loader
12:17:54.486 [main] DEBUG o.h.v.i.xml.ValidationXmlParser - No META-INF/validation.xml found. Using annotation based configuration only.
12:17:54.500 [main] DEBUG o.h.c.b.TypeSafeActivator - Unable to acquire Bean Validation ValidatorFactory, skipping activation
12:17:54.501 [main] DEBUG o.h.secure.spi.JaccIntegrator - Skipping JACC integration as it was not enabled
12:17:54.502 [main] DEBUG o.h.i.f.i.DefaultIdentifierGeneratorFactory - Setting dialect [org.hibernate.dialect.MySQLDialect]
12:17:54.503 [main] DEBUG o.h.i.f.i.DefaultIdentifierGeneratorFactory - Setting dialect [org.hibernate.dialect.MySQLDialect]
12:17:54.503 [main] DEBUG o.h.i.f.i.DefaultIdentifierGeneratorFactory - Setting dialect [org.hibernate.dialect.MySQLDialect]
12:17:54.503 [main] DEBUG o.h.i.f.i.DefaultIdentifierGeneratorFactory - Setting dialect [org.hibernate.dialect.MySQLDialect]
12:17:54.503 [main] DEBUG o.h.i.f.i.DefaultIdentifierGeneratorFactory - Setting dialect [org.hibernate.dialect.MySQLDialect]
12:17:54.504 [main] DEBUG o.h.i.f.i.DefaultIdentifierGeneratorFactory - Setting dialect [org.hibernate.dialect.MySQLDialect]
12:17:54.504 [main] DEBUG o.h.i.f.i.DefaultIdentifierGeneratorFactory - Setting dialect [org.hibernate.dialect.MySQLDialect]
12:17:54.504 [main] DEBUG o.h.i.f.i.DefaultIdentifierGeneratorFactory - Setting dialect [org.hibernate.dialect.MySQLDialect]
12:17:54.676 [main] DEBUG o.h.p.c.AbstractCollectionPersister - Static SQL for collection: com.fabiocompany.supermercadosdeltaplus.model.Tipodepago.tarjetas
12:17:54.676 [main] DEBUG o.h.p.c.AbstractCollectionPersister -  Row insert: update tarjeta set idtipodepago=? where idtarjeta=?
12:17:54.676 [main] DEBUG o.h.p.c.AbstractCollectionPersister -  Row update: update tarjeta set  where idtarjeta=?
12:17:54.676 [main] DEBUG o.h.p.c.AbstractCollectionPersister -  Row delete: update tarjeta set idtipodepago=null where idtipodepago=? and idtarjeta=?
12:17:54.676 [main] DEBUG o.h.p.c.AbstractCollectionPersister -  One-shot delete: update tarjeta set idtipodepago=null where idtipodepago=?
12:17:54.679 [main] DEBUG o.h.p.c.AbstractCollectionPersister - Static SQL for collection: com.fabiocompany.supermercadosdeltaplus.model.Detalleticket.detalleofertas
12:17:54.679 [main] DEBUG o.h.p.c.AbstractCollectionPersister -  Row insert: insert into ticketsyofertas (iddetalleticket, iddetalleoferta) values (?, ?)
12:17:54.679 [main] DEBUG o.h.p.c.AbstractCollectionPersister -  Row update: update ticketsyofertas set iddetalleoferta=? where iddetalleticket=? and iddetalleoferta=?
12:17:54.680 [main] DEBUG o.h.p.c.AbstractCollectionPersister -  Row delete: delete from ticketsyofertas where iddetalleticket=? and iddetalleoferta=?
12:17:54.680 [main] DEBUG o.h.p.c.AbstractCollectionPersister -  One-shot delete: delete from ticketsyofertas where iddetalleticket=?
12:17:54.680 [main] DEBUG o.h.p.c.AbstractCollectionPersister - Static SQL for collection: com.fabiocompany.supermercadosdeltaplus.model.Producto.detalletickets
12:17:54.680 [main] DEBUG o.h.p.c.AbstractCollectionPersister -  Row insert: insert into ticketsyproductos (idproducto, iddetalleticket) values (?, ?)
12:17:54.680 [main] DEBUG o.h.p.c.AbstractCollectionPersister -  Row update: update ticketsyproductos set iddetalleticket=? where idproducto=? and iddetalleticket=?
12:17:54.680 [main] DEBUG o.h.p.c.AbstractCollectionPersister -  Row delete: delete from ticketsyproductos where idproducto=? and iddetalleticket=?
12:17:54.680 [main] DEBUG o.h.p.c.AbstractCollectionPersister -  One-shot delete: delete from ticketsyproductos where idproducto=?
12:17:54.681 [main] DEBUG o.h.p.c.AbstractCollectionPersister - Static SQL for collection: com.fabiocompany.supermercadosdeltaplus.model.Tipodepago.detalletickets
12:17:54.681 [main] DEBUG o.h.p.c.AbstractCollectionPersister -  Row insert: update detalleticket set idtipodepago=? where iddetalleticket=?
12:17:54.681 [main] DEBUG o.h.p.c.AbstractCollectionPersister -  Row update: update detalleticket set  where iddetalleticket=?
12:17:54.681 [main] DEBUG o.h.p.c.AbstractCollectionPersister -  Row delete: update detalleticket set idtipodepago=null where idtipodepago=? and iddetalleticket=?
12:17:54.681 [main] DEBUG o.h.p.c.AbstractCollectionPersister -  One-shot delete: update detalleticket set idtipodepago=null where idtipodepago=?
12:17:54.681 [main] DEBUG o.h.p.c.AbstractCollectionPersister - Static SQL for collection: com.fabiocompany.supermercadosdeltaplus.model.Detalleticket.productos
12:17:54.681 [main] DEBUG o.h.p.c.AbstractCollectionPersister -  Row insert: insert into ticketsyproductos (iddetalleticket, idproducto) values (?, ?)
12:17:54.681 [main] DEBUG o.h.p.c.AbstractCollectionPersister -  Row update: update ticketsyproductos set idproducto=? where iddetalleticket=? and idproducto=?
12:17:54.682 [main] DEBUG o.h.p.c.AbstractCollectionPersister -  Row delete: delete from ticketsyproductos where iddetalleticket=? and idproducto=?
12:17:54.682 [main] DEBUG o.h.p.c.AbstractCollectionPersister -  One-shot delete: delete from ticketsyproductos where iddetalleticket=?
12:17:54.682 [main] DEBUG o.h.p.c.AbstractCollectionPersister - Static SQL for collection: com.fabiocompany.supermercadosdeltaplus.model.Usuario.cabeceratickets
12:17:54.682 [main] DEBUG o.h.p.c.AbstractCollectionPersister -  Row insert: update cabeceraticket set idusuario=? where idticket=?
12:17:54.682 [main] DEBUG o.h.p.c.AbstractCollectionPersister -  Row update: update cabeceraticket set  where idticket=?
12:17:54.682 [main] DEBUG o.h.p.c.AbstractCollectionPersister -  Row delete: update cabeceraticket set idusuario=null where idusuario=? and idticket=?
12:17:54.682 [main] DEBUG o.h.p.c.AbstractCollectionPersister -  One-shot delete: update cabeceraticket set idusuario=null where idusuario=?
12:17:54.682 [main] DEBUG o.h.p.c.AbstractCollectionPersister - Static SQL for collection: com.fabiocompany.supermercadosdeltaplus.model.Cabeceraticket.detalletickets
12:17:54.682 [main] DEBUG o.h.p.c.AbstractCollectionPersister -  Row insert: update detalleticket set idticket=? where iddetalleticket=?
12:17:54.683 [main] DEBUG o.h.p.c.AbstractCollectionPersister -  Row update: update detalleticket set  where iddetalleticket=?
12:17:54.683 [main] DEBUG o.h.p.c.AbstractCollectionPersister -  Row delete: update detalleticket set idticket=null where idticket=? and iddetalleticket=?
12:17:54.683 [main] DEBUG o.h.p.c.AbstractCollectionPersister -  One-shot delete: update detalleticket set idticket=null where idticket=?
12:17:54.683 [main] DEBUG o.h.p.c.AbstractCollectionPersister - Static SQL for collection: com.fabiocompany.supermercadosdeltaplus.model.Detalleoferta.detalletickets
12:17:54.683 [main] DEBUG o.h.p.c.AbstractCollectionPersister -  Row insert: insert into ticketsyofertas (iddetalleoferta, iddetalleticket) values (?, ?)
12:17:54.683 [main] DEBUG o.h.p.c.AbstractCollectionPersister -  Row update: update ticketsyofertas set iddetalleticket=? where iddetalleoferta=? and iddetalleticket=?
12:17:54.683 [main] DEBUG o.h.p.c.AbstractCollectionPersister -  Row delete: delete from ticketsyofertas where iddetalleoferta=? and iddetalleticket=?
12:17:54.683 [main] DEBUG o.h.p.c.AbstractCollectionPersister -  One-shot delete: delete from ticketsyofertas where iddetalleoferta=?
12:17:54.688 [main] DEBUG o.h.p.entity.AbstractEntityPersister - Static SQL for entity: com.fabiocompany.supermercadosdeltaplus.model.Cabeceraticket
12:17:54.689 [main] DEBUG o.h.p.entity.AbstractEntityPersister -  Version select: select idticket from cabeceraticket where idticket =?
12:17:54.689 [main] DEBUG o.h.p.entity.AbstractEntityPersister -  Snapshot select: select cabecerati_.idticket, cabecerati_.fecha as fecha2_0_, cabecerati_.idusuario as idusuari3_0_ from cabeceraticket cabecerati_ where cabecerati_.idticket=?
12:17:54.689 [main] DEBUG o.h.p.entity.AbstractEntityPersister -  Insert 0: insert into cabeceraticket (fecha, idusuario, idticket) values (?, ?, ?)
12:17:54.689 [main] DEBUG o.h.p.entity.AbstractEntityPersister -  Update 0: update cabeceraticket set fecha=?, idusuario=? where idticket=?
12:17:54.689 [main] DEBUG o.h.p.entity.AbstractEntityPersister -  Delete 0: delete from cabeceraticket where idticket=?
12:17:54.689 [main] DEBUG o.h.p.entity.AbstractEntityPersister -  Identity insert: insert into cabeceraticket (fecha, idusuario) values (?, ?)
12:17:54.711 [main] DEBUG o.h.l.p.b.i.spaces.QuerySpacesImpl - Adding QuerySpace : uid = <gen:0> -> org.hibernate.loader.plan.build.internal.spaces.EntityQuerySpaceImpl@5023bb8b]
12:17:54.712 [main] DEBUG o.h.p.w.spi.MetamodelGraphWalker - Visiting attribute path : detalletickets
12:17:54.715 [main] DEBUG o.h.p.w.spi.MetamodelGraphWalker - Visiting attribute path : fecha
12:17:54.715 [main] DEBUG o.h.p.w.spi.MetamodelGraphWalker - Visiting attribute path : usuario
12:17:54.716 [main] DEBUG o.h.l.p.b.i.spaces.QuerySpacesImpl - Adding QuerySpace : uid = <gen:1> -> org.hibernate.loader.plan.build.internal.spaces.EntityQuerySpaceImpl@ebaa6cb]
12:17:54.719 [main] DEBUG o.h.p.w.spi.MetamodelGraphWalker - Visiting attribute path : usuario.cabeceratickets
12:17:54.719 [main] DEBUG o.h.p.w.spi.MetamodelGraphWalker - Property path deemed to be circular : usuario.cabeceratickets
12:17:54.719 [main] DEBUG o.h.p.w.spi.MetamodelGraphWalker - Visiting attribute path : usuario.contraseniausuario
12:17:54.719 [main] DEBUG o.h.p.w.spi.MetamodelGraphWalker - Visiting attribute path : usuario.nombreusuario
12:17:54.719 [main] DEBUG o.h.p.w.spi.MetamodelGraphWalker - Visiting attribute path : usuario.tipodeusuario
12:17:54.719 [main] DEBUG o.h.p.w.spi.MetamodelGraphWalker - Visiting attribute path : usuario.personausuario
12:17:54.719 [main] DEBUG o.h.l.p.b.i.spaces.QuerySpacesImpl - Adding QuerySpace : uid = <gen:2> -> org.hibernate.loader.plan.build.internal.spaces.EntityQuerySpaceImpl@2a640157]
12:17:54.719 [main] DEBUG o.h.p.w.spi.MetamodelGraphWalker - Visiting attribute path : usuario.personausuario.correo
12:17:54.719 [main] DEBUG o.h.p.w.spi.MetamodelGraphWalker - Visiting attribute path : usuario.personausuario.dnipersonausuario
12:17:54.719 [main] DEBUG o.h.p.w.spi.MetamodelGraphWalker - Visiting attribute path : usuario.personausuario.nombrepersonausuario
12:17:54.719 [main] DEBUG o.h.p.w.spi.MetamodelGraphWalker - Visiting attribute path : usuario.personausuario.numerodetelefono
12:17:54.720 [main] DEBUG o.h.l.p.b.i.FetchStyleLoadPlanBuildingAssociationVisitationStrategy - Building LoadPlan...
12:17:54.735 [main] DEBUG o.h.l.p.e.i.LoadQueryJoinAndFetchProcessor - processing queryspace <gen:0>
12:17:54.741 [main] DEBUG o.h.l.p.b.spi.LoadPlanTreePrinter - LoadPlan(entity=com.fabiocompany.supermercadosdeltaplus.model.Cabeceraticket)
    - Returns
       - EntityReturnImpl(entity=com.fabiocompany.supermercadosdeltaplus.model.Cabeceraticket, querySpaceUid=<gen:0>, path=com.fabiocompany.supermercadosdeltaplus.model.Cabeceraticket)
          - EntityAttributeFetchImpl(entity=com.fabiocompany.supermercadosdeltaplus.model.Usuario, querySpaceUid=<gen:1>, path=com.fabiocompany.supermercadosdeltaplus.model.Cabeceraticket.usuario)
             - EntityAttributeFetchImpl(entity=com.fabiocompany.supermercadosdeltaplus.model.Personausuario, querySpaceUid=<gen:2>, path=com.fabiocompany.supermercadosdeltaplus.model.Cabeceraticket.usuario.personausuario)
    - QuerySpaces
       - EntityQuerySpaceImpl(uid=<gen:0>, entity=com.fabiocompany.supermercadosdeltaplus.model.Cabeceraticket)
          - SQL table alias mapping - cabecerati0_
          - alias suffix - 0_
          - suffixed key columns - {idticket1_0_0_}
          - JOIN (JoinDefinedByMetadata(usuario)) : <gen:0> -> <gen:1>
             - EntityQuerySpaceImpl(uid=<gen:1>, entity=com.fabiocompany.supermercadosdeltaplus.model.Usuario)
                - SQL table alias mapping - usuario1_
                - alias suffix - 1_
                - suffixed key columns - {idusuari1_9_1_}
                - JOIN (JoinDefinedByMetadata(personausuario)) : <gen:1> -> <gen:2>
                   - EntityQuerySpaceImpl(uid=<gen:2>, entity=com.fabiocompany.supermercadosdeltaplus.model.Personausuario)
                      - SQL table alias mapping - personausu2_
                      - alias suffix - 2_
                      - suffixed key columns - {idperson1_3_2_}

12:17:54.744 [main] DEBUG o.h.loader.entity.plan.EntityLoader - Static select for entity com.fabiocompany.supermercadosdeltaplus.model.Cabeceraticket [NONE]: select cabecerati0_.idticket as idticket1_0_0_, cabecerati0_.fecha as fecha2_0_0_, cabecerati0_.idusuario as idusuari3_0_0_, usuario1_.idusuario as idusuari1_9_1_, usuario1_.contraseniausuario as contrase2_9_1_, usuario1_.nombreusuario as nombreus3_9_1_, usuario1_.tipodeusuario as tipodeus4_9_1_, personausu2_.idpersonausuario as idperson1_3_2_, personausu2_.correo as correo2_3_2_, personausu2_.dnipersonausuario as dniperso3_3_2_, personausu2_.nombrepersonausuario as nombrepe4_3_2_, personausu2_.numerodetelefono as numerode5_3_2_ from cabeceraticket cabecerati0_ left outer join usuario usuario1_ on cabecerati0_.idusuario=usuario1_.idusuario left outer join personausuario personausu2_ on usuario1_.idusuario=personausu2_.idpersonausuario where cabecerati0_.idticket=?
12:17:54.744 [main] DEBUG o.h.l.p.b.i.spaces.QuerySpacesImpl - Adding QuerySpace : uid = <gen:0> -> org.hibernate.loader.plan.build.internal.spaces.EntityQuerySpaceImpl@7ca33c24]
12:17:54.744 [main] DEBUG o.h.p.w.spi.MetamodelGraphWalker - Visiting attribute path : detalletickets
12:17:54.744 [main] DEBUG o.h.p.w.spi.MetamodelGraphWalker - Visiting attribute path : fecha
12:17:54.744 [main] DEBUG o.h.p.w.spi.MetamodelGraphWalker - Visiting attribute path : usuario
12:17:54.744 [main] DEBUG o.h.l.p.b.i.spaces.QuerySpacesImpl - Adding QuerySpace : uid = <gen:1> -> org.hibernate.loader.plan.build.internal.spaces.EntityQuerySpaceImpl@67c2e933]
12:17:54.745 [main] DEBUG o.h.p.w.spi.MetamodelGraphWalker - Visiting attribute path : usuario.cabeceratickets
12:17:54.745 [main] DEBUG o.h.p.w.spi.MetamodelGraphWalker - Property path deemed to be circular : usuario.cabeceratickets
12:17:54.745 [main] DEBUG o.h.p.w.spi.MetamodelGraphWalker - Visiting attribute path : usuario.contraseniausuario
12:17:54.745 [main] DEBUG o.h.p.w.spi.MetamodelGraphWalker - Visiting attribute path : usuario.nombreusuario
12:17:54.745 [main] DEBUG o.h.p.w.spi.MetamodelGraphWalker - Visiting attribute path : usuario.tipodeusuario
12:17:54.745 [main] DEBUG o.h.p.w.spi.MetamodelGraphWalker - Visiting attribute path : usuario.personausuario
12:17:54.745 [main] DEBUG o.h.l.p.b.i.spaces.QuerySpacesImpl - Adding QuerySpace : uid = <gen:2> -> org.hibernate.loader.plan.build.internal.spaces.EntityQuerySpaceImpl@613a8ee1]
12:17:54.745 [main] DEBUG o.h.p.w.spi.MetamodelGraphWalker - Visiting attribute path : usuario.personausuario.correo
12:17:54.745 [main] DEBUG o.h.p.w.spi.MetamodelGraphWalker - Visiting attribute path : usuario.personausuario.dnipersonausuario
12:17:54.745 [main] DEBUG o.h.p.w.spi.MetamodelGraphWalker - Visiting attribute path : usuario.personausuario.nombrepersonausuario
12:17:54.745 [main] DEBUG o.h.p.w.spi.MetamodelGraphWalker - Visiting attribute path : usuario.personausuario.numerodetelefono
12:17:54.745 [main] DEBUG o.h.l.p.b.i.FetchStyleLoadPlanBuildingAssociationVisitationStrategy - Building LoadPlan...
12:17:54.746 [main] DEBUG o.h.l.p.e.i.LoadQueryJoinAndFetchProcessor - processing queryspace <gen:0>
12:17:54.747 [main] DEBUG o.h.l.p.b.spi.LoadPlanTreePrinter - LoadPlan(entity=com.fabiocompany.supermercadosdeltaplus.model.Cabeceraticket)
    - Returns
       - EntityReturnImpl(entity=com.fabiocompany.supermercadosdeltaplus.model.Cabeceraticket, querySpaceUid=<gen:0>, path=com.fabiocompany.supermercadosdeltaplus.model.Cabeceraticket)
          - EntityAttributeFetchImpl(entity=com.fabiocompany.supermercadosdeltaplus.model.Usuario, querySpaceUid=<gen:1>, path=com.fabiocompany.supermercadosdeltaplus.model.Cabeceraticket.usuario)
             - EntityAttributeFetchImpl(entity=com.fabiocompany.supermercadosdeltaplus.model.Personausuario, querySpaceUid=<gen:2>, path=com.fabiocompany.supermercadosdeltaplus.model.Cabeceraticket.usuario.personausuario)
    - QuerySpaces
       - EntityQuerySpaceImpl(uid=<gen:0>, entity=com.fabiocompany.supermercadosdeltaplus.model.Cabeceraticket)
          - SQL table alias mapping - cabecerati0_
          - alias suffix - 0_
          - suffixed key columns - {idticket1_0_0_}
          - JOIN (JoinDefinedByMetadata(usuario)) : <gen:0> -> <gen:1>
             - EntityQuerySpaceImpl(uid=<gen:1>, entity=com.fabiocompany.supermercadosdeltaplus.model.Usuario)
                - SQL table alias mapping - usuario1_
                - alias suffix - 1_
                - suffixed key columns - {idusuari1_9_1_}
                - JOIN (JoinDefinedByMetadata(personausuario)) : <gen:1> -> <gen:2>
                   - EntityQuerySpaceImpl(uid=<gen:2>, entity=com.fabiocompany.supermercadosdeltaplus.model.Personausuario)
                      - SQL table alias mapping - personausu2_
                      - alias suffix - 2_
                      - suffixed key columns - {idperson1_3_2_}

12:17:54.747 [main] DEBUG o.h.loader.entity.plan.EntityLoader - Static select for entity com.fabiocompany.supermercadosdeltaplus.model.Cabeceraticket [READ]: select cabecerati0_.idticket as idticket1_0_0_, cabecerati0_.fecha as fecha2_0_0_, cabecerati0_.idusuario as idusuari3_0_0_, usuario1_.idusuario as idusuari1_9_1_, usuario1_.contraseniausuario as contrase2_9_1_, usuario1_.nombreusuario as nombreus3_9_1_, usuario1_.tipodeusuario as tipodeus4_9_1_, personausu2_.idpersonausuario as idperson1_3_2_, personausu2_.correo as correo2_3_2_, personausu2_.dnipersonausuario as dniperso3_3_2_, personausu2_.nombrepersonausuario as nombrepe4_3_2_, personausu2_.numerodetelefono as numerode5_3_2_ from cabeceraticket cabecerati0_ left outer join usuario usuario1_ on cabecerati0_.idusuario=usuario1_.idusuario left outer join personausuario personausu2_ on usuario1_.idusuario=personausu2_.idpersonausuario where cabecerati0_.idticket=?
12:17:54.747 [main] DEBUG o.h.l.p.b.i.spaces.QuerySpacesImpl - Adding QuerySpace : uid = <gen:0> -> org.hibernate.loader.plan.build.internal.spaces.EntityQuerySpaceImpl@7103cb56]
12:17:54.747 [main] DEBUG o.h.p.w.spi.MetamodelGraphWalker - Visiting attribute path : detalletickets
12:17:54.747 [main] DEBUG o.h.p.w.spi.MetamodelGraphWalker - Visiting attribute path : fecha
12:17:54.747 [main] DEBUG o.h.p.w.spi.MetamodelGraphWalker - Visiting attribute path : usuario
12:17:54.747 [main] DEBUG o.h.l.p.b.i.spaces.QuerySpacesImpl - Adding QuerySpace : uid = <gen:1> -> org.hibernate.loader.plan.build.internal.spaces.EntityQuerySpaceImpl@2e8e8225]
12:17:54.748 [main] DEBUG o.h.l.p.b.i.FetchStyleLoadPlanBuildingAssociationVisitationStrategy - Building LoadPlan...
12:17:54.748 [main] DEBUG o.h.l.p.e.i.LoadQueryJoinAndFetchProcessor - processing queryspace <gen:0>
12:17:54.748 [main] DEBUG o.h.l.p.b.spi.LoadPlanTreePrinter - LoadPlan(entity=com.fabiocompany.supermercadosdeltaplus.model.Cabeceraticket)
    - Returns
       - EntityReturnImpl(entity=com.fabiocompany.supermercadosdeltaplus.model.Cabeceraticket, querySpaceUid=<gen:0>, path=com.fabiocompany.supermercadosdeltaplus.model.Cabeceraticket)
          - EntityAttributeFetchImpl(entity=com.fabiocompany.supermercadosdeltaplus.model.Usuario, querySpaceUid=<gen:1>, path=com.fabiocompany.supermercadosdeltaplus.model.Cabeceraticket.usuario)
    - QuerySpaces
       - EntityQuerySpaceImpl(uid=<gen:0>, entity=com.fabiocompany.supermercadosdeltaplus.model.Cabeceraticket)
          - SQL table alias mapping - cabecerati0_
          - alias suffix - 0_
          - suffixed key columns - {idticket1_0_0_}

12:17:54.748 [main] DEBUG o.h.loader.entity.plan.EntityLoader - Static select for entity com.fabiocompany.supermercadosdeltaplus.model.Cabeceraticket [UPGRADE]: select cabecerati0_.idticket as idticket1_0_0_, cabecerati0_.fecha as fecha2_0_0_, cabecerati0_.idusuario as idusuari3_0_0_ from cabeceraticket cabecerati0_ where cabecerati0_.idticket=? for update
12:17:54.749 [main] DEBUG o.h.l.p.b.i.spaces.QuerySpacesImpl - Adding QuerySpace : uid = <gen:0> -> org.hibernate.loader.plan.build.internal.spaces.EntityQuerySpaceImpl@6ebf0f36]
12:17:54.749 [main] DEBUG o.h.p.w.spi.MetamodelGraphWalker - Visiting attribute path : detalletickets
12:17:54.749 [main] DEBUG o.h.p.w.spi.MetamodelGraphWalker - Visiting attribute path : fecha
12:17:54.749 [main] DEBUG o.h.p.w.spi.MetamodelGraphWalker - Visiting attribute path : usuario
12:17:54.749 [main] DEBUG o.h.l.p.b.i.spaces.QuerySpacesImpl - Adding QuerySpace : uid = <gen:1> -> org.hibernate.loader.plan.build.internal.spaces.EntityQuerySpaceImpl@2807bdeb]
12:17:54.749 [main] DEBUG o.h.l.p.b.i.FetchStyleLoadPlanBuildingAssociationVisitationStrategy - Building LoadPlan...
12:17:54.749 [main] DEBUG o.h.l.p.e.i.LoadQueryJoinAndFetchProcessor - processing queryspace <gen:0>
12:17:54.750 [main] DEBUG o.h.l.p.b.spi.LoadPlanTreePrinter - LoadPlan(entity=com.fabiocompany.supermercadosdeltaplus.model.Cabeceraticket)
    - Returns
       - EntityReturnImpl(entity=com.fabiocompany.supermercadosdeltaplus.model.Cabeceraticket, querySpaceUid=<gen:0>, path=com.fabiocompany.supermercadosdeltaplus.model.Cabeceraticket)
          - EntityAttributeFetchImpl(entity=com.fabiocompany.supermercadosdeltaplus.model.Usuario, querySpaceUid=<gen:1>, path=com.fabiocompany.supermercadosdeltaplus.model.Cabeceraticket.usuario)
    - QuerySpaces
       - EntityQuerySpaceImpl(uid=<gen:0>, entity=com.fabiocompany.supermercadosdeltaplus.model.Cabeceraticket)
          - SQL table alias mapping - cabecerati0_
          - alias suffix - 0_
          - suffixed key columns - {idticket1_0_0_}

12:17:54.750 [main] DEBUG o.h.loader.entity.plan.EntityLoader - Static select for entity com.fabiocompany.supermercadosdeltaplus.model.Cabeceraticket [UPGRADE_NOWAIT]: select cabecerati0_.idticket as idticket1_0_0_, cabecerati0_.fecha as fecha2_0_0_, cabecerati0_.idusuario as idusuari3_0_0_ from cabeceraticket cabecerati0_ where cabecerati0_.idticket=? for update
12:17:54.750 [main] DEBUG o.h.l.p.b.i.spaces.QuerySpacesImpl - Adding QuerySpace : uid = <gen:0> -> org.hibernate.loader.plan.build.internal.spaces.EntityQuerySpaceImpl@72c28d64]
12:17:54.750 [main] DEBUG o.h.p.w.spi.MetamodelGraphWalker - Visiting attribute path : detalletickets
12:17:54.750 [main] DEBUG o.h.p.w.spi.MetamodelGraphWalker - Visiting attribute path : fecha
12:17:54.750 [main] DEBUG o.h.p.w.spi.MetamodelGraphWalker - Visiting attribute path : usuario
12:17:54.750 [main] DEBUG o.h.l.p.b.i.spaces.QuerySpacesImpl - Adding QuerySpace : uid = <gen:1> -> org.hibernate.loader.plan.build.internal.spaces.EntityQuerySpaceImpl@2c5529ab]
12:17:54.751 [main] DEBUG o.h.l.p.b.i.FetchStyleLoadPlanBuildingAssociationVisitationStrategy - Building LoadPlan...
12:17:54.751 [main] DEBUG o.h.l.p.e.i.LoadQueryJoinAndFetchProcessor - processing queryspace <gen:0>
12:17:54.751 [main] DEBUG o.h.l.p.b.spi.LoadPlanTreePrinter - LoadPlan(entity=com.fabiocompany.supermercadosdeltaplus.model.Cabeceraticket)
    - Returns
       - EntityReturnImpl(entity=com.fabiocompany.supermercadosdeltaplus.model.Cabeceraticket, querySpaceUid=<gen:0>, path=com.fabiocompany.supermercadosdeltaplus.model.Cabeceraticket)
          - EntityAttributeFetchImpl(entity=com.fabiocompany.supermercadosdeltaplus.model.Usuario, querySpaceUid=<gen:1>, path=com.fabiocompany.supermercadosdeltaplus.model.Cabeceraticket.usuario)
    - QuerySpaces
       - EntityQuerySpaceImpl(uid=<gen:0>, entity=com.fabiocompany.supermercadosdeltaplus.model.Cabeceraticket)
          - SQL table alias mapping - cabecerati0_
          - alias suffix - 0_
          - suffixed key columns - {idticket1_0_0_}

12:17:54.751 [main] DEBUG o.h.loader.entity.plan.EntityLoader - Static select for entity com.fabiocompany.supermercadosdeltaplus.model.Cabeceraticket [UPGRADE_SKIPLOCKED]: select cabecerati0_.idticket as idticket1_0_0_, cabecerati0_.fecha as fecha2_0_0_, cabecerati0_.idusuario as idusuari3_0_0_ from cabeceraticket cabecerati0_ where cabecerati0_.idticket=? for update
12:17:54.752 [main] DEBUG o.h.l.p.b.i.spaces.QuerySpacesImpl - Adding QuerySpace : uid = <gen:0> -> org.hibernate.loader.plan.build.internal.spaces.EntityQuerySpaceImpl@39a8312f]
12:17:54.752 [main] DEBUG o.h.p.w.spi.MetamodelGraphWalker - Visiting attribute path : detalletickets
12:17:54.752 [main] DEBUG o.h.p.w.spi.MetamodelGraphWalker - Visiting attribute path : fecha
12:17:54.752 [main] DEBUG o.h.p.w.spi.MetamodelGraphWalker - Visiting attribute path : usuario
12:17:54.752 [main] DEBUG o.h.l.p.b.i.spaces.QuerySpacesImpl - Adding QuerySpace : uid = <gen:1> -> org.hibernate.loader.plan.build.internal.spaces.EntityQuerySpaceImpl@2c532cd8]
12:17:54.752 [main] DEBUG o.h.l.p.b.i.FetchStyleLoadPlanBuildingAssociationVisitationStrategy - Building LoadPlan...
12:17:54.752 [main] DEBUG o.h.l.p.e.i.LoadQueryJoinAndFetchProcessor - processing queryspace <gen:0>
12:17:54.753 [main] DEBUG o.h.l.p.b.spi.LoadPlanTreePrinter - LoadPlan(entity=com.fabiocompany.supermercadosdeltaplus.model.Cabeceraticket)
    - Returns
       - EntityReturnImpl(entity=com.fabiocompany.supermercadosdeltaplus.model.Cabeceraticket, querySpaceUid=<gen:0>, path=com.fabiocompany.supermercadosdeltaplus.model.Cabeceraticket)
          - EntityAttributeFetchImpl(entity=com.fabiocompany.supermercadosdeltaplus.model.Usuario, querySpaceUid=<gen:1>, path=com.fabiocompany.supermercadosdeltaplus.model.Cabeceraticket.usuario)
    - QuerySpaces
       - EntityQuerySpaceImpl(uid=<gen:0>, entity=com.fabiocompany.supermercadosdeltaplus.model.Cabeceraticket)
          - SQL table alias mapping - cabecerati0_
          - alias suffix - 0_
          - suffixed key columns - {idticket1_0_0_}

12:17:54.753 [main] DEBUG o.h.loader.entity.plan.EntityLoader - Static select for entity com.fabiocompany.supermercadosdeltaplus.model.Cabeceraticket [FORCE]: select cabecerati0_.idticket as idticket1_0_0_, cabecerati0_.fecha as fecha2_0_0_, cabecerati0_.idusuario as idusuari3_0_0_ from cabeceraticket cabecerati0_ where cabecerati0_.idticket=? for update
12:17:54.753 [main] DEBUG o.h.l.p.b.i.spaces.QuerySpacesImpl - Adding QuerySpace : uid = <gen:0> -> org.hibernate.loader.plan.build.internal.spaces.EntityQuerySpaceImpl@294e5088]
12:17:54.753 [main] DEBUG o.h.p.w.spi.MetamodelGraphWalker - Visiting attribute path : detalletickets
12:17:54.753 [main] DEBUG o.h.p.w.spi.MetamodelGraphWalker - Visiting attribute path : fecha
12:17:54.754 [main] DEBUG o.h.p.w.spi.MetamodelGraphWalker - Visiting attribute path : usuario
12:17:54.754 [main] DEBUG o.h.l.p.b.i.spaces.QuerySpacesImpl - Adding QuerySpace : uid = <gen:1> -> org.hibernate.loader.plan.build.internal.spaces.EntityQuerySpaceImpl@3700ec9c]
12:17:54.754 [main] DEBUG o.h.l.p.b.i.FetchStyleLoadPlanBuildingAssociationVisitationStrategy - Building LoadPlan...
12:17:54.754 [main] DEBUG o.h.l.p.e.i.LoadQueryJoinAndFetchProcessor - processing queryspace <gen:0>
12:17:54.754 [main] DEBUG o.h.l.p.b.spi.LoadPlanTreePrinter - LoadPlan(entity=com.fabiocompany.supermercadosdeltaplus.model.Cabeceraticket)
    - Returns
       - EntityReturnImpl(entity=com.fabiocompany.supermercadosdeltaplus.model.Cabeceraticket, querySpaceUid=<gen:0>, path=com.fabiocompany.supermercadosdeltaplus.model.Cabeceraticket)
          - EntityAttributeFetchImpl(entity=com.fabiocompany.supermercadosdeltaplus.model.Usuario, querySpaceUid=<gen:1>, path=com.fabiocompany.supermercadosdeltaplus.model.Cabeceraticket.usuario)
    - QuerySpaces
       - EntityQuerySpaceImpl(uid=<gen:0>, entity=com.fabiocompany.supermercadosdeltaplus.model.Cabeceraticket)
          - SQL table alias mapping - cabecerati0_
          - alias suffix - 0_
          - suffixed key columns - {idticket1_0_0_}

12:17:54.755 [main] DEBUG o.h.loader.entity.plan.EntityLoader - Static select for entity com.fabiocompany.supermercadosdeltaplus.model.Cabeceraticket [PESSIMISTIC_READ]: select cabecerati0_.idticket as idticket1_0_0_, cabecerati0_.fecha as fecha2_0_0_, cabecerati0_.idusuario as idusuari3_0_0_ from cabeceraticket cabecerati0_ where cabecerati0_.idticket=? lock in share mode
12:17:54.755 [main] DEBUG o.h.l.p.b.i.spaces.QuerySpacesImpl - Adding QuerySpace : uid = <gen:0> -> org.hibernate.loader.plan.build.internal.spaces.EntityQuerySpaceImpl@2002348]
12:17:54.755 [main] DEBUG o.h.p.w.spi.MetamodelGraphWalker - Visiting attribute path : detalletickets
12:17:54.755 [main] DEBUG o.h.p.w.spi.MetamodelGraphWalker - Visiting attribute path : fecha
12:17:54.755 [main] DEBUG o.h.p.w.spi.MetamodelGraphWalker - Visiting attribute path : usuario
12:17:54.755 [main] DEBUG o.h.l.p.b.i.spaces.QuerySpacesImpl - Adding QuerySpace : uid = <gen:1> -> org.hibernate.loader.plan.build.internal.spaces.EntityQuerySpaceImpl@31000e60]
12:17:54.755 [main] DEBUG o.h.l.p.b.i.FetchStyleLoadPlanBuildingAssociationVisitationStrategy - Building LoadPlan...
12:17:54.756 [main] DEBUG o.h.l.p.e.i.LoadQueryJoinAndFetchProcessor - processing queryspace <gen:0>
12:17:54.756 [main] DEBUG o.h.l.p.b.spi.LoadPlanTreePrinter - LoadPlan(entity=com.fabiocompany.supermercadosdeltaplus.model.Cabeceraticket)
    - Returns
       - EntityReturnImpl(entity=com.fabiocompany.supermercadosdeltaplus.model.Cabeceraticket, querySpaceUid=<gen:0>, path=com.fabiocompany.supermercadosdeltaplus.model.Cabeceraticket)
          - EntityAttributeFetchImpl(entity=com.fabiocompany.supermercadosdeltaplus.model.Usuario, querySpaceUid=<gen:1>, path=com.fabiocompany.supermercadosdeltaplus.model.Cabeceraticket.usuario)
    - QuerySpaces
       - EntityQuerySpaceImpl(uid=<gen:0>, entity=com.fabiocompany.supermercadosdeltaplus.model.Cabeceraticket)
          - SQL table alias mapping - cabecerati0_
          - alias suffix - 0_
          - suffixed key columns - {idticket1_0_0_}

12:17:54.756 [main] DEBUG o.h.loader.entity.plan.EntityLoader - Static select for entity com.fabiocompany.supermercadosdeltaplus.model.Cabeceraticket [PESSIMISTIC_WRITE]: select cabecerati0_.idticket as idticket1_0_0_, cabecerati0_.fecha as fecha2_0_0_, cabecerati0_.idusuario as idusuari3_0_0_ from cabeceraticket cabecerati0_ where cabecerati0_.idticket=? for update
12:17:54.756 [main] DEBUG o.h.l.p.b.i.spaces.QuerySpacesImpl - Adding QuerySpace : uid = <gen:0> -> org.hibernate.loader.plan.build.internal.spaces.EntityQuerySpaceImpl@1d470d0]
12:17:54.756 [main] DEBUG o.h.p.w.spi.MetamodelGraphWalker - Visiting attribute path : detalletickets
12:17:54.756 [main] DEBUG o.h.p.w.spi.MetamodelGraphWalker - Visiting attribute path : fecha
12:17:54.756 [main] DEBUG o.h.p.w.spi.MetamodelGraphWalker - Visiting attribute path : usuario
12:17:54.757 [main] DEBUG o.h.l.p.b.i.spaces.QuerySpacesImpl - Adding QuerySpace : uid = <gen:1> -> org.hibernate.loader.plan.build.internal.spaces.EntityQuerySpaceImpl@54c62d71]
12:17:54.757 [main] DEBUG o.h.l.p.b.i.FetchStyleLoadPlanBuildingAssociationVisitationStrategy - Building LoadPlan...
12:17:54.757 [main] DEBUG o.h.l.p.e.i.LoadQueryJoinAndFetchProcessor - processing queryspace <gen:0>
12:17:54.757 [main] DEBUG o.h.l.p.b.spi.LoadPlanTreePrinter - LoadPlan(entity=com.fabiocompany.supermercadosdeltaplus.model.Cabeceraticket)
    - Returns
       - EntityReturnImpl(entity=com.fabiocompany.supermercadosdeltaplus.model.Cabeceraticket, querySpaceUid=<gen:0>, path=com.fabiocompany.supermercadosdeltaplus.model.Cabeceraticket)
          - EntityAttributeFetchImpl(entity=com.fabiocompany.supermercadosdeltaplus.model.Usuario, querySpaceUid=<gen:1>, path=com.fabiocompany.supermercadosdeltaplus.model.Cabeceraticket.usuario)
    - QuerySpaces
       - EntityQuerySpaceImpl(uid=<gen:0>, entity=com.fabiocompany.supermercadosdeltaplus.model.Cabeceraticket)
          - SQL table alias mapping - cabecerati0_
          - alias suffix - 0_
          - suffixed key columns - {idticket1_0_0_}

12:17:54.757 [main] DEBUG o.h.loader.entity.plan.EntityLoader - Static select for entity com.fabiocompany.supermercadosdeltaplus.model.Cabeceraticket [PESSIMISTIC_FORCE_INCREMENT]: select cabecerati0_.idticket as idticket1_0_0_, cabecerati0_.fecha as fecha2_0_0_, cabecerati0_.idusuario as idusuari3_0_0_ from cabeceraticket cabecerati0_ where cabecerati0_.idticket=? for update
12:17:54.757 [main] DEBUG o.h.l.p.b.i.spaces.QuerySpacesImpl - Adding QuerySpace : uid = <gen:0> -> org.hibernate.loader.plan.build.internal.spaces.EntityQuerySpaceImpl@65045a87]
12:17:54.757 [main] DEBUG o.h.p.w.spi.MetamodelGraphWalker - Visiting attribute path : detalletickets
12:17:54.757 [main] DEBUG o.h.p.w.spi.MetamodelGraphWalker - Visiting attribute path : fecha
12:17:54.758 [main] DEBUG o.h.p.w.spi.MetamodelGraphWalker - Visiting attribute path : usuario
12:17:54.758 [main] DEBUG o.h.l.p.b.i.spaces.QuerySpacesImpl - Adding QuerySpace : uid = <gen:1> -> org.hibernate.loader.plan.build.internal.spaces.EntityQuerySpaceImpl@2d1dee39]
12:17:54.758 [main] DEBUG o.h.l.p.b.i.FetchStyleLoadPlanBuildingAssociationVisitationStrategy - Building LoadPlan...
12:17:54.758 [main] DEBUG o.h.l.p.e.i.LoadQueryJoinAndFetchProcessor - processing queryspace <gen:0>
12:17:54.758 [main] DEBUG o.h.l.p.b.spi.LoadPlanTreePrinter - LoadPlan(entity=com.fabiocompany.supermercadosdeltaplus.model.Cabeceraticket)
    - Returns
       - EntityReturnImpl(entity=com.fabiocompany.supermercadosdeltaplus.model.Cabeceraticket, querySpaceUid=<gen:0>, path=com.fabiocompany.supermercadosdeltaplus.model.Cabeceraticket)
          - EntityAttributeFetchImpl(entity=com.fabiocompany.supermercadosdeltaplus.model.Usuario, querySpaceUid=<gen:1>, path=com.fabiocompany.supermercadosdeltaplus.model.Cabeceraticket.usuario)
    - QuerySpaces
       - EntityQuerySpaceImpl(uid=<gen:0>, entity=com.fabiocompany.supermercadosdeltaplus.model.Cabeceraticket)
          - SQL table alias mapping - cabecerati0_
          - alias suffix - 0_
          - suffixed key columns - {idticket1_0_0_}

12:17:54.758 [main] DEBUG o.h.loader.entity.plan.EntityLoader - Static select for entity com.fabiocompany.supermercadosdeltaplus.model.Cabeceraticket [OPTIMISTIC]: select cabecerati0_.idticket as idticket1_0_0_, cabecerati0_.fecha as fecha2_0_0_, cabecerati0_.idusuario as idusuari3_0_0_ from cabeceraticket cabecerati0_ where cabecerati0_.idticket=?
12:17:54.758 [main] DEBUG o.h.l.p.b.i.spaces.QuerySpacesImpl - Adding QuerySpace : uid = <gen:0> -> org.hibernate.loader.plan.build.internal.spaces.EntityQuerySpaceImpl@48d5f34e]
12:17:54.758 [main] DEBUG o.h.p.w.spi.MetamodelGraphWalker - Visiting attribute path : detalletickets
12:17:54.758 [main] DEBUG o.h.p.w.spi.MetamodelGraphWalker - Visiting attribute path : fecha
12:17:54.759 [main] DEBUG o.h.p.w.spi.MetamodelGraphWalker - Visiting attribute path : usuario
12:17:54.759 [main] DEBUG o.h.l.p.b.i.spaces.QuerySpacesImpl - Adding QuerySpace : uid = <gen:1> -> org.hibernate.loader.plan.build.internal.spaces.EntityQuerySpaceImpl@6ff65192]
12:17:54.759 [main] DEBUG o.h.l.p.b.i.FetchStyleLoadPlanBuildingAssociationVisitationStrategy - Building LoadPlan...
12:17:54.759 [main] DEBUG o.h.l.p.e.i.LoadQueryJoinAndFetchProcessor - processing queryspace <gen:0>
12:17:54.759 [main] DEBUG o.h.l.p.b.spi.LoadPlanTreePrinter - LoadPlan(entity=com.fabiocompany.supermercadosdeltaplus.model.Cabeceraticket)
    - Returns
       - EntityReturnImpl(entity=com.fabiocompany.supermercadosdeltaplus.model.Cabeceraticket, querySpaceUid=<gen:0>, path=com.fabiocompany.supermercadosdeltaplus.model.Cabeceraticket)
          - EntityAttributeFetchImpl(entity=com.fabiocompany.supermercadosdeltaplus.model.Usuario, querySpaceUid=<gen:1>, path=com.fabiocompany.supermercadosdeltaplus.model.Cabeceraticket.usuario)
    - QuerySpaces
       - EntityQuerySpaceImpl(uid=<gen:0>, entity=com.fabiocompany.supermercadosdeltaplus.model.Cabeceraticket)
          - SQL table alias mapping - cabecerati0_
          - alias suffix - 0_
          - suffixed key columns - {idticket1_0_0_}

12:17:54.759 [main] DEBUG o.h.loader.entity.plan.EntityLoader - Static select for entity com.fabiocompany.supermercadosdeltaplus.model.Cabeceraticket [OPTIMISTIC_FORCE_INCREMENT]: select cabecerati0_.idticket as idticket1_0_0_, cabecerati0_.fecha as fecha2_0_0_, cabecerati0_.idusuario as idusuari3_0_0_ from cabeceraticket cabecerati0_ where cabecerati0_.idticket=?
12:17:54.780 [main] DEBUG org.hibernate.loader.Loader - Static select for action ACTION_MERGE on entity com.fabiocompany.supermercadosdeltaplus.model.Cabeceraticket: select cabecerati0_.idticket as idticket1_0_1_, cabecerati0_.fecha as fecha2_0_1_, cabecerati0_.idusuario as idusuari3_0_1_, detalletic1_.idticket as idticket7_0_3_, detalletic1_.iddetalleticket as iddetall1_2_3_, detalletic1_.iddetalleticket as iddetall1_2_0_, detalletic1_.idticket as idticket7_2_0_, detalletic1_.cantidad as cantidad2_2_0_, detalletic1_.cantidadporproducto as cantidad3_2_0_, detalletic1_.montodepago as montodep4_2_0_, detalletic1_.subtotal as subtotal5_2_0_, detalletic1_.idtipodepago as idtipode8_2_0_, detalletic1_.total as total6_2_0_ from cabeceraticket cabecerati0_ left outer join detalleticket detalletic1_ on cabecerati0_.idticket=detalletic1_.idticket where cabecerati0_.idticket=?
12:17:54.781 [main] DEBUG org.hibernate.loader.Loader - Static select for action ACTION_REFRESH on entity com.fabiocompany.supermercadosdeltaplus.model.Cabeceraticket: select cabecerati0_.idticket as idticket1_0_1_, cabecerati0_.fecha as fecha2_0_1_, cabecerati0_.idusuario as idusuari3_0_1_, detalletic1_.idticket as idticket7_0_3_, detalletic1_.iddetalleticket as iddetall1_2_3_, detalletic1_.iddetalleticket as iddetall1_2_0_, detalletic1_.idticket as idticket7_2_0_, detalletic1_.cantidad as cantidad2_2_0_, detalletic1_.cantidadporproducto as cantidad3_2_0_, detalletic1_.montodepago as montodep4_2_0_, detalletic1_.subtotal as subtotal5_2_0_, detalletic1_.idtipodepago as idtipode8_2_0_, detalletic1_.total as total6_2_0_ from cabeceraticket cabecerati0_ left outer join detalleticket detalletic1_ on cabecerati0_.idticket=detalletic1_.idticket where cabecerati0_.idticket=?
12:17:54.781 [main] DEBUG o.h.p.entity.AbstractEntityPersister - Static SQL for entity: com.fabiocompany.supermercadosdeltaplus.model.Tarjeta
12:17:54.781 [main] DEBUG o.h.p.entity.AbstractEntityPersister -  Version select: select idtarjeta from tarjeta where idtarjeta =?
12:17:54.782 [main] DEBUG o.h.p.entity.AbstractEntityPersister -  Snapshot select: select tarjeta_.idtarjeta, tarjeta_.nombretarjeta as nombreta2_5_, tarjeta_.numtarjeta as numtarje3_5_, tarjeta_.idtipodepago as idtipode4_5_ from tarjeta tarjeta_ where tarjeta_.idtarjeta=?
12:17:54.782 [main] DEBUG o.h.p.entity.AbstractEntityPersister -  Insert 0: insert into tarjeta (nombretarjeta, numtarjeta, idtipodepago, idtarjeta) values (?, ?, ?, ?)
12:17:54.782 [main] DEBUG o.h.p.entity.AbstractEntityPersister -  Update 0: update tarjeta set nombretarjeta=?, numtarjeta=?, idtipodepago=? where idtarjeta=?
12:17:54.782 [main] DEBUG o.h.p.entity.AbstractEntityPersister -  Delete 0: delete from tarjeta where idtarjeta=?
12:17:54.782 [main] DEBUG o.h.p.entity.AbstractEntityPersister -  Identity insert: insert into tarjeta (nombretarjeta, numtarjeta, idtipodepago) values (?, ?, ?)
12:17:54.782 [main] DEBUG o.h.l.p.b.i.spaces.QuerySpacesImpl - Adding QuerySpace : uid = <gen:0> -> org.hibernate.loader.plan.build.internal.spaces.EntityQuerySpaceImpl@65fe9e33]
12:17:54.782 [main] DEBUG o.h.p.w.spi.MetamodelGraphWalker - Visiting attribute path : nombretarjeta
12:17:54.782 [main] DEBUG o.h.p.w.spi.MetamodelGraphWalker - Visiting attribute path : numtarjeta
12:17:54.782 [main] DEBUG o.h.p.w.spi.MetamodelGraphWalker - Visiting attribute path : tipodepago
12:17:54.782 [main] DEBUG o.h.l.p.b.i.spaces.QuerySpacesImpl - Adding QuerySpace : uid = <gen:1> -> org.hibernate.loader.plan.build.internal.spaces.EntityQuerySpaceImpl@42f8285e]
12:17:54.782 [main] DEBUG o.h.p.w.spi.MetamodelGraphWalker - Visiting attribute path : tipodepago.descripciontipodepago
12:17:54.782 [main] DEBUG o.h.p.w.spi.MetamodelGraphWalker - Visiting attribute path : tipodepago.detalletickets
12:17:54.782 [main] DEBUG o.h.p.w.spi.MetamodelGraphWalker - Visiting attribute path : tipodepago.tarjetas
12:17:54.782 [main] DEBUG o.h.p.w.spi.MetamodelGraphWalker - Property path deemed to be circular : tipodepago.tarjetas
12:17:54.783 [main] DEBUG o.h.l.p.b.i.FetchStyleLoadPlanBuildingAssociationVisitationStrategy - Building LoadPlan...
12:17:54.783 [main] DEBUG o.h.l.p.e.i.LoadQueryJoinAndFetchProcessor - processing queryspace <gen:0>
12:17:54.783 [main] DEBUG o.h.l.p.b.spi.LoadPlanTreePrinter - LoadPlan(entity=com.fabiocompany.supermercadosdeltaplus.model.Tarjeta)
    - Returns
       - EntityReturnImpl(entity=com.fabiocompany.supermercadosdeltaplus.model.Tarjeta, querySpaceUid=<gen:0>, path=com.fabiocompany.supermercadosdeltaplus.model.Tarjeta)
          - EntityAttributeFetchImpl(entity=com.fabiocompany.supermercadosdeltaplus.model.Tipodepago, querySpaceUid=<gen:1>, path=com.fabiocompany.supermercadosdeltaplus.model.Tarjeta.tipodepago)
    - QuerySpaces
       - EntityQuerySpaceImpl(uid=<gen:0>, entity=com.fabiocompany.supermercadosdeltaplus.model.Tarjeta)
          - SQL table alias mapping - tarjeta0_
          - alias suffix - 0_
          - suffixed key columns - {idtarjet1_5_0_}
          - JOIN (JoinDefinedByMetadata(tipodepago)) : <gen:0> -> <gen:1>
             - EntityQuerySpaceImpl(uid=<gen:1>, entity=com.fabiocompany.supermercadosdeltaplus.model.Tipodepago)
                - SQL table alias mapping - tipodepago1_
                - alias suffix - 1_
                - suffixed key columns - {idtipode1_8_1_}

12:17:54.783 [main] DEBUG o.h.loader.entity.plan.EntityLoader - Static select for entity com.fabiocompany.supermercadosdeltaplus.model.Tarjeta [NONE]: select tarjeta0_.idtarjeta as idtarjet1_5_0_, tarjeta0_.nombretarjeta as nombreta2_5_0_, tarjeta0_.numtarjeta as numtarje3_5_0_, tarjeta0_.idtipodepago as idtipode4_5_0_, tipodepago1_.idtipodepago as idtipode1_8_1_, tipodepago1_.descripciontipodepago as descripc2_8_1_ from tarjeta tarjeta0_ left outer join tipodepago tipodepago1_ on tarjeta0_.idtipodepago=tipodepago1_.idtipodepago where tarjeta0_.idtarjeta=?
12:17:54.784 [main] DEBUG o.h.l.p.b.i.spaces.QuerySpacesImpl - Adding QuerySpace : uid = <gen:0> -> org.hibernate.loader.plan.build.internal.spaces.EntityQuerySpaceImpl@3724af13]
12:17:54.784 [main] DEBUG o.h.p.w.spi.MetamodelGraphWalker - Visiting attribute path : nombretarjeta
12:17:54.784 [main] DEBUG o.h.p.w.spi.MetamodelGraphWalker - Visiting attribute path : numtarjeta
12:17:54.784 [main] DEBUG o.h.p.w.spi.MetamodelGraphWalker - Visiting attribute path : tipodepago
12:17:54.784 [main] DEBUG o.h.l.p.b.i.spaces.QuerySpacesImpl - Adding QuerySpace : uid = <gen:1> -> org.hibernate.loader.plan.build.internal.spaces.EntityQuerySpaceImpl@6b53bcc2]
12:17:54.784 [main] DEBUG o.h.p.w.spi.MetamodelGraphWalker - Visiting attribute path : tipodepago.descripciontipodepago
12:17:54.784 [main] DEBUG o.h.p.w.spi.MetamodelGraphWalker - Visiting attribute path : tipodepago.detalletickets
12:17:54.784 [main] DEBUG o.h.p.w.spi.MetamodelGraphWalker - Visiting attribute path : tipodepago.tarjetas
12:17:54.784 [main] DEBUG o.h.p.w.spi.MetamodelGraphWalker - Property path deemed to be circular : tipodepago.tarjetas
12:17:54.785 [main] DEBUG o.h.l.p.b.i.FetchStyleLoadPlanBuildingAssociationVisitationStrategy - Building LoadPlan...
12:17:54.785 [main] DEBUG o.h.l.p.e.i.LoadQueryJoinAndFetchProcessor - processing queryspace <gen:0>
12:17:54.786 [main] DEBUG o.h.l.p.b.spi.LoadPlanTreePrinter - LoadPlan(entity=com.fabiocompany.supermercadosdeltaplus.model.Tarjeta)
    - Returns
       - EntityReturnImpl(entity=com.fabiocompany.supermercadosdeltaplus.model.Tarjeta, querySpaceUid=<gen:0>, path=com.fabiocompany.supermercadosdeltaplus.model.Tarjeta)
          - EntityAttributeFetchImpl(entity=com.fabiocompany.supermercadosdeltaplus.model.Tipodepago, querySpaceUid=<gen:1>, path=com.fabiocompany.supermercadosdeltaplus.model.Tarjeta.tipodepago)
    - QuerySpaces
       - EntityQuerySpaceImpl(uid=<gen:0>, entity=com.fabiocompany.supermercadosdeltaplus.model.Tarjeta)
          - SQL table alias mapping - tarjeta0_
          - alias suffix - 0_
          - suffixed key columns - {idtarjet1_5_0_}
          - JOIN (JoinDefinedByMetadata(tipodepago)) : <gen:0> -> <gen:1>
             - EntityQuerySpaceImpl(uid=<gen:1>, entity=com.fabiocompany.supermercadosdeltaplus.model.Tipodepago)
                - SQL table alias mapping - tipodepago1_
                - alias suffix - 1_
                - suffixed key columns - {idtipode1_8_1_}

12:17:54.786 [main] DEBUG o.h.loader.entity.plan.EntityLoader - Static select for entity com.fabiocompany.supermercadosdeltaplus.model.Tarjeta [READ]: select tarjeta0_.idtarjeta as idtarjet1_5_0_, tarjeta0_.nombretarjeta as nombreta2_5_0_, tarjeta0_.numtarjeta as numtarje3_5_0_, tarjeta0_.idtipodepago as idtipode4_5_0_, tipodepago1_.idtipodepago as idtipode1_8_1_, tipodepago1_.descripciontipodepago as descripc2_8_1_ from tarjeta tarjeta0_ left outer join tipodepago tipodepago1_ on tarjeta0_.idtipodepago=tipodepago1_.idtipodepago where tarjeta0_.idtarjeta=?
12:17:54.786 [main] DEBUG o.h.l.p.b.i.spaces.QuerySpacesImpl - Adding QuerySpace : uid = <gen:0> -> org.hibernate.loader.plan.build.internal.spaces.EntityQuerySpaceImpl@a43ce46]
12:17:54.786 [main] DEBUG o.h.p.w.spi.MetamodelGraphWalker - Visiting attribute path : nombretarjeta
12:17:54.786 [main] DEBUG o.h.p.w.spi.MetamodelGraphWalker - Visiting attribute path : numtarjeta
12:17:54.786 [main] DEBUG o.h.p.w.spi.MetamodelGraphWalker - Visiting attribute path : tipodepago
12:17:54.786 [main] DEBUG o.h.l.p.b.i.spaces.QuerySpacesImpl - Adding QuerySpace : uid = <gen:1> -> org.hibernate.loader.plan.build.internal.spaces.EntityQuerySpaceImpl@424ebba3]
12:17:54.787 [main] DEBUG o.h.l.p.b.i.FetchStyleLoadPlanBuildingAssociationVisitationStrategy - Building LoadPlan...
12:17:54.787 [main] DEBUG o.h.l.p.e.i.LoadQueryJoinAndFetchProcessor - processing queryspace <gen:0>
12:17:54.787 [main] DEBUG o.h.l.p.b.spi.LoadPlanTreePrinter - LoadPlan(entity=com.fabiocompany.supermercadosdeltaplus.model.Tarjeta)
    - Returns
       - EntityReturnImpl(entity=com.fabiocompany.supermercadosdeltaplus.model.Tarjeta, querySpaceUid=<gen:0>, path=com.fabiocompany.supermercadosdeltaplus.model.Tarjeta)
          - EntityAttributeFetchImpl(entity=com.fabiocompany.supermercadosdeltaplus.model.Tipodepago, querySpaceUid=<gen:1>, path=com.fabiocompany.supermercadosdeltaplus.model.Tarjeta.tipodepago)
    - QuerySpaces
       - EntityQuerySpaceImpl(uid=<gen:0>, entity=com.fabiocompany.supermercadosdeltaplus.model.Tarjeta)
          - SQL table alias mapping - tarjeta0_
          - alias suffix - 0_
          - suffixed key columns - {idtarjet1_5_0_}

12:17:54.787 [main] DEBUG o.h.loader.entity.plan.EntityLoader - Static select for entity com.fabiocompany.supermercadosdeltaplus.model.Tarjeta [UPGRADE]: select tarjeta0_.idtarjeta as idtarjet1_5_0_, tarjeta0_.nombretarjeta as nombreta2_5_0_, tarjeta0_.numtarjeta as numtarje3_5_0_, tarjeta0_.idtipodepago as idtipode4_5_0_ from tarjeta tarjeta0_ where tarjeta0_.idtarjeta=? for update
12:17:54.788 [main] DEBUG o.h.l.p.b.i.spaces.QuerySpacesImpl - Adding QuerySpace : uid = <gen:0> -> org.hibernate.loader.plan.build.internal.spaces.EntityQuerySpaceImpl@37052337]
12:17:54.788 [main] DEBUG o.h.p.w.spi.MetamodelGraphWalker - Visiting attribute path : nombretarjeta
12:17:54.788 [main] DEBUG o.h.p.w.spi.MetamodelGraphWalker - Visiting attribute path : numtarjeta
12:17:54.788 [main] DEBUG o.h.p.w.spi.MetamodelGraphWalker - Visiting attribute path : tipodepago
12:17:54.788 [main] DEBUG o.h.l.p.b.i.spaces.QuerySpacesImpl - Adding QuerySpace : uid = <gen:1> -> org.hibernate.loader.plan.build.internal.spaces.EntityQuerySpaceImpl@7a560583]
12:17:54.788 [main] DEBUG o.h.l.p.b.i.FetchStyleLoadPlanBuildingAssociationVisitationStrategy - Building LoadPlan...
12:17:54.788 [main] DEBUG o.h.l.p.e.i.LoadQueryJoinAndFetchProcessor - processing queryspace <gen:0>
12:17:54.789 [main] DEBUG o.h.l.p.b.spi.LoadPlanTreePrinter - LoadPlan(entity=com.fabiocompany.supermercadosdeltaplus.model.Tarjeta)
    - Returns
       - EntityReturnImpl(entity=com.fabiocompany.supermercadosdeltaplus.model.Tarjeta, querySpaceUid=<gen:0>, path=com.fabiocompany.supermercadosdeltaplus.model.Tarjeta)
          - EntityAttributeFetchImpl(entity=com.fabiocompany.supermercadosdeltaplus.model.Tipodepago, querySpaceUid=<gen:1>, path=com.fabiocompany.supermercadosdeltaplus.model.Tarjeta.tipodepago)
    - QuerySpaces
       - EntityQuerySpaceImpl(uid=<gen:0>, entity=com.fabiocompany.supermercadosdeltaplus.model.Tarjeta)
          - SQL table alias mapping - tarjeta0_
          - alias suffix - 0_
          - suffixed key columns - {idtarjet1_5_0_}

12:17:54.789 [main] DEBUG o.h.loader.entity.plan.EntityLoader - Static select for entity com.fabiocompany.supermercadosdeltaplus.model.Tarjeta [UPGRADE_NOWAIT]: select tarjeta0_.idtarjeta as idtarjet1_5_0_, tarjeta0_.nombretarjeta as nombreta2_5_0_, tarjeta0_.numtarjeta as numtarje3_5_0_, tarjeta0_.idtipodepago as idtipode4_5_0_ from tarjeta tarjeta0_ where tarjeta0_.idtarjeta=? for update
12:17:54.789 [main] DEBUG o.h.l.p.b.i.spaces.QuerySpacesImpl - Adding QuerySpace : uid = <gen:0> -> org.hibernate.loader.plan.build.internal.spaces.EntityQuerySpaceImpl@4d722ac9]
12:17:54.789 [main] DEBUG o.h.p.w.spi.MetamodelGraphWalker - Visiting attribute path : nombretarjeta
12:17:54.789 [main] DEBUG o.h.p.w.spi.MetamodelGraphWalker - Visiting attribute path : numtarjeta
12:17:54.789 [main] DEBUG o.h.p.w.spi.MetamodelGraphWalker - Visiting attribute path : tipodepago
12:17:54.789 [main] DEBUG o.h.l.p.b.i.spaces.QuerySpacesImpl - Adding QuerySpace : uid = <gen:1> -> org.hibernate.loader.plan.build.internal.spaces.EntityQuerySpaceImpl@77a7cf58]
12:17:54.790 [main] DEBUG o.h.l.p.b.i.FetchStyleLoadPlanBuildingAssociationVisitationStrategy - Building LoadPlan...
12:17:54.790 [main] DEBUG o.h.l.p.e.i.LoadQueryJoinAndFetchProcessor - processing queryspace <gen:0>
12:17:54.790 [main] DEBUG o.h.l.p.b.spi.LoadPlanTreePrinter - LoadPlan(entity=com.fabiocompany.supermercadosdeltaplus.model.Tarjeta)
    - Returns
       - EntityReturnImpl(entity=com.fabiocompany.supermercadosdeltaplus.model.Tarjeta, querySpaceUid=<gen:0>, path=com.fabiocompany.supermercadosdeltaplus.model.Tarjeta)
          - EntityAttributeFetchImpl(entity=com.fabiocompany.supermercadosdeltaplus.model.Tipodepago, querySpaceUid=<gen:1>, path=com.fabiocompany.supermercadosdeltaplus.model.Tarjeta.tipodepago)
    - QuerySpaces
       - EntityQuerySpaceImpl(uid=<gen:0>, entity=com.fabiocompany.supermercadosdeltaplus.model.Tarjeta)
          - SQL table alias mapping - tarjeta0_
          - alias suffix - 0_
          - suffixed key columns - {idtarjet1_5_0_}

12:17:54.790 [main] DEBUG o.h.loader.entity.plan.EntityLoader - Static select for entity com.fabiocompany.supermercadosdeltaplus.model.Tarjeta [UPGRADE_SKIPLOCKED]: select tarjeta0_.idtarjeta as idtarjet1_5_0_, tarjeta0_.nombretarjeta as nombreta2_5_0_, tarjeta0_.numtarjeta as numtarje3_5_0_, tarjeta0_.idtipodepago as idtipode4_5_0_ from tarjeta tarjeta0_ where tarjeta0_.idtarjeta=? for update
12:17:54.791 [main] DEBUG o.h.l.p.b.i.spaces.QuerySpacesImpl - Adding QuerySpace : uid = <gen:0> -> org.hibernate.loader.plan.build.internal.spaces.EntityQuerySpaceImpl@3d97a632]
12:17:54.791 [main] DEBUG o.h.p.w.spi.MetamodelGraphWalker - Visiting attribute path : nombretarjeta
12:17:54.791 [main] DEBUG o.h.p.w.spi.MetamodelGraphWalker - Visiting attribute path : numtarjeta
12:17:54.791 [main] DEBUG o.h.p.w.spi.MetamodelGraphWalker - Visiting attribute path : tipodepago
12:17:54.791 [main] DEBUG o.h.l.p.b.i.spaces.QuerySpacesImpl - Adding QuerySpace : uid = <gen:1> -> org.hibernate.loader.plan.build.internal.spaces.EntityQuerySpaceImpl@37efd131]
12:17:54.791 [main] DEBUG o.h.l.p.b.i.FetchStyleLoadPlanBuildingAssociationVisitationStrategy - Building LoadPlan...
12:17:54.791 [main] DEBUG o.h.l.p.e.i.LoadQueryJoinAndFetchProcessor - processing queryspace <gen:0>
12:17:54.792 [main] DEBUG o.h.l.p.b.spi.LoadPlanTreePrinter - LoadPlan(entity=com.fabiocompany.supermercadosdeltaplus.model.Tarjeta)
    - Returns
       - EntityReturnImpl(entity=com.fabiocompany.supermercadosdeltaplus.model.Tarjeta, querySpaceUid=<gen:0>, path=com.fabiocompany.supermercadosdeltaplus.model.Tarjeta)
          - EntityAttributeFetchImpl(entity=com.fabiocompany.supermercadosdeltaplus.model.Tipodepago, querySpaceUid=<gen:1>, path=com.fabiocompany.supermercadosdeltaplus.model.Tarjeta.tipodepago)
    - QuerySpaces
       - EntityQuerySpaceImpl(uid=<gen:0>, entity=com.fabiocompany.supermercadosdeltaplus.model.Tarjeta)
          - SQL table alias mapping - tarjeta0_
          - alias suffix - 0_
          - suffixed key columns - {idtarjet1_5_0_}

12:17:54.792 [main] DEBUG o.h.loader.entity.plan.EntityLoader - Static select for entity com.fabiocompany.supermercadosdeltaplus.model.Tarjeta [FORCE]: select tarjeta0_.idtarjeta as idtarjet1_5_0_, tarjeta0_.nombretarjeta as nombreta2_5_0_, tarjeta0_.numtarjeta as numtarje3_5_0_, tarjeta0_.idtipodepago as idtipode4_5_0_ from tarjeta tarjeta0_ where tarjeta0_.idtarjeta=? for update
12:17:54.792 [main] DEBUG o.h.l.p.b.i.spaces.QuerySpacesImpl - Adding QuerySpace : uid = <gen:0> -> org.hibernate.loader.plan.build.internal.spaces.EntityQuerySpaceImpl@7e7b159b]
12:17:54.792 [main] DEBUG o.h.p.w.spi.MetamodelGraphWalker - Visiting attribute path : nombretarjeta
12:17:54.792 [main] DEBUG o.h.p.w.spi.MetamodelGraphWalker - Visiting attribute path : numtarjeta
12:17:54.792 [main] DEBUG o.h.p.w.spi.MetamodelGraphWalker - Visiting attribute path : tipodepago
12:17:54.792 [main] DEBUG o.h.l.p.b.i.spaces.QuerySpacesImpl - Adding QuerySpace : uid = <gen:1> -> org.hibernate.loader.plan.build.internal.spaces.EntityQuerySpaceImpl@60957c0f]
12:17:54.793 [main] DEBUG o.h.l.p.b.i.FetchStyleLoadPlanBuildingAssociationVisitationStrategy - Building LoadPlan...
12:17:54.793 [main] DEBUG o.h.l.p.e.i.LoadQueryJoinAndFetchProcessor - processing queryspace <gen:0>
12:17:54.793 [main] DEBUG o.h.l.p.b.spi.LoadPlanTreePrinter - LoadPlan(entity=com.fabiocompany.supermercadosdeltaplus.model.Tarjeta)
    - Returns
       - EntityReturnImpl(entity=com.fabiocompany.supermercadosdeltaplus.model.Tarjeta, querySpaceUid=<gen:0>, path=com.fabiocompany.supermercadosdeltaplus.model.Tarjeta)
          - EntityAttributeFetchImpl(entity=com.fabiocompany.supermercadosdeltaplus.model.Tipodepago, querySpaceUid=<gen:1>, path=com.fabiocompany.supermercadosdeltaplus.model.Tarjeta.tipodepago)
    - QuerySpaces
       - EntityQuerySpaceImpl(uid=<gen:0>, entity=com.fabiocompany.supermercadosdeltaplus.model.Tarjeta)
          - SQL table alias mapping - tarjeta0_
          - alias suffix - 0_
          - suffixed key columns - {idtarjet1_5_0_}

12:17:54.793 [main] DEBUG o.h.loader.entity.plan.EntityLoader - Static select for entity com.fabiocompany.supermercadosdeltaplus.model.Tarjeta [PESSIMISTIC_READ]: select tarjeta0_.idtarjeta as idtarjet1_5_0_, tarjeta0_.nombretarjeta as nombreta2_5_0_, tarjeta0_.numtarjeta as numtarje3_5_0_, tarjeta0_.idtipodepago as idtipode4_5_0_ from tarjeta tarjeta0_ where tarjeta0_.idtarjeta=? lock in share mode
12:17:54.793 [main] DEBUG o.h.l.p.b.i.spaces.QuerySpacesImpl - Adding QuerySpace : uid = <gen:0> -> org.hibernate.loader.plan.build.internal.spaces.EntityQuerySpaceImpl@293a5f75]
12:17:54.794 [main] DEBUG o.h.p.w.spi.MetamodelGraphWalker - Visiting attribute path : nombretarjeta
12:17:54.794 [main] DEBUG o.h.p.w.spi.MetamodelGraphWalker - Visiting attribute path : numtarjeta
12:17:54.794 [main] DEBUG o.h.p.w.spi.MetamodelGraphWalker - Visiting attribute path : tipodepago
12:17:54.794 [main] DEBUG o.h.l.p.b.i.spaces.QuerySpacesImpl - Adding QuerySpace : uid = <gen:1> -> org.hibernate.loader.plan.build.internal.spaces.EntityQuerySpaceImpl@1dd6d4b7]
12:17:54.794 [main] DEBUG o.h.l.p.b.i.FetchStyleLoadPlanBuildingAssociationVisitationStrategy - Building LoadPlan...
12:17:54.794 [main] DEBUG o.h.l.p.e.i.LoadQueryJoinAndFetchProcessor - processing queryspace <gen:0>
12:17:54.795 [main] DEBUG o.h.l.p.b.spi.LoadPlanTreePrinter - LoadPlan(entity=com.fabiocompany.supermercadosdeltaplus.model.Tarjeta)
    - Returns
       - EntityReturnImpl(entity=com.fabiocompany.supermercadosdeltaplus.model.Tarjeta, querySpaceUid=<gen:0>, path=com.fabiocompany.supermercadosdeltaplus.model.Tarjeta)
          - EntityAttributeFetchImpl(entity=com.fabiocompany.supermercadosdeltaplus.model.Tipodepago, querySpaceUid=<gen:1>, path=com.fabiocompany.supermercadosdeltaplus.model.Tarjeta.tipodepago)
    - QuerySpaces
       - EntityQuerySpaceImpl(uid=<gen:0>, entity=com.fabiocompany.supermercadosdeltaplus.model.Tarjeta)
          - SQL table alias mapping - tarjeta0_
          - alias suffix - 0_
          - suffixed key columns - {idtarjet1_5_0_}

12:17:54.795 [main] DEBUG o.h.loader.entity.plan.EntityLoader - Static select for entity com.fabiocompany.supermercadosdeltaplus.model.Tarjeta [PESSIMISTIC_WRITE]: select tarjeta0_.idtarjeta as idtarjet1_5_0_, tarjeta0_.nombretarjeta as nombreta2_5_0_, tarjeta0_.numtarjeta as numtarje3_5_0_, tarjeta0_.idtipodepago as idtipode4_5_0_ from tarjeta tarjeta0_ where tarjeta0_.idtarjeta=? for update
12:17:54.795 [main] DEBUG o.h.l.p.b.i.spaces.QuerySpacesImpl - Adding QuerySpace : uid = <gen:0> -> org.hibernate.loader.plan.build.internal.spaces.EntityQuerySpaceImpl@56e8b606]
12:17:54.795 [main] DEBUG o.h.p.w.spi.MetamodelGraphWalker - Visiting attribute path : nombretarjeta
12:17:54.795 [main] DEBUG o.h.p.w.spi.MetamodelGraphWalker - Visiting attribute path : numtarjeta
12:17:54.795 [main] DEBUG o.h.p.w.spi.MetamodelGraphWalker - Visiting attribute path : tipodepago
12:17:54.795 [main] DEBUG o.h.l.p.b.i.spaces.QuerySpacesImpl - Adding QuerySpace : uid = <gen:1> -> org.hibernate.loader.plan.build.internal.spaces.EntityQuerySpaceImpl@784c3487]
12:17:54.795 [main] DEBUG o.h.l.p.b.i.FetchStyleLoadPlanBuildingAssociationVisitationStrategy - Building LoadPlan...
12:17:54.796 [main] DEBUG o.h.l.p.e.i.LoadQueryJoinAndFetchProcessor - processing queryspace <gen:0>
12:17:54.796 [main] DEBUG o.h.l.p.b.spi.LoadPlanTreePrinter - LoadPlan(entity=com.fabiocompany.supermercadosdeltaplus.model.Tarjeta)
    - Returns
       - EntityReturnImpl(entity=com.fabiocompany.supermercadosdeltaplus.model.Tarjeta, querySpaceUid=<gen:0>, path=com.fabiocompany.supermercadosdeltaplus.model.Tarjeta)
          - EntityAttributeFetchImpl(entity=com.fabiocompany.supermercadosdeltaplus.model.Tipodepago, querySpaceUid=<gen:1>, path=com.fabiocompany.supermercadosdeltaplus.model.Tarjeta.tipodepago)
    - QuerySpaces
       - EntityQuerySpaceImpl(uid=<gen:0>, entity=com.fabiocompany.supermercadosdeltaplus.model.Tarjeta)
          - SQL table alias mapping - tarjeta0_
          - alias suffix - 0_
          - suffixed key columns - {idtarjet1_5_0_}

12:17:54.796 [main] DEBUG o.h.loader.entity.plan.EntityLoader - Static select for entity com.fabiocompany.supermercadosdeltaplus.model.Tarjeta [PESSIMISTIC_FORCE_INCREMENT]: select tarjeta0_.idtarjeta as idtarjet1_5_0_, tarjeta0_.nombretarjeta as nombreta2_5_0_, tarjeta0_.numtarjeta as numtarje3_5_0_, tarjeta0_.idtipodepago as idtipode4_5_0_ from tarjeta tarjeta0_ where tarjeta0_.idtarjeta=? for update
12:17:54.796 [main] DEBUG o.h.l.p.b.i.spaces.QuerySpacesImpl - Adding QuerySpace : uid = <gen:0> -> org.hibernate.loader.plan.build.internal.spaces.EntityQuerySpaceImpl@53142455]
12:17:54.796 [main] DEBUG o.h.p.w.spi.MetamodelGraphWalker - Visiting attribute path : nombretarjeta
12:17:54.796 [main] DEBUG o.h.p.w.spi.MetamodelGraphWalker - Visiting attribute path : numtarjeta
12:17:54.796 [main] DEBUG o.h.p.w.spi.MetamodelGraphWalker - Visiting attribute path : tipodepago
12:17:54.797 [main] DEBUG o.h.l.p.b.i.spaces.QuerySpacesImpl - Adding QuerySpace : uid = <gen:1> -> org.hibernate.loader.plan.build.internal.spaces.EntityQuerySpaceImpl@7966baa7]
12:17:54.797 [main] DEBUG o.h.l.p.b.i.FetchStyleLoadPlanBuildingAssociationVisitationStrategy - Building LoadPlan...
12:17:54.797 [main] DEBUG o.h.l.p.e.i.LoadQueryJoinAndFetchProcessor - processing queryspace <gen:0>
12:17:54.797 [main] DEBUG o.h.l.p.b.spi.LoadPlanTreePrinter - LoadPlan(entity=com.fabiocompany.supermercadosdeltaplus.model.Tarjeta)
    - Returns
       - EntityReturnImpl(entity=com.fabiocompany.supermercadosdeltaplus.model.Tarjeta, querySpaceUid=<gen:0>, path=com.fabiocompany.supermercadosdeltaplus.model.Tarjeta)
          - EntityAttributeFetchImpl(entity=com.fabiocompany.supermercadosdeltaplus.model.Tipodepago, querySpaceUid=<gen:1>, path=com.fabiocompany.supermercadosdeltaplus.model.Tarjeta.tipodepago)
    - QuerySpaces
       - EntityQuerySpaceImpl(uid=<gen:0>, entity=com.fabiocompany.supermercadosdeltaplus.model.Tarjeta)
          - SQL table alias mapping - tarjeta0_
          - alias suffix - 0_
          - suffixed key columns - {idtarjet1_5_0_}

12:17:54.797 [main] DEBUG o.h.loader.entity.plan.EntityLoader - Static select for entity com.fabiocompany.supermercadosdeltaplus.model.Tarjeta [OPTIMISTIC]: select tarjeta0_.idtarjeta as idtarjet1_5_0_, tarjeta0_.nombretarjeta as nombreta2_5_0_, tarjeta0_.numtarjeta as numtarje3_5_0_, tarjeta0_.idtipodepago as idtipode4_5_0_ from tarjeta tarjeta0_ where tarjeta0_.idtarjeta=?
12:17:54.798 [main] DEBUG o.h.l.p.b.i.spaces.QuerySpacesImpl - Adding QuerySpace : uid = <gen:0> -> org.hibernate.loader.plan.build.internal.spaces.EntityQuerySpaceImpl@60975100]
12:17:54.798 [main] DEBUG o.h.p.w.spi.MetamodelGraphWalker - Visiting attribute path : nombretarjeta
12:17:54.798 [main] DEBUG o.h.p.w.spi.MetamodelGraphWalker - Visiting attribute path : numtarjeta
12:17:54.798 [main] DEBUG o.h.p.w.spi.MetamodelGraphWalker - Visiting attribute path : tipodepago
12:17:54.798 [main] DEBUG o.h.l.p.b.i.spaces.QuerySpacesImpl - Adding QuerySpace : uid = <gen:1> -> org.hibernate.loader.plan.build.internal.spaces.EntityQuerySpaceImpl@2d36e77e]
12:17:54.798 [main] DEBUG o.h.l.p.b.i.FetchStyleLoadPlanBuildingAssociationVisitationStrategy - Building LoadPlan...
12:17:54.798 [main] DEBUG o.h.l.p.e.i.LoadQueryJoinAndFetchProcessor - processing queryspace <gen:0>
12:17:54.798 [main] DEBUG o.h.l.p.b.spi.LoadPlanTreePrinter - LoadPlan(entity=com.fabiocompany.supermercadosdeltaplus.model.Tarjeta)
    - Returns
       - EntityReturnImpl(entity=com.fabiocompany.supermercadosdeltaplus.model.Tarjeta, querySpaceUid=<gen:0>, path=com.fabiocompany.supermercadosdeltaplus.model.Tarjeta)
          - EntityAttributeFetchImpl(entity=com.fabiocompany.supermercadosdeltaplus.model.Tipodepago, querySpaceUid=<gen:1>, path=com.fabiocompany.supermercadosdeltaplus.model.Tarjeta.tipodepago)
    - QuerySpaces
       - EntityQuerySpaceImpl(uid=<gen:0>, entity=com.fabiocompany.supermercadosdeltaplus.model.Tarjeta)
          - SQL table alias mapping - tarjeta0_
          - alias suffix - 0_
          - suffixed key columns - {idtarjet1_5_0_}

12:17:54.798 [main] DEBUG o.h.loader.entity.plan.EntityLoader - Static select for entity com.fabiocompany.supermercadosdeltaplus.model.Tarjeta [OPTIMISTIC_FORCE_INCREMENT]: select tarjeta0_.idtarjeta as idtarjet1_5_0_, tarjeta0_.nombretarjeta as nombreta2_5_0_, tarjeta0_.numtarjeta as numtarje3_5_0_, tarjeta0_.idtipodepago as idtipode4_5_0_ from tarjeta tarjeta0_ where tarjeta0_.idtarjeta=?
12:17:54.799 [main] DEBUG org.hibernate.loader.Loader - Static select for action ACTION_MERGE on entity com.fabiocompany.supermercadosdeltaplus.model.Tarjeta: select tarjeta0_.idtarjeta as idtarjet1_5_0_, tarjeta0_.nombretarjeta as nombreta2_5_0_, tarjeta0_.numtarjeta as numtarje3_5_0_, tarjeta0_.idtipodepago as idtipode4_5_0_ from tarjeta tarjeta0_ where tarjeta0_.idtarjeta=?
12:17:54.799 [main] DEBUG org.hibernate.loader.Loader - Static select for action ACTION_REFRESH on entity com.fabiocompany.supermercadosdeltaplus.model.Tarjeta: select tarjeta0_.idtarjeta as idtarjet1_5_0_, tarjeta0_.nombretarjeta as nombreta2_5_0_, tarjeta0_.numtarjeta as numtarje3_5_0_, tarjeta0_.idtipodepago as idtipode4_5_0_ from tarjeta tarjeta0_ where tarjeta0_.idtarjeta=?
12:17:54.799 [main] DEBUG o.h.p.entity.AbstractEntityPersister - Static SQL for entity: com.fabiocompany.supermercadosdeltaplus.model.Personausuario
12:17:54.799 [main] DEBUG o.h.p.entity.AbstractEntityPersister -  Version select: select idpersonausuario from personausuario where idpersonausuario =?
12:17:54.799 [main] DEBUG o.h.p.entity.AbstractEntityPersister -  Snapshot select: select personausu_.idpersonausuario, personausu_.correo as correo2_3_, personausu_.dnipersonausuario as dniperso3_3_, personausu_.nombrepersonausuario as nombrepe4_3_, personausu_.numerodetelefono as numerode5_3_ from personausuario personausu_ where personausu_.idpersonausuario=?
12:17:54.800 [main] DEBUG o.h.p.entity.AbstractEntityPersister -  Insert 0: insert into personausuario (correo, dnipersonausuario, nombrepersonausuario, numerodetelefono, idpersonausuario) values (?, ?, ?, ?, ?)
12:17:54.800 [main] DEBUG o.h.p.entity.AbstractEntityPersister -  Update 0: update personausuario set correo=?, dnipersonausuario=?, nombrepersonausuario=?, numerodetelefono=? where idpersonausuario=?
12:17:54.800 [main] DEBUG o.h.p.entity.AbstractEntityPersister -  Delete 0: delete from personausuario where idpersonausuario=?
12:17:54.800 [main] DEBUG o.h.p.entity.AbstractEntityPersister -  Identity insert: insert into personausuario (correo, dnipersonausuario, nombrepersonausuario, numerodetelefono) values (?, ?, ?, ?)
12:17:54.800 [main] DEBUG o.h.l.p.b.i.spaces.QuerySpacesImpl - Adding QuerySpace : uid = <gen:0> -> org.hibernate.loader.plan.build.internal.spaces.EntityQuerySpaceImpl@61c9c3fd]
12:17:54.800 [main] DEBUG o.h.p.w.spi.MetamodelGraphWalker - Visiting attribute path : correo
12:17:54.800 [main] DEBUG o.h.p.w.spi.MetamodelGraphWalker - Visiting attribute path : dnipersonausuario
12:17:54.800 [main] DEBUG o.h.p.w.spi.MetamodelGraphWalker - Visiting attribute path : nombrepersonausuario
12:17:54.800 [main] DEBUG o.h.p.w.spi.MetamodelGraphWalker - Visiting attribute path : numerodetelefono
12:17:54.800 [main] DEBUG o.h.l.p.b.i.FetchStyleLoadPlanBuildingAssociationVisitationStrategy - Building LoadPlan...
12:17:54.801 [main] DEBUG o.h.l.p.e.i.LoadQueryJoinAndFetchProcessor - processing queryspace <gen:0>
12:17:54.801 [main] DEBUG o.h.l.p.b.spi.LoadPlanTreePrinter - LoadPlan(entity=com.fabiocompany.supermercadosdeltaplus.model.Personausuario)
    - Returns
       - EntityReturnImpl(entity=com.fabiocompany.supermercadosdeltaplus.model.Personausuario, querySpaceUid=<gen:0>, path=com.fabiocompany.supermercadosdeltaplus.model.Personausuario)
    - QuerySpaces
       - EntityQuerySpaceImpl(uid=<gen:0>, entity=com.fabiocompany.supermercadosdeltaplus.model.Personausuario)
          - SQL table alias mapping - personausu0_
          - alias suffix - 0_
          - suffixed key columns - {idperson1_3_0_}

12:17:54.801 [main] DEBUG o.h.loader.entity.plan.EntityLoader - Static select for entity com.fabiocompany.supermercadosdeltaplus.model.Personausuario [NONE]: select personausu0_.idpersonausuario as idperson1_3_0_, personausu0_.correo as correo2_3_0_, personausu0_.dnipersonausuario as dniperso3_3_0_, personausu0_.nombrepersonausuario as nombrepe4_3_0_, personausu0_.numerodetelefono as numerode5_3_0_ from personausuario personausu0_ where personausu0_.idpersonausuario=?
12:17:54.801 [main] DEBUG o.h.l.p.b.i.spaces.QuerySpacesImpl - Adding QuerySpace : uid = <gen:0> -> org.hibernate.loader.plan.build.internal.spaces.EntityQuerySpaceImpl@366c4480]
12:17:54.801 [main] DEBUG o.h.p.w.spi.MetamodelGraphWalker - Visiting attribute path : correo
12:17:54.801 [main] DEBUG o.h.p.w.spi.MetamodelGraphWalker - Visiting attribute path : dnipersonausuario
12:17:54.801 [main] DEBUG o.h.p.w.spi.MetamodelGraphWalker - Visiting attribute path : nombrepersonausuario
12:17:54.801 [main] DEBUG o.h.p.w.spi.MetamodelGraphWalker - Visiting attribute path : numerodetelefono
12:17:54.802 [main] DEBUG o.h.l.p.b.i.FetchStyleLoadPlanBuildingAssociationVisitationStrategy - Building LoadPlan...
12:17:54.802 [main] DEBUG o.h.l.p.e.i.LoadQueryJoinAndFetchProcessor - processing queryspace <gen:0>
12:17:54.802 [main] DEBUG o.h.l.p.b.spi.LoadPlanTreePrinter - LoadPlan(entity=com.fabiocompany.supermercadosdeltaplus.model.Personausuario)
    - Returns
       - EntityReturnImpl(entity=com.fabiocompany.supermercadosdeltaplus.model.Personausuario, querySpaceUid=<gen:0>, path=com.fabiocompany.supermercadosdeltaplus.model.Personausuario)
    - QuerySpaces
       - EntityQuerySpaceImpl(uid=<gen:0>, entity=com.fabiocompany.supermercadosdeltaplus.model.Personausuario)
          - SQL table alias mapping - personausu0_
          - alias suffix - 0_
          - suffixed key columns - {idperson1_3_0_}

12:17:54.802 [main] DEBUG o.h.loader.entity.plan.EntityLoader - Static select for entity com.fabiocompany.supermercadosdeltaplus.model.Personausuario [READ]: select personausu0_.idpersonausuario as idperson1_3_0_, personausu0_.correo as correo2_3_0_, personausu0_.dnipersonausuario as dniperso3_3_0_, personausu0_.nombrepersonausuario as nombrepe4_3_0_, personausu0_.numerodetelefono as numerode5_3_0_ from personausuario personausu0_ where personausu0_.idpersonausuario=?
12:17:54.803 [main] DEBUG o.h.l.p.b.i.spaces.QuerySpacesImpl - Adding QuerySpace : uid = <gen:0> -> org.hibernate.loader.plan.build.internal.spaces.EntityQuerySpaceImpl@302a07d]
12:17:54.803 [main] DEBUG o.h.p.w.spi.MetamodelGraphWalker - Visiting attribute path : correo
12:17:54.803 [main] DEBUG o.h.p.w.spi.MetamodelGraphWalker - Visiting attribute path : dnipersonausuario
12:17:54.803 [main] DEBUG o.h.p.w.spi.MetamodelGraphWalker - Visiting attribute path : nombrepersonausuario
12:17:54.803 [main] DEBUG o.h.p.w.spi.MetamodelGraphWalker - Visiting attribute path : numerodetelefono
12:17:54.803 [main] DEBUG o.h.l.p.b.i.FetchStyleLoadPlanBuildingAssociationVisitationStrategy - Building LoadPlan...
12:17:54.803 [main] DEBUG o.h.l.p.e.i.LoadQueryJoinAndFetchProcessor - processing queryspace <gen:0>
12:17:54.804 [main] DEBUG o.h.l.p.b.spi.LoadPlanTreePrinter - LoadPlan(entity=com.fabiocompany.supermercadosdeltaplus.model.Personausuario)
    - Returns
       - EntityReturnImpl(entity=com.fabiocompany.supermercadosdeltaplus.model.Personausuario, querySpaceUid=<gen:0>, path=com.fabiocompany.supermercadosdeltaplus.model.Personausuario)
    - QuerySpaces
       - EntityQuerySpaceImpl(uid=<gen:0>, entity=com.fabiocompany.supermercadosdeltaplus.model.Personausuario)
          - SQL table alias mapping - personausu0_
          - alias suffix - 0_
          - suffixed key columns - {idperson1_3_0_}

12:17:54.804 [main] DEBUG o.h.loader.entity.plan.EntityLoader - Static select for entity com.fabiocompany.supermercadosdeltaplus.model.Personausuario [UPGRADE]: select personausu0_.idpersonausuario as idperson1_3_0_, personausu0_.correo as correo2_3_0_, personausu0_.dnipersonausuario as dniperso3_3_0_, personausu0_.nombrepersonausuario as nombrepe4_3_0_, personausu0_.numerodetelefono as numerode5_3_0_ from personausuario personausu0_ where personausu0_.idpersonausuario=? for update
12:17:54.804 [main] DEBUG o.h.l.p.b.i.spaces.QuerySpacesImpl - Adding QuerySpace : uid = <gen:0> -> org.hibernate.loader.plan.build.internal.spaces.EntityQuerySpaceImpl@8c11eee]
12:17:54.804 [main] DEBUG o.h.p.w.spi.MetamodelGraphWalker - Visiting attribute path : correo
12:17:54.804 [main] DEBUG o.h.p.w.spi.MetamodelGraphWalker - Visiting attribute path : dnipersonausuario
12:17:54.804 [main] DEBUG o.h.p.w.spi.MetamodelGraphWalker - Visiting attribute path : nombrepersonausuario
12:17:54.804 [main] DEBUG o.h.p.w.spi.MetamodelGraphWalker - Visiting attribute path : numerodetelefono
12:17:54.804 [main] DEBUG o.h.l.p.b.i.FetchStyleLoadPlanBuildingAssociationVisitationStrategy - Building LoadPlan...
12:17:54.805 [main] DEBUG o.h.l.p.e.i.LoadQueryJoinAndFetchProcessor - processing queryspace <gen:0>
12:17:54.805 [main] DEBUG o.h.l.p.b.spi.LoadPlanTreePrinter - LoadPlan(entity=com.fabiocompany.supermercadosdeltaplus.model.Personausuario)
    - Returns
       - EntityReturnImpl(entity=com.fabiocompany.supermercadosdeltaplus.model.Personausuario, querySpaceUid=<gen:0>, path=com.fabiocompany.supermercadosdeltaplus.model.Personausuario)
    - QuerySpaces
       - EntityQuerySpaceImpl(uid=<gen:0>, entity=com.fabiocompany.supermercadosdeltaplus.model.Personausuario)
          - SQL table alias mapping - personausu0_
          - alias suffix - 0_
          - suffixed key columns - {idperson1_3_0_}

12:17:54.805 [main] DEBUG o.h.loader.entity.plan.EntityLoader - Static select for entity com.fabiocompany.supermercadosdeltaplus.model.Personausuario [UPGRADE_NOWAIT]: select personausu0_.idpersonausuario as idperson1_3_0_, personausu0_.correo as correo2_3_0_, personausu0_.dnipersonausuario as dniperso3_3_0_, personausu0_.nombrepersonausuario as nombrepe4_3_0_, personausu0_.numerodetelefono as numerode5_3_0_ from personausuario personausu0_ where personausu0_.idpersonausuario=? for update
12:17:54.805 [main] DEBUG o.h.l.p.b.i.spaces.QuerySpacesImpl - Adding QuerySpace : uid = <gen:0> -> org.hibernate.loader.plan.build.internal.spaces.EntityQuerySpaceImpl@681a8b4e]
12:17:54.805 [main] DEBUG o.h.p.w.spi.MetamodelGraphWalker - Visiting attribute path : correo
12:17:54.805 [main] DEBUG o.h.p.w.spi.MetamodelGraphWalker - Visiting attribute path : dnipersonausuario
12:17:54.805 [main] DEBUG o.h.p.w.spi.MetamodelGraphWalker - Visiting attribute path : nombrepersonausuario
12:17:54.805 [main] DEBUG o.h.p.w.spi.MetamodelGraphWalker - Visiting attribute path : numerodetelefono
12:17:54.805 [main] DEBUG o.h.l.p.b.i.FetchStyleLoadPlanBuildingAssociationVisitationStrategy - Building LoadPlan...
12:17:54.806 [main] DEBUG o.h.l.p.e.i.LoadQueryJoinAndFetchProcessor - processing queryspace <gen:0>
12:17:54.806 [main] DEBUG o.h.l.p.b.spi.LoadPlanTreePrinter - LoadPlan(entity=com.fabiocompany.supermercadosdeltaplus.model.Personausuario)
    - Returns
       - EntityReturnImpl(entity=com.fabiocompany.supermercadosdeltaplus.model.Personausuario, querySpaceUid=<gen:0>, path=com.fabiocompany.supermercadosdeltaplus.model.Personausuario)
    - QuerySpaces
       - EntityQuerySpaceImpl(uid=<gen:0>, entity=com.fabiocompany.supermercadosdeltaplus.model.Personausuario)
          - SQL table alias mapping - personausu0_
          - alias suffix - 0_
          - suffixed key columns - {idperson1_3_0_}

12:17:54.806 [main] DEBUG o.h.loader.entity.plan.EntityLoader - Static select for entity com.fabiocompany.supermercadosdeltaplus.model.Personausuario [UPGRADE_SKIPLOCKED]: select personausu0_.idpersonausuario as idperson1_3_0_, personausu0_.correo as correo2_3_0_, personausu0_.dnipersonausuario as dniperso3_3_0_, personausu0_.nombrepersonausuario as nombrepe4_3_0_, personausu0_.numerodetelefono as numerode5_3_0_ from personausuario personausu0_ where personausu0_.idpersonausuario=? for update
12:17:54.806 [main] DEBUG o.h.l.p.b.i.spaces.QuerySpacesImpl - Adding QuerySpace : uid = <gen:0> -> org.hibernate.loader.plan.build.internal.spaces.EntityQuerySpaceImpl@5c08c46a]
12:17:54.806 [main] DEBUG o.h.p.w.spi.MetamodelGraphWalker - Visiting attribute path : correo
12:17:54.806 [main] DEBUG o.h.p.w.spi.MetamodelGraphWalker - Visiting attribute path : dnipersonausuario
12:17:54.806 [main] DEBUG o.h.p.w.spi.MetamodelGraphWalker - Visiting attribute path : nombrepersonausuario
12:17:54.806 [main] DEBUG o.h.p.w.spi.MetamodelGraphWalker - Visiting attribute path : numerodetelefono
12:17:54.806 [main] DEBUG o.h.l.p.b.i.FetchStyleLoadPlanBuildingAssociationVisitationStrategy - Building LoadPlan...
12:17:54.807 [main] DEBUG o.h.l.p.e.i.LoadQueryJoinAndFetchProcessor - processing queryspace <gen:0>
12:17:54.807 [main] DEBUG o.h.l.p.b.spi.LoadPlanTreePrinter - LoadPlan(entity=com.fabiocompany.supermercadosdeltaplus.model.Personausuario)
    - Returns
       - EntityReturnImpl(entity=com.fabiocompany.supermercadosdeltaplus.model.Personausuario, querySpaceUid=<gen:0>, path=com.fabiocompany.supermercadosdeltaplus.model.Personausuario)
    - QuerySpaces
       - EntityQuerySpaceImpl(uid=<gen:0>, entity=com.fabiocompany.supermercadosdeltaplus.model.Personausuario)
          - SQL table alias mapping - personausu0_
          - alias suffix - 0_
          - suffixed key columns - {idperson1_3_0_}

12:17:54.807 [main] DEBUG o.h.loader.entity.plan.EntityLoader - Static select for entity com.fabiocompany.supermercadosdeltaplus.model.Personausuario [FORCE]: select personausu0_.idpersonausuario as idperson1_3_0_, personausu0_.correo as correo2_3_0_, personausu0_.dnipersonausuario as dniperso3_3_0_, personausu0_.nombrepersonausuario as nombrepe4_3_0_, personausu0_.numerodetelefono as numerode5_3_0_ from personausuario personausu0_ where personausu0_.idpersonausuario=? for update
12:17:54.807 [main] DEBUG o.h.l.p.b.i.spaces.QuerySpacesImpl - Adding QuerySpace : uid = <gen:0> -> org.hibernate.loader.plan.build.internal.spaces.EntityQuerySpaceImpl@708400f6]
12:17:54.807 [main] DEBUG o.h.p.w.spi.MetamodelGraphWalker - Visiting attribute path : correo
12:17:54.807 [main] DEBUG o.h.p.w.spi.MetamodelGraphWalker - Visiting attribute path : dnipersonausuario
12:17:54.807 [main] DEBUG o.h.p.w.spi.MetamodelGraphWalker - Visiting attribute path : nombrepersonausuario
12:17:54.807 [main] DEBUG o.h.p.w.spi.MetamodelGraphWalker - Visiting attribute path : numerodetelefono
12:17:54.808 [main] DEBUG o.h.l.p.b.i.FetchStyleLoadPlanBuildingAssociationVisitationStrategy - Building LoadPlan...
12:17:54.808 [main] DEBUG o.h.l.p.e.i.LoadQueryJoinAndFetchProcessor - processing queryspace <gen:0>
12:17:54.808 [main] DEBUG o.h.l.p.b.spi.LoadPlanTreePrinter - LoadPlan(entity=com.fabiocompany.supermercadosdeltaplus.model.Personausuario)
    - Returns
       - EntityReturnImpl(entity=com.fabiocompany.supermercadosdeltaplus.model.Personausuario, querySpaceUid=<gen:0>, path=com.fabiocompany.supermercadosdeltaplus.model.Personausuario)
    - QuerySpaces
       - EntityQuerySpaceImpl(uid=<gen:0>, entity=com.fabiocompany.supermercadosdeltaplus.model.Personausuario)
          - SQL table alias mapping - personausu0_
          - alias suffix - 0_
          - suffixed key columns - {idperson1_3_0_}

12:17:54.808 [main] DEBUG o.h.loader.entity.plan.EntityLoader - Static select for entity com.fabiocompany.supermercadosdeltaplus.model.Personausuario [PESSIMISTIC_READ]: select personausu0_.idpersonausuario as idperson1_3_0_, personausu0_.correo as correo2_3_0_, personausu0_.dnipersonausuario as dniperso3_3_0_, personausu0_.nombrepersonausuario as nombrepe4_3_0_, personausu0_.numerodetelefono as numerode5_3_0_ from personausuario personausu0_ where personausu0_.idpersonausuario=? lock in share mode
12:17:54.808 [main] DEBUG o.h.l.p.b.i.spaces.QuerySpacesImpl - Adding QuerySpace : uid = <gen:0> -> org.hibernate.loader.plan.build.internal.spaces.EntityQuerySpaceImpl@4218500f]
12:17:54.808 [main] DEBUG o.h.p.w.spi.MetamodelGraphWalker - Visiting attribute path : correo
12:17:54.809 [main] DEBUG o.h.p.w.spi.MetamodelGraphWalker - Visiting attribute path : dnipersonausuario
12:17:54.809 [main] DEBUG o.h.p.w.spi.MetamodelGraphWalker - Visiting attribute path : nombrepersonausuario
12:17:54.809 [main] DEBUG o.h.p.w.spi.MetamodelGraphWalker - Visiting attribute path : numerodetelefono
12:17:54.809 [main] DEBUG o.h.l.p.b.i.FetchStyleLoadPlanBuildingAssociationVisitationStrategy - Building LoadPlan...
12:17:54.809 [main] DEBUG o.h.l.p.e.i.LoadQueryJoinAndFetchProcessor - processing queryspace <gen:0>
12:17:54.809 [main] DEBUG o.h.l.p.b.spi.LoadPlanTreePrinter - LoadPlan(entity=com.fabiocompany.supermercadosdeltaplus.model.Personausuario)
    - Returns
       - EntityReturnImpl(entity=com.fabiocompany.supermercadosdeltaplus.model.Personausuario, querySpaceUid=<gen:0>, path=com.fabiocompany.supermercadosdeltaplus.model.Personausuario)
    - QuerySpaces
       - EntityQuerySpaceImpl(uid=<gen:0>, entity=com.fabiocompany.supermercadosdeltaplus.model.Personausuario)
          - SQL table alias mapping - personausu0_
          - alias suffix - 0_
          - suffixed key columns - {idperson1_3_0_}

12:17:54.809 [main] DEBUG o.h.loader.entity.plan.EntityLoader - Static select for entity com.fabiocompany.supermercadosdeltaplus.model.Personausuario [PESSIMISTIC_WRITE]: select personausu0_.idpersonausuario as idperson1_3_0_, personausu0_.correo as correo2_3_0_, personausu0_.dnipersonausuario as dniperso3_3_0_, personausu0_.nombrepersonausuario as nombrepe4_3_0_, personausu0_.numerodetelefono as numerode5_3_0_ from personausuario personausu0_ where personausu0_.idpersonausuario=? for update
12:17:54.809 [main] DEBUG o.h.l.p.b.i.spaces.QuerySpacesImpl - Adding QuerySpace : uid = <gen:0> -> org.hibernate.loader.plan.build.internal.spaces.EntityQuerySpaceImpl@1b2c4efb]
12:17:54.810 [main] DEBUG o.h.p.w.spi.MetamodelGraphWalker - Visiting attribute path : correo
12:17:54.810 [main] DEBUG o.h.p.w.spi.MetamodelGraphWalker - Visiting attribute path : dnipersonausuario
12:17:54.810 [main] DEBUG o.h.p.w.spi.MetamodelGraphWalker - Visiting attribute path : nombrepersonausuario
12:17:54.810 [main] DEBUG o.h.p.w.spi.MetamodelGraphWalker - Visiting attribute path : numerodetelefono
12:17:54.810 [main] DEBUG o.h.l.p.b.i.FetchStyleLoadPlanBuildingAssociationVisitationStrategy - Building LoadPlan...
12:17:54.810 [main] DEBUG o.h.l.p.e.i.LoadQueryJoinAndFetchProcessor - processing queryspace <gen:0>
12:17:54.810 [main] DEBUG o.h.l.p.b.spi.LoadPlanTreePrinter - LoadPlan(entity=com.fabiocompany.supermercadosdeltaplus.model.Personausuario)
    - Returns
       - EntityReturnImpl(entity=com.fabiocompany.supermercadosdeltaplus.model.Personausuario, querySpaceUid=<gen:0>, path=com.fabiocompany.supermercadosdeltaplus.model.Personausuario)
    - QuerySpaces
       - EntityQuerySpaceImpl(uid=<gen:0>, entity=com.fabiocompany.supermercadosdeltaplus.model.Personausuario)
          - SQL table alias mapping - personausu0_
          - alias suffix - 0_
          - suffixed key columns - {idperson1_3_0_}

12:17:54.810 [main] DEBUG o.h.loader.entity.plan.EntityLoader - Static select for entity com.fabiocompany.supermercadosdeltaplus.model.Personausuario [PESSIMISTIC_FORCE_INCREMENT]: select personausu0_.idpersonausuario as idperson1_3_0_, personausu0_.correo as correo2_3_0_, personausu0_.dnipersonausuario as dniperso3_3_0_, personausu0_.nombrepersonausuario as nombrepe4_3_0_, personausu0_.numerodetelefono as numerode5_3_0_ from personausuario personausu0_ where personausu0_.idpersonausuario=? for update
12:17:54.810 [main] DEBUG o.h.l.p.b.i.spaces.QuerySpacesImpl - Adding QuerySpace : uid = <gen:0> -> org.hibernate.loader.plan.build.internal.spaces.EntityQuerySpaceImpl@c2db68f]
12:17:54.811 [main] DEBUG o.h.p.w.spi.MetamodelGraphWalker - Visiting attribute path : correo
12:17:54.811 [main] DEBUG o.h.p.w.spi.MetamodelGraphWalker - Visiting attribute path : dnipersonausuario
12:17:54.811 [main] DEBUG o.h.p.w.spi.MetamodelGraphWalker - Visiting attribute path : nombrepersonausuario
12:17:54.811 [main] DEBUG o.h.p.w.spi.MetamodelGraphWalker - Visiting attribute path : numerodetelefono
12:17:54.811 [main] DEBUG o.h.l.p.b.i.FetchStyleLoadPlanBuildingAssociationVisitationStrategy - Building LoadPlan...
12:17:54.811 [main] DEBUG o.h.l.p.e.i.LoadQueryJoinAndFetchProcessor - processing queryspace <gen:0>
12:17:54.811 [main] DEBUG o.h.l.p.b.spi.LoadPlanTreePrinter - LoadPlan(entity=com.fabiocompany.supermercadosdeltaplus.model.Personausuario)
    - Returns
       - EntityReturnImpl(entity=com.fabiocompany.supermercadosdeltaplus.model.Personausuario, querySpaceUid=<gen:0>, path=com.fabiocompany.supermercadosdeltaplus.model.Personausuario)
    - QuerySpaces
       - EntityQuerySpaceImpl(uid=<gen:0>, entity=com.fabiocompany.supermercadosdeltaplus.model.Personausuario)
          - SQL table alias mapping - personausu0_
          - alias suffix - 0_
          - suffixed key columns - {idperson1_3_0_}

12:17:54.811 [main] DEBUG o.h.loader.entity.plan.EntityLoader - Static select for entity com.fabiocompany.supermercadosdeltaplus.model.Personausuario [OPTIMISTIC]: select personausu0_.idpersonausuario as idperson1_3_0_, personausu0_.correo as correo2_3_0_, personausu0_.dnipersonausuario as dniperso3_3_0_, personausu0_.nombrepersonausuario as nombrepe4_3_0_, personausu0_.numerodetelefono as numerode5_3_0_ from personausuario personausu0_ where personausu0_.idpersonausuario=?
12:17:54.811 [main] DEBUG o.h.l.p.b.i.spaces.QuerySpacesImpl - Adding QuerySpace : uid = <gen:0> -> org.hibernate.loader.plan.build.internal.spaces.EntityQuerySpaceImpl@4566d049]
12:17:54.811 [main] DEBUG o.h.p.w.spi.MetamodelGraphWalker - Visiting attribute path : correo
12:17:54.811 [main] DEBUG o.h.p.w.spi.MetamodelGraphWalker - Visiting attribute path : dnipersonausuario
12:17:54.811 [main] DEBUG o.h.p.w.spi.MetamodelGraphWalker - Visiting attribute path : nombrepersonausuario
12:17:54.811 [main] DEBUG o.h.p.w.spi.MetamodelGraphWalker - Visiting attribute path : numerodetelefono
12:17:54.812 [main] DEBUG o.h.l.p.b.i.FetchStyleLoadPlanBuildingAssociationVisitationStrategy - Building LoadPlan...
12:17:54.812 [main] DEBUG o.h.l.p.e.i.LoadQueryJoinAndFetchProcessor - processing queryspace <gen:0>
12:17:54.812 [main] DEBUG o.h.l.p.b.spi.LoadPlanTreePrinter - LoadPlan(entity=com.fabiocompany.supermercadosdeltaplus.model.Personausuario)
    - Returns
       - EntityReturnImpl(entity=com.fabiocompany.supermercadosdeltaplus.model.Personausuario, querySpaceUid=<gen:0>, path=com.fabiocompany.supermercadosdeltaplus.model.Personausuario)
    - QuerySpaces
       - EntityQuerySpaceImpl(uid=<gen:0>, entity=com.fabiocompany.supermercadosdeltaplus.model.Personausuario)
          - SQL table alias mapping - personausu0_
          - alias suffix - 0_
          - suffixed key columns - {idperson1_3_0_}

12:17:54.812 [main] DEBUG o.h.loader.entity.plan.EntityLoader - Static select for entity com.fabiocompany.supermercadosdeltaplus.model.Personausuario [OPTIMISTIC_FORCE_INCREMENT]: select personausu0_.idpersonausuario as idperson1_3_0_, personausu0_.correo as correo2_3_0_, personausu0_.dnipersonausuario as dniperso3_3_0_, personausu0_.nombrepersonausuario as nombrepe4_3_0_, personausu0_.numerodetelefono as numerode5_3_0_ from personausuario personausu0_ where personausu0_.idpersonausuario=?
12:17:54.812 [main] DEBUG org.hibernate.loader.Loader - Static select for action ACTION_MERGE on entity com.fabiocompany.supermercadosdeltaplus.model.Personausuario: select personausu0_.idpersonausuario as idperson1_3_0_, personausu0_.correo as correo2_3_0_, personausu0_.dnipersonausuario as dniperso3_3_0_, personausu0_.nombrepersonausuario as nombrepe4_3_0_, personausu0_.numerodetelefono as numerode5_3_0_ from personausuario personausu0_ where personausu0_.idpersonausuario=?
12:17:54.812 [main] DEBUG org.hibernate.loader.Loader - Static select for action ACTION_REFRESH on entity com.fabiocompany.supermercadosdeltaplus.model.Personausuario: select personausu0_.idpersonausuario as idperson1_3_0_, personausu0_.correo as correo2_3_0_, personausu0_.dnipersonausuario as dniperso3_3_0_, personausu0_.nombrepersonausuario as nombrepe4_3_0_, personausu0_.numerodetelefono as numerode5_3_0_ from personausuario personausu0_ where personausu0_.idpersonausuario=?
12:17:54.813 [main] DEBUG o.h.p.entity.AbstractEntityPersister - Static SQL for entity: com.fabiocompany.supermercadosdeltaplus.model.Usuario
12:17:54.813 [main] DEBUG o.h.p.entity.AbstractEntityPersister -  Version select: select idusuario from usuario where idusuario =?
12:17:54.813 [main] DEBUG o.h.p.entity.AbstractEntityPersister -  Snapshot select: select usuario_.idusuario, usuario_.contraseniausuario as contrase2_9_, usuario_.nombreusuario as nombreus3_9_, usuario_.tipodeusuario as tipodeus4_9_ from usuario usuario_ where usuario_.idusuario=?
12:17:54.813 [main] DEBUG o.h.p.entity.AbstractEntityPersister -  Insert 0: insert into usuario (contraseniausuario, nombreusuario, tipodeusuario, idusuario) values (?, ?, ?, ?)
12:17:54.813 [main] DEBUG o.h.p.entity.AbstractEntityPersister -  Update 0: update usuario set contraseniausuario=?, nombreusuario=?, tipodeusuario=? where idusuario=?
12:17:54.813 [main] DEBUG o.h.p.entity.AbstractEntityPersister -  Delete 0: delete from usuario where idusuario=?
12:17:54.813 [main] DEBUG o.h.p.entity.AbstractEntityPersister -  Identity insert: insert into usuario (contraseniausuario, nombreusuario, tipodeusuario) values (?, ?, ?)
12:17:54.813 [main] DEBUG o.h.l.p.b.i.spaces.QuerySpacesImpl - Adding QuerySpace : uid = <gen:0> -> org.hibernate.loader.plan.build.internal.spaces.EntityQuerySpaceImpl@3668d4]
12:17:54.813 [main] DEBUG o.h.p.w.spi.MetamodelGraphWalker - Visiting attribute path : cabeceratickets
12:17:54.813 [main] DEBUG o.h.p.w.spi.MetamodelGraphWalker - Visiting attribute path : contraseniausuario
12:17:54.813 [main] DEBUG o.h.p.w.spi.MetamodelGraphWalker - Visiting attribute path : nombreusuario
12:17:54.813 [main] DEBUG o.h.p.w.spi.MetamodelGraphWalker - Visiting attribute path : tipodeusuario
12:17:54.813 [main] DEBUG o.h.p.w.spi.MetamodelGraphWalker - Visiting attribute path : personausuario
12:17:54.813 [main] DEBUG o.h.l.p.b.i.spaces.QuerySpacesImpl - Adding QuerySpace : uid = <gen:1> -> org.hibernate.loader.plan.build.internal.spaces.EntityQuerySpaceImpl@6f2cfcc2]
12:17:54.814 [main] DEBUG o.h.p.w.spi.MetamodelGraphWalker - Visiting attribute path : personausuario.correo
12:17:54.814 [main] DEBUG o.h.p.w.spi.MetamodelGraphWalker - Visiting attribute path : personausuario.dnipersonausuario
12:17:54.814 [main] DEBUG o.h.p.w.spi.MetamodelGraphWalker - Visiting attribute path : personausuario.nombrepersonausuario
12:17:54.814 [main] DEBUG o.h.p.w.spi.MetamodelGraphWalker - Visiting attribute path : personausuario.numerodetelefono
12:17:54.814 [main] DEBUG o.h.l.p.b.i.FetchStyleLoadPlanBuildingAssociationVisitationStrategy - Building LoadPlan...
12:17:54.814 [main] DEBUG o.h.l.p.e.i.LoadQueryJoinAndFetchProcessor - processing queryspace <gen:0>
12:17:54.814 [main] DEBUG o.h.l.p.b.spi.LoadPlanTreePrinter - LoadPlan(entity=com.fabiocompany.supermercadosdeltaplus.model.Usuario)
    - Returns
       - EntityReturnImpl(entity=com.fabiocompany.supermercadosdeltaplus.model.Usuario, querySpaceUid=<gen:0>, path=com.fabiocompany.supermercadosdeltaplus.model.Usuario)
          - EntityAttributeFetchImpl(entity=com.fabiocompany.supermercadosdeltaplus.model.Personausuario, querySpaceUid=<gen:1>, path=com.fabiocompany.supermercadosdeltaplus.model.Usuario.personausuario)
    - QuerySpaces
       - EntityQuerySpaceImpl(uid=<gen:0>, entity=com.fabiocompany.supermercadosdeltaplus.model.Usuario)
          - SQL table alias mapping - usuario0_
          - alias suffix - 0_
          - suffixed key columns - {idusuari1_9_0_}
          - JOIN (JoinDefinedByMetadata(personausuario)) : <gen:0> -> <gen:1>
             - EntityQuerySpaceImpl(uid=<gen:1>, entity=com.fabiocompany.supermercadosdeltaplus.model.Personausuario)
                - SQL table alias mapping - personausu1_
                - alias suffix - 1_
                - suffixed key columns - {idperson1_3_1_}

12:17:54.814 [main] DEBUG o.h.loader.entity.plan.EntityLoader - Static select for entity com.fabiocompany.supermercadosdeltaplus.model.Usuario [NONE]: select usuario0_.idusuario as idusuari1_9_0_, usuario0_.contraseniausuario as contrase2_9_0_, usuario0_.nombreusuario as nombreus3_9_0_, usuario0_.tipodeusuario as tipodeus4_9_0_, personausu1_.idpersonausuario as idperson1_3_1_, personausu1_.correo as correo2_3_1_, personausu1_.dnipersonausuario as dniperso3_3_1_, personausu1_.nombrepersonausuario as nombrepe4_3_1_, personausu1_.numerodetelefono as numerode5_3_1_ from usuario usuario0_ left outer join personausuario personausu1_ on usuario0_.idusuario=personausu1_.idpersonausuario where usuario0_.idusuario=?
12:17:54.815 [main] DEBUG o.h.l.p.b.i.spaces.QuerySpacesImpl - Adding QuerySpace : uid = <gen:0> -> org.hibernate.loader.plan.build.internal.spaces.EntityQuerySpaceImpl@4c2cc639]
12:17:54.815 [main] DEBUG o.h.p.w.spi.MetamodelGraphWalker - Visiting attribute path : cabeceratickets
12:17:54.815 [main] DEBUG o.h.p.w.spi.MetamodelGraphWalker - Visiting attribute path : contraseniausuario
12:17:54.815 [main] DEBUG o.h.p.w.spi.MetamodelGraphWalker - Visiting attribute path : nombreusuario
12:17:54.815 [main] DEBUG o.h.p.w.spi.MetamodelGraphWalker - Visiting attribute path : tipodeusuario
12:17:54.815 [main] DEBUG o.h.p.w.spi.MetamodelGraphWalker - Visiting attribute path : personausuario
12:17:54.815 [main] DEBUG o.h.l.p.b.i.spaces.QuerySpacesImpl - Adding QuerySpace : uid = <gen:1> -> org.hibernate.loader.plan.build.internal.spaces.EntityQuerySpaceImpl@4097cac]
12:17:54.815 [main] DEBUG o.h.p.w.spi.MetamodelGraphWalker - Visiting attribute path : personausuario.correo
12:17:54.815 [main] DEBUG o.h.p.w.spi.MetamodelGraphWalker - Visiting attribute path : personausuario.dnipersonausuario
12:17:54.815 [main] DEBUG o.h.p.w.spi.MetamodelGraphWalker - Visiting attribute path : personausuario.nombrepersonausuario
12:17:54.815 [main] DEBUG o.h.p.w.spi.MetamodelGraphWalker - Visiting attribute path : personausuario.numerodetelefono
12:17:54.815 [main] DEBUG o.h.l.p.b.i.FetchStyleLoadPlanBuildingAssociationVisitationStrategy - Building LoadPlan...
12:17:54.815 [main] DEBUG o.h.l.p.e.i.LoadQueryJoinAndFetchProcessor - processing queryspace <gen:0>
12:17:54.816 [main] DEBUG o.h.l.p.b.spi.LoadPlanTreePrinter - LoadPlan(entity=com.fabiocompany.supermercadosdeltaplus.model.Usuario)
    - Returns
       - EntityReturnImpl(entity=com.fabiocompany.supermercadosdeltaplus.model.Usuario, querySpaceUid=<gen:0>, path=com.fabiocompany.supermercadosdeltaplus.model.Usuario)
          - EntityAttributeFetchImpl(entity=com.fabiocompany.supermercadosdeltaplus.model.Personausuario, querySpaceUid=<gen:1>, path=com.fabiocompany.supermercadosdeltaplus.model.Usuario.personausuario)
    - QuerySpaces
       - EntityQuerySpaceImpl(uid=<gen:0>, entity=com.fabiocompany.supermercadosdeltaplus.model.Usuario)
          - SQL table alias mapping - usuario0_
          - alias suffix - 0_
          - suffixed key columns - {idusuari1_9_0_}
          - JOIN (JoinDefinedByMetadata(personausuario)) : <gen:0> -> <gen:1>
             - EntityQuerySpaceImpl(uid=<gen:1>, entity=com.fabiocompany.supermercadosdeltaplus.model.Personausuario)
                - SQL table alias mapping - personausu1_
                - alias suffix - 1_
                - suffixed key columns - {idperson1_3_1_}

12:17:54.816 [main] DEBUG o.h.loader.entity.plan.EntityLoader - Static select for entity com.fabiocompany.supermercadosdeltaplus.model.Usuario [READ]: select usuario0_.idusuario as idusuari1_9_0_, usuario0_.contraseniausuario as contrase2_9_0_, usuario0_.nombreusuario as nombreus3_9_0_, usuario0_.tipodeusuario as tipodeus4_9_0_, personausu1_.idpersonausuario as idperson1_3_1_, personausu1_.correo as correo2_3_1_, personausu1_.dnipersonausuario as dniperso3_3_1_, personausu1_.nombrepersonausuario as nombrepe4_3_1_, personausu1_.numerodetelefono as numerode5_3_1_ from usuario usuario0_ left outer join personausuario personausu1_ on usuario0_.idusuario=personausu1_.idpersonausuario where usuario0_.idusuario=?
12:17:54.816 [main] DEBUG o.h.l.p.b.i.spaces.QuerySpacesImpl - Adding QuerySpace : uid = <gen:0> -> org.hibernate.loader.plan.build.internal.spaces.EntityQuerySpaceImpl@2a5b3fee]
12:17:54.816 [main] DEBUG o.h.p.w.spi.MetamodelGraphWalker - Visiting attribute path : cabeceratickets
12:17:54.816 [main] DEBUG o.h.p.w.spi.MetamodelGraphWalker - Visiting attribute path : contraseniausuario
12:17:54.816 [main] DEBUG o.h.p.w.spi.MetamodelGraphWalker - Visiting attribute path : nombreusuario
12:17:54.816 [main] DEBUG o.h.p.w.spi.MetamodelGraphWalker - Visiting attribute path : tipodeusuario
12:17:54.816 [main] DEBUG o.h.p.w.spi.MetamodelGraphWalker - Visiting attribute path : personausuario
12:17:54.816 [main] DEBUG o.h.l.p.b.i.spaces.QuerySpacesImpl - Adding QuerySpace : uid = <gen:1> -> org.hibernate.loader.plan.build.internal.spaces.EntityQuerySpaceImpl@333dd51e]
12:17:54.816 [main] DEBUG o.h.l.p.b.i.FetchStyleLoadPlanBuildingAssociationVisitationStrategy - Building LoadPlan...
12:17:54.817 [main] DEBUG o.h.l.p.e.i.LoadQueryJoinAndFetchProcessor - processing queryspace <gen:0>
12:17:54.817 [main] DEBUG o.h.l.p.b.spi.LoadPlanTreePrinter - LoadPlan(entity=com.fabiocompany.supermercadosdeltaplus.model.Usuario)
    - Returns
       - EntityReturnImpl(entity=com.fabiocompany.supermercadosdeltaplus.model.Usuario, querySpaceUid=<gen:0>, path=com.fabiocompany.supermercadosdeltaplus.model.Usuario)
          - EntityAttributeFetchImpl(entity=com.fabiocompany.supermercadosdeltaplus.model.Personausuario, querySpaceUid=<gen:1>, path=com.fabiocompany.supermercadosdeltaplus.model.Usuario.personausuario)
    - QuerySpaces
       - EntityQuerySpaceImpl(uid=<gen:0>, entity=com.fabiocompany.supermercadosdeltaplus.model.Usuario)
          - SQL table alias mapping - usuario0_
          - alias suffix - 0_
          - suffixed key columns - {idusuari1_9_0_}

12:17:54.817 [main] DEBUG o.h.loader.entity.plan.EntityLoader - Static select for entity com.fabiocompany.supermercadosdeltaplus.model.Usuario [UPGRADE]: select usuario0_.idusuario as idusuari1_9_0_, usuario0_.contraseniausuario as contrase2_9_0_, usuario0_.nombreusuario as nombreus3_9_0_, usuario0_.tipodeusuario as tipodeus4_9_0_ from usuario usuario0_ where usuario0_.idusuario=? for update
12:17:54.817 [main] DEBUG o.h.l.p.b.i.spaces.QuerySpacesImpl - Adding QuerySpace : uid = <gen:0> -> org.hibernate.loader.plan.build.internal.spaces.EntityQuerySpaceImpl@52d645b1]
12:17:54.817 [main] DEBUG o.h.p.w.spi.MetamodelGraphWalker - Visiting attribute path : cabeceratickets
12:17:54.817 [main] DEBUG o.h.p.w.spi.MetamodelGraphWalker - Visiting attribute path : contraseniausuario
12:17:54.817 [main] DEBUG o.h.p.w.spi.MetamodelGraphWalker - Visiting attribute path : nombreusuario
12:17:54.817 [main] DEBUG o.h.p.w.spi.MetamodelGraphWalker - Visiting attribute path : tipodeusuario
12:17:54.817 [main] DEBUG o.h.p.w.spi.MetamodelGraphWalker - Visiting attribute path : personausuario
12:17:54.817 [main] DEBUG o.h.l.p.b.i.spaces.QuerySpacesImpl - Adding QuerySpace : uid = <gen:1> -> org.hibernate.loader.plan.build.internal.spaces.EntityQuerySpaceImpl@2cc3ad05]
12:17:54.818 [main] DEBUG o.h.l.p.b.i.FetchStyleLoadPlanBuildingAssociationVisitationStrategy - Building LoadPlan...
12:17:54.818 [main] DEBUG o.h.l.p.e.i.LoadQueryJoinAndFetchProcessor - processing queryspace <gen:0>
12:17:54.818 [main] DEBUG o.h.l.p.b.spi.LoadPlanTreePrinter - LoadPlan(entity=com.fabiocompany.supermercadosdeltaplus.model.Usuario)
    - Returns
       - EntityReturnImpl(entity=com.fabiocompany.supermercadosdeltaplus.model.Usuario, querySpaceUid=<gen:0>, path=com.fabiocompany.supermercadosdeltaplus.model.Usuario)
          - EntityAttributeFetchImpl(entity=com.fabiocompany.supermercadosdeltaplus.model.Personausuario, querySpaceUid=<gen:1>, path=com.fabiocompany.supermercadosdeltaplus.model.Usuario.personausuario)
    - QuerySpaces
       - EntityQuerySpaceImpl(uid=<gen:0>, entity=com.fabiocompany.supermercadosdeltaplus.model.Usuario)
          - SQL table alias mapping - usuario0_
          - alias suffix - 0_
          - suffixed key columns - {idusuari1_9_0_}

12:17:54.818 [main] DEBUG o.h.loader.entity.plan.EntityLoader - Static select for entity com.fabiocompany.supermercadosdeltaplus.model.Usuario [UPGRADE_NOWAIT]: select usuario0_.idusuario as idusuari1_9_0_, usuario0_.contraseniausuario as contrase2_9_0_, usuario0_.nombreusuario as nombreus3_9_0_, usuario0_.tipodeusuario as tipodeus4_9_0_ from usuario usuario0_ where usuario0_.idusuario=? for update
12:17:54.818 [main] DEBUG o.h.l.p.b.i.spaces.QuerySpacesImpl - Adding QuerySpace : uid = <gen:0> -> org.hibernate.loader.plan.build.internal.spaces.EntityQuerySpaceImpl@710b18a6]
12:17:54.818 [main] DEBUG o.h.p.w.spi.MetamodelGraphWalker - Visiting attribute path : cabeceratickets
12:17:54.818 [main] DEBUG o.h.p.w.spi.MetamodelGraphWalker - Visiting attribute path : contraseniausuario
12:17:54.818 [main] DEBUG o.h.p.w.spi.MetamodelGraphWalker - Visiting attribute path : nombreusuario
12:17:54.818 [main] DEBUG o.h.p.w.spi.MetamodelGraphWalker - Visiting attribute path : tipodeusuario
12:17:54.818 [main] DEBUG o.h.p.w.spi.MetamodelGraphWalker - Visiting attribute path : personausuario
12:17:54.818 [main] DEBUG o.h.l.p.b.i.spaces.QuerySpacesImpl - Adding QuerySpace : uid = <gen:1> -> org.hibernate.loader.plan.build.internal.spaces.EntityQuerySpaceImpl@3d9f6567]
12:17:54.819 [main] DEBUG o.h.l.p.b.i.FetchStyleLoadPlanBuildingAssociationVisitationStrategy - Building LoadPlan...
12:17:54.819 [main] DEBUG o.h.l.p.e.i.LoadQueryJoinAndFetchProcessor - processing queryspace <gen:0>
12:17:54.819 [main] DEBUG o.h.l.p.b.spi.LoadPlanTreePrinter - LoadPlan(entity=com.fabiocompany.supermercadosdeltaplus.model.Usuario)
    - Returns
       - EntityReturnImpl(entity=com.fabiocompany.supermercadosdeltaplus.model.Usuario, querySpaceUid=<gen:0>, path=com.fabiocompany.supermercadosdeltaplus.model.Usuario)
          - EntityAttributeFetchImpl(entity=com.fabiocompany.supermercadosdeltaplus.model.Personausuario, querySpaceUid=<gen:1>, path=com.fabiocompany.supermercadosdeltaplus.model.Usuario.personausuario)
    - QuerySpaces
       - EntityQuerySpaceImpl(uid=<gen:0>, entity=com.fabiocompany.supermercadosdeltaplus.model.Usuario)
          - SQL table alias mapping - usuario0_
          - alias suffix - 0_
          - suffixed key columns - {idusuari1_9_0_}

12:17:54.819 [main] DEBUG o.h.loader.entity.plan.EntityLoader - Static select for entity com.fabiocompany.supermercadosdeltaplus.model.Usuario [UPGRADE_SKIPLOCKED]: select usuario0_.idusuario as idusuari1_9_0_, usuario0_.contraseniausuario as contrase2_9_0_, usuario0_.nombreusuario as nombreus3_9_0_, usuario0_.tipodeusuario as tipodeus4_9_0_ from usuario usuario0_ where usuario0_.idusuario=? for update
12:17:54.819 [main] DEBUG o.h.l.p.b.i.spaces.QuerySpacesImpl - Adding QuerySpace : uid = <gen:0> -> org.hibernate.loader.plan.build.internal.spaces.EntityQuerySpaceImpl@c055c54]
12:17:54.819 [main] DEBUG o.h.p.w.spi.MetamodelGraphWalker - Visiting attribute path : cabeceratickets
12:17:54.820 [main] DEBUG o.h.p.w.spi.MetamodelGraphWalker - Visiting attribute path : contraseniausuario
12:17:54.820 [main] DEBUG o.h.p.w.spi.MetamodelGraphWalker - Visiting attribute path : nombreusuario
12:17:54.820 [main] DEBUG o.h.p.w.spi.MetamodelGraphWalker - Visiting attribute path : tipodeusuario
12:17:54.820 [main] DEBUG o.h.p.w.spi.MetamodelGraphWalker - Visiting attribute path : personausuario
12:17:54.820 [main] DEBUG o.h.l.p.b.i.spaces.QuerySpacesImpl - Adding QuerySpace : uid = <gen:1> -> org.hibernate.loader.plan.build.internal.spaces.EntityQuerySpaceImpl@35e5d0e5]
12:17:54.820 [main] DEBUG o.h.l.p.b.i.FetchStyleLoadPlanBuildingAssociationVisitationStrategy - Building LoadPlan...
12:17:54.820 [main] DEBUG o.h.l.p.e.i.LoadQueryJoinAndFetchProcessor - processing queryspace <gen:0>
12:17:54.820 [main] DEBUG o.h.l.p.b.spi.LoadPlanTreePrinter - LoadPlan(entity=com.fabiocompany.supermercadosdeltaplus.model.Usuario)
    - Returns
       - EntityReturnImpl(entity=com.fabiocompany.supermercadosdeltaplus.model.Usuario, querySpaceUid=<gen:0>, path=com.fabiocompany.supermercadosdeltaplus.model.Usuario)
          - EntityAttributeFetchImpl(entity=com.fabiocompany.supermercadosdeltaplus.model.Personausuario, querySpaceUid=<gen:1>, path=com.fabiocompany.supermercadosdeltaplus.model.Usuario.personausuario)
    - QuerySpaces
       - EntityQuerySpaceImpl(uid=<gen:0>, entity=com.fabiocompany.supermercadosdeltaplus.model.Usuario)
          - SQL table alias mapping - usuario0_
          - alias suffix - 0_
          - suffixed key columns - {idusuari1_9_0_}

12:17:54.821 [main] DEBUG o.h.loader.entity.plan.EntityLoader - Static select for entity com.fabiocompany.supermercadosdeltaplus.model.Usuario [FORCE]: select usuario0_.idusuario as idusuari1_9_0_, usuario0_.contraseniausuario as contrase2_9_0_, usuario0_.nombreusuario as nombreus3_9_0_, usuario0_.tipodeusuario as tipodeus4_9_0_ from usuario usuario0_ where usuario0_.idusuario=? for update
12:17:54.821 [main] DEBUG o.h.l.p.b.i.spaces.QuerySpacesImpl - Adding QuerySpace : uid = <gen:0> -> org.hibernate.loader.plan.build.internal.spaces.EntityQuerySpaceImpl@73173f63]
12:17:54.821 [main] DEBUG o.h.p.w.spi.MetamodelGraphWalker - Visiting attribute path : cabeceratickets
12:17:54.821 [main] DEBUG o.h.p.w.spi.MetamodelGraphWalker - Visiting attribute path : contraseniausuario
12:17:54.821 [main] DEBUG o.h.p.w.spi.MetamodelGraphWalker - Visiting attribute path : nombreusuario
12:17:54.821 [main] DEBUG o.h.p.w.spi.MetamodelGraphWalker - Visiting attribute path : tipodeusuario
12:17:54.821 [main] DEBUG o.h.p.w.spi.MetamodelGraphWalker - Visiting attribute path : personausuario
12:17:54.821 [main] DEBUG o.h.l.p.b.i.spaces.QuerySpacesImpl - Adding QuerySpace : uid = <gen:1> -> org.hibernate.loader.plan.build.internal.spaces.EntityQuerySpaceImpl@655ef322]
12:17:54.821 [main] DEBUG o.h.l.p.b.i.FetchStyleLoadPlanBuildingAssociationVisitationStrategy - Building LoadPlan...
12:17:54.821 [main] DEBUG o.h.l.p.e.i.LoadQueryJoinAndFetchProcessor - processing queryspace <gen:0>
12:17:54.822 [main] DEBUG o.h.l.p.b.spi.LoadPlanTreePrinter - LoadPlan(entity=com.fabiocompany.supermercadosdeltaplus.model.Usuario)
    - Returns
       - EntityReturnImpl(entity=com.fabiocompany.supermercadosdeltaplus.model.Usuario, querySpaceUid=<gen:0>, path=com.fabiocompany.supermercadosdeltaplus.model.Usuario)
          - EntityAttributeFetchImpl(entity=com.fabiocompany.supermercadosdeltaplus.model.Personausuario, querySpaceUid=<gen:1>, path=com.fabiocompany.supermercadosdeltaplus.model.Usuario.personausuario)
    - QuerySpaces
       - EntityQuerySpaceImpl(uid=<gen:0>, entity=com.fabiocompany.supermercadosdeltaplus.model.Usuario)
          - SQL table alias mapping - usuario0_
          - alias suffix - 0_
          - suffixed key columns - {idusuari1_9_0_}

12:17:54.822 [main] DEBUG o.h.loader.entity.plan.EntityLoader - Static select for entity com.fabiocompany.supermercadosdeltaplus.model.Usuario [PESSIMISTIC_READ]: select usuario0_.idusuario as idusuari1_9_0_, usuario0_.contraseniausuario as contrase2_9_0_, usuario0_.nombreusuario as nombreus3_9_0_, usuario0_.tipodeusuario as tipodeus4_9_0_ from usuario usuario0_ where usuario0_.idusuario=? lock in share mode
12:17:54.822 [main] DEBUG o.h.l.p.b.i.spaces.QuerySpacesImpl - Adding QuerySpace : uid = <gen:0> -> org.hibernate.loader.plan.build.internal.spaces.EntityQuerySpaceImpl@7e276594]
12:17:54.822 [main] DEBUG o.h.p.w.spi.MetamodelGraphWalker - Visiting attribute path : cabeceratickets
12:17:54.822 [main] DEBUG o.h.p.w.spi.MetamodelGraphWalker - Visiting attribute path : contraseniausuario
12:17:54.822 [main] DEBUG o.h.p.w.spi.MetamodelGraphWalker - Visiting attribute path : nombreusuario
12:17:54.822 [main] DEBUG o.h.p.w.spi.MetamodelGraphWalker - Visiting attribute path : tipodeusuario
12:17:54.822 [main] DEBUG o.h.p.w.spi.MetamodelGraphWalker - Visiting attribute path : personausuario
12:17:54.823 [main] DEBUG o.h.l.p.b.i.spaces.QuerySpacesImpl - Adding QuerySpace : uid = <gen:1> -> org.hibernate.loader.plan.build.internal.spaces.EntityQuerySpaceImpl@5066d65f]
12:17:54.823 [main] DEBUG o.h.l.p.b.i.FetchStyleLoadPlanBuildingAssociationVisitationStrategy - Building LoadPlan...
12:17:54.823 [main] DEBUG o.h.l.p.e.i.LoadQueryJoinAndFetchProcessor - processing queryspace <gen:0>
12:17:54.823 [main] DEBUG o.h.l.p.b.spi.LoadPlanTreePrinter - LoadPlan(entity=com.fabiocompany.supermercadosdeltaplus.model.Usuario)
    - Returns
       - EntityReturnImpl(entity=com.fabiocompany.supermercadosdeltaplus.model.Usuario, querySpaceUid=<gen:0>, path=com.fabiocompany.supermercadosdeltaplus.model.Usuario)
          - EntityAttributeFetchImpl(entity=com.fabiocompany.supermercadosdeltaplus.model.Personausuario, querySpaceUid=<gen:1>, path=com.fabiocompany.supermercadosdeltaplus.model.Usuario.personausuario)
    - QuerySpaces
       - EntityQuerySpaceImpl(uid=<gen:0>, entity=com.fabiocompany.supermercadosdeltaplus.model.Usuario)
          - SQL table alias mapping - usuario0_
          - alias suffix - 0_
          - suffixed key columns - {idusuari1_9_0_}

12:17:54.823 [main] DEBUG o.h.loader.entity.plan.EntityLoader - Static select for entity com.fabiocompany.supermercadosdeltaplus.model.Usuario [PESSIMISTIC_WRITE]: select usuario0_.idusuario as idusuari1_9_0_, usuario0_.contraseniausuario as contrase2_9_0_, usuario0_.nombreusuario as nombreus3_9_0_, usuario0_.tipodeusuario as tipodeus4_9_0_ from usuario usuario0_ where usuario0_.idusuario=? for update
12:17:54.823 [main] DEBUG o.h.l.p.b.i.spaces.QuerySpacesImpl - Adding QuerySpace : uid = <gen:0> -> org.hibernate.loader.plan.build.internal.spaces.EntityQuerySpaceImpl@4233e892]
12:17:54.823 [main] DEBUG o.h.p.w.spi.MetamodelGraphWalker - Visiting attribute path : cabeceratickets
12:17:54.823 [main] DEBUG o.h.p.w.spi.MetamodelGraphWalker - Visiting attribute path : contraseniausuario
12:17:54.823 [main] DEBUG o.h.p.w.spi.MetamodelGraphWalker - Visiting attribute path : nombreusuario
12:17:54.823 [main] DEBUG o.h.p.w.spi.MetamodelGraphWalker - Visiting attribute path : tipodeusuario
12:17:54.824 [main] DEBUG o.h.p.w.spi.MetamodelGraphWalker - Visiting attribute path : personausuario
12:17:54.824 [main] DEBUG o.h.l.p.b.i.spaces.QuerySpacesImpl - Adding QuerySpace : uid = <gen:1> -> org.hibernate.loader.plan.build.internal.spaces.EntityQuerySpaceImpl@3ecd267f]
12:17:54.824 [main] DEBUG o.h.l.p.b.i.FetchStyleLoadPlanBuildingAssociationVisitationStrategy - Building LoadPlan...
12:17:54.824 [main] DEBUG o.h.l.p.e.i.LoadQueryJoinAndFetchProcessor - processing queryspace <gen:0>
12:17:54.824 [main] DEBUG o.h.l.p.b.spi.LoadPlanTreePrinter - LoadPlan(entity=com.fabiocompany.supermercadosdeltaplus.model.Usuario)
    - Returns
       - EntityReturnImpl(entity=com.fabiocompany.supermercadosdeltaplus.model.Usuario, querySpaceUid=<gen:0>, path=com.fabiocompany.supermercadosdeltaplus.model.Usuario)
          - EntityAttributeFetchImpl(entity=com.fabiocompany.supermercadosdeltaplus.model.Personausuario, querySpaceUid=<gen:1>, path=com.fabiocompany.supermercadosdeltaplus.model.Usuario.personausuario)
    - QuerySpaces
       - EntityQuerySpaceImpl(uid=<gen:0>, entity=com.fabiocompany.supermercadosdeltaplus.model.Usuario)
          - SQL table alias mapping - usuario0_
          - alias suffix - 0_
          - suffixed key columns - {idusuari1_9_0_}

12:17:54.824 [main] DEBUG o.h.loader.entity.plan.EntityLoader - Static select for entity com.fabiocompany.supermercadosdeltaplus.model.Usuario [PESSIMISTIC_FORCE_INCREMENT]: select usuario0_.idusuario as idusuari1_9_0_, usuario0_.contraseniausuario as contrase2_9_0_, usuario0_.nombreusuario as nombreus3_9_0_, usuario0_.tipodeusuario as tipodeus4_9_0_ from usuario usuario0_ where usuario0_.idusuario=? for update
12:17:54.824 [main] DEBUG o.h.l.p.b.i.spaces.QuerySpacesImpl - Adding QuerySpace : uid = <gen:0> -> org.hibernate.loader.plan.build.internal.spaces.EntityQuerySpaceImpl@58ffcbd7]
12:17:54.824 [main] DEBUG o.h.p.w.spi.MetamodelGraphWalker - Visiting attribute path : cabeceratickets
12:17:54.824 [main] DEBUG o.h.p.w.spi.MetamodelGraphWalker - Visiting attribute path : contraseniausuario
12:17:54.824 [main] DEBUG o.h.p.w.spi.MetamodelGraphWalker - Visiting attribute path : nombreusuario
12:17:54.824 [main] DEBUG o.h.p.w.spi.MetamodelGraphWalker - Visiting attribute path : tipodeusuario
12:17:54.824 [main] DEBUG o.h.p.w.spi.MetamodelGraphWalker - Visiting attribute path : personausuario
12:17:54.825 [main] DEBUG o.h.l.p.b.i.spaces.QuerySpacesImpl - Adding QuerySpace : uid = <gen:1> -> org.hibernate.loader.plan.build.internal.spaces.EntityQuerySpaceImpl@6bb2d00b]
12:17:54.825 [main] DEBUG o.h.l.p.b.i.FetchStyleLoadPlanBuildingAssociationVisitationStrategy - Building LoadPlan...
12:17:54.825 [main] DEBUG o.h.l.p.e.i.LoadQueryJoinAndFetchProcessor - processing queryspace <gen:0>
12:17:54.825 [main] DEBUG o.h.l.p.b.spi.LoadPlanTreePrinter - LoadPlan(entity=com.fabiocompany.supermercadosdeltaplus.model.Usuario)
    - Returns
       - EntityReturnImpl(entity=com.fabiocompany.supermercadosdeltaplus.model.Usuario, querySpaceUid=<gen:0>, path=com.fabiocompany.supermercadosdeltaplus.model.Usuario)
          - EntityAttributeFetchImpl(entity=com.fabiocompany.supermercadosdeltaplus.model.Personausuario, querySpaceUid=<gen:1>, path=com.fabiocompany.supermercadosdeltaplus.model.Usuario.personausuario)
    - QuerySpaces
       - EntityQuerySpaceImpl(uid=<gen:0>, entity=com.fabiocompany.supermercadosdeltaplus.model.Usuario)
          - SQL table alias mapping - usuario0_
          - alias suffix - 0_
          - suffixed key columns - {idusuari1_9_0_}

12:17:54.825 [main] DEBUG o.h.loader.entity.plan.EntityLoader - Static select for entity com.fabiocompany.supermercadosdeltaplus.model.Usuario [OPTIMISTIC]: select usuario0_.idusuario as idusuari1_9_0_, usuario0_.contraseniausuario as contrase2_9_0_, usuario0_.nombreusuario as nombreus3_9_0_, usuario0_.tipodeusuario as tipodeus4_9_0_ from usuario usuario0_ where usuario0_.idusuario=?
12:17:54.825 [main] DEBUG o.h.l.p.b.i.spaces.QuerySpacesImpl - Adding QuerySpace : uid = <gen:0> -> org.hibernate.loader.plan.build.internal.spaces.EntityQuerySpaceImpl@3c9bfddc]
12:17:54.825 [main] DEBUG o.h.p.w.spi.MetamodelGraphWalker - Visiting attribute path : cabeceratickets
12:17:54.825 [main] DEBUG o.h.p.w.spi.MetamodelGraphWalker - Visiting attribute path : contraseniausuario
12:17:54.826 [main] DEBUG o.h.p.w.spi.MetamodelGraphWalker - Visiting attribute path : nombreusuario
12:17:54.826 [main] DEBUG o.h.p.w.spi.MetamodelGraphWalker - Visiting attribute path : tipodeusuario
12:17:54.826 [main] DEBUG o.h.p.w.spi.MetamodelGraphWalker - Visiting attribute path : personausuario
12:17:54.826 [main] DEBUG o.h.l.p.b.i.spaces.QuerySpacesImpl - Adding QuerySpace : uid = <gen:1> -> org.hibernate.loader.plan.build.internal.spaces.EntityQuerySpaceImpl@319bc845]
12:17:54.826 [main] DEBUG o.h.l.p.b.i.FetchStyleLoadPlanBuildingAssociationVisitationStrategy - Building LoadPlan...
12:17:54.826 [main] DEBUG o.h.l.p.e.i.LoadQueryJoinAndFetchProcessor - processing queryspace <gen:0>
12:17:54.826 [main] DEBUG o.h.l.p.b.spi.LoadPlanTreePrinter - LoadPlan(entity=com.fabiocompany.supermercadosdeltaplus.model.Usuario)
    - Returns
       - EntityReturnImpl(entity=com.fabiocompany.supermercadosdeltaplus.model.Usuario, querySpaceUid=<gen:0>, path=com.fabiocompany.supermercadosdeltaplus.model.Usuario)
          - EntityAttributeFetchImpl(entity=com.fabiocompany.supermercadosdeltaplus.model.Personausuario, querySpaceUid=<gen:1>, path=com.fabiocompany.supermercadosdeltaplus.model.Usuario.personausuario)
    - QuerySpaces
       - EntityQuerySpaceImpl(uid=<gen:0>, entity=com.fabiocompany.supermercadosdeltaplus.model.Usuario)
          - SQL table alias mapping - usuario0_
          - alias suffix - 0_
          - suffixed key columns - {idusuari1_9_0_}

12:17:54.826 [main] DEBUG o.h.loader.entity.plan.EntityLoader - Static select for entity com.fabiocompany.supermercadosdeltaplus.model.Usuario [OPTIMISTIC_FORCE_INCREMENT]: select usuario0_.idusuario as idusuari1_9_0_, usuario0_.contraseniausuario as contrase2_9_0_, usuario0_.nombreusuario as nombreus3_9_0_, usuario0_.tipodeusuario as tipodeus4_9_0_ from usuario usuario0_ where usuario0_.idusuario=?
12:17:54.827 [main] DEBUG org.hibernate.loader.Loader - Static select for action ACTION_MERGE on entity com.fabiocompany.supermercadosdeltaplus.model.Usuario: select usuario0_.idusuario as idusuari1_9_2_, usuario0_.contraseniausuario as contrase2_9_2_, usuario0_.nombreusuario as nombreus3_9_2_, usuario0_.tipodeusuario as tipodeus4_9_2_, cabecerati1_.idusuario as idusuari3_9_4_, cabecerati1_.idticket as idticket1_0_4_, cabecerati1_.idticket as idticket1_0_0_, cabecerati1_.fecha as fecha2_0_0_, cabecerati1_.idusuario as idusuari3_0_0_, personausu2_.idpersonausuario as idperson1_3_1_, personausu2_.correo as correo2_3_1_, personausu2_.dnipersonausuario as dniperso3_3_1_, personausu2_.nombrepersonausuario as nombrepe4_3_1_, personausu2_.numerodetelefono as numerode5_3_1_ from usuario usuario0_ left outer join cabeceraticket cabecerati1_ on usuario0_.idusuario=cabecerati1_.idusuario left outer join personausuario personausu2_ on usuario0_.idusuario=personausu2_.idpersonausuario where usuario0_.idusuario=?
12:17:54.827 [main] DEBUG org.hibernate.loader.Loader - Static select for action ACTION_REFRESH on entity com.fabiocompany.supermercadosdeltaplus.model.Usuario: select usuario0_.idusuario as idusuari1_9_2_, usuario0_.contraseniausuario as contrase2_9_2_, usuario0_.nombreusuario as nombreus3_9_2_, usuario0_.tipodeusuario as tipodeus4_9_2_, cabecerati1_.idusuario as idusuari3_9_4_, cabecerati1_.idticket as idticket1_0_4_, cabecerati1_.idticket as idticket1_0_0_, cabecerati1_.fecha as fecha2_0_0_, cabecerati1_.idusuario as idusuari3_0_0_, personausu2_.idpersonausuario as idperson1_3_1_, personausu2_.correo as correo2_3_1_, personausu2_.dnipersonausuario as dniperso3_3_1_, personausu2_.nombrepersonausuario as nombrepe4_3_1_, personausu2_.numerodetelefono as numerode5_3_1_ from usuario usuario0_ left outer join cabeceraticket cabecerati1_ on usuario0_.idusuario=cabecerati1_.idusuario left outer join personausuario personausu2_ on usuario0_.idusuario=personausu2_.idpersonausuario where usuario0_.idusuario=?
12:17:54.828 [main] DEBUG o.h.p.entity.AbstractEntityPersister - Static SQL for entity: com.fabiocompany.supermercadosdeltaplus.model.Detalleticket
12:17:54.828 [main] DEBUG o.h.p.entity.AbstractEntityPersister -  Version select: select iddetalleticket from detalleticket where iddetalleticket =?
12:17:54.828 [main] DEBUG o.h.p.entity.AbstractEntityPersister -  Snapshot select: select detalletic_.iddetalleticket, detalletic_.idticket as idticket7_2_, detalletic_.cantidad as cantidad2_2_, detalletic_.cantidadporproducto as cantidad3_2_, detalletic_.montodepago as montodep4_2_, detalletic_.subtotal as subtotal5_2_, detalletic_.idtipodepago as idtipode8_2_, detalletic_.total as total6_2_ from detalleticket detalletic_ where detalletic_.iddetalleticket=?
12:17:54.828 [main] DEBUG o.h.p.entity.AbstractEntityPersister -  Insert 0: insert into detalleticket (idticket, cantidad, cantidadporproducto, montodepago, subtotal, idtipodepago, total, iddetalleticket) values (?, ?, ?, ?, ?, ?, ?, ?)
12:17:54.828 [main] DEBUG o.h.p.entity.AbstractEntityPersister -  Update 0: update detalleticket set idticket=?, cantidad=?, cantidadporproducto=?, montodepago=?, subtotal=?, idtipodepago=?, total=? where iddetalleticket=?
12:17:54.828 [main] DEBUG o.h.p.entity.AbstractEntityPersister -  Delete 0: delete from detalleticket where iddetalleticket=?
12:17:54.828 [main] DEBUG o.h.p.entity.AbstractEntityPersister -  Identity insert: insert into detalleticket (idticket, cantidad, cantidadporproducto, montodepago, subtotal, idtipodepago, total) values (?, ?, ?, ?, ?, ?, ?)
12:17:54.828 [main] DEBUG o.h.l.p.b.i.spaces.QuerySpacesImpl - Adding QuerySpace : uid = <gen:0> -> org.hibernate.loader.plan.build.internal.spaces.EntityQuerySpaceImpl@4c5474f5]
12:17:54.828 [main] DEBUG o.h.p.w.spi.MetamodelGraphWalker - Visiting attribute path : cabeceraticket
12:17:54.828 [main] DEBUG o.h.l.p.b.i.spaces.QuerySpacesImpl - Adding QuerySpace : uid = <gen:1> -> org.hibernate.loader.plan.build.internal.spaces.EntityQuerySpaceImpl@54e22bdd]
12:17:54.828 [main] DEBUG o.h.p.w.spi.MetamodelGraphWalker - Visiting attribute path : cabeceraticket.detalletickets
12:17:54.828 [main] DEBUG o.h.p.w.spi.MetamodelGraphWalker - Property path deemed to be circular : cabeceraticket.detalletickets
12:17:54.828 [main] DEBUG o.h.p.w.spi.MetamodelGraphWalker - Visiting attribute path : cabeceraticket.fecha
12:17:54.828 [main] DEBUG o.h.p.w.spi.MetamodelGraphWalker - Visiting attribute path : cabeceraticket.usuario
12:17:54.829 [main] DEBUG o.h.l.p.b.i.spaces.QuerySpacesImpl - Adding QuerySpace : uid = <gen:2> -> org.hibernate.loader.plan.build.internal.spaces.EntityQuerySpaceImpl@544820b7]
12:17:54.829 [main] DEBUG o.h.p.w.spi.MetamodelGraphWalker - Visiting attribute path : cabeceraticket.usuario.cabeceratickets
12:17:54.829 [main] DEBUG o.h.p.w.spi.MetamodelGraphWalker - Property path deemed to be circular : cabeceraticket.usuario.cabeceratickets
12:17:54.829 [main] DEBUG o.h.p.w.spi.MetamodelGraphWalker - Visiting attribute path : cabeceraticket.usuario.contraseniausuario
12:17:54.829 [main] DEBUG o.h.p.w.spi.MetamodelGraphWalker - Visiting attribute path : cabeceraticket.usuario.nombreusuario
12:17:54.829 [main] DEBUG o.h.p.w.spi.MetamodelGraphWalker - Visiting attribute path : cabeceraticket.usuario.tipodeusuario
12:17:54.829 [main] DEBUG o.h.p.w.spi.MetamodelGraphWalker - Visiting attribute path : cabeceraticket.usuario.personausuario
12:17:54.829 [main] DEBUG o.h.l.p.b.i.spaces.QuerySpacesImpl - Adding QuerySpace : uid = <gen:3> -> org.hibernate.loader.plan.build.internal.spaces.EntityQuerySpaceImpl@2e61d218]
12:17:54.829 [main] DEBUG o.h.p.w.spi.MetamodelGraphWalker - Visiting attribute path : cantidad
12:17:54.829 [main] DEBUG o.h.p.w.spi.MetamodelGraphWalker - Visiting attribute path : cantidadporproducto
12:17:54.829 [main] DEBUG o.h.p.w.spi.MetamodelGraphWalker - Visiting attribute path : detalleofertas
12:17:54.829 [main] DEBUG o.h.p.w.spi.MetamodelGraphWalker - Visiting attribute path : montodepago
12:17:54.829 [main] DEBUG o.h.p.w.spi.MetamodelGraphWalker - Visiting attribute path : productos
12:17:54.829 [main] DEBUG o.h.p.w.spi.MetamodelGraphWalker - Visiting attribute path : subtotal
12:17:54.829 [main] DEBUG o.h.p.w.spi.MetamodelGraphWalker - Visiting attribute path : tipodepago
12:17:54.829 [main] DEBUG o.h.l.p.b.i.spaces.QuerySpacesImpl - Adding QuerySpace : uid = <gen:4> -> org.hibernate.loader.plan.build.internal.spaces.EntityQuerySpaceImpl@3569fc08]
12:17:54.829 [main] DEBUG o.h.p.w.spi.MetamodelGraphWalker - Visiting attribute path : tipodepago.descripciontipodepago
12:17:54.829 [main] DEBUG o.h.p.w.spi.MetamodelGraphWalker - Visiting attribute path : tipodepago.detalletickets
12:17:54.830 [main] DEBUG o.h.p.w.spi.MetamodelGraphWalker - Property path deemed to be circular : tipodepago.detalletickets
12:17:54.830 [main] DEBUG o.h.p.w.spi.MetamodelGraphWalker - Visiting attribute path : tipodepago.tarjetas
12:17:54.830 [main] DEBUG o.h.p.w.spi.MetamodelGraphWalker - Visiting attribute path : total
12:17:54.830 [main] DEBUG o.h.l.p.b.i.FetchStyleLoadPlanBuildingAssociationVisitationStrategy - Building LoadPlan...
12:17:54.830 [main] DEBUG o.h.l.p.e.i.LoadQueryJoinAndFetchProcessor - processing queryspace <gen:0>
12:17:54.831 [main] DEBUG o.h.l.p.b.spi.LoadPlanTreePrinter - LoadPlan(entity=com.fabiocompany.supermercadosdeltaplus.model.Detalleticket)
    - Returns
       - EntityReturnImpl(entity=com.fabiocompany.supermercadosdeltaplus.model.Detalleticket, querySpaceUid=<gen:0>, path=com.fabiocompany.supermercadosdeltaplus.model.Detalleticket)
          - EntityAttributeFetchImpl(entity=com.fabiocompany.supermercadosdeltaplus.model.Cabeceraticket, querySpaceUid=<gen:1>, path=com.fabiocompany.supermercadosdeltaplus.model.Detalleticket.cabeceraticket)
             - EntityAttributeFetchImpl(entity=com.fabiocompany.supermercadosdeltaplus.model.Usuario, querySpaceUid=<gen:2>, path=com.fabiocompany.supermercadosdeltaplus.model.Detalleticket.cabeceraticket.usuario)
                - EntityAttributeFetchImpl(entity=com.fabiocompany.supermercadosdeltaplus.model.Personausuario, querySpaceUid=<gen:3>, path=com.fabiocompany.supermercadosdeltaplus.model.Detalleticket.cabeceraticket.usuario.personausuario)
          - EntityAttributeFetchImpl(entity=com.fabiocompany.supermercadosdeltaplus.model.Tipodepago, querySpaceUid=<gen:4>, path=com.fabiocompany.supermercadosdeltaplus.model.Detalleticket.tipodepago)
    - QuerySpaces
       - EntityQuerySpaceImpl(uid=<gen:0>, entity=com.fabiocompany.supermercadosdeltaplus.model.Detalleticket)
          - SQL table alias mapping - detalletic0_
          - alias suffix - 0_
          - suffixed key columns - {iddetall1_2_0_}
          - JOIN (JoinDefinedByMetadata(cabeceraticket)) : <gen:0> -> <gen:1>
             - EntityQuerySpaceImpl(uid=<gen:1>, entity=com.fabiocompany.supermercadosdeltaplus.model.Cabeceraticket)
                - SQL table alias mapping - cabecerati1_
                - alias suffix - 1_
                - suffixed key columns - {idticket1_0_1_}
                - JOIN (JoinDefinedByMetadata(usuario)) : <gen:1> -> <gen:2>
                   - EntityQuerySpaceImpl(uid=<gen:2>, entity=com.fabiocompany.supermercadosdeltaplus.model.Usuario)
                      - SQL table alias mapping - usuario2_
                      - alias suffix - 2_
                      - suffixed key columns - {idusuari1_9_2_}
          - JOIN (JoinDefinedByMetadata(tipodepago)) : <gen:0> -> <gen:4>
             - EntityQuerySpaceImpl(uid=<gen:4>, entity=com.fabiocompany.supermercadosdeltaplus.model.Tipodepago)
                - SQL table alias mapping - tipodepago3_
                - alias suffix - 3_
                - suffixed key columns - {idtipode1_8_3_}

12:17:54.831 [main] DEBUG o.h.loader.entity.plan.EntityLoader - Static select for entity com.fabiocompany.supermercadosdeltaplus.model.Detalleticket [NONE]: select detalletic0_.iddetalleticket as iddetall1_2_0_, detalletic0_.idticket as idticket7_2_0_, detalletic0_.cantidad as cantidad2_2_0_, detalletic0_.cantidadporproducto as cantidad3_2_0_, detalletic0_.montodepago as montodep4_2_0_, detalletic0_.subtotal as subtotal5_2_0_, detalletic0_.idtipodepago as idtipode8_2_0_, detalletic0_.total as total6_2_0_, cabecerati1_.idticket as idticket1_0_1_, cabecerati1_.fecha as fecha2_0_1_, cabecerati1_.idusuario as idusuari3_0_1_, usuario2_.idusuario as idusuari1_9_2_, usuario2_.contraseniausuario as contrase2_9_2_, usuario2_.nombreusuario as nombreus3_9_2_, usuario2_.tipodeusuario as tipodeus4_9_2_, tipodepago3_.idtipodepago as idtipode1_8_3_, tipodepago3_.descripciontipodepago as descripc2_8_3_ from detalleticket detalletic0_ left outer join cabeceraticket cabecerati1_ on detalletic0_.idticket=cabecerati1_.idticket left outer join usuario usuario2_ on cabecerati1_.idusuario=usuario2_.idusuario left outer join tipodepago tipodepago3_ on detalletic0_.idtipodepago=tipodepago3_.idtipodepago where detalletic0_.iddetalleticket=?
12:17:54.831 [main] DEBUG o.h.l.p.b.i.spaces.QuerySpacesImpl - Adding QuerySpace : uid = <gen:0> -> org.hibernate.loader.plan.build.internal.spaces.EntityQuerySpaceImpl@e84a8e1]
12:17:54.831 [main] DEBUG o.h.p.w.spi.MetamodelGraphWalker - Visiting attribute path : cabeceraticket
12:17:54.831 [main] DEBUG o.h.l.p.b.i.spaces.QuerySpacesImpl - Adding QuerySpace : uid = <gen:1> -> org.hibernate.loader.plan.build.internal.spaces.EntityQuerySpaceImpl@54a67a45]
12:17:54.831 [main] DEBUG o.h.p.w.spi.MetamodelGraphWalker - Visiting attribute path : cabeceraticket.detalletickets
12:17:54.832 [main] DEBUG o.h.p.w.spi.MetamodelGraphWalker - Property path deemed to be circular : cabeceraticket.detalletickets
12:17:54.832 [main] DEBUG o.h.p.w.spi.MetamodelGraphWalker - Visiting attribute path : cabeceraticket.fecha
12:17:54.832 [main] DEBUG o.h.p.w.spi.MetamodelGraphWalker - Visiting attribute path : cabeceraticket.usuario
12:17:54.832 [main] DEBUG o.h.l.p.b.i.spaces.QuerySpacesImpl - Adding QuerySpace : uid = <gen:2> -> org.hibernate.loader.plan.build.internal.spaces.EntityQuerySpaceImpl@56aaaecd]
12:17:54.832 [main] DEBUG o.h.p.w.spi.MetamodelGraphWalker - Visiting attribute path : cabeceraticket.usuario.cabeceratickets
12:17:54.832 [main] DEBUG o.h.p.w.spi.MetamodelGraphWalker - Property path deemed to be circular : cabeceraticket.usuario.cabeceratickets
12:17:54.832 [main] DEBUG o.h.p.w.spi.MetamodelGraphWalker - Visiting attribute path : cabeceraticket.usuario.contraseniausuario
12:17:54.832 [main] DEBUG o.h.p.w.spi.MetamodelGraphWalker - Visiting attribute path : cabeceraticket.usuario.nombreusuario
12:17:54.832 [main] DEBUG o.h.p.w.spi.MetamodelGraphWalker - Visiting attribute path : cabeceraticket.usuario.tipodeusuario
12:17:54.832 [main] DEBUG o.h.p.w.spi.MetamodelGraphWalker - Visiting attribute path : cabeceraticket.usuario.personausuario
12:17:54.832 [main] DEBUG o.h.l.p.b.i.spaces.QuerySpacesImpl - Adding QuerySpace : uid = <gen:3> -> org.hibernate.loader.plan.build.internal.spaces.EntityQuerySpaceImpl@35390ee3]
12:17:54.832 [main] DEBUG o.h.p.w.spi.MetamodelGraphWalker - Visiting attribute path : cantidad
12:17:54.832 [main] DEBUG o.h.p.w.spi.MetamodelGraphWalker - Visiting attribute path : cantidadporproducto
12:17:54.832 [main] DEBUG o.h.p.w.spi.MetamodelGraphWalker - Visiting attribute path : detalleofertas
12:17:54.832 [main] DEBUG o.h.p.w.spi.MetamodelGraphWalker - Visiting attribute path : montodepago
12:17:54.832 [main] DEBUG o.h.p.w.spi.MetamodelGraphWalker - Visiting attribute path : productos
12:17:54.832 [main] DEBUG o.h.p.w.spi.MetamodelGraphWalker - Visiting attribute path : subtotal
12:17:54.832 [main] DEBUG o.h.p.w.spi.MetamodelGraphWalker - Visiting attribute path : tipodepago
12:17:54.832 [main] DEBUG o.h.l.p.b.i.spaces.QuerySpacesImpl - Adding QuerySpace : uid = <gen:4> -> org.hibernate.loader.plan.build.internal.spaces.EntityQuerySpaceImpl@5e01a982]
12:17:54.833 [main] DEBUG o.h.p.w.spi.MetamodelGraphWalker - Visiting attribute path : tipodepago.descripciontipodepago
12:17:54.833 [main] DEBUG o.h.p.w.spi.MetamodelGraphWalker - Visiting attribute path : tipodepago.detalletickets
12:17:54.833 [main] DEBUG o.h.p.w.spi.MetamodelGraphWalker - Property path deemed to be circular : tipodepago.detalletickets
12:17:54.833 [main] DEBUG o.h.p.w.spi.MetamodelGraphWalker - Visiting attribute path : tipodepago.tarjetas
12:17:54.833 [main] DEBUG o.h.p.w.spi.MetamodelGraphWalker - Visiting attribute path : total
12:17:54.833 [main] DEBUG o.h.l.p.b.i.FetchStyleLoadPlanBuildingAssociationVisitationStrategy - Building LoadPlan...
12:17:54.833 [main] DEBUG o.h.l.p.e.i.LoadQueryJoinAndFetchProcessor - processing queryspace <gen:0>
12:17:54.834 [main] DEBUG o.h.l.p.b.spi.LoadPlanTreePrinter - LoadPlan(entity=com.fabiocompany.supermercadosdeltaplus.model.Detalleticket)
    - Returns
       - EntityReturnImpl(entity=com.fabiocompany.supermercadosdeltaplus.model.Detalleticket, querySpaceUid=<gen:0>, path=com.fabiocompany.supermercadosdeltaplus.model.Detalleticket)
          - EntityAttributeFetchImpl(entity=com.fabiocompany.supermercadosdeltaplus.model.Cabeceraticket, querySpaceUid=<gen:1>, path=com.fabiocompany.supermercadosdeltaplus.model.Detalleticket.cabeceraticket)
             - EntityAttributeFetchImpl(entity=com.fabiocompany.supermercadosdeltaplus.model.Usuario, querySpaceUid=<gen:2>, path=com.fabiocompany.supermercadosdeltaplus.model.Detalleticket.cabeceraticket.usuario)
                - EntityAttributeFetchImpl(entity=com.fabiocompany.supermercadosdeltaplus.model.Personausuario, querySpaceUid=<gen:3>, path=com.fabiocompany.supermercadosdeltaplus.model.Detalleticket.cabeceraticket.usuario.personausuario)
          - EntityAttributeFetchImpl(entity=com.fabiocompany.supermercadosdeltaplus.model.Tipodepago, querySpaceUid=<gen:4>, path=com.fabiocompany.supermercadosdeltaplus.model.Detalleticket.tipodepago)
    - QuerySpaces
       - EntityQuerySpaceImpl(uid=<gen:0>, entity=com.fabiocompany.supermercadosdeltaplus.model.Detalleticket)
          - SQL table alias mapping - detalletic0_
          - alias suffix - 0_
          - suffixed key columns - {iddetall1_2_0_}
          - JOIN (JoinDefinedByMetadata(cabeceraticket)) : <gen:0> -> <gen:1>
             - EntityQuerySpaceImpl(uid=<gen:1>, entity=com.fabiocompany.supermercadosdeltaplus.model.Cabeceraticket)
                - SQL table alias mapping - cabecerati1_
                - alias suffix - 1_
                - suffixed key columns - {idticket1_0_1_}
                - JOIN (JoinDefinedByMetadata(usuario)) : <gen:1> -> <gen:2>
                   - EntityQuerySpaceImpl(uid=<gen:2>, entity=com.fabiocompany.supermercadosdeltaplus.model.Usuario)
                      - SQL table alias mapping - usuario2_
                      - alias suffix - 2_
                      - suffixed key columns - {idusuari1_9_2_}
          - JOIN (JoinDefinedByMetadata(tipodepago)) : <gen:0> -> <gen:4>
             - EntityQuerySpaceImpl(uid=<gen:4>, entity=com.fabiocompany.supermercadosdeltaplus.model.Tipodepago)
                - SQL table alias mapping - tipodepago3_
                - alias suffix - 3_
                - suffixed key columns - {idtipode1_8_3_}

12:17:54.834 [main] DEBUG o.h.loader.entity.plan.EntityLoader - Static select for entity com.fabiocompany.supermercadosdeltaplus.model.Detalleticket [READ]: select detalletic0_.iddetalleticket as iddetall1_2_0_, detalletic0_.idticket as idticket7_2_0_, detalletic0_.cantidad as cantidad2_2_0_, detalletic0_.cantidadporproducto as cantidad3_2_0_, detalletic0_.montodepago as montodep4_2_0_, detalletic0_.subtotal as subtotal5_2_0_, detalletic0_.idtipodepago as idtipode8_2_0_, detalletic0_.total as total6_2_0_, cabecerati1_.idticket as idticket1_0_1_, cabecerati1_.fecha as fecha2_0_1_, cabecerati1_.idusuario as idusuari3_0_1_, usuario2_.idusuario as idusuari1_9_2_, usuario2_.contraseniausuario as contrase2_9_2_, usuario2_.nombreusuario as nombreus3_9_2_, usuario2_.tipodeusuario as tipodeus4_9_2_, tipodepago3_.idtipodepago as idtipode1_8_3_, tipodepago3_.descripciontipodepago as descripc2_8_3_ from detalleticket detalletic0_ left outer join cabeceraticket cabecerati1_ on detalletic0_.idticket=cabecerati1_.idticket left outer join usuario usuario2_ on cabecerati1_.idusuario=usuario2_.idusuario left outer join tipodepago tipodepago3_ on detalletic0_.idtipodepago=tipodepago3_.idtipodepago where detalletic0_.iddetalleticket=?
12:17:54.834 [main] DEBUG o.h.l.p.b.i.spaces.QuerySpacesImpl - Adding QuerySpace : uid = <gen:0> -> org.hibernate.loader.plan.build.internal.spaces.EntityQuerySpaceImpl@5ee2b6f9]
12:17:54.834 [main] DEBUG o.h.p.w.spi.MetamodelGraphWalker - Visiting attribute path : cabeceraticket
12:17:54.834 [main] DEBUG o.h.l.p.b.i.spaces.QuerySpacesImpl - Adding QuerySpace : uid = <gen:1> -> org.hibernate.loader.plan.build.internal.spaces.EntityQuerySpaceImpl@704f1591]
12:17:54.835 [main] DEBUG o.h.p.w.spi.MetamodelGraphWalker - Visiting attribute path : cantidad
12:17:54.835 [main] DEBUG o.h.p.w.spi.MetamodelGraphWalker - Visiting attribute path : cantidadporproducto
12:17:54.835 [main] DEBUG o.h.p.w.spi.MetamodelGraphWalker - Visiting attribute path : detalleofertas
12:17:54.835 [main] DEBUG o.h.p.w.spi.MetamodelGraphWalker - Visiting attribute path : montodepago
12:17:54.835 [main] DEBUG o.h.p.w.spi.MetamodelGraphWalker - Visiting attribute path : productos
12:17:54.835 [main] DEBUG o.h.p.w.spi.MetamodelGraphWalker - Visiting attribute path : subtotal
12:17:54.835 [main] DEBUG o.h.p.w.spi.MetamodelGraphWalker - Visiting attribute path : tipodepago
12:17:54.835 [main] DEBUG o.h.l.p.b.i.spaces.QuerySpacesImpl - Adding QuerySpace : uid = <gen:2> -> org.hibernate.loader.plan.build.internal.spaces.EntityQuerySpaceImpl@58fb7731]
12:17:54.835 [main] DEBUG o.h.p.w.spi.MetamodelGraphWalker - Visiting attribute path : total
12:17:54.835 [main] DEBUG o.h.l.p.b.i.FetchStyleLoadPlanBuildingAssociationVisitationStrategy - Building LoadPlan...
12:17:54.835 [main] DEBUG o.h.l.p.e.i.LoadQueryJoinAndFetchProcessor - processing queryspace <gen:0>
12:17:54.836 [main] DEBUG o.h.l.p.b.spi.LoadPlanTreePrinter - LoadPlan(entity=com.fabiocompany.supermercadosdeltaplus.model.Detalleticket)
    - Returns
       - EntityReturnImpl(entity=com.fabiocompany.supermercadosdeltaplus.model.Detalleticket, querySpaceUid=<gen:0>, path=com.fabiocompany.supermercadosdeltaplus.model.Detalleticket)
          - EntityAttributeFetchImpl(entity=com.fabiocompany.supermercadosdeltaplus.model.Cabeceraticket, querySpaceUid=<gen:1>, path=com.fabiocompany.supermercadosdeltaplus.model.Detalleticket.cabeceraticket)
          - EntityAttributeFetchImpl(entity=com.fabiocompany.supermercadosdeltaplus.model.Tipodepago, querySpaceUid=<gen:2>, path=com.fabiocompany.supermercadosdeltaplus.model.Detalleticket.tipodepago)
    - QuerySpaces
       - EntityQuerySpaceImpl(uid=<gen:0>, entity=com.fabiocompany.supermercadosdeltaplus.model.Detalleticket)
          - SQL table alias mapping - detalletic0_
          - alias suffix - 0_
          - suffixed key columns - {iddetall1_2_0_}

12:17:54.836 [main] DEBUG o.h.loader.entity.plan.EntityLoader - Static select for entity com.fabiocompany.supermercadosdeltaplus.model.Detalleticket [UPGRADE]: select detalletic0_.iddetalleticket as iddetall1_2_0_, detalletic0_.idticket as idticket7_2_0_, detalletic0_.cantidad as cantidad2_2_0_, detalletic0_.cantidadporproducto as cantidad3_2_0_, detalletic0_.montodepago as montodep4_2_0_, detalletic0_.subtotal as subtotal5_2_0_, detalletic0_.idtipodepago as idtipode8_2_0_, detalletic0_.total as total6_2_0_ from detalleticket detalletic0_ where detalletic0_.iddetalleticket=? for update
12:17:54.836 [main] DEBUG o.h.l.p.b.i.spaces.QuerySpacesImpl - Adding QuerySpace : uid = <gen:0> -> org.hibernate.loader.plan.build.internal.spaces.EntityQuerySpaceImpl@13e547a9]
12:17:54.836 [main] DEBUG o.h.p.w.spi.MetamodelGraphWalker - Visiting attribute path : cabeceraticket
12:17:54.836 [main] DEBUG o.h.l.p.b.i.spaces.QuerySpacesImpl - Adding QuerySpace : uid = <gen:1> -> org.hibernate.loader.plan.build.internal.spaces.EntityQuerySpaceImpl@37ddb69a]
12:17:54.836 [main] DEBUG o.h.p.w.spi.MetamodelGraphWalker - Visiting attribute path : cantidad
12:17:54.836 [main] DEBUG o.h.p.w.spi.MetamodelGraphWalker - Visiting attribute path : cantidadporproducto
12:17:54.836 [main] DEBUG o.h.p.w.spi.MetamodelGraphWalker - Visiting attribute path : detalleofertas
12:17:54.836 [main] DEBUG o.h.p.w.spi.MetamodelGraphWalker - Visiting attribute path : montodepago
12:17:54.836 [main] DEBUG o.h.p.w.spi.MetamodelGraphWalker - Visiting attribute path : productos
12:17:54.836 [main] DEBUG o.h.p.w.spi.MetamodelGraphWalker - Visiting attribute path : subtotal
12:17:54.836 [main] DEBUG o.h.p.w.spi.MetamodelGraphWalker - Visiting attribute path : tipodepago
12:17:54.836 [main] DEBUG o.h.l.p.b.i.spaces.QuerySpacesImpl - Adding QuerySpace : uid = <gen:2> -> org.hibernate.loader.plan.build.internal.spaces.EntityQuerySpaceImpl@349c1daf]
12:17:54.836 [main] DEBUG o.h.p.w.spi.MetamodelGraphWalker - Visiting attribute path : total
12:17:54.837 [main] DEBUG o.h.l.p.b.i.FetchStyleLoadPlanBuildingAssociationVisitationStrategy - Building LoadPlan...
12:17:54.837 [main] DEBUG o.h.l.p.e.i.LoadQueryJoinAndFetchProcessor - processing queryspace <gen:0>
12:17:54.837 [main] DEBUG o.h.l.p.b.spi.LoadPlanTreePrinter - LoadPlan(entity=com.fabiocompany.supermercadosdeltaplus.model.Detalleticket)
    - Returns
       - EntityReturnImpl(entity=com.fabiocompany.supermercadosdeltaplus.model.Detalleticket, querySpaceUid=<gen:0>, path=com.fabiocompany.supermercadosdeltaplus.model.Detalleticket)
          - EntityAttributeFetchImpl(entity=com.fabiocompany.supermercadosdeltaplus.model.Cabeceraticket, querySpaceUid=<gen:1>, path=com.fabiocompany.supermercadosdeltaplus.model.Detalleticket.cabeceraticket)
          - EntityAttributeFetchImpl(entity=com.fabiocompany.supermercadosdeltaplus.model.Tipodepago, querySpaceUid=<gen:2>, path=com.fabiocompany.supermercadosdeltaplus.model.Detalleticket.tipodepago)
    - QuerySpaces
       - EntityQuerySpaceImpl(uid=<gen:0>, entity=com.fabiocompany.supermercadosdeltaplus.model.Detalleticket)
          - SQL table alias mapping - detalletic0_
          - alias suffix - 0_
          - suffixed key columns - {iddetall1_2_0_}

12:17:54.837 [main] DEBUG o.h.loader.entity.plan.EntityLoader - Static select for entity com.fabiocompany.supermercadosdeltaplus.model.Detalleticket [UPGRADE_NOWAIT]: select detalletic0_.iddetalleticket as iddetall1_2_0_, detalletic0_.idticket as idticket7_2_0_, detalletic0_.cantidad as cantidad2_2_0_, detalletic0_.cantidadporproducto as cantidad3_2_0_, detalletic0_.montodepago as montodep4_2_0_, detalletic0_.subtotal as subtotal5_2_0_, detalletic0_.idtipodepago as idtipode8_2_0_, detalletic0_.total as total6_2_0_ from detalleticket detalletic0_ where detalletic0_.iddetalleticket=? for update
12:17:54.837 [main] DEBUG o.h.l.p.b.i.spaces.QuerySpacesImpl - Adding QuerySpace : uid = <gen:0> -> org.hibernate.loader.plan.build.internal.spaces.EntityQuerySpaceImpl@dfddc9a]
12:17:54.837 [main] DEBUG o.h.p.w.spi.MetamodelGraphWalker - Visiting attribute path : cabeceraticket
12:17:54.838 [main] DEBUG o.h.l.p.b.i.spaces.QuerySpacesImpl - Adding QuerySpace : uid = <gen:1> -> org.hibernate.loader.plan.build.internal.spaces.EntityQuerySpaceImpl@5e8ac0e1]
12:17:54.838 [main] DEBUG o.h.p.w.spi.MetamodelGraphWalker - Visiting attribute path : cantidad
12:17:54.838 [main] DEBUG o.h.p.w.spi.MetamodelGraphWalker - Visiting attribute path : cantidadporproducto
12:17:54.838 [main] DEBUG o.h.p.w.spi.MetamodelGraphWalker - Visiting attribute path : detalleofertas
12:17:54.838 [main] DEBUG o.h.p.w.spi.MetamodelGraphWalker - Visiting attribute path : montodepago
12:17:54.838 [main] DEBUG o.h.p.w.spi.MetamodelGraphWalker - Visiting attribute path : productos
12:17:54.838 [main] DEBUG o.h.p.w.spi.MetamodelGraphWalker - Visiting attribute path : subtotal
12:17:54.838 [main] DEBUG o.h.p.w.spi.MetamodelGraphWalker - Visiting attribute path : tipodepago
12:17:54.838 [main] DEBUG o.h.l.p.b.i.spaces.QuerySpacesImpl - Adding QuerySpace : uid = <gen:2> -> org.hibernate.loader.plan.build.internal.spaces.EntityQuerySpaceImpl@aafcffa]
12:17:54.838 [main] DEBUG o.h.p.w.spi.MetamodelGraphWalker - Visiting attribute path : total
12:17:54.838 [main] DEBUG o.h.l.p.b.i.FetchStyleLoadPlanBuildingAssociationVisitationStrategy - Building LoadPlan...
12:17:54.838 [main] DEBUG o.h.l.p.e.i.LoadQueryJoinAndFetchProcessor - processing queryspace <gen:0>
12:17:54.838 [main] DEBUG o.h.l.p.b.spi.LoadPlanTreePrinter - LoadPlan(entity=com.fabiocompany.supermercadosdeltaplus.model.Detalleticket)
    - Returns
       - EntityReturnImpl(entity=com.fabiocompany.supermercadosdeltaplus.model.Detalleticket, querySpaceUid=<gen:0>, path=com.fabiocompany.supermercadosdeltaplus.model.Detalleticket)
          - EntityAttributeFetchImpl(entity=com.fabiocompany.supermercadosdeltaplus.model.Cabeceraticket, querySpaceUid=<gen:1>, path=com.fabiocompany.supermercadosdeltaplus.model.Detalleticket.cabeceraticket)
          - EntityAttributeFetchImpl(entity=com.fabiocompany.supermercadosdeltaplus.model.Tipodepago, querySpaceUid=<gen:2>, path=com.fabiocompany.supermercadosdeltaplus.model.Detalleticket.tipodepago)
    - QuerySpaces
       - EntityQuerySpaceImpl(uid=<gen:0>, entity=com.fabiocompany.supermercadosdeltaplus.model.Detalleticket)
          - SQL table alias mapping - detalletic0_
          - alias suffix - 0_
          - suffixed key columns - {iddetall1_2_0_}

12:17:54.839 [main] DEBUG o.h.loader.entity.plan.EntityLoader - Static select for entity com.fabiocompany.supermercadosdeltaplus.model.Detalleticket [UPGRADE_SKIPLOCKED]: select detalletic0_.iddetalleticket as iddetall1_2_0_, detalletic0_.idticket as idticket7_2_0_, detalletic0_.cantidad as cantidad2_2_0_, detalletic0_.cantidadporproducto as cantidad3_2_0_, detalletic0_.montodepago as montodep4_2_0_, detalletic0_.subtotal as subtotal5_2_0_, detalletic0_.idtipodepago as idtipode8_2_0_, detalletic0_.total as total6_2_0_ from detalleticket detalletic0_ where detalletic0_.iddetalleticket=? for update
12:17:54.839 [main] DEBUG o.h.l.p.b.i.spaces.QuerySpacesImpl - Adding QuerySpace : uid = <gen:0> -> org.hibernate.loader.plan.build.internal.spaces.EntityQuerySpaceImpl@6955cb39]
12:17:54.839 [main] DEBUG o.h.p.w.spi.MetamodelGraphWalker - Visiting attribute path : cabeceraticket
12:17:54.839 [main] DEBUG o.h.l.p.b.i.spaces.QuerySpacesImpl - Adding QuerySpace : uid = <gen:1> -> org.hibernate.loader.plan.build.internal.spaces.EntityQuerySpaceImpl@2b5f4d54]
12:17:54.839 [main] DEBUG o.h.p.w.spi.MetamodelGraphWalker - Visiting attribute path : cantidad
12:17:54.839 [main] DEBUG o.h.p.w.spi.MetamodelGraphWalker - Visiting attribute path : cantidadporproducto
12:17:54.839 [main] DEBUG o.h.p.w.spi.MetamodelGraphWalker - Visiting attribute path : detalleofertas
12:17:54.839 [main] DEBUG o.h.p.w.spi.MetamodelGraphWalker - Visiting attribute path : montodepago
12:17:54.839 [main] DEBUG o.h.p.w.spi.MetamodelGraphWalker - Visiting attribute path : productos
12:17:54.839 [main] DEBUG o.h.p.w.spi.MetamodelGraphWalker - Visiting attribute path : subtotal
12:17:54.839 [main] DEBUG o.h.p.w.spi.MetamodelGraphWalker - Visiting attribute path : tipodepago
12:17:54.839 [main] DEBUG o.h.l.p.b.i.spaces.QuerySpacesImpl - Adding QuerySpace : uid = <gen:2> -> org.hibernate.loader.plan.build.internal.spaces.EntityQuerySpaceImpl@5f7b97da]
12:17:54.839 [main] DEBUG o.h.p.w.spi.MetamodelGraphWalker - Visiting attribute path : total
12:17:54.839 [main] DEBUG o.h.l.p.b.i.FetchStyleLoadPlanBuildingAssociationVisitationStrategy - Building LoadPlan...
12:17:54.840 [main] DEBUG o.h.l.p.e.i.LoadQueryJoinAndFetchProcessor - processing queryspace <gen:0>
12:17:54.840 [main] DEBUG o.h.l.p.b.spi.LoadPlanTreePrinter - LoadPlan(entity=com.fabiocompany.supermercadosdeltaplus.model.Detalleticket)
    - Returns
       - EntityReturnImpl(entity=com.fabiocompany.supermercadosdeltaplus.model.Detalleticket, querySpaceUid=<gen:0>, path=com.fabiocompany.supermercadosdeltaplus.model.Detalleticket)
          - EntityAttributeFetchImpl(entity=com.fabiocompany.supermercadosdeltaplus.model.Cabeceraticket, querySpaceUid=<gen:1>, path=com.fabiocompany.supermercadosdeltaplus.model.Detalleticket.cabeceraticket)
          - EntityAttributeFetchImpl(entity=com.fabiocompany.supermercadosdeltaplus.model.Tipodepago, querySpaceUid=<gen:2>, path=com.fabiocompany.supermercadosdeltaplus.model.Detalleticket.tipodepago)
    - QuerySpaces
       - EntityQuerySpaceImpl(uid=<gen:0>, entity=com.fabiocompany.supermercadosdeltaplus.model.Detalleticket)
          - SQL table alias mapping - detalletic0_
          - alias suffix - 0_
          - suffixed key columns - {iddetall1_2_0_}

12:17:54.840 [main] DEBUG o.h.loader.entity.plan.EntityLoader - Static select for entity com.fabiocompany.supermercadosdeltaplus.model.Detalleticket [FORCE]: select detalletic0_.iddetalleticket as iddetall1_2_0_, detalletic0_.idticket as idticket7_2_0_, detalletic0_.cantidad as cantidad2_2_0_, detalletic0_.cantidadporproducto as cantidad3_2_0_, detalletic0_.montodepago as montodep4_2_0_, detalletic0_.subtotal as subtotal5_2_0_, detalletic0_.idtipodepago as idtipode8_2_0_, detalletic0_.total as total6_2_0_ from detalleticket detalletic0_ where detalletic0_.iddetalleticket=? for update
12:17:54.840 [main] DEBUG o.h.l.p.b.i.spaces.QuerySpacesImpl - Adding QuerySpace : uid = <gen:0> -> org.hibernate.loader.plan.build.internal.spaces.EntityQuerySpaceImpl@18b0930f]
12:17:54.840 [main] DEBUG o.h.p.w.spi.MetamodelGraphWalker - Visiting attribute path : cabeceraticket
12:17:54.840 [main] DEBUG o.h.l.p.b.i.spaces.QuerySpacesImpl - Adding QuerySpace : uid = <gen:1> -> org.hibernate.loader.plan.build.internal.spaces.EntityQuerySpaceImpl@3a1dd365]
12:17:54.840 [main] DEBUG o.h.p.w.spi.MetamodelGraphWalker - Visiting attribute path : cantidad
12:17:54.840 [main] DEBUG o.h.p.w.spi.MetamodelGraphWalker - Visiting attribute path : cantidadporproducto
12:17:54.840 [main] DEBUG o.h.p.w.spi.MetamodelGraphWalker - Visiting attribute path : detalleofertas
12:17:54.840 [main] DEBUG o.h.p.w.spi.MetamodelGraphWalker - Visiting attribute path : montodepago
12:17:54.840 [main] DEBUG o.h.p.w.spi.MetamodelGraphWalker - Visiting attribute path : productos
12:17:54.840 [main] DEBUG o.h.p.w.spi.MetamodelGraphWalker - Visiting attribute path : subtotal
12:17:54.841 [main] DEBUG o.h.p.w.spi.MetamodelGraphWalker - Visiting attribute path : tipodepago
12:17:54.841 [main] DEBUG o.h.l.p.b.i.spaces.QuerySpacesImpl - Adding QuerySpace : uid = <gen:2> -> org.hibernate.loader.plan.build.internal.spaces.EntityQuerySpaceImpl@395b56bb]
12:17:54.841 [main] DEBUG o.h.p.w.spi.MetamodelGraphWalker - Visiting attribute path : total
12:17:54.841 [main] DEBUG o.h.l.p.b.i.FetchStyleLoadPlanBuildingAssociationVisitationStrategy - Building LoadPlan...
12:17:54.841 [main] DEBUG o.h.l.p.e.i.LoadQueryJoinAndFetchProcessor - processing queryspace <gen:0>
12:17:54.841 [main] DEBUG o.h.l.p.b.spi.LoadPlanTreePrinter - LoadPlan(entity=com.fabiocompany.supermercadosdeltaplus.model.Detalleticket)
    - Returns
       - EntityReturnImpl(entity=com.fabiocompany.supermercadosdeltaplus.model.Detalleticket, querySpaceUid=<gen:0>, path=com.fabiocompany.supermercadosdeltaplus.model.Detalleticket)
          - EntityAttributeFetchImpl(entity=com.fabiocompany.supermercadosdeltaplus.model.Cabeceraticket, querySpaceUid=<gen:1>, path=com.fabiocompany.supermercadosdeltaplus.model.Detalleticket.cabeceraticket)
          - EntityAttributeFetchImpl(entity=com.fabiocompany.supermercadosdeltaplus.model.Tipodepago, querySpaceUid=<gen:2>, path=com.fabiocompany.supermercadosdeltaplus.model.Detalleticket.tipodepago)
    - QuerySpaces
       - EntityQuerySpaceImpl(uid=<gen:0>, entity=com.fabiocompany.supermercadosdeltaplus.model.Detalleticket)
          - SQL table alias mapping - detalletic0_
          - alias suffix - 0_
          - suffixed key columns - {iddetall1_2_0_}

12:17:54.841 [main] DEBUG o.h.loader.entity.plan.EntityLoader - Static select for entity com.fabiocompany.supermercadosdeltaplus.model.Detalleticket [PESSIMISTIC_READ]: select detalletic0_.iddetalleticket as iddetall1_2_0_, detalletic0_.idticket as idticket7_2_0_, detalletic0_.cantidad as cantidad2_2_0_, detalletic0_.cantidadporproducto as cantidad3_2_0_, detalletic0_.montodepago as montodep4_2_0_, detalletic0_.subtotal as subtotal5_2_0_, detalletic0_.idtipodepago as idtipode8_2_0_, detalletic0_.total as total6_2_0_ from detalleticket detalletic0_ where detalletic0_.iddetalleticket=? lock in share mode
12:17:54.841 [main] DEBUG o.h.l.p.b.i.spaces.QuerySpacesImpl - Adding QuerySpace : uid = <gen:0> -> org.hibernate.loader.plan.build.internal.spaces.EntityQuerySpaceImpl@256f8274]
12:17:54.842 [main] DEBUG o.h.p.w.spi.MetamodelGraphWalker - Visiting attribute path : cabeceraticket
12:17:54.842 [main] DEBUG o.h.l.p.b.i.spaces.QuerySpacesImpl - Adding QuerySpace : uid = <gen:1> -> org.hibernate.loader.plan.build.internal.spaces.EntityQuerySpaceImpl@52d239ba]
12:17:54.842 [main] DEBUG o.h.p.w.spi.MetamodelGraphWalker - Visiting attribute path : cantidad
12:17:54.842 [main] DEBUG o.h.p.w.spi.MetamodelGraphWalker - Visiting attribute path : cantidadporproducto
12:17:54.842 [main] DEBUG o.h.p.w.spi.MetamodelGraphWalker - Visiting attribute path : detalleofertas
12:17:54.842 [main] DEBUG o.h.p.w.spi.MetamodelGraphWalker - Visiting attribute path : montodepago
12:17:54.842 [main] DEBUG o.h.p.w.spi.MetamodelGraphWalker - Visiting attribute path : productos
12:17:54.842 [main] DEBUG o.h.p.w.spi.MetamodelGraphWalker - Visiting attribute path : subtotal
12:17:54.842 [main] DEBUG o.h.p.w.spi.MetamodelGraphWalker - Visiting attribute path : tipodepago
12:17:54.842 [main] DEBUG o.h.l.p.b.i.spaces.QuerySpacesImpl - Adding QuerySpace : uid = <gen:2> -> org.hibernate.loader.plan.build.internal.spaces.EntityQuerySpaceImpl@315f43d5]
12:17:54.842 [main] DEBUG o.h.p.w.spi.MetamodelGraphWalker - Visiting attribute path : total
12:17:54.842 [main] DEBUG o.h.l.p.b.i.FetchStyleLoadPlanBuildingAssociationVisitationStrategy - Building LoadPlan...
12:17:54.842 [main] DEBUG o.h.l.p.e.i.LoadQueryJoinAndFetchProcessor - processing queryspace <gen:0>
12:17:54.842 [main] DEBUG o.h.l.p.b.spi.LoadPlanTreePrinter - LoadPlan(entity=com.fabiocompany.supermercadosdeltaplus.model.Detalleticket)
    - Returns
       - EntityReturnImpl(entity=com.fabiocompany.supermercadosdeltaplus.model.Detalleticket, querySpaceUid=<gen:0>, path=com.fabiocompany.supermercadosdeltaplus.model.Detalleticket)
          - EntityAttributeFetchImpl(entity=com.fabiocompany.supermercadosdeltaplus.model.Cabeceraticket, querySpaceUid=<gen:1>, path=com.fabiocompany.supermercadosdeltaplus.model.Detalleticket.cabeceraticket)
          - EntityAttributeFetchImpl(entity=com.fabiocompany.supermercadosdeltaplus.model.Tipodepago, querySpaceUid=<gen:2>, path=com.fabiocompany.supermercadosdeltaplus.model.Detalleticket.tipodepago)
    - QuerySpaces
       - EntityQuerySpaceImpl(uid=<gen:0>, entity=com.fabiocompany.supermercadosdeltaplus.model.Detalleticket)
          - SQL table alias mapping - detalletic0_
          - alias suffix - 0_
          - suffixed key columns - {iddetall1_2_0_}

12:17:54.843 [main] DEBUG o.h.loader.entity.plan.EntityLoader - Static select for entity com.fabiocompany.supermercadosdeltaplus.model.Detalleticket [PESSIMISTIC_WRITE]: select detalletic0_.iddetalleticket as iddetall1_2_0_, detalletic0_.idticket as idticket7_2_0_, detalletic0_.cantidad as cantidad2_2_0_, detalletic0_.cantidadporproducto as cantidad3_2_0_, detalletic0_.montodepago as montodep4_2_0_, detalletic0_.subtotal as subtotal5_2_0_, detalletic0_.idtipodepago as idtipode8_2_0_, detalletic0_.total as total6_2_0_ from detalleticket detalletic0_ where detalletic0_.iddetalleticket=? for update
12:17:54.843 [main] DEBUG o.h.l.p.b.i.spaces.QuerySpacesImpl - Adding QuerySpace : uid = <gen:0> -> org.hibernate.loader.plan.build.internal.spaces.EntityQuerySpaceImpl@68fa0ba8]
12:17:54.843 [main] DEBUG o.h.p.w.spi.MetamodelGraphWalker - Visiting attribute path : cabeceraticket
12:17:54.843 [main] DEBUG o.h.l.p.b.i.spaces.QuerySpacesImpl - Adding QuerySpace : uid = <gen:1> -> org.hibernate.loader.plan.build.internal.spaces.EntityQuerySpaceImpl@2f05be7f]
12:17:54.843 [main] DEBUG o.h.p.w.spi.MetamodelGraphWalker - Visiting attribute path : cantidad
12:17:54.843 [main] DEBUG o.h.p.w.spi.MetamodelGraphWalker - Visiting attribute path : cantidadporproducto
12:17:54.843 [main] DEBUG o.h.p.w.spi.MetamodelGraphWalker - Visiting attribute path : detalleofertas
12:17:54.843 [main] DEBUG o.h.p.w.spi.MetamodelGraphWalker - Visiting attribute path : montodepago
12:17:54.843 [main] DEBUG o.h.p.w.spi.MetamodelGraphWalker - Visiting attribute path : productos
12:17:54.843 [main] DEBUG o.h.p.w.spi.MetamodelGraphWalker - Visiting attribute path : subtotal
12:17:54.843 [main] DEBUG o.h.p.w.spi.MetamodelGraphWalker - Visiting attribute path : tipodepago
12:17:54.843 [main] DEBUG o.h.l.p.b.i.spaces.QuerySpacesImpl - Adding QuerySpace : uid = <gen:2> -> org.hibernate.loader.plan.build.internal.spaces.EntityQuerySpaceImpl@640f11a1]
12:17:54.843 [main] DEBUG o.h.p.w.spi.MetamodelGraphWalker - Visiting attribute path : total
12:17:54.843 [main] DEBUG o.h.l.p.b.i.FetchStyleLoadPlanBuildingAssociationVisitationStrategy - Building LoadPlan...
12:17:54.844 [main] DEBUG o.h.l.p.e.i.LoadQueryJoinAndFetchProcessor - processing queryspace <gen:0>
12:17:54.844 [main] DEBUG o.h.l.p.b.spi.LoadPlanTreePrinter - LoadPlan(entity=com.fabiocompany.supermercadosdeltaplus.model.Detalleticket)
    - Returns
       - EntityReturnImpl(entity=com.fabiocompany.supermercadosdeltaplus.model.Detalleticket, querySpaceUid=<gen:0>, path=com.fabiocompany.supermercadosdeltaplus.model.Detalleticket)
          - EntityAttributeFetchImpl(entity=com.fabiocompany.supermercadosdeltaplus.model.Cabeceraticket, querySpaceUid=<gen:1>, path=com.fabiocompany.supermercadosdeltaplus.model.Detalleticket.cabeceraticket)
          - EntityAttributeFetchImpl(entity=com.fabiocompany.supermercadosdeltaplus.model.Tipodepago, querySpaceUid=<gen:2>, path=com.fabiocompany.supermercadosdeltaplus.model.Detalleticket.tipodepago)
    - QuerySpaces
       - EntityQuerySpaceImpl(uid=<gen:0>, entity=com.fabiocompany.supermercadosdeltaplus.model.Detalleticket)
          - SQL table alias mapping - detalletic0_
          - alias suffix - 0_
          - suffixed key columns - {iddetall1_2_0_}

12:17:54.844 [main] DEBUG o.h.loader.entity.plan.EntityLoader - Static select for entity com.fabiocompany.supermercadosdeltaplus.model.Detalleticket [PESSIMISTIC_FORCE_INCREMENT]: select detalletic0_.iddetalleticket as iddetall1_2_0_, detalletic0_.idticket as idticket7_2_0_, detalletic0_.cantidad as cantidad2_2_0_, detalletic0_.cantidadporproducto as cantidad3_2_0_, detalletic0_.montodepago as montodep4_2_0_, detalletic0_.subtotal as subtotal5_2_0_, detalletic0_.idtipodepago as idtipode8_2_0_, detalletic0_.total as total6_2_0_ from detalleticket detalletic0_ where detalletic0_.iddetalleticket=? for update
12:17:54.844 [main] DEBUG o.h.l.p.b.i.spaces.QuerySpacesImpl - Adding QuerySpace : uid = <gen:0> -> org.hibernate.loader.plan.build.internal.spaces.EntityQuerySpaceImpl@5c10f1c3]
12:17:54.844 [main] DEBUG o.h.p.w.spi.MetamodelGraphWalker - Visiting attribute path : cabeceraticket
12:17:54.844 [main] DEBUG o.h.l.p.b.i.spaces.QuerySpacesImpl - Adding QuerySpace : uid = <gen:1> -> org.hibernate.loader.plan.build.internal.spaces.EntityQuerySpaceImpl@78365cfa]
12:17:54.845 [main] DEBUG o.h.p.w.spi.MetamodelGraphWalker - Visiting attribute path : cantidad
12:17:54.845 [main] DEBUG o.h.p.w.spi.MetamodelGraphWalker - Visiting attribute path : cantidadporproducto
12:17:54.845 [main] DEBUG o.h.p.w.spi.MetamodelGraphWalker - Visiting attribute path : detalleofertas
12:17:54.845 [main] DEBUG o.h.p.w.spi.MetamodelGraphWalker - Visiting attribute path : montodepago
12:17:54.845 [main] DEBUG o.h.p.w.spi.MetamodelGraphWalker - Visiting attribute path : productos
12:17:54.845 [main] DEBUG o.h.p.w.spi.MetamodelGraphWalker - Visiting attribute path : subtotal
12:17:54.845 [main] DEBUG o.h.p.w.spi.MetamodelGraphWalker - Visiting attribute path : tipodepago
12:17:54.845 [main] DEBUG o.h.l.p.b.i.spaces.QuerySpacesImpl - Adding QuerySpace : uid = <gen:2> -> org.hibernate.loader.plan.build.internal.spaces.EntityQuerySpaceImpl@64a8c844]
12:17:54.845 [main] DEBUG o.h.p.w.spi.MetamodelGraphWalker - Visiting attribute path : total
12:17:54.845 [main] DEBUG o.h.l.p.b.i.FetchStyleLoadPlanBuildingAssociationVisitationStrategy - Building LoadPlan...
12:17:54.845 [main] DEBUG o.h.l.p.e.i.LoadQueryJoinAndFetchProcessor - processing queryspace <gen:0>
12:17:54.846 [main] DEBUG o.h.l.p.b.spi.LoadPlanTreePrinter - LoadPlan(entity=com.fabiocompany.supermercadosdeltaplus.model.Detalleticket)
    - Returns
       - EntityReturnImpl(entity=com.fabiocompany.supermercadosdeltaplus.model.Detalleticket, querySpaceUid=<gen:0>, path=com.fabiocompany.supermercadosdeltaplus.model.Detalleticket)
          - EntityAttributeFetchImpl(entity=com.fabiocompany.supermercadosdeltaplus.model.Cabeceraticket, querySpaceUid=<gen:1>, path=com.fabiocompany.supermercadosdeltaplus.model.Detalleticket.cabeceraticket)
          - EntityAttributeFetchImpl(entity=com.fabiocompany.supermercadosdeltaplus.model.Tipodepago, querySpaceUid=<gen:2>, path=com.fabiocompany.supermercadosdeltaplus.model.Detalleticket.tipodepago)
    - QuerySpaces
       - EntityQuerySpaceImpl(uid=<gen:0>, entity=com.fabiocompany.supermercadosdeltaplus.model.Detalleticket)
          - SQL table alias mapping - detalletic0_
          - alias suffix - 0_
          - suffixed key columns - {iddetall1_2_0_}

12:17:54.846 [main] DEBUG o.h.loader.entity.plan.EntityLoader - Static select for entity com.fabiocompany.supermercadosdeltaplus.model.Detalleticket [OPTIMISTIC]: select detalletic0_.iddetalleticket as iddetall1_2_0_, detalletic0_.idticket as idticket7_2_0_, detalletic0_.cantidad as cantidad2_2_0_, detalletic0_.cantidadporproducto as cantidad3_2_0_, detalletic0_.montodepago as montodep4_2_0_, detalletic0_.subtotal as subtotal5_2_0_, detalletic0_.idtipodepago as idtipode8_2_0_, detalletic0_.total as total6_2_0_ from detalleticket detalletic0_ where detalletic0_.iddetalleticket=?
12:17:54.846 [main] DEBUG o.h.l.p.b.i.spaces.QuerySpacesImpl - Adding QuerySpace : uid = <gen:0> -> org.hibernate.loader.plan.build.internal.spaces.EntityQuerySpaceImpl@3f6db3fb]
12:17:54.846 [main] DEBUG o.h.p.w.spi.MetamodelGraphWalker - Visiting attribute path : cabeceraticket
12:17:54.846 [main] DEBUG o.h.l.p.b.i.spaces.QuerySpacesImpl - Adding QuerySpace : uid = <gen:1> -> org.hibernate.loader.plan.build.internal.spaces.EntityQuerySpaceImpl@18c5069b]
12:17:54.846 [main] DEBUG o.h.p.w.spi.MetamodelGraphWalker - Visiting attribute path : cantidad
12:17:54.846 [main] DEBUG o.h.p.w.spi.MetamodelGraphWalker - Visiting attribute path : cantidadporproducto
12:17:54.846 [main] DEBUG o.h.p.w.spi.MetamodelGraphWalker - Visiting attribute path : detalleofertas
12:17:54.847 [main] DEBUG o.h.p.w.spi.MetamodelGraphWalker - Visiting attribute path : montodepago
12:17:54.847 [main] DEBUG o.h.p.w.spi.MetamodelGraphWalker - Visiting attribute path : productos
12:17:54.847 [main] DEBUG o.h.p.w.spi.MetamodelGraphWalker - Visiting attribute path : subtotal
12:17:54.847 [main] DEBUG o.h.p.w.spi.MetamodelGraphWalker - Visiting attribute path : tipodepago
12:17:54.847 [main] DEBUG o.h.l.p.b.i.spaces.QuerySpacesImpl - Adding QuerySpace : uid = <gen:2> -> org.hibernate.loader.plan.build.internal.spaces.EntityQuerySpaceImpl@3a0d172f]
12:17:54.847 [main] DEBUG o.h.p.w.spi.MetamodelGraphWalker - Visiting attribute path : total
12:17:54.847 [main] DEBUG o.h.l.p.b.i.FetchStyleLoadPlanBuildingAssociationVisitationStrategy - Building LoadPlan...
12:17:54.847 [main] DEBUG o.h.l.p.e.i.LoadQueryJoinAndFetchProcessor - processing queryspace <gen:0>
12:17:54.848 [main] DEBUG o.h.l.p.b.spi.LoadPlanTreePrinter - LoadPlan(entity=com.fabiocompany.supermercadosdeltaplus.model.Detalleticket)
    - Returns
       - EntityReturnImpl(entity=com.fabiocompany.supermercadosdeltaplus.model.Detalleticket, querySpaceUid=<gen:0>, path=com.fabiocompany.supermercadosdeltaplus.model.Detalleticket)
          - EntityAttributeFetchImpl(entity=com.fabiocompany.supermercadosdeltaplus.model.Cabeceraticket, querySpaceUid=<gen:1>, path=com.fabiocompany.supermercadosdeltaplus.model.Detalleticket.cabeceraticket)
          - EntityAttributeFetchImpl(entity=com.fabiocompany.supermercadosdeltaplus.model.Tipodepago, querySpaceUid=<gen:2>, path=com.fabiocompany.supermercadosdeltaplus.model.Detalleticket.tipodepago)
    - QuerySpaces
       - EntityQuerySpaceImpl(uid=<gen:0>, entity=com.fabiocompany.supermercadosdeltaplus.model.Detalleticket)
          - SQL table alias mapping - detalletic0_
          - alias suffix - 0_
          - suffixed key columns - {iddetall1_2_0_}

12:17:54.848 [main] DEBUG o.h.loader.entity.plan.EntityLoader - Static select for entity com.fabiocompany.supermercadosdeltaplus.model.Detalleticket [OPTIMISTIC_FORCE_INCREMENT]: select detalletic0_.iddetalleticket as iddetall1_2_0_, detalletic0_.idticket as idticket7_2_0_, detalletic0_.cantidad as cantidad2_2_0_, detalletic0_.cantidadporproducto as cantidad3_2_0_, detalletic0_.montodepago as montodep4_2_0_, detalletic0_.subtotal as subtotal5_2_0_, detalletic0_.idtipodepago as idtipode8_2_0_, detalletic0_.total as total6_2_0_ from detalleticket detalletic0_ where detalletic0_.iddetalleticket=?
12:17:54.850 [main] DEBUG org.hibernate.loader.Loader - Static select for action ACTION_MERGE on entity com.fabiocompany.supermercadosdeltaplus.model.Detalleticket: select detalletic0_.iddetalleticket as iddetall1_2_1_, detalletic0_.idticket as idticket7_2_1_, detalletic0_.cantidad as cantidad2_2_1_, detalletic0_.cantidadporproducto as cantidad3_2_1_, detalletic0_.montodepago as montodep4_2_1_, detalletic0_.subtotal as subtotal5_2_1_, detalletic0_.idtipodepago as idtipode8_2_1_, detalletic0_.total as total6_2_1_, detalleofe1_.iddetalleticket as iddetall1_2_3_, detalleofe2_.iddetalleoferta as iddetall2_6_3_, detalleofe2_.iddetalleoferta as iddetall1_1_0_, detalleofe2_.descripciondepromocion as descripc2_1_0_, detalleofe2_.montodedescuento as montoded3_1_0_ from detalleticket detalletic0_ left outer join ticketsyofertas detalleofe1_ on detalletic0_.iddetalleticket=detalleofe1_.iddetalleticket left outer join detalleoferta detalleofe2_ on detalleofe1_.iddetalleoferta=detalleofe2_.iddetalleoferta where detalletic0_.iddetalleticket=?
12:17:54.850 [main] DEBUG org.hibernate.loader.Loader - Static select for action ACTION_REFRESH on entity com.fabiocompany.supermercadosdeltaplus.model.Detalleticket: select detalletic0_.iddetalleticket as iddetall1_2_1_, detalletic0_.idticket as idticket7_2_1_, detalletic0_.cantidad as cantidad2_2_1_, detalletic0_.cantidadporproducto as cantidad3_2_1_, detalletic0_.montodepago as montodep4_2_1_, detalletic0_.subtotal as subtotal5_2_1_, detalletic0_.idtipodepago as idtipode8_2_1_, detalletic0_.total as total6_2_1_, detalleofe1_.iddetalleticket as iddetall1_2_3_, detalleofe2_.iddetalleoferta as iddetall2_6_3_, detalleofe2_.iddetalleoferta as iddetall1_1_0_, detalleofe2_.descripciondepromocion as descripc2_1_0_, detalleofe2_.montodedescuento as montoded3_1_0_ from detalleticket detalletic0_ left outer join ticketsyofertas detalleofe1_ on detalletic0_.iddetalleticket=detalleofe1_.iddetalleticket left outer join detalleoferta detalleofe2_ on detalleofe1_.iddetalleoferta=detalleofe2_.iddetalleoferta where detalletic0_.iddetalleticket=?
12:17:54.852 [main] DEBUG o.h.p.entity.AbstractEntityPersister - Static SQL for entity: com.fabiocompany.supermercadosdeltaplus.model.Tipodepago
12:17:54.853 [main] DEBUG o.h.p.entity.AbstractEntityPersister -  Version select: select idtipodepago from tipodepago where idtipodepago =?
12:17:54.853 [main] DEBUG o.h.p.entity.AbstractEntityPersister -  Snapshot select: select tipodepago_.idtipodepago, tipodepago_.descripciontipodepago as descripc2_8_ from tipodepago tipodepago_ where tipodepago_.idtipodepago=?
12:17:54.853 [main] DEBUG o.h.p.entity.AbstractEntityPersister -  Insert 0: insert into tipodepago (descripciontipodepago, idtipodepago) values (?, ?)
12:17:54.853 [main] DEBUG o.h.p.entity.AbstractEntityPersister -  Update 0: update tipodepago set descripciontipodepago=? where idtipodepago=?
12:17:54.853 [main] DEBUG o.h.p.entity.AbstractEntityPersister -  Delete 0: delete from tipodepago where idtipodepago=?
12:17:54.853 [main] DEBUG o.h.p.entity.AbstractEntityPersister -  Identity insert: insert into tipodepago (descripciontipodepago) values (?)
12:17:54.853 [main] DEBUG o.h.l.p.b.i.spaces.QuerySpacesImpl - Adding QuerySpace : uid = <gen:0> -> org.hibernate.loader.plan.build.internal.spaces.EntityQuerySpaceImpl@781f10f2]
12:17:54.853 [main] DEBUG o.h.p.w.spi.MetamodelGraphWalker - Visiting attribute path : descripciontipodepago
12:17:54.854 [main] DEBUG o.h.p.w.spi.MetamodelGraphWalker - Visiting attribute path : detalletickets
12:17:54.854 [main] DEBUG o.h.p.w.spi.MetamodelGraphWalker - Visiting attribute path : tarjetas
12:17:54.854 [main] DEBUG o.h.l.p.b.i.FetchStyleLoadPlanBuildingAssociationVisitationStrategy - Building LoadPlan...
12:17:54.854 [main] DEBUG o.h.l.p.e.i.LoadQueryJoinAndFetchProcessor - processing queryspace <gen:0>
12:17:54.855 [main] DEBUG o.h.l.p.b.spi.LoadPlanTreePrinter - LoadPlan(entity=com.fabiocompany.supermercadosdeltaplus.model.Tipodepago)
    - Returns
       - EntityReturnImpl(entity=com.fabiocompany.supermercadosdeltaplus.model.Tipodepago, querySpaceUid=<gen:0>, path=com.fabiocompany.supermercadosdeltaplus.model.Tipodepago)
    - QuerySpaces
       - EntityQuerySpaceImpl(uid=<gen:0>, entity=com.fabiocompany.supermercadosdeltaplus.model.Tipodepago)
          - SQL table alias mapping - tipodepago0_
          - alias suffix - 0_
          - suffixed key columns - {idtipode1_8_0_}

12:17:54.855 [main] DEBUG o.h.loader.entity.plan.EntityLoader - Static select for entity com.fabiocompany.supermercadosdeltaplus.model.Tipodepago [NONE]: select tipodepago0_.idtipodepago as idtipode1_8_0_, tipodepago0_.descripciontipodepago as descripc2_8_0_ from tipodepago tipodepago0_ where tipodepago0_.idtipodepago=?
12:17:54.855 [main] DEBUG o.h.l.p.b.i.spaces.QuerySpacesImpl - Adding QuerySpace : uid = <gen:0> -> org.hibernate.loader.plan.build.internal.spaces.EntityQuerySpaceImpl@2e9fda69]
12:17:54.855 [main] DEBUG o.h.p.w.spi.MetamodelGraphWalker - Visiting attribute path : descripciontipodepago
12:17:54.855 [main] DEBUG o.h.p.w.spi.MetamodelGraphWalker - Visiting attribute path : detalletickets
12:17:54.855 [main] DEBUG o.h.p.w.spi.MetamodelGraphWalker - Visiting attribute path : tarjetas
12:17:54.855 [main] DEBUG o.h.l.p.b.i.FetchStyleLoadPlanBuildingAssociationVisitationStrategy - Building LoadPlan...
12:17:54.855 [main] DEBUG o.h.l.p.e.i.LoadQueryJoinAndFetchProcessor - processing queryspace <gen:0>
12:17:54.856 [main] DEBUG o.h.l.p.b.spi.LoadPlanTreePrinter - LoadPlan(entity=com.fabiocompany.supermercadosdeltaplus.model.Tipodepago)
    - Returns
       - EntityReturnImpl(entity=com.fabiocompany.supermercadosdeltaplus.model.Tipodepago, querySpaceUid=<gen:0>, path=com.fabiocompany.supermercadosdeltaplus.model.Tipodepago)
    - QuerySpaces
       - EntityQuerySpaceImpl(uid=<gen:0>, entity=com.fabiocompany.supermercadosdeltaplus.model.Tipodepago)
          - SQL table alias mapping - tipodepago0_
          - alias suffix - 0_
          - suffixed key columns - {idtipode1_8_0_}

12:17:54.856 [main] DEBUG o.h.loader.entity.plan.EntityLoader - Static select for entity com.fabiocompany.supermercadosdeltaplus.model.Tipodepago [READ]: select tipodepago0_.idtipodepago as idtipode1_8_0_, tipodepago0_.descripciontipodepago as descripc2_8_0_ from tipodepago tipodepago0_ where tipodepago0_.idtipodepago=?
12:17:54.856 [main] DEBUG o.h.l.p.b.i.spaces.QuerySpacesImpl - Adding QuerySpace : uid = <gen:0> -> org.hibernate.loader.plan.build.internal.spaces.EntityQuerySpaceImpl@1755e85b]
12:17:54.856 [main] DEBUG o.h.p.w.spi.MetamodelGraphWalker - Visiting attribute path : descripciontipodepago
12:17:54.856 [main] DEBUG o.h.p.w.spi.MetamodelGraphWalker - Visiting attribute path : detalletickets
12:17:54.856 [main] DEBUG o.h.p.w.spi.MetamodelGraphWalker - Visiting attribute path : tarjetas
12:17:54.856 [main] DEBUG o.h.l.p.b.i.FetchStyleLoadPlanBuildingAssociationVisitationStrategy - Building LoadPlan...
12:17:54.857 [main] DEBUG o.h.l.p.e.i.LoadQueryJoinAndFetchProcessor - processing queryspace <gen:0>
12:17:54.857 [main] DEBUG o.h.l.p.b.spi.LoadPlanTreePrinter - LoadPlan(entity=com.fabiocompany.supermercadosdeltaplus.model.Tipodepago)
    - Returns
       - EntityReturnImpl(entity=com.fabiocompany.supermercadosdeltaplus.model.Tipodepago, querySpaceUid=<gen:0>, path=com.fabiocompany.supermercadosdeltaplus.model.Tipodepago)
    - QuerySpaces
       - EntityQuerySpaceImpl(uid=<gen:0>, entity=com.fabiocompany.supermercadosdeltaplus.model.Tipodepago)
          - SQL table alias mapping - tipodepago0_
          - alias suffix - 0_
          - suffixed key columns - {idtipode1_8_0_}

12:17:54.857 [main] DEBUG o.h.loader.entity.plan.EntityLoader - Static select for entity com.fabiocompany.supermercadosdeltaplus.model.Tipodepago [UPGRADE]: select tipodepago0_.idtipodepago as idtipode1_8_0_, tipodepago0_.descripciontipodepago as descripc2_8_0_ from tipodepago tipodepago0_ where tipodepago0_.idtipodepago=? for update
12:17:54.857 [main] DEBUG o.h.l.p.b.i.spaces.QuerySpacesImpl - Adding QuerySpace : uid = <gen:0> -> org.hibernate.loader.plan.build.internal.spaces.EntityQuerySpaceImpl@2371aaca]
12:17:54.857 [main] DEBUG o.h.p.w.spi.MetamodelGraphWalker - Visiting attribute path : descripciontipodepago
12:17:54.857 [main] DEBUG o.h.p.w.spi.MetamodelGraphWalker - Visiting attribute path : detalletickets
12:17:54.858 [main] DEBUG o.h.p.w.spi.MetamodelGraphWalker - Visiting attribute path : tarjetas
12:17:54.858 [main] DEBUG o.h.l.p.b.i.FetchStyleLoadPlanBuildingAssociationVisitationStrategy - Building LoadPlan...
12:17:54.858 [main] DEBUG o.h.l.p.e.i.LoadQueryJoinAndFetchProcessor - processing queryspace <gen:0>
12:17:54.858 [main] DEBUG o.h.l.p.b.spi.LoadPlanTreePrinter - LoadPlan(entity=com.fabiocompany.supermercadosdeltaplus.model.Tipodepago)
    - Returns
       - EntityReturnImpl(entity=com.fabiocompany.supermercadosdeltaplus.model.Tipodepago, querySpaceUid=<gen:0>, path=com.fabiocompany.supermercadosdeltaplus.model.Tipodepago)
    - QuerySpaces
       - EntityQuerySpaceImpl(uid=<gen:0>, entity=com.fabiocompany.supermercadosdeltaplus.model.Tipodepago)
          - SQL table alias mapping - tipodepago0_
          - alias suffix - 0_
          - suffixed key columns - {idtipode1_8_0_}

12:17:54.858 [main] DEBUG o.h.loader.entity.plan.EntityLoader - Static select for entity com.fabiocompany.supermercadosdeltaplus.model.Tipodepago [UPGRADE_NOWAIT]: select tipodepago0_.idtipodepago as idtipode1_8_0_, tipodepago0_.descripciontipodepago as descripc2_8_0_ from tipodepago tipodepago0_ where tipodepago0_.idtipodepago=? for update
12:17:54.858 [main] DEBUG o.h.l.p.b.i.spaces.QuerySpacesImpl - Adding QuerySpace : uid = <gen:0> -> org.hibernate.loader.plan.build.internal.spaces.EntityQuerySpaceImpl@63fdab07]
12:17:54.859 [main] DEBUG o.h.p.w.spi.MetamodelGraphWalker - Visiting attribute path : descripciontipodepago
12:17:54.859 [main] DEBUG o.h.p.w.spi.MetamodelGraphWalker - Visiting attribute path : detalletickets
12:17:54.859 [main] DEBUG o.h.p.w.spi.MetamodelGraphWalker - Visiting attribute path : tarjetas
12:17:54.859 [main] DEBUG o.h.l.p.b.i.FetchStyleLoadPlanBuildingAssociationVisitationStrategy - Building LoadPlan...
12:17:54.859 [main] DEBUG o.h.l.p.e.i.LoadQueryJoinAndFetchProcessor - processing queryspace <gen:0>
12:17:54.859 [main] DEBUG o.h.l.p.b.spi.LoadPlanTreePrinter - LoadPlan(entity=com.fabiocompany.supermercadosdeltaplus.model.Tipodepago)
    - Returns
       - EntityReturnImpl(entity=com.fabiocompany.supermercadosdeltaplus.model.Tipodepago, querySpaceUid=<gen:0>, path=com.fabiocompany.supermercadosdeltaplus.model.Tipodepago)
    - QuerySpaces
       - EntityQuerySpaceImpl(uid=<gen:0>, entity=com.fabiocompany.supermercadosdeltaplus.model.Tipodepago)
          - SQL table alias mapping - tipodepago0_
          - alias suffix - 0_
          - suffixed key columns - {idtipode1_8_0_}

12:17:54.860 [main] DEBUG o.h.loader.entity.plan.EntityLoader - Static select for entity com.fabiocompany.supermercadosdeltaplus.model.Tipodepago [UPGRADE_SKIPLOCKED]: select tipodepago0_.idtipodepago as idtipode1_8_0_, tipodepago0_.descripciontipodepago as descripc2_8_0_ from tipodepago tipodepago0_ where tipodepago0_.idtipodepago=? for update
12:17:54.860 [main] DEBUG o.h.l.p.b.i.spaces.QuerySpacesImpl - Adding QuerySpace : uid = <gen:0> -> org.hibernate.loader.plan.build.internal.spaces.EntityQuerySpaceImpl@5553d0f5]
12:17:54.860 [main] DEBUG o.h.p.w.spi.MetamodelGraphWalker - Visiting attribute path : descripciontipodepago
12:17:54.860 [main] DEBUG o.h.p.w.spi.MetamodelGraphWalker - Visiting attribute path : detalletickets
12:17:54.860 [main] DEBUG o.h.p.w.spi.MetamodelGraphWalker - Visiting attribute path : tarjetas
12:17:54.860 [main] DEBUG o.h.l.p.b.i.FetchStyleLoadPlanBuildingAssociationVisitationStrategy - Building LoadPlan...
12:17:54.860 [main] DEBUG o.h.l.p.e.i.LoadQueryJoinAndFetchProcessor - processing queryspace <gen:0>
12:17:54.861 [main] DEBUG o.h.l.p.b.spi.LoadPlanTreePrinter - LoadPlan(entity=com.fabiocompany.supermercadosdeltaplus.model.Tipodepago)
    - Returns
       - EntityReturnImpl(entity=com.fabiocompany.supermercadosdeltaplus.model.Tipodepago, querySpaceUid=<gen:0>, path=com.fabiocompany.supermercadosdeltaplus.model.Tipodepago)
    - QuerySpaces
       - EntityQuerySpaceImpl(uid=<gen:0>, entity=com.fabiocompany.supermercadosdeltaplus.model.Tipodepago)
          - SQL table alias mapping - tipodepago0_
          - alias suffix - 0_
          - suffixed key columns - {idtipode1_8_0_}

12:17:54.861 [main] DEBUG o.h.loader.entity.plan.EntityLoader - Static select for entity com.fabiocompany.supermercadosdeltaplus.model.Tipodepago [FORCE]: select tipodepago0_.idtipodepago as idtipode1_8_0_, tipodepago0_.descripciontipodepago as descripc2_8_0_ from tipodepago tipodepago0_ where tipodepago0_.idtipodepago=? for update
12:17:54.861 [main] DEBUG o.h.l.p.b.i.spaces.QuerySpacesImpl - Adding QuerySpace : uid = <gen:0> -> org.hibernate.loader.plan.build.internal.spaces.EntityQuerySpaceImpl@14dda234]
12:17:54.861 [main] DEBUG o.h.p.w.spi.MetamodelGraphWalker - Visiting attribute path : descripciontipodepago
12:17:54.861 [main] DEBUG o.h.p.w.spi.MetamodelGraphWalker - Visiting attribute path : detalletickets
12:17:54.861 [main] DEBUG o.h.p.w.spi.MetamodelGraphWalker - Visiting attribute path : tarjetas
12:17:54.861 [main] DEBUG o.h.l.p.b.i.FetchStyleLoadPlanBuildingAssociationVisitationStrategy - Building LoadPlan...
12:17:54.861 [main] DEBUG o.h.l.p.e.i.LoadQueryJoinAndFetchProcessor - processing queryspace <gen:0>
12:17:54.862 [main] DEBUG o.h.l.p.b.spi.LoadPlanTreePrinter - LoadPlan(entity=com.fabiocompany.supermercadosdeltaplus.model.Tipodepago)
    - Returns
       - EntityReturnImpl(entity=com.fabiocompany.supermercadosdeltaplus.model.Tipodepago, querySpaceUid=<gen:0>, path=com.fabiocompany.supermercadosdeltaplus.model.Tipodepago)
    - QuerySpaces
       - EntityQuerySpaceImpl(uid=<gen:0>, entity=com.fabiocompany.supermercadosdeltaplus.model.Tipodepago)
          - SQL table alias mapping - tipodepago0_
          - alias suffix - 0_
          - suffixed key columns - {idtipode1_8_0_}

12:17:54.862 [main] DEBUG o.h.loader.entity.plan.EntityLoader - Static select for entity com.fabiocompany.supermercadosdeltaplus.model.Tipodepago [PESSIMISTIC_READ]: select tipodepago0_.idtipodepago as idtipode1_8_0_, tipodepago0_.descripciontipodepago as descripc2_8_0_ from tipodepago tipodepago0_ where tipodepago0_.idtipodepago=? lock in share mode
12:17:54.862 [main] DEBUG o.h.l.p.b.i.spaces.QuerySpacesImpl - Adding QuerySpace : uid = <gen:0> -> org.hibernate.loader.plan.build.internal.spaces.EntityQuerySpaceImpl@74a6a609]
12:17:54.862 [main] DEBUG o.h.p.w.spi.MetamodelGraphWalker - Visiting attribute path : descripciontipodepago
12:17:54.862 [main] DEBUG o.h.p.w.spi.MetamodelGraphWalker - Visiting attribute path : detalletickets
12:17:54.862 [main] DEBUG o.h.p.w.spi.MetamodelGraphWalker - Visiting attribute path : tarjetas
12:17:54.862 [main] DEBUG o.h.l.p.b.i.FetchStyleLoadPlanBuildingAssociationVisitationStrategy - Building LoadPlan...
12:17:54.863 [main] DEBUG o.h.l.p.e.i.LoadQueryJoinAndFetchProcessor - processing queryspace <gen:0>
12:17:54.863 [main] DEBUG o.h.l.p.b.spi.LoadPlanTreePrinter - LoadPlan(entity=com.fabiocompany.supermercadosdeltaplus.model.Tipodepago)
    - Returns
       - EntityReturnImpl(entity=com.fabiocompany.supermercadosdeltaplus.model.Tipodepago, querySpaceUid=<gen:0>, path=com.fabiocompany.supermercadosdeltaplus.model.Tipodepago)
    - QuerySpaces
       - EntityQuerySpaceImpl(uid=<gen:0>, entity=com.fabiocompany.supermercadosdeltaplus.model.Tipodepago)
          - SQL table alias mapping - tipodepago0_
          - alias suffix - 0_
          - suffixed key columns - {idtipode1_8_0_}

12:17:54.863 [main] DEBUG o.h.loader.entity.plan.EntityLoader - Static select for entity com.fabiocompany.supermercadosdeltaplus.model.Tipodepago [PESSIMISTIC_WRITE]: select tipodepago0_.idtipodepago as idtipode1_8_0_, tipodepago0_.descripciontipodepago as descripc2_8_0_ from tipodepago tipodepago0_ where tipodepago0_.idtipodepago=? for update
12:17:54.863 [main] DEBUG o.h.l.p.b.i.spaces.QuerySpacesImpl - Adding QuerySpace : uid = <gen:0> -> org.hibernate.loader.plan.build.internal.spaces.EntityQuerySpaceImpl@2374d36a]
12:17:54.863 [main] DEBUG o.h.p.w.spi.MetamodelGraphWalker - Visiting attribute path : descripciontipodepago
12:17:54.863 [main] DEBUG o.h.p.w.spi.MetamodelGraphWalker - Visiting attribute path : detalletickets
12:17:54.863 [main] DEBUG o.h.p.w.spi.MetamodelGraphWalker - Visiting attribute path : tarjetas
12:17:54.863 [main] DEBUG o.h.l.p.b.i.FetchStyleLoadPlanBuildingAssociationVisitationStrategy - Building LoadPlan...
12:17:54.864 [main] DEBUG o.h.l.p.e.i.LoadQueryJoinAndFetchProcessor - processing queryspace <gen:0>
12:17:54.864 [main] DEBUG o.h.l.p.b.spi.LoadPlanTreePrinter - LoadPlan(entity=com.fabiocompany.supermercadosdeltaplus.model.Tipodepago)
    - Returns
       - EntityReturnImpl(entity=com.fabiocompany.supermercadosdeltaplus.model.Tipodepago, querySpaceUid=<gen:0>, path=com.fabiocompany.supermercadosdeltaplus.model.Tipodepago)
    - QuerySpaces
       - EntityQuerySpaceImpl(uid=<gen:0>, entity=com.fabiocompany.supermercadosdeltaplus.model.Tipodepago)
          - SQL table alias mapping - tipodepago0_
          - alias suffix - 0_
          - suffixed key columns - {idtipode1_8_0_}

12:17:54.864 [main] DEBUG o.h.loader.entity.plan.EntityLoader - Static select for entity com.fabiocompany.supermercadosdeltaplus.model.Tipodepago [PESSIMISTIC_FORCE_INCREMENT]: select tipodepago0_.idtipodepago as idtipode1_8_0_, tipodepago0_.descripciontipodepago as descripc2_8_0_ from tipodepago tipodepago0_ where tipodepago0_.idtipodepago=? for update
12:17:54.864 [main] DEBUG o.h.l.p.b.i.spaces.QuerySpacesImpl - Adding QuerySpace : uid = <gen:0> -> org.hibernate.loader.plan.build.internal.spaces.EntityQuerySpaceImpl@1506f20f]
12:17:54.864 [main] DEBUG o.h.p.w.spi.MetamodelGraphWalker - Visiting attribute path : descripciontipodepago
12:17:54.864 [main] DEBUG o.h.p.w.spi.MetamodelGraphWalker - Visiting attribute path : detalletickets
12:17:54.865 [main] DEBUG o.h.p.w.spi.MetamodelGraphWalker - Visiting attribute path : tarjetas
12:17:54.865 [main] DEBUG o.h.l.p.b.i.FetchStyleLoadPlanBuildingAssociationVisitationStrategy - Building LoadPlan...
12:17:54.865 [main] DEBUG o.h.l.p.e.i.LoadQueryJoinAndFetchProcessor - processing queryspace <gen:0>
12:17:54.865 [main] DEBUG o.h.l.p.b.spi.LoadPlanTreePrinter - LoadPlan(entity=com.fabiocompany.supermercadosdeltaplus.model.Tipodepago)
    - Returns
       - EntityReturnImpl(entity=com.fabiocompany.supermercadosdeltaplus.model.Tipodepago, querySpaceUid=<gen:0>, path=com.fabiocompany.supermercadosdeltaplus.model.Tipodepago)
    - QuerySpaces
       - EntityQuerySpaceImpl(uid=<gen:0>, entity=com.fabiocompany.supermercadosdeltaplus.model.Tipodepago)
          - SQL table alias mapping - tipodepago0_
          - alias suffix - 0_
          - suffixed key columns - {idtipode1_8_0_}

12:17:54.865 [main] DEBUG o.h.loader.entity.plan.EntityLoader - Static select for entity com.fabiocompany.supermercadosdeltaplus.model.Tipodepago [OPTIMISTIC]: select tipodepago0_.idtipodepago as idtipode1_8_0_, tipodepago0_.descripciontipodepago as descripc2_8_0_ from tipodepago tipodepago0_ where tipodepago0_.idtipodepago=?
12:17:54.865 [main] DEBUG o.h.l.p.b.i.spaces.QuerySpacesImpl - Adding QuerySpace : uid = <gen:0> -> org.hibernate.loader.plan.build.internal.spaces.EntityQuerySpaceImpl@424fd310]
12:17:54.866 [main] DEBUG o.h.p.w.spi.MetamodelGraphWalker - Visiting attribute path : descripciontipodepago
12:17:54.866 [main] DEBUG o.h.p.w.spi.MetamodelGraphWalker - Visiting attribute path : detalletickets
12:17:54.866 [main] DEBUG o.h.p.w.spi.MetamodelGraphWalker - Visiting attribute path : tarjetas
12:17:54.866 [main] DEBUG o.h.l.p.b.i.FetchStyleLoadPlanBuildingAssociationVisitationStrategy - Building LoadPlan...
12:17:54.866 [main] DEBUG o.h.l.p.e.i.LoadQueryJoinAndFetchProcessor - processing queryspace <gen:0>
12:17:54.866 [main] DEBUG o.h.l.p.b.spi.LoadPlanTreePrinter - LoadPlan(entity=com.fabiocompany.supermercadosdeltaplus.model.Tipodepago)
    - Returns
       - EntityReturnImpl(entity=com.fabiocompany.supermercadosdeltaplus.model.Tipodepago, querySpaceUid=<gen:0>, path=com.fabiocompany.supermercadosdeltaplus.model.Tipodepago)
    - QuerySpaces
       - EntityQuerySpaceImpl(uid=<gen:0>, entity=com.fabiocompany.supermercadosdeltaplus.model.Tipodepago)
          - SQL table alias mapping - tipodepago0_
          - alias suffix - 0_
          - suffixed key columns - {idtipode1_8_0_}

12:17:54.866 [main] DEBUG o.h.loader.entity.plan.EntityLoader - Static select for entity com.fabiocompany.supermercadosdeltaplus.model.Tipodepago [OPTIMISTIC_FORCE_INCREMENT]: select tipodepago0_.idtipodepago as idtipode1_8_0_, tipodepago0_.descripciontipodepago as descripc2_8_0_ from tipodepago tipodepago0_ where tipodepago0_.idtipodepago=?
12:17:54.867 [main] DEBUG org.hibernate.loader.Loader - Static select for action ACTION_MERGE on entity com.fabiocompany.supermercadosdeltaplus.model.Tipodepago: select tipodepago0_.idtipodepago as idtipode1_8_1_, tipodepago0_.descripciontipodepago as descripc2_8_1_, detalletic1_.idtipodepago as idtipode8_8_3_, detalletic1_.iddetalleticket as iddetall1_2_3_, detalletic1_.iddetalleticket as iddetall1_2_0_, detalletic1_.idticket as idticket7_2_0_, detalletic1_.cantidad as cantidad2_2_0_, detalletic1_.cantidadporproducto as cantidad3_2_0_, detalletic1_.montodepago as montodep4_2_0_, detalletic1_.subtotal as subtotal5_2_0_, detalletic1_.idtipodepago as idtipode8_2_0_, detalletic1_.total as total6_2_0_ from tipodepago tipodepago0_ left outer join detalleticket detalletic1_ on tipodepago0_.idtipodepago=detalletic1_.idtipodepago where tipodepago0_.idtipodepago=?
12:17:54.873 [main] DEBUG org.hibernate.loader.Loader - Static select for action ACTION_REFRESH on entity com.fabiocompany.supermercadosdeltaplus.model.Tipodepago: select tipodepago0_.idtipodepago as idtipode1_8_1_, tipodepago0_.descripciontipodepago as descripc2_8_1_, detalletic1_.idtipodepago as idtipode8_8_3_, detalletic1_.iddetalleticket as iddetall1_2_3_, detalletic1_.iddetalleticket as iddetall1_2_0_, detalletic1_.idticket as idticket7_2_0_, detalletic1_.cantidad as cantidad2_2_0_, detalletic1_.cantidadporproducto as cantidad3_2_0_, detalletic1_.montodepago as montodep4_2_0_, detalletic1_.subtotal as subtotal5_2_0_, detalletic1_.idtipodepago as idtipode8_2_0_, detalletic1_.total as total6_2_0_ from tipodepago tipodepago0_ left outer join detalleticket detalletic1_ on tipodepago0_.idtipodepago=detalletic1_.idtipodepago where tipodepago0_.idtipodepago=?
12:17:54.873 [main] DEBUG o.h.p.entity.AbstractEntityPersister - Static SQL for entity: com.fabiocompany.supermercadosdeltaplus.model.Detalleoferta
12:17:54.874 [main] DEBUG o.h.p.entity.AbstractEntityPersister -  Version select: select iddetalleoferta from detalleoferta where iddetalleoferta =?
12:17:54.874 [main] DEBUG o.h.p.entity.AbstractEntityPersister -  Snapshot select: select detalleofe_.iddetalleoferta, detalleofe_.descripciondepromocion as descripc2_1_, detalleofe_.montodedescuento as montoded3_1_ from detalleoferta detalleofe_ where detalleofe_.iddetalleoferta=?
12:17:54.874 [main] DEBUG o.h.p.entity.AbstractEntityPersister -  Insert 0: insert into detalleoferta (descripciondepromocion, montodedescuento, iddetalleoferta) values (?, ?, ?)
12:17:54.874 [main] DEBUG o.h.p.entity.AbstractEntityPersister -  Update 0: update detalleoferta set descripciondepromocion=?, montodedescuento=? where iddetalleoferta=?
12:17:54.874 [main] DEBUG o.h.p.entity.AbstractEntityPersister -  Delete 0: delete from detalleoferta where iddetalleoferta=?
12:17:54.874 [main] DEBUG o.h.p.entity.AbstractEntityPersister -  Identity insert: insert into detalleoferta (descripciondepromocion, montodedescuento) values (?, ?)
12:17:54.874 [main] DEBUG o.h.l.p.b.i.spaces.QuerySpacesImpl - Adding QuerySpace : uid = <gen:0> -> org.hibernate.loader.plan.build.internal.spaces.EntityQuerySpaceImpl@38f116f6]
12:17:54.874 [main] DEBUG o.h.p.w.spi.MetamodelGraphWalker - Visiting attribute path : descripciondepromocion
12:17:54.874 [main] DEBUG o.h.p.w.spi.MetamodelGraphWalker - Visiting attribute path : detalletickets
12:17:54.874 [main] DEBUG o.h.p.w.spi.MetamodelGraphWalker - Visiting attribute path : montodedescuento
12:17:54.874 [main] DEBUG o.h.l.p.b.i.FetchStyleLoadPlanBuildingAssociationVisitationStrategy - Building LoadPlan...
12:17:54.874 [main] DEBUG o.h.l.p.e.i.LoadQueryJoinAndFetchProcessor - processing queryspace <gen:0>
12:17:54.875 [main] DEBUG o.h.l.p.b.spi.LoadPlanTreePrinter - LoadPlan(entity=com.fabiocompany.supermercadosdeltaplus.model.Detalleoferta)
    - Returns
       - EntityReturnImpl(entity=com.fabiocompany.supermercadosdeltaplus.model.Detalleoferta, querySpaceUid=<gen:0>, path=com.fabiocompany.supermercadosdeltaplus.model.Detalleoferta)
    - QuerySpaces
       - EntityQuerySpaceImpl(uid=<gen:0>, entity=com.fabiocompany.supermercadosdeltaplus.model.Detalleoferta)
          - SQL table alias mapping - detalleofe0_
          - alias suffix - 0_
          - suffixed key columns - {iddetall1_1_0_}

12:17:54.875 [main] DEBUG o.h.loader.entity.plan.EntityLoader - Static select for entity com.fabiocompany.supermercadosdeltaplus.model.Detalleoferta [NONE]: select detalleofe0_.iddetalleoferta as iddetall1_1_0_, detalleofe0_.descripciondepromocion as descripc2_1_0_, detalleofe0_.montodedescuento as montoded3_1_0_ from detalleoferta detalleofe0_ where detalleofe0_.iddetalleoferta=?
12:17:54.875 [main] DEBUG o.h.l.p.b.i.spaces.QuerySpacesImpl - Adding QuerySpace : uid = <gen:0> -> org.hibernate.loader.plan.build.internal.spaces.EntityQuerySpaceImpl@6e6d5d29]
12:17:54.875 [main] DEBUG o.h.p.w.spi.MetamodelGraphWalker - Visiting attribute path : descripciondepromocion
12:17:54.875 [main] DEBUG o.h.p.w.spi.MetamodelGraphWalker - Visiting attribute path : detalletickets
12:17:54.875 [main] DEBUG o.h.p.w.spi.MetamodelGraphWalker - Visiting attribute path : montodedescuento
12:17:54.875 [main] DEBUG o.h.l.p.b.i.FetchStyleLoadPlanBuildingAssociationVisitationStrategy - Building LoadPlan...
12:17:54.875 [main] DEBUG o.h.l.p.e.i.LoadQueryJoinAndFetchProcessor - processing queryspace <gen:0>
12:17:54.875 [main] DEBUG o.h.l.p.b.spi.LoadPlanTreePrinter - LoadPlan(entity=com.fabiocompany.supermercadosdeltaplus.model.Detalleoferta)
    - Returns
       - EntityReturnImpl(entity=com.fabiocompany.supermercadosdeltaplus.model.Detalleoferta, querySpaceUid=<gen:0>, path=com.fabiocompany.supermercadosdeltaplus.model.Detalleoferta)
    - QuerySpaces
       - EntityQuerySpaceImpl(uid=<gen:0>, entity=com.fabiocompany.supermercadosdeltaplus.model.Detalleoferta)
          - SQL table alias mapping - detalleofe0_
          - alias suffix - 0_
          - suffixed key columns - {iddetall1_1_0_}

12:17:54.876 [main] DEBUG o.h.loader.entity.plan.EntityLoader - Static select for entity com.fabiocompany.supermercadosdeltaplus.model.Detalleoferta [READ]: select detalleofe0_.iddetalleoferta as iddetall1_1_0_, detalleofe0_.descripciondepromocion as descripc2_1_0_, detalleofe0_.montodedescuento as montoded3_1_0_ from detalleoferta detalleofe0_ where detalleofe0_.iddetalleoferta=?
12:17:54.876 [main] DEBUG o.h.l.p.b.i.spaces.QuerySpacesImpl - Adding QuerySpace : uid = <gen:0> -> org.hibernate.loader.plan.build.internal.spaces.EntityQuerySpaceImpl@6c25e6c4]
12:17:54.876 [main] DEBUG o.h.p.w.spi.MetamodelGraphWalker - Visiting attribute path : descripciondepromocion
12:17:54.876 [main] DEBUG o.h.p.w.spi.MetamodelGraphWalker - Visiting attribute path : detalletickets
12:17:54.876 [main] DEBUG o.h.p.w.spi.MetamodelGraphWalker - Visiting attribute path : montodedescuento
12:17:54.876 [main] DEBUG o.h.l.p.b.i.FetchStyleLoadPlanBuildingAssociationVisitationStrategy - Building LoadPlan...
12:17:54.876 [main] DEBUG o.h.l.p.e.i.LoadQueryJoinAndFetchProcessor - processing queryspace <gen:0>
12:17:54.878 [main] DEBUG o.h.l.p.b.spi.LoadPlanTreePrinter - LoadPlan(entity=com.fabiocompany.supermercadosdeltaplus.model.Detalleoferta)
    - Returns
       - EntityReturnImpl(entity=com.fabiocompany.supermercadosdeltaplus.model.Detalleoferta, querySpaceUid=<gen:0>, path=com.fabiocompany.supermercadosdeltaplus.model.Detalleoferta)
    - QuerySpaces
       - EntityQuerySpaceImpl(uid=<gen:0>, entity=com.fabiocompany.supermercadosdeltaplus.model.Detalleoferta)
          - SQL table alias mapping - detalleofe0_
          - alias suffix - 0_
          - suffixed key columns - {iddetall1_1_0_}

12:17:54.879 [main] DEBUG o.h.loader.entity.plan.EntityLoader - Static select for entity com.fabiocompany.supermercadosdeltaplus.model.Detalleoferta [UPGRADE]: select detalleofe0_.iddetalleoferta as iddetall1_1_0_, detalleofe0_.descripciondepromocion as descripc2_1_0_, detalleofe0_.montodedescuento as montoded3_1_0_ from detalleoferta detalleofe0_ where detalleofe0_.iddetalleoferta=? for update
12:17:54.879 [main] DEBUG o.h.l.p.b.i.spaces.QuerySpacesImpl - Adding QuerySpace : uid = <gen:0> -> org.hibernate.loader.plan.build.internal.spaces.EntityQuerySpaceImpl@c5ee75e]
12:17:54.879 [main] DEBUG o.h.p.w.spi.MetamodelGraphWalker - Visiting attribute path : descripciondepromocion
12:17:54.879 [main] DEBUG o.h.p.w.spi.MetamodelGraphWalker - Visiting attribute path : detalletickets
12:17:54.879 [main] DEBUG o.h.p.w.spi.MetamodelGraphWalker - Visiting attribute path : montodedescuento
12:17:54.879 [main] DEBUG o.h.l.p.b.i.FetchStyleLoadPlanBuildingAssociationVisitationStrategy - Building LoadPlan...
12:17:54.880 [main] DEBUG o.h.l.p.e.i.LoadQueryJoinAndFetchProcessor - processing queryspace <gen:0>
12:17:54.880 [main] DEBUG o.h.l.p.b.spi.LoadPlanTreePrinter - LoadPlan(entity=com.fabiocompany.supermercadosdeltaplus.model.Detalleoferta)
    - Returns
       - EntityReturnImpl(entity=com.fabiocompany.supermercadosdeltaplus.model.Detalleoferta, querySpaceUid=<gen:0>, path=com.fabiocompany.supermercadosdeltaplus.model.Detalleoferta)
    - QuerySpaces
       - EntityQuerySpaceImpl(uid=<gen:0>, entity=com.fabiocompany.supermercadosdeltaplus.model.Detalleoferta)
          - SQL table alias mapping - detalleofe0_
          - alias suffix - 0_
          - suffixed key columns - {iddetall1_1_0_}

12:17:54.880 [main] DEBUG o.h.loader.entity.plan.EntityLoader - Static select for entity com.fabiocompany.supermercadosdeltaplus.model.Detalleoferta [UPGRADE_NOWAIT]: select detalleofe0_.iddetalleoferta as iddetall1_1_0_, detalleofe0_.descripciondepromocion as descripc2_1_0_, detalleofe0_.montodedescuento as montoded3_1_0_ from detalleoferta detalleofe0_ where detalleofe0_.iddetalleoferta=? for update
12:17:54.880 [main] DEBUG o.h.l.p.b.i.spaces.QuerySpacesImpl - Adding QuerySpace : uid = <gen:0> -> org.hibernate.loader.plan.build.internal.spaces.EntityQuerySpaceImpl@bf1ec20]
12:17:54.880 [main] DEBUG o.h.p.w.spi.MetamodelGraphWalker - Visiting attribute path : descripciondepromocion
12:17:54.880 [main] DEBUG o.h.p.w.spi.MetamodelGraphWalker - Visiting attribute path : detalletickets
12:17:54.880 [main] DEBUG o.h.p.w.spi.MetamodelGraphWalker - Visiting attribute path : montodedescuento
12:17:54.880 [main] DEBUG o.h.l.p.b.i.FetchStyleLoadPlanBuildingAssociationVisitationStrategy - Building LoadPlan...
12:17:54.881 [main] DEBUG o.h.l.p.e.i.LoadQueryJoinAndFetchProcessor - processing queryspace <gen:0>
12:17:54.881 [main] DEBUG o.h.l.p.b.spi.LoadPlanTreePrinter - LoadPlan(entity=com.fabiocompany.supermercadosdeltaplus.model.Detalleoferta)
    - Returns
       - EntityReturnImpl(entity=com.fabiocompany.supermercadosdeltaplus.model.Detalleoferta, querySpaceUid=<gen:0>, path=com.fabiocompany.supermercadosdeltaplus.model.Detalleoferta)
    - QuerySpaces
       - EntityQuerySpaceImpl(uid=<gen:0>, entity=com.fabiocompany.supermercadosdeltaplus.model.Detalleoferta)
          - SQL table alias mapping - detalleofe0_
          - alias suffix - 0_
          - suffixed key columns - {iddetall1_1_0_}

12:17:54.881 [main] DEBUG o.h.loader.entity.plan.EntityLoader - Static select for entity com.fabiocompany.supermercadosdeltaplus.model.Detalleoferta [UPGRADE_SKIPLOCKED]: select detalleofe0_.iddetalleoferta as iddetall1_1_0_, detalleofe0_.descripciondepromocion as descripc2_1_0_, detalleofe0_.montodedescuento as montoded3_1_0_ from detalleoferta detalleofe0_ where detalleofe0_.iddetalleoferta=? for update
12:17:54.881 [main] DEBUG o.h.l.p.b.i.spaces.QuerySpacesImpl - Adding QuerySpace : uid = <gen:0> -> org.hibernate.loader.plan.build.internal.spaces.EntityQuerySpaceImpl@b70da4c]
12:17:54.881 [main] DEBUG o.h.p.w.spi.MetamodelGraphWalker - Visiting attribute path : descripciondepromocion
12:17:54.881 [main] DEBUG o.h.p.w.spi.MetamodelGraphWalker - Visiting attribute path : detalletickets
12:17:54.881 [main] DEBUG o.h.p.w.spi.MetamodelGraphWalker - Visiting attribute path : montodedescuento
12:17:54.881 [main] DEBUG o.h.l.p.b.i.FetchStyleLoadPlanBuildingAssociationVisitationStrategy - Building LoadPlan...
12:17:54.882 [main] DEBUG o.h.l.p.e.i.LoadQueryJoinAndFetchProcessor - processing queryspace <gen:0>
12:17:54.882 [main] DEBUG o.h.l.p.b.spi.LoadPlanTreePrinter - LoadPlan(entity=com.fabiocompany.supermercadosdeltaplus.model.Detalleoferta)
    - Returns
       - EntityReturnImpl(entity=com.fabiocompany.supermercadosdeltaplus.model.Detalleoferta, querySpaceUid=<gen:0>, path=com.fabiocompany.supermercadosdeltaplus.model.Detalleoferta)
    - QuerySpaces
       - EntityQuerySpaceImpl(uid=<gen:0>, entity=com.fabiocompany.supermercadosdeltaplus.model.Detalleoferta)
          - SQL table alias mapping - detalleofe0_
          - alias suffix - 0_
          - suffixed key columns - {iddetall1_1_0_}

12:17:54.882 [main] DEBUG o.h.loader.entity.plan.EntityLoader - Static select for entity com.fabiocompany.supermercadosdeltaplus.model.Detalleoferta [FORCE]: select detalleofe0_.iddetalleoferta as iddetall1_1_0_, detalleofe0_.descripciondepromocion as descripc2_1_0_, detalleofe0_.montodedescuento as montoded3_1_0_ from detalleoferta detalleofe0_ where detalleofe0_.iddetalleoferta=? for update
12:17:54.882 [main] DEBUG o.h.l.p.b.i.spaces.QuerySpacesImpl - Adding QuerySpace : uid = <gen:0> -> org.hibernate.loader.plan.build.internal.spaces.EntityQuerySpaceImpl@4e858e0a]
12:17:54.882 [main] DEBUG o.h.p.w.spi.MetamodelGraphWalker - Visiting attribute path : descripciondepromocion
12:17:54.882 [main] DEBUG o.h.p.w.spi.MetamodelGraphWalker - Visiting attribute path : detalletickets
12:17:54.882 [main] DEBUG o.h.p.w.spi.MetamodelGraphWalker - Visiting attribute path : montodedescuento
12:17:54.882 [main] DEBUG o.h.l.p.b.i.FetchStyleLoadPlanBuildingAssociationVisitationStrategy - Building LoadPlan...
12:17:54.887 [main] DEBUG o.h.l.p.e.i.LoadQueryJoinAndFetchProcessor - processing queryspace <gen:0>
12:17:54.888 [main] DEBUG o.h.l.p.b.spi.LoadPlanTreePrinter - LoadPlan(entity=com.fabiocompany.supermercadosdeltaplus.model.Detalleoferta)
    - Returns
       - EntityReturnImpl(entity=com.fabiocompany.supermercadosdeltaplus.model.Detalleoferta, querySpaceUid=<gen:0>, path=com.fabiocompany.supermercadosdeltaplus.model.Detalleoferta)
    - QuerySpaces
       - EntityQuerySpaceImpl(uid=<gen:0>, entity=com.fabiocompany.supermercadosdeltaplus.model.Detalleoferta)
          - SQL table alias mapping - detalleofe0_
          - alias suffix - 0_
          - suffixed key columns - {iddetall1_1_0_}

12:17:54.888 [main] DEBUG o.h.loader.entity.plan.EntityLoader - Static select for entity com.fabiocompany.supermercadosdeltaplus.model.Detalleoferta [PESSIMISTIC_READ]: select detalleofe0_.iddetalleoferta as iddetall1_1_0_, detalleofe0_.descripciondepromocion as descripc2_1_0_, detalleofe0_.montodedescuento as montoded3_1_0_ from detalleoferta detalleofe0_ where detalleofe0_.iddetalleoferta=? lock in share mode
12:17:54.890 [main] DEBUG o.h.l.p.b.i.spaces.QuerySpacesImpl - Adding QuerySpace : uid = <gen:0> -> org.hibernate.loader.plan.build.internal.spaces.EntityQuerySpaceImpl@4e70a728]
12:17:54.890 [main] DEBUG o.h.p.w.spi.MetamodelGraphWalker - Visiting attribute path : descripciondepromocion
12:17:54.890 [main] DEBUG o.h.p.w.spi.MetamodelGraphWalker - Visiting attribute path : detalletickets
12:17:54.890 [main] DEBUG o.h.p.w.spi.MetamodelGraphWalker - Visiting attribute path : montodedescuento
12:17:54.890 [main] DEBUG o.h.l.p.b.i.FetchStyleLoadPlanBuildingAssociationVisitationStrategy - Building LoadPlan...
12:17:54.891 [main] DEBUG o.h.l.p.e.i.LoadQueryJoinAndFetchProcessor - processing queryspace <gen:0>
12:17:54.891 [main] DEBUG o.h.l.p.b.spi.LoadPlanTreePrinter - LoadPlan(entity=com.fabiocompany.supermercadosdeltaplus.model.Detalleoferta)
    - Returns
       - EntityReturnImpl(entity=com.fabiocompany.supermercadosdeltaplus.model.Detalleoferta, querySpaceUid=<gen:0>, path=com.fabiocompany.supermercadosdeltaplus.model.Detalleoferta)
    - QuerySpaces
       - EntityQuerySpaceImpl(uid=<gen:0>, entity=com.fabiocompany.supermercadosdeltaplus.model.Detalleoferta)
          - SQL table alias mapping - detalleofe0_
          - alias suffix - 0_
          - suffixed key columns - {iddetall1_1_0_}

12:17:54.898 [main] DEBUG o.h.loader.entity.plan.EntityLoader - Static select for entity com.fabiocompany.supermercadosdeltaplus.model.Detalleoferta [PESSIMISTIC_WRITE]: select detalleofe0_.iddetalleoferta as iddetall1_1_0_, detalleofe0_.descripciondepromocion as descripc2_1_0_, detalleofe0_.montodedescuento as montoded3_1_0_ from detalleoferta detalleofe0_ where detalleofe0_.iddetalleoferta=? for update
12:17:54.899 [main] DEBUG o.h.l.p.b.i.spaces.QuerySpacesImpl - Adding QuerySpace : uid = <gen:0> -> org.hibernate.loader.plan.build.internal.spaces.EntityQuerySpaceImpl@696f0212]
12:17:54.899 [main] DEBUG o.h.p.w.spi.MetamodelGraphWalker - Visiting attribute path : descripciondepromocion
12:17:54.899 [main] DEBUG o.h.p.w.spi.MetamodelGraphWalker - Visiting attribute path : detalletickets
12:17:54.900 [main] DEBUG o.h.p.w.spi.MetamodelGraphWalker - Visiting attribute path : montodedescuento
12:17:54.900 [main] DEBUG o.h.l.p.b.i.FetchStyleLoadPlanBuildingAssociationVisitationStrategy - Building LoadPlan...
12:17:54.901 [main] DEBUG o.h.l.p.e.i.LoadQueryJoinAndFetchProcessor - processing queryspace <gen:0>
12:17:54.902 [main] DEBUG o.h.l.p.b.spi.LoadPlanTreePrinter - LoadPlan(entity=com.fabiocompany.supermercadosdeltaplus.model.Detalleoferta)
    - Returns
       - EntityReturnImpl(entity=com.fabiocompany.supermercadosdeltaplus.model.Detalleoferta, querySpaceUid=<gen:0>, path=com.fabiocompany.supermercadosdeltaplus.model.Detalleoferta)
    - QuerySpaces
       - EntityQuerySpaceImpl(uid=<gen:0>, entity=com.fabiocompany.supermercadosdeltaplus.model.Detalleoferta)
          - SQL table alias mapping - detalleofe0_
          - alias suffix - 0_
          - suffixed key columns - {iddetall1_1_0_}

12:17:54.903 [main] DEBUG o.h.loader.entity.plan.EntityLoader - Static select for entity com.fabiocompany.supermercadosdeltaplus.model.Detalleoferta [PESSIMISTIC_FORCE_INCREMENT]: select detalleofe0_.iddetalleoferta as iddetall1_1_0_, detalleofe0_.descripciondepromocion as descripc2_1_0_, detalleofe0_.montodedescuento as montoded3_1_0_ from detalleoferta detalleofe0_ where detalleofe0_.iddetalleoferta=? for update
12:17:54.904 [main] DEBUG o.h.l.p.b.i.spaces.QuerySpacesImpl - Adding QuerySpace : uid = <gen:0> -> org.hibernate.loader.plan.build.internal.spaces.EntityQuerySpaceImpl@1c3146bc]
12:17:54.904 [main] DEBUG o.h.p.w.spi.MetamodelGraphWalker - Visiting attribute path : descripciondepromocion
12:17:54.905 [main] DEBUG o.h.p.w.spi.MetamodelGraphWalker - Visiting attribute path : detalletickets
12:17:54.905 [main] DEBUG o.h.p.w.spi.MetamodelGraphWalker - Visiting attribute path : montodedescuento
12:17:54.905 [main] DEBUG o.h.l.p.b.i.FetchStyleLoadPlanBuildingAssociationVisitationStrategy - Building LoadPlan...
12:17:54.906 [main] DEBUG o.h.l.p.e.i.LoadQueryJoinAndFetchProcessor - processing queryspace <gen:0>
12:17:54.907 [main] DEBUG o.h.l.p.b.spi.LoadPlanTreePrinter - LoadPlan(entity=com.fabiocompany.supermercadosdeltaplus.model.Detalleoferta)
    - Returns
       - EntityReturnImpl(entity=com.fabiocompany.supermercadosdeltaplus.model.Detalleoferta, querySpaceUid=<gen:0>, path=com.fabiocompany.supermercadosdeltaplus.model.Detalleoferta)
    - QuerySpaces
       - EntityQuerySpaceImpl(uid=<gen:0>, entity=com.fabiocompany.supermercadosdeltaplus.model.Detalleoferta)
          - SQL table alias mapping - detalleofe0_
          - alias suffix - 0_
          - suffixed key columns - {iddetall1_1_0_}

12:17:54.908 [main] DEBUG o.h.loader.entity.plan.EntityLoader - Static select for entity com.fabiocompany.supermercadosdeltaplus.model.Detalleoferta [OPTIMISTIC]: select detalleofe0_.iddetalleoferta as iddetall1_1_0_, detalleofe0_.descripciondepromocion as descripc2_1_0_, detalleofe0_.montodedescuento as montoded3_1_0_ from detalleoferta detalleofe0_ where detalleofe0_.iddetalleoferta=?
12:17:54.908 [main] DEBUG o.h.l.p.b.i.spaces.QuerySpacesImpl - Adding QuerySpace : uid = <gen:0> -> org.hibernate.loader.plan.build.internal.spaces.EntityQuerySpaceImpl@47a86fbb]
12:17:54.909 [main] DEBUG o.h.p.w.spi.MetamodelGraphWalker - Visiting attribute path : descripciondepromocion
12:17:54.909 [main] DEBUG o.h.p.w.spi.MetamodelGraphWalker - Visiting attribute path : detalletickets
12:17:54.910 [main] DEBUG o.h.p.w.spi.MetamodelGraphWalker - Visiting attribute path : montodedescuento
12:17:54.910 [main] DEBUG o.h.l.p.b.i.FetchStyleLoadPlanBuildingAssociationVisitationStrategy - Building LoadPlan...
12:17:54.911 [main] DEBUG o.h.l.p.e.i.LoadQueryJoinAndFetchProcessor - processing queryspace <gen:0>
12:17:54.919 [main] DEBUG o.h.l.p.b.spi.LoadPlanTreePrinter - LoadPlan(entity=com.fabiocompany.supermercadosdeltaplus.model.Detalleoferta)
    - Returns
       - EntityReturnImpl(entity=com.fabiocompany.supermercadosdeltaplus.model.Detalleoferta, querySpaceUid=<gen:0>, path=com.fabiocompany.supermercadosdeltaplus.model.Detalleoferta)
    - QuerySpaces
       - EntityQuerySpaceImpl(uid=<gen:0>, entity=com.fabiocompany.supermercadosdeltaplus.model.Detalleoferta)
          - SQL table alias mapping - detalleofe0_
          - alias suffix - 0_
          - suffixed key columns - {iddetall1_1_0_}

12:17:54.920 [main] DEBUG o.h.loader.entity.plan.EntityLoader - Static select for entity com.fabiocompany.supermercadosdeltaplus.model.Detalleoferta [OPTIMISTIC_FORCE_INCREMENT]: select detalleofe0_.iddetalleoferta as iddetall1_1_0_, detalleofe0_.descripciondepromocion as descripc2_1_0_, detalleofe0_.montodedescuento as montoded3_1_0_ from detalleoferta detalleofe0_ where detalleofe0_.iddetalleoferta=?
12:17:54.920 [main] DEBUG org.hibernate.loader.Loader - Static select for action ACTION_MERGE on entity com.fabiocompany.supermercadosdeltaplus.model.Detalleoferta: select detalleofe0_.iddetalleoferta as iddetall1_1_1_, detalleofe0_.descripciondepromocion as descripc2_1_1_, detalleofe0_.montodedescuento as montoded3_1_1_, detalletic1_.iddetalleoferta as iddetall2_1_3_, detalletic2_.iddetalleticket as iddetall1_6_3_, detalletic2_.iddetalleticket as iddetall1_2_0_, detalletic2_.idticket as idticket7_2_0_, detalletic2_.cantidad as cantidad2_2_0_, detalletic2_.cantidadporproducto as cantidad3_2_0_, detalletic2_.montodepago as montodep4_2_0_, detalletic2_.subtotal as subtotal5_2_0_, detalletic2_.idtipodepago as idtipode8_2_0_, detalletic2_.total as total6_2_0_ from detalleoferta detalleofe0_ left outer join ticketsyofertas detalletic1_ on detalleofe0_.iddetalleoferta=detalletic1_.iddetalleoferta left outer join detalleticket detalletic2_ on detalletic1_.iddetalleticket=detalletic2_.iddetalleticket where detalleofe0_.iddetalleoferta=?
12:17:54.921 [main] DEBUG org.hibernate.loader.Loader - Static select for action ACTION_REFRESH on entity com.fabiocompany.supermercadosdeltaplus.model.Detalleoferta: select detalleofe0_.iddetalleoferta as iddetall1_1_1_, detalleofe0_.descripciondepromocion as descripc2_1_1_, detalleofe0_.montodedescuento as montoded3_1_1_, detalletic1_.iddetalleoferta as iddetall2_1_3_, detalletic2_.iddetalleticket as iddetall1_6_3_, detalletic2_.iddetalleticket as iddetall1_2_0_, detalletic2_.idticket as idticket7_2_0_, detalletic2_.cantidad as cantidad2_2_0_, detalletic2_.cantidadporproducto as cantidad3_2_0_, detalletic2_.montodepago as montodep4_2_0_, detalletic2_.subtotal as subtotal5_2_0_, detalletic2_.idtipodepago as idtipode8_2_0_, detalletic2_.total as total6_2_0_ from detalleoferta detalleofe0_ left outer join ticketsyofertas detalletic1_ on detalleofe0_.iddetalleoferta=detalletic1_.iddetalleoferta left outer join detalleticket detalletic2_ on detalletic1_.iddetalleticket=detalletic2_.iddetalleticket where detalleofe0_.iddetalleoferta=?
12:17:54.922 [main] DEBUG o.h.p.entity.AbstractEntityPersister - Static SQL for entity: com.fabiocompany.supermercadosdeltaplus.model.Producto
12:17:54.922 [main] DEBUG o.h.p.entity.AbstractEntityPersister -  Version select: select idproducto from producto where idproducto =?
12:17:54.922 [main] DEBUG o.h.p.entity.AbstractEntityPersister -  Snapshot select: select producto_.idproducto, producto_.descripcion as descripc2_4_, producto_.precio as precio3_4_ from producto producto_ where producto_.idproducto=?
12:17:54.922 [main] DEBUG o.h.p.entity.AbstractEntityPersister -  Insert 0: insert into producto (descripcion, precio, idproducto) values (?, ?, ?)
12:17:54.922 [main] DEBUG o.h.p.entity.AbstractEntityPersister -  Update 0: update producto set descripcion=?, precio=? where idproducto=?
12:17:54.922 [main] DEBUG o.h.p.entity.AbstractEntityPersister -  Delete 0: delete from producto where idproducto=?
12:17:54.922 [main] DEBUG o.h.p.entity.AbstractEntityPersister -  Identity insert: insert into producto (descripcion, precio) values (?, ?)
12:17:54.922 [main] DEBUG o.h.l.p.b.i.spaces.QuerySpacesImpl - Adding QuerySpace : uid = <gen:0> -> org.hibernate.loader.plan.build.internal.spaces.EntityQuerySpaceImpl@19553973]
12:17:54.922 [main] DEBUG o.h.p.w.spi.MetamodelGraphWalker - Visiting attribute path : descripcion
12:17:54.923 [main] DEBUG o.h.p.w.spi.MetamodelGraphWalker - Visiting attribute path : detalletickets
12:17:54.923 [main] DEBUG o.h.p.w.spi.MetamodelGraphWalker - Visiting attribute path : precio
12:17:54.923 [main] DEBUG o.h.l.p.b.i.FetchStyleLoadPlanBuildingAssociationVisitationStrategy - Building LoadPlan...
12:17:54.923 [main] DEBUG o.h.l.p.e.i.LoadQueryJoinAndFetchProcessor - processing queryspace <gen:0>
12:17:54.924 [main] DEBUG o.h.l.p.b.spi.LoadPlanTreePrinter - LoadPlan(entity=com.fabiocompany.supermercadosdeltaplus.model.Producto)
    - Returns
       - EntityReturnImpl(entity=com.fabiocompany.supermercadosdeltaplus.model.Producto, querySpaceUid=<gen:0>, path=com.fabiocompany.supermercadosdeltaplus.model.Producto)
    - QuerySpaces
       - EntityQuerySpaceImpl(uid=<gen:0>, entity=com.fabiocompany.supermercadosdeltaplus.model.Producto)
          - SQL table alias mapping - producto0_
          - alias suffix - 0_
          - suffixed key columns - {idproduc1_4_0_}

12:17:54.924 [main] DEBUG o.h.loader.entity.plan.EntityLoader - Static select for entity com.fabiocompany.supermercadosdeltaplus.model.Producto [NONE]: select producto0_.idproducto as idproduc1_4_0_, producto0_.descripcion as descripc2_4_0_, producto0_.precio as precio3_4_0_ from producto producto0_ where producto0_.idproducto=?
12:17:54.924 [main] DEBUG o.h.l.p.b.i.spaces.QuerySpacesImpl - Adding QuerySpace : uid = <gen:0> -> org.hibernate.loader.plan.build.internal.spaces.EntityQuerySpaceImpl@7fe7c640]
12:17:54.924 [main] DEBUG o.h.p.w.spi.MetamodelGraphWalker - Visiting attribute path : descripcion
12:17:54.924 [main] DEBUG o.h.p.w.spi.MetamodelGraphWalker - Visiting attribute path : detalletickets
12:17:54.924 [main] DEBUG o.h.p.w.spi.MetamodelGraphWalker - Visiting attribute path : precio
12:17:54.924 [main] DEBUG o.h.l.p.b.i.FetchStyleLoadPlanBuildingAssociationVisitationStrategy - Building LoadPlan...
12:17:54.924 [main] DEBUG o.h.l.p.e.i.LoadQueryJoinAndFetchProcessor - processing queryspace <gen:0>
12:17:54.925 [main] DEBUG o.h.l.p.b.spi.LoadPlanTreePrinter - LoadPlan(entity=com.fabiocompany.supermercadosdeltaplus.model.Producto)
    - Returns
       - EntityReturnImpl(entity=com.fabiocompany.supermercadosdeltaplus.model.Producto, querySpaceUid=<gen:0>, path=com.fabiocompany.supermercadosdeltaplus.model.Producto)
    - QuerySpaces
       - EntityQuerySpaceImpl(uid=<gen:0>, entity=com.fabiocompany.supermercadosdeltaplus.model.Producto)
          - SQL table alias mapping - producto0_
          - alias suffix - 0_
          - suffixed key columns - {idproduc1_4_0_}

12:17:54.925 [main] DEBUG o.h.loader.entity.plan.EntityLoader - Static select for entity com.fabiocompany.supermercadosdeltaplus.model.Producto [READ]: select producto0_.idproducto as idproduc1_4_0_, producto0_.descripcion as descripc2_4_0_, producto0_.precio as precio3_4_0_ from producto producto0_ where producto0_.idproducto=?
12:17:54.925 [main] DEBUG o.h.l.p.b.i.spaces.QuerySpacesImpl - Adding QuerySpace : uid = <gen:0> -> org.hibernate.loader.plan.build.internal.spaces.EntityQuerySpaceImpl@7ce97ee5]
12:17:54.925 [main] DEBUG o.h.p.w.spi.MetamodelGraphWalker - Visiting attribute path : descripcion
12:17:54.925 [main] DEBUG o.h.p.w.spi.MetamodelGraphWalker - Visiting attribute path : detalletickets
12:17:54.925 [main] DEBUG o.h.p.w.spi.MetamodelGraphWalker - Visiting attribute path : precio
12:17:54.925 [main] DEBUG o.h.l.p.b.i.FetchStyleLoadPlanBuildingAssociationVisitationStrategy - Building LoadPlan...
12:17:54.926 [main] DEBUG o.h.l.p.e.i.LoadQueryJoinAndFetchProcessor - processing queryspace <gen:0>
12:17:54.926 [main] DEBUG o.h.l.p.b.spi.LoadPlanTreePrinter - LoadPlan(entity=com.fabiocompany.supermercadosdeltaplus.model.Producto)
    - Returns
       - EntityReturnImpl(entity=com.fabiocompany.supermercadosdeltaplus.model.Producto, querySpaceUid=<gen:0>, path=com.fabiocompany.supermercadosdeltaplus.model.Producto)
    - QuerySpaces
       - EntityQuerySpaceImpl(uid=<gen:0>, entity=com.fabiocompany.supermercadosdeltaplus.model.Producto)
          - SQL table alias mapping - producto0_
          - alias suffix - 0_
          - suffixed key columns - {idproduc1_4_0_}

12:17:54.926 [main] DEBUG o.h.loader.entity.plan.EntityLoader - Static select for entity com.fabiocompany.supermercadosdeltaplus.model.Producto [UPGRADE]: select producto0_.idproducto as idproduc1_4_0_, producto0_.descripcion as descripc2_4_0_, producto0_.precio as precio3_4_0_ from producto producto0_ where producto0_.idproducto=? for update
12:17:54.926 [main] DEBUG o.h.l.p.b.i.spaces.QuerySpacesImpl - Adding QuerySpace : uid = <gen:0> -> org.hibernate.loader.plan.build.internal.spaces.EntityQuerySpaceImpl@73dce0e6]
12:17:54.926 [main] DEBUG o.h.p.w.spi.MetamodelGraphWalker - Visiting attribute path : descripcion
12:17:54.927 [main] DEBUG o.h.p.w.spi.MetamodelGraphWalker - Visiting attribute path : detalletickets
12:17:54.927 [main] DEBUG o.h.p.w.spi.MetamodelGraphWalker - Visiting attribute path : precio
12:17:54.927 [main] DEBUG o.h.l.p.b.i.FetchStyleLoadPlanBuildingAssociationVisitationStrategy - Building LoadPlan...
12:17:54.927 [main] DEBUG o.h.l.p.e.i.LoadQueryJoinAndFetchProcessor - processing queryspace <gen:0>
12:17:54.927 [main] DEBUG o.h.l.p.b.spi.LoadPlanTreePrinter - LoadPlan(entity=com.fabiocompany.supermercadosdeltaplus.model.Producto)
    - Returns
       - EntityReturnImpl(entity=com.fabiocompany.supermercadosdeltaplus.model.Producto, querySpaceUid=<gen:0>, path=com.fabiocompany.supermercadosdeltaplus.model.Producto)
    - QuerySpaces
       - EntityQuerySpaceImpl(uid=<gen:0>, entity=com.fabiocompany.supermercadosdeltaplus.model.Producto)
          - SQL table alias mapping - producto0_
          - alias suffix - 0_
          - suffixed key columns - {idproduc1_4_0_}

12:17:54.927 [main] DEBUG o.h.loader.entity.plan.EntityLoader - Static select for entity com.fabiocompany.supermercadosdeltaplus.model.Producto [UPGRADE_NOWAIT]: select producto0_.idproducto as idproduc1_4_0_, producto0_.descripcion as descripc2_4_0_, producto0_.precio as precio3_4_0_ from producto producto0_ where producto0_.idproducto=? for update
12:17:54.928 [main] DEBUG o.h.l.p.b.i.spaces.QuerySpacesImpl - Adding QuerySpace : uid = <gen:0> -> org.hibernate.loader.plan.build.internal.spaces.EntityQuerySpaceImpl@32811494]
12:17:54.928 [main] DEBUG o.h.p.w.spi.MetamodelGraphWalker - Visiting attribute path : descripcion
12:17:54.928 [main] DEBUG o.h.p.w.spi.MetamodelGraphWalker - Visiting attribute path : detalletickets
12:17:54.928 [main] DEBUG o.h.p.w.spi.MetamodelGraphWalker - Visiting attribute path : precio
12:17:54.928 [main] DEBUG o.h.l.p.b.i.FetchStyleLoadPlanBuildingAssociationVisitationStrategy - Building LoadPlan...
12:17:54.928 [main] DEBUG o.h.l.p.e.i.LoadQueryJoinAndFetchProcessor - processing queryspace <gen:0>
12:17:54.929 [main] DEBUG o.h.l.p.b.spi.LoadPlanTreePrinter - LoadPlan(entity=com.fabiocompany.supermercadosdeltaplus.model.Producto)
    - Returns
       - EntityReturnImpl(entity=com.fabiocompany.supermercadosdeltaplus.model.Producto, querySpaceUid=<gen:0>, path=com.fabiocompany.supermercadosdeltaplus.model.Producto)
    - QuerySpaces
       - EntityQuerySpaceImpl(uid=<gen:0>, entity=com.fabiocompany.supermercadosdeltaplus.model.Producto)
          - SQL table alias mapping - producto0_
          - alias suffix - 0_
          - suffixed key columns - {idproduc1_4_0_}

12:17:54.932 [main] DEBUG o.h.loader.entity.plan.EntityLoader - Static select for entity com.fabiocompany.supermercadosdeltaplus.model.Producto [UPGRADE_SKIPLOCKED]: select producto0_.idproducto as idproduc1_4_0_, producto0_.descripcion as descripc2_4_0_, producto0_.precio as precio3_4_0_ from producto producto0_ where producto0_.idproducto=? for update
12:17:54.939 [main] DEBUG o.h.l.p.b.i.spaces.QuerySpacesImpl - Adding QuerySpace : uid = <gen:0> -> org.hibernate.loader.plan.build.internal.spaces.EntityQuerySpaceImpl@53dacd14]
12:17:54.939 [main] DEBUG o.h.p.w.spi.MetamodelGraphWalker - Visiting attribute path : descripcion
12:17:54.939 [main] DEBUG o.h.p.w.spi.MetamodelGraphWalker - Visiting attribute path : detalletickets
12:17:54.939 [main] DEBUG o.h.p.w.spi.MetamodelGraphWalker - Visiting attribute path : precio
12:17:54.940 [main] DEBUG o.h.l.p.b.i.FetchStyleLoadPlanBuildingAssociationVisitationStrategy - Building LoadPlan...
12:17:54.940 [main] DEBUG o.h.l.p.e.i.LoadQueryJoinAndFetchProcessor - processing queryspace <gen:0>
12:17:54.940 [main] DEBUG o.h.l.p.b.spi.LoadPlanTreePrinter - LoadPlan(entity=com.fabiocompany.supermercadosdeltaplus.model.Producto)
    - Returns
       - EntityReturnImpl(entity=com.fabiocompany.supermercadosdeltaplus.model.Producto, querySpaceUid=<gen:0>, path=com.fabiocompany.supermercadosdeltaplus.model.Producto)
    - QuerySpaces
       - EntityQuerySpaceImpl(uid=<gen:0>, entity=com.fabiocompany.supermercadosdeltaplus.model.Producto)
          - SQL table alias mapping - producto0_
          - alias suffix - 0_
          - suffixed key columns - {idproduc1_4_0_}

12:17:54.941 [main] DEBUG o.h.loader.entity.plan.EntityLoader - Static select for entity com.fabiocompany.supermercadosdeltaplus.model.Producto [FORCE]: select producto0_.idproducto as idproduc1_4_0_, producto0_.descripcion as descripc2_4_0_, producto0_.precio as precio3_4_0_ from producto producto0_ where producto0_.idproducto=? for update
12:17:54.941 [main] DEBUG o.h.l.p.b.i.spaces.QuerySpacesImpl - Adding QuerySpace : uid = <gen:0> -> org.hibernate.loader.plan.build.internal.spaces.EntityQuerySpaceImpl@2eced48b]
12:17:54.941 [main] DEBUG o.h.p.w.spi.MetamodelGraphWalker - Visiting attribute path : descripcion
12:17:54.942 [main] DEBUG o.h.p.w.spi.MetamodelGraphWalker - Visiting attribute path : detalletickets
12:17:54.942 [main] DEBUG o.h.p.w.spi.MetamodelGraphWalker - Visiting attribute path : precio
12:17:54.942 [main] DEBUG o.h.l.p.b.i.FetchStyleLoadPlanBuildingAssociationVisitationStrategy - Building LoadPlan...
12:17:54.942 [main] DEBUG o.h.l.p.e.i.LoadQueryJoinAndFetchProcessor - processing queryspace <gen:0>
12:17:54.943 [main] DEBUG o.h.l.p.b.spi.LoadPlanTreePrinter - LoadPlan(entity=com.fabiocompany.supermercadosdeltaplus.model.Producto)
    - Returns
       - EntityReturnImpl(entity=com.fabiocompany.supermercadosdeltaplus.model.Producto, querySpaceUid=<gen:0>, path=com.fabiocompany.supermercadosdeltaplus.model.Producto)
    - QuerySpaces
       - EntityQuerySpaceImpl(uid=<gen:0>, entity=com.fabiocompany.supermercadosdeltaplus.model.Producto)
          - SQL table alias mapping - producto0_
          - alias suffix - 0_
          - suffixed key columns - {idproduc1_4_0_}

12:17:54.943 [main] DEBUG o.h.loader.entity.plan.EntityLoader - Static select for entity com.fabiocompany.supermercadosdeltaplus.model.Producto [PESSIMISTIC_READ]: select producto0_.idproducto as idproduc1_4_0_, producto0_.descripcion as descripc2_4_0_, producto0_.precio as precio3_4_0_ from producto producto0_ where producto0_.idproducto=? lock in share mode
12:17:54.943 [main] DEBUG o.h.l.p.b.i.spaces.QuerySpacesImpl - Adding QuerySpace : uid = <gen:0> -> org.hibernate.loader.plan.build.internal.spaces.EntityQuerySpaceImpl@42f33b5d]
12:17:54.944 [main] DEBUG o.h.p.w.spi.MetamodelGraphWalker - Visiting attribute path : descripcion
12:17:54.944 [main] DEBUG o.h.p.w.spi.MetamodelGraphWalker - Visiting attribute path : detalletickets
12:17:54.944 [main] DEBUG o.h.p.w.spi.MetamodelGraphWalker - Visiting attribute path : precio
12:17:54.944 [main] DEBUG o.h.l.p.b.i.FetchStyleLoadPlanBuildingAssociationVisitationStrategy - Building LoadPlan...
12:17:54.944 [main] DEBUG o.h.l.p.e.i.LoadQueryJoinAndFetchProcessor - processing queryspace <gen:0>
12:17:54.945 [main] DEBUG o.h.l.p.b.spi.LoadPlanTreePrinter - LoadPlan(entity=com.fabiocompany.supermercadosdeltaplus.model.Producto)
    - Returns
       - EntityReturnImpl(entity=com.fabiocompany.supermercadosdeltaplus.model.Producto, querySpaceUid=<gen:0>, path=com.fabiocompany.supermercadosdeltaplus.model.Producto)
    - QuerySpaces
       - EntityQuerySpaceImpl(uid=<gen:0>, entity=com.fabiocompany.supermercadosdeltaplus.model.Producto)
          - SQL table alias mapping - producto0_
          - alias suffix - 0_
          - suffixed key columns - {idproduc1_4_0_}

12:17:54.946 [main] DEBUG o.h.loader.entity.plan.EntityLoader - Static select for entity com.fabiocompany.supermercadosdeltaplus.model.Producto [PESSIMISTIC_WRITE]: select producto0_.idproducto as idproduc1_4_0_, producto0_.descripcion as descripc2_4_0_, producto0_.precio as precio3_4_0_ from producto producto0_ where producto0_.idproducto=? for update
12:17:54.947 [main] DEBUG o.h.l.p.b.i.spaces.QuerySpacesImpl - Adding QuerySpace : uid = <gen:0> -> org.hibernate.loader.plan.build.internal.spaces.EntityQuerySpaceImpl@4b7e96a]
12:17:54.947 [main] DEBUG o.h.p.w.spi.MetamodelGraphWalker - Visiting attribute path : descripcion
12:17:54.947 [main] DEBUG o.h.p.w.spi.MetamodelGraphWalker - Visiting attribute path : detalletickets
12:17:54.947 [main] DEBUG o.h.p.w.spi.MetamodelGraphWalker - Visiting attribute path : precio
12:17:54.947 [main] DEBUG o.h.l.p.b.i.FetchStyleLoadPlanBuildingAssociationVisitationStrategy - Building LoadPlan...
12:17:54.948 [main] DEBUG o.h.l.p.e.i.LoadQueryJoinAndFetchProcessor - processing queryspace <gen:0>
12:17:54.950 [main] DEBUG o.h.l.p.b.spi.LoadPlanTreePrinter - LoadPlan(entity=com.fabiocompany.supermercadosdeltaplus.model.Producto)
    - Returns
       - EntityReturnImpl(entity=com.fabiocompany.supermercadosdeltaplus.model.Producto, querySpaceUid=<gen:0>, path=com.fabiocompany.supermercadosdeltaplus.model.Producto)
    - QuerySpaces
       - EntityQuerySpaceImpl(uid=<gen:0>, entity=com.fabiocompany.supermercadosdeltaplus.model.Producto)
          - SQL table alias mapping - producto0_
          - alias suffix - 0_
          - suffixed key columns - {idproduc1_4_0_}

12:17:54.950 [main] DEBUG o.h.loader.entity.plan.EntityLoader - Static select for entity com.fabiocompany.supermercadosdeltaplus.model.Producto [PESSIMISTIC_FORCE_INCREMENT]: select producto0_.idproducto as idproduc1_4_0_, producto0_.descripcion as descripc2_4_0_, producto0_.precio as precio3_4_0_ from producto producto0_ where producto0_.idproducto=? for update
12:17:54.951 [main] DEBUG o.h.l.p.b.i.spaces.QuerySpacesImpl - Adding QuerySpace : uid = <gen:0> -> org.hibernate.loader.plan.build.internal.spaces.EntityQuerySpaceImpl@3f07b12c]
12:17:54.951 [main] DEBUG o.h.p.w.spi.MetamodelGraphWalker - Visiting attribute path : descripcion
12:17:54.951 [main] DEBUG o.h.p.w.spi.MetamodelGraphWalker - Visiting attribute path : detalletickets
12:17:54.951 [main] DEBUG o.h.p.w.spi.MetamodelGraphWalker - Visiting attribute path : precio
12:17:54.951 [main] DEBUG o.h.l.p.b.i.FetchStyleLoadPlanBuildingAssociationVisitationStrategy - Building LoadPlan...
12:17:54.951 [main] DEBUG o.h.l.p.e.i.LoadQueryJoinAndFetchProcessor - processing queryspace <gen:0>
12:17:54.952 [main] DEBUG o.h.l.p.b.spi.LoadPlanTreePrinter - LoadPlan(entity=com.fabiocompany.supermercadosdeltaplus.model.Producto)
    - Returns
       - EntityReturnImpl(entity=com.fabiocompany.supermercadosdeltaplus.model.Producto, querySpaceUid=<gen:0>, path=com.fabiocompany.supermercadosdeltaplus.model.Producto)
    - QuerySpaces
       - EntityQuerySpaceImpl(uid=<gen:0>, entity=com.fabiocompany.supermercadosdeltaplus.model.Producto)
          - SQL table alias mapping - producto0_
          - alias suffix - 0_
          - suffixed key columns - {idproduc1_4_0_}

12:17:54.952 [main] DEBUG o.h.loader.entity.plan.EntityLoader - Static select for entity com.fabiocompany.supermercadosdeltaplus.model.Producto [OPTIMISTIC]: select producto0_.idproducto as idproduc1_4_0_, producto0_.descripcion as descripc2_4_0_, producto0_.precio as precio3_4_0_ from producto producto0_ where producto0_.idproducto=?
12:17:54.952 [main] DEBUG o.h.l.p.b.i.spaces.QuerySpacesImpl - Adding QuerySpace : uid = <gen:0> -> org.hibernate.loader.plan.build.internal.spaces.EntityQuerySpaceImpl@7096b474]
12:17:54.952 [main] DEBUG o.h.p.w.spi.MetamodelGraphWalker - Visiting attribute path : descripcion
12:17:54.952 [main] DEBUG o.h.p.w.spi.MetamodelGraphWalker - Visiting attribute path : detalletickets
12:17:54.952 [main] DEBUG o.h.p.w.spi.MetamodelGraphWalker - Visiting attribute path : precio
12:17:54.952 [main] DEBUG o.h.l.p.b.i.FetchStyleLoadPlanBuildingAssociationVisitationStrategy - Building LoadPlan...
12:17:54.953 [main] DEBUG o.h.l.p.e.i.LoadQueryJoinAndFetchProcessor - processing queryspace <gen:0>
12:17:54.953 [main] DEBUG o.h.l.p.b.spi.LoadPlanTreePrinter - LoadPlan(entity=com.fabiocompany.supermercadosdeltaplus.model.Producto)
    - Returns
       - EntityReturnImpl(entity=com.fabiocompany.supermercadosdeltaplus.model.Producto, querySpaceUid=<gen:0>, path=com.fabiocompany.supermercadosdeltaplus.model.Producto)
    - QuerySpaces
       - EntityQuerySpaceImpl(uid=<gen:0>, entity=com.fabiocompany.supermercadosdeltaplus.model.Producto)
          - SQL table alias mapping - producto0_
          - alias suffix - 0_
          - suffixed key columns - {idproduc1_4_0_}

12:17:54.953 [main] DEBUG o.h.loader.entity.plan.EntityLoader - Static select for entity com.fabiocompany.supermercadosdeltaplus.model.Producto [OPTIMISTIC_FORCE_INCREMENT]: select producto0_.idproducto as idproduc1_4_0_, producto0_.descripcion as descripc2_4_0_, producto0_.precio as precio3_4_0_ from producto producto0_ where producto0_.idproducto=?
12:17:54.954 [main] DEBUG org.hibernate.loader.Loader - Static select for action ACTION_MERGE on entity com.fabiocompany.supermercadosdeltaplus.model.Producto: select producto0_.idproducto as idproduc1_4_1_, producto0_.descripcion as descripc2_4_1_, producto0_.precio as precio3_4_1_, detalletic1_.idproducto as idproduc2_4_3_, detalletic2_.iddetalleticket as iddetall1_7_3_, detalletic2_.iddetalleticket as iddetall1_2_0_, detalletic2_.idticket as idticket7_2_0_, detalletic2_.cantidad as cantidad2_2_0_, detalletic2_.cantidadporproducto as cantidad3_2_0_, detalletic2_.montodepago as montodep4_2_0_, detalletic2_.subtotal as subtotal5_2_0_, detalletic2_.idtipodepago as idtipode8_2_0_, detalletic2_.total as total6_2_0_ from producto producto0_ left outer join ticketsyproductos detalletic1_ on producto0_.idproducto=detalletic1_.idproducto left outer join detalleticket detalletic2_ on detalletic1_.iddetalleticket=detalletic2_.iddetalleticket where producto0_.idproducto=?
12:17:54.957 [main] DEBUG org.hibernate.loader.Loader - Static select for action ACTION_REFRESH on entity com.fabiocompany.supermercadosdeltaplus.model.Producto: select producto0_.idproducto as idproduc1_4_1_, producto0_.descripcion as descripc2_4_1_, producto0_.precio as precio3_4_1_, detalletic1_.idproducto as idproduc2_4_3_, detalletic2_.iddetalleticket as iddetall1_7_3_, detalletic2_.iddetalleticket as iddetall1_2_0_, detalletic2_.idticket as idticket7_2_0_, detalletic2_.cantidad as cantidad2_2_0_, detalletic2_.cantidadporproducto as cantidad3_2_0_, detalletic2_.montodepago as montodep4_2_0_, detalletic2_.subtotal as subtotal5_2_0_, detalletic2_.idtipodepago as idtipode8_2_0_, detalletic2_.total as total6_2_0_ from producto producto0_ left outer join ticketsyproductos detalletic1_ on producto0_.idproducto=detalletic1_.idproducto left outer join detalleticket detalletic2_ on detalletic1_.iddetalleticket=detalletic2_.iddetalleticket where producto0_.idproducto=?
12:17:54.969 [main] DEBUG o.h.l.p.b.i.spaces.QuerySpacesImpl - Adding QuerySpace : uid = <gen:0> -> org.hibernate.loader.plan.build.internal.spaces.CollectionQuerySpaceImpl@6bea52d4]
12:17:54.969 [main] DEBUG o.h.l.p.b.i.spaces.QuerySpacesImpl - Adding QuerySpace : uid = <gen:1> -> org.hibernate.loader.plan.build.internal.spaces.EntityQuerySpaceImpl@11981797]
12:17:54.972 [main] DEBUG o.h.p.w.spi.MetamodelGraphWalker - Visiting attribute path : nombretarjeta
12:17:54.972 [main] DEBUG o.h.p.w.spi.MetamodelGraphWalker - Visiting attribute path : numtarjeta
12:17:54.972 [main] DEBUG o.h.p.w.spi.MetamodelGraphWalker - Visiting attribute path : tipodepago
12:17:54.973 [main] DEBUG o.h.p.w.spi.MetamodelGraphWalker - Property path deemed to be circular : tipodepago
12:17:54.974 [main] DEBUG o.h.l.p.b.i.FetchStyleLoadPlanBuildingAssociationVisitationStrategy - Building LoadPlan...
12:17:54.978 [main] DEBUG o.h.l.p.e.i.LoadQueryJoinAndFetchProcessor - processing queryspace <gen:0>
12:17:54.980 [main] DEBUG o.h.l.p.b.spi.LoadPlanTreePrinter - LoadPlan(collection=com.fabiocompany.supermercadosdeltaplus.model.Tipodepago.tarjetas)
    - Returns
       - CollectionReturnImpl(collection=com.fabiocompany.supermercadosdeltaplus.model.Tipodepago.tarjetas, querySpaceUid=<gen:0>, path=[com.fabiocompany.supermercadosdeltaplus.model.Tipodepago.tarjetas])
          - (collection element) CollectionFetchableElementEntityGraph(entity=com.fabiocompany.supermercadosdeltaplus.model.Tarjeta, querySpaceUid=<gen:1>, path=[com.fabiocompany.supermercadosdeltaplus.model.Tipodepago.tarjetas].<elements>)
    - QuerySpaces
       - CollectionQuerySpaceImpl(uid=<gen:0>, collection=com.fabiocompany.supermercadosdeltaplus.model.Tipodepago.tarjetas)
          - SQL table alias mapping - tarjetas0_
          - alias suffix - 0_
          - suffixed key columns - {idtipode4_8_0_}
          - entity-element alias suffix - 1_
          - 1_entity-element suffixed key columns - idtarjet1_5_1_
          - JOIN (JoinDefinedByMetadata(elements)) : <gen:0> -> <gen:1>
             - EntityQuerySpaceImpl(uid=<gen:1>, entity=com.fabiocompany.supermercadosdeltaplus.model.Tarjeta)
                - SQL table alias mapping - tarjetas0_
                - alias suffix - 1_
                - suffixed key columns - {idtarjet1_5_1_}

12:17:54.982 [main] DEBUG o.h.l.c.plan.CollectionLoader - Static select for collection com.fabiocompany.supermercadosdeltaplus.model.Tipodepago.tarjetas: select tarjetas0_.idtipodepago as idtipode4_8_0_, tarjetas0_.idtarjeta as idtarjet1_5_0_, tarjetas0_.idtarjeta as idtarjet1_5_1_, tarjetas0_.nombretarjeta as nombreta2_5_1_, tarjetas0_.numtarjeta as numtarje3_5_1_, tarjetas0_.idtipodepago as idtipode4_5_1_ from tarjeta tarjetas0_ where tarjetas0_.idtipodepago=?
12:17:54.983 [main] DEBUG o.h.l.p.b.i.spaces.QuerySpacesImpl - Adding QuerySpace : uid = <gen:0> -> org.hibernate.loader.plan.build.internal.spaces.CollectionQuerySpaceImpl@3542162a]
12:17:54.983 [main] DEBUG o.h.l.p.b.i.spaces.QuerySpacesImpl - Adding QuerySpace : uid = <gen:1> -> org.hibernate.loader.plan.build.internal.spaces.EntityQuerySpaceImpl@698122b2]
12:17:54.983 [main] DEBUG o.h.p.w.spi.MetamodelGraphWalker - Visiting attribute path : descripciondepromocion
12:17:54.983 [main] DEBUG o.h.p.w.spi.MetamodelGraphWalker - Visiting attribute path : detalletickets
12:17:54.983 [main] DEBUG o.h.p.w.spi.MetamodelGraphWalker - Property path deemed to be circular : detalletickets
12:17:54.984 [main] DEBUG o.h.p.w.spi.MetamodelGraphWalker - Visiting attribute path : montodedescuento
12:17:54.984 [main] DEBUG o.h.l.p.b.i.FetchStyleLoadPlanBuildingAssociationVisitationStrategy - Building LoadPlan...
12:17:54.985 [main] DEBUG o.h.l.p.e.i.LoadQueryJoinAndFetchProcessor - processing queryspace <gen:0>
12:17:54.985 [main] DEBUG o.h.l.p.b.spi.LoadPlanTreePrinter - LoadPlan(collection=com.fabiocompany.supermercadosdeltaplus.model.Detalleticket.detalleofertas)
    - Returns
       - CollectionReturnImpl(collection=com.fabiocompany.supermercadosdeltaplus.model.Detalleticket.detalleofertas, querySpaceUid=<gen:0>, path=[com.fabiocompany.supermercadosdeltaplus.model.Detalleticket.detalleofertas])
          - (collection element) CollectionFetchableElementEntityGraph(entity=com.fabiocompany.supermercadosdeltaplus.model.Detalleoferta, querySpaceUid=<gen:1>, path=[com.fabiocompany.supermercadosdeltaplus.model.Detalleticket.detalleofertas].<elements>)
    - QuerySpaces
       - CollectionQuerySpaceImpl(uid=<gen:0>, collection=com.fabiocompany.supermercadosdeltaplus.model.Detalleticket.detalleofertas)
          - SQL table alias mapping - detalleofe0_
          - alias suffix - 0_
          - suffixed key columns - {iddetall1_2_0_}
          - entity-element alias suffix - 1_
          - 1_entity-element suffixed key columns - iddetall1_1_1_
          - JOIN (JoinDefinedByMetadata(elements)) : <gen:0> -> <gen:1>
             - EntityQuerySpaceImpl(uid=<gen:1>, entity=com.fabiocompany.supermercadosdeltaplus.model.Detalleoferta)
                - SQL table alias mapping - detalleofe1_
                - alias suffix - 1_
                - suffixed key columns - {iddetall1_1_1_}

12:17:54.986 [main] DEBUG o.h.l.c.plan.CollectionLoader - Static select for collection com.fabiocompany.supermercadosdeltaplus.model.Detalleticket.detalleofertas: select detalleofe0_.iddetalleticket as iddetall1_2_0_, detalleofe0_.iddetalleoferta as iddetall2_6_0_, detalleofe1_.iddetalleoferta as iddetall1_1_1_, detalleofe1_.descripciondepromocion as descripc2_1_1_, detalleofe1_.montodedescuento as montoded3_1_1_ from ticketsyofertas detalleofe0_ inner join detalleoferta detalleofe1_ on detalleofe0_.iddetalleoferta=detalleofe1_.iddetalleoferta where detalleofe0_.iddetalleticket=?
12:17:54.986 [main] DEBUG o.h.l.p.b.i.spaces.QuerySpacesImpl - Adding QuerySpace : uid = <gen:0> -> org.hibernate.loader.plan.build.internal.spaces.CollectionQuerySpaceImpl@3b2c0e88]
12:17:54.986 [main] DEBUG o.h.l.p.b.i.spaces.QuerySpacesImpl - Adding QuerySpace : uid = <gen:1> -> org.hibernate.loader.plan.build.internal.spaces.EntityQuerySpaceImpl@5bd82fed]
12:17:54.986 [main] DEBUG o.h.p.w.spi.MetamodelGraphWalker - Visiting attribute path : cabeceraticket
12:17:54.987 [main] DEBUG o.h.l.p.b.i.spaces.QuerySpacesImpl - Adding QuerySpace : uid = <gen:2> -> org.hibernate.loader.plan.build.internal.spaces.EntityQuerySpaceImpl@1c6804cd]
12:17:54.987 [main] DEBUG o.h.p.w.spi.MetamodelGraphWalker - Visiting attribute path : cabeceraticket.detalletickets
12:17:54.987 [main] DEBUG o.h.p.w.spi.MetamodelGraphWalker - Property path deemed to be circular : cabeceraticket.detalletickets
12:17:54.987 [main] DEBUG o.h.p.w.spi.MetamodelGraphWalker - Visiting attribute path : cabeceraticket.fecha
12:17:54.987 [main] DEBUG o.h.p.w.spi.MetamodelGraphWalker - Visiting attribute path : cabeceraticket.usuario
12:17:54.988 [main] DEBUG o.h.l.p.b.i.spaces.QuerySpacesImpl - Adding QuerySpace : uid = <gen:3> -> org.hibernate.loader.plan.build.internal.spaces.EntityQuerySpaceImpl@549949be]
12:17:54.988 [main] DEBUG o.h.p.w.spi.MetamodelGraphWalker - Visiting attribute path : cabeceraticket.usuario.cabeceratickets
12:17:54.988 [main] DEBUG o.h.p.w.spi.MetamodelGraphWalker - Property path deemed to be circular : cabeceraticket.usuario.cabeceratickets
12:17:54.988 [main] DEBUG o.h.p.w.spi.MetamodelGraphWalker - Visiting attribute path : cabeceraticket.usuario.contraseniausuario
12:17:54.988 [main] DEBUG o.h.p.w.spi.MetamodelGraphWalker - Visiting attribute path : cabeceraticket.usuario.nombreusuario
12:17:54.988 [main] DEBUG o.h.p.w.spi.MetamodelGraphWalker - Visiting attribute path : cabeceraticket.usuario.tipodeusuario
12:17:54.988 [main] DEBUG o.h.p.w.spi.MetamodelGraphWalker - Visiting attribute path : cabeceraticket.usuario.personausuario
12:17:54.989 [main] DEBUG o.h.l.p.b.i.spaces.QuerySpacesImpl - Adding QuerySpace : uid = <gen:4> -> org.hibernate.loader.plan.build.internal.spaces.EntityQuerySpaceImpl@17a87e37]
12:17:54.989 [main] DEBUG o.h.p.w.spi.MetamodelGraphWalker - Visiting attribute path : cantidad
12:17:54.989 [main] DEBUG o.h.p.w.spi.MetamodelGraphWalker - Visiting attribute path : cantidadporproducto
12:17:54.989 [main] DEBUG o.h.p.w.spi.MetamodelGraphWalker - Visiting attribute path : detalleofertas
12:17:54.989 [main] DEBUG o.h.p.w.spi.MetamodelGraphWalker - Visiting attribute path : montodepago
12:17:54.989 [main] DEBUG o.h.p.w.spi.MetamodelGraphWalker - Visiting attribute path : productos
12:17:54.990 [main] DEBUG o.h.p.w.spi.MetamodelGraphWalker - Property path deemed to be circular : productos
12:17:54.990 [main] DEBUG o.h.p.w.spi.MetamodelGraphWalker - Visiting attribute path : subtotal
12:17:54.990 [main] DEBUG o.h.p.w.spi.MetamodelGraphWalker - Visiting attribute path : tipodepago
12:17:54.990 [main] DEBUG o.h.l.p.b.i.spaces.QuerySpacesImpl - Adding QuerySpace : uid = <gen:5> -> org.hibernate.loader.plan.build.internal.spaces.EntityQuerySpaceImpl@3eeb318f]
12:17:54.990 [main] DEBUG o.h.p.w.spi.MetamodelGraphWalker - Visiting attribute path : tipodepago.descripciontipodepago
12:17:54.990 [main] DEBUG o.h.p.w.spi.MetamodelGraphWalker - Visiting attribute path : tipodepago.detalletickets
12:17:54.990 [main] DEBUG o.h.p.w.spi.MetamodelGraphWalker - Property path deemed to be circular : tipodepago.detalletickets
12:17:54.991 [main] DEBUG o.h.p.w.spi.MetamodelGraphWalker - Visiting attribute path : tipodepago.tarjetas
12:17:54.991 [main] DEBUG o.h.p.w.spi.MetamodelGraphWalker - Visiting attribute path : total
12:17:54.991 [main] DEBUG o.h.l.p.b.i.FetchStyleLoadPlanBuildingAssociationVisitationStrategy - Building LoadPlan...
12:17:54.991 [main] DEBUG o.h.l.p.e.i.LoadQueryJoinAndFetchProcessor - processing queryspace <gen:0>
12:17:54.996 [main] DEBUG o.h.l.p.b.spi.LoadPlanTreePrinter - LoadPlan(collection=com.fabiocompany.supermercadosdeltaplus.model.Producto.detalletickets)
    - Returns
       - CollectionReturnImpl(collection=com.fabiocompany.supermercadosdeltaplus.model.Producto.detalletickets, querySpaceUid=<gen:0>, path=[com.fabiocompany.supermercadosdeltaplus.model.Producto.detalletickets])
          - (collection element) CollectionFetchableElementEntityGraph(entity=com.fabiocompany.supermercadosdeltaplus.model.Detalleticket, querySpaceUid=<gen:1>, path=[com.fabiocompany.supermercadosdeltaplus.model.Producto.detalletickets].<elements>)
             - EntityAttributeFetchImpl(entity=com.fabiocompany.supermercadosdeltaplus.model.Cabeceraticket, querySpaceUid=<gen:2>, path=[com.fabiocompany.supermercadosdeltaplus.model.Producto.detalletickets].<elements>.cabeceraticket)
                - EntityAttributeFetchImpl(entity=com.fabiocompany.supermercadosdeltaplus.model.Usuario, querySpaceUid=<gen:3>, path=[com.fabiocompany.supermercadosdeltaplus.model.Producto.detalletickets].<elements>.cabeceraticket.usuario)
                   - EntityAttributeFetchImpl(entity=com.fabiocompany.supermercadosdeltaplus.model.Personausuario, querySpaceUid=<gen:4>, path=[com.fabiocompany.supermercadosdeltaplus.model.Producto.detalletickets].<elements>.cabeceraticket.usuario.personausuario)
             - EntityAttributeFetchImpl(entity=com.fabiocompany.supermercadosdeltaplus.model.Tipodepago, querySpaceUid=<gen:5>, path=[com.fabiocompany.supermercadosdeltaplus.model.Producto.detalletickets].<elements>.tipodepago)
    - QuerySpaces
       - CollectionQuerySpaceImpl(uid=<gen:0>, collection=com.fabiocompany.supermercadosdeltaplus.model.Producto.detalletickets)
          - SQL table alias mapping - detalletic0_
          - alias suffix - 0_
          - suffixed key columns - {idproduc2_4_0_}
          - entity-element alias suffix - 1_
          - 1_entity-element suffixed key columns - iddetall1_2_1_
          - JOIN (JoinDefinedByMetadata(elements)) : <gen:0> -> <gen:1>
             - EntityQuerySpaceImpl(uid=<gen:1>, entity=com.fabiocompany.supermercadosdeltaplus.model.Detalleticket)
                - SQL table alias mapping - detalletic1_
                - alias suffix - 1_
                - suffixed key columns - {iddetall1_2_1_}
                - JOIN (JoinDefinedByMetadata(cabeceraticket)) : <gen:1> -> <gen:2>
                   - EntityQuerySpaceImpl(uid=<gen:2>, entity=com.fabiocompany.supermercadosdeltaplus.model.Cabeceraticket)
                      - SQL table alias mapping - cabecerati2_
                      - alias suffix - 2_
                      - suffixed key columns - {idticket1_0_2_}
                      - JOIN (JoinDefinedByMetadata(usuario)) : <gen:2> -> <gen:3>
                         - EntityQuerySpaceImpl(uid=<gen:3>, entity=com.fabiocompany.supermercadosdeltaplus.model.Usuario)
                            - SQL table alias mapping - usuario3_
                            - alias suffix - 3_
                            - suffixed key columns - {idusuari1_9_3_}
                - JOIN (JoinDefinedByMetadata(tipodepago)) : <gen:1> -> <gen:5>
                   - EntityQuerySpaceImpl(uid=<gen:5>, entity=com.fabiocompany.supermercadosdeltaplus.model.Tipodepago)
                      - SQL table alias mapping - tipodepago4_
                      - alias suffix - 4_
                      - suffixed key columns - {idtipode1_8_4_}

12:17:54.997 [main] DEBUG o.h.l.c.plan.CollectionLoader - Static select for collection com.fabiocompany.supermercadosdeltaplus.model.Producto.detalletickets: select detalletic0_.idproducto as idproduc2_4_0_, detalletic0_.iddetalleticket as iddetall1_7_0_, detalletic1_.iddetalleticket as iddetall1_2_1_, detalletic1_.idticket as idticket7_2_1_, detalletic1_.cantidad as cantidad2_2_1_, detalletic1_.cantidadporproducto as cantidad3_2_1_, detalletic1_.montodepago as montodep4_2_1_, detalletic1_.subtotal as subtotal5_2_1_, detalletic1_.idtipodepago as idtipode8_2_1_, detalletic1_.total as total6_2_1_, cabecerati2_.idticket as idticket1_0_2_, cabecerati2_.fecha as fecha2_0_2_, cabecerati2_.idusuario as idusuari3_0_2_, usuario3_.idusuario as idusuari1_9_3_, usuario3_.contraseniausuario as contrase2_9_3_, usuario3_.nombreusuario as nombreus3_9_3_, usuario3_.tipodeusuario as tipodeus4_9_3_, tipodepago4_.idtipodepago as idtipode1_8_4_, tipodepago4_.descripciontipodepago as descripc2_8_4_ from ticketsyproductos detalletic0_ inner join detalleticket detalletic1_ on detalletic0_.iddetalleticket=detalletic1_.iddetalleticket left outer join cabeceraticket cabecerati2_ on detalletic1_.idticket=cabecerati2_.idticket left outer join usuario usuario3_ on cabecerati2_.idusuario=usuario3_.idusuario left outer join tipodepago tipodepago4_ on detalletic1_.idtipodepago=tipodepago4_.idtipodepago where detalletic0_.idproducto=?
12:17:54.997 [main] DEBUG o.h.l.p.b.i.spaces.QuerySpacesImpl - Adding QuerySpace : uid = <gen:0> -> org.hibernate.loader.plan.build.internal.spaces.CollectionQuerySpaceImpl@39ad977d]
12:17:54.997 [main] DEBUG o.h.l.p.b.i.spaces.QuerySpacesImpl - Adding QuerySpace : uid = <gen:1> -> org.hibernate.loader.plan.build.internal.spaces.EntityQuerySpaceImpl@6da00fb9]
12:17:54.998 [main] DEBUG o.h.p.w.spi.MetamodelGraphWalker - Visiting attribute path : cabeceraticket
12:17:54.998 [main] DEBUG o.h.l.p.b.i.spaces.QuerySpacesImpl - Adding QuerySpace : uid = <gen:2> -> org.hibernate.loader.plan.build.internal.spaces.EntityQuerySpaceImpl@75b25825]
12:17:54.998 [main] DEBUG o.h.p.w.spi.MetamodelGraphWalker - Visiting attribute path : cabeceraticket.detalletickets
12:17:54.998 [main] DEBUG o.h.p.w.spi.MetamodelGraphWalker - Property path deemed to be circular : cabeceraticket.detalletickets
12:17:54.998 [main] DEBUG o.h.p.w.spi.MetamodelGraphWalker - Visiting attribute path : cabeceraticket.fecha
12:17:54.999 [main] DEBUG o.h.p.w.spi.MetamodelGraphWalker - Visiting attribute path : cabeceraticket.usuario
12:17:54.999 [main] DEBUG o.h.l.p.b.i.spaces.QuerySpacesImpl - Adding QuerySpace : uid = <gen:3> -> org.hibernate.loader.plan.build.internal.spaces.EntityQuerySpaceImpl@13cf7d52]
12:17:54.999 [main] DEBUG o.h.p.w.spi.MetamodelGraphWalker - Visiting attribute path : cabeceraticket.usuario.cabeceratickets
12:17:54.999 [main] DEBUG o.h.p.w.spi.MetamodelGraphWalker - Property path deemed to be circular : cabeceraticket.usuario.cabeceratickets
12:17:54.999 [main] DEBUG o.h.p.w.spi.MetamodelGraphWalker - Visiting attribute path : cabeceraticket.usuario.contraseniausuario
12:17:54.999 [main] DEBUG o.h.p.w.spi.MetamodelGraphWalker - Visiting attribute path : cabeceraticket.usuario.nombreusuario
12:17:55.000 [main] DEBUG o.h.p.w.spi.MetamodelGraphWalker - Visiting attribute path : cabeceraticket.usuario.tipodeusuario
12:17:55.000 [main] DEBUG o.h.p.w.spi.MetamodelGraphWalker - Visiting attribute path : cabeceraticket.usuario.personausuario
12:17:55.000 [main] DEBUG o.h.l.p.b.i.spaces.QuerySpacesImpl - Adding QuerySpace : uid = <gen:4> -> org.hibernate.loader.plan.build.internal.spaces.EntityQuerySpaceImpl@5d2a4eed]
12:17:55.000 [main] DEBUG o.h.p.w.spi.MetamodelGraphWalker - Visiting attribute path : cantidad
12:17:55.000 [main] DEBUG o.h.p.w.spi.MetamodelGraphWalker - Visiting attribute path : cantidadporproducto
12:17:55.000 [main] DEBUG o.h.p.w.spi.MetamodelGraphWalker - Visiting attribute path : detalleofertas
12:17:55.001 [main] DEBUG o.h.p.w.spi.MetamodelGraphWalker - Visiting attribute path : montodepago
12:17:55.001 [main] DEBUG o.h.p.w.spi.MetamodelGraphWalker - Visiting attribute path : productos
12:17:55.001 [main] DEBUG o.h.p.w.spi.MetamodelGraphWalker - Visiting attribute path : subtotal
12:17:55.001 [main] DEBUG o.h.p.w.spi.MetamodelGraphWalker - Visiting attribute path : tipodepago
12:17:55.001 [main] DEBUG o.h.p.w.spi.MetamodelGraphWalker - Property path deemed to be circular : tipodepago
12:17:55.012 [main] DEBUG o.h.p.w.spi.MetamodelGraphWalker - Visiting attribute path : total
12:17:55.012 [main] DEBUG o.h.l.p.b.i.FetchStyleLoadPlanBuildingAssociationVisitationStrategy - Building LoadPlan...
12:17:55.012 [main] DEBUG o.h.l.p.e.i.LoadQueryJoinAndFetchProcessor - processing queryspace <gen:0>
12:17:55.013 [main] DEBUG o.h.l.p.b.spi.LoadPlanTreePrinter - LoadPlan(collection=com.fabiocompany.supermercadosdeltaplus.model.Tipodepago.detalletickets)
    - Returns
       - CollectionReturnImpl(collection=com.fabiocompany.supermercadosdeltaplus.model.Tipodepago.detalletickets, querySpaceUid=<gen:0>, path=[com.fabiocompany.supermercadosdeltaplus.model.Tipodepago.detalletickets])
          - (collection element) CollectionFetchableElementEntityGraph(entity=com.fabiocompany.supermercadosdeltaplus.model.Detalleticket, querySpaceUid=<gen:1>, path=[com.fabiocompany.supermercadosdeltaplus.model.Tipodepago.detalletickets].<elements>)
             - EntityAttributeFetchImpl(entity=com.fabiocompany.supermercadosdeltaplus.model.Cabeceraticket, querySpaceUid=<gen:2>, path=[com.fabiocompany.supermercadosdeltaplus.model.Tipodepago.detalletickets].<elements>.cabeceraticket)
                - EntityAttributeFetchImpl(entity=com.fabiocompany.supermercadosdeltaplus.model.Usuario, querySpaceUid=<gen:3>, path=[com.fabiocompany.supermercadosdeltaplus.model.Tipodepago.detalletickets].<elements>.cabeceraticket.usuario)
                   - EntityAttributeFetchImpl(entity=com.fabiocompany.supermercadosdeltaplus.model.Personausuario, querySpaceUid=<gen:4>, path=[com.fabiocompany.supermercadosdeltaplus.model.Tipodepago.detalletickets].<elements>.cabeceraticket.usuario.personausuario)
    - QuerySpaces
       - CollectionQuerySpaceImpl(uid=<gen:0>, collection=com.fabiocompany.supermercadosdeltaplus.model.Tipodepago.detalletickets)
          - SQL table alias mapping - detalletic0_
          - alias suffix - 0_
          - suffixed key columns - {idtipode8_8_0_}
          - entity-element alias suffix - 1_
          - 1_entity-element suffixed key columns - iddetall1_2_1_
          - JOIN (JoinDefinedByMetadata(elements)) : <gen:0> -> <gen:1>
             - EntityQuerySpaceImpl(uid=<gen:1>, entity=com.fabiocompany.supermercadosdeltaplus.model.Detalleticket)
                - SQL table alias mapping - detalletic0_
                - alias suffix - 1_
                - suffixed key columns - {iddetall1_2_1_}
                - JOIN (JoinDefinedByMetadata(cabeceraticket)) : <gen:1> -> <gen:2>
                   - EntityQuerySpaceImpl(uid=<gen:2>, entity=com.fabiocompany.supermercadosdeltaplus.model.Cabeceraticket)
                      - SQL table alias mapping - cabecerati1_
                      - alias suffix - 2_
                      - suffixed key columns - {idticket1_0_2_}
                      - JOIN (JoinDefinedByMetadata(usuario)) : <gen:2> -> <gen:3>
                         - EntityQuerySpaceImpl(uid=<gen:3>, entity=com.fabiocompany.supermercadosdeltaplus.model.Usuario)
                            - SQL table alias mapping - usuario2_
                            - alias suffix - 3_
                            - suffixed key columns - {idusuari1_9_3_}

12:17:55.015 [main] DEBUG o.h.l.c.plan.CollectionLoader - Static select for collection com.fabiocompany.supermercadosdeltaplus.model.Tipodepago.detalletickets: select detalletic0_.idtipodepago as idtipode8_8_0_, detalletic0_.iddetalleticket as iddetall1_2_0_, detalletic0_.iddetalleticket as iddetall1_2_1_, detalletic0_.idticket as idticket7_2_1_, detalletic0_.cantidad as cantidad2_2_1_, detalletic0_.cantidadporproducto as cantidad3_2_1_, detalletic0_.montodepago as montodep4_2_1_, detalletic0_.subtotal as subtotal5_2_1_, detalletic0_.idtipodepago as idtipode8_2_1_, detalletic0_.total as total6_2_1_, cabecerati1_.idticket as idticket1_0_2_, cabecerati1_.fecha as fecha2_0_2_, cabecerati1_.idusuario as idusuari3_0_2_, usuario2_.idusuario as idusuari1_9_3_, usuario2_.contraseniausuario as contrase2_9_3_, usuario2_.nombreusuario as nombreus3_9_3_, usuario2_.tipodeusuario as tipodeus4_9_3_ from detalleticket detalletic0_ left outer join cabeceraticket cabecerati1_ on detalletic0_.idticket=cabecerati1_.idticket left outer join usuario usuario2_ on cabecerati1_.idusuario=usuario2_.idusuario where detalletic0_.idtipodepago=?
12:17:55.015 [main] DEBUG o.h.l.p.b.i.spaces.QuerySpacesImpl - Adding QuerySpace : uid = <gen:0> -> org.hibernate.loader.plan.build.internal.spaces.CollectionQuerySpaceImpl@57459491]
12:17:55.015 [main] DEBUG o.h.l.p.b.i.spaces.QuerySpacesImpl - Adding QuerySpace : uid = <gen:1> -> org.hibernate.loader.plan.build.internal.spaces.EntityQuerySpaceImpl@3f0846c6]
12:17:55.016 [main] DEBUG o.h.p.w.spi.MetamodelGraphWalker - Visiting attribute path : descripcion
12:17:55.016 [main] DEBUG o.h.p.w.spi.MetamodelGraphWalker - Visiting attribute path : detalletickets
12:17:55.016 [main] DEBUG o.h.p.w.spi.MetamodelGraphWalker - Property path deemed to be circular : detalletickets
12:17:55.016 [main] DEBUG o.h.p.w.spi.MetamodelGraphWalker - Visiting attribute path : precio
12:17:55.016 [main] DEBUG o.h.l.p.b.i.FetchStyleLoadPlanBuildingAssociationVisitationStrategy - Building LoadPlan...
12:17:55.017 [main] DEBUG o.h.l.p.e.i.LoadQueryJoinAndFetchProcessor - processing queryspace <gen:0>
12:17:55.017 [main] DEBUG o.h.l.p.b.spi.LoadPlanTreePrinter - LoadPlan(collection=com.fabiocompany.supermercadosdeltaplus.model.Detalleticket.productos)
    - Returns
       - CollectionReturnImpl(collection=com.fabiocompany.supermercadosdeltaplus.model.Detalleticket.productos, querySpaceUid=<gen:0>, path=[com.fabiocompany.supermercadosdeltaplus.model.Detalleticket.productos])
          - (collection element) CollectionFetchableElementEntityGraph(entity=com.fabiocompany.supermercadosdeltaplus.model.Producto, querySpaceUid=<gen:1>, path=[com.fabiocompany.supermercadosdeltaplus.model.Detalleticket.productos].<elements>)
    - QuerySpaces
       - CollectionQuerySpaceImpl(uid=<gen:0>, collection=com.fabiocompany.supermercadosdeltaplus.model.Detalleticket.productos)
          - SQL table alias mapping - productos0_
          - alias suffix - 0_
          - suffixed key columns - {iddetall1_2_0_}
          - entity-element alias suffix - 1_
          - 1_entity-element suffixed key columns - idproduc1_4_1_
          - JOIN (JoinDefinedByMetadata(elements)) : <gen:0> -> <gen:1>
             - EntityQuerySpaceImpl(uid=<gen:1>, entity=com.fabiocompany.supermercadosdeltaplus.model.Producto)
                - SQL table alias mapping - producto1_
                - alias suffix - 1_
                - suffixed key columns - {idproduc1_4_1_}

12:17:55.018 [main] DEBUG o.h.l.c.plan.CollectionLoader - Static select for collection com.fabiocompany.supermercadosdeltaplus.model.Detalleticket.productos: select productos0_.iddetalleticket as iddetall1_2_0_, productos0_.idproducto as idproduc2_7_0_, producto1_.idproducto as idproduc1_4_1_, producto1_.descripcion as descripc2_4_1_, producto1_.precio as precio3_4_1_ from ticketsyproductos productos0_ inner join producto producto1_ on productos0_.idproducto=producto1_.idproducto where productos0_.iddetalleticket=?
12:17:55.018 [main] DEBUG o.h.l.p.b.i.spaces.QuerySpacesImpl - Adding QuerySpace : uid = <gen:0> -> org.hibernate.loader.plan.build.internal.spaces.CollectionQuerySpaceImpl@3e10dc6]
12:17:55.018 [main] DEBUG o.h.l.p.b.i.spaces.QuerySpacesImpl - Adding QuerySpace : uid = <gen:1> -> org.hibernate.loader.plan.build.internal.spaces.EntityQuerySpaceImpl@7e22550a]
12:17:55.018 [main] DEBUG o.h.p.w.spi.MetamodelGraphWalker - Visiting attribute path : detalletickets
12:17:55.018 [main] DEBUG o.h.p.w.spi.MetamodelGraphWalker - Visiting attribute path : fecha
12:17:55.019 [main] DEBUG o.h.p.w.spi.MetamodelGraphWalker - Visiting attribute path : usuario
12:17:55.019 [main] DEBUG o.h.p.w.spi.MetamodelGraphWalker - Property path deemed to be circular : usuario
12:17:55.019 [main] DEBUG o.h.l.p.b.i.FetchStyleLoadPlanBuildingAssociationVisitationStrategy - Building LoadPlan...
12:17:55.019 [main] DEBUG o.h.l.p.e.i.LoadQueryJoinAndFetchProcessor - processing queryspace <gen:0>
12:17:55.020 [main] DEBUG o.h.l.p.b.spi.LoadPlanTreePrinter - LoadPlan(collection=com.fabiocompany.supermercadosdeltaplus.model.Usuario.cabeceratickets)
    - Returns
       - CollectionReturnImpl(collection=com.fabiocompany.supermercadosdeltaplus.model.Usuario.cabeceratickets, querySpaceUid=<gen:0>, path=[com.fabiocompany.supermercadosdeltaplus.model.Usuario.cabeceratickets])
          - (collection element) CollectionFetchableElementEntityGraph(entity=com.fabiocompany.supermercadosdeltaplus.model.Cabeceraticket, querySpaceUid=<gen:1>, path=[com.fabiocompany.supermercadosdeltaplus.model.Usuario.cabeceratickets].<elements>)
    - QuerySpaces
       - CollectionQuerySpaceImpl(uid=<gen:0>, collection=com.fabiocompany.supermercadosdeltaplus.model.Usuario.cabeceratickets)
          - SQL table alias mapping - cabecerati0_
          - alias suffix - 0_
          - suffixed key columns - {idusuari3_9_0_}
          - entity-element alias suffix - 1_
          - 1_entity-element suffixed key columns - idticket1_0_1_
          - JOIN (JoinDefinedByMetadata(elements)) : <gen:0> -> <gen:1>
             - EntityQuerySpaceImpl(uid=<gen:1>, entity=com.fabiocompany.supermercadosdeltaplus.model.Cabeceraticket)
                - SQL table alias mapping - cabecerati0_
                - alias suffix - 1_
                - suffixed key columns - {idticket1_0_1_}

12:17:55.020 [main] DEBUG o.h.l.c.plan.CollectionLoader - Static select for collection com.fabiocompany.supermercadosdeltaplus.model.Usuario.cabeceratickets: select cabecerati0_.idusuario as idusuari3_9_0_, cabecerati0_.idticket as idticket1_0_0_, cabecerati0_.idticket as idticket1_0_1_, cabecerati0_.fecha as fecha2_0_1_, cabecerati0_.idusuario as idusuari3_0_1_ from cabeceraticket cabecerati0_ where cabecerati0_.idusuario=?
12:17:55.021 [main] DEBUG o.h.l.p.b.i.spaces.QuerySpacesImpl - Adding QuerySpace : uid = <gen:0> -> org.hibernate.loader.plan.build.internal.spaces.CollectionQuerySpaceImpl@6941827a]
12:17:55.021 [main] DEBUG o.h.l.p.b.i.spaces.QuerySpacesImpl - Adding QuerySpace : uid = <gen:1> -> org.hibernate.loader.plan.build.internal.spaces.EntityQuerySpaceImpl@5a7005d]
12:17:55.021 [main] DEBUG o.h.p.w.spi.MetamodelGraphWalker - Visiting attribute path : cabeceraticket
12:17:55.021 [main] DEBUG o.h.p.w.spi.MetamodelGraphWalker - Property path deemed to be circular : cabeceraticket
12:17:55.021 [main] DEBUG o.h.p.w.spi.MetamodelGraphWalker - Visiting attribute path : cantidad
12:17:55.021 [main] DEBUG o.h.p.w.spi.MetamodelGraphWalker - Visiting attribute path : cantidadporproducto
12:17:55.021 [main] DEBUG o.h.p.w.spi.MetamodelGraphWalker - Visiting attribute path : detalleofertas
12:17:55.022 [main] DEBUG o.h.p.w.spi.MetamodelGraphWalker - Visiting attribute path : montodepago
12:17:55.022 [main] DEBUG o.h.p.w.spi.MetamodelGraphWalker - Visiting attribute path : productos
12:17:55.022 [main] DEBUG o.h.p.w.spi.MetamodelGraphWalker - Visiting attribute path : subtotal
12:17:55.022 [main] DEBUG o.h.p.w.spi.MetamodelGraphWalker - Visiting attribute path : tipodepago
12:17:55.022 [main] DEBUG o.h.l.p.b.i.spaces.QuerySpacesImpl - Adding QuerySpace : uid = <gen:2> -> org.hibernate.loader.plan.build.internal.spaces.EntityQuerySpaceImpl@7516e4e5]
12:17:55.022 [main] DEBUG o.h.p.w.spi.MetamodelGraphWalker - Visiting attribute path : tipodepago.descripciontipodepago
12:17:55.022 [main] DEBUG o.h.p.w.spi.MetamodelGraphWalker - Visiting attribute path : tipodepago.detalletickets
12:17:55.023 [main] DEBUG o.h.p.w.spi.MetamodelGraphWalker - Property path deemed to be circular : tipodepago.detalletickets
12:17:55.023 [main] DEBUG o.h.p.w.spi.MetamodelGraphWalker - Visiting attribute path : tipodepago.tarjetas
12:17:55.023 [main] DEBUG o.h.p.w.spi.MetamodelGraphWalker - Visiting attribute path : total
12:17:55.023 [main] DEBUG o.h.l.p.b.i.FetchStyleLoadPlanBuildingAssociationVisitationStrategy - Building LoadPlan...
12:17:55.024 [main] DEBUG o.h.l.p.e.i.LoadQueryJoinAndFetchProcessor - processing queryspace <gen:0>
12:17:55.025 [main] DEBUG o.h.l.p.b.spi.LoadPlanTreePrinter - LoadPlan(collection=com.fabiocompany.supermercadosdeltaplus.model.Cabeceraticket.detalletickets)
    - Returns
       - CollectionReturnImpl(collection=com.fabiocompany.supermercadosdeltaplus.model.Cabeceraticket.detalletickets, querySpaceUid=<gen:0>, path=[com.fabiocompany.supermercadosdeltaplus.model.Cabeceraticket.detalletickets])
          - (collection element) CollectionFetchableElementEntityGraph(entity=com.fabiocompany.supermercadosdeltaplus.model.Detalleticket, querySpaceUid=<gen:1>, path=[com.fabiocompany.supermercadosdeltaplus.model.Cabeceraticket.detalletickets].<elements>)
             - EntityAttributeFetchImpl(entity=com.fabiocompany.supermercadosdeltaplus.model.Tipodepago, querySpaceUid=<gen:2>, path=[com.fabiocompany.supermercadosdeltaplus.model.Cabeceraticket.detalletickets].<elements>.tipodepago)
    - QuerySpaces
       - CollectionQuerySpaceImpl(uid=<gen:0>, collection=com.fabiocompany.supermercadosdeltaplus.model.Cabeceraticket.detalletickets)
          - SQL table alias mapping - detalletic0_
          - alias suffix - 0_
          - suffixed key columns - {idticket7_0_0_}
          - entity-element alias suffix - 1_
          - 1_entity-element suffixed key columns - iddetall1_2_1_
          - JOIN (JoinDefinedByMetadata(elements)) : <gen:0> -> <gen:1>
             - EntityQuerySpaceImpl(uid=<gen:1>, entity=com.fabiocompany.supermercadosdeltaplus.model.Detalleticket)
                - SQL table alias mapping - detalletic0_
                - alias suffix - 1_
                - suffixed key columns - {iddetall1_2_1_}
                - JOIN (JoinDefinedByMetadata(tipodepago)) : <gen:1> -> <gen:2>
                   - EntityQuerySpaceImpl(uid=<gen:2>, entity=com.fabiocompany.supermercadosdeltaplus.model.Tipodepago)
                      - SQL table alias mapping - tipodepago1_
                      - alias suffix - 2_
                      - suffixed key columns - {idtipode1_8_2_}

12:17:55.025 [main] DEBUG o.h.l.c.plan.CollectionLoader - Static select for collection com.fabiocompany.supermercadosdeltaplus.model.Cabeceraticket.detalletickets: select detalletic0_.idticket as idticket7_0_0_, detalletic0_.iddetalleticket as iddetall1_2_0_, detalletic0_.iddetalleticket as iddetall1_2_1_, detalletic0_.idticket as idticket7_2_1_, detalletic0_.cantidad as cantidad2_2_1_, detalletic0_.cantidadporproducto as cantidad3_2_1_, detalletic0_.montodepago as montodep4_2_1_, detalletic0_.subtotal as subtotal5_2_1_, detalletic0_.idtipodepago as idtipode8_2_1_, detalletic0_.total as total6_2_1_, tipodepago1_.idtipodepago as idtipode1_8_2_, tipodepago1_.descripciontipodepago as descripc2_8_2_ from detalleticket detalletic0_ left outer join tipodepago tipodepago1_ on detalletic0_.idtipodepago=tipodepago1_.idtipodepago where detalletic0_.idticket=?
12:17:55.025 [main] DEBUG o.h.l.p.b.i.spaces.QuerySpacesImpl - Adding QuerySpace : uid = <gen:0> -> org.hibernate.loader.plan.build.internal.spaces.CollectionQuerySpaceImpl@5e81e5ac]
12:17:55.026 [main] DEBUG o.h.l.p.b.i.spaces.QuerySpacesImpl - Adding QuerySpace : uid = <gen:1> -> org.hibernate.loader.plan.build.internal.spaces.EntityQuerySpaceImpl@4189d70b]
12:17:55.026 [main] DEBUG o.h.p.w.spi.MetamodelGraphWalker - Visiting attribute path : cabeceraticket
12:17:55.026 [main] DEBUG o.h.l.p.b.i.spaces.QuerySpacesImpl - Adding QuerySpace : uid = <gen:2> -> org.hibernate.loader.plan.build.internal.spaces.EntityQuerySpaceImpl@6f0b0a5e]
12:17:55.026 [main] DEBUG o.h.p.w.spi.MetamodelGraphWalker - Visiting attribute path : cabeceraticket.detalletickets
12:17:55.026 [main] DEBUG o.h.p.w.spi.MetamodelGraphWalker - Property path deemed to be circular : cabeceraticket.detalletickets
12:17:55.026 [main] DEBUG o.h.p.w.spi.MetamodelGraphWalker - Visiting attribute path : cabeceraticket.fecha
12:17:55.027 [main] DEBUG o.h.p.w.spi.MetamodelGraphWalker - Visiting attribute path : cabeceraticket.usuario
12:17:55.027 [main] DEBUG o.h.l.p.b.i.spaces.QuerySpacesImpl - Adding QuerySpace : uid = <gen:3> -> org.hibernate.loader.plan.build.internal.spaces.EntityQuerySpaceImpl@320de594]
12:17:55.027 [main] DEBUG o.h.p.w.spi.MetamodelGraphWalker - Visiting attribute path : cabeceraticket.usuario.cabeceratickets
12:17:55.027 [main] DEBUG o.h.p.w.spi.MetamodelGraphWalker - Property path deemed to be circular : cabeceraticket.usuario.cabeceratickets
12:17:55.027 [main] DEBUG o.h.p.w.spi.MetamodelGraphWalker - Visiting attribute path : cabeceraticket.usuario.contraseniausuario
12:17:55.027 [main] DEBUG o.h.p.w.spi.MetamodelGraphWalker - Visiting attribute path : cabeceraticket.usuario.nombreusuario
12:17:55.028 [main] DEBUG o.h.p.w.spi.MetamodelGraphWalker - Visiting attribute path : cabeceraticket.usuario.tipodeusuario
12:17:55.028 [main] DEBUG o.h.p.w.spi.MetamodelGraphWalker - Visiting attribute path : cabeceraticket.usuario.personausuario
12:17:55.028 [main] DEBUG o.h.l.p.b.i.spaces.QuerySpacesImpl - Adding QuerySpace : uid = <gen:4> -> org.hibernate.loader.plan.build.internal.spaces.EntityQuerySpaceImpl@abf688e]
12:17:55.028 [main] DEBUG o.h.p.w.spi.MetamodelGraphWalker - Visiting attribute path : cantidad
12:17:55.028 [main] DEBUG o.h.p.w.spi.MetamodelGraphWalker - Visiting attribute path : cantidadporproducto
12:17:55.028 [main] DEBUG o.h.p.w.spi.MetamodelGraphWalker - Visiting attribute path : detalleofertas
12:17:55.028 [main] DEBUG o.h.p.w.spi.MetamodelGraphWalker - Property path deemed to be circular : detalleofertas
12:17:55.029 [main] DEBUG o.h.p.w.spi.MetamodelGraphWalker - Visiting attribute path : montodepago
12:17:55.029 [main] DEBUG o.h.p.w.spi.MetamodelGraphWalker - Visiting attribute path : productos
12:17:55.029 [main] DEBUG o.h.p.w.spi.MetamodelGraphWalker - Visiting attribute path : subtotal
12:17:55.029 [main] DEBUG o.h.p.w.spi.MetamodelGraphWalker - Visiting attribute path : tipodepago
12:17:55.029 [main] DEBUG o.h.l.p.b.i.spaces.QuerySpacesImpl - Adding QuerySpace : uid = <gen:5> -> org.hibernate.loader.plan.build.internal.spaces.EntityQuerySpaceImpl@478ee483]
12:17:55.029 [main] DEBUG o.h.p.w.spi.MetamodelGraphWalker - Visiting attribute path : tipodepago.descripciontipodepago
12:17:55.029 [main] DEBUG o.h.p.w.spi.MetamodelGraphWalker - Visiting attribute path : tipodepago.detalletickets
12:17:55.029 [main] DEBUG o.h.p.w.spi.MetamodelGraphWalker - Property path deemed to be circular : tipodepago.detalletickets
12:17:55.030 [main] DEBUG o.h.p.w.spi.MetamodelGraphWalker - Visiting attribute path : tipodepago.tarjetas
12:17:55.030 [main] DEBUG o.h.p.w.spi.MetamodelGraphWalker - Visiting attribute path : total
12:17:55.030 [main] DEBUG o.h.l.p.b.i.FetchStyleLoadPlanBuildingAssociationVisitationStrategy - Building LoadPlan...
12:17:55.030 [main] DEBUG o.h.l.p.e.i.LoadQueryJoinAndFetchProcessor - processing queryspace <gen:0>
12:17:55.032 [main] DEBUG o.h.l.p.b.spi.LoadPlanTreePrinter - LoadPlan(collection=com.fabiocompany.supermercadosdeltaplus.model.Detalleoferta.detalletickets)
    - Returns
       - CollectionReturnImpl(collection=com.fabiocompany.supermercadosdeltaplus.model.Detalleoferta.detalletickets, querySpaceUid=<gen:0>, path=[com.fabiocompany.supermercadosdeltaplus.model.Detalleoferta.detalletickets])
          - (collection element) CollectionFetchableElementEntityGraph(entity=com.fabiocompany.supermercadosdeltaplus.model.Detalleticket, querySpaceUid=<gen:1>, path=[com.fabiocompany.supermercadosdeltaplus.model.Detalleoferta.detalletickets].<elements>)
             - EntityAttributeFetchImpl(entity=com.fabiocompany.supermercadosdeltaplus.model.Cabeceraticket, querySpaceUid=<gen:2>, path=[com.fabiocompany.supermercadosdeltaplus.model.Detalleoferta.detalletickets].<elements>.cabeceraticket)
                - EntityAttributeFetchImpl(entity=com.fabiocompany.supermercadosdeltaplus.model.Usuario, querySpaceUid=<gen:3>, path=[com.fabiocompany.supermercadosdeltaplus.model.Detalleoferta.detalletickets].<elements>.cabeceraticket.usuario)
                   - EntityAttributeFetchImpl(entity=com.fabiocompany.supermercadosdeltaplus.model.Personausuario, querySpaceUid=<gen:4>, path=[com.fabiocompany.supermercadosdeltaplus.model.Detalleoferta.detalletickets].<elements>.cabeceraticket.usuario.personausuario)
             - EntityAttributeFetchImpl(entity=com.fabiocompany.supermercadosdeltaplus.model.Tipodepago, querySpaceUid=<gen:5>, path=[com.fabiocompany.supermercadosdeltaplus.model.Detalleoferta.detalletickets].<elements>.tipodepago)
    - QuerySpaces
       - CollectionQuerySpaceImpl(uid=<gen:0>, collection=com.fabiocompany.supermercadosdeltaplus.model.Detalleoferta.detalletickets)
          - SQL table alias mapping - detalletic0_
          - alias suffix - 0_
          - suffixed key columns - {iddetall2_1_0_}
          - entity-element alias suffix - 1_
          - 1_entity-element suffixed key columns - iddetall1_2_1_
          - JOIN (JoinDefinedByMetadata(elements)) : <gen:0> -> <gen:1>
             - EntityQuerySpaceImpl(uid=<gen:1>, entity=com.fabiocompany.supermercadosdeltaplus.model.Detalleticket)
                - SQL table alias mapping - detalletic1_
                - alias suffix - 1_
                - suffixed key columns - {iddetall1_2_1_}
                - JOIN (JoinDefinedByMetadata(cabeceraticket)) : <gen:1> -> <gen:2>
                   - EntityQuerySpaceImpl(uid=<gen:2>, entity=com.fabiocompany.supermercadosdeltaplus.model.Cabeceraticket)
                      - SQL table alias mapping - cabecerati2_
                      - alias suffix - 2_
                      - suffixed key columns - {idticket1_0_2_}
                      - JOIN (JoinDefinedByMetadata(usuario)) : <gen:2> -> <gen:3>
                         - EntityQuerySpaceImpl(uid=<gen:3>, entity=com.fabiocompany.supermercadosdeltaplus.model.Usuario)
                            - SQL table alias mapping - usuario3_
                            - alias suffix - 3_
                            - suffixed key columns - {idusuari1_9_3_}
                - JOIN (JoinDefinedByMetadata(tipodepago)) : <gen:1> -> <gen:5>
                   - EntityQuerySpaceImpl(uid=<gen:5>, entity=com.fabiocompany.supermercadosdeltaplus.model.Tipodepago)
                      - SQL table alias mapping - tipodepago4_
                      - alias suffix - 4_
                      - suffixed key columns - {idtipode1_8_4_}

12:17:55.032 [main] DEBUG o.h.l.c.plan.CollectionLoader - Static select for collection com.fabiocompany.supermercadosdeltaplus.model.Detalleoferta.detalletickets: select detalletic0_.iddetalleoferta as iddetall2_1_0_, detalletic0_.iddetalleticket as iddetall1_6_0_, detalletic1_.iddetalleticket as iddetall1_2_1_, detalletic1_.idticket as idticket7_2_1_, detalletic1_.cantidad as cantidad2_2_1_, detalletic1_.cantidadporproducto as cantidad3_2_1_, detalletic1_.montodepago as montodep4_2_1_, detalletic1_.subtotal as subtotal5_2_1_, detalletic1_.idtipodepago as idtipode8_2_1_, detalletic1_.total as total6_2_1_, cabecerati2_.idticket as idticket1_0_2_, cabecerati2_.fecha as fecha2_0_2_, cabecerati2_.idusuario as idusuari3_0_2_, usuario3_.idusuario as idusuari1_9_3_, usuario3_.contraseniausuario as contrase2_9_3_, usuario3_.nombreusuario as nombreus3_9_3_, usuario3_.tipodeusuario as tipodeus4_9_3_, tipodepago4_.idtipodepago as idtipode1_8_4_, tipodepago4_.descripciontipodepago as descripc2_8_4_ from ticketsyofertas detalletic0_ inner join detalleticket detalletic1_ on detalletic0_.iddetalleticket=detalletic1_.iddetalleticket left outer join cabeceraticket cabecerati2_ on detalletic1_.idticket=cabecerati2_.idticket left outer join usuario usuario3_ on cabecerati2_.idusuario=usuario3_.idusuario left outer join tipodepago tipodepago4_ on detalletic1_.idtipodepago=tipodepago4_.idtipodepago where detalletic0_.iddetalleoferta=?
12:17:55.036 [main] DEBUG o.h.internal.SessionFactoryRegistry - Initializing SessionFactoryRegistry : org.hibernate.internal.SessionFactoryRegistry@68b6f0d6
12:17:55.040 [main] DEBUG o.h.internal.SessionFactoryRegistry - Registering SessionFactory: a2a7848b-2d75-4588-8979-df85cc6182c9 (<unnamed>)
12:17:55.040 [main] DEBUG o.h.internal.SessionFactoryRegistry - Not binding SessionFactory to JNDI, no JNDI name configured
12:17:55.040 [main] DEBUG o.h.internal.SessionFactoryImpl - Instantiated session factory
12:17:55.050 [main] DEBUG org.hibernate.cfg.Configuration - Processing hbm.xml files
12:17:55.051 [main] DEBUG org.hibernate.cfg.Configuration - Process annotated classes
12:17:55.051 [main] DEBUG org.hibernate.cfg.Configuration - Processing fk mappings (*ToOne and JoinedSubclass)
12:17:55.051 [main] DEBUG org.hibernate.cfg.Configuration - Processing extends queue
12:17:55.051 [main] DEBUG org.hibernate.cfg.Configuration - Processing extends queue
12:17:55.051 [main] DEBUG org.hibernate.cfg.Configuration - Processing collection mappings
12:17:55.051 [main] DEBUG org.hibernate.cfg.Configuration - Processing native query and ResultSetMapping mappings
12:17:55.051 [main] DEBUG org.hibernate.cfg.Configuration - Processing association property references
12:17:55.051 [main] DEBUG org.hibernate.cfg.Configuration - Creating tables' unique integer identifiers
12:17:55.051 [main] DEBUG org.hibernate.cfg.Configuration - Processing foreign key constraints
12:17:55.052 [main] DEBUG org.hibernate.cfg.Configuration - Resolving reference to class: com.fabiocompany.supermercadosdeltaplus.model.Usuario
12:17:55.052 [main] DEBUG org.hibernate.cfg.Configuration - Resolving reference to class: com.fabiocompany.supermercadosdeltaplus.model.Cabeceraticket
12:17:55.052 [main] DEBUG org.hibernate.cfg.Configuration - Resolving reference to class: com.fabiocompany.supermercadosdeltaplus.model.Tipodepago
12:17:55.052 [main] DEBUG org.hibernate.cfg.Configuration - Resolving reference to class: com.fabiocompany.supermercadosdeltaplus.model.Tipodepago
12:17:55.052 [main] DEBUG org.hibernate.cfg.Configuration - Resolving reference to class: com.fabiocompany.supermercadosdeltaplus.model.Detalleoferta
12:17:55.052 [main] DEBUG org.hibernate.cfg.Configuration - Resolving reference to class: com.fabiocompany.supermercadosdeltaplus.model.Detalleticket
12:17:55.052 [main] DEBUG org.hibernate.cfg.Configuration - Resolving reference to class: com.fabiocompany.supermercadosdeltaplus.model.Producto
12:17:55.053 [main] DEBUG org.hibernate.cfg.Configuration - Resolving reference to class: com.fabiocompany.supermercadosdeltaplus.model.Detalleticket
12:17:55.053 [main] DEBUG o.h.i.f.i.DefaultIdentifierGeneratorFactory - Setting dialect [org.hibernate.dialect.MySQLDialect]
12:17:55.058 [main] DEBUG o.h.i.f.i.DefaultIdentifierGeneratorFactory - Setting dialect [org.hibernate.dialect.MySQLDialect]
12:17:55.058 [main] DEBUG o.h.i.f.i.DefaultIdentifierGeneratorFactory - Setting dialect [org.hibernate.dialect.MySQLDialect]
12:17:55.059 [main] DEBUG o.h.i.f.i.DefaultIdentifierGeneratorFactory - Setting dialect [org.hibernate.dialect.MySQLDialect]
12:17:55.059 [main] DEBUG o.h.i.f.i.DefaultIdentifierGeneratorFactory - Setting dialect [org.hibernate.dialect.MySQLDialect]
12:17:55.059 [main] DEBUG o.h.i.f.i.DefaultIdentifierGeneratorFactory - Setting dialect [org.hibernate.dialect.MySQLDialect]
12:17:55.059 [main] DEBUG o.h.i.f.i.DefaultIdentifierGeneratorFactory - Setting dialect [org.hibernate.dialect.MySQLDialect]
12:17:55.059 [main] DEBUG o.h.i.f.i.DefaultIdentifierGeneratorFactory - Setting dialect [org.hibernate.dialect.MySQLDialect]
12:17:55.060 [main] DEBUG org.hibernate.cfg.Configuration - Processing hbm.xml files
12:17:55.060 [main] DEBUG org.hibernate.cfg.Configuration - Process annotated classes
12:17:55.061 [main] DEBUG org.hibernate.cfg.Configuration - Processing fk mappings (*ToOne and JoinedSubclass)
12:17:55.061 [main] DEBUG org.hibernate.cfg.Configuration - Processing extends queue
12:17:55.061 [main] DEBUG org.hibernate.cfg.Configuration - Processing extends queue
12:17:55.061 [main] DEBUG org.hibernate.cfg.Configuration - Processing collection mappings
12:17:55.061 [main] DEBUG org.hibernate.cfg.Configuration - Processing native query and ResultSetMapping mappings
12:17:55.061 [main] DEBUG org.hibernate.cfg.Configuration - Processing association property references
12:17:55.061 [main] DEBUG org.hibernate.cfg.Configuration - Creating tables' unique integer identifiers
12:17:55.061 [main] DEBUG org.hibernate.cfg.Configuration - Processing foreign key constraints
12:17:55.061 [main] DEBUG org.hibernate.cfg.Configuration - Resolving reference to class: com.fabiocompany.supermercadosdeltaplus.model.Usuario
12:17:55.062 [main] DEBUG org.hibernate.cfg.Configuration - Resolving reference to class: com.fabiocompany.supermercadosdeltaplus.model.Cabeceraticket
12:17:55.062 [main] DEBUG org.hibernate.cfg.Configuration - Resolving reference to class: com.fabiocompany.supermercadosdeltaplus.model.Tipodepago
12:17:55.062 [main] DEBUG org.hibernate.cfg.Configuration - Resolving reference to class: com.fabiocompany.supermercadosdeltaplus.model.Tipodepago
12:17:55.062 [main] DEBUG org.hibernate.cfg.Configuration - Resolving reference to class: com.fabiocompany.supermercadosdeltaplus.model.Detalleoferta
12:17:55.062 [main] DEBUG org.hibernate.cfg.Configuration - Resolving reference to class: com.fabiocompany.supermercadosdeltaplus.model.Detalleticket
12:17:55.062 [main] DEBUG org.hibernate.cfg.Configuration - Resolving reference to class: com.fabiocompany.supermercadosdeltaplus.model.Producto
12:17:55.062 [main] DEBUG org.hibernate.cfg.Configuration - Resolving reference to class: com.fabiocompany.supermercadosdeltaplus.model.Detalleticket
12:17:55.063 [main] DEBUG o.h.i.f.i.DefaultIdentifierGeneratorFactory - Setting dialect [org.hibernate.dialect.MySQLDialect]
12:17:55.063 [main] DEBUG o.h.i.f.i.DefaultIdentifierGeneratorFactory - Setting dialect [org.hibernate.dialect.MySQLDialect]
12:17:55.064 [main] DEBUG o.h.i.f.i.DefaultIdentifierGeneratorFactory - Setting dialect [org.hibernate.dialect.MySQLDialect]
12:17:55.066 [main] DEBUG o.h.i.f.i.DefaultIdentifierGeneratorFactory - Setting dialect [org.hibernate.dialect.MySQLDialect]
12:17:55.067 [main] DEBUG o.h.i.f.i.DefaultIdentifierGeneratorFactory - Setting dialect [org.hibernate.dialect.MySQLDialect]
12:17:55.067 [main] DEBUG o.h.i.f.i.DefaultIdentifierGeneratorFactory - Setting dialect [org.hibernate.dialect.MySQLDialect]
12:17:55.067 [main] DEBUG o.h.i.f.i.DefaultIdentifierGeneratorFactory - Setting dialect [org.hibernate.dialect.MySQLDialect]
12:17:55.068 [main] DEBUG o.h.i.f.i.DefaultIdentifierGeneratorFactory - Setting dialect [org.hibernate.dialect.MySQLDialect]
12:17:55.069 [main] DEBUG o.h.i.f.i.DefaultIdentifierGeneratorFactory - Setting dialect [org.hibernate.dialect.MySQLDialect]
12:17:55.071 [main] DEBUG o.h.i.f.i.DefaultIdentifierGeneratorFactory - Setting dialect [org.hibernate.dialect.MySQLDialect]
12:17:55.072 [main] DEBUG o.h.i.f.i.DefaultIdentifierGeneratorFactory - Setting dialect [org.hibernate.dialect.MySQLDialect]
12:17:55.072 [main] DEBUG o.h.i.f.i.DefaultIdentifierGeneratorFactory - Setting dialect [org.hibernate.dialect.MySQLDialect]
12:17:55.073 [main] DEBUG o.h.i.f.i.DefaultIdentifierGeneratorFactory - Setting dialect [org.hibernate.dialect.MySQLDialect]
12:17:55.073 [main] DEBUG o.h.i.f.i.DefaultIdentifierGeneratorFactory - Setting dialect [org.hibernate.dialect.MySQLDialect]
12:17:55.073 [main] DEBUG o.h.i.f.i.DefaultIdentifierGeneratorFactory - Setting dialect [org.hibernate.dialect.MySQLDialect]
12:17:55.073 [main] DEBUG o.h.i.f.i.DefaultIdentifierGeneratorFactory - Setting dialect [org.hibernate.dialect.MySQLDialect]
12:17:55.075 [main] INFO  o.h.tool.hbm2ddl.SchemaExport - HHH000227: Running hbm2ddl schema export
12:17:55.076 [main] DEBUG o.h.tool.hbm2ddl.SchemaExport - Import file not found: /import.sql
12:17:55.078 [main] DEBUG c.m.v.c.i.C3P0PooledConnectionPool - Testing PooledConnection [com.mchange.v2.c3p0.impl.NewPooledConnection@2404ba2c] on CHECKOUT.
12:17:55.095 [main] DEBUG c.m.v.c3p0.stmt.GooGooStatementCache - checkinAll(): com.mchange.v2.c3p0.stmt.GlobalMaxOnlyStatementCache stats -- total size: 0; checked out: 0; num connections: 0; num keys: 0
12:17:55.095 [main] DEBUG c.m.v.c.i.C3P0PooledConnectionPool - Test of PooledConnection [com.mchange.v2.c3p0.impl.NewPooledConnection@2404ba2c] on CHECKOUT has SUCCEEDED.
12:17:55.095 [main] DEBUG c.m.v.resourcepool.BasicResourcePool - trace com.mchange.v2.resourcepool.BasicResourcePool@60015ef5 [managed: 5, unused: 4, excluded: 0] (e.g. com.mchange.v2.c3p0.impl.NewPooledConnection@6630510f)
12:17:55.106 [main] DEBUG org.hibernate.SQL - 
    alter table cabeceraticket 
        drop 
        foreign key FK_qui7ixjy3hjmayulkuek5yuwr
Hibernate: 
    alter table cabeceraticket 
        drop 
        foreign key FK_qui7ixjy3hjmayulkuek5yuwr
12:17:55.231 [main] DEBUG org.hibernate.SQL - 
    alter table detalleticket 
        drop 
        foreign key FK_15yxgmo96f96jiiqc2u3njuhs
Hibernate: 
    alter table detalleticket 
        drop 
        foreign key FK_15yxgmo96f96jiiqc2u3njuhs
12:17:55.323 [main] DEBUG org.hibernate.SQL - 
    alter table detalleticket 
        drop 
        foreign key FK_1ut6nit8eqoshirpgqdaopwmr
Hibernate: 
    alter table detalleticket 
        drop 
        foreign key FK_1ut6nit8eqoshirpgqdaopwmr
12:17:55.424 [main] DEBUG org.hibernate.SQL - 
    alter table tarjeta 
        drop 
        foreign key FK_t9n19g2g52f57st0tvswpx6na
Hibernate: 
    alter table tarjeta 
        drop 
        foreign key FK_t9n19g2g52f57st0tvswpx6na
12:17:55.502 [main] DEBUG org.hibernate.SQL - 
    alter table ticketsyofertas 
        drop 
        foreign key FK_l1nov9sn9queoor19q2y1ujc4
Hibernate: 
    alter table ticketsyofertas 
        drop 
        foreign key FK_l1nov9sn9queoor19q2y1ujc4
12:17:55.603 [main] DEBUG org.hibernate.SQL - 
    alter table ticketsyofertas 
        drop 
        foreign key FK_i2dcekvfv4h2ng1n4kmq8ljl8
Hibernate: 
    alter table ticketsyofertas 
        drop 
        foreign key FK_i2dcekvfv4h2ng1n4kmq8ljl8
12:17:55.692 [main] DEBUG org.hibernate.SQL - 
    alter table ticketsyproductos 
        drop 
        foreign key FK_50t6yq5kid4npqbhdr4a1etua
Hibernate: 
    alter table ticketsyproductos 
        drop 
        foreign key FK_50t6yq5kid4npqbhdr4a1etua
12:17:55.782 [main] DEBUG org.hibernate.SQL - 
    alter table ticketsyproductos 
        drop 
        foreign key FK_n7lvm0x8cnv4jxrhfpkp2toek
Hibernate: 
    alter table ticketsyproductos 
        drop 
        foreign key FK_n7lvm0x8cnv4jxrhfpkp2toek
12:17:55.894 [main] DEBUG org.hibernate.SQL - 
    drop table if exists cabeceraticket
Hibernate: 
    drop table if exists cabeceraticket
12:17:56.184 [main] DEBUG org.hibernate.SQL - 
    drop table if exists detalleoferta
Hibernate: 
    drop table if exists detalleoferta
12:17:56.464 [main] DEBUG org.hibernate.SQL - 
    drop table if exists detalleticket
Hibernate: 
    drop table if exists detalleticket
12:17:56.743 [main] DEBUG org.hibernate.SQL - 
    drop table if exists personausuario
Hibernate: 
    drop table if exists personausuario
12:17:56.935 [main] DEBUG org.hibernate.SQL - 
    drop table if exists producto
Hibernate: 
    drop table if exists producto
12:17:57.114 [main] DEBUG org.hibernate.SQL - 
    drop table if exists tarjeta
Hibernate: 
    drop table if exists tarjeta
12:17:57.405 [main] DEBUG org.hibernate.SQL - 
    drop table if exists ticketsyofertas
Hibernate: 
    drop table if exists ticketsyofertas
12:17:57.584 [main] DEBUG org.hibernate.SQL - 
    drop table if exists ticketsyproductos
Hibernate: 
    drop table if exists ticketsyproductos
12:17:57.763 [main] DEBUG org.hibernate.SQL - 
    drop table if exists tipodepago
Hibernate: 
    drop table if exists tipodepago
12:17:57.953 [main] DEBUG org.hibernate.SQL - 
    drop table if exists usuario
Hibernate: 
    drop table if exists usuario
12:17:58.299 [main] DEBUG org.hibernate.SQL - 
    create table cabeceraticket (
        idticket integer not null auto_increment,
        fecha varchar(255),
        idusuario integer,
        primary key (idticket)
    )
Hibernate: 
    create table cabeceraticket (
        idticket integer not null auto_increment,
        fecha varchar(255),
        idusuario integer,
        primary key (idticket)
    )
12:17:58.656 [main] DEBUG org.hibernate.SQL - 
    create table detalleoferta (
        iddetalleoferta integer not null auto_increment,
        descripciondepromocion varchar(255),
        montodedescuento double precision,
        primary key (iddetalleoferta)
    )
Hibernate: 
    create table detalleoferta (
        iddetalleoferta integer not null auto_increment,
        descripciondepromocion varchar(255),
        montodedescuento double precision,
        primary key (iddetalleoferta)
    )
12:17:59.004 [main] DEBUG org.hibernate.SQL - 
    create table detalleticket (
        iddetalleticket integer not null auto_increment,
        cantidad integer,
        cantidadporproducto integer,
        montodepago double precision,
        subtotal double precision,
        total double precision,
        idticket integer,
        idtipodepago integer,
        primary key (iddetalleticket)
    )
Hibernate: 
    create table detalleticket (
        iddetalleticket integer not null auto_increment,
        cantidad integer,
        cantidadporproducto integer,
        montodepago double precision,
        subtotal double precision,
        total double precision,
        idticket integer,
        idtipodepago integer,
        primary key (iddetalleticket)
    )
12:17:59.394 [main] DEBUG org.hibernate.SQL - 
    create table personausuario (
        idpersonausuario integer not null auto_increment,
        correo varchar(255),
        dnipersonausuario varchar(255),
        nombrepersonausuario varchar(255),
        numerodetelefono varchar(255),
        primary key (idpersonausuario)
    )
Hibernate: 
    create table personausuario (
        idpersonausuario integer not null auto_increment,
        correo varchar(255),
        dnipersonausuario varchar(255),
        nombrepersonausuario varchar(255),
        numerodetelefono varchar(255),
        primary key (idpersonausuario)
    )
12:17:59.774 [main] DEBUG org.hibernate.SQL - 
    create table producto (
        idproducto integer not null auto_increment,
        descripcion varchar(255),
        precio double precision,
        primary key (idproducto)
    )
Hibernate: 
    create table producto (
        idproducto integer not null auto_increment,
        descripcion varchar(255),
        precio double precision,
        primary key (idproducto)
    )
12:18:00.109 [main] DEBUG org.hibernate.SQL - 
    create table tarjeta (
        idtarjeta integer not null auto_increment,
        nombretarjeta varchar(255),
        numtarjeta varchar(255),
        idtipodepago integer,
        primary key (idtarjeta)
    )
Hibernate: 
    create table tarjeta (
        idtarjeta integer not null auto_increment,
        nombretarjeta varchar(255),
        numtarjeta varchar(255),
        idtipodepago integer,
        primary key (idtarjeta)
    )
12:18:00.622 [main] DEBUG org.hibernate.SQL - 
    create table ticketsyofertas (
        iddetalleticket integer not null,
        iddetalleoferta integer not null,
        primary key (iddetalleticket, iddetalleoferta)
    )
Hibernate: 
    create table ticketsyofertas (
        iddetalleticket integer not null,
        iddetalleoferta integer not null,
        primary key (iddetalleticket, iddetalleoferta)
    )
12:18:00.979 [main] DEBUG org.hibernate.SQL - 
    create table ticketsyproductos (
        iddetalleticket integer not null,
        idproducto integer not null,
        primary key (iddetalleticket, idproducto)
    )
Hibernate: 
    create table ticketsyproductos (
        iddetalleticket integer not null,
        idproducto integer not null,
        primary key (iddetalleticket, idproducto)
    )
12:18:01.327 [main] DEBUG org.hibernate.SQL - 
    create table tipodepago (
        idtipodepago integer not null auto_increment,
        descripciontipodepago varchar(255),
        primary key (idtipodepago)
    )
Hibernate: 
    create table tipodepago (
        idtipodepago integer not null auto_increment,
        descripciontipodepago varchar(255),
        primary key (idtipodepago)
    )
12:18:01.684 [main] DEBUG org.hibernate.SQL - 
    create table usuario (
        idusuario integer not null auto_increment,
        contraseniausuario varchar(255),
        nombreusuario varchar(255),
        tipodeusuario varchar(255),
        primary key (idusuario)
    )
Hibernate: 
    create table usuario (
        idusuario integer not null auto_increment,
        contraseniausuario varchar(255),
        nombreusuario varchar(255),
        tipodeusuario varchar(255),
        primary key (idusuario)
    )
12:18:01.965 [main] DEBUG org.hibernate.SQL - 
    alter table cabeceraticket 
        add constraint FK_qui7ixjy3hjmayulkuek5yuwr 
        foreign key (idusuario) 
        references usuario (idusuario)
Hibernate: 
    alter table cabeceraticket 
        add constraint FK_qui7ixjy3hjmayulkuek5yuwr 
        foreign key (idusuario) 
        references usuario (idusuario)
12:18:02.518 [C3P0PooledConnectionPoolManager[identityToken->z8kfsx9q1mn9mp41y4yien|131ef10]-AdminTaskTimer] DEBUG c.m.v.a.ThreadPoolAsynchronousRunner - com.mchange.v2.async.ThreadPoolAsynchronousRunner$DeadlockDetector@32b645b7 -- Running DeadlockDetector[Exiting. No pending tasks.]
12:18:02.573 [C3P0PooledConnectionPoolManager[identityToken->z8kfsx9q1mn9mp41y4yien|131ef10]-AdminTaskTimer] DEBUG c.m.v.resourcepool.BasicResourcePool - Refurbishing idle resources - Sat Sep 30 12:18:02 ART 2017 [com.mchange.v2.resourcepool.BasicResourcePool@60015ef5]
12:18:02.574 [C3P0PooledConnectionPoolManager[identityToken->z8kfsx9q1mn9mp41y4yien|131ef10]-AdminTaskTimer] DEBUG c.m.v.a.ThreadPoolAsynchronousRunner - com.mchange.v2.async.ThreadPoolAsynchronousRunner@4470f8a6: Adding task to queue -- com.mchange.v2.resourcepool.BasicResourcePool$AsyncTestIdleResourceTask@7d4ca7aa
12:18:02.574 [C3P0PooledConnectionPoolManager[identityToken->z8kfsx9q1mn9mp41y4yien|131ef10]-AdminTaskTimer] DEBUG c.m.v.a.ThreadPoolAsynchronousRunner - com.mchange.v2.async.ThreadPoolAsynchronousRunner@4470f8a6: Adding task to queue -- com.mchange.v2.resourcepool.BasicResourcePool$AsyncTestIdleResourceTask@7dd7ce49
12:18:02.574 [C3P0PooledConnectionPoolManager[identityToken->z8kfsx9q1mn9mp41y4yien|131ef10]-AdminTaskTimer] DEBUG c.m.v.a.ThreadPoolAsynchronousRunner - com.mchange.v2.async.ThreadPoolAsynchronousRunner@4470f8a6: Adding task to queue -- com.mchange.v2.resourcepool.BasicResourcePool$AsyncTestIdleResourceTask@4c7bf947
12:18:02.574 [C3P0PooledConnectionPoolManager[identityToken->z8kfsx9q1mn9mp41y4yien|131ef10]-AdminTaskTimer] DEBUG c.m.v.a.ThreadPoolAsynchronousRunner - com.mchange.v2.async.ThreadPoolAsynchronousRunner@4470f8a6: Adding task to queue -- com.mchange.v2.resourcepool.BasicResourcePool$AsyncTestIdleResourceTask@50ace19
12:18:02.574 [C3P0PooledConnectionPoolManager[identityToken->z8kfsx9q1mn9mp41y4yien|131ef10]-AdminTaskTimer] DEBUG c.m.v.resourcepool.BasicResourcePool - trace com.mchange.v2.resourcepool.BasicResourcePool@60015ef5 [managed: 5, unused: 4, excluded: 0] (e.g. com.mchange.v2.c3p0.impl.NewPooledConnection@6630510f)
12:18:02.574 [C3P0PooledConnectionPoolManager[identityToken->z8kfsx9q1mn9mp41y4yien|131ef10]-HelperThread-#2] DEBUG c.m.v.c.i.C3P0PooledConnectionPool - Testing PooledConnection [com.mchange.v2.c3p0.impl.NewPooledConnection@4d3be76f] on IDLE CHECK.
12:18:02.576 [C3P0PooledConnectionPoolManager[identityToken->z8kfsx9q1mn9mp41y4yien|131ef10]-HelperThread-#1] DEBUG c.m.v.c.i.C3P0PooledConnectionPool - Testing PooledConnection [com.mchange.v2.c3p0.impl.NewPooledConnection@62ce4d88] on IDLE CHECK.
12:18:02.576 [C3P0PooledConnectionPoolManager[identityToken->z8kfsx9q1mn9mp41y4yien|131ef10]-HelperThread-#0] DEBUG c.m.v.c.i.C3P0PooledConnectionPool - Testing PooledConnection [com.mchange.v2.c3p0.impl.NewPooledConnection@470c3fb7] on IDLE CHECK.
12:18:02.576 [C3P0PooledConnectionPoolManager[identityToken->z8kfsx9q1mn9mp41y4yien|131ef10]-HelperThread-#2] DEBUG c.m.v.c3p0.stmt.GooGooStatementCache - checkinAll(): com.mchange.v2.c3p0.stmt.GlobalMaxOnlyStatementCache stats -- total size: 0; checked out: 0; num connections: 0; num keys: 0
12:18:02.576 [C3P0PooledConnectionPoolManager[identityToken->z8kfsx9q1mn9mp41y4yien|131ef10]-HelperThread-#2] DEBUG c.m.v.c.i.C3P0PooledConnectionPool - Test of PooledConnection [com.mchange.v2.c3p0.impl.NewPooledConnection@4d3be76f] on IDLE CHECK has SUCCEEDED.
12:18:02.576 [C3P0PooledConnectionPoolManager[identityToken->z8kfsx9q1mn9mp41y4yien|131ef10]-HelperThread-#2] DEBUG c.m.v.c.i.C3P0PooledConnectionPool - Testing PooledConnection [com.mchange.v2.c3p0.impl.NewPooledConnection@6630510f] on IDLE CHECK.
12:18:02.576 [C3P0PooledConnectionPoolManager[identityToken->z8kfsx9q1mn9mp41y4yien|131ef10]-HelperThread-#1] DEBUG c.m.v.c3p0.stmt.GooGooStatementCache - checkinAll(): com.mchange.v2.c3p0.stmt.GlobalMaxOnlyStatementCache stats -- total size: 0; checked out: 0; num connections: 0; num keys: 0
12:18:02.577 [C3P0PooledConnectionPoolManager[identityToken->z8kfsx9q1mn9mp41y4yien|131ef10]-HelperThread-#0] DEBUG c.m.v.c3p0.stmt.GooGooStatementCache - checkinAll(): com.mchange.v2.c3p0.stmt.GlobalMaxOnlyStatementCache stats -- total size: 0; checked out: 0; num connections: 0; num keys: 0
12:18:02.577 [C3P0PooledConnectionPoolManager[identityToken->z8kfsx9q1mn9mp41y4yien|131ef10]-HelperThread-#1] DEBUG c.m.v.c.i.C3P0PooledConnectionPool - Test of PooledConnection [com.mchange.v2.c3p0.impl.NewPooledConnection@62ce4d88] on IDLE CHECK has SUCCEEDED.
12:18:02.577 [C3P0PooledConnectionPoolManager[identityToken->z8kfsx9q1mn9mp41y4yien|131ef10]-HelperThread-#0] DEBUG c.m.v.c.i.C3P0PooledConnectionPool - Test of PooledConnection [com.mchange.v2.c3p0.impl.NewPooledConnection@470c3fb7] on IDLE CHECK has SUCCEEDED.
12:18:02.578 [C3P0PooledConnectionPoolManager[identityToken->z8kfsx9q1mn9mp41y4yien|131ef10]-HelperThread-#2] DEBUG c.m.v.c3p0.stmt.GooGooStatementCache - checkinAll(): com.mchange.v2.c3p0.stmt.GlobalMaxOnlyStatementCache stats -- total size: 0; checked out: 0; num connections: 0; num keys: 0
12:18:02.578 [C3P0PooledConnectionPoolManager[identityToken->z8kfsx9q1mn9mp41y4yien|131ef10]-HelperThread-#2] DEBUG c.m.v.c.i.C3P0PooledConnectionPool - Test of PooledConnection [com.mchange.v2.c3p0.impl.NewPooledConnection@6630510f] on IDLE CHECK has SUCCEEDED.
12:18:03.002 [main] DEBUG org.hibernate.SQL - 
    alter table detalleticket 
        add constraint FK_15yxgmo96f96jiiqc2u3njuhs 
        foreign key (idticket) 
        references cabeceraticket (idticket)
Hibernate: 
    alter table detalleticket 
        add constraint FK_15yxgmo96f96jiiqc2u3njuhs 
        foreign key (idticket) 
        references cabeceraticket (idticket)
12:18:03.908 [main] DEBUG org.hibernate.SQL - 
    alter table detalleticket 
        add constraint FK_1ut6nit8eqoshirpgqdaopwmr 
        foreign key (idtipodepago) 
        references tipodepago (idtipodepago)
Hibernate: 
    alter table detalleticket 
        add constraint FK_1ut6nit8eqoshirpgqdaopwmr 
        foreign key (idtipodepago) 
        references tipodepago (idtipodepago)
12:18:04.767 [main] DEBUG org.hibernate.SQL - 
    alter table tarjeta 
        add constraint FK_t9n19g2g52f57st0tvswpx6na 
        foreign key (idtipodepago) 
        references tipodepago (idtipodepago)
Hibernate: 
    alter table tarjeta 
        add constraint FK_t9n19g2g52f57st0tvswpx6na 
        foreign key (idtipodepago) 
        references tipodepago (idtipodepago)
12:18:05.893 [main] DEBUG org.hibernate.SQL - 
    alter table ticketsyofertas 
        add constraint FK_l1nov9sn9queoor19q2y1ujc4 
        foreign key (iddetalleoferta) 
        references detalleoferta (iddetalleoferta)
Hibernate: 
    alter table ticketsyofertas 
        add constraint FK_l1nov9sn9queoor19q2y1ujc4 
        foreign key (iddetalleoferta) 
        references detalleoferta (iddetalleoferta)
12:18:06.869 [main] DEBUG org.hibernate.SQL - 
    alter table ticketsyofertas 
        add constraint FK_i2dcekvfv4h2ng1n4kmq8ljl8 
        foreign key (iddetalleticket) 
        references detalleticket (iddetalleticket)
Hibernate: 
    alter table ticketsyofertas 
        add constraint FK_i2dcekvfv4h2ng1n4kmq8ljl8 
        foreign key (iddetalleticket) 
        references detalleticket (iddetalleticket)
12:18:07.883 [main] DEBUG org.hibernate.SQL - 
    alter table ticketsyproductos 
        add constraint FK_50t6yq5kid4npqbhdr4a1etua 
        foreign key (idproducto) 
        references producto (idproducto)
Hibernate: 
    alter table ticketsyproductos 
        add constraint FK_50t6yq5kid4npqbhdr4a1etua 
        foreign key (idproducto) 
        references producto (idproducto)
12:18:08.868 [main] DEBUG org.hibernate.SQL - 
    alter table ticketsyproductos 
        add constraint FK_n7lvm0x8cnv4jxrhfpkp2toek 
        foreign key (iddetalleticket) 
        references detalleticket (iddetalleticket)
Hibernate: 
    alter table ticketsyproductos 
        add constraint FK_n7lvm0x8cnv4jxrhfpkp2toek 
        foreign key (iddetalleticket) 
        references detalleticket (iddetalleticket)
12:18:09.784 [main] DEBUG c.m.v.c3p0.stmt.GooGooStatementCache - checkinAll(): com.mchange.v2.c3p0.stmt.GlobalMaxOnlyStatementCache stats -- total size: 0; checked out: 0; num connections: 0; num keys: 0
12:18:09.784 [main] DEBUG c.m.v.a.ThreadPoolAsynchronousRunner - com.mchange.v2.async.ThreadPoolAsynchronousRunner@4470f8a6: Adding task to queue -- com.mchange.v2.resourcepool.BasicResourcePool$1RefurbishCheckinResourceTask@24b6b8f6
12:18:09.784 [main] DEBUG c.m.v.resourcepool.BasicResourcePool - trace com.mchange.v2.resourcepool.BasicResourcePool@60015ef5 [managed: 5, unused: 4, excluded: 0] (e.g. com.mchange.v2.c3p0.impl.NewPooledConnection@6630510f)
12:18:09.785 [C3P0PooledConnectionPoolManager[identityToken->z8kfsx9q1mn9mp41y4yien|131ef10]-HelperThread-#2] DEBUG c.m.v.c3p0.stmt.GooGooStatementCache - checkinAll(): com.mchange.v2.c3p0.stmt.GlobalMaxOnlyStatementCache stats -- total size: 0; checked out: 0; num connections: 0; num keys: 0
12:18:09.785 [main] INFO  o.h.tool.hbm2ddl.SchemaExport - HHH000230: Schema export complete
12:18:09.789 [main] DEBUG o.h.internal.NamedQueryRepository - Checking 0 named HQL queries
12:18:09.790 [main] DEBUG o.h.internal.NamedQueryRepository - Checking 0 named SQL queries
12:18:09.797 [main] DEBUG o.h.s.internal.StatisticsInitiator - Statistics initialized [enabled=false]
12:18:09.860 [main] DEBUG o.h.e.t.spi.AbstractTransactionImpl - begin
12:18:09.860 [main] DEBUG o.h.e.j.i.LogicalConnectionImpl - Obtaining JDBC connection
12:18:09.861 [main] DEBUG c.m.v.c.i.C3P0PooledConnectionPool - Testing PooledConnection [com.mchange.v2.c3p0.impl.NewPooledConnection@2404ba2c] on CHECKOUT.
12:18:09.861 [main] DEBUG c.m.v.c3p0.stmt.GooGooStatementCache - checkinAll(): com.mchange.v2.c3p0.stmt.GlobalMaxOnlyStatementCache stats -- total size: 0; checked out: 0; num connections: 0; num keys: 0
12:18:09.862 [main] DEBUG c.m.v.c.i.C3P0PooledConnectionPool - Test of PooledConnection [com.mchange.v2.c3p0.impl.NewPooledConnection@2404ba2c] on CHECKOUT has SUCCEEDED.
12:18:09.862 [main] DEBUG c.m.v.resourcepool.BasicResourcePool - trace com.mchange.v2.resourcepool.BasicResourcePool@60015ef5 [managed: 5, unused: 4, excluded: 0] (e.g. com.mchange.v2.c3p0.impl.NewPooledConnection@6630510f)
12:18:09.862 [main] DEBUG o.h.e.j.i.LogicalConnectionImpl - Obtained JDBC connection
12:18:09.862 [main] DEBUG o.h.e.t.i.jdbc.JdbcTransaction - initial autocommit status: false
12:18:09.969 [main] DEBUG org.hibernate.engine.spi.ActionQueue - Executing identity-insert immediately
12:18:09.976 [main] DEBUG org.hibernate.SQL - 
    insert 
    into
        usuario
        (contraseniausuario, nombreusuario, tipodeusuario) 
    values
        (?, ?, ?)
Hibernate: 
    insert 
    into
        usuario
        (contraseniausuario, nombreusuario, tipodeusuario) 
    values
        (?, ?, ?)
12:18:09.982 [main] DEBUG c.m.v.a.ThreadPoolAsynchronousRunner - com.mchange.v2.async.ThreadPoolAsynchronousRunner@4470f8a6: Adding task to queue -- com.mchange.v2.c3p0.stmt.GooGooStatementCache$1StmtAcquireTask@191ae03f
12:18:10.010 [main] DEBUG c.m.v.c3p0.stmt.GooGooStatementCache - cxnStmtMgr.statementSet( com.mysql.jdbc.JDBC4Connection@6f71b294 ).size(): 1
12:18:10.010 [main] DEBUG c.m.v.c3p0.stmt.GooGooStatementCache - checkoutStatement: com.mchange.v2.c3p0.stmt.GlobalMaxOnlyStatementCache stats -- total size: 1; checked out: 1; num connections: 1; num keys: 1
12:18:10.029 [main] DEBUG o.h.id.IdentifierGeneratorHelper - Natively generated identity: 1
12:18:10.032 [main] DEBUG c.m.v.c3p0.stmt.GooGooStatementCache - checkinStatement(): com.mchange.v2.c3p0.stmt.GlobalMaxOnlyStatementCache stats -- total size: 1; checked out: 0; num connections: 1; num keys: 1
12:18:10.039 [main] DEBUG org.hibernate.engine.spi.ActionQueue - Executing identity-insert immediately
12:18:10.039 [main] DEBUG org.hibernate.SQL - 
    insert 
    into
        personausuario
        (correo, dnipersonausuario, nombrepersonausuario, numerodetelefono) 
    values
        (?, ?, ?, ?)
Hibernate: 
    insert 
    into
        personausuario
        (correo, dnipersonausuario, nombrepersonausuario, numerodetelefono) 
    values
        (?, ?, ?, ?)
12:18:10.040 [main] DEBUG c.m.v.a.ThreadPoolAsynchronousRunner - com.mchange.v2.async.ThreadPoolAsynchronousRunner@4470f8a6: Adding task to queue -- com.mchange.v2.c3p0.stmt.GooGooStatementCache$1StmtAcquireTask@2552f2cb
12:18:10.041 [main] DEBUG c.m.v.c3p0.stmt.GooGooStatementCache - cxnStmtMgr.statementSet( com.mysql.jdbc.JDBC4Connection@6f71b294 ).size(): 2
12:18:10.041 [main] DEBUG c.m.v.c3p0.stmt.GooGooStatementCache - checkoutStatement: com.mchange.v2.c3p0.stmt.GlobalMaxOnlyStatementCache stats -- total size: 2; checked out: 1; num connections: 1; num keys: 2
12:18:10.043 [main] DEBUG o.h.id.IdentifierGeneratorHelper - Natively generated identity: 1
12:18:10.044 [main] DEBUG c.m.v.c3p0.stmt.GooGooStatementCache - checkinStatement(): com.mchange.v2.c3p0.stmt.GlobalMaxOnlyStatementCache stats -- total size: 2; checked out: 0; num connections: 1; num keys: 2
12:18:10.047 [main] DEBUG o.h.e.t.spi.AbstractTransactionImpl - committing
12:18:10.049 [main] DEBUG o.h.e.i.AbstractFlushingEventListener - Processing flush-time cascades
12:18:10.050 [main] DEBUG o.h.e.i.AbstractFlushingEventListener - Dirty checking collections
12:18:10.056 [main] DEBUG o.h.engine.internal.Collections - Collection found: [com.fabiocompany.supermercadosdeltaplus.model.Usuario.cabeceratickets#1], was: [<unreferenced>] (initialized)
12:18:10.059 [main] DEBUG o.h.e.i.AbstractFlushingEventListener - Flushed: 0 insertions, 0 updates, 0 deletions to 2 objects
12:18:10.060 [main] DEBUG o.h.e.i.AbstractFlushingEventListener - Flushed: 1 (re)creations, 0 updates, 0 removals to 1 collections
12:18:10.062 [main] DEBUG o.h.internal.util.EntityPrinter - Listing entities:
12:18:10.063 [main] DEBUG o.h.internal.util.EntityPrinter - com.fabiocompany.supermercadosdeltaplus.model.Usuario{nombreusuario=fabio, tipodeusuario=administrador, cabeceratickets=[], contraseniausuario=fabio1234, personausuario=com.fabiocompany.supermercadosdeltaplus.model.Personausuario#1, idusuario=1}
12:18:10.064 [main] DEBUG o.h.internal.util.EntityPrinter - com.fabiocompany.supermercadosdeltaplus.model.Personausuario{numerodetelefono=4336578, correo=fabio@gmail.com, nombrepersonausuario=fabio, idpersonausuario=1, dnipersonausuario=31451666}
12:18:10.065 [main] DEBUG o.h.p.c.AbstractCollectionPersister - Inserting collection: [com.fabiocompany.supermercadosdeltaplus.model.Usuario.cabeceratickets#1]
12:18:10.065 [main] DEBUG o.h.p.c.AbstractCollectionPersister - Collection was empty
12:18:10.138 [main] DEBUG o.h.e.t.i.jdbc.JdbcTransaction - committed JDBC Connection
12:18:10.140 [main] DEBUG o.h.e.j.i.LogicalConnectionImpl - Releasing JDBC connection
12:18:10.140 [main] DEBUG c.m.v.c3p0.stmt.GooGooStatementCache - checkinAll(): com.mchange.v2.c3p0.stmt.GlobalMaxOnlyStatementCache stats -- total size: 2; checked out: 0; num connections: 1; num keys: 2
12:18:10.141 [main] DEBUG c.m.v.a.ThreadPoolAsynchronousRunner - com.mchange.v2.async.ThreadPoolAsynchronousRunner@4470f8a6: Adding task to queue -- com.mchange.v2.resourcepool.BasicResourcePool$1RefurbishCheckinResourceTask@5c48c0c0
12:18:10.141 [C3P0PooledConnectionPoolManager[identityToken->z8kfsx9q1mn9mp41y4yien|131ef10]-HelperThread-#0] DEBUG c.m.v.c3p0.stmt.GooGooStatementCache - checkinAll(): com.mchange.v2.c3p0.stmt.GlobalMaxOnlyStatementCache stats -- total size: 2; checked out: 0; num connections: 1; num keys: 2
12:18:10.141 [main] DEBUG c.m.v.resourcepool.BasicResourcePool - trace com.mchange.v2.resourcepool.BasicResourcePool@60015ef5 [managed: 5, unused: 4, excluded: 0] (e.g. com.mchange.v2.c3p0.impl.NewPooledConnection@6630510f)
12:18:10.142 [main] DEBUG o.h.e.j.i.LogicalConnectionImpl - Released JDBC connection
12:18:10.144 [main] DEBUG o.h.e.t.spi.AbstractTransactionImpl - begin
12:18:10.144 [main] DEBUG o.h.e.j.i.LogicalConnectionImpl - Obtaining JDBC connection
12:18:10.144 [main] DEBUG c.m.v.c.i.C3P0PooledConnectionPool - Testing PooledConnection [com.mchange.v2.c3p0.impl.NewPooledConnection@2404ba2c] on CHECKOUT.
12:18:10.145 [main] DEBUG c.m.v.c3p0.stmt.GooGooStatementCache - checkinAll(): com.mchange.v2.c3p0.stmt.GlobalMaxOnlyStatementCache stats -- total size: 2; checked out: 0; num connections: 1; num keys: 2
12:18:10.145 [main] DEBUG c.m.v.c.i.C3P0PooledConnectionPool - Test of PooledConnection [com.mchange.v2.c3p0.impl.NewPooledConnection@2404ba2c] on CHECKOUT has SUCCEEDED.
12:18:10.145 [main] DEBUG c.m.v.resourcepool.BasicResourcePool - trace com.mchange.v2.resourcepool.BasicResourcePool@60015ef5 [managed: 5, unused: 4, excluded: 0] (e.g. com.mchange.v2.c3p0.impl.NewPooledConnection@6630510f)
12:18:10.146 [main] DEBUG o.h.e.j.i.LogicalConnectionImpl - Obtained JDBC connection
12:18:10.146 [main] DEBUG o.h.e.t.i.jdbc.JdbcTransaction - initial autocommit status: false
12:18:10.147 [main] DEBUG org.hibernate.engine.spi.ActionQueue - Executing identity-insert immediately
12:18:10.147 [main] DEBUG org.hibernate.SQL - 
    insert 
    into
        cabeceraticket
        (fecha, idusuario) 
    values
        (?, ?)
Hibernate: 
    insert 
    into
        cabeceraticket
        (fecha, idusuario) 
    values
        (?, ?)
12:18:10.147 [main] DEBUG c.m.v.a.ThreadPoolAsynchronousRunner - com.mchange.v2.async.ThreadPoolAsynchronousRunner@4470f8a6: Adding task to queue -- com.mchange.v2.c3p0.stmt.GooGooStatementCache$1StmtAcquireTask@591e58fa
12:18:10.148 [main] DEBUG c.m.v.c3p0.stmt.GooGooStatementCache - cxnStmtMgr.statementSet( com.mysql.jdbc.JDBC4Connection@6f71b294 ).size(): 3
12:18:10.148 [main] DEBUG c.m.v.c3p0.stmt.GooGooStatementCache - checkoutStatement: com.mchange.v2.c3p0.stmt.GlobalMaxOnlyStatementCache stats -- total size: 3; checked out: 1; num connections: 1; num keys: 3
12:18:10.150 [main] DEBUG o.h.id.IdentifierGeneratorHelper - Natively generated identity: 1
12:18:10.151 [main] DEBUG c.m.v.c3p0.stmt.GooGooStatementCache - checkinStatement(): com.mchange.v2.c3p0.stmt.GlobalMaxOnlyStatementCache stats -- total size: 3; checked out: 0; num connections: 1; num keys: 3
12:18:10.152 [main] DEBUG org.hibernate.engine.spi.ActionQueue - Executing identity-insert immediately
12:18:10.153 [main] DEBUG org.hibernate.SQL - 
    insert 
    into
        detalleticket
        (idticket, cantidad, cantidadporproducto, montodepago, subtotal, idtipodepago, total) 
    values
        (?, ?, ?, ?, ?, ?, ?)
Hibernate: 
    insert 
    into
        detalleticket
        (idticket, cantidad, cantidadporproducto, montodepago, subtotal, idtipodepago, total) 
    values
        (?, ?, ?, ?, ?, ?, ?)
12:18:10.153 [main] DEBUG c.m.v.a.ThreadPoolAsynchronousRunner - com.mchange.v2.async.ThreadPoolAsynchronousRunner@4470f8a6: Adding task to queue -- com.mchange.v2.c3p0.stmt.GooGooStatementCache$1StmtAcquireTask@7f69d591
12:18:10.154 [main] DEBUG c.m.v.c3p0.stmt.GooGooStatementCache - cxnStmtMgr.statementSet( com.mysql.jdbc.JDBC4Connection@6f71b294 ).size(): 4
12:18:10.154 [main] DEBUG c.m.v.c3p0.stmt.GooGooStatementCache - checkoutStatement: com.mchange.v2.c3p0.stmt.GlobalMaxOnlyStatementCache stats -- total size: 4; checked out: 1; num connections: 1; num keys: 4
12:18:10.157 [main] DEBUG o.h.id.IdentifierGeneratorHelper - Natively generated identity: 1
12:18:10.158 [main] DEBUG c.m.v.c3p0.stmt.GooGooStatementCache - checkinStatement(): com.mchange.v2.c3p0.stmt.GlobalMaxOnlyStatementCache stats -- total size: 4; checked out: 0; num connections: 1; num keys: 4
12:18:10.159 [main] DEBUG org.hibernate.engine.spi.ActionQueue - Executing identity-insert immediately
12:18:10.159 [main] DEBUG org.hibernate.SQL - 
    insert 
    into
        detalleoferta
        (descripciondepromocion, montodedescuento) 
    values
        (?, ?)
Hibernate: 
    insert 
    into
        detalleoferta
        (descripciondepromocion, montodedescuento) 
    values
        (?, ?)
12:18:10.159 [main] DEBUG c.m.v.a.ThreadPoolAsynchronousRunner - com.mchange.v2.async.ThreadPoolAsynchronousRunner@4470f8a6: Adding task to queue -- com.mchange.v2.c3p0.stmt.GooGooStatementCache$1StmtAcquireTask@285d851a
12:18:10.160 [main] DEBUG c.m.v.c3p0.stmt.GooGooStatementCache - cxnStmtMgr.statementSet( com.mysql.jdbc.JDBC4Connection@6f71b294 ).size(): 5
12:18:10.160 [main] DEBUG c.m.v.c3p0.stmt.GooGooStatementCache - checkoutStatement: com.mchange.v2.c3p0.stmt.GlobalMaxOnlyStatementCache stats -- total size: 5; checked out: 1; num connections: 1; num keys: 5
12:18:10.162 [main] DEBUG o.h.id.IdentifierGeneratorHelper - Natively generated identity: 1
12:18:10.163 [main] DEBUG c.m.v.c3p0.stmt.GooGooStatementCache - checkinStatement(): com.mchange.v2.c3p0.stmt.GlobalMaxOnlyStatementCache stats -- total size: 5; checked out: 0; num connections: 1; num keys: 5
12:18:10.168 [main] DEBUG o.h.e.t.spi.AbstractTransactionImpl - committing
12:18:10.168 [main] DEBUG o.h.e.i.AbstractFlushingEventListener - Processing flush-time cascades
12:18:10.169 [main] DEBUG o.h.e.i.AbstractFlushingEventListener - Dirty checking collections
12:18:10.169 [main] DEBUG o.h.engine.internal.Collections - Collection found: [com.fabiocompany.supermercadosdeltaplus.model.Cabeceraticket.detalletickets#1], was: [<unreferenced>] (initialized)
12:18:10.170 [main] DEBUG o.h.e.t.spi.AbstractTransactionImpl - rolling back
12:18:10.283 [main] DEBUG o.h.e.t.i.jdbc.JdbcTransaction - rolled JDBC Connection
12:18:10.289 [main] ERROR c.f.s.p.dao.hibernate.GenericDAO - object references an unsaved transient instance - save the transient instance before flushing: com.fabiocompany.supermercadosdeltaplus.model.Tipodepago
org.hibernate.TransientObjectException: object references an unsaved transient instance - save the transient instance before flushing: com.fabiocompany.supermercadosdeltaplus.model.Tipodepago
	at org.hibernate.engine.internal.ForeignKeys.getEntityIdentifierIfNotUnsaved(ForeignKeys.java:294) ~[hibernate-core-4.3.11.Final.jar:4.3.11.Final]
	at org.hibernate.type.EntityType.getIdentifier(EntityType.java:537) ~[hibernate-core-4.3.11.Final.jar:4.3.11.Final]
	at org.hibernate.type.ManyToOneType.isDirty(ManyToOneType.java:311) ~[hibernate-core-4.3.11.Final.jar:4.3.11.Final]
	at org.hibernate.type.ManyToOneType.isDirty(ManyToOneType.java:321) ~[hibernate-core-4.3.11.Final.jar:4.3.11.Final]
	at org.hibernate.type.TypeHelper.findDirty(TypeHelper.java:310) ~[hibernate-core-4.3.11.Final.jar:4.3.11.Final]
	at org.hibernate.persister.entity.AbstractEntityPersister.findDirty(AbstractEntityPersister.java:4243) ~[hibernate-core-4.3.11.Final.jar:4.3.11.Final]
	at org.hibernate.event.internal.DefaultFlushEntityEventListener.dirtyCheck(DefaultFlushEntityEventListener.java:546) ~[hibernate-core-4.3.11.Final.jar:4.3.11.Final]
	at org.hibernate.event.internal.DefaultFlushEntityEventListener.isUpdateNecessary(DefaultFlushEntityEventListener.java:232) ~[hibernate-core-4.3.11.Final.jar:4.3.11.Final]
	at org.hibernate.event.internal.DefaultFlushEntityEventListener.onFlushEntity(DefaultFlushEntityEventListener.java:159) ~[hibernate-core-4.3.11.Final.jar:4.3.11.Final]
	at org.hibernate.event.internal.AbstractFlushingEventListener.flushEntities(AbstractFlushingEventListener.java:231) ~[hibernate-core-4.3.11.Final.jar:4.3.11.Final]
	at org.hibernate.event.internal.AbstractFlushingEventListener.flushEverythingToExecutions(AbstractFlushingEventListener.java:102) ~[hibernate-core-4.3.11.Final.jar:4.3.11.Final]
	at org.hibernate.event.internal.DefaultFlushEventListener.onFlush(DefaultFlushEventListener.java:55) ~[hibernate-core-4.3.11.Final.jar:4.3.11.Final]
	at org.hibernate.internal.SessionImpl.flush(SessionImpl.java:1258) ~[hibernate-core-4.3.11.Final.jar:4.3.11.Final]
	at org.hibernate.internal.SessionImpl.managedFlush(SessionImpl.java:425) ~[hibernate-core-4.3.11.Final.jar:4.3.11.Final]
	at org.hibernate.engine.transaction.internal.jdbc.JdbcTransaction.beforeTransactionCommit(JdbcTransaction.java:101) ~[hibernate-core-4.3.11.Final.jar:4.3.11.Final]
	at org.hibernate.engine.transaction.spi.AbstractTransactionImpl.commit(AbstractTransactionImpl.java:177) ~[hibernate-core-4.3.11.Final.jar:4.3.11.Final]
	at com.fabiocompany.supermercadosdeltaplus.persistence.dao.hibernate.GenericDAO.saveOrUpdate(GenericDAO.java:159) ~[classes/:na]
	at com.fabiocompany.supermercadosdeltaplus.service.impl.GenericService.saveOrUpdate(GenericService.java:74) [classes/:na]
	at com.fabiocompany.supermercadosdeltaplus.test.SupermercadosDeltaPlusTest.guardarUsuario(SupermercadosDeltaPlusTest.java:136) [test-classes/:na]
	at sun.reflect.NativeMethodAccessorImpl.invoke0(Native Method) ~[na:1.8.0_144]
	at sun.reflect.NativeMethodAccessorImpl.invoke(NativeMethodAccessorImpl.java:62) ~[na:1.8.0_144]
	at sun.reflect.DelegatingMethodAccessorImpl.invoke(DelegatingMethodAccessorImpl.java:43) ~[na:1.8.0_144]
	at java.lang.reflect.Method.invoke(Method.java:498) ~[na:1.8.0_144]
	at org.junit.runners.model.FrameworkMethod$1.runReflectiveCall(FrameworkMethod.java:50) [junit-4.12.jar:4.12]
	at org.junit.internal.runners.model.ReflectiveCallable.run(ReflectiveCallable.java:12) [junit-4.12.jar:4.12]
	at org.junit.runners.model.FrameworkMethod.invokeExplosively(FrameworkMethod.java:47) [junit-4.12.jar:4.12]
	at org.junit.internal.runners.statements.InvokeMethod.evaluate(InvokeMethod.java:17) [junit-4.12.jar:4.12]
	at org.junit.runners.ParentRunner.runLeaf(ParentRunner.java:325) [junit-4.12.jar:4.12]
	at org.junit.runners.BlockJUnit4ClassRunner.runChild(BlockJUnit4ClassRunner.java:78) [junit-4.12.jar:4.12]
	at org.junit.runners.BlockJUnit4ClassRunner.runChild(BlockJUnit4ClassRunner.java:57) [junit-4.12.jar:4.12]
	at org.junit.runners.ParentRunner$3.run(ParentRunner.java:290) [junit-4.12.jar:4.12]
	at org.junit.runners.ParentRunner$1.schedule(ParentRunner.java:71) [junit-4.12.jar:4.12]
	at org.junit.runners.ParentRunner.runChildren(ParentRunner.java:288) [junit-4.12.jar:4.12]
	at org.junit.runners.ParentRunner.access$000(ParentRunner.java:58) [junit-4.12.jar:4.12]
	at org.junit.runners.ParentRunner$2.evaluate(ParentRunner.java:268) [junit-4.12.jar:4.12]
	at org.junit.runners.ParentRunner.run(ParentRunner.java:363) [junit-4.12.jar:4.12]
	at org.apache.maven.surefire.junit4.JUnit4Provider.execute(JUnit4Provider.java:283) [surefire-junit4-2.18.1.jar:2.18.1]
	at org.apache.maven.surefire.junit4.JUnit4Provider.executeWithRerun(JUnit4Provider.java:173) [surefire-junit4-2.18.1.jar:2.18.1]
	at org.apache.maven.surefire.junit4.JUnit4Provider.executeTestSet(JUnit4Provider.java:153) [surefire-junit4-2.18.1.jar:2.18.1]
	at org.apache.maven.surefire.junit4.JUnit4Provider.invoke(JUnit4Provider.java:128) [surefire-junit4-2.18.1.jar:2.18.1]
	at org.apache.maven.surefire.booter.ForkedBooter.invokeProviderInSameClassLoader(ForkedBooter.java:203) [surefire-booter-2.18.1.jar:2.18.1]
	at org.apache.maven.surefire.booter.ForkedBooter.runSuitesInProcess(ForkedBooter.java:155) [surefire-booter-2.18.1.jar:2.18.1]
	at org.apache.maven.surefire.booter.ForkedBooter.main(ForkedBooter.java:103) [surefire-booter-2.18.1.jar:2.18.1]
12:18:10.290 [main] DEBUG o.h.e.j.i.LogicalConnectionImpl - Releasing JDBC connection
12:18:10.290 [main] DEBUG c.m.v.c3p0.stmt.GooGooStatementCache - checkinAll(): com.mchange.v2.c3p0.stmt.GlobalMaxOnlyStatementCache stats -- total size: 5; checked out: 0; num connections: 1; num keys: 5
12:18:10.291 [main] DEBUG c.m.v.a.ThreadPoolAsynchronousRunner - com.mchange.v2.async.ThreadPoolAsynchronousRunner@4470f8a6: Adding task to queue -- com.mchange.v2.resourcepool.BasicResourcePool$1RefurbishCheckinResourceTask@1fc0053e
12:18:10.291 [main] DEBUG c.m.v.resourcepool.BasicResourcePool - trace com.mchange.v2.resourcepool.BasicResourcePool@60015ef5 [managed: 5, unused: 4, excluded: 0] (e.g. com.mchange.v2.c3p0.impl.NewPooledConnection@6630510f)
12:18:10.291 [main] DEBUG o.h.e.j.i.LogicalConnectionImpl - Released JDBC connection
12:18:10.291 [C3P0PooledConnectionPoolManager[identityToken->z8kfsx9q1mn9mp41y4yien|131ef10]-HelperThread-#1] DEBUG c.m.v.c3p0.stmt.GooGooStatementCache - checkinAll(): com.mchange.v2.c3p0.stmt.GlobalMaxOnlyStatementCache stats -- total size: 5; checked out: 0; num connections: 1; num keys: 5
12:18:10.292 [main] ERROR c.f.s.service.impl.GenericService - object references an unsaved transient instance - save the transient instance before flushing: com.fabiocompany.supermercadosdeltaplus.model.Tipodepago
com.fabiocompany.supermercadosdeltaplus.persistence.exception.PersistenceException: object references an unsaved transient instance - save the transient instance before flushing: com.fabiocompany.supermercadosdeltaplus.model.Tipodepago
	at com.fabiocompany.supermercadosdeltaplus.persistence.dao.hibernate.GenericDAO.saveOrUpdate(GenericDAO.java:163) ~[classes/:na]
	at com.fabiocompany.supermercadosdeltaplus.service.impl.GenericService.saveOrUpdate(GenericService.java:74) ~[classes/:na]
	at com.fabiocompany.supermercadosdeltaplus.test.SupermercadosDeltaPlusTest.guardarUsuario(SupermercadosDeltaPlusTest.java:136) [test-classes/:na]
	at sun.reflect.NativeMethodAccessorImpl.invoke0(Native Method) ~[na:1.8.0_144]
	at sun.reflect.NativeMethodAccessorImpl.invoke(NativeMethodAccessorImpl.java:62) ~[na:1.8.0_144]
	at sun.reflect.DelegatingMethodAccessorImpl.invoke(DelegatingMethodAccessorImpl.java:43) ~[na:1.8.0_144]
	at java.lang.reflect.Method.invoke(Method.java:498) ~[na:1.8.0_144]
	at org.junit.runners.model.FrameworkMethod$1.runReflectiveCall(FrameworkMethod.java:50) [junit-4.12.jar:4.12]
	at org.junit.internal.runners.model.ReflectiveCallable.run(ReflectiveCallable.java:12) [junit-4.12.jar:4.12]
	at org.junit.runners.model.FrameworkMethod.invokeExplosively(FrameworkMethod.java:47) [junit-4.12.jar:4.12]
	at org.junit.internal.runners.statements.InvokeMethod.evaluate(InvokeMethod.java:17) [junit-4.12.jar:4.12]
	at org.junit.runners.ParentRunner.runLeaf(ParentRunner.java:325) [junit-4.12.jar:4.12]
	at org.junit.runners.BlockJUnit4ClassRunner.runChild(BlockJUnit4ClassRunner.java:78) [junit-4.12.jar:4.12]
	at org.junit.runners.BlockJUnit4ClassRunner.runChild(BlockJUnit4ClassRunner.java:57) [junit-4.12.jar:4.12]
	at org.junit.runners.ParentRunner$3.run(ParentRunner.java:290) [junit-4.12.jar:4.12]
	at org.junit.runners.ParentRunner$1.schedule(ParentRunner.java:71) [junit-4.12.jar:4.12]
	at org.junit.runners.ParentRunner.runChildren(ParentRunner.java:288) [junit-4.12.jar:4.12]
	at org.junit.runners.ParentRunner.access$000(ParentRunner.java:58) [junit-4.12.jar:4.12]
	at org.junit.runners.ParentRunner$2.evaluate(ParentRunner.java:268) [junit-4.12.jar:4.12]
	at org.junit.runners.ParentRunner.run(ParentRunner.java:363) [junit-4.12.jar:4.12]
	at org.apache.maven.surefire.junit4.JUnit4Provider.execute(JUnit4Provider.java:283) [surefire-junit4-2.18.1.jar:2.18.1]
	at org.apache.maven.surefire.junit4.JUnit4Provider.executeWithRerun(JUnit4Provider.java:173) [surefire-junit4-2.18.1.jar:2.18.1]
	at org.apache.maven.surefire.junit4.JUnit4Provider.executeTestSet(JUnit4Provider.java:153) [surefire-junit4-2.18.1.jar:2.18.1]
	at org.apache.maven.surefire.junit4.JUnit4Provider.invoke(JUnit4Provider.java:128) [surefire-junit4-2.18.1.jar:2.18.1]
	at org.apache.maven.surefire.booter.ForkedBooter.invokeProviderInSameClassLoader(ForkedBooter.java:203) [surefire-booter-2.18.1.jar:2.18.1]
	at org.apache.maven.surefire.booter.ForkedBooter.runSuitesInProcess(ForkedBooter.java:155) [surefire-booter-2.18.1.jar:2.18.1]
	at org.apache.maven.surefire.booter.ForkedBooter.main(ForkedBooter.java:103) [surefire-booter-2.18.1.jar:2.18.1]
Caused by: org.hibernate.TransientObjectException: object references an unsaved transient instance - save the transient instance before flushing: com.fabiocompany.supermercadosdeltaplus.model.Tipodepago
	at org.hibernate.engine.internal.ForeignKeys.getEntityIdentifierIfNotUnsaved(ForeignKeys.java:294) ~[hibernate-core-4.3.11.Final.jar:4.3.11.Final]
	at org.hibernate.type.EntityType.getIdentifier(EntityType.java:537) ~[hibernate-core-4.3.11.Final.jar:4.3.11.Final]
	at org.hibernate.type.ManyToOneType.isDirty(ManyToOneType.java:311) ~[hibernate-core-4.3.11.Final.jar:4.3.11.Final]
	at org.hibernate.type.ManyToOneType.isDirty(ManyToOneType.java:321) ~[hibernate-core-4.3.11.Final.jar:4.3.11.Final]
	at org.hibernate.type.TypeHelper.findDirty(TypeHelper.java:310) ~[hibernate-core-4.3.11.Final.jar:4.3.11.Final]
	at org.hibernate.persister.entity.AbstractEntityPersister.findDirty(AbstractEntityPersister.java:4243) ~[hibernate-core-4.3.11.Final.jar:4.3.11.Final]
	at org.hibernate.event.internal.DefaultFlushEntityEventListener.dirtyCheck(DefaultFlushEntityEventListener.java:546) ~[hibernate-core-4.3.11.Final.jar:4.3.11.Final]
	at org.hibernate.event.internal.DefaultFlushEntityEventListener.isUpdateNecessary(DefaultFlushEntityEventListener.java:232) ~[hibernate-core-4.3.11.Final.jar:4.3.11.Final]
	at org.hibernate.event.internal.DefaultFlushEntityEventListener.onFlushEntity(DefaultFlushEntityEventListener.java:159) ~[hibernate-core-4.3.11.Final.jar:4.3.11.Final]
	at org.hibernate.event.internal.AbstractFlushingEventListener.flushEntities(AbstractFlushingEventListener.java:231) ~[hibernate-core-4.3.11.Final.jar:4.3.11.Final]
	at org.hibernate.event.internal.AbstractFlushingEventListener.flushEverythingToExecutions(AbstractFlushingEventListener.java:102) ~[hibernate-core-4.3.11.Final.jar:4.3.11.Final]
	at org.hibernate.event.internal.DefaultFlushEventListener.onFlush(DefaultFlushEventListener.java:55) ~[hibernate-core-4.3.11.Final.jar:4.3.11.Final]
	at org.hibernate.internal.SessionImpl.flush(SessionImpl.java:1258) ~[hibernate-core-4.3.11.Final.jar:4.3.11.Final]
	at org.hibernate.internal.SessionImpl.managedFlush(SessionImpl.java:425) ~[hibernate-core-4.3.11.Final.jar:4.3.11.Final]
	at org.hibernate.engine.transaction.internal.jdbc.JdbcTransaction.beforeTransactionCommit(JdbcTransaction.java:101) ~[hibernate-core-4.3.11.Final.jar:4.3.11.Final]
	at org.hibernate.engine.transaction.spi.AbstractTransactionImpl.commit(AbstractTransactionImpl.java:177) ~[hibernate-core-4.3.11.Final.jar:4.3.11.Final]
	at com.fabiocompany.supermercadosdeltaplus.persistence.dao.hibernate.GenericDAO.saveOrUpdate(GenericDAO.java:159) ~[classes/:na]
	... 26 common frames omitted
]]></system-out>
    <system-err><![CDATA[Sat Sep 30 12:17:52 ART 2017 WARN: Establishing SSL connection without server's identity verification is not recommended. According to MySQL 5.5.45+, 5.6.26+ and 5.7.6+ requirements SSL connection must be established by default if explicit option isn't set. For compliance with existing applications not using SSL the verifyServerCertificate property is set to 'false'. You need either to explicitly disable SSL by setting useSSL=false, or set useSSL=true and provide truststore for server certificate verification.
Sat Sep 30 12:17:52 ART 2017 WARN: Establishing SSL connection without server's identity verification is not recommended. According to MySQL 5.5.45+, 5.6.26+ and 5.7.6+ requirements SSL connection must be established by default if explicit option isn't set. For compliance with existing applications not using SSL the verifyServerCertificate property is set to 'false'. You need either to explicitly disable SSL by setting useSSL=false, or set useSSL=true and provide truststore for server certificate verification.
Sat Sep 30 12:17:52 ART 2017 WARN: Establishing SSL connection without server's identity verification is not recommended. According to MySQL 5.5.45+, 5.6.26+ and 5.7.6+ requirements SSL connection must be established by default if explicit option isn't set. For compliance with existing applications not using SSL the verifyServerCertificate property is set to 'false'. You need either to explicitly disable SSL by setting useSSL=false, or set useSSL=true and provide truststore for server certificate verification.
Sat Sep 30 12:17:53 ART 2017 WARN: Establishing SSL connection without server's identity verification is not recommended. According to MySQL 5.5.45+, 5.6.26+ and 5.7.6+ requirements SSL connection must be established by default if explicit option isn't set. For compliance with existing applications not using SSL the verifyServerCertificate property is set to 'false'. You need either to explicitly disable SSL by setting useSSL=false, or set useSSL=true and provide truststore for server certificate verification.
Sat Sep 30 12:17:53 ART 2017 WARN: Establishing SSL connection without server's identity verification is not recommended. According to MySQL 5.5.45+, 5.6.26+ and 5.7.6+ requirements SSL connection must be established by default if explicit option isn't set. For compliance with existing applications not using SSL the verifyServerCertificate property is set to 'false'. You need either to explicitly disable SSL by setting useSSL=false, or set useSSL=true and provide truststore for server certificate verification.
]]></system-err>
  </testcase>
</testsuite>